#
# A fatal error has been detected by the Java Runtime Environment:
#
#  EXCEPTION_ACCESS_VIOLATION (0xc0000005) at pc=0x00007ff9b42b5420, pid=15400, tid=23380
#
# JRE version: Java(TM) SE Runtime Environment (17.0.1+12) (build 17.0.1+12-LTS-39)
# Java VM: Java HotSpot(TM) 64-Bit Server VM (17.0.1+12-LTS-39, mixed mode, sharing, tiered, compressed oops, compressed class ptrs, g1 gc, windows-amd64)
# Problematic frame:
# C  [jemalloc.dll+0x25420]
#
# No core dump will be written. Minidumps are not enabled by default on client versions of Windows
#
# If you would like to submit a bug report, please visit:
#   https://bugreport.java.com/bugreport/crash.jsp
# The crash happened outside the Java Virtual Machine in native code.
# See problematic frame for where to report the bug.
#

---------------  S U M M A R Y ------------

Command Line: -javaagent:C:\Program Files\JetBrains\IntelliJ IDEA Community Edition 2023.3.6\lib\idea_rt.jar=55849:C:\Program Files\JetBrains\IntelliJ IDEA Community Edition 2023.3.6\bin -Dfile.encoding=UTF-8 com.xbuilders.game.Main devmode

Host: AMD Ryzen 7 5700U with Radeon Graphics         , 16 cores, 15G,  Windows 10 , 64 bit Build 22621 (10.0.22621.3374)
Time: Mon Apr  1 16:00:41 2024 Mountain Daylight Time elapsed time: 14.199617 seconds (0d 0h 0m 14s)

---------------  T H R E A D  ---------------

Current thread (0x0000022a0d857cd0):  JavaThread "Mesh Thread" daemon [_thread_in_native, id=23380, stack(0x0000007a8d600000,0x0000007a8d700000)]

Stack: [0x0000007a8d600000,0x0000007a8d700000],  sp=0x0000007a8d6fcff0,  free space=1011k
Native frames: (J=compiled Java code, j=interpreted, Vv=VM code, C=native code)
C  [jemalloc.dll+0x25420]

Java frames: (J=compiled Java code, j=interpreted, Vv=VM code)
j  org.lwjgl.system.JNI.invokePPP(JJJ)J+0
j  org.lwjgl.system.jemalloc.JEmalloc.nje_realloc(JJ)J+9
j  org.lwjgl.system.jemalloc.JEmallocAllocator.realloc(JJ)J+2
j  org.lwjgl.system.MemoryUtil.nmemRealloc(JJ)J+5
j  org.lwjgl.system.MemoryUtil.nmemReallocChecked(JJ)J+12
j  org.lwjgl.system.MemoryUtil.memRealloc(Ljava/nio/IntBuffer;I)Ljava/nio/IntBuffer;+24
J 4144 c1 com.xbuilders.engine.rendering.chunk.mesh.bufferSet.ResizableIntBuffer.resize(I)V (69 bytes) @ 0x0000022a58f3ace4 [0x0000022a58f3aba0+0x0000000000000144]
J 3538 c2 com.xbuilders.engine.rendering.VertexSet.makeVertexSet()Ljava/nio/IntBuffer; (131 bytes) @ 0x0000022a5fded2fc [0x0000022a5fded2a0+0x000000000000005c]
J 3757 c1 com.xbuilders.engine.rendering.chunk.ChunkMeshBundle.compute()V (198 bytes) @ 0x0000022a58e8743c [0x0000022a58e86d80+0x00000000000006bc]
J 3754 c1 com.xbuilders.engine.world.chunk.Chunk$$Lambda$236+0x0000000800e04ec8.call()Ljava/lang/Object; (8 bytes) @ 0x0000022a58e7dd9c [0x0000022a58e7dcc0+0x00000000000000dc]
J 2783 c1 java.util.concurrent.FutureTask.run()V java.base@17.0.1 (123 bytes) @ 0x0000022a58c7eaa4 [0x0000022a58c7e280+0x0000000000000824]
j  java.util.concurrent.ThreadPoolExecutor.runWorker(Ljava/util/concurrent/ThreadPoolExecutor$Worker;)V+92 java.base@17.0.1
j  java.util.concurrent.ThreadPoolExecutor$Worker.run()V+5 java.base@17.0.1
j  java.lang.Thread.run()V+11 java.base@17.0.1
v  ~StubRoutines::call_stub

siginfo: EXCEPTION_ACCESS_VIOLATION (0xc0000005), reading address 0x0000000000000000


Register to memory mapping:

RIP=0x00007ff9b42b5420 jemalloc.dll
RAX=0x0000007a8d6fd020 is pointing into the stack for thread: 0x0000022a0d857cd0
RBX=0x0 is NULL
RCX=0x0 is NULL
RDX=0x0 is NULL
RSP=0x0000007a8d6fcff0 is pointing into the stack for thread: 0x0000022a0d857cd0
RBP=0x0000022a2ede0940 is an unknown value
RSI=0x0000022a03591808 points into unknown readable memory: 0x000082dc6b000001 | 01 00 00 6b dc 82 00 00
RDI=0x0 is NULL
R8 =0x0000000000018000 is an unknown value
R9 =0x0000000000018000 is an unknown value
R10=0x0000022a5802d5f2 is at code_begin+946 in an Interpreter codelet
method entry point (kind = native)  [0x0000022a5802d240, 0x0000022a5802dbc0]  2432 bytes
R11=0x000000070ae96148 is an oop: java.lang.Class 
{0x000000070ae96148} - klass: 'java/lang/Class'
 - ---- fields (total size 14 words):
 - private volatile transient 'classRedefinedCount' 'I' @12  0
 - private volatile transient 'cachedConstructor' 'Ljava/lang/reflect/Constructor;' @40  NULL (0)
 - private transient 'name' 'Ljava/lang/String;' @44  "org.lwjgl.system.JNI"{0x000000070ae961b8} (e15d2c37)
 - private transient 'module' 'Ljava/lang/Module;' @48  a 'java/lang/Module'{0x000000070acd4680} (e159a8d0)
 - private final 'classLoader' 'Ljava/lang/ClassLoader;' @52  a 'jdk/internal/loader/ClassLoaders$AppClassLoader'{0x000000070ace0b38} (e159c167)
 - private transient 'classData' 'Ljava/lang/Object;' @56  NULL (0)
 - private transient 'packageName' 'Ljava/lang/String;' @60  "org.lwjgl.system"{0x000000070adeaa58} (e15bd54b)
 - private final 'componentType' 'Ljava/lang/Class;' @64  NULL (0)
 - private volatile transient 'reflectionData' 'Ljava/lang/ref/SoftReference;' @68  NULL (0)
 - private volatile transient 'genericInfo' 'Lsun/reflect/generics/repository/ClassRepository;' @72  NULL (0)
 - private volatile transient 'enumConstants' '[Ljava/lang/Object;' @76  NULL (0)
 - private volatile transient 'enumConstantDirectory' 'Ljava/util/Map;' @80  NULL (0)
 - private volatile transient 'annotationData' 'Ljava/lang/Class$AnnotationData;' @84  NULL (0)
 - private volatile transient 'annotationType' 'Lsun/reflect/annotation/AnnotationType;' @88  NULL (0)
 - transient 'classValueMap' 'Ljava/lang/ClassValue$ClassValueMap;' @92  NULL (0)
 - signature: Lorg/lwjgl/system/JNI;
 - fake entry for mirror: 'org/lwjgl/system/JNI'
 - fake entry for array: NULL
 - fake entry for oop_size: 14
 - fake entry for static_oop_field_count: 0
R12=0x0 is NULL
R13=0x0 is NULL
R14=0x0000000000018000 is an unknown value
R15=0x0000022a2ede0940 is an unknown value


Registers:
RAX=0x0000007a8d6fd020, RBX=0x0000000000000000, RCX=0x0000000000000000, RDX=0x0000000000000000
RSP=0x0000007a8d6fcff0, RBP=0x0000022a2ede0940, RSI=0x0000022a03591808, RDI=0x0000000000000000
R8 =0x0000000000018000, R9 =0x0000000000018000, R10=0x0000022a5802d5f2, R11=0x000000070ae96148
R12=0x0000000000000000, R13=0x0000000000000000, R14=0x0000000000018000, R15=0x0000022a2ede0940
RIP=0x00007ff9b42b5420, EFLAGS=0x0000000000010202

Top of Stack: (sp=0x0000007a8d6fcff0)
0x0000007a8d6fcff0:   0000000000000000 0000000000000000
0x0000007a8d6fd000:   0000022a2ede0940 0000022a03591808
0x0000007a8d6fd010:   0000022a2ede0900 00007ff900000000
0x0000007a8d6fd020:   0000000000000000 00000000000000e8
0x0000007a8d6fd030:   0000022a055b0000 0000007a8d6fd0c0
0x0000007a8d6fd040:   00007ff9b4290000 7000000073cf06b8
0x0000007a8d6fd050:   0000000073de06a0 0000022a750b5700
0x0000007a8d6fd060:   0000022a03591808 00007ff9b42b4f79
0x0000007a8d6fd070:   000000000000c000 0000000000000040
0x0000007a8d6fd080:   0000022a29201000 00007ff9b42b51a5
0x0000007a8d6fd090:   0000022a00000000 0000000073de0240
0x0000007a8d6fd0a0:   0000000000006000 000000007c97f3c0
0x0000007a8d6fd0b0:   0000007a7c9547e0 0000000000000026
0x0000007a8d6fd0c0:   0000022a73de0898 000000000000c000
0x0000007a8d6fd0d0:   0000000073da0bd8 0000022a03591808
0x0000007a8d6fd0e0:   0000000073cf06f0 00007ff9b42b567b 

Instructions: (pc=0x00007ff9b42b5420)
0x00007ff9b42b5320:   48 0f af c1 48 b9 4f 81 67 f7 7e 7b 05 14 45 33
0x00007ff9b42b5330:   c9 48 03 c1 48 89 43 70 48 c1 e8 3a 42 0f b6 8c
0x00007ff9b42b5340:   20 70 3d 05 00 48 63 83 9c 00 00 00 48 0f af c8
0x00007ff9b42b5350:   48 b8 11 ac a3 cd fb 14 97 0c 48 f7 e1 48 2b ca
0x00007ff9b42b5360:   48 d1 e9 48 03 ca 49 8b d0 48 c1 e9 05 89 8b 98
0x00007ff9b42b5370:   00 00 00 48 8b cb e8 15 a2 fe ff 32 c0 eb 02 b0
0x00007ff9b42b5380:   01 48 8b 5c 24 60 48 8b 6c 24 70 48 83 c4 30 41
0x00007ff9b42b5390:   5f 41 5e 41 5c 5f 5e c3 cc cc cc cc cc cc cc cc
0x00007ff9b42b53a0:   48 89 5c 24 08 48 89 6c 24 10 48 89 74 24 18 57
0x00007ff9b42b53b0:   41 54 41 55 41 56 41 57 48 81 ec d0 01 00 00 48
0x00007ff9b42b53c0:   8b 9c 24 20 02 00 00 4d 8b f1 4d 8b f8 48 8b fa
0x00007ff9b42b53d0:   48 8b f1 48 85 c9 75 11 48 8d 4c 24 50 e8 1e 45
0x00007ff9b42b53e0:   00 00 4c 8d 4c 24 50 eb 07 4c 8d 89 b0 01 00 00
0x00007ff9b42b53f0:   4c 8d 05 a9 38 04 00 4c 89 7c 24 20 48 8d 4c 24
0x00007ff9b42b5400:   30 e8 5a bd fd ff 44 0f b6 ac 24 28 02 00 00 4d
0x00007ff9b42b5410:   8b ce 4d 8b c6 44 88 6c 24 20 4c 8b 20 49 8b d4
0x00007ff9b42b5420:   41 8b 04 24 48 c1 e8 14 0f b6 c8 48 8d 05 ce ab
0x00007ff9b42b5430:   fd ff 48 8b ac c8 80 68 06 00 48 8b ce e8 0e fd
0x00007ff9b42b5440:   ff ff 84 c0 75 3b 48 8b 8c 24 38 02 00 00 45 33
0x00007ff9b42b5450:   d2 4d 8b ce 4c 8b c5 44 38 11 48 8d 51 08 48 89
0x00007ff9b42b5460:   54 24 28 49 8b d7 41 0f 94 c2 4c 89 7c 24 20 41
0x00007ff9b42b5470:   8b ca e8 99 c3 ff ff 49 8b 44 24 08 e9 37 02 00
0x00007ff9b42b5480:   00 41 b9 40 00 00 00 44 88 6c 24 20 49 3b d9 4d
0x00007ff9b42b5490:   8b c6 48 8b d7 48 8b ce 4c 0f 47 cb e8 ff f6 ff
0x00007ff9b42b54a0:   ff 4c 8b e8 48 85 c0 0f 84 0b 02 00 00 48 8b 9c
0x00007ff9b42b54b0:   24 38 02 00 00 4d 8b c5 49 8b d5 0f b6 03 4c 8d
0x00007ff9b42b54c0:   4b 08 f6 d8 1b c9 83 c1 09 e8 d2 c1 ff ff 0f b6
0x00007ff9b42b54d0:   03 4c 8d 43 08 f6 d8 49 8b d7 1b c9 83 c1 04 e8
0x00007ff9b42b54e0:   7c c2 ff ff 49 8b 54 24 08 4c 3b f5 4c 8b c5 49
0x00007ff9b42b54f0:   8b cd 4d 0f 42 c6 e8 25 1b 01 00 49 8b 7c 24 08
0x00007ff9b42b5500:   48 8d 86 38 0a 00 00 45 33 d2 48 85 f6 4c 0f 45
0x00007ff9b42b5510:   d0 45 33 c0 49 8b ca 41 8d 50 0e e8 c0 bb fd ff 


Stack slot to memory mapping:
stack at sp + 0 slots: 0x0 is NULL
stack at sp + 1 slots: 0x0 is NULL
stack at sp + 2 slots: 0x0000022a2ede0940 is an unknown value
stack at sp + 3 slots: 0x0000022a03591808 points into unknown readable memory: 0x000082dc6b000001 | 01 00 00 6b dc 82 00 00
stack at sp + 4 slots: 0x0000022a2ede0900 is an unknown value
stack at sp + 5 slots: 0x00007ff900000000 is an unknown value
stack at sp + 6 slots: 0x0 is NULL
stack at sp + 7 slots: 0x00000000000000e8 is an unknown value


---------------  P R O C E S S  ---------------

Threads class SMR info:
_java_thread_list=0x0000022a02c537e0, length=57, elements={
0x0000022a5082e080, 0x0000022a73adf000, 0x0000022a73adfc70, 0x0000022a74404440,
0x0000022a74406200, 0x0000022a74407bc0, 0x0000022a74408570, 0x0000022a74409300,
0x0000022a74409da0, 0x0000022a7440d6c0, 0x0000022a744c8cb0, 0x0000022a74c308d0,
0x0000022a74c30da0, 0x0000022a75668410, 0x0000022a75669500, 0x0000022a7565aa60,
0x0000022a7565bda0, 0x0000022a7565a0c0, 0x0000022a02aeb360, 0x0000022a02aee380,
0x0000022a02aeb830, 0x0000022a02aee850, 0x0000022a02aeed20, 0x0000022a02aecb70,
0x0000022a02aec1d0, 0x0000022a02aebd00, 0x0000022a02aed510, 0x0000022a0d85d840,
0x0000022a0d85c030, 0x0000022a0d856990, 0x0000022a0d85c500, 0x0000022a0d859010,
0x0000022a0d85a820, 0x0000022a0d856e60, 0x0000022a0d8564c0, 0x0000022a0d8594e0,
0x0000022a0d85c9d0, 0x0000022a0d85d370, 0x0000022a0d857800, 0x0000022a0d858b40,
0x0000022a0d858670, 0x0000022a0d85cea0, 0x0000022a0d855ff0, 0x0000022a0d8599b0,
0x0000022a0d859e80, 0x0000022a0d85a350, 0x0000022a0d85acf0, 0x0000022a0d85b1c0,
0x0000022a0d85b690, 0x0000022a0d857330, 0x0000022a0d857cd0, 0x0000022a0d8581a0,
0x0000022a02f5f290, 0x0000022a02f5e420, 0x0000022a02c3d550, 0x0000022a02c3df70,
0x0000022a02c3bc00
}

Java Threads: ( => current thread )
  0x0000022a5082e080 JavaThread "main" [_thread_in_native, id=22248, stack(0x0000007a87a00000,0x0000007a87b00000)]
  0x0000022a73adf000 JavaThread "Reference Handler" daemon [_thread_blocked, id=10324, stack(0x0000007a88100000,0x0000007a88200000)]
  0x0000022a73adfc70 JavaThread "Finalizer" daemon [_thread_blocked, id=13532, stack(0x0000007a88200000,0x0000007a88300000)]
  0x0000022a74404440 JavaThread "Signal Dispatcher" daemon [_thread_blocked, id=10244, stack(0x0000007a88300000,0x0000007a88400000)]
  0x0000022a74406200 JavaThread "Attach Listener" daemon [_thread_blocked, id=18116, stack(0x0000007a88400000,0x0000007a88500000)]
  0x0000022a74407bc0 JavaThread "Service Thread" daemon [_thread_blocked, id=10088, stack(0x0000007a88500000,0x0000007a88600000)]
  0x0000022a74408570 JavaThread "Monitor Deflation Thread" daemon [_thread_blocked, id=14908, stack(0x0000007a88600000,0x0000007a88700000)]
  0x0000022a74409300 JavaThread "C2 CompilerThread0" daemon [_thread_blocked, id=3068, stack(0x0000007a88700000,0x0000007a88800000)]
  0x0000022a74409da0 JavaThread "C1 CompilerThread0" daemon [_thread_blocked, id=22788, stack(0x0000007a88800000,0x0000007a88900000)]
  0x0000022a7440d6c0 JavaThread "Sweeper thread" daemon [_thread_blocked, id=21856, stack(0x0000007a88900000,0x0000007a88a00000)]
  0x0000022a744c8cb0 JavaThread "Common-Cleaner" daemon [_thread_blocked, id=14976, stack(0x0000007a88a00000,0x0000007a88b00000)]
  0x0000022a74c308d0 JavaThread "Monitor Ctrl-Break" daemon [_thread_in_native, id=5640, stack(0x0000007a89000000,0x0000007a89100000)]
  0x0000022a74c30da0 JavaThread "Notification Thread" daemon [_thread_blocked, id=20068, stack(0x0000007a89100000,0x0000007a89200000)]
  0x0000022a75668410 JavaThread "Java2D Disposer" daemon [_thread_blocked, id=23472, stack(0x0000007a89300000,0x0000007a89400000)]
  0x0000022a75669500 JavaThread "AWT-Shutdown" [_thread_blocked, id=16528, stack(0x0000007a89400000,0x0000007a89500000)]
  0x0000022a7565aa60 JavaThread "AWT-Windows" daemon [_thread_in_native, id=18832, stack(0x0000007a89500000,0x0000007a89600000)]
  0x0000022a7565bda0 JavaThread "AWT-EventQueue-0" [_thread_blocked, id=20616, stack(0x0000007a88e00000,0x0000007a88f00000)]
  0x0000022a7565a0c0 JavaThread "D3D Screen Updater" daemon [_thread_blocked, id=15500, stack(0x0000007a8ad00000,0x0000007a8ae00000)]
  0x0000022a02aeb360 JavaThread "Generation Thread" daemon [_thread_blocked, id=17728, stack(0x0000007a8ae00000,0x0000007a8af00000)]
  0x0000022a02aee380 JavaThread "Generation Thread" daemon [_thread_blocked, id=11600, stack(0x0000007a8b100000,0x0000007a8b200000)]
  0x0000022a02aeb830 JavaThread "Generation Thread" daemon [_thread_blocked, id=21280, stack(0x0000007a8b200000,0x0000007a8b300000)]
  0x0000022a02aee850 JavaThread "Generation Thread" daemon [_thread_blocked, id=5868, stack(0x0000007a8b300000,0x0000007a8b400000)]
  0x0000022a02aeed20 JavaThread "Generation Thread" daemon [_thread_blocked, id=23296, stack(0x0000007a8b400000,0x0000007a8b500000)]
  0x0000022a02aecb70 JavaThread "Generation Thread" daemon [_thread_blocked, id=11068, stack(0x0000007a8b500000,0x0000007a8b600000)]
  0x0000022a02aec1d0 JavaThread "Generation Thread" daemon [_thread_blocked, id=2712, stack(0x0000007a8b600000,0x0000007a8b700000)]
  0x0000022a02aebd00 JavaThread "Generation Thread" daemon [_thread_blocked, id=18676, stack(0x0000007a8b700000,0x0000007a8b800000)]
  0x0000022a02aed510 JavaThread "Generation Thread" daemon [_thread_blocked, id=5664, stack(0x0000007a8b800000,0x0000007a8b900000)]
  0x0000022a0d85d840 JavaThread "Generation Thread" daemon [_thread_blocked, id=23000, stack(0x0000007a8b900000,0x0000007a8ba00000)]
  0x0000022a0d85c030 JavaThread "Generation Thread" daemon [_thread_blocked, id=17312, stack(0x0000007a8ba00000,0x0000007a8bb00000)]
  0x0000022a0d856990 JavaThread "Generation Thread" daemon [_thread_blocked, id=17564, stack(0x0000007a8bb00000,0x0000007a8bc00000)]
  0x0000022a0d85c500 JavaThread "Light Thread" daemon [_thread_blocked, id=12232, stack(0x0000007a8be00000,0x0000007a8bf00000)]
  0x0000022a0d859010 JavaThread "Light Thread" daemon [_thread_in_Java, id=22000, stack(0x0000007a8bf00000,0x0000007a8c000000)]
  0x0000022a0d85a820 JavaThread "Light Thread" daemon [_thread_blocked, id=11228, stack(0x0000007a8c000000,0x0000007a8c100000)]
  0x0000022a0d856e60 JavaThread "Light Thread" daemon [_thread_blocked, id=10360, stack(0x0000007a8c100000,0x0000007a8c200000)]
  0x0000022a0d8564c0 JavaThread "Light Thread" daemon [_thread_blocked, id=6552, stack(0x0000007a8c200000,0x0000007a8c300000)]
  0x0000022a0d8594e0 JavaThread "Light Thread" daemon [_thread_blocked, id=12536, stack(0x0000007a8c300000,0x0000007a8c400000)]
  0x0000022a0d85c9d0 JavaThread "Light Thread" daemon [_thread_blocked, id=9600, stack(0x0000007a8c400000,0x0000007a8c500000)]
  0x0000022a0d85d370 JavaThread "Light Thread" daemon [_thread_blocked, id=15136, stack(0x0000007a8c500000,0x0000007a8c600000)]
  0x0000022a0d857800 JavaThread "Light Thread" daemon [_thread_blocked, id=12572, stack(0x0000007a8c600000,0x0000007a8c700000)]
  0x0000022a0d858b40 JavaThread "Light Thread" daemon [_thread_in_Java, id=19464, stack(0x0000007a8c700000,0x0000007a8c800000)]
  0x0000022a0d858670 JavaThread "Light Thread" daemon [_thread_blocked, id=14332, stack(0x0000007a8c800000,0x0000007a8c900000)]
  0x0000022a0d85cea0 JavaThread "Light Thread" daemon [_thread_blocked, id=20592, stack(0x0000007a8c900000,0x0000007a8ca00000)]
  0x0000022a0d855ff0 JavaThread "Mesh Thread" daemon [_thread_blocked, id=2904, stack(0x0000007a8ce00000,0x0000007a8cf00000)]
  0x0000022a0d8599b0 JavaThread "Mesh Thread" daemon [_thread_blocked, id=17800, stack(0x0000007a8cf00000,0x0000007a8d000000)]
  0x0000022a0d859e80 JavaThread "Mesh Thread" daemon [_thread_blocked, id=11400, stack(0x0000007a8d000000,0x0000007a8d100000)]
  0x0000022a0d85a350 JavaThread "Mesh Thread" daemon [_thread_blocked, id=10788, stack(0x0000007a8d100000,0x0000007a8d200000)]
  0x0000022a0d85acf0 JavaThread "Mesh Thread" daemon [_thread_blocked, id=9420, stack(0x0000007a8d200000,0x0000007a8d300000)]
  0x0000022a0d85b1c0 JavaThread "Mesh Thread" daemon [_thread_blocked, id=3876, stack(0x0000007a8d300000,0x0000007a8d400000)]
  0x0000022a0d85b690 JavaThread "Mesh Thread" daemon [_thread_blocked, id=11496, stack(0x0000007a8d400000,0x0000007a8d500000)]
  0x0000022a0d857330 JavaThread "Mesh Thread" daemon [_thread_in_Java, id=13372, stack(0x0000007a8d500000,0x0000007a8d600000)]
=>0x0000022a0d857cd0 JavaThread "Mesh Thread" daemon [_thread_in_native, id=23380, stack(0x0000007a8d600000,0x0000007a8d700000)]
  0x0000022a0d8581a0 JavaThread "Mesh Thread" daemon [_thread_blocked, id=16920, stack(0x0000007a8d700000,0x0000007a8d800000)]
  0x0000022a02f5f290 JavaThread "Mesh Thread" daemon [_thread_in_Java, id=11564, stack(0x0000007a8d800000,0x0000007a8d900000)]
  0x0000022a02f5e420 JavaThread "Mesh Thread" daemon [_thread_blocked, id=19968, stack(0x0000007a8d900000,0x0000007a8da00000)]
  0x0000022a02c3d550 JavaThread "C1 CompilerThread1" daemon [_thread_blocked, id=5940, stack(0x0000007a88d00000,0x0000007a88e00000)]
  0x0000022a02c3df70 JavaThread "C1 CompilerThread2" daemon [_thread_blocked, id=4460, stack(0x0000007a8ca00000,0x0000007a8cb00000)]
  0x0000022a02c3bc00 JavaThread "C1 CompilerThread3" daemon [_thread_blocked, id=23256, stack(0x0000007a8cd00000,0x0000007a8ce00000)]

Other Threads:
  0x0000022a73adb510 VMThread "VM Thread" [stack: 0x0000007a88000000,0x0000007a88100000] [id=10572]
  0x0000022a73ae6480 WatcherThread [stack: 0x0000007a89200000,0x0000007a89300000] [id=12580]
  0x0000022a5087d5a0 GCTaskThread "GC Thread#0" [stack: 0x0000007a87b00000,0x0000007a87c00000] [id=3704]
  0x0000022a756b2920 GCTaskThread "GC Thread#1" [stack: 0x0000007a88f00000,0x0000007a89000000] [id=13660]
  0x0000022a759c96c0 GCTaskThread "GC Thread#2" [stack: 0x0000007a8a200000,0x0000007a8a300000] [id=8436]
  0x0000022a759c9d80 GCTaskThread "GC Thread#3" [stack: 0x0000007a8a300000,0x0000007a8a400000] [id=4684]
  0x0000022a75983830 GCTaskThread "GC Thread#4" [stack: 0x0000007a8a400000,0x0000007a8a500000] [id=14920]
  0x0000022a75984700 GCTaskThread "GC Thread#5" [stack: 0x0000007a8a500000,0x0000007a8a600000] [id=20440]
  0x0000022a75a24f00 GCTaskThread "GC Thread#6" [stack: 0x0000007a8a600000,0x0000007a8a700000] [id=11428]
  0x0000022a75a255c0 GCTaskThread "GC Thread#7" [stack: 0x0000007a8a700000,0x0000007a8a800000] [id=13280]
  0x0000022a75a2b890 GCTaskThread "GC Thread#8" [stack: 0x0000007a8a800000,0x0000007a8a900000] [id=17204]
  0x0000022a75a2c3a0 GCTaskThread "GC Thread#9" [stack: 0x0000007a8a900000,0x0000007a8aa00000] [id=16348]
  0x0000022a75a2bb90 GCTaskThread "GC Thread#10" [stack: 0x0000007a8aa00000,0x0000007a8ab00000] [id=15852]
  0x0000022a067615e0 GCTaskThread "GC Thread#11" [stack: 0x0000007a8af00000,0x0000007a8b000000] [id=20880]
  0x0000022a06765100 GCTaskThread "GC Thread#12" [stack: 0x0000007a8b000000,0x0000007a8b100000] [id=16380]
  0x0000022a5088da20 ConcurrentGCThread "G1 Main Marker" [stack: 0x0000007a87c00000,0x0000007a87d00000] [id=21308]
  0x0000022a5088e430 ConcurrentGCThread "G1 Conc#0" [stack: 0x0000007a87d00000,0x0000007a87e00000] [id=1044]
  0x0000022a070a5770 ConcurrentGCThread "G1 Conc#1" [stack: 0x0000007a8dc00000,0x0000007a8dd00000] [id=15388]
  0x0000022a070a7250 ConcurrentGCThread "G1 Conc#2" [stack: 0x0000007a8dd00000,0x0000007a8de00000] [id=11736]
  0x0000022a739955a0 ConcurrentGCThread "G1 Refine#0" [stack: 0x0000007a87e00000,0x0000007a87f00000] [id=4816]
  0x0000022a73997ed0 ConcurrentGCThread "G1 Service" [stack: 0x0000007a87f00000,0x0000007a88000000] [id=7464]

Threads with active compile tasks:

VM state: not at safepoint (normal execution)

VM Mutex/Monitor currently owned by a thread: None

Heap address: 0x000000070ac00000, size: 3924 MB, Compressed Oops mode: Zero based, Oop shift amount: 3

CDS archive(s) mapped at: [0x0000000800000000-0x0000000800bc0000-0x0000000800bc0000), size 12320768, SharedBaseAddress: 0x0000000800000000, ArchiveRelocationMode: 0.
Compressed class space mapped at: 0x0000000800c00000-0x0000000840c00000, reserved size: 1073741824
Narrow klass base: 0x0000000800000000, Narrow klass shift: 0, Narrow klass range: 0x100000000

GC Precious Log:
 CPUs: 16 total, 16 available
 Memory: 15695M
 Large Page Support: Disabled
 NUMA Support: Disabled
 Compressed Oops: Enabled (Zero based)
 Heap Region Size: 2M
 Heap Min Capacity: 8M
 Heap Initial Capacity: 246M
 Heap Max Capacity: 3924M
 Pre-touch: Disabled
 Parallel Workers: 13
 Concurrent Workers: 3
 Concurrent Refinement Workers: 13
 Periodic GC: Disabled

Heap:
 garbage-first heap   total 206848K, used 61548K [0x000000070ac00000, 0x0000000800000000)
  region size 2048K, 25 young (51200K), 4 survivors (8192K)
 Metaspace       used 22595K, committed 22976K, reserved 1073152K
  class space    used 1910K, committed 2112K, reserved 1048576K

Heap Regions: E=young(eden), S=young(survivor), O=old, HS=humongous(starts), HC=humongous(continues), CS=collection set, F=free, OA=open archive, CA=closed archive, TAMS=top-at-mark-start (previous, next)
|   0|0x000000070ac00000, 0x000000070ae00000, 0x000000070ae00000|100%| O|  |TAMS 0x000000070ae00000, 0x000000070ac00000| Untracked 
|   1|0x000000070ae00000, 0x000000070b000000, 0x000000070b000000|100%| O|  |TAMS 0x000000070b000000, 0x000000070ae00000| Untracked 
|   2|0x000000070b000000, 0x000000070b000000, 0x000000070b200000|  0%| F|  |TAMS 0x000000070b000000, 0x000000070b000000| Untracked 
|   3|0x000000070b200000, 0x000000070b400000, 0x000000070b400000|100%| O|  |TAMS 0x000000070b200000, 0x000000070b200000| Untracked 
|   4|0x000000070b400000, 0x000000070b600000, 0x000000070b600000|100%| O|  |TAMS 0x000000070b400000, 0x000000070b400000| Untracked 
|   5|0x000000070b600000, 0x000000070b600000, 0x000000070b800000|  0%| F|  |TAMS 0x000000070b600000, 0x000000070b600000| Untracked 
|   6|0x000000070b800000, 0x000000070b800000, 0x000000070ba00000|  0%| F|  |TAMS 0x000000070b800000, 0x000000070b800000| Untracked 
|   7|0x000000070ba00000, 0x000000070ba00000, 0x000000070bc00000|  0%| F|  |TAMS 0x000000070ba00000, 0x000000070ba00000| Untracked 
|   8|0x000000070bc00000, 0x000000070bc00000, 0x000000070be00000|  0%| F|  |TAMS 0x000000070bc00000, 0x000000070bc00000| Untracked 
|   9|0x000000070be00000, 0x000000070c000000, 0x000000070c000000|100%| O|  |TAMS 0x000000070be00000, 0x000000070be00000| Untracked 
|  10|0x000000070c000000, 0x000000070c200000, 0x000000070c200000|100%| O|  |TAMS 0x000000070c000000, 0x000000070c000000| Untracked 
|  11|0x000000070c200000, 0x000000070c25d000, 0x000000070c400000| 18%| O|  |TAMS 0x000000070c200000, 0x000000070c200000| Untracked 
|  12|0x000000070c400000, 0x000000070c400000, 0x000000070c600000|  0%| F|  |TAMS 0x000000070c400000, 0x000000070c400000| Untracked 
|  13|0x000000070c600000, 0x000000070c600000, 0x000000070c800000|  0%| F|  |TAMS 0x000000070c600000, 0x000000070c600000| Untracked 
|  14|0x000000070c800000, 0x000000070c800000, 0x000000070ca00000|  0%| F|  |TAMS 0x000000070c800000, 0x000000070c800000| Untracked 
|  15|0x000000070ca00000, 0x000000070ca00000, 0x000000070cc00000|  0%| F|  |TAMS 0x000000070ca00000, 0x000000070ca00000| Untracked 
|  16|0x000000070cc00000, 0x000000070cc00000, 0x000000070ce00000|  0%| F|  |TAMS 0x000000070cc00000, 0x000000070cc00000| Untracked 
|  17|0x000000070ce00000, 0x000000070ce00000, 0x000000070d000000|  0%| F|  |TAMS 0x000000070ce00000, 0x000000070ce00000| Untracked 
|  18|0x000000070d000000, 0x000000070d000000, 0x000000070d200000|  0%| F|  |TAMS 0x000000070d000000, 0x000000070d000000| Untracked 
|  19|0x000000070d200000, 0x000000070d200000, 0x000000070d400000|  0%| F|  |TAMS 0x000000070d200000, 0x000000070d200000| Untracked 
|  20|0x000000070d400000, 0x000000070d400000, 0x000000070d600000|  0%| F|  |TAMS 0x000000070d400000, 0x000000070d400000| Untracked 
|  21|0x000000070d600000, 0x000000070d600000, 0x000000070d800000|  0%| F|  |TAMS 0x000000070d600000, 0x000000070d600000| Untracked 
|  22|0x000000070d800000, 0x000000070d800000, 0x000000070da00000|  0%| F|  |TAMS 0x000000070d800000, 0x000000070d800000| Untracked 
|  23|0x000000070da00000, 0x000000070da00000, 0x000000070dc00000|  0%| F|  |TAMS 0x000000070da00000, 0x000000070da00000| Untracked 
|  24|0x000000070dc00000, 0x000000070dc00000, 0x000000070de00000|  0%| F|  |TAMS 0x000000070dc00000, 0x000000070dc00000| Untracked 
|  25|0x000000070de00000, 0x000000070de00000, 0x000000070e000000|  0%| F|  |TAMS 0x000000070de00000, 0x000000070de00000| Untracked 
|  26|0x000000070e000000, 0x000000070e000000, 0x000000070e200000|  0%| F|  |TAMS 0x000000070e000000, 0x000000070e000000| Untracked 
|  27|0x000000070e200000, 0x000000070e200000, 0x000000070e400000|  0%| F|  |TAMS 0x000000070e200000, 0x000000070e200000| Untracked 
|  28|0x000000070e400000, 0x000000070e400000, 0x000000070e600000|  0%| F|  |TAMS 0x000000070e400000, 0x000000070e400000| Untracked 
|  29|0x000000070e600000, 0x000000070e600000, 0x000000070e800000|  0%| F|  |TAMS 0x000000070e600000, 0x000000070e600000| Untracked 
|  30|0x000000070e800000, 0x000000070e800000, 0x000000070ea00000|  0%| F|  |TAMS 0x000000070e800000, 0x000000070e800000| Untracked 
|  31|0x000000070ea00000, 0x000000070ea00000, 0x000000070ec00000|  0%| F|  |TAMS 0x000000070ea00000, 0x000000070ea00000| Untracked 
|  32|0x000000070ec00000, 0x000000070ec00000, 0x000000070ee00000|  0%| F|  |TAMS 0x000000070ec00000, 0x000000070ec00000| Untracked 
|  33|0x000000070ee00000, 0x000000070ee00000, 0x000000070f000000|  0%| F|  |TAMS 0x000000070ee00000, 0x000000070ee00000| Untracked 
|  34|0x000000070f000000, 0x000000070f000000, 0x000000070f200000|  0%| F|  |TAMS 0x000000070f000000, 0x000000070f000000| Untracked 
|  35|0x000000070f200000, 0x000000070f200000, 0x000000070f400000|  0%| F|  |TAMS 0x000000070f200000, 0x000000070f200000| Untracked 
|  36|0x000000070f400000, 0x000000070f400000, 0x000000070f600000|  0%| F|  |TAMS 0x000000070f400000, 0x000000070f400000| Untracked 
|  37|0x000000070f600000, 0x000000070f7be328, 0x000000070f800000| 87%| S|CS|TAMS 0x000000070f600000, 0x000000070f600000| Complete 
|  38|0x000000070f800000, 0x000000070fa00000, 0x000000070fa00000|100%| S|CS|TAMS 0x000000070f800000, 0x000000070f800000| Complete 
|  39|0x000000070fa00000, 0x000000070fc00000, 0x000000070fc00000|100%| S|CS|TAMS 0x000000070fa00000, 0x000000070fa00000| Complete 
|  40|0x000000070fc00000, 0x000000070fc00000, 0x000000070fe00000|  0%| F|  |TAMS 0x000000070fc00000, 0x000000070fc00000| Untracked 
|  41|0x000000070fe00000, 0x000000070fe00000, 0x0000000710000000|  0%| F|  |TAMS 0x000000070fe00000, 0x000000070fe00000| Untracked 
|  42|0x0000000710000000, 0x0000000710000000, 0x0000000710200000|  0%| F|  |TAMS 0x0000000710000000, 0x0000000710000000| Untracked 
|  43|0x0000000710200000, 0x0000000710200000, 0x0000000710400000|  0%| F|  |TAMS 0x0000000710200000, 0x0000000710200000| Untracked 
|  44|0x0000000710400000, 0x0000000710600000, 0x0000000710600000|100%| S|CS|TAMS 0x0000000710400000, 0x0000000710400000| Complete 
|  45|0x0000000710600000, 0x0000000710600000, 0x0000000710800000|  0%| F|  |TAMS 0x0000000710600000, 0x0000000710600000| Untracked 
|  46|0x0000000710800000, 0x0000000710800000, 0x0000000710a00000|  0%| F|  |TAMS 0x0000000710800000, 0x0000000710800000| Untracked 
|  47|0x0000000710a00000, 0x0000000710a00000, 0x0000000710c00000|  0%| F|  |TAMS 0x0000000710a00000, 0x0000000710a00000| Untracked 
|  48|0x0000000710c00000, 0x0000000710c00000, 0x0000000710e00000|  0%| F|  |TAMS 0x0000000710c00000, 0x0000000710c00000| Untracked 
|  49|0x0000000710e00000, 0x0000000710e00000, 0x0000000711000000|  0%| F|  |TAMS 0x0000000710e00000, 0x0000000710e00000| Untracked 
|  50|0x0000000711000000, 0x0000000711000000, 0x0000000711200000|  0%| F|  |TAMS 0x0000000711000000, 0x0000000711000000| Untracked 
|  51|0x0000000711200000, 0x0000000711200000, 0x0000000711400000|  0%| F|  |TAMS 0x0000000711200000, 0x0000000711200000| Untracked 
|  52|0x0000000711400000, 0x0000000711400000, 0x0000000711600000|  0%| F|  |TAMS 0x0000000711400000, 0x0000000711400000| Untracked 
|  53|0x0000000711600000, 0x0000000711600000, 0x0000000711800000|  0%| F|  |TAMS 0x0000000711600000, 0x0000000711600000| Untracked 
|  54|0x0000000711800000, 0x0000000711800000, 0x0000000711a00000|  0%| F|  |TAMS 0x0000000711800000, 0x0000000711800000| Untracked 
|  55|0x0000000711a00000, 0x0000000711a00000, 0x0000000711c00000|  0%| F|  |TAMS 0x0000000711a00000, 0x0000000711a00000| Untracked 
|  56|0x0000000711c00000, 0x0000000711c00000, 0x0000000711e00000|  0%| F|  |TAMS 0x0000000711c00000, 0x0000000711c00000| Untracked 
|  57|0x0000000711e00000, 0x0000000711e00000, 0x0000000712000000|  0%| F|  |TAMS 0x0000000711e00000, 0x0000000711e00000| Untracked 
|  58|0x0000000712000000, 0x0000000712000000, 0x0000000712200000|  0%| F|  |TAMS 0x0000000712000000, 0x0000000712000000| Untracked 
|  59|0x0000000712200000, 0x0000000712200000, 0x0000000712400000|  0%| F|  |TAMS 0x0000000712200000, 0x0000000712200000| Untracked 
|  60|0x0000000712400000, 0x0000000712400000, 0x0000000712600000|  0%| F|  |TAMS 0x0000000712400000, 0x0000000712400000| Untracked 
|  61|0x0000000712600000, 0x0000000712600000, 0x0000000712800000|  0%| F|  |TAMS 0x0000000712600000, 0x0000000712600000| Untracked 
|  62|0x0000000712800000, 0x0000000712800000, 0x0000000712a00000|  0%| F|  |TAMS 0x0000000712800000, 0x0000000712800000| Untracked 
|  63|0x0000000712a00000, 0x0000000712a00000, 0x0000000712c00000|  0%| F|  |TAMS 0x0000000712a00000, 0x0000000712a00000| Untracked 
|  64|0x0000000712c00000, 0x0000000712c00000, 0x0000000712e00000|  0%| F|  |TAMS 0x0000000712c00000, 0x0000000712c00000| Untracked 
|  65|0x0000000712e00000, 0x0000000712e00000, 0x0000000713000000|  0%| F|  |TAMS 0x0000000712e00000, 0x0000000712e00000| Untracked 
|  66|0x0000000713000000, 0x0000000713000000, 0x0000000713200000|  0%| F|  |TAMS 0x0000000713000000, 0x0000000713000000| Untracked 
|  67|0x0000000713200000, 0x0000000713200000, 0x0000000713400000|  0%| F|  |TAMS 0x0000000713200000, 0x0000000713200000| Untracked 
|  68|0x0000000713400000, 0x0000000713400000, 0x0000000713600000|  0%| F|  |TAMS 0x0000000713400000, 0x0000000713400000| Untracked 
|  69|0x0000000713600000, 0x0000000713600000, 0x0000000713800000|  0%| F|  |TAMS 0x0000000713600000, 0x0000000713600000| Untracked 
|  70|0x0000000713800000, 0x0000000713800000, 0x0000000713a00000|  0%| F|  |TAMS 0x0000000713800000, 0x0000000713800000| Untracked 
|  71|0x0000000713a00000, 0x0000000713a00000, 0x0000000713c00000|  0%| F|  |TAMS 0x0000000713a00000, 0x0000000713a00000| Untracked 
|  72|0x0000000713c00000, 0x0000000713c00000, 0x0000000713e00000|  0%| F|  |TAMS 0x0000000713c00000, 0x0000000713c00000| Untracked 
|  73|0x0000000713e00000, 0x0000000713e00000, 0x0000000714000000|  0%| F|  |TAMS 0x0000000713e00000, 0x0000000713e00000| Untracked 
|  74|0x0000000714000000, 0x0000000714000000, 0x0000000714200000|  0%| F|  |TAMS 0x0000000714000000, 0x0000000714000000| Untracked 
|  75|0x0000000714200000, 0x0000000714200000, 0x0000000714400000|  0%| F|  |TAMS 0x0000000714200000, 0x0000000714200000| Untracked 
|  76|0x0000000714400000, 0x0000000714400000, 0x0000000714600000|  0%| F|  |TAMS 0x0000000714400000, 0x0000000714400000| Untracked 
|  77|0x0000000714600000, 0x0000000714600000, 0x0000000714800000|  0%| F|  |TAMS 0x0000000714600000, 0x0000000714600000| Untracked 
|  78|0x0000000714800000, 0x0000000714800000, 0x0000000714a00000|  0%| F|  |TAMS 0x0000000714800000, 0x0000000714800000| Untracked 
|  79|0x0000000714a00000, 0x0000000714a00000, 0x0000000714c00000|  0%| F|  |TAMS 0x0000000714a00000, 0x0000000714a00000| Untracked 
|  80|0x0000000714c00000, 0x0000000714cfe858, 0x0000000714e00000| 49%| E|  |TAMS 0x0000000714c00000, 0x0000000714c00000| Complete 
|  81|0x0000000714e00000, 0x0000000715000000, 0x0000000715000000|100%| E|CS|TAMS 0x0000000714e00000, 0x0000000714e00000| Complete 
|  82|0x0000000715000000, 0x0000000715200000, 0x0000000715200000|100%| E|CS|TAMS 0x0000000715000000, 0x0000000715000000| Complete 
|  83|0x0000000715200000, 0x0000000715400000, 0x0000000715400000|100%| E|CS|TAMS 0x0000000715200000, 0x0000000715200000| Complete 
|  84|0x0000000715400000, 0x0000000715600000, 0x0000000715600000|100%| E|CS|TAMS 0x0000000715400000, 0x0000000715400000| Complete 
|  85|0x0000000715600000, 0x0000000715800000, 0x0000000715800000|100%| E|CS|TAMS 0x0000000715600000, 0x0000000715600000| Complete 
|  86|0x0000000715800000, 0x0000000715a00000, 0x0000000715a00000|100%| E|CS|TAMS 0x0000000715800000, 0x0000000715800000| Complete 
|  87|0x0000000715a00000, 0x0000000715c00000, 0x0000000715c00000|100%| E|CS|TAMS 0x0000000715a00000, 0x0000000715a00000| Complete 
|  88|0x0000000715c00000, 0x0000000715e00000, 0x0000000715e00000|100%| E|CS|TAMS 0x0000000715c00000, 0x0000000715c00000| Complete 
|  89|0x0000000715e00000, 0x0000000716000000, 0x0000000716000000|100%| E|CS|TAMS 0x0000000715e00000, 0x0000000715e00000| Complete 
|  90|0x0000000716000000, 0x0000000716200000, 0x0000000716200000|100%| E|CS|TAMS 0x0000000716000000, 0x0000000716000000| Complete 
|  91|0x0000000716200000, 0x0000000716400000, 0x0000000716400000|100%| E|CS|TAMS 0x0000000716200000, 0x0000000716200000| Complete 
|  92|0x0000000716400000, 0x0000000716600000, 0x0000000716600000|100%| E|CS|TAMS 0x0000000716400000, 0x0000000716400000| Complete 
| 115|0x0000000719200000, 0x0000000719400000, 0x0000000719400000|100%| E|CS|TAMS 0x0000000719200000, 0x0000000719200000| Complete 
| 116|0x0000000719400000, 0x0000000719600000, 0x0000000719600000|100%| E|CS|TAMS 0x0000000719400000, 0x0000000719400000| Complete 
| 117|0x0000000719600000, 0x0000000719800000, 0x0000000719800000|100%| E|CS|TAMS 0x0000000719600000, 0x0000000719600000| Complete 
| 118|0x0000000719800000, 0x0000000719a00000, 0x0000000719a00000|100%| E|CS|TAMS 0x0000000719800000, 0x0000000719800000| Complete 
| 119|0x0000000719a00000, 0x0000000719c00000, 0x0000000719c00000|100%| E|CS|TAMS 0x0000000719a00000, 0x0000000719a00000| Complete 
| 120|0x0000000719c00000, 0x0000000719e00000, 0x0000000719e00000|100%| E|CS|TAMS 0x0000000719c00000, 0x0000000719c00000| Complete 
| 121|0x0000000719e00000, 0x000000071a000000, 0x000000071a000000|100%| E|CS|TAMS 0x0000000719e00000, 0x0000000719e00000| Complete 
| 122|0x000000071a000000, 0x000000071a200000, 0x000000071a200000|100%| E|CS|TAMS 0x000000071a000000, 0x000000071a000000| Complete 

Card table byte_map: [0x0000022a68060000,0x0000022a68810000] _byte_map_base: 0x0000022a6480a000

Marking Bits (Prev, Next): (CMBitMap*) 0x0000022a5087dbf0, (CMBitMap*) 0x0000022a5087dbb0
 Prev Bits: [0x0000022a6cd10000, 0x0000022a70a60000)
 Next Bits: [0x0000022a68fc0000, 0x0000022a6cd10000)

Polling page: 0x0000022a4e7b0000

Metaspace:

Usage:
  Non-class:     20.20 MB used.
      Class:      1.87 MB used.
       Both:     22.07 MB used.

Virtual space:
  Non-class space:       24.00 MB reserved,      20.38 MB ( 85%) committed,  3 nodes.
      Class space:        1.00 GB reserved,       2.06 MB ( <1%) committed,  1 nodes.
             Both:        1.02 GB reserved,      22.44 MB (  2%) committed. 

Chunk freelists:
   Non-Class:  2.88 MB
       Class:  1.90 MB
        Both:  4.78 MB

MaxMetaspaceSize: unlimited
CompressedClassSpaceSize: 1.00 GB
Initial GC threshold: 21.00 MB
Current GC threshold: 35.12 MB
CDS: on
MetaspaceReclaimPolicy: balanced
 - commit_granule_bytes: 65536.
 - commit_granule_words: 8192.
 - virtual_space_node_default_size: 1048576.
 - enlarge_chunks_in_place: 1.
 - new_chunks_are_fully_committed: 0.
 - uncommit_free_chunks: 1.
 - use_allocation_guard: 0.
 - handle_deallocations: 1.


Internal statistics:

num_allocs_failed_limit: 3.
num_arena_births: 464.
num_arena_deaths: 0.
num_vsnodes_births: 4.
num_vsnodes_deaths: 0.
num_space_committed: 357.
num_space_uncommitted: 0.
num_chunks_returned_to_freelist: 3.
num_chunks_taken_from_freelist: 969.
num_chunk_merges: 3.
num_chunk_splits: 622.
num_chunks_enlarged: 376.
num_purges: 0.
num_inconsistent_stats: 0.

CodeHeap 'non-profiled nmethods': size=119168Kb used=2740Kb max_used=2816Kb free=116427Kb
 bounds [0x0000022a5fbc0000, 0x0000022a5fe90000, 0x0000022a67020000]
CodeHeap 'profiled nmethods': size=119104Kb used=7766Kb max_used=8883Kb free=111337Kb
 bounds [0x0000022a58770000, 0x0000022a59020000, 0x0000022a5fbc0000]
CodeHeap 'non-nmethods': size=7488Kb used=3729Kb max_used=3787Kb free=3758Kb
 bounds [0x0000022a58020000, 0x0000022a583e0000, 0x0000022a58770000]
 total_blobs=5922 nmethods=4324 adapters=1507
 compilation: enabled
              stopped_count=0, restarted_count=0
 full_count=0

Compilation events (20 events):
Event: 13.803 Thread 0x0000022a74409300 5080       4       com.xbuilders.engine.world.chunk.NeighborInformation::cacheNeighbors (257 bytes)
Event: 13.819 Thread 0x0000022a74409300 nmethod 5080 0x0000022a5fde5790 code [0x0000022a5fde5960, 0x0000022a5fde6438]
Event: 13.825 Thread 0x0000022a74409300 5081       4       java.lang.Thread::interrupted (23 bytes)
Event: 13.826 Thread 0x0000022a74409300 nmethod 5081 0x0000022a5fd41090 code [0x0000022a5fd41200, 0x0000022a5fd41278]
Event: 13.837 Thread 0x0000022a02c3df70 5082       3       java.util.concurrent.locks.AbstractQueuedSynchronizer$ConditionObject::doSignal (54 bytes)
Event: 13.837 Thread 0x0000022a02c3df70 nmethod 5082 0x0000022a58c68910 code [0x0000022a58c68ae0, 0x0000022a58c68eb8]
Event: 13.954 Thread 0x0000022a02c3df70 5083       3       org.lwjgl.nuklear.NkStyleButton::border (10 bytes)
Event: 13.954 Thread 0x0000022a74409da0 5084       3       org.lwjgl.nuklear.NkStyleButton::nborder (15 bytes)
Event: 13.954 Thread 0x0000022a74409da0 nmethod 5084 0x0000022a58c68210 code [0x0000022a58c683a0, 0x0000022a58c68578]
Event: 13.954 Thread 0x0000022a02c3df70 nmethod 5083 0x0000022a58c43c90 code [0x0000022a58c43e40, 0x0000022a58c44028]
Event: 13.989 Thread 0x0000022a02c3df70 5085       3       com.xbuilders.engine.world.chunk.FutureChunk$$Lambda$241/0x0000000800e05d18::accept (16 bytes)
Event: 13.989 Thread 0x0000022a02c3bc00 5086       3       com.xbuilders.engine.world.chunk.FutureChunk::lambda$setBlocksInChunk$0 (24 bytes)
Event: 13.989 Thread 0x0000022a02c3df70 nmethod 5085 0x0000022a58c43690 code [0x0000022a58c43840, 0x0000022a58c43b68]
Event: 13.989 Thread 0x0000022a02c3bc00 nmethod 5086 0x0000022a58c43210 code [0x0000022a58c433c0, 0x0000022a58c43548]
Event: 14.086 Thread 0x0000022a02c3df70 5087       3       java.lang.invoke.LambdaForm$MH/0x0000000800cc2000::invoke (202 bytes)
Event: 14.087 Thread 0x0000022a02c3df70 nmethod 5087 0x0000022a58e2cf10 code [0x0000022a58e2d1e0, 0x0000022a58e2e898]
Event: 14.118 Thread 0x0000022a02c3bc00 5088       3       com.xbuilders.engine.player.raycasting.Ray::reset (43 bytes)
Event: 14.118 Thread 0x0000022a74409da0 5089       3       com.xbuilders.engine.world.World::getBlock (26 bytes)
Event: 14.118 Thread 0x0000022a02c3bc00 nmethod 5088 0x0000022a58c42c90 code [0x0000022a58c42e40, 0x0000022a58c430b8]
Event: 14.119 Thread 0x0000022a74409da0 nmethod 5089 0x0000022a58786c10 code [0x0000022a58786e00, 0x0000022a58787268]

GC Heap History (20 events):
Event: 6.896 GC heap before
{Heap before GC invocations=5 (full 0):
 garbage-first heap   total 75776K, used 56450K [0x000000070ac00000, 0x0000000800000000)
  region size 2048K, 28 young (57344K), 5 survivors (10240K)
 Metaspace       used 21254K, committed 21568K, reserved 1073152K
  class space    used 1858K, committed 1984K, reserved 1048576K
}
Event: 6.902 GC heap after
{Heap after GC invocations=6 (full 0):
 garbage-first heap   total 75776K, used 12985K [0x000000070ac00000, 0x0000000800000000)
  region size 2048K, 4 young (8192K), 4 survivors (8192K)
 Metaspace       used 21254K, committed 21568K, reserved 1073152K
  class space    used 1858K, committed 1984K, reserved 1048576K
}
Event: 6.905 GC heap before
{Heap before GC invocations=6 (full 0):
 garbage-first heap   total 75776K, used 15033K [0x000000070ac00000, 0x0000000800000000)
  region size 2048K, 5 young (10240K), 4 survivors (8192K)
 Metaspace       used 21254K, committed 21568K, reserved 1073152K
  class space    used 1858K, committed 1984K, reserved 1048576K
}
Event: 6.911 GC heap after
{Heap after GC invocations=7 (full 0):
 garbage-first heap   total 75776K, used 14192K [0x000000070ac00000, 0x0000000800000000)
  region size 2048K, 1 young (2048K), 1 survivors (2048K)
 Metaspace       used 21254K, committed 21568K, reserved 1073152K
  class space    used 1858K, committed 1984K, reserved 1048576K
}
Event: 7.056 GC heap before
{Heap before GC invocations=7 (full 0):
 garbage-first heap   total 75776K, used 55152K [0x000000070ac00000, 0x0000000800000000)
  region size 2048K, 21 young (43008K), 1 survivors (2048K)
 Metaspace       used 21259K, committed 21568K, reserved 1073152K
  class space    used 1858K, committed 1984K, reserved 1048576K
}
Event: 7.058 GC heap after
{Heap after GC invocations=8 (full 0):
 garbage-first heap   total 75776K, used 15739K [0x000000070ac00000, 0x0000000800000000)
  region size 2048K, 2 young (4096K), 2 survivors (4096K)
 Metaspace       used 21259K, committed 21568K, reserved 1073152K
  class space    used 1858K, committed 1984K, reserved 1048576K
}
Event: 7.225 GC heap before
{Heap before GC invocations=8 (full 0):
 garbage-first heap   total 75776K, used 56699K [0x000000070ac00000, 0x0000000800000000)
  region size 2048K, 22 young (45056K), 2 survivors (4096K)
 Metaspace       used 21270K, committed 21568K, reserved 1073152K
  class space    used 1858K, committed 1984K, reserved 1048576K
}
Event: 7.228 GC heap after
{Heap after GC invocations=9 (full 0):
 garbage-first heap   total 172032K, used 15867K [0x000000070ac00000, 0x0000000800000000)
  region size 2048K, 2 young (4096K), 2 survivors (4096K)
 Metaspace       used 21270K, committed 21568K, reserved 1073152K
  class space    used 1858K, committed 1984K, reserved 1048576K
}
Event: 7.527 GC heap before
{Heap before GC invocations=9 (full 0):
 garbage-first heap   total 172032K, used 114171K [0x000000070ac00000, 0x0000000800000000)
  region size 2048K, 50 young (102400K), 2 survivors (4096K)
 Metaspace       used 21297K, committed 21568K, reserved 1073152K
  class space    used 1858K, committed 1984K, reserved 1048576K
}
Event: 7.531 GC heap after
{Heap after GC invocations=10 (full 0):
 garbage-first heap   total 172032K, used 17938K [0x000000070ac00000, 0x0000000800000000)
  region size 2048K, 3 young (6144K), 3 survivors (6144K)
 Metaspace       used 21297K, committed 21568K, reserved 1073152K
  class space    used 1858K, committed 1984K, reserved 1048576K
}
Event: 7.917 GC heap before
{Heap before GC invocations=10 (full 0):
 garbage-first heap   total 172032K, used 114194K [0x000000070ac00000, 0x0000000800000000)
  region size 2048K, 50 young (102400K), 3 survivors (6144K)
 Metaspace       used 21637K, committed 22016K, reserved 1073152K
  class space    used 1873K, committed 2048K, reserved 1048576K
}
Event: 7.921 GC heap after
{Heap after GC invocations=11 (full 0):
 garbage-first heap   total 172032K, used 18755K [0x000000070ac00000, 0x0000000800000000)
  region size 2048K, 3 young (6144K), 3 survivors (6144K)
 Metaspace       used 21637K, committed 22016K, reserved 1073152K
  class space    used 1873K, committed 2048K, reserved 1048576K
}
Event: 8.189 GC heap before
{Heap before GC invocations=11 (full 0):
 garbage-first heap   total 172032K, used 112963K [0x000000070ac00000, 0x0000000800000000)
  region size 2048K, 50 young (102400K), 3 survivors (6144K)
 Metaspace       used 21844K, committed 22208K, reserved 1073152K
  class space    used 1884K, committed 2048K, reserved 1048576K
}
Event: 8.192 GC heap after
{Heap after GC invocations=12 (full 0):
 garbage-first heap   total 172032K, used 18701K [0x000000070ac00000, 0x0000000800000000)
  region size 2048K, 3 young (6144K), 3 survivors (6144K)
 Metaspace       used 21844K, committed 22208K, reserved 1073152K
  class space    used 1884K, committed 2048K, reserved 1048576K
}
Event: 12.650 GC heap before
{Heap before GC invocations=12 (full 0):
 garbage-first heap   total 172032K, used 112909K [0x000000070ac00000, 0x0000000800000000)
  region size 2048K, 50 young (102400K), 3 survivors (6144K)
 Metaspace       used 22506K, committed 22912K, reserved 1073152K
  class space    used 1910K, committed 2112K, reserved 1048576K
}
Event: 12.652 GC heap after
{Heap after GC invocations=13 (full 0):
 garbage-first heap   total 206848K, used 18457K [0x000000070ac00000, 0x0000000800000000)
  region size 2048K, 3 young (6144K), 3 survivors (6144K)
 Metaspace       used 22506K, committed 22912K, reserved 1073152K
  class space    used 1910K, committed 2112K, reserved 1048576K
}
Event: 13.401 GC heap before
{Heap before GC invocations=13 (full 0):
 garbage-first heap   total 206848K, used 135193K [0x000000070ac00000, 0x0000000800000000)
  region size 2048K, 60 young (122880K), 3 survivors (6144K)
 Metaspace       used 22574K, committed 22976K, reserved 1073152K
  class space    used 1910K, committed 2112K, reserved 1048576K
}
Event: 13.404 GC heap after
{Heap after GC invocations=14 (full 0):
 garbage-first heap   total 206848K, used 19009K [0x000000070ac00000, 0x0000000800000000)
  region size 2048K, 4 young (8192K), 4 survivors (8192K)
 Metaspace       used 22574K, committed 22976K, reserved 1073152K
  class space    used 1910K, committed 2112K, reserved 1048576K
}
Event: 14.004 GC heap before
{Heap before GC invocations=14 (full 0):
 garbage-first heap   total 206848K, used 133697K [0x000000070ac00000, 0x0000000800000000)
  region size 2048K, 60 young (122880K), 4 survivors (8192K)
 Metaspace       used 22590K, committed 22976K, reserved 1073152K
  class space    used 1910K, committed 2112K, reserved 1048576K
}
Event: 14.007 GC heap after
{Heap after GC invocations=15 (full 0):
 garbage-first heap   total 206848K, used 20588K [0x000000070ac00000, 0x0000000800000000)
  region size 2048K, 4 young (8192K), 4 survivors (8192K)
 Metaspace       used 22590K, committed 22976K, reserved 1073152K
  class space    used 1910K, committed 2112K, reserved 1048576K
}

Deoptimization events (20 events):
Event: 12.480 Thread 0x0000022a02aeb830 DEOPT PACKING pc=0x0000022a5fdc4914 sp=0x0000007a8b2ff340
Event: 12.480 Thread 0x0000022a02aeb830 DEOPT UNPACKING pc=0x0000022a580723a3 sp=0x0000007a8b2ff2b8 mode 2
Event: 12.498 Thread 0x0000022a02aeb360 Uncommon trap: trap_request=0xffffffbe fr.pc=0x0000022a5fdc4914 relative=0x0000000000000174
Event: 12.498 Thread 0x0000022a02aeb360 Uncommon trap: reason=profile_predicate action=maybe_recompile pc=0x0000022a5fdc4914 method=java.util.HashMap.forEach(Ljava/util/function/BiConsumer;)V @ 48 c2
Event: 12.498 Thread 0x0000022a02aeb360 DEOPT PACKING pc=0x0000022a5fdc4914 sp=0x0000007a8aeff2b0
Event: 12.498 Thread 0x0000022a02aeb360 DEOPT UNPACKING pc=0x0000022a580723a3 sp=0x0000007a8aeff228 mode 2
Event: 12.822 Thread 0x0000022a0d85d840 Uncommon trap: trap_request=0xffffffbe fr.pc=0x0000022a5fdc4914 relative=0x0000000000000174
Event: 12.822 Thread 0x0000022a0d85d840 Uncommon trap: reason=profile_predicate action=maybe_recompile pc=0x0000022a5fdc4914 method=java.util.HashMap.forEach(Ljava/util/function/BiConsumer;)V @ 48 c2
Event: 12.822 Thread 0x0000022a0d85d840 DEOPT PACKING pc=0x0000022a5fdc4914 sp=0x0000007a8b9fee70
Event: 12.822 Thread 0x0000022a0d85d840 DEOPT UNPACKING pc=0x0000022a580723a3 sp=0x0000007a8b9fede8 mode 2
Event: 12.837 Thread 0x0000022a02aee850 Uncommon trap: trap_request=0xffffffbe fr.pc=0x0000022a5fdc4914 relative=0x0000000000000174
Event: 12.837 Thread 0x0000022a02aee850 Uncommon trap: reason=profile_predicate action=maybe_recompile pc=0x0000022a5fdc4914 method=java.util.HashMap.forEach(Ljava/util/function/BiConsumer;)V @ 48 c2
Event: 12.837 Thread 0x0000022a02aee850 DEOPT PACKING pc=0x0000022a5fdc4914 sp=0x0000007a8b3ff2e0
Event: 12.837 Thread 0x0000022a02aee850 DEOPT UNPACKING pc=0x0000022a580723a3 sp=0x0000007a8b3ff258 mode 2
Event: 13.373 Thread 0x0000022a5082e080 Uncommon trap: trap_request=0xffffff45 fr.pc=0x0000022a5fd150ec relative=0x0000000000000eac
Event: 13.373 Thread 0x0000022a5082e080 Uncommon trap: reason=unstable_if action=reinterpret pc=0x0000022a5fd150ec method=com.xbuilders.engine.world.chunk.NeighborInformation.cacheNeighbors()V @ 45 c2
Event: 13.373 Thread 0x0000022a5082e080 DEOPT PACKING pc=0x0000022a5fd150ec sp=0x0000007a87aff170
Event: 13.373 Thread 0x0000022a5082e080 DEOPT UNPACKING pc=0x0000022a580723a3 sp=0x0000007a87aff0a8 mode 2
Event: 13.470 Thread 0x0000022a5082e080 DEOPT PACKING pc=0x0000022a58e574bf sp=0x0000007a87aff190
Event: 13.470 Thread 0x0000022a5082e080 DEOPT UNPACKING pc=0x0000022a58072b43 sp=0x0000007a87afe630 mode 0

Classes unloaded (0 events):
No events

Classes redefined (0 events):
No events

Internal exceptions (20 events):
Event: 0.895 Thread 0x0000022a5082e080 Exception <a 'sun/nio/fs/WindowsException'{0x000000071a1b0b20}> (0x000000071a1b0b20) 
thrown [t:\workspace\open\src\hotspot\share\prims\jni.cpp, line 516]
Event: 1.140 Thread 0x0000022a5082e080 Exception <a 'sun/nio/fs/WindowsException'{0x0000000719cbad48}> (0x0000000719cbad48) 
thrown [t:\workspace\open\src\hotspot\share\prims\jni.cpp, line 516]
Event: 1.140 Thread 0x0000022a5082e080 Exception <a 'sun/nio/fs/WindowsException'{0x0000000719cbb0f0}> (0x0000000719cbb0f0) 
thrown [t:\workspace\open\src\hotspot\share\prims\jni.cpp, line 516]
Event: 1.144 Thread 0x0000022a5082e080 Exception <a 'sun/nio/fs/WindowsException'{0x0000000719cce230}> (0x0000000719cce230) 
thrown [t:\workspace\open\src\hotspot\share\prims\jni.cpp, line 516]
Event: 1.144 Thread 0x0000022a5082e080 Exception <a 'sun/nio/fs/WindowsException'{0x0000000719cce510}> (0x0000000719cce510) 
thrown [t:\workspace\open\src\hotspot\share\prims\jni.cpp, line 516]
Event: 1.239 Thread 0x0000022a5082e080 Exception <a 'sun/nio/fs/WindowsException'{0x000000071999a5f8}> (0x000000071999a5f8) 
thrown [t:\workspace\open\src\hotspot\share\prims\jni.cpp, line 516]
Event: 1.239 Thread 0x0000022a5082e080 Exception <a 'sun/nio/fs/WindowsException'{0x000000071999a9a8}> (0x000000071999a9a8) 
thrown [t:\workspace\open\src\hotspot\share\prims\jni.cpp, line 516]
Event: 1.245 Thread 0x0000022a5082e080 Exception <a 'java/lang/NoSuchMethodError'{0x00000007199ae4b0}: 'java.lang.Object java.lang.invoke.DirectMethodHandle$Holder.newInvokeSpecial(java.lang.Object, long)'> (0x00000007199ae4b0) 
thrown [t:\workspace\open\src\hotspot\share\interpreter\linkResolver.cpp, line 766]
Event: 1.266 Thread 0x0000022a5082e080 Exception <a 'sun/nio/fs/WindowsException'{0x0000000719609cd0}> (0x0000000719609cd0) 
thrown [t:\workspace\open\src\hotspot\share\prims\jni.cpp, line 516]
Event: 1.266 Thread 0x0000022a5082e080 Exception <a 'sun/nio/fs/WindowsException'{0x000000071960a050}> (0x000000071960a050) 
thrown [t:\workspace\open\src\hotspot\share\prims\jni.cpp, line 516]
Event: 1.301 Thread 0x0000022a5082e080 Exception <a 'java/lang/NoSuchMethodError'{0x000000071968a538}: 'void java.lang.invoke.DirectMethodHandle$Holder.invokeStatic(java.lang.Object, int, java.lang.Object)'> (0x000000071968a538) 
thrown [t:\workspace\open\src\hotspot\share\interpreter\linkResolver.cpp, line 766]
Event: 2.593 Thread 0x0000022a5082e080 Exception <a 'java/lang/NoSuchMethodError'{0x0000000718eea3d0}: 'int java.lang.invoke.DirectMethodHandle$Holder.invokeStatic(java.lang.Object, long, int)'> (0x0000000718eea3d0) 
thrown [t:\workspace\open\src\hotspot\share\interpreter\linkResolver.cpp, line 766]
Event: 4.647 Thread 0x0000022a5082e080 Exception <a 'java/lang/NoSuchMethodError'{0x0000000718733768}: 'void java.lang.invoke.DirectMethodHandle$Holder.invokeStatic(java.lang.Object, java.lang.Object, java.lang.Object)'> (0x0000000718733768) 
thrown [t:\workspace\open\src\hotspot\share\interpreter\linkResolver.cpp, line 766]
Event: 6.011 Thread 0x0000022a5082e080 Exception <a 'java/lang/NoSuchMethodError'{0x0000000717a1a320}: 'void java.lang.invoke.DirectMethodHandle$Holder.invokeSpecial(java.lang.Object, java.lang.Object, java.lang.Object, java.lang.Object, java.lang.Object)'> (0x0000000717a1a320) 
thrown [t:\workspace\open\src\hotspot\share\interpreter\linkResolver.cpp, line 766]
Event: 6.028 Thread 0x0000022a5082e080 Exception <a 'java/lang/NoSuchMethodError'{0x0000000717a6a938}: 'java.lang.Object java.lang.invoke.DirectMethodHandle$Holder.invokeStatic(java.lang.Object, float)'> (0x0000000717a6a938) 
thrown [t:\workspace\open\src\hotspot\share\interpreter\linkResolver.cpp, line 766]
Event: 6.028 Thread 0x0000022a5082e080 Exception <a 'java/lang/NoSuchMethodError'{0x0000000717a6f100}: 'java.lang.Object java.lang.invoke.DirectMethodHandle$Holder.invokeSpecial(java.lang.Object, java.lang.Object, float)'> (0x0000000717a6f100) 
thrown [t:\workspace\open\src\hotspot\share\interpreter\linkResolver.cpp, line 766]
Event: 10.135 Thread 0x0000022a5082e080 Exception <a 'java/lang/NoSuchMethodError'{0x0000000711317500}: 'int java.lang.invoke.DirectMethodHandle$Holder.invokeSpecial(java.lang.Object, java.lang.Object, int, int)'> (0x0000000711317500) 
thrown [t:\workspace\open\src\hotspot\share\interpreter\linkResolver.cpp, line 766]
Event: 10.585 Thread 0x0000022a5082e080 Exception <a 'java/lang/NoSuchMethodError'{0x00000007111646e8}: 'java.lang.Object java.lang.invoke.DirectMethodHandle$Holder.invokeSpecial(java.lang.Object, java.lang.Object, long, int, java.lang.Object, java.lang.Object, java.lang.Object, java.lang.Object, java.lang.Object, java.lang.Object, java.lang.Object)'> (0x00000007111646e8) 
thrown [t:\workspace\open\src\hotspot\share\interpreter\linkResolver.cpp, line 766]
Event: 10.585 Thread 0x0000022a5082e080 Exception <a 'java/lang/NoSuchMethodError'{0x0000000711169248}: 'java.lang.Object java.lang.invoke.DelegatingMethodHandle$Holder.reinvoke_L(java.lang.Object, long, int, java.lang.Object, java.lang.Object, java.lang.Object, java.lang.Object, java.lang.Object, java.lang.Object, java.lang.Object)'> (0x0000000711169248) 
thrown [t:\workspace\open\src\hotspot\share\interpreter\linkResolver.cpp, line 766]
Event: 12.480 Thread 0x0000022a02aeb830 Exception <a 'java/lang/NoSuchMethodError'{0x00000007109d7b00}: 'void java.lang.invoke.DirectMethodHandle$Holder.invokeStatic(java.lang.Object, java.lang.Object, java.lang.Object, java.lang.Object)'> (0x00000007109d7b00) 
thrown [t:\workspace\open\src\hotspot\share\interpreter\linkResolver.cpp, line 766]

VM Operations (20 events):
Event: 9.208 Executing VM operation: Cleanup
Event: 9.208 Executing VM operation: Cleanup done
Event: 9.941 Executing VM operation: ICBufferFull
Event: 9.941 Executing VM operation: ICBufferFull done
Event: 10.263 Executing VM operation: HandshakeAllThreads
Event: 10.263 Executing VM operation: HandshakeAllThreads done
Event: 10.504 Executing VM operation: HandshakeAllThreads
Event: 10.504 Executing VM operation: HandshakeAllThreads done
Event: 10.566 Executing VM operation: HandshakeAllThreads
Event: 10.566 Executing VM operation: HandshakeAllThreads done
Event: 10.985 Executing VM operation: ICBufferFull
Event: 10.985 Executing VM operation: ICBufferFull done
Event: 11.996 Executing VM operation: Cleanup
Event: 11.996 Executing VM operation: Cleanup done
Event: 12.650 Executing VM operation: G1CollectForAllocation
Event: 12.655 Executing VM operation: G1CollectForAllocation done
Event: 13.401 Executing VM operation: G1CollectForAllocation
Event: 13.406 Executing VM operation: G1CollectForAllocation done
Event: 14.004 Executing VM operation: G1CollectForAllocation
Event: 14.009 Executing VM operation: G1CollectForAllocation done

Events (20 events):
Event: 10.949 Thread 0x0000022a02c3d040 Thread added: 0x0000022a02c3d040
Event: 10.951 Thread 0x0000022a02c3bc00 Thread added: 0x0000022a02c3bc00
Event: 10.961 Thread 0x0000022a02c3c620 Thread added: 0x0000022a02c3c620
Event: 11.163 Thread 0x0000022a02c3c620 Thread exited: 0x0000022a02c3c620
Event: 11.213 Thread 0x0000022a02c3d040 Thread exited: 0x0000022a02c3d040
Event: 11.426 Thread 0x0000022a02c3f3b0 Thread exited: 0x0000022a02c3f3b0
Event: 11.428 Thread 0x0000022a02c3c110 Thread exited: 0x0000022a02c3c110
Event: 11.561 Thread 0x0000022a02c3e480 Thread exited: 0x0000022a02c3e480
Event: 12.113 Thread 0x0000022a02c3e990 Thread added: 0x0000022a02c3e990
Event: 12.113 Thread 0x0000022a02c3c110 Thread added: 0x0000022a02c3c110
Event: 12.373 Thread 0x0000022a02c3c110 Thread exited: 0x0000022a02c3c110
Event: 12.790 Thread 0x0000022a02c3e990 Thread exited: 0x0000022a02c3e990
Event: 13.160 Thread 0x0000022a02c3e480 Thread added: 0x0000022a02c3e480
Event: 13.161 Thread 0x0000022a02c3f3b0 Thread added: 0x0000022a02c3f3b0
Event: 13.162 Thread 0x0000022a02c3e990 Thread added: 0x0000022a02c3e990
Event: 13.162 Thread 0x0000022a02c3c110 Thread added: 0x0000022a02c3c110
Event: 13.487 Thread 0x0000022a02c3c110 Thread exited: 0x0000022a02c3c110
Event: 13.575 Thread 0x0000022a02c3e990 Thread exited: 0x0000022a02c3e990
Event: 13.586 Thread 0x0000022a02c3f3b0 Thread exited: 0x0000022a02c3f3b0
Event: 13.702 Thread 0x0000022a02c3e480 Thread exited: 0x0000022a02c3e480


Dynamic libraries:
0x00007ff776ae0000 - 0x00007ff776af0000 	C:\Program Files\Java\jdk-17.0.1\bin\java.exe
0x00007ffa1bb10000 - 0x00007ffa1bd26000 	C:\WINDOWS\SYSTEM32\ntdll.dll
0x00007ffa1a630000 - 0x00007ffa1a6f4000 	C:\WINDOWS\System32\KERNEL32.DLL
0x00007ffa18e30000 - 0x00007ffa191d7000 	C:\WINDOWS\System32\KERNELBASE.dll
0x00007ffa19590000 - 0x00007ffa196a1000 	C:\WINDOWS\System32\ucrtbase.dll
0x00007ff9edc50000 - 0x00007ff9edc68000 	C:\Program Files\Java\jdk-17.0.1\bin\jli.dll
0x00007ff9ef340000 - 0x00007ff9ef35a000 	C:\Program Files\Java\jdk-17.0.1\bin\VCRUNTIME140.dll
0x00007ffa1a390000 - 0x00007ffa1a442000 	C:\WINDOWS\System32\ADVAPI32.dll
0x00007ffa19aa0000 - 0x00007ffa19b47000 	C:\WINDOWS\System32\msvcrt.dll
0x00007ffa19b50000 - 0x00007ffa19bf8000 	C:\WINDOWS\System32\sechost.dll
0x00007ffa193f0000 - 0x00007ffa19418000 	C:\WINDOWS\System32\bcrypt.dll
0x00007ffa198b0000 - 0x00007ffa199c5000 	C:\WINDOWS\System32\RPCRT4.dll
0x00007ffa1b590000 - 0x00007ffa1b73e000 	C:\WINDOWS\System32\USER32.dll
0x00007ffa19750000 - 0x00007ffa19776000 	C:\WINDOWS\System32\win32u.dll
0x00007ffa0ef50000 - 0x00007ffa0f1e3000 	C:\WINDOWS\WinSxS\amd64_microsoft.windows.common-controls_6595b64144ccf1df_6.0.22621.3235_none_270f74e173860f98\COMCTL32.dll
0x00007ffa1a930000 - 0x00007ffa1a959000 	C:\WINDOWS\System32\GDI32.dll
0x00007ffa191e0000 - 0x00007ffa192f9000 	C:\WINDOWS\System32\gdi32full.dll
0x00007ffa196b0000 - 0x00007ffa1974a000 	C:\WINDOWS\System32\msvcp_win.dll
0x00007ffa0fac0000 - 0x00007ffa0faca000 	C:\WINDOWS\SYSTEM32\VERSION.dll
0x00007ffa19a60000 - 0x00007ffa19a91000 	C:\WINDOWS\System32\IMM32.DLL
0x00007ffa0fd30000 - 0x00007ffa0fd3c000 	C:\Program Files\Java\jdk-17.0.1\bin\vcruntime140_1.dll
0x00007ff9cd080000 - 0x00007ff9cd10d000 	C:\Program Files\Java\jdk-17.0.1\bin\msvcp140.dll
0x00007ff9cc4c0000 - 0x00007ff9cd07e000 	C:\Program Files\Java\jdk-17.0.1\bin\server\jvm.dll
0x00007ffa1a450000 - 0x00007ffa1a458000 	C:\WINDOWS\System32\PSAPI.DLL
0x00007ffa02960000 - 0x00007ffa02969000 	C:\WINDOWS\SYSTEM32\WSOCK32.dll
0x00007ffa0e080000 - 0x00007ffa0e0b4000 	C:\WINDOWS\SYSTEM32\WINMM.dll
0x00007ffa1a720000 - 0x00007ffa1a791000 	C:\WINDOWS\System32\WS2_32.dll
0x00007ffa17f10000 - 0x00007ffa17f28000 	C:\WINDOWS\SYSTEM32\kernel.appcore.dll
0x00007ff9ffd70000 - 0x00007ff9ffd7a000 	C:\Program Files\Java\jdk-17.0.1\bin\jimage.dll
0x00007ffa16690000 - 0x00007ffa168c3000 	C:\WINDOWS\SYSTEM32\DBGHELP.DLL
0x00007ffa1b740000 - 0x00007ffa1bac8000 	C:\WINDOWS\System32\combase.dll
0x00007ffa1a7a0000 - 0x00007ffa1a877000 	C:\WINDOWS\System32\OLEAUT32.dll
0x00007ffa0b8a0000 - 0x00007ffa0b8d2000 	C:\WINDOWS\SYSTEM32\dbgcore.DLL
0x00007ffa19370000 - 0x00007ffa193e9000 	C:\WINDOWS\System32\bcryptPrimitives.dll
0x00007ffa15ba0000 - 0x00007ffa15bae000 	C:\Program Files\Java\jdk-17.0.1\bin\instrument.dll
0x00007ff9cc490000 - 0x00007ff9cc4b5000 	C:\Program Files\Java\jdk-17.0.1\bin\java.dll
0x00007ff9cc3b0000 - 0x00007ff9cc486000 	C:\Program Files\Java\jdk-17.0.1\bin\svml.dll
0x00007ffa1aaf0000 - 0x00007ffa1b34c000 	C:\WINDOWS\System32\SHELL32.dll
0x00007ffa16d80000 - 0x00007ffa17679000 	C:\WINDOWS\SYSTEM32\windows.storage.dll
0x00007ffa16c30000 - 0x00007ffa16d6e000 	C:\WINDOWS\SYSTEM32\wintypes.dll
0x00007ffa1a180000 - 0x00007ffa1a273000 	C:\WINDOWS\System32\SHCORE.dll
0x00007ffa1a880000 - 0x00007ffa1a8de000 	C:\WINDOWS\System32\shlwapi.dll
0x00007ffa18d60000 - 0x00007ffa18d81000 	C:\WINDOWS\SYSTEM32\profapi.dll
0x00007ff9e8b40000 - 0x00007ff9e8b58000 	C:\Program Files\Java\jdk-17.0.1\bin\zip.dll
0x00007ff9ebdf0000 - 0x00007ff9ebe09000 	C:\Program Files\Java\jdk-17.0.1\bin\net.dll
0x00007ffa12800000 - 0x00007ffa12936000 	C:\WINDOWS\SYSTEM32\WINHTTP.dll
0x00007ffa183e0000 - 0x00007ffa18449000 	C:\WINDOWS\system32\mswsock.dll
0x00007ff9e9ed0000 - 0x00007ff9e9ee5000 	C:\Program Files\Java\jdk-17.0.1\bin\nio.dll
0x00007ffa127e0000 - 0x00007ffa127fa000 	C:\Program Files\JetBrains\IntelliJ IDEA Community Edition 2023.3.6\bin\breakgen64.dll
0x00007ff9ea480000 - 0x00007ff9ea4fa000 	C:\Users\sampw\AppData\Local\Temp\lwjgl_sampw\3.3.2+13\x64\lwjgl.dll
0x00007ff9b4290000 - 0x00007ff9b4500000 	C:\Users\sampw\AppData\Local\Temp\lwjgl_sampw\3.3.2+13\x64\jemalloc.dll
0x00007ffa0fc40000 - 0x00007ffa0fc50000 	C:\Program Files\Java\jdk-17.0.1\bin\verify.dll
0x00007ff9cc220000 - 0x00007ff9cc3af000 	C:\Program Files\Java\jdk-17.0.1\bin\awt.dll
0x00007ffa15a10000 - 0x00007ffa15aa7000 	C:\WINDOWS\SYSTEM32\apphelp.dll
0x00007ffa16000000 - 0x00007ffa1602b000 	C:\WINDOWS\system32\DWMAPI.DLL
0x00007ffa15d80000 - 0x00007ffa15e2b000 	C:\WINDOWS\system32\uxtheme.dll
0x00007ff9d29f0000 - 0x00007ff9d2af0000 	C:\WINDOWS\system32\opengl32.dll
0x00007ff9fd6a0000 - 0x00007ff9fd6cd000 	C:\WINDOWS\SYSTEM32\GLU32.dll
0x00007ffa160c0000 - 0x00007ffa160f9000 	C:\WINDOWS\SYSTEM32\dxcore.dll
0x00007ffa1a960000 - 0x00007ffa1aab3000 	C:\WINDOWS\System32\MSCTF.dll
0x00007ffa1b3e0000 - 0x00007ffa1b585000 	C:\WINDOWS\System32\ole32.dll
0x00007ff9e8020000 - 0x00007ff9e81c9000 	C:\WINDOWS\system32\d3d9.dll
0x00007ffa0e0c0000 - 0x00007ffa0e27a000 	C:\WINDOWS\System32\DriverStore\FileRepository\u0381040.inf_amd64_4455b7391a60ce8d\B380794\aticfx64.dll
0x00007ff9d0e90000 - 0x00007ff9d0ec4000 	C:\WINDOWS\System32\DriverStore\FileRepository\u0381040.inf_amd64_4455b7391a60ce8d\B380794\atiu9p64.dll
0x00007ff9d0130000 - 0x00007ff9d0e86000 	C:\WINDOWS\System32\DriverStore\FileRepository\u0381040.inf_amd64_4455b7391a60ce8d\B380794\atiumd64.dll
0x0000000061df0000 - 0x0000000062caf000 	C:\WINDOWS\System32\DriverStore\FileRepository\u0381040.inf_amd64_4455b7391a60ce8d\B380794\atiumd6a.dll
0x00007ffa19c00000 - 0x00007ffa1a074000 	C:\WINDOWS\System32\SETUPAPI.dll
0x00007ffa17cc0000 - 0x00007ffa17d0d000 	C:\WINDOWS\SYSTEM32\POWRPROF.dll
0x00007ffa17ca0000 - 0x00007ffa17cb3000 	C:\WINDOWS\SYSTEM32\UMPDC.dll
0x00007ffa0bb90000 - 0x00007ffa0bbc0000 	C:\WINDOWS\SYSTEM32\amdihk64.dll
0x00007ffa11be0000 - 0x00007ffa11c2a000 	C:\WINDOWS\SYSTEM32\directxdatabasehelper.dll
0x00007ff9cbb10000 - 0x00007ff9cbb99000 	C:\Program Files\Java\jdk-17.0.1\bin\freetype.dll
0x00007ff9cba60000 - 0x00007ff9cbb08000 	C:\Program Files\Java\jdk-17.0.1\bin\fontmanager.dll
0x00007ffa1a280000 - 0x00007ffa1a330000 	C:\WINDOWS\System32\clbcatq.dll
0x00007ffa139b0000 - 0x00007ffa13b60000 	C:\WINDOWS\SYSTEM32\WindowsCodecs.dll
0x00007ff9ea3f0000 - 0x00007ff9ea472000 	C:\Users\sampw\AppData\Local\Temp\lwjgl_sampw\3.3.2+13\x64\glfw.dll
0x00007ff9f20c0000 - 0x00007ff9f211e000 	C:\WINDOWS\system32\dataexchange.dll
0x00007ffa0fbc0000 - 0x00007ffa0fc06000 	C:\WINDOWS\SYSTEM32\dinput8.dll
0x00007ffa0f3c0000 - 0x00007ffa0f64e000 	C:\WINDOWS\system32\twinapi.appcore.dll
0x00007ffa0fd10000 - 0x00007ffa0fd21000 	C:\WINDOWS\SYSTEM32\xinput1_4.dll
0x00007ffa18af0000 - 0x00007ffa18b3e000 	C:\WINDOWS\SYSTEM32\cfgmgr32.dll
0x00007ffa18b40000 - 0x00007ffa18b6c000 	C:\WINDOWS\SYSTEM32\DEVOBJ.dll
0x00007ff9f9f20000 - 0x00007ff9fa12a000 	C:\WINDOWS\SYSTEM32\inputhost.dll
0x00007ffa14e30000 - 0x00007ffa14f64000 	C:\WINDOWS\SYSTEM32\CoreMessaging.dll
0x00007ffa18630000 - 0x00007ffa1863c000 	C:\WINDOWS\SYSTEM32\CRYPTBASE.DLL
0x00007ffa119b0000 - 0x00007ffa11ae7000 	C:\Windows\System32\AppXDeploymentClient.dll
0x00007ffa0fcc0000 - 0x00007ffa0fcec000 	C:\WINDOWS\System32\DriverStore\FileRepository\u0381040.inf_amd64_4455b7391a60ce8d\B380794\atig6pxx.dll
0x00007ff9afe80000 - 0x00007ff9b2ce0000 	C:\WINDOWS\System32\DriverStore\FileRepository\u0381040.inf_amd64_4455b7391a60ce8d\B380794\atio6axx.dll
0x00007ff9d6140000 - 0x00007ff9d6165000 	C:\WINDOWS\SYSTEM32\dxva2.dll
0x00007ffa02fa0000 - 0x00007ffa02fdf000 	C:\WINDOWS\System32\DriverStore\FileRepository\u0381040.inf_amd64_4455b7391a60ce8d\B380794\atig6txx.dll
0x00007ff9b5400000 - 0x00007ff9b55d0000 	C:\WINDOWS\SYSTEM32\atiadlxx.dll
0x00007ff9b53b0000 - 0x00007ff9b5400000 	C:\WINDOWS\SYSTEM32\pdh.dll
0x00007ffa168e0000 - 0x00007ffa169e1000 	C:\WINDOWS\SYSTEM32\PROPSYS.dll
0x00007ffa19300000 - 0x00007ffa1936b000 	C:\WINDOWS\System32\WINTRUST.dll
0x00007ffa19420000 - 0x00007ffa19586000 	C:\WINDOWS\System32\CRYPT32.dll
0x00007ffa18690000 - 0x00007ffa186a2000 	C:\WINDOWS\SYSTEM32\MSASN1.dll
0x00007ffa0f8b0000 - 0x00007ffa0f9fa000 	C:\WINDOWS\SYSTEM32\textinputframework.dll
0x00007ff9f4570000 - 0x00007ff9f45d9000 	C:\WINDOWS\system32\Oleacc.dll
0x00007ffa043a0000 - 0x00007ffa043eb000 	C:\WINDOWS\system32\ApplicationTargetedFeatureDatabase.dll
0x00007ffa11200000 - 0x00007ffa1156c000 	C:\WINDOWS\SYSTEM32\CoreUIComponents.dll
0x00007ff9dee40000 - 0x00007ff9dee9e000 	C:\Users\sampw\AppData\Local\Temp\lwjgl_sampw\3.3.2+13\x64\lwjgl_opengl.dll
0x00007ff9ddb20000 - 0x00007ff9ddb93000 	C:\Users\sampw\AppData\Local\Temp\lwjgl_sampw\3.3.2+13\x64\lwjgl_nuklear.dll
0x00007ff9dcfd0000 - 0x00007ff9dd052000 	C:\Users\sampw\AppData\Local\Temp\lwjgl_sampw\3.3.2+13\x64\lwjgl_stb.dll
0x00007ff9b6e50000 - 0x00007ff9b6e67000 	C:\WINDOWS\system32\napinsp.dll
0x00007ff9b6e30000 - 0x00007ff9b6e4b000 	C:\WINDOWS\system32\pnrpnsp.dll
0x00007ffa17970000 - 0x00007ffa17a69000 	C:\WINDOWS\SYSTEM32\DNSAPI.dll
0x00007ffa17940000 - 0x00007ffa1796d000 	C:\WINDOWS\SYSTEM32\IPHLPAPI.DLL
0x00007ffa1b3d0000 - 0x00007ffa1b3d9000 	C:\WINDOWS\System32\NSI.dll
0x00007ff9b6e10000 - 0x00007ff9b6e21000 	C:\WINDOWS\System32\winrnr.dll
0x00007ffa10280000 - 0x00007ffa10295000 	C:\WINDOWS\system32\wshbth.dll
0x00007ff9b6de0000 - 0x00007ff9b6e01000 	C:\WINDOWS\system32\nlansp_c.dll
0x00007ffa11980000 - 0x00007ffa1198a000 	C:\Windows\System32\rasadhlp.dll
0x00007ffa11170000 - 0x00007ffa111f3000 	C:\WINDOWS\System32\fwpuclnt.dll

dbghelp: loaded successfully - version: 4.0.5 - missing functions: none
symbol engine: initialized successfully - sym options: 0x614 - pdb path: .;C:\Program Files\Java\jdk-17.0.1\bin;C:\WINDOWS\SYSTEM32;C:\WINDOWS\WinSxS\amd64_microsoft.windows.common-controls_6595b64144ccf1df_6.0.22621.3235_none_270f74e173860f98;C:\Program Files\Java\jdk-17.0.1\bin\server;C:\Program Files\JetBrains\IntelliJ IDEA Community Edition 2023.3.6\bin;C:\Users\sampw\AppData\Local\Temp\lwjgl_sampw\3.3.2+13\x64;C:\WINDOWS\System32\DriverStore\FileRepository\u0381040.inf_amd64_4455b7391a60ce8d\B380794

VM Arguments:
jvm_args: -javaagent:C:\Program Files\JetBrains\IntelliJ IDEA Community Edition 2023.3.6\lib\idea_rt.jar=55849:C:\Program Files\JetBrains\IntelliJ IDEA Community Edition 2023.3.6\bin -Dfile.encoding=UTF-8 
java_command: com.xbuilders.game.Main devmode
java_class_path (initial): C:\Users\sampw\OneDrive\Documents\NetBeansProjects\Xbuilders3\target\classes;C:\Users\sampw\.m2\repository\com\google\code\gson\gson\2.10.1\gson-2.10.1.jar;C:\Users\sampw\.m2\repository\org\lwjgl\lwjgl\3.3.2\lwjgl-3.3.2.jar;C:\Users\sampw\.m2\repository\org\lwjgl\lwjgl-assimp\3.3.2\lwjgl-assimp-3.3.2.jar;C:\Users\sampw\.m2\repository\org\lwjgl\lwjgl-bgfx\3.3.2\lwjgl-bgfx-3.3.2.jar;C:\Users\sampw\.m2\repository\org\lwjgl\lwjgl-cuda\3.3.2\lwjgl-cuda-3.3.2.jar;C:\Users\sampw\.m2\repository\org\lwjgl\lwjgl-egl\3.3.2\lwjgl-egl-3.3.2.jar;C:\Users\sampw\.m2\repository\org\lwjgl\lwjgl-fmod\3.3.2\lwjgl-fmod-3.3.2.jar;C:\Users\sampw\.m2\repository\org\lwjgl\lwjgl-freetype\3.3.2\lwjgl-freetype-3.3.2.jar;C:\Users\sampw\.m2\repository\org\lwjgl\lwjgl-glfw\3.3.2\lwjgl-glfw-3.3.2.jar;C:\Users\sampw\.m2\repository\org\lwjgl\lwjgl-harfbuzz\3.3.2\lwjgl-harfbuzz-3.3.2.jar;C:\Users\sampw\.m2\repository\org\lwjgl\lwjgl-hwloc\3.3.2\lwjgl-hwloc-3.3.2.jar;C:\Users\sampw\.m2\repository\org\lwjgl\lwjgl-jawt\3.3.2\lwjgl-jawt-3.3.2.jar;C:\Users\sampw\.m2\repository\org\lwjgl\lwjgl-jemalloc\3.3.2\lwjgl-jemalloc-3.3.2.jar;C:\Users\sampw\.m2\repository\org\lwjgl\lwjgl-ktx\3.3.2\lwjgl-ktx-3.3.2.jar;C:\Users\sampw\.m2\repository\org\lwjgl\lwjgl-libdivide\3.3.2\lwjgl-libdivide-3.3.2.jar;C:\Users\sampw\.m2\repository\org\lwjgl\lwjgl-llvm\3.3.2\lwjgl-llvm-3.3.2.jar;C:\Users\sampw\.m2\repository\org\lwjgl\lwjgl-lmdb\3.3.2\lwjgl-lmdb-3.3.2.jar;C:\Users\sampw\.m2\repository\org\lwjgl\lwjgl-lz4\3.3.2\lwjgl-lz4-3.3.2.jar;C:\Users\sampw\.m2\repository\org\lwjgl\lwjgl-meow\3.3.2\lwjgl-meow-3.3.2.jar;C:\Users\sampw\.m2\repository\org\lwjgl\lwjgl-meshoptimizer\3.3.2\lwjgl-meshoptimizer-3.3.2.jar;C:\Users\sampw\.m2\repository\org\lwjgl\lwjgl-nanovg\3.3.2\lwjgl-nanovg-3.3.2.jar;C:\Users\sampw\.m2\repository\org\lwjgl\lwjgl-nfd\3.3.2\lwjgl-nfd-3.3.2.jar;C:\Users\sampw\.m2\repository\org\lwjgl\lwjgl-nuklear\3.3.2\lwjgl-nuklear-3.3.2.jar;C:\Users\sampw\.m2\repository\org\lwjgl\lwjgl-odb
Launcher Type: SUN_STANDARD

[Global flags]
     intx CICompilerCount                          = 12                                        {product} {ergonomic}
     uint ConcGCThreads                            = 3                                         {product} {ergonomic}
     uint G1ConcRefinementThreads                  = 13                                        {product} {ergonomic}
   size_t G1HeapRegionSize                         = 2097152                                   {product} {ergonomic}
    uintx GCDrainStackTargetSize                   = 64                                        {product} {ergonomic}
   size_t InitialHeapSize                          = 257949696                                 {product} {ergonomic}
   size_t MarkStackSize                            = 4194304                                   {product} {ergonomic}
   size_t MaxHeapSize                              = 4114612224                                {product} {ergonomic}
   size_t MaxNewSize                               = 2468347904                                {product} {ergonomic}
   size_t MinHeapDeltaBytes                        = 2097152                                   {product} {ergonomic}
   size_t MinHeapSize                              = 8388608                                   {product} {ergonomic}
    uintx NonNMethodCodeHeapSize                   = 7602480                                {pd product} {ergonomic}
    uintx NonProfiledCodeHeapSize                  = 122027880                              {pd product} {ergonomic}
    uintx ProfiledCodeHeapSize                     = 122027880                              {pd product} {ergonomic}
    uintx ReservedCodeCacheSize                    = 251658240                              {pd product} {ergonomic}
     bool SegmentedCodeCache                       = true                                      {product} {ergonomic}
   size_t SoftMaxHeapSize                          = 4114612224                             {manageable} {ergonomic}
     bool UseCompressedClassPointers               = true                           {product lp64_product} {ergonomic}
     bool UseCompressedOops                        = true                           {product lp64_product} {ergonomic}
     bool UseG1GC                                  = true                                      {product} {ergonomic}
     bool UseLargePagesIndividualAllocation        = false                                  {pd product} {ergonomic}

Logging:
Log output configuration:
 #0: stdout all=warning uptime,level,tags
 #1: stderr all=off uptime,level,tags

Environment Variables:
JAVA_HOME=C:\Program Files\Java\jdk-17.0.1
PATH=C:\Program Files\Common Files\Oracle\Java\javapath;C:\WINDOWS\system32;C:\WINDOWS;C:\WINDOWS\System32\Wbem;C:\WINDOWS\System32\WindowsPowerShell\v1.0\;C:\WINDOWS\System32\OpenSSH\;C:\Program Files\PuTTY\;C:\Program Files\nodejs\;C:\Program Files\Java\jdk-16.0.1\bin;C:\Program Files\Apache Software Foundation\apache-maven-3.8.1\bin;C:\Program Files\Git\cmd;C:\Program Files\dotnet\;C:\Program Files (x86)\Windows Kits\10\Windows Performance Toolkit\;C:\Users\sampw\AppData\Local\Microsoft\WindowsApps;C:\Users\sampw\AppData\Local\GitHubDesktop\bin;C:\Users\sampw\AppData\Local\Programs\Microsoft VS Code\bin;C:\Users\sampw\AppData\Roaming\npm;C:\Program Files (x86)\mingw-w64\i686-8.1.0-posix-dwarf-rt_v6-rev0\mingw32\bin;C:\Users\sampw\anaconda3;C:\Program Files\heroku\bin;C:\Programs\Program Downloads\ffmpeg-N-102431-gf140239777-win64-gpl-shared\bin;C:\Users\sampw\AppData\Local\Packages\PythonSoftwareFoundation.Python.3.9_qbz5n2kfra8p0\LocalCache\local-packages\Python39\Scripts;C:\Programs\apache-ant-1.10.13\bin;C:\Program Files\Microsoft Visual Studio\2022\Community\Common7\IDE\CommonExtensions\Microsoft\CMake\CMake\bin\;;C:\Program Files\JetBrains\IntelliJ IDEA Community Edition 2023.3.2\bin;
USERNAME=sampw
OS=Windows_NT
PROCESSOR_IDENTIFIER=AMD64 Family 23 Model 104 Stepping 1, AuthenticAMD



---------------  S Y S T E M  ---------------

OS:
 Windows 10 , 64 bit Build 22621 (10.0.22621.3374)
OS uptime: 2 days 21:42 hours
Hyper-V role detected

CPU: total 16 (initial active 16) (16 cores per cpu, 2 threads per core) family 23 model 104 stepping 1 microcode 0x0, cx8, cmov, fxsr, ht, mmx, 3dnowpref, sse, sse2, sse3, ssse3, sse4a, sse4.1, sse4.2, popcnt, lzcnt, tsc, tscinvbit, avx, avx2, aes, clmul, bmi1, bmi2, adx, sha, fma, vzeroupper, clflush, clflushopt, hv

Memory: 4k page, system-wide physical 15695M (4032M free)
TotalPageFile size 31391M (AvailPageFile size 13995M)
current process WorkingSet (physical memory assigned to process): 599M, peak: 599M
current process commit charge ("private bytes"): 961M, peak: 966M

vm_info: Java HotSpot(TM) 64-Bit Server VM (17.0.1+12-LTS-39) for windows-amd64 JRE (17.0.1+12-LTS-39), built on Sep 27 2021 18:41:35 by "mach5one" with MS VC++ 16.8 (VS2019)

END.
