#
# A fatal error has been detected by the Java Runtime Environment:
#
#  EXCEPTION_ACCESS_VIOLATION (0xc0000005) at pc=0x00007ffffe21e567, pid=12672, tid=15688
#
# JRE version: Java(TM) SE Runtime Environment (17.0.1+12) (build 17.0.1+12-LTS-39)
# Java VM: Java HotSpot(TM) 64-Bit Server VM (17.0.1+12-LTS-39, mixed mode, sharing, tiered, compressed oops, compressed class ptrs, g1 gc, windows-amd64)
# Problematic frame:
# C  [lwjgl_stb.dll+0x2e567]
#
# No core dump will be written. Minidumps are not enabled by default on client versions of Windows
#
# If you would like to submit a bug report, please visit:
#   https://bugreport.java.com/bugreport/crash.jsp
# The crash happened outside the Java Virtual Machine in native code.
# See problematic frame for where to report the bug.
#

---------------  S U M M A R Y ------------

Command Line: -javaagent:C:\Program Files\JetBrains\IntelliJ IDEA Community Edition 2023.3.6\lib\idea_rt.jar=63808:C:\Program Files\JetBrains\IntelliJ IDEA Community Edition 2023.3.6\bin -Dfile.encoding=UTF-8 com.xbuilders.game.Main devmode

Host: AMD Ryzen 7 5700U with Radeon Graphics         , 16 cores, 15G,  Windows 10 , 64 bit Build 22621 (10.0.22621.3374)
Time: Wed Apr  3 16:25:01 2024 Mountain Daylight Time elapsed time: 6.220012 seconds (0d 0h 0m 6s)

---------------  T H R E A D  ---------------

Current thread (0x0000020f2829e330):  JavaThread "main" [_thread_in_native, id=15688, stack(0x00000018cee00000,0x00000018cef00000)]

Stack: [0x00000018cee00000,0x00000018cef00000],  sp=0x00000018ceefe260,  free space=1016k
Native frames: (J=compiled Java code, j=interpreted, Vv=VM code, C=native code)
C  [lwjgl_stb.dll+0x2e567]

Java frames: (J=compiled Java code, j=interpreted, Vv=VM code)
J 2791  org.lwjgl.stb.STBTruetype.nstbtt_GetPackedQuad(JIIIJJJI)V (0 bytes) @ 0x0000020f3774e29b [0x0000020f3774e220+0x000000000000007b]
J 3203 c2 org.lwjgl.nuklear.NkQueryFontGlyphCallbackI.callback(JJ)V (68 bytes) @ 0x0000020f377cd2dc [0x0000020f377cd080+0x000000000000025c]
v  ~StubRoutines::call_stub
j  org.lwjgl.nuklear.Nuklear.nnk_convert(JJJJJ)I+0
j  org.lwjgl.nuklear.Nuklear.nk_convert(Lorg/lwjgl/nuklear/NkContext;Lorg/lwjgl/nuklear/NkBuffer;Lorg/lwjgl/nuklear/NkBuffer;Lorg/lwjgl/nuklear/NkBuffer;Lorg/lwjgl/nuklear/NkConvertConfig;)I+35
j  com.xbuilders.window.NKWindow.NKrender(III)V+384
j  com.xbuilders.engine.ui.gameScene.GameUI.draw()V+113
j  com.xbuilders.engine.gameScene.GameScene.render()V+105
j  com.xbuilders.game.Main.render()V+9
j  com.xbuilders.game.Main.run()V+49
j  com.xbuilders.game.Main.main([Ljava/lang/String;)V+75
v  ~StubRoutines::call_stub

siginfo: EXCEPTION_ACCESS_VIOLATION (0xc0000005), reading address 0x0000020f5847dd94


Register to memory mapping:

RIP=0x00007ffffe21e567 lwjgl_stb.dll
RAX=0xffffffffffffffe9 is an unknown value
RBX=0x0000020f5847dd8c is an unknown value
RCX=0x0000020f5847e010 points into unknown readable memory: 0x000403fb000103f8 | f8 03 01 00 fb 03 04 00
RDX=0x0000000000000400 is an unknown value
RSP=0x00000018ceefe260 is pointing into the stack for thread: 0x0000020f2829e330
RBP=0x00000018ceefe3a0 is pointing into the stack for thread: 0x0000020f2829e330
RSI=0x0000020f4c98bedc points into unknown readable memory: 00 00 00 00
RDI=0x0000020f4c98beb8 points into unknown readable memory: 0xbec00000bec00000 | 00 00 c0 be 00 00 c0 be
R8 =0x0000000000000400 is an unknown value
R9 =0x00000000ffffffe9 is an unknown value
R10=0x00007ffffe220a20 lwjgl_stb.dll
R11=0x0 is NULL
R12=0x0 is NULL
R13=0x0000000000000009 is an unknown value
R14=0x00000018ceefe390 is pointing into the stack for thread: 0x0000020f2829e330
R15=0x0000020f2829e330 is a thread


Registers:
RAX=0xffffffffffffffe9, RBX=0x0000020f5847dd8c, RCX=0x0000020f5847e010, RDX=0x0000000000000400
RSP=0x00000018ceefe260, RBP=0x00000018ceefe3a0, RSI=0x0000020f4c98bedc, RDI=0x0000020f4c98beb8
R8 =0x0000000000000400, R9 =0x00000000ffffffe9, R10=0x00007ffffe220a20, R11=0x0000000000000000
R12=0x0000000000000000, R13=0x0000000000000009, R14=0x00000018ceefe390, R15=0x0000020f2829e330
RIP=0x00007ffffe21e567, EFLAGS=0x0000000000010246

Top of Stack: (sp=0x00000018ceefe260)
0x00000018ceefe260:   0000000000000000 0000000000000000
0x00000018ceefe270:   0000020f00000000 0000000000000000
0x00000018ceefe280:   000000003f000000 0000000000000000
0x00000018ceefe290:   0000000041000000 0000000000000000
0x00000018ceefe2a0:   0000000000000000 0000020f37730911
0x00000018ceefe2b0:   00000000ffffffe9 00007ffffe220a6b
0x00000018ceefe2c0:   0000020f4c98bedc 0000020f4c98bedc
0x00000018ceefe2d0:   000000002ec40000 0000020f2829e330
0x00000018ceefe2e0:   0000020f4c98bedc 0000020f4c98bed8
0x00000018ceefe2f0:   0000020f4c98beb8 00007fff00000000
0x00000018ceefe300:   00000018ceefe390 0000020f3774e33b
0x00000018ceefe310:   0000020f57dbb650 0000020f4c98bedc
0x00000018ceefe320:   0000000000000000 0000020f37730516
0x00000018ceefe330:   0000000000000400 00000000ffffffe9
0x00000018ceefe340:   0000020f4c98bedc 0000020f4c98bed8
0x00000018ceefe350:   0000020f4c98beb8 0000000000000000 

Instructions: (pc=0x00007ffffe21e567)
0x00007ffffe21e467:   0f bf cf 0f af d1 f3 0f 5e d0 0f bf cf 66 03 d0
0x00007ffffe21e477:   43 0f b6 44 1a 07 44 0f bf ca 43 0f b6 54 1a 06
0x00007ffffe21e487:   0f af d1 0f bf cf 66 41 0f 6e c1 0f 5b c0 66 03
0x00007ffffe21e497:   d0 43 0f b6 44 1a 09 44 0f bf c2 43 0f b6 54 1a
0x00007ffffe21e4a7:   08 0f af d1 f3 0f 59 c2 66 41 0f 6e c8 0f 5b c9
0x00007ffffe21e4b7:   66 03 d0 48 8b 84 24 f0 00 00 00 0f bf ca f3 0f
0x00007ffffe21e4c7:   11 03 48 8b 9c 24 d0 00 00 00 66 0f 6e c1 0f 5b
0x00007ffffe21e4d7:   c0 f3 0f 59 ca f3 0f 59 c2 f3 0f 11 08 48 8b 84
0x00007ffffe21e4e7:   24 f8 00 00 00 f3 0f 11 00 48 81 c4 c0 00 00 00
0x00007ffffe21e4f7:   5f c3 cc cc cc cc cc cc cc 48 89 5c 24 08 48 89
0x00007ffffe21e507:   74 24 10 57 48 83 ec 50 48 8b b4 24 80 00 00 00
0x00007ffffe21e517:   48 8b bc 24 90 00 00 00 44 0f 29 44 24 30 f3 44
0x00007ffffe21e527:   0f 10 05 7e ce 03 00 f3 0f 10 0e 44 0f 29 4c 24
0x00007ffffe21e537:   20 45 0f 28 c8 49 63 c1 48 6b d8 1c 66 0f 6e c2
0x00007ffffe21e547:   0f 5b c0 48 03 d9 83 bc 24 98 00 00 00 00 f3 44
0x00007ffffe21e557:   0f 5e c8 66 41 0f 6e c0 0f 5b c0 f3 44 0f 5e c0
0x00007ffffe21e567:   f3 0f 10 43 08 f3 0f 58 c1 74 75 f3 0f 58 05 16
0x00007ffffe21e577:   ce 03 00 0f 29 7c 24 40 0f 5a c0 e8 b1 cb 02 00
0x00007ffffe21e587:   f3 0f 10 4b 0c 0f 57 ff f2 0f 2c c0 f3 0f 2a f8
0x00007ffffe21e597:   48 8b 84 24 88 00 00 00 f3 0f 58 08 f3 0f 58 0d
0x00007ffffe21e5a7:   e5 cd 03 00 0f 5a c1 e8 85 cb 02 00 f3 0f 11 3f
0x00007ffffe21e5b7:   0f 57 c9 f2 0f 2c c0 f3 0f 2a c8 f3 0f 11 4f 04
0x00007ffffe21e5c7:   f3 0f 58 7b 14 f3 0f 5c 7b 08 f3 0f 11 7f 10 f3
0x00007ffffe21e5d7:   0f 58 4b 18 0f 28 7c 24 40 f3 0f 5c 4b 0c eb 31
0x00007ffffe21e5e7:   48 8b 84 24 88 00 00 00 f3 0f 11 07 f3 0f 10 43
0x00007ffffe21e5f7:   0c f3 0f 58 00 f3 0f 11 47 04 f3 0f 10 06 f3 0f
0x00007ffffe21e607:   58 43 14 f3 0f 11 47 10 f3 0f 10 08 f3 0f 58 4b
0x00007ffffe21e617:   18 f3 0f 11 4f 14 0f b7 03 66 0f 6e c0 0f 5b c0
0x00007ffffe21e627:   f3 41 0f 59 c1 f3 0f 11 47 08 0f b7 43 02 66 0f
0x00007ffffe21e637:   6e c8 0f 5b c9 f3 41 0f 59 c8 f3 0f 11 4f 0c 0f
0x00007ffffe21e647:   b7 43 04 66 0f 6e c0 0f 5b c0 f3 41 0f 59 c1 44
0x00007ffffe21e657:   0f 28 4c 24 20 f3 0f 11 47 18 0f b7 43 06 66 0f 


Stack slot to memory mapping:
stack at sp + 0 slots: 0x0 is NULL
stack at sp + 1 slots: 0x0 is NULL
stack at sp + 2 slots: 0x0000020f00000000 is an unknown value
stack at sp + 3 slots: 0x0 is NULL
stack at sp + 4 slots: 0x000000003f000000 is an unknown value
stack at sp + 5 slots: 0x0 is NULL
stack at sp + 6 slots: 0x0000000041000000 is an unknown value
stack at sp + 7 slots: 0x0 is NULL


---------------  P R O C E S S  ---------------

Threads class SMR info:
_java_thread_list=0x0000020f6376b590, length=100, elements={
0x0000020f2829e330, 0x0000020f4b48c120, 0x0000020f4b48cd90, 0x0000020f4b49f560,
0x0000020f4b4a1f30, 0x0000020f4b4a28e0, 0x0000020f4b4a3290, 0x0000020f4b4a4020,
0x0000020f4b4a49d0, 0x0000020f4b4a8d00, 0x0000020f4c1007e0, 0x0000020f4c106ce0,
0x0000020f4c1071f0, 0x0000020f4c4e3470, 0x0000020f4c430bc0, 0x0000020f4cd13700,
0x0000020f4cd56010, 0x0000020f4cd5cf60, 0x0000020f4cd5f5e0, 0x0000020f4cd5e770,
0x0000020f5bd52490, 0x0000020f5c51ea00, 0x0000020f58393db0, 0x0000020f58392f40,
0x0000020f58392a70, 0x0000020f583920d0, 0x0000020f58391730, 0x0000020f583938e0,
0x0000020f58393410, 0x0000020f58395a90, 0x0000020f58398ab0, 0x0000020f58391c00,
0x0000020f58397770, 0x0000020f58395f60, 0x0000020f58397c40, 0x0000020f58396dd0,
0x0000020f58396900, 0x0000020f58391260, 0x0000020f583972a0, 0x0000020f583955c0,
0x0000020f583925a0, 0x0000020f58394280, 0x0000020f58394750, 0x0000020f58394c20,
0x0000020f583950f0, 0x0000020f63110e70, 0x0000020f631139c0, 0x0000020f63112680,
0x0000020f631109a0, 0x0000020f6310f660, 0x0000020f6310d980, 0x0000020f631121b0,
0x0000020f63114360, 0x0000020f6310de50, 0x0000020f63111ce0, 0x0000020f6310f190,
0x0000020f63112b50, 0x0000020f63114830, 0x0000020f6310fb30, 0x0000020f631104d0,
0x0000020f6310e320, 0x0000020f63111340, 0x0000020f63113020, 0x0000020f63110000,
0x0000020f6310d4b0, 0x0000020f631134f0, 0x0000020f63113e90, 0x0000020f63111810,
0x0000020f63114d00, 0x0000020f6310e7f0, 0x0000020f6310ecc0, 0x0000020f72b9fc80,
0x0000020f72ba0af0, 0x0000020f72ba0fc0, 0x0000020f72ba2ca0, 0x0000020f72ba2300,
0x0000020f72ba0620, 0x0000020f72ba27d0, 0x0000020f72ba1490, 0x0000020f72ba1960,
0x0000020f72ba1e30, 0x0000020f72ba3170, 0x0000020f72ba0150, 0x0000020f72b9f7b0,
0x0000020f72a23d70, 0x0000020f72a20880, 0x0000020f72a1f070, 0x0000020f72a1f540,
0x0000020f72a1fee0, 0x0000020f72a233d0, 0x0000020f72a1cec0, 0x0000020f72a20d50,
0x0000020f72a1d860, 0x0000020f72a1d390, 0x0000020f6b740810, 0x0000020f6b73e4a0,
0x0000020f6b73df90, 0x0000020f6b73e9b0, 0x0000020f6b73f3d0, 0x0000020f6b740300
}

Java Threads: ( => current thread )
=>0x0000020f2829e330 JavaThread "main" [_thread_in_native, id=15688, stack(0x00000018cee00000,0x00000018cef00000)]
  0x0000020f4b48c120 JavaThread "Reference Handler" daemon [_thread_blocked, id=8176, stack(0x00000018cf500000,0x00000018cf600000)]
  0x0000020f4b48cd90 JavaThread "Finalizer" daemon [_thread_blocked, id=15960, stack(0x00000018cf600000,0x00000018cf700000)]
  0x0000020f4b49f560 JavaThread "Signal Dispatcher" daemon [_thread_blocked, id=15740, stack(0x00000018cf700000,0x00000018cf800000)]
  0x0000020f4b4a1f30 JavaThread "Attach Listener" daemon [_thread_blocked, id=15980, stack(0x00000018cf800000,0x00000018cf900000)]
  0x0000020f4b4a28e0 JavaThread "Service Thread" daemon [_thread_blocked, id=18680, stack(0x00000018cf900000,0x00000018cfa00000)]
  0x0000020f4b4a3290 JavaThread "Monitor Deflation Thread" daemon [_thread_blocked, id=14928, stack(0x00000018cfa00000,0x00000018cfb00000)]
  0x0000020f4b4a4020 JavaThread "C2 CompilerThread0" daemon [_thread_blocked, id=9120, stack(0x00000018cfb00000,0x00000018cfc00000)]
  0x0000020f4b4a49d0 JavaThread "C1 CompilerThread0" daemon [_thread_blocked, id=9600, stack(0x00000018cfc00000,0x00000018cfd00000)]
  0x0000020f4b4a8d00 JavaThread "Sweeper thread" daemon [_thread_blocked, id=7664, stack(0x00000018cfd00000,0x00000018cfe00000)]
  0x0000020f4c1007e0 JavaThread "Common-Cleaner" daemon [_thread_blocked, id=11804, stack(0x00000018cfe00000,0x00000018cff00000)]
  0x0000020f4c106ce0 JavaThread "C1 CompilerThread1" daemon [_thread_blocked, id=14760, stack(0x00000018cff00000,0x00000018d0000000)]
  0x0000020f4c1071f0 JavaThread "C1 CompilerThread2" daemon [_thread_blocked, id=932, stack(0x00000018d0000000,0x00000018d0100000)]
  0x0000020f4c4e3470 JavaThread "Monitor Ctrl-Break" daemon [_thread_in_native, id=17176, stack(0x00000018d0200000,0x00000018d0300000)]
  0x0000020f4c430bc0 JavaThread "Notification Thread" daemon [_thread_blocked, id=19296, stack(0x00000018d0300000,0x00000018d0400000)]
  0x0000020f4cd13700 JavaThread "Java2D Disposer" daemon [_thread_blocked, id=9080, stack(0x00000018d0500000,0x00000018d0600000)]
  0x0000020f4cd56010 JavaThread "AWT-Shutdown" [_thread_blocked, id=13224, stack(0x00000018d0600000,0x00000018d0700000)]
  0x0000020f4cd5cf60 JavaThread "AWT-Windows" daemon [_thread_in_native, id=19264, stack(0x00000018d0700000,0x00000018d0800000)]
  0x0000020f4cd5f5e0 JavaThread "AWT-EventQueue-0" [_thread_blocked, id=12772, stack(0x00000018d0100000,0x00000018d0200000)]
  0x0000020f4cd5e770 JavaThread "D3D Screen Updater" daemon [_thread_blocked, id=5560, stack(0x00000018d2100000,0x00000018d2200000)]
  0x0000020f5bd52490 JavaThread "C2 CompilerThread1" daemon [_thread_in_native, id=18296, stack(0x00000018d1e00000,0x00000018d1f00000)]
  0x0000020f5c51ea00 JavaThread "C1 CompilerThread3" daemon [_thread_blocked, id=18620, stack(0x00000018d2400000,0x00000018d2500000)]
  0x0000020f58393db0 JavaThread "Generation Thread" daemon [_thread_blocked, id=8696, stack(0x00000018d2600000,0x00000018d2700000)]
  0x0000020f58392f40 JavaThread "Generation Thread" daemon [_thread_blocked, id=5176, stack(0x00000018d2700000,0x00000018d2800000)]
  0x0000020f58392a70 JavaThread "Generation Thread" daemon [_thread_blocked, id=11040, stack(0x00000018d2800000,0x00000018d2900000)]
  0x0000020f583920d0 JavaThread "Generation Thread" daemon [_thread_blocked, id=1780, stack(0x00000018d2900000,0x00000018d2a00000)]
  0x0000020f58391730 JavaThread "Generation Thread" daemon [_thread_blocked, id=9348, stack(0x00000018d2a00000,0x00000018d2b00000)]
  0x0000020f583938e0 JavaThread "Generation Thread" daemon [_thread_blocked, id=11740, stack(0x00000018d2b00000,0x00000018d2c00000)]
  0x0000020f58393410 JavaThread "Generation Thread" daemon [_thread_blocked, id=17080, stack(0x00000018d2c00000,0x00000018d2d00000)]
  0x0000020f58395a90 JavaThread "Generation Thread" daemon [_thread_blocked, id=7288, stack(0x00000018d2d00000,0x00000018d2e00000)]
  0x0000020f58398ab0 JavaThread "Generation Thread" daemon [_thread_blocked, id=11208, stack(0x00000018d2e00000,0x00000018d2f00000)]
  0x0000020f58391c00 JavaThread "Generation Thread" daemon [_thread_blocked, id=10620, stack(0x00000018d2f00000,0x00000018d3000000)]
  0x0000020f58397770 JavaThread "Generation Thread" daemon [_thread_blocked, id=15820, stack(0x00000018d3000000,0x00000018d3100000)]
  0x0000020f58395f60 JavaThread "Generation Thread" daemon [_thread_blocked, id=6284, stack(0x00000018d3100000,0x00000018d3200000)]
  0x0000020f58397c40 JavaThread "Generation Thread" daemon [_thread_blocked, id=13832, stack(0x00000018d3200000,0x00000018d3300000)]
  0x0000020f58396dd0 JavaThread "Generation Thread" daemon [_thread_blocked, id=2624, stack(0x00000018d3300000,0x00000018d3400000)]
  0x0000020f58396900 JavaThread "Generation Thread" daemon [_thread_blocked, id=18912, stack(0x00000018d3400000,0x00000018d3500000)]
  0x0000020f58391260 JavaThread "Generation Thread" daemon [_thread_blocked, id=19064, stack(0x00000018d3500000,0x00000018d3600000)]
  0x0000020f583972a0 JavaThread "Generation Thread" daemon [_thread_blocked, id=10148, stack(0x00000018d3600000,0x00000018d3700000)]
  0x0000020f583955c0 JavaThread "Generation Thread" daemon [_thread_blocked, id=3692, stack(0x00000018d3700000,0x00000018d3800000)]
  0x0000020f583925a0 JavaThread "Generation Thread" daemon [_thread_blocked, id=13112, stack(0x00000018d3800000,0x00000018d3900000)]
  0x0000020f58394280 JavaThread "Generation Thread" daemon [_thread_blocked, id=9564, stack(0x00000018d3900000,0x00000018d3a00000)]
  0x0000020f58394750 JavaThread "Generation Thread" daemon [_thread_blocked, id=13200, stack(0x00000018d3a00000,0x00000018d3b00000)]
  0x0000020f58394c20 JavaThread "Generation Thread" daemon [_thread_blocked, id=1688, stack(0x00000018d3b00000,0x00000018d3c00000)]
  0x0000020f583950f0 JavaThread "Generation Thread" daemon [_thread_blocked, id=17644, stack(0x00000018d3c00000,0x00000018d3d00000)]
  0x0000020f63110e70 JavaThread "Generation Thread" daemon [_thread_blocked, id=19360, stack(0x00000018d3d00000,0x00000018d3e00000)]
  0x0000020f631139c0 JavaThread "Light Thread" daemon [_thread_blocked, id=14588, stack(0x00000018d4300000,0x00000018d4400000)]
  0x0000020f63112680 JavaThread "Light Thread" daemon [_thread_blocked, id=12972, stack(0x00000018d4400000,0x00000018d4500000)]
  0x0000020f631109a0 JavaThread "Light Thread" daemon [_thread_blocked, id=3944, stack(0x00000018d4500000,0x00000018d4600000)]
  0x0000020f6310f660 JavaThread "Light Thread" daemon [_thread_blocked, id=18604, stack(0x00000018d4600000,0x00000018d4700000)]
  0x0000020f6310d980 JavaThread "Light Thread" daemon [_thread_blocked, id=17184, stack(0x00000018d4700000,0x00000018d4800000)]
  0x0000020f631121b0 JavaThread "Light Thread" daemon [_thread_blocked, id=9836, stack(0x00000018d4800000,0x00000018d4900000)]
  0x0000020f63114360 JavaThread "Light Thread" daemon [_thread_blocked, id=9468, stack(0x00000018d4900000,0x00000018d4a00000)]
  0x0000020f6310de50 JavaThread "Light Thread" daemon [_thread_blocked, id=6944, stack(0x00000018d4a00000,0x00000018d4b00000)]
  0x0000020f63111ce0 JavaThread "Light Thread" daemon [_thread_blocked, id=10808, stack(0x00000018d4b00000,0x00000018d4c00000)]
  0x0000020f6310f190 JavaThread "Light Thread" daemon [_thread_blocked, id=13724, stack(0x00000018d4c00000,0x00000018d4d00000)]
  0x0000020f63112b50 JavaThread "Light Thread" daemon [_thread_blocked, id=16028, stack(0x00000018d4d00000,0x00000018d4e00000)]
  0x0000020f63114830 JavaThread "Light Thread" daemon [_thread_blocked, id=16852, stack(0x00000018d4e00000,0x00000018d4f00000)]
  0x0000020f6310fb30 JavaThread "Light Thread" daemon [_thread_blocked, id=16480, stack(0x00000018d4f00000,0x00000018d5000000)]
  0x0000020f631104d0 JavaThread "Light Thread" daemon [_thread_blocked, id=6376, stack(0x00000018d5000000,0x00000018d5100000)]
  0x0000020f6310e320 JavaThread "Light Thread" daemon [_thread_blocked, id=14792, stack(0x00000018d5100000,0x00000018d5200000)]
  0x0000020f63111340 JavaThread "Light Thread" daemon [_thread_blocked, id=11876, stack(0x00000018d5200000,0x00000018d5300000)]
  0x0000020f63113020 JavaThread "Light Thread" daemon [_thread_blocked, id=2116, stack(0x00000018d5300000,0x00000018d5400000)]
  0x0000020f63110000 JavaThread "Light Thread" daemon [_thread_blocked, id=2448, stack(0x00000018d5400000,0x00000018d5500000)]
  0x0000020f6310d4b0 JavaThread "Light Thread" daemon [_thread_blocked, id=14208, stack(0x00000018d5500000,0x00000018d5600000)]
  0x0000020f631134f0 JavaThread "Light Thread" daemon [_thread_blocked, id=11844, stack(0x00000018d5600000,0x00000018d5700000)]
  0x0000020f63113e90 JavaThread "Light Thread" daemon [_thread_blocked, id=13972, stack(0x00000018d5700000,0x00000018d5800000)]
  0x0000020f63111810 JavaThread "Light Thread" daemon [_thread_blocked, id=17072, stack(0x00000018d5800000,0x00000018d5900000)]
  0x0000020f63114d00 JavaThread "Light Thread" daemon [_thread_blocked, id=16784, stack(0x00000018d5900000,0x00000018d5a00000)]
  0x0000020f6310e7f0 JavaThread "Light Thread" daemon [_thread_blocked, id=11444, stack(0x00000018d5a00000,0x00000018d5b00000)]
  0x0000020f6310ecc0 JavaThread "Mesh Thread" daemon [_thread_blocked, id=15496, stack(0x00000018d5b00000,0x00000018d5c00000)]
  0x0000020f72b9fc80 JavaThread "Mesh Thread" daemon [_thread_blocked, id=1872, stack(0x00000018d5c00000,0x00000018d5d00000)]
  0x0000020f72ba0af0 JavaThread "Mesh Thread" daemon [_thread_blocked, id=5348, stack(0x00000018d5d00000,0x00000018d5e00000)]
  0x0000020f72ba0fc0 JavaThread "Mesh Thread" daemon [_thread_blocked, id=17036, stack(0x00000018d5e00000,0x00000018d5f00000)]
  0x0000020f72ba2ca0 JavaThread "Mesh Thread" daemon [_thread_blocked, id=11144, stack(0x00000018d5f00000,0x00000018d6000000)]
  0x0000020f72ba2300 JavaThread "Mesh Thread" daemon [_thread_blocked, id=17708, stack(0x00000018d6000000,0x00000018d6100000)]
  0x0000020f72ba0620 JavaThread "Mesh Thread" daemon [_thread_blocked, id=11620, stack(0x00000018d6100000,0x00000018d6200000)]
  0x0000020f72ba27d0 JavaThread "Mesh Thread" daemon [_thread_blocked, id=3760, stack(0x00000018d6200000,0x00000018d6300000)]
  0x0000020f72ba1490 JavaThread "Mesh Thread" daemon [_thread_blocked, id=19316, stack(0x00000018d6300000,0x00000018d6400000)]
  0x0000020f72ba1960 JavaThread "Mesh Thread" daemon [_thread_blocked, id=18808, stack(0x00000018d6400000,0x00000018d6500000)]
  0x0000020f72ba1e30 JavaThread "Mesh Thread" daemon [_thread_blocked, id=9208, stack(0x00000018d6500000,0x00000018d6600000)]
  0x0000020f72ba3170 JavaThread "Mesh Thread" daemon [_thread_blocked, id=2212, stack(0x00000018d6600000,0x00000018d6700000)]
  0x0000020f72ba0150 JavaThread "Mesh Thread" daemon [_thread_blocked, id=8288, stack(0x00000018d6700000,0x00000018d6800000)]
  0x0000020f72b9f7b0 JavaThread "Mesh Thread" daemon [_thread_blocked, id=17216, stack(0x00000018d6800000,0x00000018d6900000)]
  0x0000020f72a23d70 JavaThread "Mesh Thread" daemon [_thread_blocked, id=6136, stack(0x00000018d6900000,0x00000018d6a00000)]
  0x0000020f72a20880 JavaThread "Mesh Thread" daemon [_thread_blocked, id=14916, stack(0x00000018d6a00000,0x00000018d6b00000)]
  0x0000020f72a1f070 JavaThread "Mesh Thread" daemon [_thread_blocked, id=5132, stack(0x00000018d6b00000,0x00000018d6c00000)]
  0x0000020f72a1f540 JavaThread "Mesh Thread" daemon [_thread_blocked, id=13056, stack(0x00000018d6c00000,0x00000018d6d00000)]
  0x0000020f72a1fee0 JavaThread "Mesh Thread" daemon [_thread_blocked, id=10336, stack(0x00000018d6d00000,0x00000018d6e00000)]
  0x0000020f72a233d0 JavaThread "Mesh Thread" daemon [_thread_blocked, id=3456, stack(0x00000018d6e00000,0x00000018d6f00000)]
  0x0000020f72a1cec0 JavaThread "Mesh Thread" daemon [_thread_blocked, id=16592, stack(0x00000018d6f00000,0x00000018d7000000)]
  0x0000020f72a20d50 JavaThread "Mesh Thread" daemon [_thread_blocked, id=16220, stack(0x00000018d7000000,0x00000018d7100000)]
  0x0000020f72a1d860 JavaThread "Mesh Thread" daemon [_thread_blocked, id=9224, stack(0x00000018d7100000,0x00000018d7200000)]
  0x0000020f72a1d390 JavaThread "Mesh Thread" daemon [_thread_blocked, id=1716, stack(0x00000018d7200000,0x00000018d7300000)]
  0x0000020f6b740810 JavaThread "C2 CompilerThread2" daemon [_thread_blocked, id=15712, stack(0x00000018d2500000,0x00000018d2600000)]
  0x0000020f6b73e4a0 JavaThread "C2 CompilerThread3" daemon [_thread_blocked, id=8352, stack(0x00000018d3e00000,0x00000018d3f00000)]
  0x0000020f6b73df90 JavaThread "C2 CompilerThread4" daemon [_thread_blocked, id=10964, stack(0x00000018d3f00000,0x00000018d4000000)]
  0x0000020f6b73e9b0 JavaThread "C2 CompilerThread5" daemon [_thread_blocked, id=9560, stack(0x00000018d4000000,0x00000018d4100000)]
  0x0000020f6b73f3d0 JavaThread "C2 CompilerThread6" daemon [_thread_blocked, id=16632, stack(0x00000018d7500000,0x00000018d7600000)]
  0x0000020f6b740300 JavaThread "C2 CompilerThread7" daemon [_thread_blocked, id=12708, stack(0x00000018d7600000,0x00000018d7700000)]

Other Threads:
  0x0000020f4b486220 VMThread "VM Thread" [stack: 0x00000018cf400000,0x00000018cf500000] [id=3772]
  0x0000020f283264b0 WatcherThread [stack: 0x00000018d0400000,0x00000018d0500000] [id=13044]
  0x0000020f282ec720 GCTaskThread "GC Thread#0" [stack: 0x00000018cef00000,0x00000018cf000000] [id=10356]
  0x0000020f4d0eea40 GCTaskThread "GC Thread#1" [stack: 0x00000018d1400000,0x00000018d1500000] [id=9440]
  0x0000020f4d0f02e0 GCTaskThread "GC Thread#2" [stack: 0x00000018d1500000,0x00000018d1600000] [id=5788]
  0x0000020f4d0f0590 GCTaskThread "GC Thread#3" [stack: 0x00000018d1600000,0x00000018d1700000] [id=10488]
  0x0000020f4d0f72c0 GCTaskThread "GC Thread#4" [stack: 0x00000018d1700000,0x00000018d1800000] [id=6372]
  0x0000020f4d0f7570 GCTaskThread "GC Thread#5" [stack: 0x00000018d1800000,0x00000018d1900000] [id=7320]
  0x0000020f4d0d4cd0 GCTaskThread "GC Thread#6" [stack: 0x00000018d1900000,0x00000018d1a00000] [id=19072]
  0x0000020f4d0d5790 GCTaskThread "GC Thread#7" [stack: 0x00000018d1a00000,0x00000018d1b00000] [id=12200]
  0x0000020f4d0d5a40 GCTaskThread "GC Thread#8" [stack: 0x00000018d1b00000,0x00000018d1c00000] [id=18732]
  0x0000020f4d0d5cf0 GCTaskThread "GC Thread#9" [stack: 0x00000018d1c00000,0x00000018d1d00000] [id=12076]
  0x0000020f4d0d87e0 GCTaskThread "GC Thread#10" [stack: 0x00000018d1d00000,0x00000018d1e00000] [id=1844]
  0x0000020f5b810630 GCTaskThread "GC Thread#11" [stack: 0x00000018d2200000,0x00000018d2300000] [id=19372]
  0x0000020f5b80ee00 GCTaskThread "GC Thread#12" [stack: 0x00000018d2300000,0x00000018d2400000] [id=18220]
  0x0000020f282fdbb0 ConcurrentGCThread "G1 Main Marker" [stack: 0x00000018cf000000,0x00000018cf100000] [id=18844]
  0x0000020f282ffd70 ConcurrentGCThread "G1 Conc#0" [stack: 0x00000018cf100000,0x00000018cf200000] [id=14584]
  0x0000020f5c29c4b0 ConcurrentGCThread "G1 Conc#1" [stack: 0x00000018d4100000,0x00000018d4200000] [id=15788]
  0x0000020f5c29cf70 ConcurrentGCThread "G1 Conc#2" [stack: 0x00000018d4200000,0x00000018d4300000] [id=16208]
  0x0000020f4b3434f0 ConcurrentGCThread "G1 Refine#0" [stack: 0x00000018cf200000,0x00000018cf300000] [id=15656]
  0x0000020f4b343f10 ConcurrentGCThread "G1 Service" [stack: 0x00000018cf300000,0x00000018cf400000] [id=8392]

Threads with active compile tasks:
C2 CompilerThread1     6294 3697       4       com.xbuilders.engine.rendering.chunk.meshers.Chunk_NaiveMesher::compute (1195 bytes)

VM state: not at safepoint (normal execution)

VM Mutex/Monitor currently owned by a thread: None

Heap address: 0x000000070ac00000, size: 3924 MB, Compressed Oops mode: Zero based, Oop shift amount: 3

CDS archive(s) mapped at: [0x0000000800000000-0x0000000800bc0000-0x0000000800bc0000), size 12320768, SharedBaseAddress: 0x0000000800000000, ArchiveRelocationMode: 0.
Compressed class space mapped at: 0x0000000800c00000-0x0000000840c00000, reserved size: 1073741824
Narrow klass base: 0x0000000800000000, Narrow klass shift: 0, Narrow klass range: 0x100000000

GC Precious Log:
 CPUs: 16 total, 16 available
 Memory: 15695M
 Large Page Support: Disabled
 NUMA Support: Disabled
 Compressed Oops: Enabled (Zero based)
 Heap Region Size: 2M
 Heap Min Capacity: 8M
 Heap Initial Capacity: 246M
 Heap Max Capacity: 3924M
 Pre-touch: Disabled
 Parallel Workers: 13
 Concurrent Workers: 3
 Concurrent Refinement Workers: 13
 Periodic GC: Disabled

Heap:
 garbage-first heap   total 182272K, used 71561K [0x000000070ac00000, 0x0000000800000000)
  region size 2048K, 31 young (63488K), 1 survivors (2048K)
 Metaspace       used 21645K, committed 22016K, reserved 1073152K
  class space    used 1889K, committed 2112K, reserved 1048576K

Heap Regions: E=young(eden), S=young(survivor), O=old, HS=humongous(starts), HC=humongous(continues), CS=collection set, F=free, OA=open archive, CA=closed archive, TAMS=top-at-mark-start (previous, next)
|   0|0x000000070ac00000, 0x000000070ae00000, 0x000000070ae00000|100%| O|  |TAMS 0x000000070ae00000, 0x000000070ac00000| Untracked 
|   1|0x000000070ae00000, 0x000000070b000000, 0x000000070b000000|100%| O|  |TAMS 0x000000070b000000, 0x000000070ae00000| Untracked 
|   2|0x000000070b000000, 0x000000070b000000, 0x000000070b200000|  0%| F|  |TAMS 0x000000070b000000, 0x000000070b000000| Untracked 
|   3|0x000000070b200000, 0x000000070b400000, 0x000000070b400000|100%| O|  |TAMS 0x000000070b200000, 0x000000070b200000| Untracked 
|   4|0x000000070b400000, 0x000000070b400000, 0x000000070b600000|  0%| F|  |TAMS 0x000000070b400000, 0x000000070b400000| Untracked 
|   5|0x000000070b600000, 0x000000070b600000, 0x000000070b800000|  0%| F|  |TAMS 0x000000070b600000, 0x000000070b600000| Untracked 
|   6|0x000000070b800000, 0x000000070b800000, 0x000000070ba00000|  0%| F|  |TAMS 0x000000070b800000, 0x000000070b800000| Untracked 
|   7|0x000000070ba00000, 0x000000070ba00000, 0x000000070bc00000|  0%| F|  |TAMS 0x000000070ba00000, 0x000000070ba00000| Untracked 
|   8|0x000000070bc00000, 0x000000070be00000, 0x000000070be00000|100%| O|  |TAMS 0x000000070bc00000, 0x000000070bc00000| Untracked 
|   9|0x000000070be00000, 0x000000070c000000, 0x000000070c000000|100%| O|  |TAMS 0x000000070be00000, 0x000000070be00000| Untracked 
|  10|0x000000070c000000, 0x000000070c080200, 0x000000070c200000| 25%| O|  |TAMS 0x000000070c000000, 0x000000070c000000| Untracked 
|  11|0x000000070c200000, 0x000000070c200000, 0x000000070c400000|  0%| F|  |TAMS 0x000000070c200000, 0x000000070c200000| Untracked 
|  12|0x000000070c400000, 0x000000070c400000, 0x000000070c600000|  0%| F|  |TAMS 0x000000070c400000, 0x000000070c400000| Untracked 
|  13|0x000000070c600000, 0x000000070c600000, 0x000000070c800000|  0%| F|  |TAMS 0x000000070c600000, 0x000000070c600000| Untracked 
|  14|0x000000070c800000, 0x000000070c800000, 0x000000070ca00000|  0%| F|  |TAMS 0x000000070c800000, 0x000000070c800000| Untracked 
|  15|0x000000070ca00000, 0x000000070ca00000, 0x000000070cc00000|  0%| F|  |TAMS 0x000000070ca00000, 0x000000070ca00000| Untracked 
|  16|0x000000070cc00000, 0x000000070cc00000, 0x000000070ce00000|  0%| F|  |TAMS 0x000000070cc00000, 0x000000070cc00000| Untracked 
|  17|0x000000070ce00000, 0x000000070ce00000, 0x000000070d000000|  0%| F|  |TAMS 0x000000070ce00000, 0x000000070ce00000| Untracked 
|  18|0x000000070d000000, 0x000000070d000000, 0x000000070d200000|  0%| F|  |TAMS 0x000000070d000000, 0x000000070d000000| Untracked 
|  19|0x000000070d200000, 0x000000070d200000, 0x000000070d400000|  0%| F|  |TAMS 0x000000070d200000, 0x000000070d200000| Untracked 
|  20|0x000000070d400000, 0x000000070d400000, 0x000000070d600000|  0%| F|  |TAMS 0x000000070d400000, 0x000000070d400000| Untracked 
|  21|0x000000070d600000, 0x000000070d600000, 0x000000070d800000|  0%| F|  |TAMS 0x000000070d600000, 0x000000070d600000| Untracked 
|  22|0x000000070d800000, 0x000000070d800000, 0x000000070da00000|  0%| F|  |TAMS 0x000000070d800000, 0x000000070d800000| Untracked 
|  23|0x000000070da00000, 0x000000070da00000, 0x000000070dc00000|  0%| F|  |TAMS 0x000000070da00000, 0x000000070da00000| Untracked 
|  24|0x000000070dc00000, 0x000000070dc00000, 0x000000070de00000|  0%| F|  |TAMS 0x000000070dc00000, 0x000000070dc00000| Untracked 
|  25|0x000000070de00000, 0x000000070de00000, 0x000000070e000000|  0%| F|  |TAMS 0x000000070de00000, 0x000000070de00000| Untracked 
|  26|0x000000070e000000, 0x000000070e000000, 0x000000070e200000|  0%| F|  |TAMS 0x000000070e000000, 0x000000070e000000| Untracked 
|  27|0x000000070e200000, 0x000000070e200000, 0x000000070e400000|  0%| F|  |TAMS 0x000000070e200000, 0x000000070e200000| Untracked 
|  28|0x000000070e400000, 0x000000070e400000, 0x000000070e600000|  0%| F|  |TAMS 0x000000070e400000, 0x000000070e400000| Untracked 
|  29|0x000000070e600000, 0x000000070e600000, 0x000000070e800000|  0%| F|  |TAMS 0x000000070e600000, 0x000000070e600000| Untracked 
|  30|0x000000070e800000, 0x000000070e800000, 0x000000070ea00000|  0%| F|  |TAMS 0x000000070e800000, 0x000000070e800000| Untracked 
|  31|0x000000070ea00000, 0x000000070ea00000, 0x000000070ec00000|  0%| F|  |TAMS 0x000000070ea00000, 0x000000070ea00000| Untracked 
|  32|0x000000070ec00000, 0x000000070ec00000, 0x000000070ee00000|  0%| F|  |TAMS 0x000000070ec00000, 0x000000070ec00000| Untracked 
|  33|0x000000070ee00000, 0x000000070ee00000, 0x000000070f000000|  0%| F|  |TAMS 0x000000070ee00000, 0x000000070ee00000| Untracked 
|  34|0x000000070f000000, 0x000000070f000000, 0x000000070f200000|  0%| F|  |TAMS 0x000000070f000000, 0x000000070f000000| Untracked 
|  35|0x000000070f200000, 0x000000070f3622d0, 0x000000070f400000| 69%| S|CS|TAMS 0x000000070f200000, 0x000000070f200000| Complete 
|  36|0x000000070f400000, 0x000000070f400000, 0x000000070f600000|  0%| F|  |TAMS 0x000000070f400000, 0x000000070f400000| Untracked 
|  37|0x000000070f600000, 0x000000070f600000, 0x000000070f800000|  0%| F|  |TAMS 0x000000070f600000, 0x000000070f600000| Untracked 
|  38|0x000000070f800000, 0x000000070f800000, 0x000000070fa00000|  0%| F|  |TAMS 0x000000070f800000, 0x000000070f800000| Untracked 
|  39|0x000000070fa00000, 0x000000070fa00000, 0x000000070fc00000|  0%| F|  |TAMS 0x000000070fa00000, 0x000000070fa00000| Untracked 
|  40|0x000000070fc00000, 0x000000070fc00000, 0x000000070fe00000|  0%| F|  |TAMS 0x000000070fc00000, 0x000000070fc00000| Untracked 
|  41|0x000000070fe00000, 0x000000070fe00000, 0x0000000710000000|  0%| F|  |TAMS 0x000000070fe00000, 0x000000070fe00000| Untracked 
|  42|0x0000000710000000, 0x0000000710000000, 0x0000000710200000|  0%| F|  |TAMS 0x0000000710000000, 0x0000000710000000| Untracked 
|  43|0x0000000710200000, 0x0000000710200000, 0x0000000710400000|  0%| F|  |TAMS 0x0000000710200000, 0x0000000710200000| Untracked 
|  44|0x0000000710400000, 0x0000000710400000, 0x0000000710600000|  0%| F|  |TAMS 0x0000000710400000, 0x0000000710400000| Untracked 
|  45|0x0000000710600000, 0x0000000710600000, 0x0000000710800000|  0%| F|  |TAMS 0x0000000710600000, 0x0000000710600000| Untracked 
|  46|0x0000000710800000, 0x0000000710800000, 0x0000000710a00000|  0%| F|  |TAMS 0x0000000710800000, 0x0000000710800000| Untracked 
|  47|0x0000000710a00000, 0x0000000710a00000, 0x0000000710c00000|  0%| F|  |TAMS 0x0000000710a00000, 0x0000000710a00000| Untracked 
|  48|0x0000000710c00000, 0x0000000710c00000, 0x0000000710e00000|  0%| F|  |TAMS 0x0000000710c00000, 0x0000000710c00000| Untracked 
|  49|0x0000000710e00000, 0x0000000710e00000, 0x0000000711000000|  0%| F|  |TAMS 0x0000000710e00000, 0x0000000710e00000| Untracked 
|  50|0x0000000711000000, 0x0000000711000000, 0x0000000711200000|  0%| F|  |TAMS 0x0000000711000000, 0x0000000711000000| Untracked 
|  51|0x0000000711200000, 0x0000000711200000, 0x0000000711400000|  0%| F|  |TAMS 0x0000000711200000, 0x0000000711200000| Untracked 
|  52|0x0000000711400000, 0x0000000711400000, 0x0000000711600000|  0%| F|  |TAMS 0x0000000711400000, 0x0000000711400000| Untracked 
|  53|0x0000000711600000, 0x0000000711600000, 0x0000000711800000|  0%| F|  |TAMS 0x0000000711600000, 0x0000000711600000| Untracked 
|  54|0x0000000711800000, 0x0000000711800000, 0x0000000711a00000|  0%| F|  |TAMS 0x0000000711800000, 0x0000000711800000| Untracked 
|  55|0x0000000711a00000, 0x0000000711a00000, 0x0000000711c00000|  0%| F|  |TAMS 0x0000000711a00000, 0x0000000711a00000| Untracked 
|  56|0x0000000711c00000, 0x0000000711c00000, 0x0000000711e00000|  0%| F|  |TAMS 0x0000000711c00000, 0x0000000711c00000| Untracked 
|  57|0x0000000711e00000, 0x0000000711e00000, 0x0000000712000000|  0%| F|  |TAMS 0x0000000711e00000, 0x0000000711e00000| Untracked 
|  58|0x0000000712000000, 0x0000000712000000, 0x0000000712200000|  0%| F|  |TAMS 0x0000000712000000, 0x0000000712000000| Untracked 
|  59|0x0000000712200000, 0x0000000712346500, 0x0000000712400000| 63%| E|  |TAMS 0x0000000712200000, 0x0000000712200000| Complete 
|  60|0x0000000712400000, 0x0000000712600000, 0x0000000712600000|100%| E|CS|TAMS 0x0000000712400000, 0x0000000712400000| Complete 
|  61|0x0000000712600000, 0x0000000712800000, 0x0000000712800000|100%| E|CS|TAMS 0x0000000712600000, 0x0000000712600000| Complete 
|  62|0x0000000712800000, 0x0000000712a00000, 0x0000000712a00000|100%| E|CS|TAMS 0x0000000712800000, 0x0000000712800000| Complete 
|  63|0x0000000712a00000, 0x0000000712c00000, 0x0000000712c00000|100%| E|CS|TAMS 0x0000000712a00000, 0x0000000712a00000| Complete 
|  64|0x0000000712c00000, 0x0000000712e00000, 0x0000000712e00000|100%| E|CS|TAMS 0x0000000712c00000, 0x0000000712c00000| Complete 
|  65|0x0000000712e00000, 0x0000000713000000, 0x0000000713000000|100%| E|CS|TAMS 0x0000000712e00000, 0x0000000712e00000| Complete 
|  66|0x0000000713000000, 0x0000000713200000, 0x0000000713200000|100%| E|CS|TAMS 0x0000000713000000, 0x0000000713000000| Complete 
|  67|0x0000000713200000, 0x0000000713400000, 0x0000000713400000|100%| E|CS|TAMS 0x0000000713200000, 0x0000000713200000| Complete 
|  68|0x0000000713400000, 0x0000000713600000, 0x0000000713600000|100%| E|CS|TAMS 0x0000000713400000, 0x0000000713400000| Complete 
|  69|0x0000000713600000, 0x0000000713800000, 0x0000000713800000|100%| E|CS|TAMS 0x0000000713600000, 0x0000000713600000| Complete 
|  70|0x0000000713800000, 0x0000000713a00000, 0x0000000713a00000|100%| E|CS|TAMS 0x0000000713800000, 0x0000000713800000| Complete 
|  71|0x0000000713a00000, 0x0000000713c00000, 0x0000000713c00000|100%| E|CS|TAMS 0x0000000713a00000, 0x0000000713a00000| Complete 
|  72|0x0000000713c00000, 0x0000000713e00000, 0x0000000713e00000|100%| E|CS|TAMS 0x0000000713c00000, 0x0000000713c00000| Complete 
|  73|0x0000000713e00000, 0x0000000714000000, 0x0000000714000000|100%| E|CS|TAMS 0x0000000713e00000, 0x0000000713e00000| Complete 
|  74|0x0000000714000000, 0x0000000714200000, 0x0000000714200000|100%| E|CS|TAMS 0x0000000714000000, 0x0000000714000000| Complete 
|  75|0x0000000714200000, 0x0000000714400000, 0x0000000714400000|100%| E|CS|TAMS 0x0000000714200000, 0x0000000714200000| Complete 
|  76|0x0000000714400000, 0x0000000714600000, 0x0000000714600000|100%| E|CS|TAMS 0x0000000714400000, 0x0000000714400000| Complete 
|  77|0x0000000714600000, 0x0000000714800000, 0x0000000714800000|100%| E|CS|TAMS 0x0000000714600000, 0x0000000714600000| Complete 
|  78|0x0000000714800000, 0x0000000714a00000, 0x0000000714a00000|100%| E|CS|TAMS 0x0000000714800000, 0x0000000714800000| Complete 
|  79|0x0000000714a00000, 0x0000000714c00000, 0x0000000714c00000|100%| E|CS|TAMS 0x0000000714a00000, 0x0000000714a00000| Complete 
|  80|0x0000000714c00000, 0x0000000714e00000, 0x0000000714e00000|100%| E|CS|TAMS 0x0000000714c00000, 0x0000000714c00000| Complete 
|  81|0x0000000714e00000, 0x0000000715000000, 0x0000000715000000|100%| E|CS|TAMS 0x0000000714e00000, 0x0000000714e00000| Complete 
|  82|0x0000000715000000, 0x0000000715200000, 0x0000000715200000|100%| E|CS|TAMS 0x0000000715000000, 0x0000000715000000| Complete 
|  83|0x0000000715200000, 0x0000000715400000, 0x0000000715400000|100%| E|CS|TAMS 0x0000000715200000, 0x0000000715200000| Complete 
|  84|0x0000000715400000, 0x0000000715600000, 0x0000000715600000|100%| E|CS|TAMS 0x0000000715400000, 0x0000000715400000| Complete 
|  89|0x0000000715e00000, 0x0000000716000000, 0x0000000716000000|100%| E|CS|TAMS 0x0000000715e00000, 0x0000000715e00000| Complete 
|  90|0x0000000716000000, 0x0000000716200000, 0x0000000716200000|100%| E|CS|TAMS 0x0000000716000000, 0x0000000716000000| Complete 
|  91|0x0000000716200000, 0x0000000716400000, 0x0000000716400000|100%| E|CS|TAMS 0x0000000716200000, 0x0000000716200000| Complete 
| 122|0x000000071a000000, 0x000000071a200000, 0x000000071a200000|100%| E|CS|TAMS 0x000000071a000000, 0x000000071a000000| Complete 

Card table byte_map: [0x0000020f3fad0000,0x0000020f40280000] _byte_map_base: 0x0000020f3c27a000

Marking Bits (Prev, Next): (CMBitMap*) 0x0000020f282ecd70, (CMBitMap*) 0x0000020f282ecd30
 Prev Bits: [0x0000020f44780000, 0x0000020f484d0000)
 Next Bits: [0x0000020f40a30000, 0x0000020f44780000)

Polling page: 0x0000020f26210000

Metaspace:

Usage:
  Non-class:     19.29 MB used.
      Class:      1.85 MB used.
       Both:     21.14 MB used.

Virtual space:
  Non-class space:       24.00 MB reserved,      19.44 MB ( 81%) committed,  3 nodes.
      Class space:        1.00 GB reserved,       2.06 MB ( <1%) committed,  1 nodes.
             Both:        1.02 GB reserved,      21.50 MB (  2%) committed. 

Chunk freelists:
   Non-Class:  394.00 KB
       Class:  1.93 MB
        Both:  2.32 MB

MaxMetaspaceSize: unlimited
CompressedClassSpaceSize: 1.00 GB
Initial GC threshold: 21.00 MB
Current GC threshold: 35.12 MB
CDS: on
MetaspaceReclaimPolicy: balanced
 - commit_granule_bytes: 65536.
 - commit_granule_words: 8192.
 - virtual_space_node_default_size: 1048576.
 - enlarge_chunks_in_place: 1.
 - new_chunks_are_fully_committed: 0.
 - uncommit_free_chunks: 1.
 - use_allocation_guard: 0.
 - handle_deallocations: 1.


Internal statistics:

num_allocs_failed_limit: 3.
num_arena_births: 432.
num_arena_deaths: 0.
num_vsnodes_births: 4.
num_vsnodes_deaths: 0.
num_space_committed: 342.
num_space_uncommitted: 0.
num_chunks_returned_to_freelist: 3.
num_chunks_taken_from_freelist: 898.
num_chunk_merges: 0.
num_chunk_splits: 575.
num_chunks_enlarged: 366.
num_purges: 0.
num_inconsistent_stats: 0.

CodeHeap 'non-profiled nmethods': size=119168Kb used=2237Kb max_used=2237Kb free=116930Kb
 bounds [0x0000020f37630000, 0x0000020f378a0000, 0x0000020f3ea90000]
CodeHeap 'profiled nmethods': size=119104Kb used=7012Kb max_used=7012Kb free=112092Kb
 bounds [0x0000020f301e0000, 0x0000020f308c0000, 0x0000020f37630000]
CodeHeap 'non-nmethods': size=7488Kb used=3722Kb max_used=3802Kb free=3765Kb
 bounds [0x0000020f2fa90000, 0x0000020f2fe50000, 0x0000020f301e0000]
 total_blobs=5390 nmethods=3797 adapters=1502
 compilation: enabled
              stopped_count=0, restarted_count=0
 full_count=0

Compilation events (20 events):
Event: 6.196 Thread 0x0000020f6b740810 nmethod 3721 0x0000020f3784dd90 code [0x0000020f3784df40, 0x0000020f3784e268]
Event: 6.196 Thread 0x0000020f4c1071f0 nmethod 3860 0x0000020f308b0e90 code [0x0000020f308b10c0, 0x0000020f308b1be8]
Event: 6.197 Thread 0x0000020f6b740810 3698       4       com.xbuilders.engine.world.chunk.Chunk::hashCode (17 bytes)
Event: 6.197 Thread 0x0000020f6b73e9b0 nmethod 3733 0x0000020f3784e590 code [0x0000020f3784e700, 0x0000020f3784e7d8]
Event: 6.198 Thread 0x0000020f6b73e9b0 3857       4       java.util.Objects::requireNonNull (15 bytes)
Event: 6.200 Thread 0x0000020f4c1071f0 3862       3       java.lang.invoke.LambdaFormEditor::bindArgumentForm (269 bytes)
Event: 6.200 Thread 0x0000020f4c106ce0 nmethod 3858 0x0000020f308b1f10 code [0x0000020f308b23a0, 0x0000020f308b4798]
Event: 6.202 Thread 0x0000020f6b73e9b0 nmethod 3857 0x0000020f3784e910 code [0x0000020f3784ea80, 0x0000020f3784eaf8]
Event: 6.202 Thread 0x0000020f6b740810 nmethod 3698 0x0000020f3784ec10 code [0x0000020f3784ed80, 0x0000020f3784ee38]
Event: 6.202 Thread 0x0000020f6b73e9b0 3726       4       org.joml.Math::fma (19 bytes)
Event: 6.202 Thread 0x0000020f4c106ce0 3863       3       jdk.internal.misc.Unsafe::ensureClassInitialized (18 bytes)
Event: 6.202 Thread 0x0000020f6b740810 3821       4       org.lwjgl.system.MemoryStack::close (6 bytes)
Event: 6.203 Thread 0x0000020f4c106ce0 nmethod 3863 0x0000020f308b7d10 code [0x0000020f308b7ec0, 0x0000020f308b80f8]
Event: 6.204 Thread 0x0000020f4c1071f0 nmethod 3862 0x0000020f308b5610 code [0x0000020f308b59c0, 0x0000020f308b72c8]
Event: 6.206 Thread 0x0000020f6b73e9b0 nmethod 3726 0x0000020f3784f510 code [0x0000020f3784f680, 0x0000020f3784f6d8]
Event: 6.206 Thread 0x0000020f4c106ce0 3867   !   3       java.lang.invoke.LambdaForm::compileToBytecode (164 bytes)
Event: 6.206 Thread 0x0000020f6b73e9b0 3777       4       sun.misc.Unsafe::getInt (9 bytes)
Event: 6.208 Thread 0x0000020f6b740810 nmethod 3821 0x0000020f37851e90 code [0x0000020f37852000, 0x0000020f378520d8]
Event: 6.208 Thread 0x0000020f4c106ce0 nmethod 3867 0x0000020f308b8210 code [0x0000020f308b8460, 0x0000020f308b8d58]
Event: 6.209 Thread 0x0000020f6b740810 3864       4       java.lang.invoke.MethodHandle::intrinsicName (4 bytes)

GC Heap History (20 events):
Event: 5.517 GC heap before
{Heap before GC invocations=6 (full 0):
 garbage-first heap   total 49152K, used 13843K [0x000000070ac00000, 0x0000000800000000)
  region size 2048K, 5 young (10240K), 4 survivors (8192K)
 Metaspace       used 21348K, committed 21696K, reserved 1073152K
  class space    used 1858K, committed 1984K, reserved 1048576K
}
Event: 5.523 GC heap after
{Heap after GC invocations=7 (full 0):
 garbage-first heap   total 49152K, used 12184K [0x000000070ac00000, 0x0000000800000000)
  region size 2048K, 1 young (2048K), 1 survivors (2048K)
 Metaspace       used 21348K, committed 21696K, reserved 1073152K
  class space    used 1858K, committed 1984K, reserved 1048576K
}
Event: 5.559 GC heap before
{Heap before GC invocations=7 (full 0):
 garbage-first heap   total 49152K, used 34712K [0x000000070ac00000, 0x0000000800000000)
  region size 2048K, 12 young (24576K), 1 survivors (2048K)
 Metaspace       used 21363K, committed 21696K, reserved 1073152K
  class space    used 1858K, committed 1984K, reserved 1048576K
}
Event: 5.561 GC heap after
{Heap after GC invocations=8 (full 0):
 garbage-first heap   total 49152K, used 12171K [0x000000070ac00000, 0x0000000800000000)
  region size 2048K, 1 young (2048K), 1 survivors (2048K)
 Metaspace       used 21363K, committed 21696K, reserved 1073152K
  class space    used 1858K, committed 1984K, reserved 1048576K
}
Event: 5.585 GC heap before
{Heap before GC invocations=8 (full 0):
 garbage-first heap   total 49152K, used 34699K [0x000000070ac00000, 0x0000000800000000)
  region size 2048K, 12 young (24576K), 1 survivors (2048K)
 Metaspace       used 21467K, committed 21824K, reserved 1073152K
  class space    used 1866K, committed 2048K, reserved 1048576K
}
Event: 5.586 GC heap after
{Heap after GC invocations=9 (full 0):
 garbage-first heap   total 49152K, used 11402K [0x000000070ac00000, 0x0000000800000000)
  region size 2048K, 1 young (2048K), 1 survivors (2048K)
 Metaspace       used 21467K, committed 21824K, reserved 1073152K
  class space    used 1866K, committed 2048K, reserved 1048576K
}
Event: 5.624 GC heap before
{Heap before GC invocations=9 (full 0):
 garbage-first heap   total 49152K, used 35978K [0x000000070ac00000, 0x0000000800000000)
  region size 2048K, 13 young (26624K), 1 survivors (2048K)
 Metaspace       used 21481K, committed 21824K, reserved 1073152K
  class space    used 1868K, committed 2048K, reserved 1048576K
}
Event: 5.626 GC heap after
{Heap after GC invocations=10 (full 0):
 garbage-first heap   total 151552K, used 11307K [0x000000070ac00000, 0x0000000800000000)
  region size 2048K, 1 young (2048K), 1 survivors (2048K)
 Metaspace       used 21481K, committed 21824K, reserved 1073152K
  class space    used 1868K, committed 2048K, reserved 1048576K
}
Event: 5.697 GC heap before
{Heap before GC invocations=10 (full 0):
 garbage-first heap   total 151552K, used 99371K [0x000000070ac00000, 0x0000000800000000)
  region size 2048K, 44 young (90112K), 1 survivors (2048K)
 Metaspace       used 21490K, committed 21824K, reserved 1073152K
  class space    used 1869K, committed 2048K, reserved 1048576K
}
Event: 5.699 GC heap after
{Heap after GC invocations=11 (full 0):
 garbage-first heap   total 151552K, used 11641K [0x000000070ac00000, 0x0000000800000000)
  region size 2048K, 1 young (2048K), 1 survivors (2048K)
 Metaspace       used 21490K, committed 21824K, reserved 1073152K
  class space    used 1869K, committed 2048K, reserved 1048576K
}
Event: 5.771 GC heap before
{Heap before GC invocations=11 (full 0):
 garbage-first heap   total 151552K, used 99705K [0x000000070ac00000, 0x0000000800000000)
  region size 2048K, 44 young (90112K), 1 survivors (2048K)
 Metaspace       used 21500K, committed 21888K, reserved 1073152K
  class space    used 1869K, committed 2048K, reserved 1048576K
}
Event: 5.772 GC heap after
{Heap after GC invocations=12 (full 0):
 garbage-first heap   total 151552K, used 11639K [0x000000070ac00000, 0x0000000800000000)
  region size 2048K, 1 young (2048K), 1 survivors (2048K)
 Metaspace       used 21500K, committed 21888K, reserved 1073152K
  class space    used 1869K, committed 2048K, reserved 1048576K
}
Event: 5.859 GC heap before
{Heap before GC invocations=12 (full 0):
 garbage-first heap   total 151552K, used 99703K [0x000000070ac00000, 0x0000000800000000)
  region size 2048K, 44 young (90112K), 1 survivors (2048K)
 Metaspace       used 21513K, committed 21888K, reserved 1073152K
  class space    used 1869K, committed 2048K, reserved 1048576K
}
Event: 5.860 GC heap after
{Heap after GC invocations=13 (full 0):
 garbage-first heap   total 151552K, used 11527K [0x000000070ac00000, 0x0000000800000000)
  region size 2048K, 1 young (2048K), 1 survivors (2048K)
 Metaspace       used 21513K, committed 21888K, reserved 1073152K
  class space    used 1869K, committed 2048K, reserved 1048576K
}
Event: 5.948 GC heap before
{Heap before GC invocations=13 (full 0):
 garbage-first heap   total 151552K, used 97543K [0x000000070ac00000, 0x0000000800000000)
  region size 2048K, 44 young (90112K), 1 survivors (2048K)
 Metaspace       used 21517K, committed 21888K, reserved 1073152K
  class space    used 1869K, committed 2048K, reserved 1048576K
}
Event: 5.950 GC heap after
{Heap after GC invocations=14 (full 0):
 garbage-first heap   total 182272K, used 11897K [0x000000070ac00000, 0x0000000800000000)
  region size 2048K, 1 young (2048K), 1 survivors (2048K)
 Metaspace       used 21517K, committed 21888K, reserved 1073152K
  class space    used 1869K, committed 2048K, reserved 1048576K
}
Event: 6.053 GC heap before
{Heap before GC invocations=14 (full 0):
 garbage-first heap   total 182272K, used 116345K [0x000000070ac00000, 0x0000000800000000)
  region size 2048K, 53 young (108544K), 1 survivors (2048K)
 Metaspace       used 21522K, committed 21888K, reserved 1073152K
  class space    used 1869K, committed 2048K, reserved 1048576K
}
Event: 6.054 GC heap after
{Heap after GC invocations=15 (full 0):
 garbage-first heap   total 182272K, used 12002K [0x000000070ac00000, 0x0000000800000000)
  region size 2048K, 1 young (2048K), 1 survivors (2048K)
 Metaspace       used 21522K, committed 21888K, reserved 1073152K
  class space    used 1869K, committed 2048K, reserved 1048576K
}
Event: 6.143 GC heap before
{Heap before GC invocations=15 (full 0):
 garbage-first heap   total 182272K, used 118498K [0x000000070ac00000, 0x0000000800000000)
  region size 2048K, 53 young (108544K), 1 survivors (2048K)
 Metaspace       used 21531K, committed 21888K, reserved 1073152K
  class space    used 1871K, committed 2048K, reserved 1048576K
}
Event: 6.144 GC heap after
{Heap after GC invocations=16 (full 0):
 garbage-first heap   total 182272K, used 12169K [0x000000070ac00000, 0x0000000800000000)
  region size 2048K, 1 young (2048K), 1 survivors (2048K)
 Metaspace       used 21531K, committed 21888K, reserved 1073152K
  class space    used 1871K, committed 2048K, reserved 1048576K
}

Deoptimization events (20 events):
Event: 6.172 Thread 0x0000020f72ba1e30 DEOPT PACKING pc=0x0000020f307afdf2 sp=0x00000018d65ff0b0
Event: 6.172 Thread 0x0000020f72ba1e30 DEOPT UNPACKING pc=0x0000020f2fae2b43 sp=0x00000018d65fe640 mode 0
Event: 6.173 Thread 0x0000020f72a1d390 DEOPT PACKING pc=0x0000020f307afdf2 sp=0x00000018d72ff0a0
Event: 6.173 Thread 0x0000020f72a1d390 DEOPT UNPACKING pc=0x0000020f2fae2b43 sp=0x00000018d72fe630 mode 0
Event: 6.175 Thread 0x0000020f72a233d0 DEOPT PACKING pc=0x0000020f307afdf2 sp=0x00000018d6eff000
Event: 6.175 Thread 0x0000020f72ba0fc0 DEOPT PACKING pc=0x0000020f307afdf2 sp=0x00000018d5efec20
Event: 6.175 Thread 0x0000020f72ba0fc0 DEOPT UNPACKING pc=0x0000020f2fae2b43 sp=0x00000018d5efe1b0 mode 0
Event: 6.175 Thread 0x0000020f72a233d0 DEOPT UNPACKING pc=0x0000020f2fae2b43 sp=0x00000018d6efe5b0 mode 0
Event: 6.176 Thread 0x0000020f72a1f070 DEOPT PACKING pc=0x0000020f307afdf2 sp=0x00000018d6bfee30
Event: 6.176 Thread 0x0000020f72a1f070 DEOPT UNPACKING pc=0x0000020f2fae2b43 sp=0x00000018d6bfe3c0 mode 0
Event: 6.178 Thread 0x0000020f6310ecc0 DEOPT PACKING pc=0x0000020f307afdf2 sp=0x00000018d5bfef50
Event: 6.178 Thread 0x0000020f6310ecc0 DEOPT UNPACKING pc=0x0000020f2fae2b43 sp=0x00000018d5bfe4e0 mode 0
Event: 6.178 Thread 0x0000020f72b9f7b0 DEOPT PACKING pc=0x0000020f307afdf2 sp=0x00000018d68febb0
Event: 6.179 Thread 0x0000020f72b9f7b0 DEOPT UNPACKING pc=0x0000020f2fae2b43 sp=0x00000018d68fe140 mode 0
Event: 6.181 Thread 0x0000020f72ba0620 DEOPT PACKING pc=0x0000020f307afdf2 sp=0x00000018d61feba0
Event: 6.181 Thread 0x0000020f72ba0620 DEOPT UNPACKING pc=0x0000020f2fae2b43 sp=0x00000018d61fe130 mode 0
Event: 6.182 Thread 0x0000020f72a1f540 DEOPT PACKING pc=0x0000020f307afdf2 sp=0x00000018d6cfeff0
Event: 6.182 Thread 0x0000020f72a1f540 DEOPT UNPACKING pc=0x0000020f2fae2b43 sp=0x00000018d6cfe5a0 mode 0
Event: 6.182 Thread 0x0000020f72a20d50 DEOPT PACKING pc=0x0000020f307afdf2 sp=0x00000018d70ff0d0
Event: 6.183 Thread 0x0000020f72a20d50 DEOPT UNPACKING pc=0x0000020f2fae2b43 sp=0x00000018d70fe660 mode 0

Classes unloaded (0 events):
No events

Classes redefined (0 events):
No events

Internal exceptions (20 events):
Event: 0.898 Thread 0x0000020f4cd5f5e0 Exception <a 'java/lang/NoSuchMethodError'{0x000000071a051728}: 'void java.lang.invoke.DirectMethodHandle$Holder.invokeStaticInit(java.lang.Object)'> (0x000000071a051728) 
thrown [t:\workspace\open\src\hotspot\share\interpreter\linkResolver.cpp, line 766]
Event: 0.927 Thread 0x0000020f2829e330 Exception <a 'sun/nio/fs/WindowsException'{0x000000071a0d8e68}> (0x000000071a0d8e68) 
thrown [t:\workspace\open\src\hotspot\share\prims\jni.cpp, line 516]
Event: 0.927 Thread 0x0000020f2829e330 Exception <a 'sun/nio/fs/WindowsException'{0x000000071a0d91c8}> (0x000000071a0d91c8) 
thrown [t:\workspace\open\src\hotspot\share\prims\jni.cpp, line 516]
Event: 1.181 Thread 0x0000020f2829e330 Exception <a 'sun/nio/fs/WindowsException'{0x0000000719fb91a8}> (0x0000000719fb91a8) 
thrown [t:\workspace\open\src\hotspot\share\prims\jni.cpp, line 516]
Event: 1.181 Thread 0x0000020f2829e330 Exception <a 'sun/nio/fs/WindowsException'{0x0000000719fb9550}> (0x0000000719fb9550) 
thrown [t:\workspace\open\src\hotspot\share\prims\jni.cpp, line 516]
Event: 1.187 Thread 0x0000020f2829e330 Exception <a 'sun/nio/fs/WindowsException'{0x0000000719fcc3e0}> (0x0000000719fcc3e0) 
thrown [t:\workspace\open\src\hotspot\share\prims\jni.cpp, line 516]
Event: 1.187 Thread 0x0000020f2829e330 Exception <a 'sun/nio/fs/WindowsException'{0x0000000719fcc6c0}> (0x0000000719fcc6c0) 
thrown [t:\workspace\open\src\hotspot\share\prims\jni.cpp, line 516]
Event: 1.287 Thread 0x0000020f2829e330 Exception <a 'sun/nio/fs/WindowsException'{0x00000007198940c8}> (0x00000007198940c8) 
thrown [t:\workspace\open\src\hotspot\share\prims\jni.cpp, line 516]
Event: 1.287 Thread 0x0000020f2829e330 Exception <a 'sun/nio/fs/WindowsException'{0x0000000719894478}> (0x0000000719894478) 
thrown [t:\workspace\open\src\hotspot\share\prims\jni.cpp, line 516]
Event: 1.295 Thread 0x0000020f2829e330 Exception <a 'java/lang/NoSuchMethodError'{0x00000007198a7da0}: 'java.lang.Object java.lang.invoke.DirectMethodHandle$Holder.newInvokeSpecial(java.lang.Object, long)'> (0x00000007198a7da0) 
thrown [t:\workspace\open\src\hotspot\share\interpreter\linkResolver.cpp, line 766]
Event: 1.317 Thread 0x0000020f2829e330 Exception <a 'sun/nio/fs/WindowsException'{0x00000007199025c8}> (0x00000007199025c8) 
thrown [t:\workspace\open\src\hotspot\share\prims\jni.cpp, line 516]
Event: 1.317 Thread 0x0000020f2829e330 Exception <a 'sun/nio/fs/WindowsException'{0x0000000719902948}> (0x0000000719902948) 
thrown [t:\workspace\open\src\hotspot\share\prims\jni.cpp, line 516]
Event: 1.355 Thread 0x0000020f2829e330 Exception <a 'java/lang/NoSuchMethodError'{0x00000007199847a8}: 'void java.lang.invoke.DirectMethodHandle$Holder.invokeStatic(java.lang.Object, int, java.lang.Object)'> (0x00000007199847a8) 
thrown [t:\workspace\open\src\hotspot\share\interpreter\linkResolver.cpp, line 766]
Event: 2.715 Thread 0x0000020f2829e330 Exception <a 'java/lang/NoSuchMethodError'{0x00000007191a68f8}: 'int java.lang.invoke.DirectMethodHandle$Holder.invokeStatic(java.lang.Object, long, int)'> (0x00000007191a68f8) 
thrown [t:\workspace\open\src\hotspot\share\interpreter\linkResolver.cpp, line 766]
Event: 3.167 Thread 0x0000020f2829e330 Exception <a 'java/lang/NoSuchMethodError'{0x0000000718decdb0}: 'void java.lang.invoke.DirectMethodHandle$Holder.invokeStatic(java.lang.Object, java.lang.Object, java.lang.Object)'> (0x0000000718decdb0) 
thrown [t:\workspace\open\src\hotspot\share\interpreter\linkResolver.cpp, line 766]
Event: 3.769 Thread 0x0000020f2829e330 Exception <a 'java/lang/NoSuchMethodError'{0x0000000717f3eda8}: 'void java.lang.invoke.DirectMethodHandle$Holder.invokeSpecial(java.lang.Object, java.lang.Object, java.lang.Object, java.lang.Object, java.lang.Object)'> (0x0000000717f3eda8) 
thrown [t:\workspace\open\src\hotspot\share\interpreter\linkResolver.cpp, line 766]
Event: 4.011 Thread 0x0000020f2829e330 Exception <a 'java/lang/NoSuchMethodError'{0x0000000717f8a170}: 'java.lang.Object java.lang.invoke.DirectMethodHandle$Holder.invokeStatic(java.lang.Object, float)'> (0x0000000717f8a170) 
thrown [t:\workspace\open\src\hotspot\share\interpreter\linkResolver.cpp, line 766]
Event: 4.013 Thread 0x0000020f2829e330 Exception <a 'java/lang/NoSuchMethodError'{0x0000000717f8e938}: 'java.lang.Object java.lang.invoke.DirectMethodHandle$Holder.invokeSpecial(java.lang.Object, java.lang.Object, float)'> (0x0000000717f8e938) 
thrown [t:\workspace\open\src\hotspot\share\interpreter\linkResolver.cpp, line 766]
Event: 6.180 Thread 0x0000020f2829e330 Exception <a 'java/lang/NoSuchMethodError'{0x000000071276ab00}: 'java.lang.Object java.lang.invoke.DirectMethodHandle$Holder.invokeSpecial(java.lang.Object, java.lang.Object, long, int, java.lang.Object, java.lang.Object, java.lang.Object, java.lang.Object, java.lang.Object, java.lang.Object, java.lang.Object)'> (0x000000071276ab00) 
thrown [t:\workspace\open\src\hotspot\share\interpreter\linkResolver.cpp, line 766]
Event: 6.180 Thread 0x0000020f2829e330 Exception <a 'java/lang/NoSuchMethodError'{0x0000000712454630}: 'java.lang.Object java.lang.invoke.DelegatingMethodHandle$Holder.reinvoke_L(java.lang.Object, long, int, java.lang.Object, java.lang.Object, java.lang.Object, java.lang.Object, java.lang.Object, java.lang.Object, java.lang.Object)'> (0x0000000712454630) 
thrown [t:\workspace\open\src\hotspot\share\interpreter\linkResolver.cpp, line 766]

VM Operations (20 events):
Event: 5.517 Executing VM operation: G1CollectForAllocation
Event: 5.537 Executing VM operation: G1CollectForAllocation done
Event: 5.558 Executing VM operation: G1CollectForAllocation
Event: 5.563 Executing VM operation: G1CollectForAllocation done
Event: 5.584 Executing VM operation: G1CollectForAllocation
Event: 5.592 Executing VM operation: G1CollectForAllocation done
Event: 5.607 Executing VM operation: G1CollectForAllocation
Event: 5.628 Executing VM operation: G1CollectForAllocation done
Event: 5.697 Executing VM operation: G1CollectForAllocation
Event: 5.701 Executing VM operation: G1CollectForAllocation done
Event: 5.770 Executing VM operation: G1CollectForAllocation
Event: 5.774 Executing VM operation: G1CollectForAllocation done
Event: 5.858 Executing VM operation: G1CollectForAllocation
Event: 5.863 Executing VM operation: G1CollectForAllocation done
Event: 5.947 Executing VM operation: G1CollectForAllocation
Event: 5.954 Executing VM operation: G1CollectForAllocation done
Event: 6.052 Executing VM operation: G1CollectForAllocation
Event: 6.057 Executing VM operation: G1CollectForAllocation done
Event: 6.142 Executing VM operation: G1CollectForAllocation
Event: 6.147 Executing VM operation: G1CollectForAllocation done

Events (20 events):
Event: 5.583 loading class sun/awt/geom/AreaOp$1
Event: 5.583 loading class sun/awt/geom/AreaOp$1 done
Event: 5.584 loading class sun/awt/geom/CurveLink
Event: 5.584 loading class sun/awt/geom/CurveLink done
Event: 5.584 loading class sun/awt/geom/ChainEnd
Event: 5.584 loading class sun/awt/geom/ChainEnd done
Event: 5.586 loading class sun/awt/geom/Edge
Event: 5.586 loading class sun/awt/geom/Edge done
Event: 5.587 loading class java/awt/geom/Path2D$Double$CopyIterator
Event: 5.587 loading class java/awt/geom/Path2D$Double$CopyIterator done
Event: 5.588 loading class sun/awt/geom/AreaOp$EOWindOp
Event: 5.608 loading class sun/awt/geom/AreaOp$EOWindOp done
Event: 5.626 loading class sun/awt/geom/AreaOp$IntOp
Event: 5.638 loading class sun/awt/geom/AreaOp$CAGOp
Event: 5.645 loading class sun/awt/geom/AreaOp$CAGOp done
Event: 5.666 loading class sun/awt/geom/AreaOp$IntOp done
Event: 5.684 loading class java/awt/geom/AreaIterator
Event: 5.693 loading class java/awt/geom/AreaIterator done
Event: 5.699 Thread 0x0000020f6b73f3d0 Thread added: 0x0000020f6b73f3d0
Event: 5.701 Thread 0x0000020f6b740300 Thread added: 0x0000020f6b740300


Dynamic libraries:
0x00007ff65a5f0000 - 0x00007ff65a600000 	C:\Program Files\Java\jdk-17.0.1\bin\java.exe
0x00007ff820f10000 - 0x00007ff821126000 	C:\WINDOWS\SYSTEM32\ntdll.dll
0x00007ff81f790000 - 0x00007ff81f854000 	C:\WINDOWS\System32\KERNEL32.DLL
0x00007ff81e230000 - 0x00007ff81e5d7000 	C:\WINDOWS\System32\KERNELBASE.dll
0x00007ff81e5e0000 - 0x00007ff81e6f1000 	C:\WINDOWS\System32\ucrtbase.dll
0x00007fffbf390000 - 0x00007fffbf3a8000 	C:\Program Files\Java\jdk-17.0.1\bin\jli.dll
0x00007fffbf3b0000 - 0x00007fffbf3ca000 	C:\Program Files\Java\jdk-17.0.1\bin\VCRUNTIME140.dll
0x00007ff81f930000 - 0x00007ff81f9e2000 	C:\WINDOWS\System32\ADVAPI32.dll
0x00007ff81f670000 - 0x00007ff81f717000 	C:\WINDOWS\System32\msvcrt.dll
0x00007ff820c90000 - 0x00007ff820d38000 	C:\WINDOWS\System32\sechost.dll
0x00007ff81eab0000 - 0x00007ff81ead8000 	C:\WINDOWS\System32\bcrypt.dll
0x00007ff81fd80000 - 0x00007ff81fe95000 	C:\WINDOWS\System32\RPCRT4.dll
0x00007ff81f350000 - 0x00007ff81f4fe000 	C:\WINDOWS\System32\USER32.dll
0x00007ff81eae0000 - 0x00007ff81eb06000 	C:\WINDOWS\System32\win32u.dll
0x00007ff8148b0000 - 0x00007ff814b43000 	C:\WINDOWS\WinSxS\amd64_microsoft.windows.common-controls_6595b64144ccf1df_6.0.22621.3235_none_270f74e173860f98\COMCTL32.dll
0x00007ff81f8b0000 - 0x00007ff81f8d9000 	C:\WINDOWS\System32\GDI32.dll
0x00007ff81e990000 - 0x00007ff81eaa9000 	C:\WINDOWS\System32\gdi32full.dll
0x00007ff81e8f0000 - 0x00007ff81e98a000 	C:\WINDOWS\System32\msvcp_win.dll
0x00007ff813600000 - 0x00007ff81360a000 	C:\WINDOWS\SYSTEM32\VERSION.dll
0x00007ff81f870000 - 0x00007ff81f8a1000 	C:\WINDOWS\System32\IMM32.DLL
0x00007ff814cd0000 - 0x00007ff814cdc000 	C:\Program Files\Java\jdk-17.0.1\bin\vcruntime140_1.dll
0x00007fffbf300000 - 0x00007fffbf38d000 	C:\Program Files\Java\jdk-17.0.1\bin\msvcp140.dll
0x00007fffbde70000 - 0x00007fffbea2e000 	C:\Program Files\Java\jdk-17.0.1\bin\server\jvm.dll
0x00007ff820d40000 - 0x00007ff820d48000 	C:\WINDOWS\System32\PSAPI.DLL
0x00007ffffb3e0000 - 0x00007ffffb3e9000 	C:\WINDOWS\SYSTEM32\WSOCK32.dll
0x00007ff813610000 - 0x00007ff813644000 	C:\WINDOWS\SYSTEM32\WINMM.dll
0x00007ff820d50000 - 0x00007ff820dc1000 	C:\WINDOWS\System32\WS2_32.dll
0x00007ff81d370000 - 0x00007ff81d388000 	C:\WINDOWS\SYSTEM32\kernel.appcore.dll
0x00007ff8042d0000 - 0x00007ff8042da000 	C:\Program Files\Java\jdk-17.0.1\bin\jimage.dll
0x00007ff81baa0000 - 0x00007ff81bcd3000 	C:\WINDOWS\SYSTEM32\DBGHELP.DLL
0x00007ff81f9f0000 - 0x00007ff81fd78000 	C:\WINDOWS\System32\combase.dll
0x00007ff81f500000 - 0x00007ff81f5d7000 	C:\WINDOWS\System32\OLEAUT32.dll
0x00007ff811aa0000 - 0x00007ff811ad2000 	C:\WINDOWS\SYSTEM32\dbgcore.DLL
0x00007ff81e700000 - 0x00007ff81e779000 	C:\WINDOWS\System32\bcryptPrimitives.dll
0x00007ff8195f0000 - 0x00007ff8195fe000 	C:\Program Files\Java\jdk-17.0.1\bin\instrument.dll
0x00007fffbf2b0000 - 0x00007fffbf2d5000 	C:\Program Files\Java\jdk-17.0.1\bin\java.dll
0x00007fffbeea0000 - 0x00007fffbef76000 	C:\Program Files\Java\jdk-17.0.1\bin\svml.dll
0x00007ff820060000 - 0x00007ff8208bc000 	C:\WINDOWS\System32\SHELL32.dll
0x00007ff81c180000 - 0x00007ff81ca79000 	C:\WINDOWS\SYSTEM32\windows.storage.dll
0x00007ff81c040000 - 0x00007ff81c17e000 	C:\WINDOWS\SYSTEM32\wintypes.dll
0x00007ff820dd0000 - 0x00007ff820ec3000 	C:\WINDOWS\System32\SHCORE.dll
0x00007ff81ec40000 - 0x00007ff81ec9e000 	C:\WINDOWS\System32\shlwapi.dll
0x00007ff81e160000 - 0x00007ff81e181000 	C:\WINDOWS\SYSTEM32\profapi.dll
0x00007fffc0440000 - 0x00007fffc0458000 	C:\Program Files\Java\jdk-17.0.1\bin\zip.dll
0x00007fffc0480000 - 0x00007fffc0499000 	C:\Program Files\Java\jdk-17.0.1\bin\net.dll
0x00007ff817ae0000 - 0x00007ff817c16000 	C:\WINDOWS\SYSTEM32\WINHTTP.dll
0x00007ff81d7e0000 - 0x00007ff81d849000 	C:\WINDOWS\system32\mswsock.dll
0x00007fffc0460000 - 0x00007fffc0475000 	C:\Program Files\Java\jdk-17.0.1\bin\nio.dll
0x00007ff819590000 - 0x00007ff8195aa000 	C:\Program Files\JetBrains\IntelliJ IDEA Community Edition 2023.3.6\bin\breakgen64.dll
0x00007ff814f60000 - 0x00007ff814fda000 	C:\Users\sampw\AppData\Local\Temp\lwjgl_sampw\3.3.2+13\x64\lwjgl.dll
0x00007ff811050000 - 0x00007ff8112c0000 	C:\Users\sampw\AppData\Local\Temp\lwjgl_sampw\3.3.2+13\x64\jemalloc.dll
0x00007ffff5570000 - 0x00007ffff5580000 	C:\Program Files\Java\jdk-17.0.1\bin\verify.dll
0x00007fffe2cd0000 - 0x00007fffe2e5f000 	C:\Program Files\Java\jdk-17.0.1\bin\awt.dll
0x00007ff81b080000 - 0x00007ff81b117000 	C:\WINDOWS\SYSTEM32\apphelp.dll
0x00007ff81b400000 - 0x00007ff81b42b000 	C:\WINDOWS\system32\DWMAPI.DLL
0x00007ff81b1c0000 - 0x00007ff81b26b000 	C:\WINDOWS\system32\uxtheme.dll
0x00007fffc9560000 - 0x00007fffc9660000 	C:\WINDOWS\system32\opengl32.dll
0x00007fffe8140000 - 0x00007fffe816d000 	C:\WINDOWS\SYSTEM32\GLU32.dll
0x00007ff81b4c0000 - 0x00007ff81b4f9000 	C:\WINDOWS\SYSTEM32\dxcore.dll
0x00007ff820b10000 - 0x00007ff820c63000 	C:\WINDOWS\System32\MSCTF.dll
0x00007ff8208c0000 - 0x00007ff820a65000 	C:\WINDOWS\System32\ole32.dll
0x00007ffff0ea0000 - 0x00007ffff1049000 	C:\WINDOWS\system32\d3d9.dll
0x00007ff813650000 - 0x00007ff81380a000 	C:\WINDOWS\System32\DriverStore\FileRepository\u0381040.inf_amd64_4455b7391a60ce8d\B380794\aticfx64.dll
0x00007fffe8fb0000 - 0x00007fffe8fe4000 	C:\WINDOWS\System32\DriverStore\FileRepository\u0381040.inf_amd64_4455b7391a60ce8d\B380794\atiu9p64.dll
0x00007fffbb290000 - 0x00007fffbbfe6000 	C:\WINDOWS\System32\DriverStore\FileRepository\u0381040.inf_amd64_4455b7391a60ce8d\B380794\atiumd64.dll
0x0000000076010000 - 0x0000000076ecf000 	C:\WINDOWS\System32\DriverStore\FileRepository\u0381040.inf_amd64_4455b7391a60ce8d\B380794\atiumd6a.dll
0x00007ff81edb0000 - 0x00007ff81f224000 	C:\WINDOWS\System32\SETUPAPI.dll
0x00007ff81d0c0000 - 0x00007ff81d10d000 	C:\WINDOWS\SYSTEM32\POWRPROF.dll
0x00007ff81d0a0000 - 0x00007ff81d0b3000 	C:\WINDOWS\SYSTEM32\UMPDC.dll
0x00007ff8133e0000 - 0x00007ff813410000 	C:\WINDOWS\SYSTEM32\amdihk64.dll
0x00007ff817860000 - 0x00007ff8178aa000 	C:\WINDOWS\SYSTEM32\directxdatabasehelper.dll
0x00007fffe2c40000 - 0x00007fffe2cc9000 	C:\Program Files\Java\jdk-17.0.1\bin\freetype.dll
0x00007fffe2b90000 - 0x00007fffe2c38000 	C:\Program Files\Java\jdk-17.0.1\bin\fontmanager.dll
0x00007ff814ed0000 - 0x00007ff814f52000 	C:\Users\sampw\AppData\Local\Temp\lwjgl_sampw\3.3.2+13\x64\glfw.dll
0x00007ff81ed00000 - 0x00007ff81edb0000 	C:\WINDOWS\System32\clbcatq.dll
0x00007ff8196b0000 - 0x00007ff819860000 	C:\WINDOWS\SYSTEM32\WindowsCodecs.dll
0x00007ff815170000 - 0x00007ff8151b6000 	C:\WINDOWS\SYSTEM32\dinput8.dll
0x00007ff815870000 - 0x00007ff815881000 	C:\WINDOWS\SYSTEM32\xinput1_4.dll
0x00007ff81df20000 - 0x00007ff81df6e000 	C:\WINDOWS\SYSTEM32\cfgmgr32.dll
0x00007ff81def0000 - 0x00007ff81df1c000 	C:\WINDOWS\SYSTEM32\DEVOBJ.dll
0x00007ffff8970000 - 0x00007ffff8b7a000 	C:\WINDOWS\SYSTEM32\inputhost.dll
0x00007ff81ad90000 - 0x00007ff81aec4000 	C:\WINDOWS\SYSTEM32\CoreMessaging.dll
0x00007ff81da50000 - 0x00007ff81da5c000 	C:\WINDOWS\SYSTEM32\CRYPTBASE.DLL
0x00007ffff5dd0000 - 0x00007ffff5e2e000 	C:\WINDOWS\system32\dataexchange.dll
0x00007ff813fb0000 - 0x00007ff81423e000 	C:\WINDOWS\system32\twinapi.appcore.dll
0x00007ff816e80000 - 0x00007ff816fb7000 	C:\Windows\System32\AppXDeploymentClient.dll
0x00007ff814e90000 - 0x00007ff814ebc000 	C:\WINDOWS\System32\DriverStore\FileRepository\u0381040.inf_amd64_4455b7391a60ce8d\B380794\atig6pxx.dll
0x00007fffc5420000 - 0x00007fffc8280000 	C:\WINDOWS\System32\DriverStore\FileRepository\u0381040.inf_amd64_4455b7391a60ce8d\B380794\atio6axx.dll
0x00007ff800d10000 - 0x00007ff800d35000 	C:\WINDOWS\SYSTEM32\dxva2.dll
0x00007ff814e50000 - 0x00007ff814e8f000 	C:\WINDOWS\System32\DriverStore\FileRepository\u0381040.inf_amd64_4455b7391a60ce8d\B380794\atig6txx.dll
0x00007fffbea30000 - 0x00007fffbec00000 	C:\WINDOWS\SYSTEM32\atiadlxx.dll
0x00007fffaa3b0000 - 0x00007fffaa400000 	C:\WINDOWS\SYSTEM32\pdh.dll
0x00007ff81bd00000 - 0x00007ff81be01000 	C:\WINDOWS\SYSTEM32\PROPSYS.dll
0x00007ff81ebd0000 - 0x00007ff81ec3b000 	C:\WINDOWS\System32\WINTRUST.dll
0x00007ff81e780000 - 0x00007ff81e8e6000 	C:\WINDOWS\System32\CRYPT32.dll
0x00007ff81da90000 - 0x00007ff81daa2000 	C:\WINDOWS\SYSTEM32\MSASN1.dll
0x00007ff801e20000 - 0x00007ff801f6a000 	C:\WINDOWS\SYSTEM32\textinputframework.dll
0x00007ffff5780000 - 0x00007ffff57e9000 	C:\WINDOWS\system32\Oleacc.dll
0x00007ff800bb0000 - 0x00007ff800bfb000 	C:\WINDOWS\system32\ApplicationTargetedFeatureDatabase.dll
0x00007ff816b10000 - 0x00007ff816e7c000 	C:\WINDOWS\SYSTEM32\CoreUIComponents.dll
0x00007ff8150e0000 - 0x00007ff81513e000 	C:\Users\sampw\AppData\Local\Temp\lwjgl_sampw\3.3.2+13\x64\lwjgl_opengl.dll
0x00007ff810fd0000 - 0x00007ff811043000 	C:\Users\sampw\AppData\Local\Temp\lwjgl_sampw\3.3.2+13\x64\lwjgl_nuklear.dll
0x00007ffffe1f0000 - 0x00007ffffe272000 	C:\Users\sampw\AppData\Local\Temp\lwjgl_sampw\3.3.2+13\x64\lwjgl_stb.dll
0x00007fffacf20000 - 0x00007fffacf37000 	C:\WINDOWS\system32\napinsp.dll
0x00007fffacf00000 - 0x00007fffacf1b000 	C:\WINDOWS\system32\pnrpnsp.dll
0x00007ff81cd80000 - 0x00007ff81ce79000 	C:\WINDOWS\SYSTEM32\DNSAPI.dll
0x00007ff81cd50000 - 0x00007ff81cd7d000 	C:\WINDOWS\SYSTEM32\IPHLPAPI.DLL
0x00007ff81f860000 - 0x00007ff81f869000 	C:\WINDOWS\System32\NSI.dll
0x00007fffacee0000 - 0x00007fffacef1000 	C:\WINDOWS\System32\winrnr.dll
0x00007ff815e50000 - 0x00007ff815e65000 	C:\WINDOWS\system32\wshbth.dll
0x00007fffaceb0000 - 0x00007fffaced1000 	C:\WINDOWS\system32\nlansp_c.dll
0x00007ff8157b0000 - 0x00007ff8157ba000 	C:\Windows\System32\rasadhlp.dll
0x00007ff815cf0000 - 0x00007ff815d73000 	C:\WINDOWS\System32\fwpuclnt.dll

dbghelp: loaded successfully - version: 4.0.5 - missing functions: none
symbol engine: initialized successfully - sym options: 0x614 - pdb path: .;C:\Program Files\Java\jdk-17.0.1\bin;C:\WINDOWS\SYSTEM32;C:\WINDOWS\WinSxS\amd64_microsoft.windows.common-controls_6595b64144ccf1df_6.0.22621.3235_none_270f74e173860f98;C:\Program Files\Java\jdk-17.0.1\bin\server;C:\Program Files\JetBrains\IntelliJ IDEA Community Edition 2023.3.6\bin;C:\Users\sampw\AppData\Local\Temp\lwjgl_sampw\3.3.2+13\x64;C:\WINDOWS\System32\DriverStore\FileRepository\u0381040.inf_amd64_4455b7391a60ce8d\B380794

VM Arguments:
jvm_args: -javaagent:C:\Program Files\JetBrains\IntelliJ IDEA Community Edition 2023.3.6\lib\idea_rt.jar=63808:C:\Program Files\JetBrains\IntelliJ IDEA Community Edition 2023.3.6\bin -Dfile.encoding=UTF-8 
java_command: com.xbuilders.game.Main devmode
java_class_path (initial): C:\Local Files\Java\Projects\Xbuilders3\target\classes;C:\Users\sampw\.m2\repository\com\google\code\gson\gson\2.10.1\gson-2.10.1.jar;C:\Users\sampw\.m2\repository\org\lwjgl\lwjgl\3.3.2\lwjgl-3.3.2.jar;C:\Users\sampw\.m2\repository\org\lwjgl\lwjgl-assimp\3.3.2\lwjgl-assimp-3.3.2.jar;C:\Users\sampw\.m2\repository\org\lwjgl\lwjgl-bgfx\3.3.2\lwjgl-bgfx-3.3.2.jar;C:\Users\sampw\.m2\repository\org\lwjgl\lwjgl-cuda\3.3.2\lwjgl-cuda-3.3.2.jar;C:\Users\sampw\.m2\repository\org\lwjgl\lwjgl-egl\3.3.2\lwjgl-egl-3.3.2.jar;C:\Users\sampw\.m2\repository\org\lwjgl\lwjgl-fmod\3.3.2\lwjgl-fmod-3.3.2.jar;C:\Users\sampw\.m2\repository\org\lwjgl\lwjgl-freetype\3.3.2\lwjgl-freetype-3.3.2.jar;C:\Users\sampw\.m2\repository\org\lwjgl\lwjgl-glfw\3.3.2\lwjgl-glfw-3.3.2.jar;C:\Users\sampw\.m2\repository\org\lwjgl\lwjgl-harfbuzz\3.3.2\lwjgl-harfbuzz-3.3.2.jar;C:\Users\sampw\.m2\repository\org\lwjgl\lwjgl-hwloc\3.3.2\lwjgl-hwloc-3.3.2.jar;C:\Users\sampw\.m2\repository\org\lwjgl\lwjgl-jawt\3.3.2\lwjgl-jawt-3.3.2.jar;C:\Users\sampw\.m2\repository\org\lwjgl\lwjgl-jemalloc\3.3.2\lwjgl-jemalloc-3.3.2.jar;C:\Users\sampw\.m2\repository\org\lwjgl\lwjgl-ktx\3.3.2\lwjgl-ktx-3.3.2.jar;C:\Users\sampw\.m2\repository\org\lwjgl\lwjgl-libdivide\3.3.2\lwjgl-libdivide-3.3.2.jar;C:\Users\sampw\.m2\repository\org\lwjgl\lwjgl-llvm\3.3.2\lwjgl-llvm-3.3.2.jar;C:\Users\sampw\.m2\repository\org\lwjgl\lwjgl-lmdb\3.3.2\lwjgl-lmdb-3.3.2.jar;C:\Users\sampw\.m2\repository\org\lwjgl\lwjgl-lz4\3.3.2\lwjgl-lz4-3.3.2.jar;C:\Users\sampw\.m2\repository\org\lwjgl\lwjgl-meow\3.3.2\lwjgl-meow-3.3.2.jar;C:\Users\sampw\.m2\repository\org\lwjgl\lwjgl-meshoptimizer\3.3.2\lwjgl-meshoptimizer-3.3.2.jar;C:\Users\sampw\.m2\repository\org\lwjgl\lwjgl-nanovg\3.3.2\lwjgl-nanovg-3.3.2.jar;C:\Users\sampw\.m2\repository\org\lwjgl\lwjgl-nfd\3.3.2\lwjgl-nfd-3.3.2.jar;C:\Users\sampw\.m2\repository\org\lwjgl\lwjgl-nuklear\3.3.2\lwjgl-nuklear-3.3.2.jar;C:\Users\sampw\.m2\repository\org\lwjgl\lwjgl-odbc\3.3.2\lwjgl-odbc-3.3
Launcher Type: SUN_STANDARD

[Global flags]
     intx CICompilerCount                          = 12                                        {product} {ergonomic}
     uint ConcGCThreads                            = 3                                         {product} {ergonomic}
     uint G1ConcRefinementThreads                  = 13                                        {product} {ergonomic}
   size_t G1HeapRegionSize                         = 2097152                                   {product} {ergonomic}
    uintx GCDrainStackTargetSize                   = 64                                        {product} {ergonomic}
   size_t InitialHeapSize                          = 257949696                                 {product} {ergonomic}
   size_t MarkStackSize                            = 4194304                                   {product} {ergonomic}
   size_t MaxHeapSize                              = 4114612224                                {product} {ergonomic}
   size_t MaxNewSize                               = 2468347904                                {product} {ergonomic}
   size_t MinHeapDeltaBytes                        = 2097152                                   {product} {ergonomic}
   size_t MinHeapSize                              = 8388608                                   {product} {ergonomic}
    uintx NonNMethodCodeHeapSize                   = 7602480                                {pd product} {ergonomic}
    uintx NonProfiledCodeHeapSize                  = 122027880                              {pd product} {ergonomic}
    uintx ProfiledCodeHeapSize                     = 122027880                              {pd product} {ergonomic}
    uintx ReservedCodeCacheSize                    = 251658240                              {pd product} {ergonomic}
     bool SegmentedCodeCache                       = true                                      {product} {ergonomic}
   size_t SoftMaxHeapSize                          = 4114612224                             {manageable} {ergonomic}
     bool UseCompressedClassPointers               = true                           {product lp64_product} {ergonomic}
     bool UseCompressedOops                        = true                           {product lp64_product} {ergonomic}
     bool UseG1GC                                  = true                                      {product} {ergonomic}
     bool UseLargePagesIndividualAllocation        = false                                  {pd product} {ergonomic}

Logging:
Log output configuration:
 #0: stdout all=warning uptime,level,tags
 #1: stderr all=off uptime,level,tags

Environment Variables:
JAVA_HOME=C:\Program Files\Java\jdk-17.0.1
PATH=C:\Program Files\Common Files\Oracle\Java\javapath;C:\WINDOWS\system32;C:\WINDOWS;C:\WINDOWS\System32\Wbem;C:\WINDOWS\System32\WindowsPowerShell\v1.0\;C:\WINDOWS\System32\OpenSSH\;C:\Program Files\PuTTY\;C:\Program Files\nodejs\;C:\Program Files\Java\jdk-16.0.1\bin;C:\Program Files\Apache Software Foundation\apache-maven-3.8.1\bin;C:\Program Files\Git\cmd;C:\Program Files\dotnet\;C:\Program Files (x86)\Windows Kits\10\Windows Performance Toolkit\;C:\Users\sampw\AppData\Local\Microsoft\WindowsApps;C:\Users\sampw\AppData\Local\GitHubDesktop\bin;C:\Users\sampw\AppData\Local\Programs\Microsoft VS Code\bin;C:\Users\sampw\AppData\Roaming\npm;C:\Program Files (x86)\mingw-w64\i686-8.1.0-posix-dwarf-rt_v6-rev0\mingw32\bin;C:\Users\sampw\anaconda3;C:\Program Files\heroku\bin;C:\Programs\Program Downloads\ffmpeg-N-102431-gf140239777-win64-gpl-shared\bin;C:\Users\sampw\AppData\Local\Packages\PythonSoftwareFoundation.Python.3.9_qbz5n2kfra8p0\LocalCache\local-packages\Python39\Scripts;C:\Programs\apache-ant-1.10.13\bin;C:\Program Files\Microsoft Visual Studio\2022\Community\Common7\IDE\CommonExtensions\Microsoft\CMake\CMake\bin\;;C:\Program Files\JetBrains\IntelliJ IDEA Community Edition 2023.3.2\bin;
USERNAME=sampw
OS=Windows_NT
PROCESSOR_IDENTIFIER=AMD64 Family 23 Model 104 Stepping 1, AuthenticAMD



---------------  S Y S T E M  ---------------

OS:
 Windows 10 , 64 bit Build 22621 (10.0.22621.3374)
OS uptime: 1 days 22:22 hours
Hyper-V role detected

CPU: total 16 (initial active 16) (16 cores per cpu, 2 threads per core) family 23 model 104 stepping 1 microcode 0x0, cx8, cmov, fxsr, ht, mmx, 3dnowpref, sse, sse2, sse3, ssse3, sse4a, sse4.1, sse4.2, popcnt, lzcnt, tsc, tscinvbit, avx, avx2, aes, clmul, bmi1, bmi2, adx, sha, fma, vzeroupper, clflush, clflushopt, hv

Memory: 4k page, system-wide physical 15695M (6605M free)
TotalPageFile size 31391M (AvailPageFile size 17771M)
current process WorkingSet (physical memory assigned to process): 532M, peak: 532M
current process commit charge ("private bytes"): 874M, peak: 914M

vm_info: Java HotSpot(TM) 64-Bit Server VM (17.0.1+12-LTS-39) for windows-amd64 JRE (17.0.1+12-LTS-39), built on Sep 27 2021 18:41:35 by "mach5one" with MS VC++ 16.8 (VS2019)

END.
