#
# A fatal error has been detected by the Java Runtime Environment:
#
#  EXCEPTION_ACCESS_VIOLATION (0xc0000005) at pc=0x00007ffaa8ef9679, pid=12764, tid=8556
#
# JRE version: Java(TM) SE Runtime Environment (17.0.1+12) (build 17.0.1+12-LTS-39)
# Java VM: Java HotSpot(TM) 64-Bit Server VM (17.0.1+12-LTS-39, mixed mode, sharing, tiered, compressed oops, compressed class ptrs, g1 gc, windows-amd64)
# Problematic frame:
# V  [jvm.dll+0x2a9679]
#
# No core dump will be written. Minidumps are not enabled by default on client versions of Windows
#
# If you would like to submit a bug report, please visit:
#   https://bugreport.java.com/bugreport/crash.jsp
#

---------------  S U M M A R Y ------------

Command Line: -XX:+ShowCodeDetailsInExceptionMessages com.xbuilders.game.Main

Host: AMD Ryzen 7 5700U with Radeon Graphics         , 16 cores, 15G,  Windows 10 , 64 bit Build 22621 (10.0.22621.3527)
Time: Sun May 12 12:21:48 2024 Mountain Daylight Time elapsed time: 2.000166 seconds (0d 0h 0m 2s)

---------------  T H R E A D  ---------------

Current thread (0x0000015cc75685d0):  JavaThread "C2 CompilerThread0" daemon [_thread_in_native, id=8556, stack(0x00000024be800000,0x00000024be900000)]


Current CompileTask:
C2:   2000 2080       4       jdk.internal.util.jar.JarIndex::get (49 bytes)

Stack: [0x00000024be800000,0x00000024be900000],  sp=0x00000024be8fa690,  free space=1001k
Native frames: (J=compiled Java code, j=interpreted, Vv=VM code, C=native code)
V  [jvm.dll+0x2a9679]
V  [jvm.dll+0x5785a9]
V  [jvm.dll+0x21dd7d]
V  [jvm.dll+0x2172d1]
V  [jvm.dll+0x214f05]
V  [jvm.dll+0x1a168d]
V  [jvm.dll+0x224848]
V  [jvm.dll+0x2229ac]
V  [jvm.dll+0x78435b]
V  [jvm.dll+0x77e91a]
V  [jvm.dll+0x66e845]
C  [ucrtbase.dll+0x29333]
C  [KERNEL32.DLL+0x1257d]
C  [ntdll.dll+0x5aa48]


siginfo: EXCEPTION_ACCESS_VIOLATION (0xc0000005), reading address 0x0000000000000035


Register to memory mapping:

RIP=0x00007ffaa8ef9679 jvm.dll
RAX=0x00000000000007e8 is an unknown value
RBX=0x0000015cd497e0f0 points into unknown readable memory: 0x0000015cc8403e10 | 10 3e 40 c8 5c 01 00 00
RCX=0x0000000000000015 is an unknown value
RDX=0x0000015cd497e190 points into unknown readable memory: 0x0000015cc8403fe8 | e8 3f 40 c8 5c 01 00 00
RSP=0x00000024be8fa690 is pointing into the stack for thread: 0x0000015cc75685d0
RBP=0x0000015cd497bd00 points into unknown readable memory: 0x0000000000000000 | 00 00 00 00 00 00 00 00
RSI=0x00000024be8faad0 is pointing into the stack for thread: 0x0000015cc75685d0
RDI=0x0 is NULL
R8 =0x0000015cd497bd00 points into unknown readable memory: 0x0000000000000000 | 00 00 00 00 00 00 00 00
R9 =0x0000015cd4980710 points into unknown readable memory: 0x0000015cc80f7cf0 | f0 7c 0f c8 5c 01 00 00
R10=0x00000000000000f2 is an unknown value
R11=0x0000015cd497e140 points into unknown readable memory: 0x0000015cc8403f78 | 78 3f 40 c8 5c 01 00 00
R12=0x0000015cd497e140 points into unknown readable memory: 0x0000015cc8403f78 | 78 3f 40 c8 5c 01 00 00
R13=0x0 is NULL
R14=0x0000015cc86b6cf0 points into unknown readable memory: 0xffffffff00000001 | 01 00 00 00 ff ff ff ff
R15=0x0000015cc8403f78 points into unknown readable memory: 0x00007ffaa95841a8 | a8 41 58 a9 fa 7f 00 00


Registers:
RAX=0x00000000000007e8, RBX=0x0000015cd497e0f0, RCX=0x0000000000000015, RDX=0x0000015cd497e190
RSP=0x00000024be8fa690, RBP=0x0000015cd497bd00, RSI=0x00000024be8faad0, RDI=0x0000000000000000
R8 =0x0000015cd497bd00, R9 =0x0000015cd4980710, R10=0x00000000000000f2, R11=0x0000015cd497e140
R12=0x0000015cd497e140, R13=0x0000000000000000, R14=0x0000015cc86b6cf0, R15=0x0000015cc8403f78
RIP=0x00007ffaa8ef9679, EFLAGS=0x0000000000010202

Top of Stack: (sp=0x00000024be8fa690)
0x00000024be8fa690:   0000015cd497bd00 00000024be8fa6e0
0x00000024be8fa6a0:   00000024be8faad0 0000015cc86b6cf0
0x00000024be8fa6b0:   0000015cc86b6cf0 0000015cc7567820
0x00000024be8fa6c0:   0000015cc86e6c80 00000000000482c0
0x00000024be8fa6d0:   0000015cc86e9ff0 0000015cc86eec68
0x00000024be8fa6e0:   0000002400000080 0000015cc86ba630
0x00000024be8fa6f0:   0000002400000080 0000015cc7567820
0x00000024be8fa700:   00000000012bc160 0000000000000000
0x00000024be8fa710:   0000000000000002 0000000000018300
0x00000024be8fa720:   0000015ca42cb3c0 0000000000000000
0x00000024be8fa730:   0000015cc7404260 00000024be8fa850
0x00000024be8fa740:   00000024be8faad0 00007ffaa91c85a9
0x00000024be8fa750:   00000024be8faad0 00000024000002a4
0x00000024be8fa760:   0000015cd497bd00 0000000000000073
0x00000024be8fa770:   0000000000000000 0000000000000000
0x00000024be8fa780:   0000000000008010 0000000000000000 

Instructions: (pc=0x00007ffaa8ef9679)
0x00007ffaa8ef9579:   49 b0 79 f3 4c 8b 46 10 41 8b 88 38 02 00 00 33
0x00007ffaa8ef9589:   d2 ff c1 48 c1 e1 02 e8 8b c5 41 00 48 8b 4e 10
0x00007ffaa8ef9599:   ba ff ff ff ff 4c 8b f0 48 89 44 24 20 44 8b 81
0x00007ffaa8ef95a9:   38 02 00 00 48 8b c8 41 ff c0 49 c1 e0 02 e8 b6
0x00007ffaa8ef95b9:   1d 58 00 48 8d 4c 24 50 e8 0a e6 50 00 4d 8b ce
0x00007ffaa8ef95c9:   48 8d 54 24 50 4c 8b c6 48 8b cd e8 17 fc ff ff
0x00007ffaa8ef95d9:   89 84 24 c8 00 00 00 4c 89 6d 08 48 89 6d 18 8d
0x00007ffaa8ef95e9:   48 ff 48 63 d1 48 83 fa 01 0f 8e 87 03 00 00 4c
0x00007ffaa8ef95f9:   8d 24 92 49 c1 e4 04 4c 03 e5 48 ff ca 48 89 94
0x00007ffaa8ef9609:   24 d8 00 00 00 66 90 4d 8b 3c 24 41 8b fd 41 83
0x00007ffaa8ef9619:   7f 18 00 0f 86 b5 00 00 00 8b c7 48 8d 1c c5 00
0x00007ffaa8ef9629:   00 00 00 49 8b 47 08 48 8b 0c 03 48 85 c9 0f 84
0x00007ffaa8ef9639:   8e 00 00 00 48 8b 01 ff 50 10 84 c0 0f 84 80 00
0x00007ffaa8ef9649:   00 00 49 8b 47 08 48 8b 0c 03 8b 41 28 41 8b 0c
0x00007ffaa8ef9659:   86 83 f9 ff 74 6c 48 8d 1c 89 48 c1 e3 04 48 03
0x00007ffaa8ef9669:   dd 48 8b 4b 20 48 85 c9 75 06 48 8b 4b 18 eb 43
0x00007ffaa8ef9679:   48 83 79 20 00 74 2a e8 2b fb ff ff 4c 8b 43 20
0x00007ffaa8ef9689:   48 8b 53 18 49 8b 48 18 8b 42 08 39 41 08 73 07
0x00007ffaa8ef9699:   48 89 4b 18 48 8b d1 49 8b 48 20 48 89 4b 20 eb
0x00007ffaa8ef96a9:   04 48 8b 53 18 48 8b 49 18 8b 42 08 39 41 08 48
0x00007ffaa8ef96b9:   0f 43 ca 8b 41 08 41 3b 44 24 08 73 05 41 89 44
0x00007ffaa8ef96c9:   24 08 ff c7 41 3b 7f 18 0f 82 4b ff ff ff 41 8b
0x00007ffaa8ef96d9:   44 24 08 4d 8b c4 48 8d 0c 80 48 03 c9 48 8b 44
0x00007ffaa8ef96e9:   cd 38 49 89 44 24 38 4c 89 64 cd 38 49 8b 44 24
0x00007ffaa8ef96f9:   28 49 8b 54 24 18 4d 8b 5c 24 10 48 8b 48 18 8b
0x00007ffaa8ef9709:   41 08 39 42 08 73 52 4d 8b 48 28 45 8b 50 0c 49
0x00007ffaa8ef9719:   8b 41 28 8b 50 0c 41 8b 41 0c 41 03 d2 03 c0 3b
0x00007ffaa8ef9729:   d0 72 12 4d 89 41 20 49 8b 40 28 48 8b 48 28 49
0x00007ffaa8ef9739:   89 48 28 eb 0f 45 89 51 0c 49 8b 40 28 49 89 40
0x00007ffaa8ef9749:   20 4c 8b c0 49 8b 40 28 49 8b 54 24 18 48 8b 48
0x00007ffaa8ef9759:   18 8b 41 08 39 42 08 72 ae 49 89 50 18 41 8b 44
0x00007ffaa8ef9769:   24 0c 41 01 43 0c 41 8b 44 24 0c 03 c0 41 39 43 


Stack slot to memory mapping:
stack at sp + 0 slots: 0x0000015cd497bd00 points into unknown readable memory: 0x0000000000000000 | 00 00 00 00 00 00 00 00
stack at sp + 1 slots: 0x00000024be8fa6e0 is pointing into the stack for thread: 0x0000015cc75685d0
stack at sp + 2 slots: 0x00000024be8faad0 is pointing into the stack for thread: 0x0000015cc75685d0
stack at sp + 3 slots: 0x0000015cc86b6cf0 points into unknown readable memory: 0xffffffff00000001 | 01 00 00 00 ff ff ff ff
stack at sp + 4 slots: 0x0000015cc86b6cf0 points into unknown readable memory: 0xffffffff00000001 | 01 00 00 00 ff ff ff ff
stack at sp + 5 slots: 0x0000015cc7567820 points into unknown readable memory: 0x0000000000000006 | 06 00 00 00 00 00 00 00
stack at sp + 6 slots: 0x0000015cc86e6c80 points into unknown readable memory: 0x0000015cd497bcf0 | f0 bc 97 d4 5c 01 00 00
stack at sp + 7 slots: 0x00000000000482c0 is an unknown value


---------------  P R O C E S S  ---------------

Threads class SMR info:
_java_thread_list=0x0000015cd4a3eef0, length=21, elements={
0x0000015ca42c8860, 0x0000015cc754c1e0, 0x0000015cc754d060, 0x0000015cc7564510,
0x0000015cc7564ec0, 0x0000015cc7565870, 0x0000015cc7566220, 0x0000015cc75685d0,
0x0000015cc756e660, 0x0000015cc7571d30, 0x0000015cc811abb0, 0x0000015cc8123420,
0x0000015cc812bd70, 0x0000015cc8136480, 0x0000015cc8cc3fe0, 0x0000015cc8cc6b30,
0x0000015cc8cc44b0, 0x0000015cc8cc4980, 0x0000015cc8cc5320, 0x0000015cd48504e0,
0x0000015cd4a40c70
}

Java Threads: ( => current thread )
  0x0000015ca42c8860 JavaThread "main" [_thread_in_native, id=10636, stack(0x00000024bdb00000,0x00000024bdc00000)]
  0x0000015cc754c1e0 JavaThread "Reference Handler" daemon [_thread_blocked, id=5588, stack(0x00000024be200000,0x00000024be300000)]
  0x0000015cc754d060 JavaThread "Finalizer" daemon [_thread_blocked, id=15516, stack(0x00000024be300000,0x00000024be400000)]
  0x0000015cc7564510 JavaThread "Signal Dispatcher" daemon [_thread_blocked, id=12344, stack(0x00000024be400000,0x00000024be500000)]
  0x0000015cc7564ec0 JavaThread "Attach Listener" daemon [_thread_blocked, id=3908, stack(0x00000024be500000,0x00000024be600000)]
  0x0000015cc7565870 JavaThread "Service Thread" daemon [_thread_blocked, id=9832, stack(0x00000024be600000,0x00000024be700000)]
  0x0000015cc7566220 JavaThread "Monitor Deflation Thread" daemon [_thread_blocked, id=12080, stack(0x00000024be700000,0x00000024be800000)]
=>0x0000015cc75685d0 JavaThread "C2 CompilerThread0" daemon [_thread_in_native, id=8556, stack(0x00000024be800000,0x00000024be900000)]
  0x0000015cc756e660 JavaThread "C1 CompilerThread0" daemon [_thread_blocked, id=5548, stack(0x00000024be900000,0x00000024bea00000)]
  0x0000015cc7571d30 JavaThread "Sweeper thread" daemon [_thread_blocked, id=14816, stack(0x00000024bea00000,0x00000024beb00000)]
  0x0000015cc811abb0 JavaThread "C1 CompilerThread1" daemon [_thread_blocked, id=8428, stack(0x00000024beb00000,0x00000024bec00000)]
  0x0000015cc8123420 JavaThread "C1 CompilerThread2" daemon [_thread_blocked, id=1372, stack(0x00000024bec00000,0x00000024bed00000)]
  0x0000015cc812bd70 JavaThread "Notification Thread" daemon [_thread_blocked, id=372, stack(0x00000024bed00000,0x00000024bee00000)]
  0x0000015cc8136480 JavaThread "Common-Cleaner" daemon [_thread_blocked, id=22228, stack(0x00000024bef00000,0x00000024bf000000)]
  0x0000015cc8cc3fe0 JavaThread "Java2D Disposer" daemon [_thread_blocked, id=19364, stack(0x00000024bf200000,0x00000024bf300000)]
  0x0000015cc8cc6b30 JavaThread "AWT-Shutdown" [_thread_blocked, id=10480, stack(0x00000024bf300000,0x00000024bf400000)]
  0x0000015cc8cc44b0 JavaThread "AWT-Windows" daemon [_thread_in_native, id=19692, stack(0x00000024bf400000,0x00000024bf500000)]
  0x0000015cc8cc4980 JavaThread "AWT-EventQueue-0" [_thread_blocked, id=13864, stack(0x00000024bf000000,0x00000024bf100000)]
  0x0000015cc8cc5320 JavaThread "D3D Screen Updater" daemon [_thread_blocked, id=20824, stack(0x00000024c0100000,0x00000024c0200000)]
  0x0000015cd48504e0 JavaThread "C2 CompilerThread1" daemon [_thread_blocked, id=20888, stack(0x00000024c0c00000,0x00000024c0d00000)]
  0x0000015cd4a40c70 JavaThread "C1 CompilerThread3" daemon [_thread_blocked, id=1460, stack(0x00000024c0d00000,0x00000024c0e00000)]

Other Threads:
  0x0000015cc7547080 VMThread "VM Thread" [stack: 0x00000024be100000,0x00000024be200000] [id=23872]
  0x0000015cc8132260 WatcherThread [stack: 0x00000024bee00000,0x00000024bef00000] [id=10664]
  0x0000015ca431d0d0 GCTaskThread "GC Thread#0" [stack: 0x00000024bdc00000,0x00000024bdd00000] [id=14168]
  0x0000015cc94a7b10 GCTaskThread "GC Thread#1" [stack: 0x00000024c0200000,0x00000024c0300000] [id=13780]
  0x0000015cc94a3030 GCTaskThread "GC Thread#2" [stack: 0x00000024c0300000,0x00000024c0400000] [id=14156]
  0x0000015cc9211ff0 GCTaskThread "GC Thread#3" [stack: 0x00000024c0400000,0x00000024c0500000] [id=15268]
  0x0000015cc92122a0 GCTaskThread "GC Thread#4" [stack: 0x00000024c0500000,0x00000024c0600000] [id=17588]
  0x0000015cc90e0b30 GCTaskThread "GC Thread#5" [stack: 0x00000024c0600000,0x00000024c0700000] [id=12792]
  0x0000015cc911cf20 GCTaskThread "GC Thread#6" [stack: 0x00000024c0700000,0x00000024c0800000] [id=8696]
  0x0000015cc949ca00 GCTaskThread "GC Thread#7" [stack: 0x00000024c0800000,0x00000024c0900000] [id=8188]
  0x0000015cc9107630 GCTaskThread "GC Thread#8" [stack: 0x00000024c0900000,0x00000024c0a00000] [id=20820]
  0x0000015cc91078e0 GCTaskThread "GC Thread#9" [stack: 0x00000024c0a00000,0x00000024c0b00000] [id=17416]
  0x0000015cd4a57540 GCTaskThread "GC Thread#10" [stack: 0x00000024c0e00000,0x00000024c0f00000] [id=20364]
  0x0000015cd4a57d50 GCTaskThread "GC Thread#11" [stack: 0x00000024c0f00000,0x00000024c1000000] [id=16236]
  0x0000015cd4a56d30 GCTaskThread "GC Thread#12" [stack: 0x00000024c1000000,0x00000024c1100000] [id=3896]
  0x0000015ca432ed70 ConcurrentGCThread "G1 Main Marker" [stack: 0x00000024bdd00000,0x00000024bde00000] [id=17084]
  0x0000015ca432f780 ConcurrentGCThread "G1 Conc#0" [stack: 0x00000024bde00000,0x00000024bdf00000] [id=18092]
  0x0000015cc74044f0 ConcurrentGCThread "G1 Refine#0" [stack: 0x00000024bdf00000,0x00000024be000000] [id=11260]
  0x0000015ca437c920 ConcurrentGCThread "G1 Service" [stack: 0x00000024be000000,0x00000024be100000] [id=15352]

Threads with active compile tasks:
C2 CompilerThread0     2071 2080       4       jdk.internal.util.jar.JarIndex::get (49 bytes)

VM state: not at safepoint (normal execution)

VM Mutex/Monitor currently owned by a thread: None

Heap address: 0x000000070ac00000, size: 3924 MB, Compressed Oops mode: Zero based, Oop shift amount: 3

CDS archive(s) mapped at: [0x0000000800000000-0x0000000800bc0000-0x0000000800bc0000), size 12320768, SharedBaseAddress: 0x0000000800000000, ArchiveRelocationMode: 0.
Compressed class space mapped at: 0x0000000800c00000-0x0000000840c00000, reserved size: 1073741824
Narrow klass base: 0x0000000800000000, Narrow klass shift: 0, Narrow klass range: 0x100000000

GC Precious Log:
 CPUs: 16 total, 16 available
 Memory: 15695M
 Large Page Support: Disabled
 NUMA Support: Disabled
 Compressed Oops: Enabled (Zero based)
 Heap Region Size: 2M
 Heap Min Capacity: 8M
 Heap Initial Capacity: 246M
 Heap Max Capacity: 3924M
 Pre-touch: Disabled
 Parallel Workers: 13
 Concurrent Workers: 3
 Concurrent Refinement Workers: 13
 Periodic GC: Disabled

Heap:
 garbage-first heap   total 251904K, used 9826K [0x000000070ac00000, 0x0000000800000000)
  region size 2048K, 4 young (8192K), 1 survivors (2048K)
 Metaspace       used 17369K, committed 17664K, reserved 1064960K
  class space    used 1555K, committed 1664K, reserved 1048576K

Heap Regions: E=young(eden), S=young(survivor), O=old, HS=humongous(starts), HC=humongous(continues), CS=collection set, F=free, OA=open archive, CA=closed archive, TAMS=top-at-mark-start (previous, next)
|   0|0x000000070ac00000, 0x000000070ae00000, 0x000000070ae00000|100%| O|  |TAMS 0x000000070ac00000, 0x000000070ac00000| Untracked 
|   1|0x000000070ae00000, 0x000000070b000000, 0x000000070b000000|100%| O|  |TAMS 0x000000070ae00000, 0x000000070ae00000| Untracked 
|   2|0x000000070b000000, 0x000000070b095000, 0x000000070b200000| 29%| O|  |TAMS 0x000000070b000000, 0x000000070b000000| Untracked 
|   3|0x000000070b200000, 0x000000070b200000, 0x000000070b400000|  0%| F|  |TAMS 0x000000070b200000, 0x000000070b200000| Untracked 
|   4|0x000000070b400000, 0x000000070b400000, 0x000000070b600000|  0%| F|  |TAMS 0x000000070b400000, 0x000000070b400000| Untracked 
|   5|0x000000070b600000, 0x000000070b600000, 0x000000070b800000|  0%| F|  |TAMS 0x000000070b600000, 0x000000070b600000| Untracked 
|   6|0x000000070b800000, 0x000000070b800000, 0x000000070ba00000|  0%| F|  |TAMS 0x000000070b800000, 0x000000070b800000| Untracked 
|   7|0x000000070ba00000, 0x000000070ba00000, 0x000000070bc00000|  0%| F|  |TAMS 0x000000070ba00000, 0x000000070ba00000| Untracked 
|   8|0x000000070bc00000, 0x000000070bc00000, 0x000000070be00000|  0%| F|  |TAMS 0x000000070bc00000, 0x000000070bc00000| Untracked 
|   9|0x000000070be00000, 0x000000070be00000, 0x000000070c000000|  0%| F|  |TAMS 0x000000070be00000, 0x000000070be00000| Untracked 
|  10|0x000000070c000000, 0x000000070c000000, 0x000000070c200000|  0%| F|  |TAMS 0x000000070c000000, 0x000000070c000000| Untracked 
|  11|0x000000070c200000, 0x000000070c200000, 0x000000070c400000|  0%| F|  |TAMS 0x000000070c200000, 0x000000070c200000| Untracked 
|  12|0x000000070c400000, 0x000000070c400000, 0x000000070c600000|  0%| F|  |TAMS 0x000000070c400000, 0x000000070c400000| Untracked 
|  13|0x000000070c600000, 0x000000070c600000, 0x000000070c800000|  0%| F|  |TAMS 0x000000070c600000, 0x000000070c600000| Untracked 
|  14|0x000000070c800000, 0x000000070c800000, 0x000000070ca00000|  0%| F|  |TAMS 0x000000070c800000, 0x000000070c800000| Untracked 
|  15|0x000000070ca00000, 0x000000070ca00000, 0x000000070cc00000|  0%| F|  |TAMS 0x000000070ca00000, 0x000000070ca00000| Untracked 
|  16|0x000000070cc00000, 0x000000070cc00000, 0x000000070ce00000|  0%| F|  |TAMS 0x000000070cc00000, 0x000000070cc00000| Untracked 
|  17|0x000000070ce00000, 0x000000070ce00000, 0x000000070d000000|  0%| F|  |TAMS 0x000000070ce00000, 0x000000070ce00000| Untracked 
|  18|0x000000070d000000, 0x000000070d000000, 0x000000070d200000|  0%| F|  |TAMS 0x000000070d000000, 0x000000070d000000| Untracked 
|  19|0x000000070d200000, 0x000000070d200000, 0x000000070d400000|  0%| F|  |TAMS 0x000000070d200000, 0x000000070d200000| Untracked 
|  20|0x000000070d400000, 0x000000070d400000, 0x000000070d600000|  0%| F|  |TAMS 0x000000070d400000, 0x000000070d400000| Untracked 
|  21|0x000000070d600000, 0x000000070d600000, 0x000000070d800000|  0%| F|  |TAMS 0x000000070d600000, 0x000000070d600000| Untracked 
|  22|0x000000070d800000, 0x000000070d800000, 0x000000070da00000|  0%| F|  |TAMS 0x000000070d800000, 0x000000070d800000| Untracked 
|  23|0x000000070da00000, 0x000000070da00000, 0x000000070dc00000|  0%| F|  |TAMS 0x000000070da00000, 0x000000070da00000| Untracked 
|  24|0x000000070dc00000, 0x000000070dc00000, 0x000000070de00000|  0%| F|  |TAMS 0x000000070dc00000, 0x000000070dc00000| Untracked 
|  25|0x000000070de00000, 0x000000070de00000, 0x000000070e000000|  0%| F|  |TAMS 0x000000070de00000, 0x000000070de00000| Untracked 
|  26|0x000000070e000000, 0x000000070e000000, 0x000000070e200000|  0%| F|  |TAMS 0x000000070e000000, 0x000000070e000000| Untracked 
|  27|0x000000070e200000, 0x000000070e200000, 0x000000070e400000|  0%| F|  |TAMS 0x000000070e200000, 0x000000070e200000| Untracked 
|  28|0x000000070e400000, 0x000000070e400000, 0x000000070e600000|  0%| F|  |TAMS 0x000000070e400000, 0x000000070e400000| Untracked 
|  29|0x000000070e600000, 0x000000070e600000, 0x000000070e800000|  0%| F|  |TAMS 0x000000070e600000, 0x000000070e600000| Untracked 
|  30|0x000000070e800000, 0x000000070e800000, 0x000000070ea00000|  0%| F|  |TAMS 0x000000070e800000, 0x000000070e800000| Untracked 
|  31|0x000000070ea00000, 0x000000070ea00000, 0x000000070ec00000|  0%| F|  |TAMS 0x000000070ea00000, 0x000000070ea00000| Untracked 
|  32|0x000000070ec00000, 0x000000070ec00000, 0x000000070ee00000|  0%| F|  |TAMS 0x000000070ec00000, 0x000000070ec00000| Untracked 
|  33|0x000000070ee00000, 0x000000070ee00000, 0x000000070f000000|  0%| F|  |TAMS 0x000000070ee00000, 0x000000070ee00000| Untracked 
|  34|0x000000070f000000, 0x000000070f000000, 0x000000070f200000|  0%| F|  |TAMS 0x000000070f000000, 0x000000070f000000| Untracked 
|  35|0x000000070f200000, 0x000000070f200000, 0x000000070f400000|  0%| F|  |TAMS 0x000000070f200000, 0x000000070f200000| Untracked 
|  36|0x000000070f400000, 0x000000070f400000, 0x000000070f600000|  0%| F|  |TAMS 0x000000070f400000, 0x000000070f400000| Untracked 
|  37|0x000000070f600000, 0x000000070f600000, 0x000000070f800000|  0%| F|  |TAMS 0x000000070f600000, 0x000000070f600000| Untracked 
|  38|0x000000070f800000, 0x000000070f800000, 0x000000070fa00000|  0%| F|  |TAMS 0x000000070f800000, 0x000000070f800000| Untracked 
|  39|0x000000070fa00000, 0x000000070fa00000, 0x000000070fc00000|  0%| F|  |TAMS 0x000000070fa00000, 0x000000070fa00000| Untracked 
|  40|0x000000070fc00000, 0x000000070fc00000, 0x000000070fe00000|  0%| F|  |TAMS 0x000000070fc00000, 0x000000070fc00000| Untracked 
|  41|0x000000070fe00000, 0x000000070fe00000, 0x0000000710000000|  0%| F|  |TAMS 0x000000070fe00000, 0x000000070fe00000| Untracked 
|  42|0x0000000710000000, 0x0000000710000000, 0x0000000710200000|  0%| F|  |TAMS 0x0000000710000000, 0x0000000710000000| Untracked 
|  43|0x0000000710200000, 0x0000000710200000, 0x0000000710400000|  0%| F|  |TAMS 0x0000000710200000, 0x0000000710200000| Untracked 
|  44|0x0000000710400000, 0x0000000710400000, 0x0000000710600000|  0%| F|  |TAMS 0x0000000710400000, 0x0000000710400000| Untracked 
|  45|0x0000000710600000, 0x0000000710600000, 0x0000000710800000|  0%| F|  |TAMS 0x0000000710600000, 0x0000000710600000| Untracked 
|  46|0x0000000710800000, 0x0000000710800000, 0x0000000710a00000|  0%| F|  |TAMS 0x0000000710800000, 0x0000000710800000| Untracked 
|  47|0x0000000710a00000, 0x0000000710a00000, 0x0000000710c00000|  0%| F|  |TAMS 0x0000000710a00000, 0x0000000710a00000| Untracked 
|  48|0x0000000710c00000, 0x0000000710c00000, 0x0000000710e00000|  0%| F|  |TAMS 0x0000000710c00000, 0x0000000710c00000| Untracked 
|  49|0x0000000710e00000, 0x0000000710e00000, 0x0000000711000000|  0%| F|  |TAMS 0x0000000710e00000, 0x0000000710e00000| Untracked 
|  50|0x0000000711000000, 0x0000000711000000, 0x0000000711200000|  0%| F|  |TAMS 0x0000000711000000, 0x0000000711000000| Untracked 
|  51|0x0000000711200000, 0x0000000711200000, 0x0000000711400000|  0%| F|  |TAMS 0x0000000711200000, 0x0000000711200000| Untracked 
|  52|0x0000000711400000, 0x0000000711400000, 0x0000000711600000|  0%| F|  |TAMS 0x0000000711400000, 0x0000000711400000| Untracked 
|  53|0x0000000711600000, 0x0000000711600000, 0x0000000711800000|  0%| F|  |TAMS 0x0000000711600000, 0x0000000711600000| Untracked 
|  54|0x0000000711800000, 0x0000000711800000, 0x0000000711a00000|  0%| F|  |TAMS 0x0000000711800000, 0x0000000711800000| Untracked 
|  55|0x0000000711a00000, 0x0000000711a00000, 0x0000000711c00000|  0%| F|  |TAMS 0x0000000711a00000, 0x0000000711a00000| Untracked 
|  56|0x0000000711c00000, 0x0000000711c00000, 0x0000000711e00000|  0%| F|  |TAMS 0x0000000711c00000, 0x0000000711c00000| Untracked 
|  57|0x0000000711e00000, 0x0000000711e00000, 0x0000000712000000|  0%| F|  |TAMS 0x0000000711e00000, 0x0000000711e00000| Untracked 
|  58|0x0000000712000000, 0x0000000712000000, 0x0000000712200000|  0%| F|  |TAMS 0x0000000712000000, 0x0000000712000000| Untracked 
|  59|0x0000000712200000, 0x0000000712200000, 0x0000000712400000|  0%| F|  |TAMS 0x0000000712200000, 0x0000000712200000| Untracked 
|  60|0x0000000712400000, 0x0000000712400000, 0x0000000712600000|  0%| F|  |TAMS 0x0000000712400000, 0x0000000712400000| Untracked 
|  61|0x0000000712600000, 0x0000000712600000, 0x0000000712800000|  0%| F|  |TAMS 0x0000000712600000, 0x0000000712600000| Untracked 
|  62|0x0000000712800000, 0x0000000712800000, 0x0000000712a00000|  0%| F|  |TAMS 0x0000000712800000, 0x0000000712800000| Untracked 
|  63|0x0000000712a00000, 0x0000000712a00000, 0x0000000712c00000|  0%| F|  |TAMS 0x0000000712a00000, 0x0000000712a00000| Untracked 
|  64|0x0000000712c00000, 0x0000000712c00000, 0x0000000712e00000|  0%| F|  |TAMS 0x0000000712c00000, 0x0000000712c00000| Untracked 
|  65|0x0000000712e00000, 0x0000000712e00000, 0x0000000713000000|  0%| F|  |TAMS 0x0000000712e00000, 0x0000000712e00000| Untracked 
|  66|0x0000000713000000, 0x0000000713000000, 0x0000000713200000|  0%| F|  |TAMS 0x0000000713000000, 0x0000000713000000| Untracked 
|  67|0x0000000713200000, 0x0000000713200000, 0x0000000713400000|  0%| F|  |TAMS 0x0000000713200000, 0x0000000713200000| Untracked 
|  68|0x0000000713400000, 0x0000000713400000, 0x0000000713600000|  0%| F|  |TAMS 0x0000000713400000, 0x0000000713400000| Untracked 
|  69|0x0000000713600000, 0x0000000713600000, 0x0000000713800000|  0%| F|  |TAMS 0x0000000713600000, 0x0000000713600000| Untracked 
|  70|0x0000000713800000, 0x0000000713800000, 0x0000000713a00000|  0%| F|  |TAMS 0x0000000713800000, 0x0000000713800000| Untracked 
|  71|0x0000000713a00000, 0x0000000713a00000, 0x0000000713c00000|  0%| F|  |TAMS 0x0000000713a00000, 0x0000000713a00000| Untracked 
|  72|0x0000000713c00000, 0x0000000713c00000, 0x0000000713e00000|  0%| F|  |TAMS 0x0000000713c00000, 0x0000000713c00000| Untracked 
|  73|0x0000000713e00000, 0x0000000713e00000, 0x0000000714000000|  0%| F|  |TAMS 0x0000000713e00000, 0x0000000713e00000| Untracked 
|  74|0x0000000714000000, 0x0000000714000000, 0x0000000714200000|  0%| F|  |TAMS 0x0000000714000000, 0x0000000714000000| Untracked 
|  75|0x0000000714200000, 0x0000000714200000, 0x0000000714400000|  0%| F|  |TAMS 0x0000000714200000, 0x0000000714200000| Untracked 
|  76|0x0000000714400000, 0x0000000714400000, 0x0000000714600000|  0%| F|  |TAMS 0x0000000714400000, 0x0000000714400000| Untracked 
|  77|0x0000000714600000, 0x0000000714600000, 0x0000000714800000|  0%| F|  |TAMS 0x0000000714600000, 0x0000000714600000| Untracked 
|  78|0x0000000714800000, 0x0000000714800000, 0x0000000714a00000|  0%| F|  |TAMS 0x0000000714800000, 0x0000000714800000| Untracked 
|  79|0x0000000714a00000, 0x0000000714a00000, 0x0000000714c00000|  0%| F|  |TAMS 0x0000000714a00000, 0x0000000714a00000| Untracked 
|  80|0x0000000714c00000, 0x0000000714c00000, 0x0000000714e00000|  0%| F|  |TAMS 0x0000000714c00000, 0x0000000714c00000| Untracked 
|  81|0x0000000714e00000, 0x0000000714e00000, 0x0000000715000000|  0%| F|  |TAMS 0x0000000714e00000, 0x0000000714e00000| Untracked 
|  82|0x0000000715000000, 0x0000000715000000, 0x0000000715200000|  0%| F|  |TAMS 0x0000000715000000, 0x0000000715000000| Untracked 
|  83|0x0000000715200000, 0x0000000715200000, 0x0000000715400000|  0%| F|  |TAMS 0x0000000715200000, 0x0000000715200000| Untracked 
|  84|0x0000000715400000, 0x0000000715400000, 0x0000000715600000|  0%| F|  |TAMS 0x0000000715400000, 0x0000000715400000| Untracked 
|  85|0x0000000715600000, 0x0000000715600000, 0x0000000715800000|  0%| F|  |TAMS 0x0000000715600000, 0x0000000715600000| Untracked 
|  86|0x0000000715800000, 0x0000000715800000, 0x0000000715a00000|  0%| F|  |TAMS 0x0000000715800000, 0x0000000715800000| Untracked 
|  87|0x0000000715a00000, 0x0000000715a00000, 0x0000000715c00000|  0%| F|  |TAMS 0x0000000715a00000, 0x0000000715a00000| Untracked 
|  88|0x0000000715c00000, 0x0000000715c00000, 0x0000000715e00000|  0%| F|  |TAMS 0x0000000715c00000, 0x0000000715c00000| Untracked 
|  89|0x0000000715e00000, 0x0000000715e00000, 0x0000000716000000|  0%| F|  |TAMS 0x0000000715e00000, 0x0000000715e00000| Untracked 
|  90|0x0000000716000000, 0x0000000716000000, 0x0000000716200000|  0%| F|  |TAMS 0x0000000716000000, 0x0000000716000000| Untracked 
|  91|0x0000000716200000, 0x0000000716200000, 0x0000000716400000|  0%| F|  |TAMS 0x0000000716200000, 0x0000000716200000| Untracked 
|  92|0x0000000716400000, 0x0000000716400000, 0x0000000716600000|  0%| F|  |TAMS 0x0000000716400000, 0x0000000716400000| Untracked 
|  93|0x0000000716600000, 0x0000000716600000, 0x0000000716800000|  0%| F|  |TAMS 0x0000000716600000, 0x0000000716600000| Untracked 
|  94|0x0000000716800000, 0x0000000716800000, 0x0000000716a00000|  0%| F|  |TAMS 0x0000000716800000, 0x0000000716800000| Untracked 
|  95|0x0000000716a00000, 0x0000000716a00000, 0x0000000716c00000|  0%| F|  |TAMS 0x0000000716a00000, 0x0000000716a00000| Untracked 
|  96|0x0000000716c00000, 0x0000000716c00000, 0x0000000716e00000|  0%| F|  |TAMS 0x0000000716c00000, 0x0000000716c00000| Untracked 
|  97|0x0000000716e00000, 0x0000000716e00000, 0x0000000717000000|  0%| F|  |TAMS 0x0000000716e00000, 0x0000000716e00000| Untracked 
|  98|0x0000000717000000, 0x0000000717000000, 0x0000000717200000|  0%| F|  |TAMS 0x0000000717000000, 0x0000000717000000| Untracked 
|  99|0x0000000717200000, 0x0000000717200000, 0x0000000717400000|  0%| F|  |TAMS 0x0000000717200000, 0x0000000717200000| Untracked 
| 100|0x0000000717400000, 0x0000000717400000, 0x0000000717600000|  0%| F|  |TAMS 0x0000000717400000, 0x0000000717400000| Untracked 
| 101|0x0000000717600000, 0x0000000717600000, 0x0000000717800000|  0%| F|  |TAMS 0x0000000717600000, 0x0000000717600000| Untracked 
| 102|0x0000000717800000, 0x0000000717800000, 0x0000000717a00000|  0%| F|  |TAMS 0x0000000717800000, 0x0000000717800000| Untracked 
| 103|0x0000000717a00000, 0x0000000717a00000, 0x0000000717c00000|  0%| F|  |TAMS 0x0000000717a00000, 0x0000000717a00000| Untracked 
| 104|0x0000000717c00000, 0x0000000717c00000, 0x0000000717e00000|  0%| F|  |TAMS 0x0000000717c00000, 0x0000000717c00000| Untracked 
| 105|0x0000000717e00000, 0x0000000717e00000, 0x0000000718000000|  0%| F|  |TAMS 0x0000000717e00000, 0x0000000717e00000| Untracked 
| 106|0x0000000718000000, 0x0000000718000000, 0x0000000718200000|  0%| F|  |TAMS 0x0000000718000000, 0x0000000718000000| Untracked 
| 107|0x0000000718200000, 0x0000000718303860, 0x0000000718400000| 50%| S|CS|TAMS 0x0000000718200000, 0x0000000718200000| Complete 
| 108|0x0000000718400000, 0x0000000718400000, 0x0000000718600000|  0%| F|  |TAMS 0x0000000718400000, 0x0000000718400000| Untracked 
| 109|0x0000000718600000, 0x0000000718600000, 0x0000000718800000|  0%| F|  |TAMS 0x0000000718600000, 0x0000000718600000| Untracked 
| 110|0x0000000718800000, 0x0000000718800000, 0x0000000718a00000|  0%| F|  |TAMS 0x0000000718800000, 0x0000000718800000| Untracked 
| 111|0x0000000718a00000, 0x0000000718a00000, 0x0000000718c00000|  0%| F|  |TAMS 0x0000000718a00000, 0x0000000718a00000| Untracked 
| 112|0x0000000718c00000, 0x0000000718c00000, 0x0000000718e00000|  0%| F|  |TAMS 0x0000000718c00000, 0x0000000718c00000| Untracked 
| 113|0x0000000718e00000, 0x0000000718e00000, 0x0000000719000000|  0%| F|  |TAMS 0x0000000718e00000, 0x0000000718e00000| Untracked 
| 114|0x0000000719000000, 0x0000000719000000, 0x0000000719200000|  0%| F|  |TAMS 0x0000000719000000, 0x0000000719000000| Untracked 
| 115|0x0000000719200000, 0x0000000719200000, 0x0000000719400000|  0%| F|  |TAMS 0x0000000719200000, 0x0000000719200000| Untracked 
| 116|0x0000000719400000, 0x0000000719400000, 0x0000000719600000|  0%| F|  |TAMS 0x0000000719400000, 0x0000000719400000| Untracked 
| 117|0x0000000719600000, 0x0000000719600000, 0x0000000719800000|  0%| F|  |TAMS 0x0000000719600000, 0x0000000719600000| Untracked 
| 118|0x0000000719800000, 0x0000000719800000, 0x0000000719a00000|  0%| F|  |TAMS 0x0000000719800000, 0x0000000719800000| Untracked 
| 119|0x0000000719a00000, 0x0000000719a00000, 0x0000000719c00000|  0%| F|  |TAMS 0x0000000719a00000, 0x0000000719a00000| Untracked 
| 120|0x0000000719c00000, 0x0000000719df0250, 0x0000000719e00000| 96%| E|  |TAMS 0x0000000719c00000, 0x0000000719c00000| Complete 
| 121|0x0000000719e00000, 0x000000071a000000, 0x000000071a000000|100%| E|CS|TAMS 0x0000000719e00000, 0x0000000719e00000| Complete 
| 122|0x000000071a000000, 0x000000071a200000, 0x000000071a200000|100%| E|CS|TAMS 0x000000071a000000, 0x000000071a000000| Complete 

Card table byte_map: [0x0000015cbbaf0000,0x0000015cbc2a0000] _byte_map_base: 0x0000015cb829a000

Marking Bits (Prev, Next): (CMBitMap*) 0x0000015ca431ef00, (CMBitMap*) 0x0000015ca431ef40
 Prev Bits: [0x0000015cbca50000, 0x0000015cc07a0000)
 Next Bits: [0x0000015cc07a0000, 0x0000015cc44f0000)

Polling page: 0x0000015ca3a80000

Metaspace:

Usage:
  Non-class:     15.44 MB used.
      Class:      1.52 MB used.
       Both:     16.96 MB used.

Virtual space:
  Non-class space:       16.00 MB reserved,      15.62 MB ( 98%) committed,  2 nodes.
      Class space:        1.00 GB reserved,       1.62 MB ( <1%) committed,  1 nodes.
             Both:        1.02 GB reserved,      17.25 MB (  2%) committed. 

Chunk freelists:
   Non-Class:  46.00 KB
       Class:  2.22 MB
        Both:  2.26 MB

MaxMetaspaceSize: unlimited
CompressedClassSpaceSize: 1.00 GB
Initial GC threshold: 21.00 MB
Current GC threshold: 21.00 MB
CDS: on
MetaspaceReclaimPolicy: balanced
 - commit_granule_bytes: 65536.
 - commit_granule_words: 8192.
 - virtual_space_node_default_size: 1048576.
 - enlarge_chunks_in_place: 1.
 - new_chunks_are_fully_committed: 0.
 - uncommit_free_chunks: 1.
 - use_allocation_guard: 0.
 - handle_deallocations: 1.


Internal statistics:

num_allocs_failed_limit: 0.
num_arena_births: 230.
num_arena_deaths: 0.
num_vsnodes_births: 3.
num_vsnodes_deaths: 0.
num_space_committed: 274.
num_space_uncommitted: 0.
num_chunks_returned_to_freelist: 0.
num_chunks_taken_from_freelist: 556.
num_chunk_merges: 0.
num_chunk_splits: 341.
num_chunks_enlarged: 214.
num_purges: 0.
num_inconsistent_stats: 0.

CodeHeap 'non-profiled nmethods': size=119168Kb used=628Kb max_used=628Kb free=118539Kb
 bounds [0x0000015cb3650000, 0x0000015cb38c0000, 0x0000015cbaab0000]
CodeHeap 'profiled nmethods': size=119104Kb used=4225Kb max_used=4225Kb free=114878Kb
 bounds [0x0000015cac200000, 0x0000015cac630000, 0x0000015cb3650000]
CodeHeap 'non-nmethods': size=7488Kb used=3648Kb max_used=3656Kb free=3839Kb
 bounds [0x0000015cabab0000, 0x0000015cabe50000, 0x0000015cac200000]
 total_blobs=3598 nmethods=2104 adapters=1404
 compilation: enabled
              stopped_count=0, restarted_count=0
 full_count=0

Compilation events (20 events):
Event: 1.965 Thread 0x0000015cc756e660 nmethod 2083 0x0000015cac60ef90 code [0x0000015cac60f160, 0x0000015cac60f468]
Event: 1.965 Thread 0x0000015cc8123420 2085   !   3       java.nio.DirectByteBuffer::putInt (39 bytes)
Event: 1.965 Thread 0x0000015cd4a40c70 2086   !   3       jdk.internal.misc.ScopedMemoryAccess::putIntUnaligned (27 bytes)
Event: 1.965 Thread 0x0000015cc756e660 2087   !   3       jdk.internal.misc.ScopedMemoryAccess::putIntUnalignedInternal (39 bytes)
Event: 1.965 Thread 0x0000015cc811abb0 nmethod 2084 0x0000015cac60f610 code [0x0000015cac60f7c0, 0x0000015cac60f9e8]
Event: 1.966 Thread 0x0000015cc756e660 nmethod 2087 0x0000015cac60fb10 code [0x0000015cac60fce0, 0x0000015cac610098]
Event: 1.966 Thread 0x0000015cd4a40c70 nmethod 2086 0x0000015cac610290 code [0x0000015cac610480, 0x0000015cac610aa8]
Event: 1.966 Thread 0x0000015cc8123420 nmethod 2085 0x0000015cac610d10 code [0x0000015cac610f60, 0x0000015cac611938]
Event: 1.966 Thread 0x0000015cd48504e0 2088       4       jdk.internal.misc.Unsafe::putIntUnaligned (14 bytes)
Event: 1.966 Thread 0x0000015cd48504e0 nmethod 2088 0x0000015cb36ea010 code [0x0000015cb36ea180, 0x0000015cb36ea238]
Event: 1.966 Thread 0x0000015cd48504e0 2090   !   4       java.nio.DirectByteBuffer::putInt (39 bytes)
Event: 1.967 Thread 0x0000015cd48504e0 nmethod 2090 0x0000015cb36ea310 code [0x0000015cb36ea480, 0x0000015cb36ea538]
Event: 1.967 Thread 0x0000015cd48504e0 2089       4       java.nio.DirectByteBuffer::putInt (17 bytes)
Event: 1.968 Thread 0x0000015cd48504e0 nmethod 2089 0x0000015cb36ea610 code [0x0000015cb36ea780, 0x0000015cb36ea878]
Event: 1.971 Thread 0x0000015cc8123420 2091 % !   3       com.xbuilders.window.NKWindow::TTF_assignToNewTexture @ 154 (368 bytes)
Event: 1.973 Thread 0x0000015cc8123420 nmethod 2091% 0x0000015cac611d90 code [0x0000015cac6123c0, 0x0000015cac615d28]
Event: 1.973 Thread 0x0000015cd4a40c70 2092   !   3       com.xbuilders.window.NKWindow::TTF_assignToNewTexture (368 bytes)
Event: 1.975 Thread 0x0000015cd4a40c70 nmethod 2092 0x0000015cac617890 code [0x0000015cac617ec0, 0x0000015cac61b328]
Event: 1.975 Thread 0x0000015cd48504e0 2093 % !   4       com.xbuilders.window.NKWindow::TTF_assignToNewTexture @ 154 (368 bytes)
Event: 1.985 Thread 0x0000015cd48504e0 nmethod 2093% 0x0000015cb36ea990 code [0x0000015cb36eab20, 0x0000015cb36eb338]

GC Heap History (4 events):
Event: 1.036 GC heap before
{Heap before GC invocations=0 (full 0):
 garbage-first heap   total 251904K, used 22528K [0x000000070ac00000, 0x0000000800000000)
  region size 2048K, 11 young (22528K), 0 survivors (0K)
 Metaspace       used 13187K, committed 13440K, reserved 1064960K
  class space    used 1349K, committed 1472K, reserved 1048576K
}
Event: 1.041 GC heap after
{Heap after GC invocations=1 (full 0):
 garbage-first heap   total 251904K, used 4720K [0x000000070ac00000, 0x0000000800000000)
  region size 2048K, 2 young (4096K), 2 survivors (4096K)
 Metaspace       used 13187K, committed 13440K, reserved 1064960K
  class space    used 1349K, committed 1472K, reserved 1048576K
}
Event: 1.880 GC heap before
{Heap before GC invocations=1 (full 0):
 garbage-first heap   total 251904K, used 31344K [0x000000070ac00000, 0x0000000800000000)
  region size 2048K, 15 young (30720K), 2 survivors (4096K)
 Metaspace       used 17073K, committed 17216K, reserved 1064960K
  class space    used 1535K, committed 1600K, reserved 1048576K
}
Event: 1.884 GC heap after
{Heap after GC invocations=2 (full 0):
 garbage-first heap   total 251904K, used 5730K [0x000000070ac00000, 0x0000000800000000)
  region size 2048K, 1 young (2048K), 1 survivors (2048K)
 Metaspace       used 17073K, committed 17216K, reserved 1064960K
  class space    used 1535K, committed 1600K, reserved 1048576K
}

Deoptimization events (20 events):
Event: 1.298 Thread 0x0000015ca42c8860 DEOPT PACKING pc=0x0000015cb36b5ee0 sp=0x00000024bdbfecc0
Event: 1.298 Thread 0x0000015ca42c8860 DEOPT UNPACKING pc=0x0000015cabb023a3 sp=0x00000024bdbfec38 mode 2
Event: 1.390 Thread 0x0000015ca42c8860 Uncommon trap: trap_request=0xffffff5c fr.pc=0x0000015cb36b75d8 relative=0x0000000000000058
Event: 1.390 Thread 0x0000015ca42c8860 Uncommon trap: reason=speculate_null_check action=make_not_entrant pc=0x0000015cb36b75d8 method=sun.misc.Unsafe.putInt(Ljava/lang/Object;JI)V @ 7 c2
Event: 1.390 Thread 0x0000015ca42c8860 DEOPT PACKING pc=0x0000015cb36b75d8 sp=0x00000024bdbff000
Event: 1.390 Thread 0x0000015ca42c8860 DEOPT UNPACKING pc=0x0000015cabb023a3 sp=0x00000024bdbfef80 mode 2
Event: 1.893 Thread 0x0000015ca42c8860 Uncommon trap: trap_request=0xffffff45 fr.pc=0x0000015cb36e02b4 relative=0x00000000000000b4
Event: 1.893 Thread 0x0000015ca42c8860 Uncommon trap: reason=unstable_if action=reinterpret pc=0x0000015cb36e02b4 method=java.lang.Long.valueOf(J)Ljava/lang/Long; @ 17 c2
Event: 1.893 Thread 0x0000015ca42c8860 DEOPT PACKING pc=0x0000015cb36e02b4 sp=0x00000024bdbfe980
Event: 1.893 Thread 0x0000015ca42c8860 DEOPT UNPACKING pc=0x0000015cabb023a3 sp=0x00000024bdbfe908 mode 2
Event: 1.985 Thread 0x0000015ca42c8860 DEOPT PACKING pc=0x0000015cac615413 sp=0x00000024bdbfeee0
Event: 1.985 Thread 0x0000015ca42c8860 DEOPT UNPACKING pc=0x0000015cabb02b43 sp=0x00000024bdbfe538 mode 0
Event: 1.986 Thread 0x0000015ca42c8860 Uncommon trap: trap_request=0xffffff45 fr.pc=0x0000015cb36eb168 relative=0x0000000000000648
Event: 1.986 Thread 0x0000015ca42c8860 Uncommon trap: reason=unstable_if action=reinterpret pc=0x0000015cb36eb168 method=com.xbuilders.window.NKWindow.TTF_assignToNewTexture(Ljava/nio/ByteBuffer;I)Lorg/lwjgl/nuklear/NkUserFont; @ 184 c2
Event: 1.986 Thread 0x0000015ca42c8860 DEOPT PACKING pc=0x0000015cb36eb168 sp=0x00000024bdbff0a0
Event: 1.986 Thread 0x0000015ca42c8860 DEOPT UNPACKING pc=0x0000015cabb023a3 sp=0x00000024bdbff048 mode 2
Event: 1.986 Thread 0x0000015ca42c8860 Uncommon trap: trap_request=0xffffff54 fr.pc=0x0000015cb36b7bdc relative=0x000000000000005c
Event: 1.986 Thread 0x0000015ca42c8860 Uncommon trap: reason=speculate_null_assert action=make_not_entrant pc=0x0000015cb36b7bdc method=sun.misc.Unsafe.getLong(Ljava/lang/Object;J)J @ 5 c2
Event: 1.986 Thread 0x0000015ca42c8860 DEOPT PACKING pc=0x0000015cb36b7bdc sp=0x00000024bdbfefd0
Event: 1.986 Thread 0x0000015ca42c8860 DEOPT UNPACKING pc=0x0000015cabb023a3 sp=0x00000024bdbfef58 mode 2

Classes unloaded (0 events):
No events

Classes redefined (0 events):
No events

Internal exceptions (20 events):
Event: 0.801 Thread 0x0000015ca42c8860 Exception <a 'java/lang/NoSuchMethodError'{0x00000007191c35f8}: 'java.lang.Object java.lang.invoke.DirectMethodHandle$Holder.invokeStatic(java.lang.Object, int, java.lang.Object, java.lang.Object, java.lang.Object, java.lang.Object)'> (0x00000007191c35f8) 
thrown [t:\workspace\open\src\hotspot\share\interpreter\linkResolver.cpp, line 766]
Event: 0.806 Thread 0x0000015ca42c8860 Exception <a 'java/lang/NoSuchMethodError'{0x00000007191e9190}: 'java.lang.Object java.lang.invoke.DirectMethodHandle$Holder.invokeStatic(java.lang.Object, int, java.lang.Object)'> (0x00000007191e9190) 
thrown [t:\workspace\open\src\hotspot\share\interpreter\linkResolver.cpp, line 766]
Event: 0.838 Thread 0x0000015ca42c8860 Exception <a 'java/lang/ClassNotFoundException'{0x0000000718ea4c60}: com/sun/swing/internal/plaf/metal/resources/spi/metalProvider> (0x0000000718ea4c60) 
thrown [t:\workspace\open\src\hotspot\share\classfile\systemDictionary.cpp, line 256]
Event: 0.840 Thread 0x0000015ca42c8860 Exception <a 'java/lang/ClassNotFoundException'{0x0000000718ea8b98}: com/sun/swing/internal/plaf/basic/resources/spi/basicProvider> (0x0000000718ea8b98) 
thrown [t:\workspace\open\src\hotspot\share\classfile\systemDictionary.cpp, line 256]
Event: 0.847 Thread 0x0000015ca42c8860 Implicit null exception at 0x0000015cb367ec94 to 0x0000015cb367f0e4
Event: 0.848 Thread 0x0000015ca42c8860 Implicit null exception at 0x0000015cb367550f to 0x0000015cb3675948
Event: 0.933 Thread 0x0000015cc8cc44b0 Exception <a 'java/lang/NoSuchMethodError'{0x0000000719161f08}: 'void java.lang.invoke.DirectMethodHandle$Holder.invokeVirtual(java.lang.Object, java.lang.Object)'> (0x0000000719161f08) 
thrown [t:\workspace\open\src\hotspot\share\interpreter\linkResolver.cpp, line 766]
Event: 0.947 Thread 0x0000015cc8cc4980 Exception <a 'java/lang/NoSuchMethodError'{0x0000000718fec160}: 'void java.lang.invoke.DirectMethodHandle$Holder.invokeStaticInit(java.lang.Object)'> (0x0000000718fec160) 
thrown [t:\workspace\open\src\hotspot\share\interpreter\linkResolver.cpp, line 766]
Event: 1.034 Thread 0x0000015ca42c8860 Exception <a 'sun/nio/fs/WindowsException'{0x0000000718dfd730}> (0x0000000718dfd730) 
thrown [t:\workspace\open\src\hotspot\share\prims\jni.cpp, line 516]
Event: 1.034 Thread 0x0000015ca42c8860 Exception <a 'sun/nio/fs/WindowsException'{0x0000000718dfda90}> (0x0000000718dfda90) 
thrown [t:\workspace\open\src\hotspot\share\prims\jni.cpp, line 516]
Event: 1.269 Thread 0x0000015ca42c8860 Exception <a 'sun/nio/fs/WindowsException'{0x000000071a058af8}> (0x000000071a058af8) 
thrown [t:\workspace\open\src\hotspot\share\prims\jni.cpp, line 516]
Event: 1.269 Thread 0x0000015ca42c8860 Exception <a 'sun/nio/fs/WindowsException'{0x000000071a058ea0}> (0x000000071a058ea0) 
thrown [t:\workspace\open\src\hotspot\share\prims\jni.cpp, line 516]
Event: 1.272 Thread 0x0000015ca42c8860 Exception <a 'sun/nio/fs/WindowsException'{0x000000071a06bd30}> (0x000000071a06bd30) 
thrown [t:\workspace\open\src\hotspot\share\prims\jni.cpp, line 516]
Event: 1.272 Thread 0x0000015ca42c8860 Exception <a 'sun/nio/fs/WindowsException'{0x000000071a06c010}> (0x000000071a06c010) 
thrown [t:\workspace\open\src\hotspot\share\prims\jni.cpp, line 516]
Event: 1.376 Thread 0x0000015ca42c8860 Exception <a 'sun/nio/fs/WindowsException'{0x0000000719ae3ee0}> (0x0000000719ae3ee0) 
thrown [t:\workspace\open\src\hotspot\share\prims\jni.cpp, line 516]
Event: 1.376 Thread 0x0000015ca42c8860 Exception <a 'sun/nio/fs/WindowsException'{0x0000000719ae4290}> (0x0000000719ae4290) 
thrown [t:\workspace\open\src\hotspot\share\prims\jni.cpp, line 516]
Event: 1.382 Thread 0x0000015ca42c8860 Exception <a 'java/lang/NoSuchMethodError'{0x0000000719af7978}: 'java.lang.Object java.lang.invoke.DirectMethodHandle$Holder.newInvokeSpecial(java.lang.Object, long)'> (0x0000000719af7978) 
thrown [t:\workspace\open\src\hotspot\share\interpreter\linkResolver.cpp, line 766]
Event: 1.402 Thread 0x0000015ca42c8860 Exception <a 'sun/nio/fs/WindowsException'{0x0000000719b56a40}> (0x0000000719b56a40) 
thrown [t:\workspace\open\src\hotspot\share\prims\jni.cpp, line 516]
Event: 1.402 Thread 0x0000015ca42c8860 Exception <a 'sun/nio/fs/WindowsException'{0x0000000719b56dc0}> (0x0000000719b56dc0) 
thrown [t:\workspace\open\src\hotspot\share\prims\jni.cpp, line 516]
Event: 1.415 Thread 0x0000015ca42c8860 Exception <a 'java/lang/NoSuchMethodError'{0x0000000719b61c78}: 'void java.lang.invoke.DirectMethodHandle$Holder.invokeStatic(java.lang.Object, long)'> (0x0000000719b61c78) 
thrown [t:\workspace\open\src\hotspot\share\interpreter\linkResolver.cpp, line 766]

VM Operations (20 events):
Event: 0.103 Executing VM operation: HandshakeAllThreads
Event: 0.103 Executing VM operation: HandshakeAllThreads done
Event: 0.335 Executing VM operation: HandshakeAllThreads
Event: 0.335 Executing VM operation: HandshakeAllThreads done
Event: 0.370 Executing VM operation: HandshakeAllThreads
Event: 0.370 Executing VM operation: HandshakeAllThreads done
Event: 0.457 Executing VM operation: HandshakeAllThreads
Event: 0.457 Executing VM operation: HandshakeAllThreads done
Event: 0.868 Executing VM operation: HandshakeAllThreads
Event: 0.868 Executing VM operation: HandshakeAllThreads done
Event: 0.912 Executing VM operation: ICBufferFull
Event: 0.913 Executing VM operation: ICBufferFull done
Event: 0.994 Executing VM operation: HandshakeAllThreads
Event: 0.994 Executing VM operation: HandshakeAllThreads done
Event: 1.036 Executing VM operation: G1CollectForAllocation
Event: 1.041 Executing VM operation: G1CollectForAllocation done
Event: 1.104 Executing VM operation: HandshakeAllThreads
Event: 1.104 Executing VM operation: HandshakeAllThreads done
Event: 1.880 Executing VM operation: G1CollectForAllocation
Event: 1.884 Executing VM operation: G1CollectForAllocation done

Events (20 events):
Event: 1.455 loading class java/awt/image/WritableRenderedImage
Event: 1.455 loading class java/awt/image/WritableRenderedImage done
Event: 1.456 loading class java/awt/image/BufferedImage done
Event: 1.456 loading class java/awt/image/BufferedImage$1
Event: 1.456 loading class java/awt/image/BufferedImage$1 done
Event: 1.456 loading class sun/awt/image/IntegerComponentRaster
Event: 1.456 loading class sun/awt/image/IntegerComponentRaster done
Event: 1.456 loading class sun/awt/image/ShortComponentRaster
Event: 1.456 loading class sun/awt/image/ShortComponentRaster done
Event: 1.456 loading class com/sun/imageio/plugins/common/ReaderUtil
Event: 1.456 loading class com/sun/imageio/plugins/common/ReaderUtil done
Event: 1.457 loading class java/util/regex/Pattern$SliceI
Event: 1.457 loading class java/util/regex/Pattern$SliceI done
Event: 1.591 loading class javax/imageio/ImageTypeSpecifier$Indexed
Event: 1.591 loading class javax/imageio/ImageTypeSpecifier$Indexed done
Event: 1.591 loading class java/awt/image/MultiPixelPackedSampleModel
Event: 1.591 loading class java/awt/image/MultiPixelPackedSampleModel done
Event: 1.591 loading class sun/awt/image/BytePackedRaster
Event: 1.592 loading class sun/awt/image/BytePackedRaster done
Event: 1.802 Thread 0x0000015cd4a40c70 Thread added: 0x0000015cd4a40c70


Dynamic libraries:
0x00007ff73f200000 - 0x00007ff73f210000 	C:\Program Files\Java\jdk-17.0.1\bin\java.exe
0x00007ffb238f0000 - 0x00007ffb23b07000 	C:\WINDOWS\SYSTEM32\ntdll.dll
0x00007ffb227b0000 - 0x00007ffb22874000 	C:\WINDOWS\System32\KERNEL32.DLL
0x00007ffb21010000 - 0x00007ffb213b7000 	C:\WINDOWS\System32\KERNELBASE.dll
0x00007ffb213f0000 - 0x00007ffb21501000 	C:\WINDOWS\System32\ucrtbase.dll
0x00007ffaaa810000 - 0x00007ffaaa828000 	C:\Program Files\Java\jdk-17.0.1\bin\jli.dll
0x00007ffaaa7f0000 - 0x00007ffaaa80a000 	C:\Program Files\Java\jdk-17.0.1\bin\VCRUNTIME140.dll
0x00007ffb23630000 - 0x00007ffb236e2000 	C:\WINDOWS\System32\ADVAPI32.dll
0x00007ffb223a0000 - 0x00007ffb22447000 	C:\WINDOWS\System32\msvcrt.dll
0x00007ffb22680000 - 0x00007ffb22728000 	C:\WINDOWS\System32\sechost.dll
0x00007ffb213c0000 - 0x00007ffb213e8000 	C:\WINDOWS\System32\bcrypt.dll
0x00007ffb22560000 - 0x00007ffb22675000 	C:\WINDOWS\System32\RPCRT4.dll
0x00007ffb21d60000 - 0x00007ffb21f0e000 	C:\WINDOWS\System32\USER32.dll
0x00007ffb20ea0000 - 0x00007ffb20ec6000 	C:\WINDOWS\System32\win32u.dll
0x00007ffb1ff70000 - 0x00007ffb20203000 	C:\WINDOWS\WinSxS\amd64_microsoft.windows.common-controls_6595b64144ccf1df_6.0.22621.3527_none_270e469b73872a76\COMCTL32.dll
0x00007ffb21f10000 - 0x00007ffb21f39000 	C:\WINDOWS\System32\GDI32.dll
0x00007ffb20d80000 - 0x00007ffb20e99000 	C:\WINDOWS\System32\gdi32full.dll
0x00007ffb21580000 - 0x00007ffb2161a000 	C:\WINDOWS\System32\msvcp_win.dll
0x00007ffb15cf0000 - 0x00007ffb15cfa000 	C:\WINDOWS\SYSTEM32\VERSION.dll
0x00007ffb21d20000 - 0x00007ffb21d51000 	C:\WINDOWS\System32\IMM32.DLL
0x00007ffb03fa0000 - 0x00007ffb03fac000 	C:\Program Files\Java\jdk-17.0.1\bin\vcruntime140_1.dll
0x00007ffaa9810000 - 0x00007ffaa989d000 	C:\Program Files\Java\jdk-17.0.1\bin\msvcp140.dll
0x00007ffaa8c50000 - 0x00007ffaa980e000 	C:\Program Files\Java\jdk-17.0.1\bin\server\jvm.dll
0x00007ffb21c20000 - 0x00007ffb21c28000 	C:\WINDOWS\System32\PSAPI.DLL
0x00007ffb038b0000 - 0x00007ffb038b9000 	C:\WINDOWS\SYSTEM32\WSOCK32.dll
0x00007ffb16800000 - 0x00007ffb16834000 	C:\WINDOWS\SYSTEM32\WINMM.dll
0x00007ffb22730000 - 0x00007ffb227a1000 	C:\WINDOWS\System32\WS2_32.dll
0x00007ffb1f350000 - 0x00007ffb1f368000 	C:\WINDOWS\SYSTEM32\kernel.appcore.dll
0x00007ffafe580000 - 0x00007ffafe58a000 	C:\Program Files\Java\jdk-17.0.1\bin\jimage.dll
0x00007ffb20570000 - 0x00007ffb207a3000 	C:\WINDOWS\SYSTEM32\DBGHELP.DLL
0x00007ffb21f90000 - 0x00007ffb22318000 	C:\WINDOWS\System32\combase.dll
0x00007ffb21620000 - 0x00007ffb216f7000 	C:\WINDOWS\System32\OLEAUT32.dll
0x00007ffb20410000 - 0x00007ffb20442000 	C:\WINDOWS\SYSTEM32\dbgcore.DLL
0x00007ffb20f90000 - 0x00007ffb21009000 	C:\WINDOWS\System32\bcryptPrimitives.dll
0x00007ffaa8c20000 - 0x00007ffaa8c45000 	C:\Program Files\Java\jdk-17.0.1\bin\java.dll
0x00007ffaa8b40000 - 0x00007ffaa8c16000 	C:\Program Files\Java\jdk-17.0.1\bin\svml.dll
0x00007ffb22dd0000 - 0x00007ffb2362c000 	C:\WINDOWS\System32\SHELL32.dll
0x00007ffb1e120000 - 0x00007ffb1ea16000 	C:\WINDOWS\SYSTEM32\windows.storage.dll
0x00007ffb1dfe0000 - 0x00007ffb1e11e000 	C:\WINDOWS\SYSTEM32\wintypes.dll
0x00007ffb22880000 - 0x00007ffb22975000 	C:\WINDOWS\System32\SHCORE.dll
0x00007ffb21cc0000 - 0x00007ffb21d1e000 	C:\WINDOWS\System32\shlwapi.dll
0x00007ffb20b40000 - 0x00007ffb20b61000 	C:\WINDOWS\SYSTEM32\profapi.dll
0x00007ffaa9ef0000 - 0x00007ffaa9f09000 	C:\Program Files\Java\jdk-17.0.1\bin\net.dll
0x00007ffb1ba10000 - 0x00007ffb1bb46000 	C:\WINDOWS\SYSTEM32\WINHTTP.dll
0x00007ffb1f7a0000 - 0x00007ffb1f809000 	C:\WINDOWS\system32\mswsock.dll
0x00007ffaa8b20000 - 0x00007ffaa8b35000 	C:\Program Files\Java\jdk-17.0.1\bin\nio.dll
0x00007ffaa8b00000 - 0x00007ffaa8b18000 	C:\Program Files\Java\jdk-17.0.1\bin\zip.dll
0x00007ffb077f0000 - 0x00007ffb0786a000 	C:\Users\sampw\AppData\Local\Temp\lwjgl_sampw\3.3.2+13\x64\lwjgl.dll
0x00007ffafad50000 - 0x00007ffafafc0000 	C:\Users\sampw\AppData\Local\Temp\lwjgl_sampw\3.3.2+13\x64\jemalloc.dll
0x00007ffb1b620000 - 0x00007ffb1b630000 	C:\Program Files\Java\jdk-17.0.1\bin\verify.dll
0x00007ffaa8970000 - 0x00007ffaa8aff000 	C:\Program Files\Java\jdk-17.0.1\bin\awt.dll
0x00007ffb19dd0000 - 0x00007ffb19e67000 	C:\WINDOWS\SYSTEM32\apphelp.dll
0x00007ffb1d940000 - 0x00007ffb1d96b000 	C:\WINDOWS\system32\DWMAPI.DLL
0x00007ffb1d170000 - 0x00007ffb1d21b000 	C:\WINDOWS\system32\uxtheme.dll
0x00007ffad63c0000 - 0x00007ffad64c0000 	C:\WINDOWS\system32\opengl32.dll
0x00007ffad6310000 - 0x00007ffad633d000 	C:\WINDOWS\SYSTEM32\GLU32.dll
0x00007ffb1d790000 - 0x00007ffb1d7c9000 	C:\WINDOWS\SYSTEM32\dxcore.dll
0x00007ffb229a0000 - 0x00007ffb22af3000 	C:\WINDOWS\System32\MSCTF.dll
0x00007ffb22b00000 - 0x00007ffb22ca5000 	C:\WINDOWS\System32\ole32.dll
0x00007ffae2240000 - 0x00007ffae23e9000 	C:\WINDOWS\system32\d3d9.dll
0x00007ffb14270000 - 0x00007ffb1442a000 	C:\WINDOWS\System32\DriverStore\FileRepository\u0381040.inf_amd64_4455b7391a60ce8d\B380794\aticfx64.dll
0x00007ffad0ec0000 - 0x00007ffad0ef4000 	C:\WINDOWS\System32\DriverStore\FileRepository\u0381040.inf_amd64_4455b7391a60ce8d\B380794\atiu9p64.dll
0x00007ffac4ec0000 - 0x00007ffac5c16000 	C:\WINDOWS\System32\DriverStore\FileRepository\u0381040.inf_amd64_4455b7391a60ce8d\B380794\atiumd64.dll
0x000000006c2b0000 - 0x000000006d16f000 	C:\WINDOWS\System32\DriverStore\FileRepository\u0381040.inf_amd64_4455b7391a60ce8d\B380794\atiumd6a.dll
0x00007ffb21700000 - 0x00007ffb21b74000 	C:\WINDOWS\System32\SETUPAPI.dll
0x00007ffb20520000 - 0x00007ffb2056d000 	C:\WINDOWS\SYSTEM32\POWRPROF.dll
0x00007ffb203f0000 - 0x00007ffb20403000 	C:\WINDOWS\SYSTEM32\UMPDC.dll
0x00007ffb117e0000 - 0x00007ffb11810000 	C:\WINDOWS\SYSTEM32\amdihk64.dll
0x00007ffb175c0000 - 0x00007ffb1760a000 	C:\WINDOWS\SYSTEM32\directxdatabasehelper.dll
0x00007ffaa88e0000 - 0x00007ffaa8969000 	C:\Program Files\Java\jdk-17.0.1\bin\freetype.dll
0x00007ffaa8830000 - 0x00007ffaa88d8000 	C:\Program Files\Java\jdk-17.0.1\bin\fontmanager.dll
0x00007ffb22d20000 - 0x00007ffb22dd0000 	C:\WINDOWS\System32\clbcatq.dll
0x00007ffb1cf10000 - 0x00007ffb1d0c0000 	C:\WINDOWS\SYSTEM32\WindowsCodecs.dll
0x00007ffb064f0000 - 0x00007ffb0654e000 	C:\WINDOWS\system32\dataexchange.dll
0x00007ffb1a280000 - 0x00007ffb1a50b000 	C:\WINDOWS\system32\twinapi.appcore.dll
0x00007ffb03fb0000 - 0x00007ffb04032000 	C:\Users\sampw\AppData\Local\Temp\lwjgl_sampw\3.3.2+13\x64\glfw.dll
0x00007ffb11f60000 - 0x00007ffb120ab000 	C:\WINDOWS\SYSTEM32\textinputframework.dll
0x00007ffb09bc0000 - 0x00007ffb09c29000 	C:\WINDOWS\system32\Oleacc.dll
0x00007ffb06580000 - 0x00007ffb065c6000 	C:\WINDOWS\SYSTEM32\dinput8.dll
0x00007ffb0af80000 - 0x00007ffb0af91000 	C:\WINDOWS\SYSTEM32\xinput1_4.dll
0x00007ffb208c0000 - 0x00007ffb208ec000 	C:\WINDOWS\SYSTEM32\DEVOBJ.dll
0x00007ffb208f0000 - 0x00007ffb2093e000 	C:\WINDOWS\SYSTEM32\cfgmgr32.dll
0x00007ffb09f60000 - 0x00007ffb0a16c000 	C:\WINDOWS\SYSTEM32\inputhost.dll
0x00007ffb19890000 - 0x00007ffb199c3000 	C:\WINDOWS\SYSTEM32\CoreMessaging.dll
0x00007ffb1fa30000 - 0x00007ffb1fa3c000 	C:\WINDOWS\SYSTEM32\CRYPTBASE.DLL
0x00007ffb0afa0000 - 0x00007ffb0afeb000 	C:\WINDOWS\system32\ApplicationTargetedFeatureDatabase.dll
0x00007ffb1aa30000 - 0x00007ffb1ab67000 	C:\Windows\System32\AppXDeploymentClient.dll
0x00007ffafde20000 - 0x00007ffafde4c000 	C:\WINDOWS\System32\DriverStore\FileRepository\u0381040.inf_amd64_4455b7391a60ce8d\B380794\atig6pxx.dll
0x00007ffab3050000 - 0x00007ffab5eb0000 	C:\WINDOWS\System32\DriverStore\FileRepository\u0381040.inf_amd64_4455b7391a60ce8d\B380794\atio6axx.dll
0x00007ffadcc30000 - 0x00007ffadcc55000 	C:\WINDOWS\SYSTEM32\dxva2.dll
0x00007ffae93d0000 - 0x00007ffae940f000 	C:\WINDOWS\System32\DriverStore\FileRepository\u0381040.inf_amd64_4455b7391a60ce8d\B380794\atig6txx.dll
0x00007ffadca60000 - 0x00007ffadcc30000 	C:\WINDOWS\SYSTEM32\atiadlxx.dll
0x00007ffb1dda0000 - 0x00007ffb1dea1000 	C:\WINDOWS\SYSTEM32\PROPSYS.dll
0x00007ffaf37d0000 - 0x00007ffaf3820000 	C:\WINDOWS\SYSTEM32\pdh.dll
0x00007ffb17250000 - 0x00007ffb175bc000 	C:\WINDOWS\SYSTEM32\CoreUIComponents.dll
0x00007ffb21510000 - 0x00007ffb2157b000 	C:\WINDOWS\System32\WINTRUST.dll
0x00007ffb20c10000 - 0x00007ffb20d77000 	C:\WINDOWS\System32\CRYPT32.dll
0x00007ffb1fad0000 - 0x00007ffb1fae2000 	C:\WINDOWS\SYSTEM32\MSASN1.dll
0x00007ffb04450000 - 0x00007ffb044ae000 	C:\Users\sampw\AppData\Local\Temp\lwjgl_sampw\3.3.2+13\x64\lwjgl_opengl.dll
0x00007ffae44b0000 - 0x00007ffae4523000 	C:\Users\sampw\AppData\Local\Temp\lwjgl_sampw\3.3.2+13\x64\lwjgl_nuklear.dll
0x00007ffae0110000 - 0x00007ffae0192000 	C:\Users\sampw\AppData\Local\Temp\lwjgl_sampw\3.3.2+13\x64\lwjgl_stb.dll
0x00007ffaf17f0000 - 0x00007ffaf18ad000 	C:\WINDOWS\SYSTEM32\mscms.dll
0x00007ffad3450000 - 0x00007ffad3499000 	C:\WINDOWS\SYSTEM32\icm32.dll

dbghelp: loaded successfully - version: 4.0.5 - missing functions: none
symbol engine: initialized successfully - sym options: 0x614 - pdb path: .;C:\Program Files\Java\jdk-17.0.1\bin;C:\WINDOWS\SYSTEM32;C:\WINDOWS\WinSxS\amd64_microsoft.windows.common-controls_6595b64144ccf1df_6.0.22621.3527_none_270e469b73872a76;C:\Program Files\Java\jdk-17.0.1\bin\server;C:\Users\sampw\AppData\Local\Temp\lwjgl_sampw\3.3.2+13\x64;C:\WINDOWS\System32\DriverStore\FileRepository\u0381040.inf_amd64_4455b7391a60ce8d\B380794

VM Arguments:
jvm_args: -XX:+ShowCodeDetailsInExceptionMessages 
java_command: com.xbuilders.game.Main
java_class_path (initial): C:\Local Files\Java\Projects\Xbuilders3\target\classes;C:\Users\sampw\.m2\repository\com\google\code\gson\gson\2.10.1\gson-2.10.1.jar;C:\Users\sampw\.m2\repository\org\lwjgl\lwjgl\3.3.2\lwjgl-3.3.2.jar;C:\Users\sampw\.m2\repository\org\lwjgl\lwjgl-assimp\3.3.2\lwjgl-assimp-3.3.2.jar;C:\Users\sampw\.m2\repository\org\lwjgl\lwjgl-bgfx\3.3.2\lwjgl-bgfx-3.3.2.jar;C:\Users\sampw\.m2\repository\org\lwjgl\lwjgl-cuda\3.3.2\lwjgl-cuda-3.3.2.jar;C:\Users\sampw\.m2\repository\org\lwjgl\lwjgl-egl\3.3.2\lwjgl-egl-3.3.2.jar;C:\Users\sampw\.m2\repository\org\lwjgl\lwjgl-fmod\3.3.2\lwjgl-fmod-3.3.2.jar;C:\Users\sampw\.m2\repository\org\lwjgl\lwjgl-freetype\3.3.2\lwjgl-freetype-3.3.2.jar;C:\Users\sampw\.m2\repository\org\lwjgl\lwjgl-glfw\3.3.2\lwjgl-glfw-3.3.2.jar;C:\Users\sampw\.m2\repository\org\lwjgl\lwjgl-harfbuzz\3.3.2\lwjgl-harfbuzz-3.3.2.jar;C:\Users\sampw\.m2\repository\org\lwjgl\lwjgl-hwloc\3.3.2\lwjgl-hwloc-3.3.2.jar;C:\Users\sampw\.m2\repository\org\lwjgl\lwjgl-jawt\3.3.2\lwjgl-jawt-3.3.2.jar;C:\Users\sampw\.m2\repository\org\lwjgl\lwjgl-jemalloc\3.3.2\lwjgl-jemalloc-3.3.2.jar;C:\Users\sampw\.m2\repository\org\lwjgl\lwjgl-ktx\3.3.2\lwjgl-ktx-3.3.2.jar;C:\Users\sampw\.m2\repository\org\lwjgl\lwjgl-libdivide\3.3.2\lwjgl-libdivide-3.3.2.jar;C:\Users\sampw\.m2\repository\org\lwjgl\lwjgl-llvm\3.3.2\lwjgl-llvm-3.3.2.jar;C:\Users\sampw\.m2\repository\org\lwjgl\lwjgl-lmdb\3.3.2\lwjgl-lmdb-3.3.2.jar;C:\Users\sampw\.m2\repository\org\lwjgl\lwjgl-lz4\3.3.2\lwjgl-lz4-3.3.2.jar;C:\Users\sampw\.m2\repository\org\lwjgl\lwjgl-meow\3.3.2\lwjgl-meow-3.3.2.jar;C:\Users\sampw\.m2\repository\org\lwjgl\lwjgl-meshoptimizer\3.3.2\lwjgl-meshoptimizer-3.3.2.jar;C:\Users\sampw\.m2\repository\org\lwjgl\lwjgl-nanovg\3.3.2\lwjgl-nanovg-3.3.2.jar;C:\Users\sampw\.m2\repository\org\lwjgl\lwjgl-nfd\3.3.2\lwjgl-nfd-3.3.2.jar;C:\Users\sampw\.m2\repository\org\lwjgl\lwjgl-nuklear\3.3.2\lwjgl-nuklear-3.3.2.jar;C:\Users\sampw\.m2\repository\org\lwjgl\lwjgl-odbc\3.3.2\lwjgl-odbc-3.3
Launcher Type: SUN_STANDARD

[Global flags]
     intx CICompilerCount                          = 12                                        {product} {ergonomic}
     uint ConcGCThreads                            = 3                                         {product} {ergonomic}
     uint G1ConcRefinementThreads                  = 13                                        {product} {ergonomic}
   size_t G1HeapRegionSize                         = 2097152                                   {product} {ergonomic}
    uintx GCDrainStackTargetSize                   = 64                                        {product} {ergonomic}
   size_t InitialHeapSize                          = 257949696                                 {product} {ergonomic}
   size_t MarkStackSize                            = 4194304                                   {product} {ergonomic}
   size_t MaxHeapSize                              = 4114612224                                {product} {ergonomic}
   size_t MaxNewSize                               = 2468347904                                {product} {ergonomic}
   size_t MinHeapDeltaBytes                        = 2097152                                   {product} {ergonomic}
   size_t MinHeapSize                              = 8388608                                   {product} {ergonomic}
    uintx NonNMethodCodeHeapSize                   = 7602480                                {pd product} {ergonomic}
    uintx NonProfiledCodeHeapSize                  = 122027880                              {pd product} {ergonomic}
    uintx ProfiledCodeHeapSize                     = 122027880                              {pd product} {ergonomic}
    uintx ReservedCodeCacheSize                    = 251658240                              {pd product} {ergonomic}
     bool SegmentedCodeCache                       = true                                      {product} {ergonomic}
     bool ShowCodeDetailsInExceptionMessages       = true                                   {manageable} {command line}
   size_t SoftMaxHeapSize                          = 4114612224                             {manageable} {ergonomic}
     bool UseCompressedClassPointers               = true                           {product lp64_product} {ergonomic}
     bool UseCompressedOops                        = true                           {product lp64_product} {ergonomic}
     bool UseG1GC                                  = true                                      {product} {ergonomic}
     bool UseLargePagesIndividualAllocation        = false                                  {pd product} {ergonomic}

Logging:
Log output configuration:
 #0: stdout all=warning uptime,level,tags
 #1: stderr all=off uptime,level,tags

Environment Variables:
JAVA_HOME=C:\Program Files\Java\jdk-17.0.1
PATH=C:\Program Files\Common Files\Oracle\Java\javapath;C:\WINDOWS\system32;C:\WINDOWS;C:\WINDOWS\System32\Wbem;C:\WINDOWS\System32\WindowsPowerShell\v1.0\;C:\WINDOWS\System32\OpenSSH\;C:\Program Files\PuTTY\;C:\Program Files\nodejs\;C:\Program Files\Java\jdk-16.0.1\bin;C:\Program Files\Apache Software Foundation\apache-maven-3.8.1\bin;C:\Program Files\Git\cmd;C:\Program Files\dotnet\;C:\Program Files\HP\HP One Agent;C:\Users\sampw\AppData\Local\Microsoft\WindowsApps;C:\Users\sampw\AppData\Roaming\npm;C:\Program Files (x86)\mingw-w64\i686-8.1.0-posix-dwarf-rt_v6-rev0\mingw32\bin;C:\Users\sampw\anaconda3;C:\Program Files\heroku\bin;C:\Programs\Program Downloads\ffmpeg-N-102431-gf140239777-win64-gpl-shared\bin;C:\Users\sampw\AppData\Local\Packages\PythonSoftwareFoundation.Python.3.9_qbz5n2kfra8p0\LocalCache\local-packages\Python39\Scripts;C:\Programs\apache-ant-1.10.13\bin;C:\Program Files\Microsoft Visual Studio\2022\Community\Common7\IDE\CommonExtensions\Microsoft\CMake\CMake\bin\;C:\Program Files\JetBrains\IntelliJ IDEA Community Edition 2023.3.2\bin;;C:\Users\sampw\AppData\Local\Programs\Microsoft VS Code\bin;C:\Users\sampw\AppData\Local\GitHubDesktop\bin
USERNAME=sampw
LANG=en_US.UTF-8
OS=Windows_NT
PROCESSOR_IDENTIFIER=AMD64 Family 23 Model 104 Stepping 1, AuthenticAMD



---------------  S Y S T E M  ---------------

OS:
 Windows 10 , 64 bit Build 22621 (10.0.22621.3527)
OS uptime: 5 days 3:26 hours
Hyper-V role detected

CPU: total 16 (initial active 16) (16 cores per cpu, 2 threads per core) family 23 model 104 stepping 1 microcode 0x0, cx8, cmov, fxsr, ht, mmx, 3dnowpref, sse, sse2, sse3, ssse3, sse4a, sse4.1, sse4.2, popcnt, lzcnt, tsc, tscinvbit, avx, avx2, aes, clmul, bmi1, bmi2, adx, sha, fma, vzeroupper, clflush, clflushopt, hv

Memory: 4k page, system-wide physical 15695M (6454M free)
TotalPageFile size 31391M (AvailPageFile size 15886M)
current process WorkingSet (physical memory assigned to process): 212M, peak: 212M
current process commit charge ("private bytes"): 543M, peak: 543M

vm_info: Java HotSpot(TM) 64-Bit Server VM (17.0.1+12-LTS-39) for windows-amd64 JRE (17.0.1+12-LTS-39), built on Sep 27 2021 18:41:35 by "mach5one" with MS VC++ 16.8 (VS2019)

END.
