#
# A fatal error has been detected by the Java Runtime Environment:
#
#  EXCEPTION_ACCESS_VIOLATION (0xc0000005) at pc=0x00007ff9b1465026, pid=21088, tid=12972
#
# JRE version: Java(TM) SE Runtime Environment (17.0.1+12) (build 17.0.1+12-LTS-39)
# Java VM: Java HotSpot(TM) 64-Bit Server VM (17.0.1+12-LTS-39, mixed mode, sharing, tiered, compressed oops, compressed class ptrs, g1 gc, windows-amd64)
# Problematic frame:
# C  [atio6axx.dll+0x15e5026]
#
# No core dump will be written. Minidumps are not enabled by default on client versions of Windows
#
# If you would like to submit a bug report, please visit:
#   https://bugreport.java.com/bugreport/crash.jsp
# The crash happened outside the Java Virtual Machine in native code.
# See problematic frame for where to report the bug.
#

---------------  S U M M A R Y ------------

Command Line: -javaagent:C:\Program Files\JetBrains\IntelliJ IDEA Community Edition 2023.3.6\lib\idea_rt.jar=60401:C:\Program Files\JetBrains\IntelliJ IDEA Community Edition 2023.3.6\bin -Dfile.encoding=UTF-8 com.xbuilders.game.Main devmode

Host: AMD Ryzen 7 5700U with Radeon Graphics         , 16 cores, 15G,  Windows 10 , 64 bit Build 22621 (10.0.22621.3374)
Time: Mon Apr  1 17:07:26 2024 Mountain Daylight Time elapsed time: 14.368458 seconds (0d 0h 0m 14s)

---------------  T H R E A D  ---------------

Current thread (0x000002a6847ff750):  JavaThread "main" [_thread_in_native, id=12972, stack(0x000000e3f0b00000,0x000000e3f0c00000)]

Stack: [0x000000e3f0b00000,0x000000e3f0c00000],  sp=0x000000e3f0bfe640,  free space=1017k
Native frames: (J=compiled Java code, j=interpreted, Vv=VM code, C=native code)
C  [atio6axx.dll+0x15e5026]

Java frames: (J=compiled Java code, j=interpreted, Vv=VM code)
J 2818  org.lwjgl.opengl.GL15C.nglBufferData(IJJI)V (0 bytes) @ 0x000002a6954c4376 [0x000002a6954c4320+0x0000000000000056]
J 5061 c1 org.lwjgl.opengl.GL15C.glBufferData(ILjava/nio/IntBuffer;I)V (19 bytes) @ 0x000002a68e4b06d4 [0x000002a68e4b0460+0x0000000000000274]
J 5062 c1 com.xbuilders.engine.rendering.chunk.mesh.CompactMesh.sendBuffersToGPU(Ljava/nio/IntBuffer;)V (41 bytes) @ 0x000002a68e018604 [0x000002a68e018480+0x0000000000000184]
J 4825 c1 com.xbuilders.engine.rendering.chunk.ChunkMeshBundle.sendToGPU()V (63 bytes) @ 0x000002a68e4a3194 [0x000002a68e4a3060+0x0000000000000134]
J 4622 c2 com.xbuilders.engine.world.World$$Lambda$230+0x0000000800e00668.accept(Ljava/lang/Object;Ljava/lang/Object;)V (20 bytes) @ 0x000002a6955449c4 [0x000002a695543dc0+0x0000000000000c04]
J 4628 c2 java.util.HashMap.forEach(Ljava/util/function/BiConsumer;)V java.base@17.0.1 (112 bytes) @ 0x000002a6953a4210 [0x000002a6953a40a0+0x0000000000000170]
J 5048 c1 com.xbuilders.engine.world.World.updateChunksToRenderList(Lorg/joml/Vector3f;)V (123 bytes) @ 0x000002a68e22f22c [0x000002a68e22ec40+0x00000000000005ec]
j  com.xbuilders.engine.world.World.drawChunks(Lorg/joml/Matrix4f;Lorg/joml/Matrix4f;Lorg/joml/Vector3f;)V+134
J 4966 c1 com.xbuilders.engine.gameScene.GameScene.render()V (115 bytes) @ 0x000002a68e4b7aac [0x000002a68e4b7400+0x00000000000006ac]
J 4541 c1 com.xbuilders.game.Main.render()V (22 bytes) @ 0x000002a68e7c89c4 [0x000002a68e7c88e0+0x00000000000000e4]
j  com.xbuilders.game.Main.run()V+49
j  com.xbuilders.game.Main.main([Ljava/lang/String;)V+75
v  ~StubRoutines::call_stub

siginfo: EXCEPTION_ACCESS_VIOLATION (0xc0000005), reading address 0x000002a6dfec2000


Register to memory mapping:

RIP=0x00007ff9b1465026 atio6axx.dll
RAX=0xfffffffffffec000 is an unknown value
RBX=0x000002a6dfec1fc8 points into unknown readable memory: 0x0000000000000000 | 00 00 00 00 00 00 00 00
RCX=0x0000000000000245 is an unknown value
RDX=0x000002a6dfec0240 points into unknown readable memory: 0x0000000000000000 | 00 00 00 00 00 00 00 00
RSP=0x000000e3f0bfe640 is pointing into the stack for thread: 0x000002a6847ff750
RBP=0x0000000000000008 is an unknown value
RSI=0x000002a6b9012ee0 points into unknown readable memory: 0x0000000000000000 | 00 00 00 00 00 00 00 00
RDI=0x000002a6b5ff8028 points into unknown readable memory: 0x00007ff9b268c6d0 | d0 c6 68 b2 f9 7f 00 00
R8 =0x0000000000000008 is an unknown value
R9 =0x00007ff9b1a43f6d atio6axx.dll
R10=0x00007ff9afe80000 atio6axx.dll
R11=0x0000000000000246 is an unknown value
R12=0x0000000000000001 is an unknown value
R13=0x000000e3f0bfe888 is pointing into the stack for thread: 0x000002a6847ff750
R14=0x00000000001e0200 is an unknown value
R15=0x000000000000c40d is an unknown value


Registers:
RAX=0xfffffffffffec000, RBX=0x000002a6dfec1fc8, RCX=0x0000000000000245, RDX=0x000002a6dfec0240
RSP=0x000000e3f0bfe640, RBP=0x0000000000000008, RSI=0x000002a6b9012ee0, RDI=0x000002a6b5ff8028
R8 =0x0000000000000008, R9 =0x00007ff9b1a43f6d, R10=0x00007ff9afe80000, R11=0x0000000000000246
R12=0x0000000000000001, R13=0x000000e3f0bfe888, R14=0x00000000001e0200, R15=0x000000000000c40d
RIP=0x00007ff9b1465026, EFLAGS=0x0000000000010202

Top of Stack: (sp=0x000000e3f0bfe640)
0x000000e3f0bfe640:   0000000000014000 00000000001e0200
0x000000e3f0bfe650:   000002a6b5ff8028 0000000000014010
0x000000e3f0bfe660:   0000000000014010 00007ff9b12b6bc2
0x000000e3f0bfe670:   000002a6b5ff8028 000000e3f0bfe880
0x000000e3f0bfe680:   000000000000c00d 000000e3f0bfe888
0x000000e3f0bfe690:   000002a6ab929b70 000002a6b6472b60
0x000000e3f0bfe6a0:   000002a6ab929b70 000002a6b5fd0a30
0x000000e3f0bfe6b0:   000002a6b5fd0a30 00007ff9b1a7313c
0x000000e3f0bfe6c0:   0000000000000000 0000000000000018
0x000000e3f0bfe6d0:   000000000000fffc 0000000000000000
0x000000e3f0bfe6e0:   000002a6cec1e5e0 00007ff9b12a4c8d
0x000000e3f0bfe6f0:   000002a6cec1e5e0 0000000000000001
0x000000e3f0bfe700:   0000000000000000 0000000000003201
0x000000e3f0bfe710:   0000000000014000 00007ff9b1282b06
0x000000e3f0bfe720:   000002a6c5c23400 000002a6d1fef190
0x000000e3f0bfe730:   000002a6d1fef190 0000000000014000 

Instructions: (pc=0x00007ff9b1465026)
0x00007ff9b1464f26:   5c 24 30 48 8b 74 24 38 48 83 c4 20 5f c3 cc cc
0x00007ff9b1464f36:   cc cc cc cc cc cc cc cc cc cc 48 8b 41 08 4c 8b
0x00007ff9b1464f46:   c9 48 85 c0 75 34 4c 8b 01 49 8b 50 18 48 8b c2
0x00007ff9b1464f56:   66 66 0f 1f 84 00 00 00 00 00 48 8b 4a 08 48 39
0x00007ff9b1464f66:   48 08 48 0f 47 d0 49 3b c0 74 06 48 8b 40 18 eb
0x00007ff9b1464f76:   e9 49 89 51 08 48 8b 42 08 c3 48 8b 40 08 c3 cc
0x00007ff9b1464f86:   cc cc cc cc cc cc cc cc cc cc 48 89 5c 24 10 48
0x00007ff9b1464f96:   89 6c 24 18 56 48 83 ec 20 49 8b e8 48 8b da 48
0x00007ff9b1464fa6:   8b f1 49 81 f8 00 02 00 00 0f 86 18 01 00 00 8b
0x00007ff9b1464fb6:   c6 b9 10 00 00 00 83 e0 0f 2b c8 74 20 44 8b c1
0x00007ff9b1464fc6:   48 89 7c 24 30 8b f9 48 8b ce e8 8b ee 5d 00 48
0x00007ff9b1464fd6:   03 f7 48 03 df 48 2b ef 48 8b 7c 24 30 48 8b c3
0x00007ff9b1464fe6:   83 e0 0f 48 81 fd 80 00 00 00 0f 86 c6 00 00 00
0x00007ff9b1464ff6:   48 8d 8d 7f ff ff ff 48 c1 e9 07 48 ff c1 48 85
0x00007ff9b1465006:   c0 74 55 48 6b c1 80 48 03 e8 0f 10 03 0f 2b 06
0x00007ff9b1465016:   0f 10 4b 10 0f 2b 4e 10 0f 10 43 20 0f 2b 46 20
0x00007ff9b1465026:   0f 10 4b 30 0f 2b 4e 30 0f 10 43 40 0f 2b 46 40
0x00007ff9b1465036:   0f 10 4b 50 0f 2b 4e 50 0f 10 43 60 0f 2b 46 60
0x00007ff9b1465046:   0f 10 4b 70 48 83 eb 80 0f 2b 4e 70 48 83 ee 80
0x00007ff9b1465056:   48 83 e9 01 75 b4 eb 5e 48 6b c1 80 48 03 e8 66
0x00007ff9b1465066:   66 66 0f 1f 84 00 00 00 00 00 0f 10 03 0f 2b 06
0x00007ff9b1465076:   0f 10 4b 10 0f 2b 4e 10 0f 10 43 20 0f 2b 46 20
0x00007ff9b1465086:   0f 10 4b 30 0f 2b 4e 30 0f 10 43 40 0f 2b 46 40
0x00007ff9b1465096:   0f 10 4b 50 0f 2b 4e 50 0f 10 43 60 0f 2b 46 60
0x00007ff9b14650a6:   0f 10 4b 70 48 83 eb 80 0f 2b 4e 70 48 83 ee 80
0x00007ff9b14650b6:   48 83 e9 01 75 b4 0f ae f8 48 85 ed 74 0e 4c 8b
0x00007ff9b14650c6:   c5 48 8b d3 48 8b ce e8 8e ed 5d 00 48 8b 5c 24
0x00007ff9b14650d6:   38 48 8b 6c 24 40 48 83 c4 20 5e c3 cc cc cc cc
0x00007ff9b14650e6:   cc cc cc cc cc cc cc cc cc cc 48 89 5c 24 08 48
0x00007ff9b14650f6:   89 6c 24 10 48 89 74 24 18 57 48 83 ec 20 33 ed
0x00007ff9b1465106:   48 8b d9 48 89 69 18 48 83 c1 20 e8 aa d6 5d ff
0x00007ff9b1465116:   4c 8b 4a 20 4c 89 0b 48 89 53 08 4c 89 43 10 48 


Stack slot to memory mapping:
stack at sp + 0 slots: 0x0000000000014000 is an unknown value
stack at sp + 1 slots: 0x00000000001e0200 is an unknown value
stack at sp + 2 slots: 0x000002a6b5ff8028 points into unknown readable memory: 0x00007ff9b268c6d0 | d0 c6 68 b2 f9 7f 00 00
stack at sp + 3 slots: 0x0000000000014010 is an unknown value
stack at sp + 4 slots: 0x0000000000014010 is an unknown value
stack at sp + 5 slots: 0x00007ff9b12b6bc2 atio6axx.dll
stack at sp + 6 slots: 0x000002a6b5ff8028 points into unknown readable memory: 0x00007ff9b268c6d0 | d0 c6 68 b2 f9 7f 00 00
stack at sp + 7 slots: 0x000000e3f0bfe880 is pointing into the stack for thread: 0x000002a6847ff750


---------------  P R O C E S S  ---------------

Threads class SMR info:
_java_thread_list=0x000002a6da00c500, length=58, elements={
0x000002a6847ff750, 0x000002a6a99dd350, 0x000002a6a99ddfc0, 0x000002a6a99efeb0,
0x000002a6a99f1780, 0x000002a6a99f3050, 0x000002a6a99f3910, 0x000002a6a99f95d0,
0x000002a6a99fd480, 0x000002a6a99fe960, 0x000002a6a99c4fe0, 0x000002a6aa507990,
0x000002a6aa510ec0, 0x000002a6aa8109c0, 0x000002a6aab90600, 0x000002a6ab18ea50,
0x000002a6ab17b7a0, 0x000002a6ab10cc70, 0x000002a6ab4ada00, 0x000002a6ab4b3f10,
0x000002a6ab4b1890, 0x000002a6ab4ad530, 0x000002a6ab4b0ef0, 0x000002a6ab4b13c0,
0x000002a6ab4ae870, 0x000002a6ab4aed40, 0x000002a6ab4af210, 0x000002a6ab4b0080,
0x000002a6ab4b0550, 0x000002a6ab4b2230, 0x000002a6ab4b3570, 0x000002a6ab4b3a40,
0x000002a6ab4b2700, 0x000002a6ab4b2bd0, 0x000002a6ab4b43e0, 0x000002a6aadb7ed0,
0x000002a6aadbc700, 0x000002a6aadbcbd0, 0x000002a6aadb7060, 0x000002a6aadb9210,
0x000002a6aadbaa20, 0x000002a6aadbd0a0, 0x000002a6aadba080, 0x000002a6aadb8870,
0x000002a6aadba550, 0x000002a6aadbd570, 0x000002a6aadb7530, 0x000002a6aadb83a0,
0x000002a6aadb8d40, 0x000002a6aadb96e0, 0x000002a6aadbaef0, 0x000002a6aadb9bb0,
0x000002a6aadbda40, 0x000002a6aadbdf10, 0x000002a6aadbb3c0, 0x000002a6aadb66c0,
0x000002a6d41cde40, 0x000002a6d41ccf10
}

Java Threads: ( => current thread )
=>0x000002a6847ff750 JavaThread "main" [_thread_in_native, id=12972, stack(0x000000e3f0b00000,0x000000e3f0c00000)]
  0x000002a6a99dd350 JavaThread "Reference Handler" daemon [_thread_blocked, id=8424, stack(0x000000e3f1200000,0x000000e3f1300000)]
  0x000002a6a99ddfc0 JavaThread "Finalizer" daemon [_thread_blocked, id=5336, stack(0x000000e3f1300000,0x000000e3f1400000)]
  0x000002a6a99efeb0 JavaThread "Signal Dispatcher" daemon [_thread_blocked, id=20420, stack(0x000000e3f1400000,0x000000e3f1500000)]
  0x000002a6a99f1780 JavaThread "Attach Listener" daemon [_thread_blocked, id=14600, stack(0x000000e3f1500000,0x000000e3f1600000)]
  0x000002a6a99f3050 JavaThread "Service Thread" daemon [_thread_blocked, id=23400, stack(0x000000e3f1600000,0x000000e3f1700000)]
  0x000002a6a99f3910 JavaThread "Monitor Deflation Thread" daemon [_thread_blocked, id=5476, stack(0x000000e3f1700000,0x000000e3f1800000)]
  0x000002a6a99f95d0 JavaThread "C2 CompilerThread0" daemon [_thread_blocked, id=18872, stack(0x000000e3f1800000,0x000000e3f1900000)]
  0x000002a6a99fd480 JavaThread "C1 CompilerThread0" daemon [_thread_blocked, id=4860, stack(0x000000e3f1900000,0x000000e3f1a00000)]
  0x000002a6a99fe960 JavaThread "Sweeper thread" daemon [_thread_blocked, id=12776, stack(0x000000e3f1a00000,0x000000e3f1b00000)]
  0x000002a6a99c4fe0 JavaThread "Common-Cleaner" daemon [_thread_blocked, id=7664, stack(0x000000e3f1b00000,0x000000e3f1c00000)]
  0x000002a6aa507990 JavaThread "C1 CompilerThread1" daemon [_thread_blocked, id=8120, stack(0x000000e3f1c00000,0x000000e3f1d00000)]
  0x000002a6aa510ec0 JavaThread "C1 CompilerThread2" daemon [_thread_blocked, id=19780, stack(0x000000e3f1d00000,0x000000e3f1e00000)]
  0x000002a6aa8109c0 JavaThread "Monitor Ctrl-Break" daemon [_thread_in_native, id=13924, stack(0x000000e3f1f00000,0x000000e3f2000000)]
  0x000002a6aab90600 JavaThread "Notification Thread" daemon [_thread_blocked, id=6020, stack(0x000000e3f2000000,0x000000e3f2100000)]
  0x000002a6ab18ea50 JavaThread "Java2D Disposer" daemon [_thread_blocked, id=18228, stack(0x000000e3f2300000,0x000000e3f2400000)]
  0x000002a6ab17b7a0 JavaThread "AWT-Shutdown" [_thread_blocked, id=15332, stack(0x000000e3f2400000,0x000000e3f2500000)]
  0x000002a6ab10cc70 JavaThread "AWT-Windows" daemon [_thread_in_native, id=22868, stack(0x000000e3f2500000,0x000000e3f2600000)]
  0x000002a6ab4ada00 JavaThread "AWT-EventQueue-0" [_thread_blocked, id=3784, stack(0x000000e3f1e00000,0x000000e3f1f00000)]
  0x000002a6ab4b3f10 JavaThread "D3D Screen Updater" daemon [_thread_blocked, id=10472, stack(0x000000e3f3e00000,0x000000e3f3f00000)]
  0x000002a6ab4b1890 JavaThread "Generation Thread" daemon [_thread_blocked, id=17572, stack(0x000000e3f3f00000,0x000000e3f4000000)]
  0x000002a6ab4ad530 JavaThread "Generation Thread" daemon [_thread_blocked, id=13972, stack(0x000000e3f4200000,0x000000e3f4300000)]
  0x000002a6ab4b0ef0 JavaThread "Generation Thread" daemon [_thread_blocked, id=15504, stack(0x000000e3f4300000,0x000000e3f4400000)]
  0x000002a6ab4b13c0 JavaThread "Generation Thread" daemon [_thread_blocked, id=17388, stack(0x000000e3f4400000,0x000000e3f4500000)]
  0x000002a6ab4ae870 JavaThread "Generation Thread" daemon [_thread_blocked, id=21356, stack(0x000000e3f4500000,0x000000e3f4600000)]
  0x000002a6ab4aed40 JavaThread "Generation Thread" daemon [_thread_blocked, id=21572, stack(0x000000e3f4600000,0x000000e3f4700000)]
  0x000002a6ab4af210 JavaThread "Generation Thread" daemon [_thread_blocked, id=21064, stack(0x000000e3f4700000,0x000000e3f4800000)]
  0x000002a6ab4b0080 JavaThread "Generation Thread" daemon [_thread_blocked, id=14640, stack(0x000000e3f4800000,0x000000e3f4900000)]
  0x000002a6ab4b0550 JavaThread "Generation Thread" daemon [_thread_blocked, id=19412, stack(0x000000e3f4900000,0x000000e3f4a00000)]
  0x000002a6ab4b2230 JavaThread "Generation Thread" daemon [_thread_blocked, id=21492, stack(0x000000e3f4a00000,0x000000e3f4b00000)]
  0x000002a6ab4b3570 JavaThread "Generation Thread" daemon [_thread_blocked, id=1296, stack(0x000000e3f4b00000,0x000000e3f4c00000)]
  0x000002a6ab4b3a40 JavaThread "Generation Thread" daemon [_thread_blocked, id=16680, stack(0x000000e3f4c00000,0x000000e3f4d00000)]
  0x000002a6ab4b2700 JavaThread "Light Thread" daemon [_thread_blocked, id=1100, stack(0x000000e3f4f00000,0x000000e3f5000000)]
  0x000002a6ab4b2bd0 JavaThread "Light Thread" daemon [_thread_in_Java, id=7248, stack(0x000000e3f5000000,0x000000e3f5100000)]
  0x000002a6ab4b43e0 JavaThread "Light Thread" daemon [_thread_blocked, id=16532, stack(0x000000e3f5100000,0x000000e3f5200000)]
  0x000002a6aadb7ed0 JavaThread "Light Thread" daemon [_thread_blocked, id=22884, stack(0x000000e3f5200000,0x000000e3f5300000)]
  0x000002a6aadbc700 JavaThread "Light Thread" daemon [_thread_blocked, id=14244, stack(0x000000e3f5300000,0x000000e3f5400000)]
  0x000002a6aadbcbd0 JavaThread "Light Thread" daemon [_thread_blocked, id=19420, stack(0x000000e3f5400000,0x000000e3f5500000)]
  0x000002a6aadb7060 JavaThread "Light Thread" daemon [_thread_blocked, id=22028, stack(0x000000e3f5500000,0x000000e3f5600000)]
  0x000002a6aadb9210 JavaThread "Light Thread" daemon [_thread_blocked, id=15224, stack(0x000000e3f5600000,0x000000e3f5700000)]
  0x000002a6aadbaa20 JavaThread "Light Thread" daemon [_thread_blocked, id=16168, stack(0x000000e3f5700000,0x000000e3f5800000)]
  0x000002a6aadbd0a0 JavaThread "Light Thread" daemon [_thread_blocked, id=1156, stack(0x000000e3f5800000,0x000000e3f5900000)]
  0x000002a6aadba080 JavaThread "Light Thread" daemon [_thread_blocked, id=11064, stack(0x000000e3f5900000,0x000000e3f5a00000)]
  0x000002a6aadb8870 JavaThread "Light Thread" daemon [_thread_blocked, id=9464, stack(0x000000e3f5a00000,0x000000e3f5b00000)]
  0x000002a6aadba550 JavaThread "Mesh Thread" daemon [_thread_blocked, id=11060, stack(0x000000e3f5e00000,0x000000e3f5f00000)]
  0x000002a6aadbd570 JavaThread "Mesh Thread" daemon [_thread_blocked, id=16900, stack(0x000000e3f5f00000,0x000000e3f6000000)]
  0x000002a6aadb7530 JavaThread "Mesh Thread" daemon [_thread_blocked, id=3628, stack(0x000000e3f6000000,0x000000e3f6100000)]
  0x000002a6aadb83a0 JavaThread "Mesh Thread" daemon [_thread_blocked, id=11612, stack(0x000000e3f6100000,0x000000e3f6200000)]
  0x000002a6aadb8d40 JavaThread "Mesh Thread" daemon [_thread_blocked, id=12984, stack(0x000000e3f6200000,0x000000e3f6300000)]
  0x000002a6aadb96e0 JavaThread "Mesh Thread" daemon [_thread_blocked, id=17592, stack(0x000000e3f6300000,0x000000e3f6400000)]
  0x000002a6aadbaef0 JavaThread "Mesh Thread" daemon [_thread_blocked, id=21604, stack(0x000000e3f6400000,0x000000e3f6500000)]
  0x000002a6aadb9bb0 JavaThread "Mesh Thread" daemon [_thread_blocked, id=2668, stack(0x000000e3f6500000,0x000000e3f6600000)]
  0x000002a6aadbda40 JavaThread "Mesh Thread" daemon [_thread_blocked, id=1168, stack(0x000000e3f6600000,0x000000e3f6700000)]
  0x000002a6aadbdf10 JavaThread "Mesh Thread" daemon [_thread_blocked, id=23424, stack(0x000000e3f6700000,0x000000e3f6800000)]
  0x000002a6aadbb3c0 JavaThread "Mesh Thread" daemon [_thread_blocked, id=12392, stack(0x000000e3f6800000,0x000000e3f6900000)]
  0x000002a6aadb66c0 JavaThread "Mesh Thread" daemon [_thread_blocked, id=23004, stack(0x000000e3f6900000,0x000000e3f6a00000)]
  0x000002a6d41cde40 JavaThread "C2 CompilerThread1" daemon [_thread_blocked, id=13500, stack(0x000000e3f2200000,0x000000e3f2300000)]
  0x000002a6d41ccf10 JavaThread "C2 CompilerThread2" daemon [_thread_in_native, id=3212, stack(0x000000e3f5b00000,0x000000e3f5c00000)]

Other Threads:
  0x000002a6a99d8c40 VMThread "VM Thread" [stack: 0x000000e3f1100000,0x000000e3f1200000] [id=11380]
  0x000002a6aaa70b00 WatcherThread [stack: 0x000000e3f2100000,0x000000e3f2200000] [id=16564]
  0x000002a68484f060 GCTaskThread "GC Thread#0" [stack: 0x000000e3f0c00000,0x000000e3f0d00000] [id=5516]
  0x000002a6ab4c8750 GCTaskThread "GC Thread#1" [stack: 0x000000e3f3200000,0x000000e3f3300000] [id=21056]
  0x000002a6ab4c8a00 GCTaskThread "GC Thread#2" [stack: 0x000000e3f3300000,0x000000e3f3400000] [id=6248]
  0x000002a6ab4c94c0 GCTaskThread "GC Thread#3" [stack: 0x000000e3f3400000,0x000000e3f3500000] [id=14680]
  0x000002a6ab4ca390 GCTaskThread "GC Thread#4" [stack: 0x000000e3f3500000,0x000000e3f3600000] [id=17908]
  0x000002a6ab4cb260 GCTaskThread "GC Thread#5" [stack: 0x000000e3f3600000,0x000000e3f3700000] [id=11328]
  0x000002a6ab5207d0 GCTaskThread "GC Thread#6" [stack: 0x000000e3f3700000,0x000000e3f3800000] [id=10708]
  0x000002a6ab520e90 GCTaskThread "GC Thread#7" [stack: 0x000000e3f3800000,0x000000e3f3900000] [id=7428]
  0x000002a6ab521140 GCTaskThread "GC Thread#8" [stack: 0x000000e3f3900000,0x000000e3f3a00000] [id=14988]
  0x000002a6ab525800 GCTaskThread "GC Thread#9" [stack: 0x000000e3f3a00000,0x000000e3f3b00000] [id=10960]
  0x000002a6ab525ec0 GCTaskThread "GC Thread#10" [stack: 0x000000e3f3b00000,0x000000e3f3c00000] [id=14748]
  0x000002a6b6c96d90 GCTaskThread "GC Thread#11" [stack: 0x000000e3f4000000,0x000000e3f4100000] [id=21628]
  0x000002a6b6c93270 GCTaskThread "GC Thread#12" [stack: 0x000000e3f4100000,0x000000e3f4200000] [id=15156]
  0x000002a68485f3e0 ConcurrentGCThread "G1 Main Marker" [stack: 0x000000e3f0d00000,0x000000e3f0e00000] [id=22516]
  0x000002a68485fcf0 ConcurrentGCThread "G1 Conc#0" [stack: 0x000000e3f0e00000,0x000000e3f0f00000] [id=15008]
  0x000002a6cf5c36a0 ConcurrentGCThread "G1 Conc#1" [stack: 0x000000e3f6e00000,0x000000e3f6f00000] [id=18764]
  0x000002a6cf5c3ea0 ConcurrentGCThread "G1 Conc#2" [stack: 0x000000e3f6f00000,0x000000e3f7000000] [id=21008]
  0x000002a6a98940f0 ConcurrentGCThread "G1 Refine#0" [stack: 0x000000e3f0f00000,0x000000e3f1000000] [id=4400]
  0x000002a6a9894e20 ConcurrentGCThread "G1 Service" [stack: 0x000000e3f1000000,0x000000e3f1100000] [id=23152]

Threads with active compile tasks:
C2 CompilerThread2    14494 5101       4       javax.swing.text.html.TableView::getAttributes (26 bytes)

VM state: not at safepoint (normal execution)

VM Mutex/Monitor currently owned by a thread: None

Heap address: 0x000000070ac00000, size: 3924 MB, Compressed Oops mode: Zero based, Oop shift amount: 3

CDS archive(s) mapped at: [0x0000000800000000-0x0000000800bc0000-0x0000000800bc0000), size 12320768, SharedBaseAddress: 0x0000000800000000, ArchiveRelocationMode: 0.
Compressed class space mapped at: 0x0000000800c00000-0x0000000840c00000, reserved size: 1073741824
Narrow klass base: 0x0000000800000000, Narrow klass shift: 0, Narrow klass range: 0x100000000

GC Precious Log:
 CPUs: 16 total, 16 available
 Memory: 15695M
 Large Page Support: Disabled
 NUMA Support: Disabled
 Compressed Oops: Enabled (Zero based)
 Heap Region Size: 2M
 Heap Min Capacity: 8M
 Heap Initial Capacity: 246M
 Heap Max Capacity: 3924M
 Pre-touch: Disabled
 Parallel Workers: 13
 Concurrent Workers: 3
 Concurrent Refinement Workers: 13
 Periodic GC: Disabled

Heap:
 garbage-first heap   total 114688K, used 36686K [0x000000070ac00000, 0x0000000800000000)
  region size 2048K, 11 young (22528K), 3 survivors (6144K)
 Metaspace       used 22556K, committed 22976K, reserved 1073152K
  class space    used 1900K, committed 2112K, reserved 1048576K

Heap Regions: E=young(eden), S=young(survivor), O=old, HS=humongous(starts), HC=humongous(continues), CS=collection set, F=free, OA=open archive, CA=closed archive, TAMS=top-at-mark-start (previous, next)
|   0|0x000000070ac00000, 0x000000070ae00000, 0x000000070ae00000|100%| O|  |TAMS 0x000000070ae00000, 0x000000070ac00000| Untracked 
|   1|0x000000070ae00000, 0x000000070b000000, 0x000000070b000000|100%| O|  |TAMS 0x000000070b000000, 0x000000070ae00000| Untracked 
|   2|0x000000070b000000, 0x000000070b200000, 0x000000070b200000|100%| O|  |TAMS 0x000000070b000000, 0x000000070b000000| Untracked 
|   3|0x000000070b200000, 0x000000070b400000, 0x000000070b400000|100%| O|  |TAMS 0x000000070b200000, 0x000000070b200000| Untracked 
|   4|0x000000070b400000, 0x000000070b600000, 0x000000070b600000|100%| O|  |TAMS 0x000000070b400000, 0x000000070b400000| Untracked 
|   5|0x000000070b600000, 0x000000070b800000, 0x000000070b800000|100%| O|  |TAMS 0x000000070b600000, 0x000000070b600000| Untracked 
|   6|0x000000070b800000, 0x000000070ba00000, 0x000000070ba00000|100%| O|  |TAMS 0x000000070b800000, 0x000000070b800000| Untracked 
|   7|0x000000070ba00000, 0x000000070bc00000, 0x000000070bc00000|100%| O|  |TAMS 0x000000070ba00000, 0x000000070ba00000| Untracked 
|   8|0x000000070bc00000, 0x000000070bcfaa00, 0x000000070be00000| 48%| O|  |TAMS 0x000000070bc00000, 0x000000070bc00000| Untracked 
|   9|0x000000070be00000, 0x000000070be00000, 0x000000070c000000|  0%| F|  |TAMS 0x000000070be00000, 0x000000070be00000| Untracked 
|  10|0x000000070c000000, 0x000000070c000000, 0x000000070c200000|  0%| F|  |TAMS 0x000000070c000000, 0x000000070c000000| Untracked 
|  11|0x000000070c200000, 0x000000070c200000, 0x000000070c400000|  0%| F|  |TAMS 0x000000070c200000, 0x000000070c200000| Untracked 
|  12|0x000000070c400000, 0x000000070c400000, 0x000000070c600000|  0%| F|  |TAMS 0x000000070c400000, 0x000000070c400000| Untracked 
|  13|0x000000070c600000, 0x000000070c600000, 0x000000070c800000|  0%| F|  |TAMS 0x000000070c600000, 0x000000070c600000| Untracked 
|  14|0x000000070c800000, 0x000000070c800000, 0x000000070ca00000|  0%| F|  |TAMS 0x000000070c800000, 0x000000070c800000| Untracked 
|  15|0x000000070ca00000, 0x000000070ca00000, 0x000000070cc00000|  0%| F|  |TAMS 0x000000070ca00000, 0x000000070ca00000| Untracked 
|  16|0x000000070cc00000, 0x000000070cc00000, 0x000000070ce00000|  0%| F|  |TAMS 0x000000070cc00000, 0x000000070cc00000| Untracked 
|  17|0x000000070ce00000, 0x000000070ce00000, 0x000000070d000000|  0%| F|  |TAMS 0x000000070ce00000, 0x000000070ce00000| Untracked 
|  18|0x000000070d000000, 0x000000070d000000, 0x000000070d200000|  0%| F|  |TAMS 0x000000070d000000, 0x000000070d000000| Untracked 
|  19|0x000000070d200000, 0x000000070d200000, 0x000000070d400000|  0%| F|  |TAMS 0x000000070d200000, 0x000000070d200000| Untracked 
|  20|0x000000070d400000, 0x000000070d400000, 0x000000070d600000|  0%| F|  |TAMS 0x000000070d400000, 0x000000070d400000| Untracked 
|  21|0x000000070d600000, 0x000000070d600000, 0x000000070d800000|  0%| F|  |TAMS 0x000000070d600000, 0x000000070d600000| Untracked 
|  22|0x000000070d800000, 0x000000070d800000, 0x000000070da00000|  0%| F|  |TAMS 0x000000070d800000, 0x000000070d800000| Untracked 
|  23|0x000000070da00000, 0x000000070dad9078, 0x000000070dc00000| 42%| S|CS|TAMS 0x000000070da00000, 0x000000070da00000| Complete 
|  24|0x000000070dc00000, 0x000000070de00000, 0x000000070de00000|100%| S|CS|TAMS 0x000000070dc00000, 0x000000070dc00000| Complete 
|  25|0x000000070de00000, 0x000000070e000000, 0x000000070e000000|100%| S|CS|TAMS 0x000000070de00000, 0x000000070de00000| Complete 
|  26|0x000000070e000000, 0x000000070e000000, 0x000000070e200000|  0%| F|  |TAMS 0x000000070e000000, 0x000000070e000000| Untracked 
|  27|0x000000070e200000, 0x000000070e200000, 0x000000070e400000|  0%| F|  |TAMS 0x000000070e200000, 0x000000070e200000| Untracked 
|  28|0x000000070e400000, 0x000000070e400000, 0x000000070e600000|  0%| F|  |TAMS 0x000000070e400000, 0x000000070e400000| Untracked 
|  29|0x000000070e600000, 0x000000070e600000, 0x000000070e800000|  0%| F|  |TAMS 0x000000070e600000, 0x000000070e600000| Untracked 
|  30|0x000000070e800000, 0x000000070e800000, 0x000000070ea00000|  0%| F|  |TAMS 0x000000070e800000, 0x000000070e800000| Untracked 
|  31|0x000000070ea00000, 0x000000070ea00000, 0x000000070ec00000|  0%| F|  |TAMS 0x000000070ea00000, 0x000000070ea00000| Untracked 
|  32|0x000000070ec00000, 0x000000070ec00000, 0x000000070ee00000|  0%| F|  |TAMS 0x000000070ec00000, 0x000000070ec00000| Untracked 
|  33|0x000000070ee00000, 0x000000070ee00000, 0x000000070f000000|  0%| F|  |TAMS 0x000000070ee00000, 0x000000070ee00000| Untracked 
|  34|0x000000070f000000, 0x000000070f000000, 0x000000070f200000|  0%| F|  |TAMS 0x000000070f000000, 0x000000070f000000| Untracked 
|  35|0x000000070f200000, 0x000000070f200000, 0x000000070f400000|  0%| F|  |TAMS 0x000000070f200000, 0x000000070f200000| Untracked 
|  36|0x000000070f400000, 0x000000070f400000, 0x000000070f600000|  0%| F|  |TAMS 0x000000070f400000, 0x000000070f400000| Untracked 
|  37|0x000000070f600000, 0x000000070f600000, 0x000000070f800000|  0%| F|  |TAMS 0x000000070f600000, 0x000000070f600000| Untracked 
|  38|0x000000070f800000, 0x000000070f800000, 0x000000070fa00000|  0%| F|  |TAMS 0x000000070f800000, 0x000000070f800000| Untracked 
|  39|0x000000070fa00000, 0x000000070fa00000, 0x000000070fc00000|  0%| F|  |TAMS 0x000000070fa00000, 0x000000070fa00000| Untracked 
|  40|0x000000070fc00000, 0x000000070fc00000, 0x000000070fe00000|  0%| F|  |TAMS 0x000000070fc00000, 0x000000070fc00000| Untracked 
|  41|0x000000070fe00000, 0x000000070fe00000, 0x0000000710000000|  0%| F|  |TAMS 0x000000070fe00000, 0x000000070fe00000| Untracked 
|  42|0x0000000710000000, 0x0000000710000000, 0x0000000710200000|  0%| F|  |TAMS 0x0000000710000000, 0x0000000710000000| Untracked 
|  43|0x0000000710200000, 0x0000000710200000, 0x0000000710400000|  0%| F|  |TAMS 0x0000000710200000, 0x0000000710200000| Untracked 
|  44|0x0000000710400000, 0x0000000710400000, 0x0000000710600000|  0%| F|  |TAMS 0x0000000710400000, 0x0000000710400000| Untracked 
|  45|0x0000000710600000, 0x0000000710600000, 0x0000000710800000|  0%| F|  |TAMS 0x0000000710600000, 0x0000000710600000| Untracked 
|  46|0x0000000710800000, 0x0000000710800000, 0x0000000710a00000|  0%| F|  |TAMS 0x0000000710800000, 0x0000000710800000| Untracked 
|  47|0x0000000710a00000, 0x0000000710a00000, 0x0000000710c00000|  0%| F|  |TAMS 0x0000000710a00000, 0x0000000710a00000| Untracked 
| 114|0x0000000719000000, 0x00000007191429c8, 0x0000000719200000| 63%| E|  |TAMS 0x0000000719000000, 0x0000000719000000| Complete 
| 115|0x0000000719200000, 0x0000000719400000, 0x0000000719400000|100%| E|CS|TAMS 0x0000000719200000, 0x0000000719200000| Complete 
| 116|0x0000000719400000, 0x0000000719600000, 0x0000000719600000|100%| E|CS|TAMS 0x0000000719400000, 0x0000000719400000| Complete 
| 117|0x0000000719600000, 0x0000000719800000, 0x0000000719800000|100%| E|CS|TAMS 0x0000000719600000, 0x0000000719600000| Complete 
| 118|0x0000000719800000, 0x0000000719a00000, 0x0000000719a00000|100%| E|CS|TAMS 0x0000000719800000, 0x0000000719800000| Complete 
| 120|0x0000000719c00000, 0x0000000719e00000, 0x0000000719e00000|100%| E|CS|TAMS 0x0000000719c00000, 0x0000000719c00000| Complete 
| 121|0x0000000719e00000, 0x000000071a000000, 0x000000071a000000|100%| E|CS|TAMS 0x0000000719e00000, 0x0000000719e00000| Complete 
| 122|0x000000071a000000, 0x000000071a200000, 0x000000071a200000|100%| E|CS|TAMS 0x000000071a000000, 0x000000071a000000| Complete 

Card table byte_map: [0x000002a69df70000,0x000002a69e720000] _byte_map_base: 0x000002a69a71a000

Marking Bits (Prev, Next): (CMBitMap*) 0x000002a68484f5b0, (CMBitMap*) 0x000002a68484f570
 Prev Bits: [0x000002a6a2c20000, 0x000002a6a6970000)
 Next Bits: [0x000002a69eed0000, 0x000002a6a2c20000)

Polling page: 0x000002a6848c0000

Metaspace:

Usage:
  Non-class:     20.17 MB used.
      Class:      1.86 MB used.
       Both:     22.03 MB used.

Virtual space:
  Non-class space:       24.00 MB reserved,      20.38 MB ( 85%) committed,  3 nodes.
      Class space:        1.00 GB reserved,       2.06 MB ( <1%) committed,  1 nodes.
             Both:        1.02 GB reserved,      22.44 MB (  2%) committed. 

Chunk freelists:
   Non-Class:  2.91 MB
       Class:  1.91 MB
        Both:  4.82 MB

MaxMetaspaceSize: unlimited
CompressedClassSpaceSize: 1.00 GB
Initial GC threshold: 21.00 MB
Current GC threshold: 35.12 MB
CDS: on
MetaspaceReclaimPolicy: balanced
 - commit_granule_bytes: 65536.
 - commit_granule_words: 8192.
 - virtual_space_node_default_size: 1048576.
 - enlarge_chunks_in_place: 1.
 - new_chunks_are_fully_committed: 0.
 - uncommit_free_chunks: 1.
 - use_allocation_guard: 0.
 - handle_deallocations: 1.


Internal statistics:

num_allocs_failed_limit: 3.
num_arena_births: 464.
num_arena_deaths: 0.
num_vsnodes_births: 4.
num_vsnodes_deaths: 0.
num_space_committed: 357.
num_space_uncommitted: 0.
num_chunks_returned_to_freelist: 3.
num_chunks_taken_from_freelist: 976.
num_chunk_merges: 3.
num_chunk_splits: 619.
num_chunks_enlarged: 373.
num_purges: 0.
num_inconsistent_stats: 0.

CodeHeap 'non-profiled nmethods': size=119168Kb used=3049Kb max_used=3097Kb free=116118Kb
 bounds [0x000002a695390000, 0x000002a6956a0000, 0x000002a69c7f0000]
CodeHeap 'profiled nmethods': size=119104Kb used=8054Kb max_used=8751Kb free=111049Kb
 bounds [0x000002a68df40000, 0x000002a68e800000, 0x000002a695390000]
CodeHeap 'non-nmethods': size=7488Kb used=3169Kb max_used=3843Kb free=4318Kb
 bounds [0x000002a68d7f0000, 0x000002a68dbc0000, 0x000002a68df40000]
 total_blobs=5951 nmethods=4355 adapters=1505
 compilation: enabled
              stopped_count=0, restarted_count=0
 full_count=0

Compilation events (20 events):
Event: 14.113 Thread 0x000002a6a99f95d0 nmethod 5118 0x000002a695563010 code [0x000002a6955631a0, 0x000002a695563498]
Event: 14.113 Thread 0x000002a6a99f95d0 5120       4       java.awt.geom.Path2D::setWindingRule (25 bytes)
Event: 14.113 Thread 0x000002a6a99f95d0 nmethod 5120 0x000002a695554090 code [0x000002a695554200, 0x000002a695554298]
Event: 14.113 Thread 0x000002a6a99f95d0 5119       4       java.awt.geom.AffineTransform::<init> (69 bytes)
Event: 14.114 Thread 0x000002a6a99f95d0 nmethod 5119 0x000002a695562d10 code [0x000002a695562e80, 0x000002a695562f58]
Event: 14.114 Thread 0x000002a6a99f95d0 5121  s    4       java.awt.geom.Path2D$Float::lineTo (58 bytes)
Event: 14.116 Thread 0x000002a6a99f95d0 nmethod 5121 0x000002a695562610 code [0x000002a6955627a0, 0x000002a695562ad8]
Event: 14.129 Thread 0x000002a6aa510ec0 5122       1       javax.swing.JScrollPane::getViewport (5 bytes)
Event: 14.129 Thread 0x000002a6aa510ec0 nmethod 5122 0x000002a695562310 code [0x000002a6955624a0, 0x000002a695562578]
Event: 14.150 Thread 0x000002a6d41cde40 nmethod 5117 0x000002a695657610 code [0x000002a695657860, 0x000002a695659b08]
Event: 14.160 Thread 0x000002a6d41cde40 5123       4       java.util.HashMap::replacementTreeNode (21 bytes)
Event: 14.163 Thread 0x000002a6d41cde40 nmethod 5123 0x000002a695561b90 code [0x000002a695561d20, 0x000002a695562058]
Event: 14.202 Thread 0x000002a6aa510ec0 5124       3       java.util.Formatter$FormatSpecifier::<init> (264 bytes)
Event: 14.202 Thread 0x000002a6aa507990 5125       3       java.lang.invoke.LambdaForm$MH/0x0000000800c18000::invoke (25 bytes)
Event: 14.202 Thread 0x000002a6aa507990 nmethod 5125 0x000002a68e03fe10 code [0x000002a68e03ffe0, 0x000002a68e040538]
Event: 14.204 Thread 0x000002a6aa510ec0 nmethod 5124 0x000002a68e471c10 code [0x000002a68e472060, 0x000002a68e473908]
Event: 14.220 Thread 0x000002a6a99f95d0 5126       4       com.xbuilders.engine.player.raycasting.RayCasting::traceComplexRay (1280 bytes)
Event: 14.313 Thread 0x000002a6a99f95d0 nmethod 5126 0x000002a695580710 code [0x000002a695581480, 0x000002a695585af0]
Event: 14.353 Thread 0x000002a6a99fd480 5127       3       java.util.ArrayList::toArray (57 bytes)
Event: 14.353 Thread 0x000002a6a99fd480 nmethod 5127 0x000002a68e03f590 code [0x000002a68e03f760, 0x000002a68e03fcf8]

GC Heap History (20 events):
Event: 8.063 GC heap before
{Heap before GC invocations=9 (full 0):
 garbage-first heap   total 75776K, used 56120K [0x000000070ac00000, 0x0000000800000000)
  region size 2048K, 22 young (45056K), 2 survivors (4096K)
 Metaspace       used 21889K, committed 22336K, reserved 1073152K
  class space    used 1899K, committed 2112K, reserved 1048576K
}
Event: 8.066 GC heap after
{Heap after GC invocations=10 (full 0):
 garbage-first heap   total 75776K, used 15606K [0x000000070ac00000, 0x0000000800000000)
  region size 2048K, 2 young (4096K), 2 survivors (4096K)
 Metaspace       used 21889K, committed 22336K, reserved 1073152K
  class space    used 1899K, committed 2112K, reserved 1048576K
}
Event: 8.167 GC heap before
{Heap before GC invocations=10 (full 0):
 garbage-first heap   total 75776K, used 56566K [0x000000070ac00000, 0x0000000800000000)
  region size 2048K, 22 young (45056K), 2 survivors (4096K)
 Metaspace       used 21896K, committed 22336K, reserved 1073152K
  class space    used 1899K, committed 2112K, reserved 1048576K
}
Event: 8.170 GC heap after
{Heap after GC invocations=11 (full 0):
 garbage-first heap   total 114688K, used 19211K [0x000000070ac00000, 0x0000000800000000)
  region size 2048K, 3 young (6144K), 3 survivors (6144K)
 Metaspace       used 21896K, committed 22336K, reserved 1073152K
  class space    used 1899K, committed 2112K, reserved 1048576K
}
Event: 8.286 GC heap before
{Heap before GC invocations=11 (full 0):
 garbage-first heap   total 114688K, used 80651K [0x000000070ac00000, 0x0000000800000000)
  region size 2048K, 33 young (67584K), 3 survivors (6144K)
 Metaspace       used 21898K, committed 22336K, reserved 1073152K
  class space    used 1899K, committed 2112K, reserved 1048576K
}
Event: 8.289 GC heap after
{Heap after GC invocations=12 (full 0):
 garbage-first heap   total 114688K, used 18595K [0x000000070ac00000, 0x0000000800000000)
  region size 2048K, 3 young (6144K), 3 survivors (6144K)
 Metaspace       used 21898K, committed 22336K, reserved 1073152K
  class space    used 1899K, committed 2112K, reserved 1048576K
}
Event: 8.520 GC heap before
{Heap before GC invocations=12 (full 0):
 garbage-first heap   total 114688K, used 80035K [0x000000070ac00000, 0x0000000800000000)
  region size 2048K, 33 young (67584K), 3 survivors (6144K)
 Metaspace       used 21899K, committed 22336K, reserved 1073152K
  class space    used 1899K, committed 2112K, reserved 1048576K
}
Event: 8.522 GC heap after
{Heap after GC invocations=13 (full 0):
 garbage-first heap   total 114688K, used 17798K [0x000000070ac00000, 0x0000000800000000)
  region size 2048K, 2 young (4096K), 2 survivors (4096K)
 Metaspace       used 21899K, committed 22336K, reserved 1073152K
  class space    used 1899K, committed 2112K, reserved 1048576K
}
Event: 8.878 GC heap before
{Heap before GC invocations=13 (full 0):
 garbage-first heap   total 114688K, used 79238K [0x000000070ac00000, 0x0000000800000000)
  region size 2048K, 33 young (67584K), 2 survivors (4096K)
 Metaspace       used 22064K, committed 22464K, reserved 1073152K
  class space    used 1899K, committed 2112K, reserved 1048576K
}
Event: 8.880 GC heap after
{Heap after GC invocations=14 (full 0):
 garbage-first heap   total 114688K, used 18486K [0x000000070ac00000, 0x0000000800000000)
  region size 2048K, 3 young (6144K), 3 survivors (6144K)
 Metaspace       used 22064K, committed 22464K, reserved 1073152K
  class space    used 1899K, committed 2112K, reserved 1048576K
}
Event: 11.164 GC heap before
{Heap before GC invocations=14 (full 0):
 garbage-first heap   total 114688K, used 77878K [0x000000070ac00000, 0x0000000800000000)
  region size 2048K, 33 young (67584K), 3 survivors (6144K)
 Metaspace       used 22344K, committed 22720K, reserved 1073152K
  class space    used 1900K, committed 2112K, reserved 1048576K
}
Event: 11.167 GC heap after
{Heap after GC invocations=15 (full 0):
 garbage-first heap   total 114688K, used 20808K [0x000000070ac00000, 0x0000000800000000)
  region size 2048K, 4 young (8192K), 4 survivors (8192K)
 Metaspace       used 22344K, committed 22720K, reserved 1073152K
  class space    used 1900K, committed 2112K, reserved 1048576K
}
Event: 12.498 GC heap before
{Heap before GC invocations=15 (full 0):
 garbage-first heap   total 114688K, used 78152K [0x000000070ac00000, 0x0000000800000000)
  region size 2048K, 33 young (67584K), 4 survivors (8192K)
 Metaspace       used 22473K, committed 22912K, reserved 1073152K
  class space    used 1900K, committed 2112K, reserved 1048576K
}
Event: 12.501 GC heap after
{Heap after GC invocations=16 (full 0):
 garbage-first heap   total 114688K, used 20046K [0x000000070ac00000, 0x0000000800000000)
  region size 2048K, 3 young (6144K), 3 survivors (6144K)
 Metaspace       used 22473K, committed 22912K, reserved 1073152K
  class space    used 1900K, committed 2112K, reserved 1048576K
}
Event: 13.215 GC heap before
{Heap before GC invocations=16 (full 0):
 garbage-first heap   total 114688K, used 81486K [0x000000070ac00000, 0x0000000800000000)
  region size 2048K, 33 young (67584K), 3 survivors (6144K)
 Metaspace       used 22537K, committed 22976K, reserved 1073152K
  class space    used 1900K, committed 2112K, reserved 1048576K
}
Event: 13.216 GC heap after
{Heap after GC invocations=17 (full 0):
 garbage-first heap   total 114688K, used 20493K [0x000000070ac00000, 0x0000000800000000)
  region size 2048K, 3 young (6144K), 3 survivors (6144K)
 Metaspace       used 22537K, committed 22976K, reserved 1073152K
  class space    used 1900K, committed 2112K, reserved 1048576K
}
Event: 13.477 GC heap before
{Heap before GC invocations=17 (full 0):
 garbage-first heap   total 114688K, used 81933K [0x000000070ac00000, 0x0000000800000000)
  region size 2048K, 33 young (67584K), 3 survivors (6144K)
 Metaspace       used 22539K, committed 22976K, reserved 1073152K
  class space    used 1900K, committed 2112K, reserved 1048576K
}
Event: 13.479 GC heap after
{Heap after GC invocations=18 (full 0):
 garbage-first heap   total 114688K, used 20944K [0x000000070ac00000, 0x0000000800000000)
  region size 2048K, 3 young (6144K), 3 survivors (6144K)
 Metaspace       used 22539K, committed 22976K, reserved 1073152K
  class space    used 1900K, committed 2112K, reserved 1048576K
}
Event: 13.954 GC heap before
{Heap before GC invocations=18 (full 0):
 garbage-first heap   total 114688K, used 82384K [0x000000070ac00000, 0x0000000800000000)
  region size 2048K, 33 young (67584K), 3 survivors (6144K)
 Metaspace       used 22543K, committed 22976K, reserved 1073152K
  class space    used 1900K, committed 2112K, reserved 1048576K
}
Event: 13.957 GC heap after
{Heap after GC invocations=19 (full 0):
 garbage-first heap   total 114688K, used 22006K [0x000000070ac00000, 0x0000000800000000)
  region size 2048K, 3 young (6144K), 3 survivors (6144K)
 Metaspace       used 22543K, committed 22976K, reserved 1073152K
  class space    used 1900K, committed 2112K, reserved 1048576K
}

Deoptimization events (20 events):
Event: 10.798 Thread 0x000002a6847ff750 DEOPT PACKING pc=0x000002a68df85533 sp=0x000000e3f0bfee20
Event: 10.798 Thread 0x000002a6847ff750 DEOPT UNPACKING pc=0x000002a68d842b43 sp=0x000000e3f0bfe2d8 mode 0
Event: 10.814 Thread 0x000002a6847ff750 Uncommon trap: trap_request=0xffffffc6 fr.pc=0x000002a695598b58 relative=0x0000000000000578
Event: 10.814 Thread 0x000002a6847ff750 Uncommon trap: reason=bimorphic_or_optimized_type_check action=maybe_recompile pc=0x000002a695598b58 method=java.util.ArrayList.forEach(Ljava/util/function/Consumer;)V @ 46 c2
Event: 10.814 Thread 0x000002a6847ff750 DEOPT PACKING pc=0x000002a695598b58 sp=0x000000e3f0bfee10
Event: 10.814 Thread 0x000002a6847ff750 DEOPT UNPACKING pc=0x000002a68d8423a3 sp=0x000000e3f0bfede8 mode 2
Event: 10.913 Thread 0x000002a6847ff750 Uncommon trap: trap_request=0xffffffcc fr.pc=0x000002a69544defc relative=0x000000000000157c
Event: 10.913 Thread 0x000002a6847ff750 Uncommon trap: reason=intrinsic_or_type_checked_inlining action=make_not_entrant pc=0x000002a69544defc method=java.util.Vector.copyInto([Ljava/lang/Object;)V @ 11 c2
Event: 10.913 Thread 0x000002a6847ff750 DEOPT PACKING pc=0x000002a69544defc sp=0x000000e3f0bfd970
Event: 10.913 Thread 0x000002a6847ff750 DEOPT UNPACKING pc=0x000002a68d8423a3 sp=0x000000e3f0bfd7c0 mode 2
Event: 11.345 Thread 0x000002a6847ff750 DEOPT PACKING pc=0x000002a68e0d053f sp=0x000000e3f0bfed40
Event: 11.345 Thread 0x000002a6847ff750 DEOPT UNPACKING pc=0x000002a68d842b43 sp=0x000000e3f0bfe1e0 mode 0
Event: 11.509 Thread 0x000002a6ab4b3f10 Uncommon trap: trap_request=0xffffffcc fr.pc=0x000002a69569094c relative=0x000000000000032c
Event: 11.509 Thread 0x000002a6ab4b3f10 Uncommon trap: reason=intrinsic_or_type_checked_inlining action=make_not_entrant pc=0x000002a69569094c method=java.util.Arrays.copyOf([Ljava/lang/Object;ILjava/lang/Class;)[Ljava/lang/Object; @ 35 c2
Event: 11.509 Thread 0x000002a6ab4b3f10 DEOPT PACKING pc=0x000002a69569094c sp=0x000000e3f3eff480
Event: 11.509 Thread 0x000002a6ab4b3f10 DEOPT UNPACKING pc=0x000002a68d8423a3 sp=0x000000e3f3eff428 mode 2
Event: 13.670 Thread 0x000002a6847ff750 DEOPT PACKING pc=0x000002a68e76342e sp=0x000000e3f0bfec90
Event: 13.670 Thread 0x000002a6847ff750 DEOPT UNPACKING pc=0x000002a68d842b43 sp=0x000000e3f0bfe1f8 mode 0
Event: 14.220 Thread 0x000002a6847ff750 DEOPT PACKING pc=0x000002a68e76b8aa sp=0x000000e3f0bfe9a0
Event: 14.220 Thread 0x000002a6847ff750 DEOPT UNPACKING pc=0x000002a68d842b43 sp=0x000000e3f0bfdf30 mode 0

Classes unloaded (0 events):
No events

Classes redefined (0 events):
No events

Internal exceptions (20 events):
Event: 1.100 Thread 0x000002a6847ff750 Exception <a 'sun/nio/fs/WindowsException'{0x0000000719c2d330}> (0x0000000719c2d330) 
thrown [t:\workspace\open\src\hotspot\share\prims\jni.cpp, line 516]
Event: 1.105 Thread 0x000002a6847ff750 Exception <a 'sun/nio/fs/WindowsException'{0x0000000719c40470}> (0x0000000719c40470) 
thrown [t:\workspace\open\src\hotspot\share\prims\jni.cpp, line 516]
Event: 1.105 Thread 0x000002a6847ff750 Exception <a 'sun/nio/fs/WindowsException'{0x0000000719c40750}> (0x0000000719c40750) 
thrown [t:\workspace\open\src\hotspot\share\prims\jni.cpp, line 516]
Event: 1.204 Thread 0x000002a6847ff750 Exception <a 'sun/nio/fs/WindowsException'{0x000000071990df18}> (0x000000071990df18) 
thrown [t:\workspace\open\src\hotspot\share\prims\jni.cpp, line 516]
Event: 1.204 Thread 0x000002a6847ff750 Exception <a 'sun/nio/fs/WindowsException'{0x000000071990e2c8}> (0x000000071990e2c8) 
thrown [t:\workspace\open\src\hotspot\share\prims\jni.cpp, line 516]
Event: 1.211 Thread 0x000002a6847ff750 Exception <a 'java/lang/NoSuchMethodError'{0x0000000719921dd0}: 'java.lang.Object java.lang.invoke.DirectMethodHandle$Holder.newInvokeSpecial(java.lang.Object, long)'> (0x0000000719921dd0) 
thrown [t:\workspace\open\src\hotspot\share\interpreter\linkResolver.cpp, line 766]
Event: 1.233 Thread 0x000002a6847ff750 Exception <a 'sun/nio/fs/WindowsException'{0x000000071997d188}> (0x000000071997d188) 
thrown [t:\workspace\open\src\hotspot\share\prims\jni.cpp, line 516]
Event: 1.233 Thread 0x000002a6847ff750 Exception <a 'sun/nio/fs/WindowsException'{0x000000071997d508}> (0x000000071997d508) 
thrown [t:\workspace\open\src\hotspot\share\prims\jni.cpp, line 516]
Event: 1.267 Thread 0x000002a6847ff750 Exception <a 'java/lang/NoSuchMethodError'{0x00000007199fd9e0}: 'void java.lang.invoke.DirectMethodHandle$Holder.invokeStatic(java.lang.Object, int, java.lang.Object)'> (0x00000007199fd9e0) 
thrown [t:\workspace\open\src\hotspot\share\interpreter\linkResolver.cpp, line 766]
Event: 2.618 Thread 0x000002a6847ff750 Exception <a 'java/lang/NoSuchMethodError'{0x00000007191f4438}: 'int java.lang.invoke.DirectMethodHandle$Holder.invokeStatic(java.lang.Object, long, int)'> (0x00000007191f4438) 
thrown [t:\workspace\open\src\hotspot\share\interpreter\linkResolver.cpp, line 766]
Event: 4.781 Thread 0x000002a6847ff750 Exception <a 'java/lang/NoSuchMethodError'{0x00000007186b2880}: 'void java.lang.invoke.DirectMethodHandle$Holder.invokeStatic(java.lang.Object, java.lang.Object, java.lang.Object)'> (0x00000007186b2880) 
thrown [t:\workspace\open\src\hotspot\share\interpreter\linkResolver.cpp, line 766]
Event: 6.179 Thread 0x000002a6847ff750 Exception <a 'java/lang/NoSuchMethodError'{0x0000000717fb2e68}: 'void java.lang.invoke.DirectMethodHandle$Holder.invokeSpecial(java.lang.Object, java.lang.Object, java.lang.Object, java.lang.Object, java.lang.Object)'> (0x0000000717fb2e68) 
thrown [t:\workspace\open\src\hotspot\share\interpreter\linkResolver.cpp, line 766]
Event: 6.206 Thread 0x000002a6847ff750 Exception <a 'java/lang/NoSuchMethodError'{0x00000007179589c8}: 'java.lang.Object java.lang.invoke.DirectMethodHandle$Holder.invokeStatic(java.lang.Object, float)'> (0x00000007179589c8) 
thrown [t:\workspace\open\src\hotspot\share\interpreter\linkResolver.cpp, line 766]
Event: 6.208 Thread 0x000002a6847ff750 Exception <a 'java/lang/NoSuchMethodError'{0x000000071795d190}: 'java.lang.Object java.lang.invoke.DirectMethodHandle$Holder.invokeSpecial(java.lang.Object, java.lang.Object, float)'> (0x000000071795d190) 
thrown [t:\workspace\open\src\hotspot\share\interpreter\linkResolver.cpp, line 766]
Event: 6.890 Thread 0x000002a6847ff750 Exception <a 'java/lang/NoSuchMethodError'{0x0000000716f33808}: 'int java.lang.invoke.DirectMethodHandle$Holder.invokeSpecial(java.lang.Object, java.lang.Object, int, int)'> (0x0000000716f33808) 
thrown [t:\workspace\open\src\hotspot\share\interpreter\linkResolver.cpp, line 766]
Event: 7.275 Thread 0x000002a6847ff750 Exception <a 'java/lang/NoSuchMethodError'{0x000000071a112bd0}: 'java.lang.Object java.lang.invoke.DirectMethodHandle$Holder.invokeSpecial(java.lang.Object, java.lang.Object, long, int, java.lang.Object, java.lang.Object, java.lang.Object, java.lang.Object, java.lang.Object, java.lang.Object, java.lang.Object)'> (0x000000071a112bd0) 
thrown [t:\workspace\open\src\hotspot\share\interpreter\linkResolver.cpp, line 766]
Event: 7.275 Thread 0x000002a6847ff750 Exception <a 'java/lang/NoSuchMethodError'{0x000000071a117730}: 'java.lang.Object java.lang.invoke.DelegatingMethodHandle$Holder.reinvoke_L(java.lang.Object, long, int, java.lang.Object, java.lang.Object, java.lang.Object, java.lang.Object, java.lang.Object, java.lang.Object, java.lang.Object)'> (0x000000071a117730) 
thrown [t:\workspace\open\src\hotspot\share\interpreter\linkResolver.cpp, line 766]
Event: 8.227 Thread 0x000002a6aadbcbd0 Implicit null exception at 0x000002a69554e3c2 to 0x000002a69554edc5
Event: 10.081 Thread 0x000002a6847ff750 Implicit null exception at 0x000002a6954f2c17 to 0x000002a6954f2e75
Event: 10.594 Thread 0x000002a6ab4b0ef0 Exception <a 'java/lang/NoSuchMethodError'{0x000000070f714980}: 'void java.lang.invoke.DirectMethodHandle$Holder.invokeStatic(java.lang.Object, java.lang.Object, java.lang.Object, java.lang.Object)'> (0x000000070f714980) 
thrown [t:\workspace\open\src\hotspot\share\interpreter\linkResolver.cpp, line 766]

VM Operations (20 events):
Event: 9.908 Executing VM operation: HandshakeAllThreads
Event: 9.908 Executing VM operation: HandshakeAllThreads done
Event: 9.936 Executing VM operation: HandshakeAllThreads
Event: 9.936 Executing VM operation: HandshakeAllThreads done
Event: 10.001 Executing VM operation: HandshakeAllThreads
Event: 10.001 Executing VM operation: HandshakeAllThreads done
Event: 10.795 Executing VM operation: ICBufferFull
Event: 10.796 Executing VM operation: ICBufferFull done
Event: 11.151 Executing VM operation: G1CollectForAllocation
Event: 11.167 Executing VM operation: G1CollectForAllocation done
Event: 12.181 Executing VM operation: Cleanup
Event: 12.222 Executing VM operation: Cleanup done
Event: 12.498 Executing VM operation: G1CollectForAllocation
Event: 12.508 Executing VM operation: G1CollectForAllocation done
Event: 13.214 Executing VM operation: G1CollectForAllocation
Event: 13.253 Executing VM operation: G1CollectForAllocation done
Event: 13.477 Executing VM operation: G1CollectForAllocation
Event: 13.479 Executing VM operation: G1CollectForAllocation done
Event: 13.954 Executing VM operation: G1CollectForAllocation
Event: 13.957 Executing VM operation: G1CollectForAllocation done

Events (20 events):
Event: 10.921 Thread 0x000002a6d41cbfe0 Thread added: 0x000002a6d41cbfe0
Event: 11.167 Thread 0x000002a6d41cbfe0 Thread exited: 0x000002a6d41cbfe0
Event: 11.278 Thread 0x000002a6d41ce350 Thread exited: 0x000002a6d41ce350
Event: 11.290 Thread 0x000002a6d41cde40 Thread exited: 0x000002a6d41cde40
Event: 11.291 Thread 0x000002a6d41cd930 Thread exited: 0x000002a6d41cd930
Event: 11.948 Thread 0x000002a6d41cc4f0 Thread added: 0x000002a6d41cc4f0
Event: 11.948 Thread 0x000002a6d41ccf10 Thread added: 0x000002a6d41ccf10
Event: 11.957 Thread 0x000002a6d41cb5c0 Thread added: 0x000002a6d41cb5c0
Event: 12.125 Thread 0x000002a6d41cb5c0 Thread exited: 0x000002a6d41cb5c0
Event: 12.125 Thread 0x000002a6d41ccf10 Thread exited: 0x000002a6d41ccf10
Event: 12.142 Thread 0x000002a6d41cc4f0 Thread exited: 0x000002a6d41cc4f0
Event: 12.789 Thread 0x000002a6aad2b420 Thread exited: 0x000002a6aad2b420
Event: 13.028 Thread 0x000002a6d41cbfe0 Thread added: 0x000002a6d41cbfe0
Event: 13.029 Thread 0x000002a6d41cc4f0 Thread added: 0x000002a6d41cc4f0
Event: 13.033 Thread 0x000002a6d41cca00 Thread added: 0x000002a6d41cca00
Event: 13.253 Thread 0x000002a6d41cca00 Thread exited: 0x000002a6d41cca00
Event: 13.253 Thread 0x000002a6d41cc4f0 Thread exited: 0x000002a6d41cc4f0
Event: 13.253 Thread 0x000002a6d41cbfe0 Thread exited: 0x000002a6d41cbfe0
Event: 14.077 Thread 0x000002a6d41cde40 Thread added: 0x000002a6d41cde40
Event: 14.077 Thread 0x000002a6d41ccf10 Thread added: 0x000002a6d41ccf10


Dynamic libraries:
0x00007ff776ae0000 - 0x00007ff776af0000 	C:\Program Files\Java\jdk-17.0.1\bin\java.exe
0x00007ffa1bb10000 - 0x00007ffa1bd26000 	C:\WINDOWS\SYSTEM32\ntdll.dll
0x00007ffa1a630000 - 0x00007ffa1a6f4000 	C:\WINDOWS\System32\KERNEL32.DLL
0x00007ffa18e30000 - 0x00007ffa191d7000 	C:\WINDOWS\System32\KERNELBASE.dll
0x00007ffa19590000 - 0x00007ffa196a1000 	C:\WINDOWS\System32\ucrtbase.dll
0x00007ff9ef340000 - 0x00007ff9ef35a000 	C:\Program Files\Java\jdk-17.0.1\bin\VCRUNTIME140.dll
0x00007ff9edc50000 - 0x00007ff9edc68000 	C:\Program Files\Java\jdk-17.0.1\bin\jli.dll
0x00007ffa1a390000 - 0x00007ffa1a442000 	C:\WINDOWS\System32\ADVAPI32.dll
0x00007ffa19aa0000 - 0x00007ffa19b47000 	C:\WINDOWS\System32\msvcrt.dll
0x00007ffa19b50000 - 0x00007ffa19bf8000 	C:\WINDOWS\System32\sechost.dll
0x00007ffa193f0000 - 0x00007ffa19418000 	C:\WINDOWS\System32\bcrypt.dll
0x00007ffa198b0000 - 0x00007ffa199c5000 	C:\WINDOWS\System32\RPCRT4.dll
0x00007ffa1b590000 - 0x00007ffa1b73e000 	C:\WINDOWS\System32\USER32.dll
0x00007ffa19750000 - 0x00007ffa19776000 	C:\WINDOWS\System32\win32u.dll
0x00007ffa0ef50000 - 0x00007ffa0f1e3000 	C:\WINDOWS\WinSxS\amd64_microsoft.windows.common-controls_6595b64144ccf1df_6.0.22621.3235_none_270f74e173860f98\COMCTL32.dll
0x00007ffa1a930000 - 0x00007ffa1a959000 	C:\WINDOWS\System32\GDI32.dll
0x00007ffa191e0000 - 0x00007ffa192f9000 	C:\WINDOWS\System32\gdi32full.dll
0x00007ffa196b0000 - 0x00007ffa1974a000 	C:\WINDOWS\System32\msvcp_win.dll
0x00007ffa0fac0000 - 0x00007ffa0faca000 	C:\WINDOWS\SYSTEM32\VERSION.dll
0x00007ffa19a60000 - 0x00007ffa19a91000 	C:\WINDOWS\System32\IMM32.DLL
0x00007ffa0fd30000 - 0x00007ffa0fd3c000 	C:\Program Files\Java\jdk-17.0.1\bin\vcruntime140_1.dll
0x00007ff9cd080000 - 0x00007ff9cd10d000 	C:\Program Files\Java\jdk-17.0.1\bin\msvcp140.dll
0x00007ff9cc4c0000 - 0x00007ff9cd07e000 	C:\Program Files\Java\jdk-17.0.1\bin\server\jvm.dll
0x00007ffa1a450000 - 0x00007ffa1a458000 	C:\WINDOWS\System32\PSAPI.DLL
0x00007ffa02960000 - 0x00007ffa02969000 	C:\WINDOWS\SYSTEM32\WSOCK32.dll
0x00007ffa0e080000 - 0x00007ffa0e0b4000 	C:\WINDOWS\SYSTEM32\WINMM.dll
0x00007ffa1a720000 - 0x00007ffa1a791000 	C:\WINDOWS\System32\WS2_32.dll
0x00007ffa17f10000 - 0x00007ffa17f28000 	C:\WINDOWS\SYSTEM32\kernel.appcore.dll
0x00007ff9ffd70000 - 0x00007ff9ffd7a000 	C:\Program Files\Java\jdk-17.0.1\bin\jimage.dll
0x00007ffa16690000 - 0x00007ffa168c3000 	C:\WINDOWS\SYSTEM32\DBGHELP.DLL
0x00007ffa1b740000 - 0x00007ffa1bac8000 	C:\WINDOWS\System32\combase.dll
0x00007ffa1a7a0000 - 0x00007ffa1a877000 	C:\WINDOWS\System32\OLEAUT32.dll
0x00007ffa0b8a0000 - 0x00007ffa0b8d2000 	C:\WINDOWS\SYSTEM32\dbgcore.DLL
0x00007ffa19370000 - 0x00007ffa193e9000 	C:\WINDOWS\System32\bcryptPrimitives.dll
0x00007ffa15ba0000 - 0x00007ffa15bae000 	C:\Program Files\Java\jdk-17.0.1\bin\instrument.dll
0x00007ff9cc490000 - 0x00007ff9cc4b5000 	C:\Program Files\Java\jdk-17.0.1\bin\java.dll
0x00007ff9cc3b0000 - 0x00007ff9cc486000 	C:\Program Files\Java\jdk-17.0.1\bin\svml.dll
0x00007ffa1aaf0000 - 0x00007ffa1b34c000 	C:\WINDOWS\System32\SHELL32.dll
0x00007ffa16d80000 - 0x00007ffa17679000 	C:\WINDOWS\SYSTEM32\windows.storage.dll
0x00007ffa16c30000 - 0x00007ffa16d6e000 	C:\WINDOWS\SYSTEM32\wintypes.dll
0x00007ffa1a180000 - 0x00007ffa1a273000 	C:\WINDOWS\System32\SHCORE.dll
0x00007ffa1a880000 - 0x00007ffa1a8de000 	C:\WINDOWS\System32\shlwapi.dll
0x00007ffa18d60000 - 0x00007ffa18d81000 	C:\WINDOWS\SYSTEM32\profapi.dll
0x00007ff9e8b40000 - 0x00007ff9e8b58000 	C:\Program Files\Java\jdk-17.0.1\bin\zip.dll
0x00007ff9ebdf0000 - 0x00007ff9ebe09000 	C:\Program Files\Java\jdk-17.0.1\bin\net.dll
0x00007ffa12800000 - 0x00007ffa12936000 	C:\WINDOWS\SYSTEM32\WINHTTP.dll
0x00007ffa183e0000 - 0x00007ffa18449000 	C:\WINDOWS\system32\mswsock.dll
0x00007ff9e9ed0000 - 0x00007ff9e9ee5000 	C:\Program Files\Java\jdk-17.0.1\bin\nio.dll
0x00007ffa127e0000 - 0x00007ffa127fa000 	C:\Program Files\JetBrains\IntelliJ IDEA Community Edition 2023.3.6\bin\breakgen64.dll
0x00007ff9ea480000 - 0x00007ff9ea4fa000 	C:\Users\sampw\AppData\Local\Temp\lwjgl_sampw\3.3.2+13\x64\lwjgl.dll
0x00007ff9cd670000 - 0x00007ff9cd8e0000 	C:\Users\sampw\AppData\Local\Temp\lwjgl_sampw\3.3.2+13\x64\jemalloc.dll
0x00007ffa0fc40000 - 0x00007ffa0fc50000 	C:\Program Files\Java\jdk-17.0.1\bin\verify.dll
0x00007ff9cc220000 - 0x00007ff9cc3af000 	C:\Program Files\Java\jdk-17.0.1\bin\awt.dll
0x00007ffa15a10000 - 0x00007ffa15aa7000 	C:\WINDOWS\SYSTEM32\apphelp.dll
0x00007ffa16000000 - 0x00007ffa1602b000 	C:\WINDOWS\system32\DWMAPI.DLL
0x00007ffa15d80000 - 0x00007ffa15e2b000 	C:\WINDOWS\system32\uxtheme.dll
0x00007ff9d29f0000 - 0x00007ff9d2af0000 	C:\WINDOWS\system32\opengl32.dll
0x00007ff9fd6a0000 - 0x00007ff9fd6cd000 	C:\WINDOWS\SYSTEM32\GLU32.dll
0x00007ffa160c0000 - 0x00007ffa160f9000 	C:\WINDOWS\SYSTEM32\dxcore.dll
0x00007ffa1a960000 - 0x00007ffa1aab3000 	C:\WINDOWS\System32\MSCTF.dll
0x00007ffa1b3e0000 - 0x00007ffa1b585000 	C:\WINDOWS\System32\ole32.dll
0x00007ff9e8020000 - 0x00007ff9e81c9000 	C:\WINDOWS\system32\d3d9.dll
0x00007ffa0e0c0000 - 0x00007ffa0e27a000 	C:\WINDOWS\System32\DriverStore\FileRepository\u0381040.inf_amd64_4455b7391a60ce8d\B380794\aticfx64.dll
0x00007ff9d0e90000 - 0x00007ff9d0ec4000 	C:\WINDOWS\System32\DriverStore\FileRepository\u0381040.inf_amd64_4455b7391a60ce8d\B380794\atiu9p64.dll
0x00007ff9d0130000 - 0x00007ff9d0e86000 	C:\WINDOWS\System32\DriverStore\FileRepository\u0381040.inf_amd64_4455b7391a60ce8d\B380794\atiumd64.dll
0x0000000061df0000 - 0x0000000062caf000 	C:\WINDOWS\System32\DriverStore\FileRepository\u0381040.inf_amd64_4455b7391a60ce8d\B380794\atiumd6a.dll
0x00007ffa19c00000 - 0x00007ffa1a074000 	C:\WINDOWS\System32\SETUPAPI.dll
0x00007ffa17cc0000 - 0x00007ffa17d0d000 	C:\WINDOWS\SYSTEM32\POWRPROF.dll
0x00007ffa17ca0000 - 0x00007ffa17cb3000 	C:\WINDOWS\SYSTEM32\UMPDC.dll
0x00007ffa0bb90000 - 0x00007ffa0bbc0000 	C:\WINDOWS\SYSTEM32\amdihk64.dll
0x00007ffa11be0000 - 0x00007ffa11c2a000 	C:\WINDOWS\SYSTEM32\directxdatabasehelper.dll
0x00007ff9cbb10000 - 0x00007ff9cbb99000 	C:\Program Files\Java\jdk-17.0.1\bin\freetype.dll
0x00007ff9cba60000 - 0x00007ff9cbb08000 	C:\Program Files\Java\jdk-17.0.1\bin\fontmanager.dll
0x00007ffa1a280000 - 0x00007ffa1a330000 	C:\WINDOWS\System32\clbcatq.dll
0x00007ffa139b0000 - 0x00007ffa13b60000 	C:\WINDOWS\SYSTEM32\WindowsCodecs.dll
0x00007ff9ea3f0000 - 0x00007ff9ea472000 	C:\Users\sampw\AppData\Local\Temp\lwjgl_sampw\3.3.2+13\x64\glfw.dll
0x00007ffa0fbc0000 - 0x00007ffa0fc06000 	C:\WINDOWS\SYSTEM32\dinput8.dll
0x00007ff9f20c0000 - 0x00007ff9f211e000 	C:\WINDOWS\system32\dataexchange.dll
0x00007ffa0eda0000 - 0x00007ffa0edb1000 	C:\WINDOWS\SYSTEM32\xinput1_4.dll
0x00007ffa18af0000 - 0x00007ffa18b3e000 	C:\WINDOWS\SYSTEM32\cfgmgr32.dll
0x00007ffa18b40000 - 0x00007ffa18b6c000 	C:\WINDOWS\SYSTEM32\DEVOBJ.dll
0x00007ff9f9f20000 - 0x00007ff9fa12a000 	C:\WINDOWS\SYSTEM32\inputhost.dll
0x00007ffa14e30000 - 0x00007ffa14f64000 	C:\WINDOWS\SYSTEM32\CoreMessaging.dll
0x00007ffa0f3c0000 - 0x00007ffa0f64e000 	C:\WINDOWS\system32\twinapi.appcore.dll
0x00007ffa18630000 - 0x00007ffa1863c000 	C:\WINDOWS\SYSTEM32\CRYPTBASE.DLL
0x00007ffa119b0000 - 0x00007ffa11ae7000 	C:\Windows\System32\AppXDeploymentClient.dll
0x00007ffa0fcc0000 - 0x00007ffa0fcec000 	C:\WINDOWS\System32\DriverStore\FileRepository\u0381040.inf_amd64_4455b7391a60ce8d\B380794\atig6pxx.dll
0x00007ff9afe80000 - 0x00007ff9b2ce0000 	C:\WINDOWS\System32\DriverStore\FileRepository\u0381040.inf_amd64_4455b7391a60ce8d\B380794\atio6axx.dll
0x00007ff9d6140000 - 0x00007ff9d6165000 	C:\WINDOWS\SYSTEM32\dxva2.dll
0x00007ffa02fa0000 - 0x00007ffa02fdf000 	C:\WINDOWS\System32\DriverStore\FileRepository\u0381040.inf_amd64_4455b7391a60ce8d\B380794\atig6txx.dll
0x00007ff9b5400000 - 0x00007ff9b55d0000 	C:\WINDOWS\SYSTEM32\atiadlxx.dll
0x00007ffa168e0000 - 0x00007ffa169e1000 	C:\WINDOWS\SYSTEM32\PROPSYS.dll
0x00007ff9b53b0000 - 0x00007ff9b5400000 	C:\WINDOWS\SYSTEM32\pdh.dll
0x00007ffa19300000 - 0x00007ffa1936b000 	C:\WINDOWS\System32\WINTRUST.dll
0x00007ffa19420000 - 0x00007ffa19586000 	C:\WINDOWS\System32\CRYPT32.dll
0x00007ffa18690000 - 0x00007ffa186a2000 	C:\WINDOWS\SYSTEM32\MSASN1.dll
0x00007ffa0f8b0000 - 0x00007ffa0f9fa000 	C:\WINDOWS\SYSTEM32\textinputframework.dll
0x00007ff9f4570000 - 0x00007ff9f45d9000 	C:\WINDOWS\system32\Oleacc.dll
0x00007ffa043a0000 - 0x00007ffa043eb000 	C:\WINDOWS\system32\ApplicationTargetedFeatureDatabase.dll
0x00007ffa11200000 - 0x00007ffa1156c000 	C:\WINDOWS\SYSTEM32\CoreUIComponents.dll
0x00007ff9ea390000 - 0x00007ff9ea3ee000 	C:\Users\sampw\AppData\Local\Temp\lwjgl_sampw\3.3.2+13\x64\lwjgl_opengl.dll
0x00007ff9e4a90000 - 0x00007ff9e4b03000 	C:\Users\sampw\AppData\Local\Temp\lwjgl_sampw\3.3.2+13\x64\lwjgl_nuklear.dll
0x00007ff9e4a00000 - 0x00007ff9e4a82000 	C:\Users\sampw\AppData\Local\Temp\lwjgl_sampw\3.3.2+13\x64\lwjgl_stb.dll
0x00007ff9b6e50000 - 0x00007ff9b6e67000 	C:\WINDOWS\system32\napinsp.dll
0x00007ff9b6e30000 - 0x00007ff9b6e4b000 	C:\WINDOWS\system32\pnrpnsp.dll
0x00007ffa17970000 - 0x00007ffa17a69000 	C:\WINDOWS\SYSTEM32\DNSAPI.dll
0x00007ffa17940000 - 0x00007ffa1796d000 	C:\WINDOWS\SYSTEM32\IPHLPAPI.DLL
0x00007ffa1b3d0000 - 0x00007ffa1b3d9000 	C:\WINDOWS\System32\NSI.dll
0x00007ff9b6e10000 - 0x00007ff9b6e21000 	C:\WINDOWS\System32\winrnr.dll
0x00007ffa10280000 - 0x00007ffa10295000 	C:\WINDOWS\system32\wshbth.dll
0x00007ff9b6de0000 - 0x00007ff9b6e01000 	C:\WINDOWS\system32\nlansp_c.dll
0x00007ffa11980000 - 0x00007ffa1198a000 	C:\Windows\System32\rasadhlp.dll
0x00007ffa11170000 - 0x00007ffa111f3000 	C:\WINDOWS\System32\fwpuclnt.dll

dbghelp: loaded successfully - version: 4.0.5 - missing functions: none
symbol engine: initialized successfully - sym options: 0x614 - pdb path: .;C:\Program Files\Java\jdk-17.0.1\bin;C:\WINDOWS\SYSTEM32;C:\WINDOWS\WinSxS\amd64_microsoft.windows.common-controls_6595b64144ccf1df_6.0.22621.3235_none_270f74e173860f98;C:\Program Files\Java\jdk-17.0.1\bin\server;C:\Program Files\JetBrains\IntelliJ IDEA Community Edition 2023.3.6\bin;C:\Users\sampw\AppData\Local\Temp\lwjgl_sampw\3.3.2+13\x64;C:\WINDOWS\System32\DriverStore\FileRepository\u0381040.inf_amd64_4455b7391a60ce8d\B380794

VM Arguments:
jvm_args: -javaagent:C:\Program Files\JetBrains\IntelliJ IDEA Community Edition 2023.3.6\lib\idea_rt.jar=60401:C:\Program Files\JetBrains\IntelliJ IDEA Community Edition 2023.3.6\bin -Dfile.encoding=UTF-8 
java_command: com.xbuilders.game.Main devmode
java_class_path (initial): C:\Users\sampw\OneDrive\Documents\NetBeansProjects\Xbuilders3\target\classes;C:\Users\sampw\.m2\repository\com\google\code\gson\gson\2.10.1\gson-2.10.1.jar;C:\Users\sampw\.m2\repository\org\lwjgl\lwjgl\3.3.2\lwjgl-3.3.2.jar;C:\Users\sampw\.m2\repository\org\lwjgl\lwjgl-assimp\3.3.2\lwjgl-assimp-3.3.2.jar;C:\Users\sampw\.m2\repository\org\lwjgl\lwjgl-bgfx\3.3.2\lwjgl-bgfx-3.3.2.jar;C:\Users\sampw\.m2\repository\org\lwjgl\lwjgl-cuda\3.3.2\lwjgl-cuda-3.3.2.jar;C:\Users\sampw\.m2\repository\org\lwjgl\lwjgl-egl\3.3.2\lwjgl-egl-3.3.2.jar;C:\Users\sampw\.m2\repository\org\lwjgl\lwjgl-fmod\3.3.2\lwjgl-fmod-3.3.2.jar;C:\Users\sampw\.m2\repository\org\lwjgl\lwjgl-freetype\3.3.2\lwjgl-freetype-3.3.2.jar;C:\Users\sampw\.m2\repository\org\lwjgl\lwjgl-glfw\3.3.2\lwjgl-glfw-3.3.2.jar;C:\Users\sampw\.m2\repository\org\lwjgl\lwjgl-harfbuzz\3.3.2\lwjgl-harfbuzz-3.3.2.jar;C:\Users\sampw\.m2\repository\org\lwjgl\lwjgl-hwloc\3.3.2\lwjgl-hwloc-3.3.2.jar;C:\Users\sampw\.m2\repository\org\lwjgl\lwjgl-jawt\3.3.2\lwjgl-jawt-3.3.2.jar;C:\Users\sampw\.m2\repository\org\lwjgl\lwjgl-jemalloc\3.3.2\lwjgl-jemalloc-3.3.2.jar;C:\Users\sampw\.m2\repository\org\lwjgl\lwjgl-ktx\3.3.2\lwjgl-ktx-3.3.2.jar;C:\Users\sampw\.m2\repository\org\lwjgl\lwjgl-libdivide\3.3.2\lwjgl-libdivide-3.3.2.jar;C:\Users\sampw\.m2\repository\org\lwjgl\lwjgl-llvm\3.3.2\lwjgl-llvm-3.3.2.jar;C:\Users\sampw\.m2\repository\org\lwjgl\lwjgl-lmdb\3.3.2\lwjgl-lmdb-3.3.2.jar;C:\Users\sampw\.m2\repository\org\lwjgl\lwjgl-lz4\3.3.2\lwjgl-lz4-3.3.2.jar;C:\Users\sampw\.m2\repository\org\lwjgl\lwjgl-meow\3.3.2\lwjgl-meow-3.3.2.jar;C:\Users\sampw\.m2\repository\org\lwjgl\lwjgl-meshoptimizer\3.3.2\lwjgl-meshoptimizer-3.3.2.jar;C:\Users\sampw\.m2\repository\org\lwjgl\lwjgl-nanovg\3.3.2\lwjgl-nanovg-3.3.2.jar;C:\Users\sampw\.m2\repository\org\lwjgl\lwjgl-nfd\3.3.2\lwjgl-nfd-3.3.2.jar;C:\Users\sampw\.m2\repository\org\lwjgl\lwjgl-nuklear\3.3.2\lwjgl-nuklear-3.3.2.jar;C:\Users\sampw\.m2\repository\org\lwjgl\lwjgl-odb
Launcher Type: SUN_STANDARD

[Global flags]
     intx CICompilerCount                          = 12                                        {product} {ergonomic}
     uint ConcGCThreads                            = 3                                         {product} {ergonomic}
     uint G1ConcRefinementThreads                  = 13                                        {product} {ergonomic}
   size_t G1HeapRegionSize                         = 2097152                                   {product} {ergonomic}
    uintx GCDrainStackTargetSize                   = 64                                        {product} {ergonomic}
   size_t InitialHeapSize                          = 257949696                                 {product} {ergonomic}
   size_t MarkStackSize                            = 4194304                                   {product} {ergonomic}
   size_t MaxHeapSize                              = 4114612224                                {product} {ergonomic}
   size_t MaxNewSize                               = 2468347904                                {product} {ergonomic}
   size_t MinHeapDeltaBytes                        = 2097152                                   {product} {ergonomic}
   size_t MinHeapSize                              = 8388608                                   {product} {ergonomic}
    uintx NonNMethodCodeHeapSize                   = 7602480                                {pd product} {ergonomic}
    uintx NonProfiledCodeHeapSize                  = 122027880                              {pd product} {ergonomic}
    uintx ProfiledCodeHeapSize                     = 122027880                              {pd product} {ergonomic}
    uintx ReservedCodeCacheSize                    = 251658240                              {pd product} {ergonomic}
     bool SegmentedCodeCache                       = true                                      {product} {ergonomic}
   size_t SoftMaxHeapSize                          = 4114612224                             {manageable} {ergonomic}
     bool UseCompressedClassPointers               = true                           {product lp64_product} {ergonomic}
     bool UseCompressedOops                        = true                           {product lp64_product} {ergonomic}
     bool UseG1GC                                  = true                                      {product} {ergonomic}
     bool UseLargePagesIndividualAllocation        = false                                  {pd product} {ergonomic}

Logging:
Log output configuration:
 #0: stdout all=warning uptime,level,tags
 #1: stderr all=off uptime,level,tags

Environment Variables:
JAVA_HOME=C:\Program Files\Java\jdk-17.0.1
PATH=C:\Program Files\Common Files\Oracle\Java\javapath;C:\WINDOWS\system32;C:\WINDOWS;C:\WINDOWS\System32\Wbem;C:\WINDOWS\System32\WindowsPowerShell\v1.0\;C:\WINDOWS\System32\OpenSSH\;C:\Program Files\PuTTY\;C:\Program Files\nodejs\;C:\Program Files\Java\jdk-16.0.1\bin;C:\Program Files\Apache Software Foundation\apache-maven-3.8.1\bin;C:\Program Files\Git\cmd;C:\Program Files\dotnet\;C:\Program Files (x86)\Windows Kits\10\Windows Performance Toolkit\;C:\Users\sampw\AppData\Local\Microsoft\WindowsApps;C:\Users\sampw\AppData\Local\GitHubDesktop\bin;C:\Users\sampw\AppData\Local\Programs\Microsoft VS Code\bin;C:\Users\sampw\AppData\Roaming\npm;C:\Program Files (x86)\mingw-w64\i686-8.1.0-posix-dwarf-rt_v6-rev0\mingw32\bin;C:\Users\sampw\anaconda3;C:\Program Files\heroku\bin;C:\Programs\Program Downloads\ffmpeg-N-102431-gf140239777-win64-gpl-shared\bin;C:\Users\sampw\AppData\Local\Packages\PythonSoftwareFoundation.Python.3.9_qbz5n2kfra8p0\LocalCache\local-packages\Python39\Scripts;C:\Programs\apache-ant-1.10.13\bin;C:\Program Files\Microsoft Visual Studio\2022\Community\Common7\IDE\CommonExtensions\Microsoft\CMake\CMake\bin\;;C:\Program Files\JetBrains\IntelliJ IDEA Community Edition 2023.3.2\bin;
USERNAME=sampw
OS=Windows_NT
PROCESSOR_IDENTIFIER=AMD64 Family 23 Model 104 Stepping 1, AuthenticAMD



---------------  S Y S T E M  ---------------

OS:
 Windows 10 , 64 bit Build 22621 (10.0.22621.3374)
OS uptime: 2 days 22:49 hours
Hyper-V role detected

CPU: total 16 (initial active 16) (16 cores per cpu, 2 threads per core) family 23 model 104 stepping 1 microcode 0x0, cx8, cmov, fxsr, ht, mmx, 3dnowpref, sse, sse2, sse3, ssse3, sse4a, sse4.1, sse4.2, popcnt, lzcnt, tsc, tscinvbit, avx, avx2, aes, clmul, bmi1, bmi2, adx, sha, fma, vzeroupper, clflush, clflushopt, hv

Memory: 4k page, system-wide physical 15695M (3645M free)
TotalPageFile size 31391M (AvailPageFile size 12103M)
current process WorkingSet (physical memory assigned to process): 567M, peak: 591M
current process commit charge ("private bytes"): 843M, peak: 953M

vm_info: Java HotSpot(TM) 64-Bit Server VM (17.0.1+12-LTS-39) for windows-amd64 JRE (17.0.1+12-LTS-39), built on Sep 27 2021 18:41:35 by "mach5one" with MS VC++ 16.8 (VS2019)

END.
