#
# A fatal error has been detected by the Java Runtime Environment:
#
#  EXCEPTION_ACCESS_VIOLATION (0xc0000005) at pc=0x00007ff9b1465046, pid=13924, tid=21628
#
# JRE version: Java(TM) SE Runtime Environment (17.0.1+12) (build 17.0.1+12-LTS-39)
# Java VM: Java HotSpot(TM) 64-Bit Server VM (17.0.1+12-LTS-39, mixed mode, sharing, tiered, compressed oops, compressed class ptrs, g1 gc, windows-amd64)
# Problematic frame:
# C  [atio6axx.dll+0x15e5046]
#
# No core dump will be written. Minidumps are not enabled by default on client versions of Windows
#
# If you would like to submit a bug report, please visit:
#   https://bugreport.java.com/bugreport/crash.jsp
# The crash happened outside the Java Virtual Machine in native code.
# See problematic frame for where to report the bug.
#

---------------  S U M M A R Y ------------

Command Line: -javaagent:C:\Program Files\JetBrains\IntelliJ IDEA Community Edition 2023.3.6\lib\idea_rt.jar=60524:C:\Program Files\JetBrains\IntelliJ IDEA Community Edition 2023.3.6\bin -Dfile.encoding=UTF-8 com.xbuilders.game.Main devmode

Host: AMD Ryzen 7 5700U with Radeon Graphics         , 16 cores, 15G,  Windows 10 , 64 bit Build 22621 (10.0.22621.3374)
Time: Mon Apr  1 17:09:28 2024 Mountain Daylight Time elapsed time: 14.718660 seconds (0d 0h 0m 14s)

---------------  T H R E A D  ---------------

Current thread (0x0000021bc199e4f0):  JavaThread "main" [_thread_in_native, id=21628, stack(0x000000413e800000,0x000000413e900000)]

Stack: [0x000000413e800000,0x000000413e900000],  sp=0x000000413e8feb60,  free space=1018k
Native frames: (J=compiled Java code, j=interpreted, Vv=VM code, C=native code)
C  [atio6axx.dll+0x15e5046]

Java frames: (J=compiled Java code, j=interpreted, Vv=VM code)
J 2588  org.lwjgl.opengl.GL15C.nglBufferData(IJJI)V (0 bytes) @ 0x0000021bd0e394f6 [0x0000021bd0e394a0+0x0000000000000056]
J 5110 c1 org.lwjgl.opengl.GL15C.glBufferData(ILjava/nio/IntBuffer;I)V (19 bytes) @ 0x0000021bc9e1fcd4 [0x0000021bc9e1fa60+0x0000000000000274]
J 5152 c1 com.xbuilders.engine.rendering.chunk.mesh.CompactMesh.sendBuffersToGPU(Ljava/nio/IntBuffer;)V (41 bytes) @ 0x0000021bc9eb0884 [0x0000021bc9eb0700+0x0000000000000184]
J 4967 c1 com.xbuilders.engine.rendering.chunk.ChunkMeshBundle.sendToGPU()V (63 bytes) @ 0x0000021bc9c21594 [0x0000021bc9c21460+0x0000000000000134]
J 4635 c2 com.xbuilders.engine.world.World$$Lambda$230+0x0000000800e00448.accept(Ljava/lang/Object;Ljava/lang/Object;)V (20 bytes) @ 0x0000021bd0e72ddc [0x0000021bd0e71a80+0x000000000000135c]
J 4649 c2 java.util.HashMap.forEach(Ljava/util/function/BiConsumer;)V java.base@17.0.1 (112 bytes) @ 0x0000021bd0f89f90 [0x0000021bd0f89e20+0x0000000000000170]
J 5082 c1 com.xbuilders.engine.world.World.updateChunksToRenderList(Lorg/joml/Vector3f;)V (123 bytes) @ 0x0000021bc9e6e4ac [0x0000021bc9e6dec0+0x00000000000005ec]
J 5106 c1 com.xbuilders.engine.world.World.drawChunks(Lorg/joml/Matrix4f;Lorg/joml/Matrix4f;Lorg/joml/Vector3f;)V (238 bytes) @ 0x0000021bc9e99544 [0x0000021bc9e98b40+0x0000000000000a04]
J 4838 c1 com.xbuilders.engine.gameScene.GameScene.render()V (115 bytes) @ 0x0000021bca02852c [0x0000021bca027e80+0x00000000000006ac]
J 4449 c1 com.xbuilders.game.Main.render()V (22 bytes) @ 0x0000021bc99247c4 [0x0000021bc99246e0+0x00000000000000e4]
j  com.xbuilders.game.Main.run()V+49
j  com.xbuilders.game.Main.main([Ljava/lang/String;)V+75
v  ~StubRoutines::call_stub

siginfo: EXCEPTION_ACCESS_VIOLATION (0xc0000005), reading address 0x0000021b9ac71000


Register to memory mapping:

RIP=0x00007ff9b1465046 atio6axx.dll
RAX=0xffffffffffff4900 is an unknown value
RBX=0x0000021b9ac70f88 points into unknown readable memory: 0x000000000092000f | 0f 00 92 00 00 00 00 00
RCX=0x000000000000015f is an unknown value
RDX=0x0000021b9ac70800 points into unknown readable memory: 0x6730000017d37921 | 21 79 d3 17 00 00 30 67
RSP=0x000000413e8feb60 is pointing into the stack for thread: 0x0000021bc199e4f0
RBP=0x0000000000000058 is an unknown value
RSI=0x0000021bf4100350 points into unknown readable memory: 0x000000000092000f | 0f 00 92 00 00 00 00 00
RDI=0x0000021bf115c608 points into unknown readable memory: 0x00007ff9b268c6d0 | d0 c6 68 b2 f9 7f 00 00
R8 =0x0000000000000008 is an unknown value
R9 =0x00007ff9b1a43f6d atio6axx.dll
R10=0x00007ff9afe80000 atio6axx.dll
R11=0x000000000000000f is an unknown value
R12=0x0000000000000001 is an unknown value
R13=0x000000413e8feda8 is pointing into the stack for thread: 0x0000021bc199e4f0
R14=0x00000000001f1900 is an unknown value
R15=0x0000000000000408 is an unknown value


Registers:
RAX=0xffffffffffff4900, RBX=0x0000021b9ac70f88, RCX=0x000000000000015f, RDX=0x0000021b9ac70800
RSP=0x000000413e8feb60, RBP=0x0000000000000058, RSI=0x0000021bf4100350, RDI=0x0000021bf115c608
R8 =0x0000000000000008, R9 =0x00007ff9b1a43f6d, R10=0x00007ff9afe80000, R11=0x000000000000000f
R12=0x0000000000000001, R13=0x000000413e8feda8, R14=0x00000000001f1900, R15=0x0000000000000408
RIP=0x00007ff9b1465046, EFLAGS=0x0000000000010216

Top of Stack: (sp=0x000000413e8feb60)
0x000000413e8feb60:   000000000000b700 00000000001f1900
0x000000413e8feb70:   0000021bf115c608 000000000000b760
0x000000413e8feb80:   000000000000b760 00007ff9b12b6bc2
0x000000413e8feb90:   0000021bf115c608 000000413e8feda0
0x000000413e8feba0:   0000000000000008 000000413e8feda8
0x000000413e8febb0:   0000021be7044610 0000021bf0fc8c70
0x000000413e8febc0:   0000021be7044610 0000021bf1135010
0x000000413e8febd0:   0000021bf1135010 00007ff9b1a7313c
0x000000413e8febe0:   0000000000000000 0000000000000018
0x000000413e8febf0:   000000000000fffc 0000000000000000
0x000000413e8fec00:   0000021b95d3d1f0 00007ff9b12a4c8d
0x000000413e8fec10:   0000021b95d3d1f0 0000000000000001
0x000000413e8fec20:   0000000000000000 0000000000005401
0x000000413e8fec30:   0000000000014000 00007ff9b1282b06
0x000000413e8fec40:   0000021b832393f0 0000021bfa87a410
0x000000413e8fec50:   0000021bfa87a410 0000000000014000 

Instructions: (pc=0x00007ff9b1465046)
0x00007ff9b1464f46:   c9 48 85 c0 75 34 4c 8b 01 49 8b 50 18 48 8b c2
0x00007ff9b1464f56:   66 66 0f 1f 84 00 00 00 00 00 48 8b 4a 08 48 39
0x00007ff9b1464f66:   48 08 48 0f 47 d0 49 3b c0 74 06 48 8b 40 18 eb
0x00007ff9b1464f76:   e9 49 89 51 08 48 8b 42 08 c3 48 8b 40 08 c3 cc
0x00007ff9b1464f86:   cc cc cc cc cc cc cc cc cc cc 48 89 5c 24 10 48
0x00007ff9b1464f96:   89 6c 24 18 56 48 83 ec 20 49 8b e8 48 8b da 48
0x00007ff9b1464fa6:   8b f1 49 81 f8 00 02 00 00 0f 86 18 01 00 00 8b
0x00007ff9b1464fb6:   c6 b9 10 00 00 00 83 e0 0f 2b c8 74 20 44 8b c1
0x00007ff9b1464fc6:   48 89 7c 24 30 8b f9 48 8b ce e8 8b ee 5d 00 48
0x00007ff9b1464fd6:   03 f7 48 03 df 48 2b ef 48 8b 7c 24 30 48 8b c3
0x00007ff9b1464fe6:   83 e0 0f 48 81 fd 80 00 00 00 0f 86 c6 00 00 00
0x00007ff9b1464ff6:   48 8d 8d 7f ff ff ff 48 c1 e9 07 48 ff c1 48 85
0x00007ff9b1465006:   c0 74 55 48 6b c1 80 48 03 e8 0f 10 03 0f 2b 06
0x00007ff9b1465016:   0f 10 4b 10 0f 2b 4e 10 0f 10 43 20 0f 2b 46 20
0x00007ff9b1465026:   0f 10 4b 30 0f 2b 4e 30 0f 10 43 40 0f 2b 46 40
0x00007ff9b1465036:   0f 10 4b 50 0f 2b 4e 50 0f 10 43 60 0f 2b 46 60
0x00007ff9b1465046:   0f 10 4b 70 48 83 eb 80 0f 2b 4e 70 48 83 ee 80
0x00007ff9b1465056:   48 83 e9 01 75 b4 eb 5e 48 6b c1 80 48 03 e8 66
0x00007ff9b1465066:   66 66 0f 1f 84 00 00 00 00 00 0f 10 03 0f 2b 06
0x00007ff9b1465076:   0f 10 4b 10 0f 2b 4e 10 0f 10 43 20 0f 2b 46 20
0x00007ff9b1465086:   0f 10 4b 30 0f 2b 4e 30 0f 10 43 40 0f 2b 46 40
0x00007ff9b1465096:   0f 10 4b 50 0f 2b 4e 50 0f 10 43 60 0f 2b 46 60
0x00007ff9b14650a6:   0f 10 4b 70 48 83 eb 80 0f 2b 4e 70 48 83 ee 80
0x00007ff9b14650b6:   48 83 e9 01 75 b4 0f ae f8 48 85 ed 74 0e 4c 8b
0x00007ff9b14650c6:   c5 48 8b d3 48 8b ce e8 8e ed 5d 00 48 8b 5c 24
0x00007ff9b14650d6:   38 48 8b 6c 24 40 48 83 c4 20 5e c3 cc cc cc cc
0x00007ff9b14650e6:   cc cc cc cc cc cc cc cc cc cc 48 89 5c 24 08 48
0x00007ff9b14650f6:   89 6c 24 10 48 89 74 24 18 57 48 83 ec 20 33 ed
0x00007ff9b1465106:   48 8b d9 48 89 69 18 48 83 c1 20 e8 aa d6 5d ff
0x00007ff9b1465116:   4c 8b 4a 20 4c 89 0b 48 89 53 08 4c 89 43 10 48
0x00007ff9b1465126:   89 ab 40 04 00 00 48 89 ab 48 04 00 00 48 89 ab
0x00007ff9b1465136:   50 04 00 00 48 89 ab 58 04 00 00 48 89 ab 60 04 


Stack slot to memory mapping:
stack at sp + 0 slots: 0x000000000000b700 is an unknown value
stack at sp + 1 slots: 0x00000000001f1900 is an unknown value
stack at sp + 2 slots: 0x0000021bf115c608 points into unknown readable memory: 0x00007ff9b268c6d0 | d0 c6 68 b2 f9 7f 00 00
stack at sp + 3 slots: 0x000000000000b760 is an unknown value
stack at sp + 4 slots: 0x000000000000b760 is an unknown value
stack at sp + 5 slots: 0x00007ff9b12b6bc2 atio6axx.dll
stack at sp + 6 slots: 0x0000021bf115c608 points into unknown readable memory: 0x00007ff9b268c6d0 | d0 c6 68 b2 f9 7f 00 00
stack at sp + 7 slots: 0x000000413e8feda0 is pointing into the stack for thread: 0x0000021bc199e4f0


---------------  P R O C E S S  ---------------

Threads class SMR info:
_java_thread_list=0x0000021b95c5de60, length=58, elements={
0x0000021bc199e4f0, 0x0000021be58038c0, 0x0000021be5804740, 0x0000021be58129f0,
0x0000021be58143b0, 0x0000021be5815780, 0x0000021be5816540, 0x0000021be58178e0,
0x0000021be5818990, 0x0000021be582e950, 0x0000021be592a070, 0x0000021be592f6a0,
0x0000021be5d03350, 0x0000021be5bf0880, 0x0000021be6a65700, 0x0000021be6a3b700,
0x0000021be6a90660, 0x0000021be6d88280, 0x0000021be6d89a90, 0x0000021be6d84d90,
0x0000021be6d88c20, 0x0000021be6d895c0, 0x0000021be6d87410, 0x0000021be6d843f0,
0x0000021be6d85c00, 0x0000021be6d865a0, 0x0000021be6d848c0, 0x0000021be6d89f60,
0x0000021be6d86a70, 0x0000021be6d88750, 0x0000021be6d8a430, 0x0000021be6d86f40,
0x0000021be6d878e0, 0x0000021be6d8add0, 0x0000021be6d8b2a0, 0x0000021b8304a520,
0x0000021b8304bd30, 0x0000021b8304d540, 0x0000021b8304da10, 0x0000021b8304b860,
0x0000021b8304a9f0, 0x0000021b8304f6f0, 0x0000021b8304dee0, 0x0000021b8304ed50,
0x0000021b8304cba0, 0x0000021b83050f00, 0x0000021b8304fbc0, 0x0000021b830518a0,
0x0000021b83050560, 0x0000021b83050090, 0x0000021b8304e880, 0x0000021b8304e3b0,
0x0000021b8304a050, 0x0000021b830513d0, 0x0000021b8304f220, 0x0000021b8e00caf0,
0x0000021b8e00c0d0, 0x0000021b8e00b6b0
}

Java Threads: ( => current thread )
=>0x0000021bc199e4f0 JavaThread "main" [_thread_in_native, id=21628, stack(0x000000413e800000,0x000000413e900000)]
  0x0000021be58038c0 JavaThread "Reference Handler" daemon [_thread_blocked, id=21356, stack(0x000000413ef00000,0x000000413f000000)]
  0x0000021be5804740 JavaThread "Finalizer" daemon [_thread_blocked, id=21572, stack(0x000000413f000000,0x000000413f100000)]
  0x0000021be58129f0 JavaThread "Signal Dispatcher" daemon [_thread_blocked, id=9464, stack(0x000000413f100000,0x000000413f200000)]
  0x0000021be58143b0 JavaThread "Attach Listener" daemon [_thread_blocked, id=1296, stack(0x000000413f200000,0x000000413f300000)]
  0x0000021be5815780 JavaThread "Service Thread" daemon [_thread_blocked, id=21492, stack(0x000000413f300000,0x000000413f400000)]
  0x0000021be5816540 JavaThread "Monitor Deflation Thread" daemon [_thread_blocked, id=14920, stack(0x000000413f400000,0x000000413f500000)]
  0x0000021be58178e0 JavaThread "C2 CompilerThread0" daemon [_thread_blocked, id=19824, stack(0x000000413f500000,0x000000413f600000)]
  0x0000021be5818990 JavaThread "C1 CompilerThread0" daemon [_thread_blocked, id=13972, stack(0x000000413f600000,0x000000413f700000)]
  0x0000021be582e950 JavaThread "Sweeper thread" daemon [_thread_blocked, id=14640, stack(0x000000413f700000,0x000000413f800000)]
  0x0000021be592a070 JavaThread "Common-Cleaner" daemon [_thread_blocked, id=12392, stack(0x000000413f800000,0x000000413f900000)]
  0x0000021be592f6a0 JavaThread "C1 CompilerThread1" daemon [_thread_blocked, id=1168, stack(0x000000413f900000,0x000000413fa00000)]
  0x0000021be5d03350 JavaThread "Monitor Ctrl-Break" daemon [_thread_in_native, id=15224, stack(0x000000413fd00000,0x000000413fe00000)]
  0x0000021be5bf0880 JavaThread "Notification Thread" daemon [_thread_blocked, id=22028, stack(0x000000413fe00000,0x000000413ff00000)]
  0x0000021be6a65700 JavaThread "Java2D Disposer" daemon [_thread_blocked, id=11064, stack(0x000000413fc00000,0x000000413fd00000)]
  0x0000021be6a3b700 JavaThread "AWT-Shutdown" [_thread_blocked, id=18676, stack(0x0000004140100000,0x0000004140200000)]
  0x0000021be6a90660 JavaThread "AWT-Windows" daemon [_thread_in_native, id=7428, stack(0x0000004140200000,0x0000004140300000)]
  0x0000021be6d88280 JavaThread "AWT-EventQueue-0" [_thread_blocked, id=2504, stack(0x000000413fb00000,0x000000413fc00000)]
  0x0000021be6d89a90 JavaThread "D3D Screen Updater" daemon [_thread_blocked, id=10528, stack(0x0000004141c00000,0x0000004141d00000)]
  0x0000021be6d84d90 JavaThread "Generation Thread" daemon [_thread_blocked, id=8320, stack(0x0000004141b00000,0x0000004141c00000)]
  0x0000021be6d88c20 JavaThread "Generation Thread" daemon [_thread_blocked, id=21520, stack(0x0000004141f00000,0x0000004142000000)]
  0x0000021be6d895c0 JavaThread "Generation Thread" daemon [_thread_blocked, id=11796, stack(0x0000004142000000,0x0000004142100000)]
  0x0000021be6d87410 JavaThread "Generation Thread" daemon [_thread_blocked, id=4816, stack(0x0000004142100000,0x0000004142200000)]
  0x0000021be6d843f0 JavaThread "Generation Thread" daemon [_thread_blocked, id=17328, stack(0x0000004142200000,0x0000004142300000)]
  0x0000021be6d85c00 JavaThread "Generation Thread" daemon [_thread_blocked, id=11808, stack(0x0000004142300000,0x0000004142400000)]
  0x0000021be6d865a0 JavaThread "Generation Thread" daemon [_thread_blocked, id=14320, stack(0x0000004142400000,0x0000004142500000)]
  0x0000021be6d848c0 JavaThread "Generation Thread" daemon [_thread_blocked, id=14272, stack(0x0000004142500000,0x0000004142600000)]
  0x0000021be6d89f60 JavaThread "Generation Thread" daemon [_thread_blocked, id=16328, stack(0x0000004142600000,0x0000004142700000)]
  0x0000021be6d86a70 JavaThread "Generation Thread" daemon [_thread_blocked, id=856, stack(0x0000004142700000,0x0000004142800000)]
  0x0000021be6d88750 JavaThread "Generation Thread" daemon [_thread_blocked, id=12284, stack(0x0000004142800000,0x0000004142900000)]
  0x0000021be6d8a430 JavaThread "Generation Thread" daemon [_thread_blocked, id=8816, stack(0x0000004142900000,0x0000004142a00000)]
  0x0000021be6d86f40 JavaThread "Light Thread" daemon [_thread_blocked, id=19204, stack(0x0000004142c00000,0x0000004142d00000)]
  0x0000021be6d878e0 JavaThread "Light Thread" daemon [_thread_blocked, id=15948, stack(0x0000004142d00000,0x0000004142e00000)]
  0x0000021be6d8add0 JavaThread "Light Thread" daemon [_thread_blocked, id=12540, stack(0x0000004142e00000,0x0000004142f00000)]
  0x0000021be6d8b2a0 JavaThread "Light Thread" daemon [_thread_blocked, id=22132, stack(0x0000004142f00000,0x0000004143000000)]
  0x0000021b8304a520 JavaThread "Light Thread" daemon [_thread_blocked, id=15612, stack(0x0000004143000000,0x0000004143100000)]
  0x0000021b8304bd30 JavaThread "Light Thread" daemon [_thread_blocked, id=10808, stack(0x0000004143100000,0x0000004143200000)]
  0x0000021b8304d540 JavaThread "Light Thread" daemon [_thread_blocked, id=22352, stack(0x0000004143200000,0x0000004143300000)]
  0x0000021b8304da10 JavaThread "Light Thread" daemon [_thread_blocked, id=16060, stack(0x0000004143300000,0x0000004143400000)]
  0x0000021b8304b860 JavaThread "Light Thread" daemon [_thread_blocked, id=22932, stack(0x0000004143400000,0x0000004143500000)]
  0x0000021b8304a9f0 JavaThread "Light Thread" daemon [_thread_blocked, id=14284, stack(0x0000004143500000,0x0000004143600000)]
  0x0000021b8304f6f0 JavaThread "Light Thread" daemon [_thread_blocked, id=2724, stack(0x0000004143600000,0x0000004143700000)]
  0x0000021b8304dee0 JavaThread "Light Thread" daemon [_thread_blocked, id=11424, stack(0x0000004143700000,0x0000004143800000)]
  0x0000021b8304ed50 JavaThread "Mesh Thread" daemon [_thread_blocked, id=7464, stack(0x0000004143c00000,0x0000004143d00000)]
  0x0000021b8304cba0 JavaThread "Mesh Thread" daemon [_thread_blocked, id=10816, stack(0x0000004143d00000,0x0000004143e00000)]
  0x0000021b83050f00 JavaThread "Mesh Thread" daemon [_thread_blocked, id=12324, stack(0x0000004143e00000,0x0000004143f00000)]
  0x0000021b8304fbc0 JavaThread "Mesh Thread" daemon [_thread_blocked, id=14008, stack(0x0000004143f00000,0x0000004144000000)]
  0x0000021b830518a0 JavaThread "Mesh Thread" daemon [_thread_blocked, id=6412, stack(0x0000004144000000,0x0000004144100000)]
  0x0000021b83050560 JavaThread "Mesh Thread" daemon [_thread_blocked, id=5052, stack(0x0000004144100000,0x0000004144200000)]
  0x0000021b83050090 JavaThread "Mesh Thread" daemon [_thread_blocked, id=16332, stack(0x0000004144300000,0x0000004144400000)]
  0x0000021b8304e880 JavaThread "Mesh Thread" daemon [_thread_blocked, id=14064, stack(0x0000004144600000,0x0000004144700000)]
  0x0000021b8304e3b0 JavaThread "Mesh Thread" daemon [_thread_blocked, id=12808, stack(0x0000004144700000,0x0000004144800000)]
  0x0000021b8304a050 JavaThread "Mesh Thread" daemon [_thread_blocked, id=10696, stack(0x0000004144800000,0x0000004144900000)]
  0x0000021b830513d0 JavaThread "Mesh Thread" daemon [_thread_blocked, id=22752, stack(0x0000004144900000,0x0000004144a00000)]
  0x0000021b8304f220 JavaThread "Mesh Thread" daemon [_thread_blocked, id=4176, stack(0x0000004144a00000,0x0000004144b00000)]
  0x0000021b8e00caf0 JavaThread "C2 CompilerThread1" daemon [_thread_blocked, id=5904, stack(0x000000413fa00000,0x000000413fb00000)]
  0x0000021b8e00c0d0 JavaThread "C2 CompilerThread2" daemon [_thread_blocked, id=11920, stack(0x0000004140000000,0x0000004140100000)]
  0x0000021b8e00b6b0 JavaThread "C2 CompilerThread3" daemon [_thread_blocked, id=18892, stack(0x0000004143800000,0x0000004143900000)]

Other Threads:
  0x0000021be4b492b0 VMThread "VM Thread" [stack: 0x000000413ee00000,0x000000413ef00000] [id=7248]
  0x0000021be4950b10 WatcherThread [stack: 0x000000413ff00000,0x0000004140000000] [id=19420]
  0x0000021bc19ed980 GCTaskThread "GC Thread#0" [stack: 0x000000413e900000,0x000000413ea00000] [id=11060]
  0x0000021be6da1840 GCTaskThread "GC Thread#1" [stack: 0x0000004140f00000,0x0000004141000000] [id=16616]
  0x0000021be6da1f00 GCTaskThread "GC Thread#2" [stack: 0x0000004141000000,0x0000004141100000] [id=11024]
  0x0000021be6da21b0 GCTaskThread "GC Thread#3" [stack: 0x0000004141100000,0x0000004141200000] [id=12256]
  0x0000021be6da2460 GCTaskThread "GC Thread#4" [stack: 0x0000004141200000,0x0000004141300000] [id=19212]
  0x0000021be6d96ea0 GCTaskThread "GC Thread#5" [stack: 0x0000004141300000,0x0000004141400000] [id=3440]
  0x0000021be6e1a2c0 GCTaskThread "GC Thread#6" [stack: 0x0000004141400000,0x0000004141500000] [id=18780]
  0x0000021be6e1a570 GCTaskThread "GC Thread#7" [stack: 0x0000004141500000,0x0000004141600000] [id=13500]
  0x0000021be6e1a820 GCTaskThread "GC Thread#8" [stack: 0x0000004141600000,0x0000004141700000] [id=3212]
  0x0000021be6e1b4f0 GCTaskThread "GC Thread#9" [stack: 0x0000004141700000,0x0000004141800000] [id=21308]
  0x0000021be6e1be10 GCTaskThread "GC Thread#10" [stack: 0x0000004141800000,0x0000004141900000] [id=2212]
  0x0000021bf1e548c0 GCTaskThread "GC Thread#11" [stack: 0x0000004141d00000,0x0000004141e00000] [id=23432]
  0x0000021bf1e56bb0 GCTaskThread "GC Thread#12" [stack: 0x0000004141e00000,0x0000004141f00000] [id=18396]
  0x0000021bc19fde00 ConcurrentGCThread "G1 Main Marker" [stack: 0x000000413ea00000,0x000000413eb00000] [id=16900]
  0x0000021bc19ff020 ConcurrentGCThread "G1 Conc#0" [stack: 0x000000413eb00000,0x000000413ec00000] [id=17572]
  0x0000021bf5880f90 ConcurrentGCThread "G1 Conc#1" [stack: 0x0000004144b00000,0x0000004144c00000] [id=6192]
  0x0000021bf58804d0 ConcurrentGCThread "G1 Conc#2" [stack: 0x0000004144c00000,0x0000004144d00000] [id=19920]
  0x0000021be4a04660 ConcurrentGCThread "G1 Refine#0" [stack: 0x000000413ec00000,0x000000413ed00000] [id=14244]
  0x0000021be4a04f80 ConcurrentGCThread "G1 Service" [stack: 0x000000413ed00000,0x000000413ee00000] [id=22884]

Threads with active compile tasks:

VM state: not at safepoint (normal execution)

VM Mutex/Monitor currently owned by a thread: None

Heap address: 0x000000070ac00000, size: 3924 MB, Compressed Oops mode: Zero based, Oop shift amount: 3

CDS archive(s) mapped at: [0x0000000800000000-0x0000000800bc0000-0x0000000800bc0000), size 12320768, SharedBaseAddress: 0x0000000800000000, ArchiveRelocationMode: 0.
Compressed class space mapped at: 0x0000000800c00000-0x0000000840c00000, reserved size: 1073741824
Narrow klass base: 0x0000000800000000, Narrow klass shift: 0, Narrow klass range: 0x100000000

GC Precious Log:
 CPUs: 16 total, 16 available
 Memory: 15695M
 Large Page Support: Disabled
 NUMA Support: Disabled
 Compressed Oops: Enabled (Zero based)
 Heap Region Size: 2M
 Heap Min Capacity: 8M
 Heap Initial Capacity: 246M
 Heap Max Capacity: 3924M
 Pre-touch: Disabled
 Parallel Workers: 13
 Concurrent Workers: 3
 Concurrent Refinement Workers: 13
 Periodic GC: Disabled

Heap:
 garbage-first heap   total 110592K, used 27499K [0x000000070ac00000, 0x0000000800000000)
  region size 2048K, 7 young (14336K), 3 survivors (6144K)
 Metaspace       used 22574K, committed 22976K, reserved 1073152K
  class space    used 1900K, committed 2112K, reserved 1048576K

Heap Regions: E=young(eden), S=young(survivor), O=old, HS=humongous(starts), HC=humongous(continues), CS=collection set, F=free, OA=open archive, CA=closed archive, TAMS=top-at-mark-start (previous, next)
|   0|0x000000070ac00000, 0x000000070ae00000, 0x000000070ae00000|100%| O|  |TAMS 0x000000070ae00000, 0x000000070ac00000| Untracked 
|   1|0x000000070ae00000, 0x000000070b000000, 0x000000070b000000|100%| O|  |TAMS 0x000000070b000000, 0x000000070ae00000| Untracked 
|   2|0x000000070b000000, 0x000000070b200000, 0x000000070b200000|100%| O|  |TAMS 0x000000070b000000, 0x000000070b000000| Untracked 
|   3|0x000000070b200000, 0x000000070b400000, 0x000000070b400000|100%| O|  |TAMS 0x000000070b200000, 0x000000070b200000| Untracked 
|   4|0x000000070b400000, 0x000000070b600000, 0x000000070b600000|100%| O|  |TAMS 0x000000070b400000, 0x000000070b400000| Untracked 
|   5|0x000000070b600000, 0x000000070b800000, 0x000000070b800000|100%| O|  |TAMS 0x000000070b600000, 0x000000070b600000| Untracked 
|   6|0x000000070b800000, 0x000000070ba00000, 0x000000070ba00000|100%| O|  |TAMS 0x000000070b800000, 0x000000070b800000| Untracked 
|   7|0x000000070ba00000, 0x000000070bc00000, 0x000000070bc00000|100%| O|  |TAMS 0x000000070ba00000, 0x000000070ba00000| Untracked 
|   8|0x000000070bc00000, 0x000000070bc70800, 0x000000070be00000| 21%| O|  |TAMS 0x000000070bc00000, 0x000000070bc00000| Untracked 
|   9|0x000000070be00000, 0x000000070be00000, 0x000000070c000000|  0%| F|  |TAMS 0x000000070be00000, 0x000000070be00000| Untracked 
|  10|0x000000070c000000, 0x000000070c000000, 0x000000070c200000|  0%| F|  |TAMS 0x000000070c000000, 0x000000070c000000| Untracked 
|  11|0x000000070c200000, 0x000000070c200000, 0x000000070c400000|  0%| F|  |TAMS 0x000000070c200000, 0x000000070c200000| Untracked 
|  12|0x000000070c400000, 0x000000070c400000, 0x000000070c600000|  0%| F|  |TAMS 0x000000070c400000, 0x000000070c400000| Untracked 
|  13|0x000000070c600000, 0x000000070c600000, 0x000000070c800000|  0%| F|  |TAMS 0x000000070c600000, 0x000000070c600000| Untracked 
|  14|0x000000070c800000, 0x000000070c800000, 0x000000070ca00000|  0%| F|  |TAMS 0x000000070c800000, 0x000000070c800000| Untracked 
|  15|0x000000070ca00000, 0x000000070ca00000, 0x000000070cc00000|  0%| F|  |TAMS 0x000000070ca00000, 0x000000070ca00000| Untracked 
|  16|0x000000070cc00000, 0x000000070cc00000, 0x000000070ce00000|  0%| F|  |TAMS 0x000000070cc00000, 0x000000070cc00000| Untracked 
|  17|0x000000070ce00000, 0x000000070ce00000, 0x000000070d000000|  0%| F|  |TAMS 0x000000070ce00000, 0x000000070ce00000| Untracked 
|  18|0x000000070d000000, 0x000000070d000000, 0x000000070d200000|  0%| F|  |TAMS 0x000000070d000000, 0x000000070d000000| Untracked 
|  19|0x000000070d200000, 0x000000070d26a400, 0x000000070d400000| 20%| S|CS|TAMS 0x000000070d200000, 0x000000070d200000| Complete 
|  20|0x000000070d400000, 0x000000070d400000, 0x000000070d600000|  0%| F|  |TAMS 0x000000070d400000, 0x000000070d400000| Untracked 
|  21|0x000000070d600000, 0x000000070d800000, 0x000000070d800000|100%| S|CS|TAMS 0x000000070d600000, 0x000000070d600000| Complete 
|  22|0x000000070d800000, 0x000000070d800000, 0x000000070da00000|  0%| F|  |TAMS 0x000000070d800000, 0x000000070d800000| Untracked 
|  23|0x000000070da00000, 0x000000070dc00000, 0x000000070dc00000|100%| S|CS|TAMS 0x000000070da00000, 0x000000070da00000| Complete 
|  24|0x000000070dc00000, 0x000000070dc00000, 0x000000070de00000|  0%| F|  |TAMS 0x000000070dc00000, 0x000000070dc00000| Untracked 
|  25|0x000000070de00000, 0x000000070de00000, 0x000000070e000000|  0%| F|  |TAMS 0x000000070de00000, 0x000000070de00000| Untracked 
|  26|0x000000070e000000, 0x000000070e000000, 0x000000070e200000|  0%| F|  |TAMS 0x000000070e000000, 0x000000070e000000| Untracked 
|  27|0x000000070e200000, 0x000000070e200000, 0x000000070e400000|  0%| F|  |TAMS 0x000000070e200000, 0x000000070e200000| Untracked 
|  28|0x000000070e400000, 0x000000070e400000, 0x000000070e600000|  0%| F|  |TAMS 0x000000070e400000, 0x000000070e400000| Untracked 
|  29|0x000000070e600000, 0x000000070e600000, 0x000000070e800000|  0%| F|  |TAMS 0x000000070e600000, 0x000000070e600000| Untracked 
|  30|0x000000070e800000, 0x000000070e800000, 0x000000070ea00000|  0%| F|  |TAMS 0x000000070e800000, 0x000000070e800000| Untracked 
|  31|0x000000070ea00000, 0x000000070ea00000, 0x000000070ec00000|  0%| F|  |TAMS 0x000000070ea00000, 0x000000070ea00000| Untracked 
|  32|0x000000070ec00000, 0x000000070ec00000, 0x000000070ee00000|  0%| F|  |TAMS 0x000000070ec00000, 0x000000070ec00000| Untracked 
|  33|0x000000070ee00000, 0x000000070ee00000, 0x000000070f000000|  0%| F|  |TAMS 0x000000070ee00000, 0x000000070ee00000| Untracked 
|  34|0x000000070f000000, 0x000000070f000000, 0x000000070f200000|  0%| F|  |TAMS 0x000000070f000000, 0x000000070f000000| Untracked 
|  35|0x000000070f200000, 0x000000070f200000, 0x000000070f400000|  0%| F|  |TAMS 0x000000070f200000, 0x000000070f200000| Untracked 
|  36|0x000000070f400000, 0x000000070f400000, 0x000000070f600000|  0%| F|  |TAMS 0x000000070f400000, 0x000000070f400000| Untracked 
|  37|0x000000070f600000, 0x000000070f600000, 0x000000070f800000|  0%| F|  |TAMS 0x000000070f600000, 0x000000070f600000| Untracked 
|  38|0x000000070f800000, 0x000000070f800000, 0x000000070fa00000|  0%| F|  |TAMS 0x000000070f800000, 0x000000070f800000| Untracked 
|  39|0x000000070fa00000, 0x000000070fa00000, 0x000000070fc00000|  0%| F|  |TAMS 0x000000070fa00000, 0x000000070fa00000| Untracked 
|  40|0x000000070fc00000, 0x000000070fc00000, 0x000000070fe00000|  0%| F|  |TAMS 0x000000070fc00000, 0x000000070fc00000| Untracked 
|  41|0x000000070fe00000, 0x000000070fe00000, 0x0000000710000000|  0%| F|  |TAMS 0x000000070fe00000, 0x000000070fe00000| Untracked 
|  42|0x0000000710000000, 0x0000000710000000, 0x0000000710200000|  0%| F|  |TAMS 0x0000000710000000, 0x0000000710000000| Untracked 
|  43|0x0000000710200000, 0x0000000710200000, 0x0000000710400000|  0%| F|  |TAMS 0x0000000710200000, 0x0000000710200000| Untracked 
|  44|0x0000000710400000, 0x0000000710400000, 0x0000000710600000|  0%| F|  |TAMS 0x0000000710400000, 0x0000000710400000| Untracked 
|  45|0x0000000710600000, 0x0000000710600000, 0x0000000710800000|  0%| F|  |TAMS 0x0000000710600000, 0x0000000710600000| Untracked 
|  65|0x0000000712e00000, 0x0000000712e00000, 0x0000000713000000|  0%| F|  |TAMS 0x0000000712e00000, 0x0000000712e00000| Untracked 
|  66|0x0000000713000000, 0x0000000713000000, 0x0000000713200000|  0%| F|  |TAMS 0x0000000713000000, 0x0000000713000000| Untracked 
|  67|0x0000000713200000, 0x0000000713200000, 0x0000000713400000|  0%| F|  |TAMS 0x0000000713200000, 0x0000000713200000| Untracked 
|  68|0x0000000713400000, 0x0000000713400000, 0x0000000713600000|  0%| F|  |TAMS 0x0000000713400000, 0x0000000713400000| Untracked 
|  69|0x0000000713600000, 0x000000071373b660, 0x0000000713800000| 61%| E|  |TAMS 0x0000000713600000, 0x0000000713600000| Complete 
| 120|0x0000000719c00000, 0x0000000719e00000, 0x0000000719e00000|100%| E|CS|TAMS 0x0000000719c00000, 0x0000000719c00000| Complete 
| 121|0x0000000719e00000, 0x000000071a000000, 0x000000071a000000|100%| E|CS|TAMS 0x0000000719e00000, 0x0000000719e00000| Complete 
| 122|0x000000071a000000, 0x000000071a200000, 0x000000071a200000|100%| E|CS|TAMS 0x000000071a000000, 0x000000071a000000| Complete 

Card table byte_map: [0x0000021bd91c0000,0x0000021bd9970000] _byte_map_base: 0x0000021bd596a000

Marking Bits (Prev, Next): (CMBitMap*) 0x0000021bc19edfd0, (CMBitMap*) 0x0000021bc19edf90
 Prev Bits: [0x0000021bdde70000, 0x0000021be1bc0000)
 Next Bits: [0x0000021bda120000, 0x0000021bdde70000)

Polling page: 0x0000021bc1160000

Metaspace:

Usage:
  Non-class:     20.19 MB used.
      Class:      1.86 MB used.
       Both:     22.05 MB used.

Virtual space:
  Non-class space:       24.00 MB reserved,      20.38 MB ( 85%) committed,  3 nodes.
      Class space:        1.00 GB reserved,       2.06 MB ( <1%) committed,  1 nodes.
             Both:        1.02 GB reserved,      22.44 MB (  2%) committed. 

Chunk freelists:
   Non-Class:  2.91 MB
       Class:  1.91 MB
        Both:  4.82 MB

MaxMetaspaceSize: unlimited
CompressedClassSpaceSize: 1.00 GB
Initial GC threshold: 21.00 MB
Current GC threshold: 35.12 MB
CDS: on
MetaspaceReclaimPolicy: balanced
 - commit_granule_bytes: 65536.
 - commit_granule_words: 8192.
 - virtual_space_node_default_size: 1048576.
 - enlarge_chunks_in_place: 1.
 - new_chunks_are_fully_committed: 0.
 - uncommit_free_chunks: 1.
 - use_allocation_guard: 0.
 - handle_deallocations: 1.


Internal statistics:

num_allocs_failed_limit: 3.
num_arena_births: 464.
num_arena_deaths: 0.
num_vsnodes_births: 4.
num_vsnodes_deaths: 0.
num_space_committed: 357.
num_space_uncommitted: 0.
num_chunks_returned_to_freelist: 3.
num_chunks_taken_from_freelist: 968.
num_chunk_merges: 3.
num_chunk_splits: 623.
num_chunks_enlarged: 382.
num_purges: 0.
num_inconsistent_stats: 0.

CodeHeap 'non-profiled nmethods': size=119168Kb used=3162Kb max_used=3162Kb free=116005Kb
 bounds [0x0000021bd0d30000, 0x0000021bd1050000, 0x0000021bd8190000]
CodeHeap 'profiled nmethods': size=119104Kb used=8235Kb max_used=8538Kb free=110869Kb
 bounds [0x0000021bc98e0000, 0x0000021bca170000, 0x0000021bd0d30000]
CodeHeap 'non-nmethods': size=7488Kb used=2598Kb max_used=3801Kb free=4889Kb
 bounds [0x0000021bc9190000, 0x0000021bc9550000, 0x0000021bc98e0000]
 total_blobs=6001 nmethods=4406 adapters=1505
 compilation: enabled
              stopped_count=0, restarted_count=0
 full_count=0

Compilation events (20 events):
Event: 14.357 Thread 0x0000021b8e00caf0 5144   !   4       sun.font.FileFontStrike::getCachedGlyphPtr (27 bytes)
Event: 14.358 Thread 0x0000021b8e00b6b0 nmethod 5143 0x0000021bd0fcec10 code [0x0000021bd0fcedc0, 0x0000021bd0fcef98]
Event: 14.358 Thread 0x0000021b8e00b6b0 5145       4       sun.font.FileFontStrike::getCachedGlyphPtrInternal (120 bytes)
Event: 14.358 Thread 0x0000021b8e00caf0 nmethod 5144 0x0000021bd0fce790 code [0x0000021bd0fce920, 0x0000021bd0fcea78]
Event: 14.359 Thread 0x0000021be5818990 5146       3       javax.swing.text.BoxView::childAllocation (51 bytes)
Event: 14.359 Thread 0x0000021be592f6a0 5147       3       sun.awt.geom.Order1::getX0 (20 bytes)
Event: 14.359 Thread 0x0000021be592f6a0 nmethod 5147 0x0000021bc9eb4690 code [0x0000021bc9eb4820, 0x0000021bc9eb49b8]
Event: 14.359 Thread 0x0000021be5818990 nmethod 5146 0x0000021bc9eb3b10 code [0x0000021bc9eb3ce0, 0x0000021bc9eb43b8]
Event: 14.359 Thread 0x0000021b8e00b6b0 nmethod 5145 0x0000021bd0fce390 code [0x0000021bd0fce520, 0x0000021bd0fce658]
Event: 14.360 Thread 0x0000021be5818990 5148       1       javax.swing.JScrollPane::getViewport (5 bytes)
Event: 14.361 Thread 0x0000021be5818990 nmethod 5148 0x0000021bd0fce090 code [0x0000021bd0fce220, 0x0000021bd0fce2f8]
Event: 14.415 Thread 0x0000021be5818990 5149       3       java.util.Formatter$FormatSpecifier::<init> (264 bytes)
Event: 14.415 Thread 0x0000021be592f6a0 5150       3       java.lang.invoke.LambdaForm$MH/0x0000000800c18000::invoke (25 bytes)
Event: 14.415 Thread 0x0000021be592f6a0 nmethod 5150 0x0000021bc9eb3290 code [0x0000021bc9eb3460, 0x0000021bc9eb39b8]
Event: 14.416 Thread 0x0000021be5818990 nmethod 5149 0x0000021bc9eb0c90 code [0x0000021bc9eb10e0, 0x0000021bc9eb2988]
Event: 14.470 Thread 0x0000021be58178e0 nmethod 5105 0x0000021bd0ed7390 code [0x0000021bd0ed7a60, 0x0000021bd0edf648]
Event: 14.529 Thread 0x0000021b8e00c0d0 nmethod 5119 0x0000021bd1036410 code [0x0000021bd1036880, 0x0000021bd103e868]
Event: 14.681 Thread 0x0000021b8e00b6b0 5151       4       com.xbuilders.engine.player.raycasting.RayCasting::traceComplexRay (1280 bytes)
Event: 14.681 Thread 0x0000021be5818990 5152       3       com.xbuilders.engine.rendering.chunk.mesh.CompactMesh::sendBuffersToGPU (41 bytes)
Event: 14.682 Thread 0x0000021be5818990 nmethod 5152 0x0000021bc9eb0510 code [0x0000021bc9eb0700, 0x0000021bc9eb0ab8]

GC Heap History (20 events):
Event: 7.775 GC heap before
{Heap before GC invocations=6 (full 0):
 garbage-first heap   total 75776K, used 52673K [0x000000070ac00000, 0x0000000800000000)
  region size 2048K, 20 young (40960K), 1 survivors (2048K)
 Metaspace       used 21299K, committed 21632K, reserved 1073152K
  class space    used 1852K, committed 1984K, reserved 1048576K
}
Event: 7.777 GC heap after
{Heap after GC invocations=7 (full 0):
 garbage-first heap   total 75776K, used 13967K [0x000000070ac00000, 0x0000000800000000)
  region size 2048K, 1 young (2048K), 1 survivors (2048K)
 Metaspace       used 21299K, committed 21632K, reserved 1073152K
  class space    used 1852K, committed 1984K, reserved 1048576K
}
Event: 7.903 GC heap before
{Heap before GC invocations=7 (full 0):
 garbage-first heap   total 75776K, used 54927K [0x000000070ac00000, 0x0000000800000000)
  region size 2048K, 21 young (43008K), 1 survivors (2048K)
 Metaspace       used 21450K, committed 21760K, reserved 1073152K
  class space    used 1867K, committed 1984K, reserved 1048576K
}
Event: 7.905 GC heap after
{Heap after GC invocations=8 (full 0):
 garbage-first heap   total 75776K, used 15458K [0x000000070ac00000, 0x0000000800000000)
  region size 2048K, 2 young (4096K), 2 survivors (4096K)
 Metaspace       used 21450K, committed 21760K, reserved 1073152K
  class space    used 1867K, committed 1984K, reserved 1048576K
}
Event: 8.084 GC heap before
{Heap before GC invocations=8 (full 0):
 garbage-first heap   total 75776K, used 56418K [0x000000070ac00000, 0x0000000800000000)
  region size 2048K, 22 young (45056K), 2 survivors (4096K)
 Metaspace       used 21746K, committed 22080K, reserved 1073152K
  class space    used 1879K, committed 2048K, reserved 1048576K
}
Event: 8.088 GC heap after
{Heap after GC invocations=9 (full 0):
 garbage-first heap   total 110592K, used 16420K [0x000000070ac00000, 0x0000000800000000)
  region size 2048K, 2 young (4096K), 2 survivors (4096K)
 Metaspace       used 21746K, committed 22080K, reserved 1073152K
  class space    used 1879K, committed 2048K, reserved 1048576K
}
Event: 8.260 GC heap before
{Heap before GC invocations=9 (full 0):
 garbage-first heap   total 110592K, used 75812K [0x000000070ac00000, 0x0000000800000000)
  region size 2048K, 32 young (65536K), 2 survivors (4096K)
 Metaspace       used 21819K, committed 22144K, reserved 1073152K
  class space    used 1879K, committed 2048K, reserved 1048576K
}
Event: 8.263 GC heap after
{Heap after GC invocations=10 (full 0):
 garbage-first heap   total 110592K, used 17062K [0x000000070ac00000, 0x0000000800000000)
  region size 2048K, 2 young (4096K), 2 survivors (4096K)
 Metaspace       used 21819K, committed 22144K, reserved 1073152K
  class space    used 1879K, committed 2048K, reserved 1048576K
}
Event: 8.507 GC heap before
{Heap before GC invocations=10 (full 0):
 garbage-first heap   total 110592K, used 78502K [0x000000070ac00000, 0x0000000800000000)
  region size 2048K, 32 young (65536K), 2 survivors (4096K)
 Metaspace       used 21826K, committed 22144K, reserved 1073152K
  class space    used 1879K, committed 2048K, reserved 1048576K
}
Event: 8.509 GC heap after
{Heap after GC invocations=11 (full 0):
 garbage-first heap   total 110592K, used 16150K [0x000000070ac00000, 0x0000000800000000)
  region size 2048K, 2 young (4096K), 2 survivors (4096K)
 Metaspace       used 21826K, committed 22144K, reserved 1073152K
  class space    used 1879K, committed 2048K, reserved 1048576K
}
Event: 8.920 GC heap before
{Heap before GC invocations=11 (full 0):
 garbage-first heap   total 110592K, used 77590K [0x000000070ac00000, 0x0000000800000000)
  region size 2048K, 32 young (65536K), 2 survivors (4096K)
 Metaspace       used 21931K, committed 22336K, reserved 1073152K
  class space    used 1897K, committed 2112K, reserved 1048576K
}
Event: 8.922 GC heap after
{Heap after GC invocations=12 (full 0):
 garbage-first heap   total 110592K, used 18139K [0x000000070ac00000, 0x0000000800000000)
  region size 2048K, 3 young (6144K), 3 survivors (6144K)
 Metaspace       used 21931K, committed 22336K, reserved 1073152K
  class space    used 1897K, committed 2112K, reserved 1048576K
}
Event: 11.279 GC heap before
{Heap before GC invocations=12 (full 0):
 garbage-first heap   total 110592K, used 75483K [0x000000070ac00000, 0x0000000800000000)
  region size 2048K, 32 young (65536K), 3 survivors (6144K)
 Metaspace       used 22370K, committed 22784K, reserved 1073152K
  class space    used 1900K, committed 2112K, reserved 1048576K
}
Event: 11.282 GC heap after
{Heap after GC invocations=13 (full 0):
 garbage-first heap   total 110592K, used 18627K [0x000000070ac00000, 0x0000000800000000)
  region size 2048K, 3 young (6144K), 3 survivors (6144K)
 Metaspace       used 22370K, committed 22784K, reserved 1073152K
  class space    used 1900K, committed 2112K, reserved 1048576K
}
Event: 12.072 GC heap before
{Heap before GC invocations=13 (full 0):
 garbage-first heap   total 110592K, used 78019K [0x000000070ac00000, 0x0000000800000000)
  region size 2048K, 32 young (65536K), 3 survivors (6144K)
 Metaspace       used 22391K, committed 22784K, reserved 1073152K
  class space    used 1900K, committed 2112K, reserved 1048576K
}
Event: 12.075 GC heap after
{Heap after GC invocations=14 (full 0):
 garbage-first heap   total 110592K, used 19964K [0x000000070ac00000, 0x0000000800000000)
  region size 2048K, 3 young (6144K), 3 survivors (6144K)
 Metaspace       used 22391K, committed 22784K, reserved 1073152K
  class space    used 1900K, committed 2112K, reserved 1048576K
}
Event: 12.958 GC heap before
{Heap before GC invocations=14 (full 0):
 garbage-first heap   total 110592K, used 79356K [0x000000070ac00000, 0x0000000800000000)
  region size 2048K, 32 young (65536K), 3 survivors (6144K)
 Metaspace       used 22471K, committed 22848K, reserved 1073152K
  class space    used 1900K, committed 2112K, reserved 1048576K
}
Event: 12.960 GC heap after
{Heap after GC invocations=15 (full 0):
 garbage-first heap   total 110592K, used 20207K [0x000000070ac00000, 0x0000000800000000)
  region size 2048K, 2 young (4096K), 2 survivors (4096K)
 Metaspace       used 22471K, committed 22848K, reserved 1073152K
  class space    used 1900K, committed 2112K, reserved 1048576K
}
Event: 14.164 GC heap before
{Heap before GC invocations=15 (full 0):
 garbage-first heap   total 110592K, used 79599K [0x000000070ac00000, 0x0000000800000000)
  region size 2048K, 32 young (65536K), 2 survivors (4096K)
 Metaspace       used 22558K, committed 22976K, reserved 1073152K
  class space    used 1900K, committed 2112K, reserved 1048576K
}
Event: 14.166 GC heap after
{Heap after GC invocations=16 (full 0):
 garbage-first heap   total 110592K, used 20743K [0x000000070ac00000, 0x0000000800000000)
  region size 2048K, 2 young (4096K), 2 survivors (4096K)
 Metaspace       used 22558K, committed 22976K, reserved 1073152K
  class space    used 1900K, committed 2112K, reserved 1048576K
}

Deoptimization events (20 events):
Event: 11.395 Thread 0x0000021b8304cba0 DEOPT PACKING pc=0x0000021bca09c172 sp=0x0000004143dfef10
Event: 11.395 Thread 0x0000021b8304cba0 DEOPT UNPACKING pc=0x0000021bc91e2b43 sp=0x0000004143dfe4a0 mode 0
Event: 11.922 Thread 0x0000021bc199e4f0 DEOPT PACKING pc=0x0000021bc9c840bf sp=0x000000413e8ff2d0
Event: 11.922 Thread 0x0000021bc199e4f0 DEOPT UNPACKING pc=0x0000021bc91e2b43 sp=0x000000413e8fe770 mode 0
Event: 12.611 Thread 0x0000021be6d848c0 Uncommon trap: trap_request=0xffffffde fr.pc=0x0000021bd0ea1df8 relative=0x0000000000001478
Event: 12.611 Thread 0x0000021be6d848c0 Uncommon trap: reason=class_check action=maybe_recompile pc=0x0000021bd0ea1df8 method=java.util.HashMap.putVal(ILjava/lang/Object;Ljava/lang/Object;ZZ)Ljava/lang/Object; @ 203 c2
Event: 12.611 Thread 0x0000021be6d848c0 DEOPT PACKING pc=0x0000021bd0ea1df8 sp=0x00000041425fee10
Event: 12.611 Thread 0x0000021be6d848c0 DEOPT UNPACKING pc=0x0000021bc91e23a3 sp=0x00000041425fed50 mode 2
Event: 12.611 Thread 0x0000021be6d848c0 Uncommon trap: trap_request=0xffffffde fr.pc=0x0000021bd0ea1df8 relative=0x0000000000001478
Event: 12.611 Thread 0x0000021be6d848c0 Uncommon trap: reason=class_check action=maybe_recompile pc=0x0000021bd0ea1df8 method=java.util.HashMap.putVal(ILjava/lang/Object;Ljava/lang/Object;ZZ)Ljava/lang/Object; @ 203 c2
Event: 12.611 Thread 0x0000021be6d848c0 DEOPT PACKING pc=0x0000021bd0ea1df8 sp=0x00000041425fee10
Event: 12.611 Thread 0x0000021be6d848c0 DEOPT UNPACKING pc=0x0000021bc91e23a3 sp=0x00000041425fed50 mode 2
Event: 12.611 Thread 0x0000021be6d848c0 Uncommon trap: trap_request=0xffffffde fr.pc=0x0000021bd0ea5934 relative=0x0000000000001334
Event: 12.611 Thread 0x0000021be6d848c0 Uncommon trap: reason=class_check action=maybe_recompile pc=0x0000021bd0ea5934 method=java.util.HashMap.putVal(ILjava/lang/Object;Ljava/lang/Object;ZZ)Ljava/lang/Object; @ 203 c2
Event: 12.611 Thread 0x0000021be6d848c0 DEOPT PACKING pc=0x0000021bd0ea5934 sp=0x00000041425fed60
Event: 12.611 Thread 0x0000021be6d848c0 DEOPT UNPACKING pc=0x0000021bc91e23a3 sp=0x00000041425fed40 mode 2
Event: 13.866 Thread 0x0000021bc199e4f0 DEOPT PACKING pc=0x0000021bca1286ae sp=0x000000413e8ff240
Event: 13.866 Thread 0x0000021bc199e4f0 DEOPT UNPACKING pc=0x0000021bc91e2b43 sp=0x000000413e8fe7a8 mode 0
Event: 14.681 Thread 0x0000021bc199e4f0 DEOPT PACKING pc=0x0000021bca130e92 sp=0x000000413e8fef50
Event: 14.681 Thread 0x0000021bc199e4f0 DEOPT UNPACKING pc=0x0000021bc91e2b43 sp=0x000000413e8fe4e0 mode 0

Classes unloaded (0 events):
No events

Classes redefined (0 events):
No events

Internal exceptions (20 events):
Event: 1.116 Thread 0x0000021bc199e4f0 Exception <a 'sun/nio/fs/WindowsException'{0x0000000719cc4528}> (0x0000000719cc4528) 
thrown [t:\workspace\open\src\hotspot\share\prims\jni.cpp, line 516]
Event: 1.121 Thread 0x0000021bc199e4f0 Exception <a 'sun/nio/fs/WindowsException'{0x0000000719cd7668}> (0x0000000719cd7668) 
thrown [t:\workspace\open\src\hotspot\share\prims\jni.cpp, line 516]
Event: 1.121 Thread 0x0000021bc199e4f0 Exception <a 'sun/nio/fs/WindowsException'{0x0000000719cd7948}> (0x0000000719cd7948) 
thrown [t:\workspace\open\src\hotspot\share\prims\jni.cpp, line 516]
Event: 1.220 Thread 0x0000021bc199e4f0 Exception <a 'sun/nio/fs/WindowsException'{0x00000007199a2770}> (0x00000007199a2770) 
thrown [t:\workspace\open\src\hotspot\share\prims\jni.cpp, line 516]
Event: 1.220 Thread 0x0000021bc199e4f0 Exception <a 'sun/nio/fs/WindowsException'{0x00000007199a2b20}> (0x00000007199a2b20) 
thrown [t:\workspace\open\src\hotspot\share\prims\jni.cpp, line 516]
Event: 1.227 Thread 0x0000021bc199e4f0 Exception <a 'java/lang/NoSuchMethodError'{0x00000007199b6628}: 'java.lang.Object java.lang.invoke.DirectMethodHandle$Holder.newInvokeSpecial(java.lang.Object, long)'> (0x00000007199b6628) 
thrown [t:\workspace\open\src\hotspot\share\interpreter\linkResolver.cpp, line 766]
Event: 1.249 Thread 0x0000021bc199e4f0 Exception <a 'sun/nio/fs/WindowsException'{0x0000000719611c58}> (0x0000000719611c58) 
thrown [t:\workspace\open\src\hotspot\share\prims\jni.cpp, line 516]
Event: 1.249 Thread 0x0000021bc199e4f0 Exception <a 'sun/nio/fs/WindowsException'{0x0000000719611fd8}> (0x0000000719611fd8) 
thrown [t:\workspace\open\src\hotspot\share\prims\jni.cpp, line 516]
Event: 1.283 Thread 0x0000021bc199e4f0 Exception <a 'java/lang/NoSuchMethodError'{0x0000000719692498}: 'void java.lang.invoke.DirectMethodHandle$Holder.invokeStatic(java.lang.Object, int, java.lang.Object)'> (0x0000000719692498) 
thrown [t:\workspace\open\src\hotspot\share\interpreter\linkResolver.cpp, line 766]
Event: 2.520 Thread 0x0000021bc199e4f0 Exception <a 'java/lang/NoSuchMethodError'{0x0000000718ebf4b0}: 'int java.lang.invoke.DirectMethodHandle$Holder.invokeStatic(java.lang.Object, long, int)'> (0x0000000718ebf4b0) 
thrown [t:\workspace\open\src\hotspot\share\interpreter\linkResolver.cpp, line 766]
Event: 5.043 Thread 0x0000021bc199e4f0 Exception <a 'java/lang/NoSuchMethodError'{0x000000071873c4a8}: 'void java.lang.invoke.DirectMethodHandle$Holder.invokeStatic(java.lang.Object, java.lang.Object, java.lang.Object)'> (0x000000071873c4a8) 
thrown [t:\workspace\open\src\hotspot\share\interpreter\linkResolver.cpp, line 766]
Event: 6.540 Thread 0x0000021bc199e4f0 Exception <a 'java/lang/NoSuchMethodError'{0x0000000717df6980}: 'void java.lang.invoke.DirectMethodHandle$Holder.invokeSpecial(java.lang.Object, java.lang.Object, java.lang.Object, java.lang.Object, java.lang.Object)'> (0x0000000717df6980) 
thrown [t:\workspace\open\src\hotspot\share\interpreter\linkResolver.cpp, line 766]
Event: 6.558 Thread 0x0000021bc199e4f0 Exception <a 'java/lang/NoSuchMethodError'{0x0000000717a46e00}: 'java.lang.Object java.lang.invoke.DirectMethodHandle$Holder.invokeStatic(java.lang.Object, float)'> (0x0000000717a46e00) 
thrown [t:\workspace\open\src\hotspot\share\interpreter\linkResolver.cpp, line 766]
Event: 6.559 Thread 0x0000021bc199e4f0 Exception <a 'java/lang/NoSuchMethodError'{0x0000000717a4b5c8}: 'java.lang.Object java.lang.invoke.DirectMethodHandle$Holder.invokeSpecial(java.lang.Object, java.lang.Object, float)'> (0x0000000717a4b5c8) 
thrown [t:\workspace\open\src\hotspot\share\interpreter\linkResolver.cpp, line 766]
Event: 7.316 Thread 0x0000021bc199e4f0 Exception <a 'java/lang/NoSuchMethodError'{0x0000000719cb1138}: 'int java.lang.invoke.DirectMethodHandle$Holder.invokeSpecial(java.lang.Object, java.lang.Object, int, int)'> (0x0000000719cb1138) 
thrown [t:\workspace\open\src\hotspot\share\interpreter\linkResolver.cpp, line 766]
Event: 8.150 Thread 0x0000021be6d878e0 Implicit null exception at 0x0000021bd0f0d0a9 to 0x0000021bd0f0d2ae
Event: 8.908 Thread 0x0000021bc199e4f0 Exception <a 'java/lang/NoSuchMethodError'{0x000000070e0962d0}: 'java.lang.Object java.lang.invoke.DirectMethodHandle$Holder.invokeSpecial(java.lang.Object, java.lang.Object, long, int, java.lang.Object, java.lang.Object, java.lang.Object, java.lang.Object, java.lang.Object, java.lang.Object, java.lang.Object)'> (0x000000070e0962d0) 
thrown [t:\workspace\open\src\hotspot\share\interpreter\linkResolver.cpp, line 766]
Event: 8.908 Thread 0x0000021bc199e4f0 Exception <a 'java/lang/NoSuchMethodError'{0x000000070e09ae30}: 'java.lang.Object java.lang.invoke.DelegatingMethodHandle$Holder.reinvoke_L(java.lang.Object, long, int, java.lang.Object, java.lang.Object, java.lang.Object, java.lang.Object, java.lang.Object, java.lang.Object, java.lang.Object)'> (0x000000070e09ae30) 
thrown [t:\workspace\open\src\hotspot\share\interpreter\linkResolver.cpp, line 766]
Event: 10.859 Thread 0x0000021bc199e4f0 Implicit null exception at 0x0000021bd0de862a to 0x0000021bd0de86c3
Event: 10.884 Thread 0x0000021be6d88750 Exception <a 'java/lang/NoSuchMethodError'{0x000000070fb788e8}: 'void java.lang.invoke.DirectMethodHandle$Holder.invokeStatic(java.lang.Object, java.lang.Object, java.lang.Object, java.lang.Object)'> (0x000000070fb788e8) 
thrown [t:\workspace\open\src\hotspot\share\interpreter\linkResolver.cpp, line 766]

VM Operations (20 events):
Event: 9.246 Executing VM operation: HandshakeAllThreads
Event: 9.246 Executing VM operation: HandshakeAllThreads done
Event: 9.266 Executing VM operation: HandshakeAllThreads
Event: 9.266 Executing VM operation: HandshakeAllThreads done
Event: 9.333 Executing VM operation: HandshakeAllThreads
Event: 9.333 Executing VM operation: HandshakeAllThreads done
Event: 10.175 Executing VM operation: ICBufferFull
Event: 10.175 Executing VM operation: ICBufferFull done
Event: 11.186 Executing VM operation: Cleanup
Event: 11.186 Executing VM operation: Cleanup done
Event: 11.264 Executing VM operation: G1CollectForAllocation
Event: 11.283 Executing VM operation: G1CollectForAllocation done
Event: 12.072 Executing VM operation: G1CollectForAllocation
Event: 12.086 Executing VM operation: G1CollectForAllocation done
Event: 12.958 Executing VM operation: G1CollectForAllocation
Event: 12.961 Executing VM operation: G1CollectForAllocation done
Event: 13.963 Executing VM operation: Cleanup
Event: 14.003 Executing VM operation: Cleanup done
Event: 14.164 Executing VM operation: G1CollectForAllocation
Event: 14.178 Executing VM operation: G1CollectForAllocation done

Events (20 events):
Event: 12.225 Thread 0x0000021b8e00d510 Thread added: 0x0000021b8e00d510
Event: 12.225 Thread 0x0000021b8e00e440 Thread added: 0x0000021b8e00e440
Event: 12.225 Thread 0x0000021b8e00caf0 Thread added: 0x0000021b8e00caf0
Event: 12.238 Thread 0x0000021b8e00d000 Thread added: 0x0000021b8e00d000
Event: 12.268 Thread 0x0000021b8e00e950 Thread added: 0x0000021b8e00e950
Event: 12.520 Thread 0x0000021b8e00d000 Thread exited: 0x0000021b8e00d000
Event: 12.620 Thread 0x0000021b8e00caf0 Thread exited: 0x0000021b8e00caf0
Event: 12.620 Thread 0x0000021b8e00e440 Thread exited: 0x0000021b8e00e440
Event: 12.647 Thread 0x0000021b8e00d510 Thread exited: 0x0000021b8e00d510
Event: 13.276 Thread 0x0000021b8e00b6b0 Thread added: 0x0000021b8e00b6b0
Event: 13.280 Thread 0x0000021b8e00d510 Thread added: 0x0000021b8e00d510
Event: 13.281 Thread 0x0000021b8e00caf0 Thread added: 0x0000021b8e00caf0
Event: 13.569 Thread 0x0000021b8e00caf0 Thread exited: 0x0000021b8e00caf0
Event: 13.603 Thread 0x0000021b8e00d510 Thread exited: 0x0000021b8e00d510
Event: 13.603 Thread 0x0000021b8e00b6b0 Thread exited: 0x0000021b8e00b6b0
Event: 13.866 Thread 0x0000021b8e00e950 Thread exited: 0x0000021b8e00e950
Event: 13.883 Thread 0x0000021be593a7b0 Thread exited: 0x0000021be593a7b0
Event: 14.320 Thread 0x0000021b8e00caf0 Thread added: 0x0000021b8e00caf0
Event: 14.327 Thread 0x0000021b8e00c0d0 Thread added: 0x0000021b8e00c0d0
Event: 14.327 Thread 0x0000021b8e00b6b0 Thread added: 0x0000021b8e00b6b0


Dynamic libraries:
0x00007ff776ae0000 - 0x00007ff776af0000 	C:\Program Files\Java\jdk-17.0.1\bin\java.exe
0x00007ffa1bb10000 - 0x00007ffa1bd26000 	C:\WINDOWS\SYSTEM32\ntdll.dll
0x00007ffa1a630000 - 0x00007ffa1a6f4000 	C:\WINDOWS\System32\KERNEL32.DLL
0x00007ffa18e30000 - 0x00007ffa191d7000 	C:\WINDOWS\System32\KERNELBASE.dll
0x00007ffa19590000 - 0x00007ffa196a1000 	C:\WINDOWS\System32\ucrtbase.dll
0x00007ff9ef340000 - 0x00007ff9ef35a000 	C:\Program Files\Java\jdk-17.0.1\bin\VCRUNTIME140.dll
0x00007ff9edc50000 - 0x00007ff9edc68000 	C:\Program Files\Java\jdk-17.0.1\bin\jli.dll
0x00007ffa1a390000 - 0x00007ffa1a442000 	C:\WINDOWS\System32\ADVAPI32.dll
0x00007ffa19aa0000 - 0x00007ffa19b47000 	C:\WINDOWS\System32\msvcrt.dll
0x00007ffa19b50000 - 0x00007ffa19bf8000 	C:\WINDOWS\System32\sechost.dll
0x00007ffa193f0000 - 0x00007ffa19418000 	C:\WINDOWS\System32\bcrypt.dll
0x00007ffa198b0000 - 0x00007ffa199c5000 	C:\WINDOWS\System32\RPCRT4.dll
0x00007ffa1b590000 - 0x00007ffa1b73e000 	C:\WINDOWS\System32\USER32.dll
0x00007ffa0ef50000 - 0x00007ffa0f1e3000 	C:\WINDOWS\WinSxS\amd64_microsoft.windows.common-controls_6595b64144ccf1df_6.0.22621.3235_none_270f74e173860f98\COMCTL32.dll
0x00007ffa19750000 - 0x00007ffa19776000 	C:\WINDOWS\System32\win32u.dll
0x00007ffa1a930000 - 0x00007ffa1a959000 	C:\WINDOWS\System32\GDI32.dll
0x00007ffa191e0000 - 0x00007ffa192f9000 	C:\WINDOWS\System32\gdi32full.dll
0x00007ffa196b0000 - 0x00007ffa1974a000 	C:\WINDOWS\System32\msvcp_win.dll
0x00007ffa0fac0000 - 0x00007ffa0faca000 	C:\WINDOWS\SYSTEM32\VERSION.dll
0x00007ffa19a60000 - 0x00007ffa19a91000 	C:\WINDOWS\System32\IMM32.DLL
0x00007ffa0fd30000 - 0x00007ffa0fd3c000 	C:\Program Files\Java\jdk-17.0.1\bin\vcruntime140_1.dll
0x00007ff9cd080000 - 0x00007ff9cd10d000 	C:\Program Files\Java\jdk-17.0.1\bin\msvcp140.dll
0x00007ff9cc4c0000 - 0x00007ff9cd07e000 	C:\Program Files\Java\jdk-17.0.1\bin\server\jvm.dll
0x00007ffa1a450000 - 0x00007ffa1a458000 	C:\WINDOWS\System32\PSAPI.DLL
0x00007ffa02960000 - 0x00007ffa02969000 	C:\WINDOWS\SYSTEM32\WSOCK32.dll
0x00007ffa0e080000 - 0x00007ffa0e0b4000 	C:\WINDOWS\SYSTEM32\WINMM.dll
0x00007ffa1a720000 - 0x00007ffa1a791000 	C:\WINDOWS\System32\WS2_32.dll
0x00007ffa17f10000 - 0x00007ffa17f28000 	C:\WINDOWS\SYSTEM32\kernel.appcore.dll
0x00007ff9ffd70000 - 0x00007ff9ffd7a000 	C:\Program Files\Java\jdk-17.0.1\bin\jimage.dll
0x00007ffa16690000 - 0x00007ffa168c3000 	C:\WINDOWS\SYSTEM32\DBGHELP.DLL
0x00007ffa1b740000 - 0x00007ffa1bac8000 	C:\WINDOWS\System32\combase.dll
0x00007ffa1a7a0000 - 0x00007ffa1a877000 	C:\WINDOWS\System32\OLEAUT32.dll
0x00007ffa0b8a0000 - 0x00007ffa0b8d2000 	C:\WINDOWS\SYSTEM32\dbgcore.DLL
0x00007ffa19370000 - 0x00007ffa193e9000 	C:\WINDOWS\System32\bcryptPrimitives.dll
0x00007ffa15ba0000 - 0x00007ffa15bae000 	C:\Program Files\Java\jdk-17.0.1\bin\instrument.dll
0x00007ff9cc490000 - 0x00007ff9cc4b5000 	C:\Program Files\Java\jdk-17.0.1\bin\java.dll
0x00007ff9cc3b0000 - 0x00007ff9cc486000 	C:\Program Files\Java\jdk-17.0.1\bin\svml.dll
0x00007ffa1aaf0000 - 0x00007ffa1b34c000 	C:\WINDOWS\System32\SHELL32.dll
0x00007ffa16d80000 - 0x00007ffa17679000 	C:\WINDOWS\SYSTEM32\windows.storage.dll
0x00007ffa16c30000 - 0x00007ffa16d6e000 	C:\WINDOWS\SYSTEM32\wintypes.dll
0x00007ffa1a180000 - 0x00007ffa1a273000 	C:\WINDOWS\System32\SHCORE.dll
0x00007ffa1a880000 - 0x00007ffa1a8de000 	C:\WINDOWS\System32\shlwapi.dll
0x00007ffa18d60000 - 0x00007ffa18d81000 	C:\WINDOWS\SYSTEM32\profapi.dll
0x00007ff9e8b40000 - 0x00007ff9e8b58000 	C:\Program Files\Java\jdk-17.0.1\bin\zip.dll
0x00007ff9ebdf0000 - 0x00007ff9ebe09000 	C:\Program Files\Java\jdk-17.0.1\bin\net.dll
0x00007ffa12800000 - 0x00007ffa12936000 	C:\WINDOWS\SYSTEM32\WINHTTP.dll
0x00007ffa183e0000 - 0x00007ffa18449000 	C:\WINDOWS\system32\mswsock.dll
0x00007ff9e9ed0000 - 0x00007ff9e9ee5000 	C:\Program Files\Java\jdk-17.0.1\bin\nio.dll
0x00007ffa127e0000 - 0x00007ffa127fa000 	C:\Program Files\JetBrains\IntelliJ IDEA Community Edition 2023.3.6\bin\breakgen64.dll
0x00007ffa02d70000 - 0x00007ffa02dea000 	C:\Users\sampw\AppData\Local\Temp\lwjgl_sampw\3.3.2+13\x64\lwjgl.dll
0x00007ff9c14e0000 - 0x00007ff9c1750000 	C:\Users\sampw\AppData\Local\Temp\lwjgl_sampw\3.3.2+13\x64\jemalloc.dll
0x00007ffa0fc40000 - 0x00007ffa0fc50000 	C:\Program Files\Java\jdk-17.0.1\bin\verify.dll
0x00007ff9cc220000 - 0x00007ff9cc3af000 	C:\Program Files\Java\jdk-17.0.1\bin\awt.dll
0x00007ffa15a10000 - 0x00007ffa15aa7000 	C:\WINDOWS\SYSTEM32\apphelp.dll
0x00007ffa16000000 - 0x00007ffa1602b000 	C:\WINDOWS\system32\DWMAPI.DLL
0x00007ffa15d80000 - 0x00007ffa15e2b000 	C:\WINDOWS\system32\uxtheme.dll
0x00007ff9d29f0000 - 0x00007ff9d2af0000 	C:\WINDOWS\system32\opengl32.dll
0x00007ff9fd6a0000 - 0x00007ff9fd6cd000 	C:\WINDOWS\SYSTEM32\GLU32.dll
0x00007ffa160c0000 - 0x00007ffa160f9000 	C:\WINDOWS\SYSTEM32\dxcore.dll
0x00007ffa1a960000 - 0x00007ffa1aab3000 	C:\WINDOWS\System32\MSCTF.dll
0x00007ffa1b3e0000 - 0x00007ffa1b585000 	C:\WINDOWS\System32\ole32.dll
0x00007ff9e8020000 - 0x00007ff9e81c9000 	C:\WINDOWS\system32\d3d9.dll
0x00007ffa0e0c0000 - 0x00007ffa0e27a000 	C:\WINDOWS\System32\DriverStore\FileRepository\u0381040.inf_amd64_4455b7391a60ce8d\B380794\aticfx64.dll
0x00007ff9d0e90000 - 0x00007ff9d0ec4000 	C:\WINDOWS\System32\DriverStore\FileRepository\u0381040.inf_amd64_4455b7391a60ce8d\B380794\atiu9p64.dll
0x00007ff9d0130000 - 0x00007ff9d0e86000 	C:\WINDOWS\System32\DriverStore\FileRepository\u0381040.inf_amd64_4455b7391a60ce8d\B380794\atiumd64.dll
0x0000000061df0000 - 0x0000000062caf000 	C:\WINDOWS\System32\DriverStore\FileRepository\u0381040.inf_amd64_4455b7391a60ce8d\B380794\atiumd6a.dll
0x00007ffa19c00000 - 0x00007ffa1a074000 	C:\WINDOWS\System32\SETUPAPI.dll
0x00007ffa17cc0000 - 0x00007ffa17d0d000 	C:\WINDOWS\SYSTEM32\POWRPROF.dll
0x00007ffa17ca0000 - 0x00007ffa17cb3000 	C:\WINDOWS\SYSTEM32\UMPDC.dll
0x00007ffa0bb90000 - 0x00007ffa0bbc0000 	C:\WINDOWS\SYSTEM32\amdihk64.dll
0x00007ffa11be0000 - 0x00007ffa11c2a000 	C:\WINDOWS\SYSTEM32\directxdatabasehelper.dll
0x00007ff9cbb10000 - 0x00007ff9cbb99000 	C:\Program Files\Java\jdk-17.0.1\bin\freetype.dll
0x00007ff9cba60000 - 0x00007ff9cbb08000 	C:\Program Files\Java\jdk-17.0.1\bin\fontmanager.dll
0x00007ffa1a280000 - 0x00007ffa1a330000 	C:\WINDOWS\System32\clbcatq.dll
0x00007ffa139b0000 - 0x00007ffa13b60000 	C:\WINDOWS\SYSTEM32\WindowsCodecs.dll
0x00007ff9ea470000 - 0x00007ff9ea4f2000 	C:\Users\sampw\AppData\Local\Temp\lwjgl_sampw\3.3.2+13\x64\glfw.dll
0x00007ff9f20c0000 - 0x00007ff9f211e000 	C:\WINDOWS\system32\dataexchange.dll
0x00007ffa02b90000 - 0x00007ffa02bd6000 	C:\WINDOWS\SYSTEM32\dinput8.dll
0x00007ffa0f3c0000 - 0x00007ffa0f64e000 	C:\WINDOWS\system32\twinapi.appcore.dll
0x00007ffa0eda0000 - 0x00007ffa0edb1000 	C:\WINDOWS\SYSTEM32\xinput1_4.dll
0x00007ffa18af0000 - 0x00007ffa18b3e000 	C:\WINDOWS\SYSTEM32\cfgmgr32.dll
0x00007ffa18b40000 - 0x00007ffa18b6c000 	C:\WINDOWS\SYSTEM32\DEVOBJ.dll
0x00007ff9f9f20000 - 0x00007ff9fa12a000 	C:\WINDOWS\SYSTEM32\inputhost.dll
0x00007ffa14e30000 - 0x00007ffa14f64000 	C:\WINDOWS\SYSTEM32\CoreMessaging.dll
0x00007ffa18630000 - 0x00007ffa1863c000 	C:\WINDOWS\SYSTEM32\CRYPTBASE.DLL
0x00007ffa119b0000 - 0x00007ffa11ae7000 	C:\Windows\System32\AppXDeploymentClient.dll
0x00007ffa0fcc0000 - 0x00007ffa0fcec000 	C:\WINDOWS\System32\DriverStore\FileRepository\u0381040.inf_amd64_4455b7391a60ce8d\B380794\atig6pxx.dll
0x00007ff9afe80000 - 0x00007ff9b2ce0000 	C:\WINDOWS\System32\DriverStore\FileRepository\u0381040.inf_amd64_4455b7391a60ce8d\B380794\atio6axx.dll
0x00007ff9d6140000 - 0x00007ff9d6165000 	C:\WINDOWS\SYSTEM32\dxva2.dll
0x00007ffa02fa0000 - 0x00007ffa02fdf000 	C:\WINDOWS\System32\DriverStore\FileRepository\u0381040.inf_amd64_4455b7391a60ce8d\B380794\atig6txx.dll
0x00007ff9b5400000 - 0x00007ff9b55d0000 	C:\WINDOWS\SYSTEM32\atiadlxx.dll
0x00007ff9b53b0000 - 0x00007ff9b5400000 	C:\WINDOWS\SYSTEM32\pdh.dll
0x00007ffa168e0000 - 0x00007ffa169e1000 	C:\WINDOWS\SYSTEM32\PROPSYS.dll
0x00007ffa19300000 - 0x00007ffa1936b000 	C:\WINDOWS\System32\WINTRUST.dll
0x00007ffa19420000 - 0x00007ffa19586000 	C:\WINDOWS\System32\CRYPT32.dll
0x00007ffa18690000 - 0x00007ffa186a2000 	C:\WINDOWS\SYSTEM32\MSASN1.dll
0x00007ffa0f8b0000 - 0x00007ffa0f9fa000 	C:\WINDOWS\SYSTEM32\textinputframework.dll
0x00007ff9f4570000 - 0x00007ff9f45d9000 	C:\WINDOWS\system32\Oleacc.dll
0x00007ffa043a0000 - 0x00007ffa043eb000 	C:\WINDOWS\system32\ApplicationTargetedFeatureDatabase.dll
0x00007ffa11200000 - 0x00007ffa1156c000 	C:\WINDOWS\SYSTEM32\CoreUIComponents.dll
0x00007ff9ea410000 - 0x00007ff9ea46e000 	C:\Users\sampw\AppData\Local\Temp\lwjgl_sampw\3.3.2+13\x64\lwjgl_opengl.dll
0x00007ff9ea390000 - 0x00007ff9ea403000 	C:\Users\sampw\AppData\Local\Temp\lwjgl_sampw\3.3.2+13\x64\lwjgl_nuklear.dll
0x00007ff9e4a80000 - 0x00007ff9e4b02000 	C:\Users\sampw\AppData\Local\Temp\lwjgl_sampw\3.3.2+13\x64\lwjgl_stb.dll
0x00007ff9b6e50000 - 0x00007ff9b6e67000 	C:\WINDOWS\system32\napinsp.dll
0x00007ff9b6e30000 - 0x00007ff9b6e4b000 	C:\WINDOWS\system32\pnrpnsp.dll
0x00007ffa17970000 - 0x00007ffa17a69000 	C:\WINDOWS\SYSTEM32\DNSAPI.dll
0x00007ffa17940000 - 0x00007ffa1796d000 	C:\WINDOWS\SYSTEM32\IPHLPAPI.DLL
0x00007ffa1b3d0000 - 0x00007ffa1b3d9000 	C:\WINDOWS\System32\NSI.dll
0x00007ff9b6e10000 - 0x00007ff9b6e21000 	C:\WINDOWS\System32\winrnr.dll
0x00007ffa10280000 - 0x00007ffa10295000 	C:\WINDOWS\system32\wshbth.dll
0x00007ff9b6de0000 - 0x00007ff9b6e01000 	C:\WINDOWS\system32\nlansp_c.dll
0x00007ffa11980000 - 0x00007ffa1198a000 	C:\Windows\System32\rasadhlp.dll
0x00007ffa11170000 - 0x00007ffa111f3000 	C:\WINDOWS\System32\fwpuclnt.dll

dbghelp: loaded successfully - version: 4.0.5 - missing functions: none
symbol engine: initialized successfully - sym options: 0x614 - pdb path: .;C:\Program Files\Java\jdk-17.0.1\bin;C:\WINDOWS\SYSTEM32;C:\WINDOWS\WinSxS\amd64_microsoft.windows.common-controls_6595b64144ccf1df_6.0.22621.3235_none_270f74e173860f98;C:\Program Files\Java\jdk-17.0.1\bin\server;C:\Program Files\JetBrains\IntelliJ IDEA Community Edition 2023.3.6\bin;C:\Users\sampw\AppData\Local\Temp\lwjgl_sampw\3.3.2+13\x64;C:\WINDOWS\System32\DriverStore\FileRepository\u0381040.inf_amd64_4455b7391a60ce8d\B380794

VM Arguments:
jvm_args: -javaagent:C:\Program Files\JetBrains\IntelliJ IDEA Community Edition 2023.3.6\lib\idea_rt.jar=60524:C:\Program Files\JetBrains\IntelliJ IDEA Community Edition 2023.3.6\bin -Dfile.encoding=UTF-8 
java_command: com.xbuilders.game.Main devmode
java_class_path (initial): C:\Users\sampw\OneDrive\Documents\NetBeansProjects\Xbuilders3\target\classes;C:\Users\sampw\.m2\repository\com\google\code\gson\gson\2.10.1\gson-2.10.1.jar;C:\Users\sampw\.m2\repository\org\lwjgl\lwjgl\3.3.2\lwjgl-3.3.2.jar;C:\Users\sampw\.m2\repository\org\lwjgl\lwjgl-assimp\3.3.2\lwjgl-assimp-3.3.2.jar;C:\Users\sampw\.m2\repository\org\lwjgl\lwjgl-bgfx\3.3.2\lwjgl-bgfx-3.3.2.jar;C:\Users\sampw\.m2\repository\org\lwjgl\lwjgl-cuda\3.3.2\lwjgl-cuda-3.3.2.jar;C:\Users\sampw\.m2\repository\org\lwjgl\lwjgl-egl\3.3.2\lwjgl-egl-3.3.2.jar;C:\Users\sampw\.m2\repository\org\lwjgl\lwjgl-fmod\3.3.2\lwjgl-fmod-3.3.2.jar;C:\Users\sampw\.m2\repository\org\lwjgl\lwjgl-freetype\3.3.2\lwjgl-freetype-3.3.2.jar;C:\Users\sampw\.m2\repository\org\lwjgl\lwjgl-glfw\3.3.2\lwjgl-glfw-3.3.2.jar;C:\Users\sampw\.m2\repository\org\lwjgl\lwjgl-harfbuzz\3.3.2\lwjgl-harfbuzz-3.3.2.jar;C:\Users\sampw\.m2\repository\org\lwjgl\lwjgl-hwloc\3.3.2\lwjgl-hwloc-3.3.2.jar;C:\Users\sampw\.m2\repository\org\lwjgl\lwjgl-jawt\3.3.2\lwjgl-jawt-3.3.2.jar;C:\Users\sampw\.m2\repository\org\lwjgl\lwjgl-jemalloc\3.3.2\lwjgl-jemalloc-3.3.2.jar;C:\Users\sampw\.m2\repository\org\lwjgl\lwjgl-ktx\3.3.2\lwjgl-ktx-3.3.2.jar;C:\Users\sampw\.m2\repository\org\lwjgl\lwjgl-libdivide\3.3.2\lwjgl-libdivide-3.3.2.jar;C:\Users\sampw\.m2\repository\org\lwjgl\lwjgl-llvm\3.3.2\lwjgl-llvm-3.3.2.jar;C:\Users\sampw\.m2\repository\org\lwjgl\lwjgl-lmdb\3.3.2\lwjgl-lmdb-3.3.2.jar;C:\Users\sampw\.m2\repository\org\lwjgl\lwjgl-lz4\3.3.2\lwjgl-lz4-3.3.2.jar;C:\Users\sampw\.m2\repository\org\lwjgl\lwjgl-meow\3.3.2\lwjgl-meow-3.3.2.jar;C:\Users\sampw\.m2\repository\org\lwjgl\lwjgl-meshoptimizer\3.3.2\lwjgl-meshoptimizer-3.3.2.jar;C:\Users\sampw\.m2\repository\org\lwjgl\lwjgl-nanovg\3.3.2\lwjgl-nanovg-3.3.2.jar;C:\Users\sampw\.m2\repository\org\lwjgl\lwjgl-nfd\3.3.2\lwjgl-nfd-3.3.2.jar;C:\Users\sampw\.m2\repository\org\lwjgl\lwjgl-nuklear\3.3.2\lwjgl-nuklear-3.3.2.jar;C:\Users\sampw\.m2\repository\org\lwjgl\lwjgl-odb
Launcher Type: SUN_STANDARD

[Global flags]
     intx CICompilerCount                          = 12                                        {product} {ergonomic}
     uint ConcGCThreads                            = 3                                         {product} {ergonomic}
     uint G1ConcRefinementThreads                  = 13                                        {product} {ergonomic}
   size_t G1HeapRegionSize                         = 2097152                                   {product} {ergonomic}
    uintx GCDrainStackTargetSize                   = 64                                        {product} {ergonomic}
   size_t InitialHeapSize                          = 257949696                                 {product} {ergonomic}
   size_t MarkStackSize                            = 4194304                                   {product} {ergonomic}
   size_t MaxHeapSize                              = 4114612224                                {product} {ergonomic}
   size_t MaxNewSize                               = 2468347904                                {product} {ergonomic}
   size_t MinHeapDeltaBytes                        = 2097152                                   {product} {ergonomic}
   size_t MinHeapSize                              = 8388608                                   {product} {ergonomic}
    uintx NonNMethodCodeHeapSize                   = 7602480                                {pd product} {ergonomic}
    uintx NonProfiledCodeHeapSize                  = 122027880                              {pd product} {ergonomic}
    uintx ProfiledCodeHeapSize                     = 122027880                              {pd product} {ergonomic}
    uintx ReservedCodeCacheSize                    = 251658240                              {pd product} {ergonomic}
     bool SegmentedCodeCache                       = true                                      {product} {ergonomic}
   size_t SoftMaxHeapSize                          = 4114612224                             {manageable} {ergonomic}
     bool UseCompressedClassPointers               = true                           {product lp64_product} {ergonomic}
     bool UseCompressedOops                        = true                           {product lp64_product} {ergonomic}
     bool UseG1GC                                  = true                                      {product} {ergonomic}
     bool UseLargePagesIndividualAllocation        = false                                  {pd product} {ergonomic}

Logging:
Log output configuration:
 #0: stdout all=warning uptime,level,tags
 #1: stderr all=off uptime,level,tags

Environment Variables:
JAVA_HOME=C:\Program Files\Java\jdk-17.0.1
PATH=C:\Program Files\Common Files\Oracle\Java\javapath;C:\WINDOWS\system32;C:\WINDOWS;C:\WINDOWS\System32\Wbem;C:\WINDOWS\System32\WindowsPowerShell\v1.0\;C:\WINDOWS\System32\OpenSSH\;C:\Program Files\PuTTY\;C:\Program Files\nodejs\;C:\Program Files\Java\jdk-16.0.1\bin;C:\Program Files\Apache Software Foundation\apache-maven-3.8.1\bin;C:\Program Files\Git\cmd;C:\Program Files\dotnet\;C:\Program Files (x86)\Windows Kits\10\Windows Performance Toolkit\;C:\Users\sampw\AppData\Local\Microsoft\WindowsApps;C:\Users\sampw\AppData\Local\GitHubDesktop\bin;C:\Users\sampw\AppData\Local\Programs\Microsoft VS Code\bin;C:\Users\sampw\AppData\Roaming\npm;C:\Program Files (x86)\mingw-w64\i686-8.1.0-posix-dwarf-rt_v6-rev0\mingw32\bin;C:\Users\sampw\anaconda3;C:\Program Files\heroku\bin;C:\Programs\Program Downloads\ffmpeg-N-102431-gf140239777-win64-gpl-shared\bin;C:\Users\sampw\AppData\Local\Packages\PythonSoftwareFoundation.Python.3.9_qbz5n2kfra8p0\LocalCache\local-packages\Python39\Scripts;C:\Programs\apache-ant-1.10.13\bin;C:\Program Files\Microsoft Visual Studio\2022\Community\Common7\IDE\CommonExtensions\Microsoft\CMake\CMake\bin\;;C:\Program Files\JetBrains\IntelliJ IDEA Community Edition 2023.3.2\bin;
USERNAME=sampw
OS=Windows_NT
PROCESSOR_IDENTIFIER=AMD64 Family 23 Model 104 Stepping 1, AuthenticAMD



---------------  S Y S T E M  ---------------

OS:
 Windows 10 , 64 bit Build 22621 (10.0.22621.3374)
OS uptime: 2 days 22:51 hours
Hyper-V role detected

CPU: total 16 (initial active 16) (16 cores per cpu, 2 threads per core) family 23 model 104 stepping 1 microcode 0x0, cx8, cmov, fxsr, ht, mmx, 3dnowpref, sse, sse2, sse3, ssse3, sse4a, sse4.1, sse4.2, popcnt, lzcnt, tsc, tscinvbit, avx, avx2, aes, clmul, bmi1, bmi2, adx, sha, fma, vzeroupper, clflush, clflushopt, hv

Memory: 4k page, system-wide physical 15695M (3578M free)
TotalPageFile size 31391M (AvailPageFile size 12018M)
current process WorkingSet (physical memory assigned to process): 574M, peak: 617M
current process commit charge ("private bytes"): 813M, peak: 948M

vm_info: Java HotSpot(TM) 64-Bit Server VM (17.0.1+12-LTS-39) for windows-amd64 JRE (17.0.1+12-LTS-39), built on Sep 27 2021 18:41:35 by "mach5one" with MS VC++ 16.8 (VS2019)

END.
