#
# A fatal error has been detected by the Java Runtime Environment:
#
#  EXCEPTION_ACCESS_VIOLATION (0xc0000005) at pc=0x00007ffa45a7cbad, pid=9288, tid=20536
#
# JRE version: OpenJDK Runtime Environment Corretto-17.0.11.9.1 (17.0.11+9) (build 17.0.11+9-LTS)
# Java VM: OpenJDK 64-Bit Server VM Corretto-17.0.11.9.1 (17.0.11+9-LTS, mixed mode, sharing, tiered, compressed oops, compressed class ptrs, g1 gc, windows-amd64)
# Problematic frame:
# C  [lwjgl_nuklear.dll+0x1cbad]
#
# No core dump will be written. Minidumps are not enabled by default on client versions of Windows
#
# If you would like to submit a bug report, please visit:
#   https://github.com/corretto/corretto-17/issues/
# The crash happened outside the Java Virtual Machine in native code.
# See problematic frame for where to report the bug.
#

---------------  S U M M A R Y ------------

Command Line: -javaagent:C:\Program Files\JetBrains\IntelliJ IDEA Community Edition 2024.1\lib\idea_rt.jar=64804:C:\Program Files\JetBrains\IntelliJ IDEA Community Edition 2024.1\bin -Dfile.encoding=UTF-8 com.xbuilders.Main devmode name=DEV

Host: Intel(R) Core(TM) i5-3570K CPU @ 3.40GHz, 4 cores, 15G,  Windows 10 , 64 bit Build 19041 (10.0.19041.4717)
Time: Sat Feb 22 15:26:04 2025 Mountain Standard Time elapsed time: 18.065499 seconds (0d 0h 0m 18s)

---------------  T H R E A D  ---------------

Current thread (0x000002d5277780e0):  JavaThread "main" [_thread_in_native, id=20536, stack(0x000000fc4f400000,0x000000fc4f500000)]

Stack: [0x000000fc4f400000,0x000000fc4f500000],  sp=0x000000fc4f4feba0,  free space=1018k
Native frames: (J=compiled Java code, j=interpreted, Vv=VM code, C=native code)
C  [lwjgl_nuklear.dll+0x1cbad]

Java frames: (J=compiled Java code, j=interpreted, Vv=VM code)
j  org.lwjgl.nuklear.Nuklear.nnk_group_end(J)V+0
j  org.lwjgl.nuklear.Nuklear.nk_group_end(Lorg/lwjgl/nuklear/NkContext;)V+4
j  com.xbuilders.content.vanilla.ui.UI_RecipeIndex.drawWindow(Lorg/lwjgl/system/MemoryStack;Lorg/lwjgl/nuklear/NkRect;)V+266
j  com.xbuilders.engine.client.visuals.gameScene.items.UI_ItemWindow.draw(Lorg/lwjgl/system/MemoryStack;)V+157
j  com.xbuilders.content.vanilla.ui.GameMenus.draw(Lorg/lwjgl/system/MemoryStack;)Z+38
j  com.xbuilders.content.vanilla.XbuildersGame.uiDraw(Lorg/lwjgl/system/MemoryStack;)Z+5
j  com.xbuilders.engine.client.visuals.gameScene.GameUI.draw()V+101
j  com.xbuilders.engine.client.visuals.gameScene.GameScene.render()V+197
j  com.xbuilders.engine.client.ClientWindow.render()V+15
j  com.xbuilders.engine.client.ClientWindow.<init>([Ljava/lang/String;)V+316
j  com.xbuilders.Main.main([Ljava/lang/String;)V+5
v  ~StubRoutines::call_stub

siginfo: EXCEPTION_ACCESS_VIOLATION (0xc0000005), reading address 0x0000000000000044


Registers:
RAX=0x000000fc4f4febd0, RBX=0x000002d5901c2f80, RCX=0x0000000000000000, RDX=0x0000000000000010
RSP=0x000000fc4f4feba0, RBP=0x000000fc4f4feca0, RSI=0x000002d597a30810, RDI=0x000002d597a30410
R8 =0x00000000000000c8, R9 =0x00000000000000e0, R10=0x00007ffa45a60000, R11=0x00007ffa45a9c511
R12=0x0000000000000000, R13=0x000002d58c041c90, R14=0x000002d597a30878, R15=0x0000000000000000
RIP=0x00007ffa45a7cbad, EFLAGS=0x0000000000010202


Register to memory mapping:

RIP=0x00007ffa45a7cbad lwjgl_nuklear.dll
RAX=0x000000fc4f4febd0 is pointing into the stack for thread: 0x000002d5277780e0
RBX=0x000002d5901c2f80 points into unknown readable memory: 0x0000000000000000 | 00 00 00 00 00 00 00 00
RCX=0x0 is NULL
RDX=0x0000000000000010 is an unknown value
RSP=0x000000fc4f4feba0 is pointing into the stack for thread: 0x000002d5277780e0
RBP=0x000000fc4f4feca0 is pointing into the stack for thread: 0x000002d5277780e0
RSI=0x000002d597a30810 points into unknown readable memory: 0x584c6549000001a8 | a8 01 00 00 49 65 4c 58
RDI=0x000002d597a30410 points into unknown readable memory: 0x0000046800000001 | 01 00 00 00 68 04 00 00
R8 =0x00000000000000c8 is an unknown value
R9 =0x00000000000000e0 is an unknown value
R10=0x00007ffa45a60000 lwjgl_nuklear.dll
R11=0x00007ffa45a9c511 lwjgl_nuklear.dll
R12=0x0 is NULL
R13={method} {0x000002d58c041c98} 'nnk_group_end' '(J)V' in 'org/lwjgl/nuklear/Nuklear'
R14=0x000002d597a30878 points into unknown readable memory: 0x000002d5901c52b0 | b0 52 1c 90 d5 02 00 00
R15=0x0 is NULL


Top of Stack: (sp=0x000000fc4f4feba0)
0x000000fc4f4feba0:   000002d58c638c58 000000fc00000004
0x000000fc4f4febb0:   000002d5277780e0 000000fc4f4fec18
0x000000fc4f4febc0:   000002d58c0a0000 0000000000000000
0x000000fc4f4febd0:   0000000000000000 0000000000000000
0x000000fc4f4febe0:   0000000000000000 0000000000000000
0x000000fc4f4febf0:   0000000000000000 0000000000000000
0x000000fc4f4fec00:   0000000000000000 0000000000000000
0x000000fc4f4fec10:   0000000000000000 4311000000000468
0x000000fc4f4fec20:   441d800042b40000 0000000044070000
0x000000fc4f4fec30:   0000000000000000 000002d5901c52b0
0x000000fc4f4fec40:   42e8000043150000 44008000441b8000
0x000000fc4f4fec50:   0000000000000001 0000000000000000
0x000000fc4f4fec60:   0000000000000000 0000000000000490
0x000000fc4f4fec70:   0000000000000470 000002d597a30410
0x000000fc4f4fec80:   0000000000000000 0000000000000000
0x000000fc4f4fec90:   0000000000000000 0000000000000000
0x000000fc4f4feca0:   0000000000000000 0000000000000000
0x000000fc4f4fecb0:   0000000000000000 0000000000000000
0x000000fc4f4fecc0:   0000000000000000 0000000000000000
0x000000fc4f4fecd0:   0000000000000000 0000000000000000
0x000000fc4f4fece0:   0000000000000000 0000000000000000
0x000000fc4f4fecf0:   0000000000000000 0000000000000000
0x000000fc4f4fed00:   0000000000000000 0000000000000000
0x000000fc4f4fed10:   0000000000000000 0000000000000000
0x000000fc4f4fed20:   0000000000000000 0000000000000000
0x000000fc4f4fed30:   0000000000000000 0000000000000000
0x000000fc4f4fed40:   0000000000000000 0000000000000000
0x000000fc4f4fed50:   0000000000000000 0000000000000000
0x000000fc4f4fed60:   0000000000000000 0000000000000000
0x000000fc4f4fed70:   0000000000000000 0000000000000000
0x000000fc4f4fed80:   0000000000000000 0000000000000000
0x000000fc4f4fed90:   0000000000000000 0000000000000000 

Instructions: (pc=0x00007ffa45a7cbad)
0x00007ffa45a7caad:   f3 0f 10 6f 08 f3 0f 5c ee f3 0f 11 6c 24 7c f3
0x00007ffa45a7cabd:   0f 58 5f 10 f3 0f 11 5d 84 f3 0f 10 57 14 f3 0f
0x00007ffa45a7cacd:   58 57 38 f3 0f 58 57 60 f3 0f 11 55 88 f6 47 04
0x00007ffa45a7cadd:   01 74 3f f3 0f 5c 6f 3c f3 0f 11 6c 24 7c f3 0f
0x00007ffa45a7caed:   5c 67 3c f3 0f 11 65 80 f3 0f 10 47 3c f3 0f 58
0x00007ffa45a7cafd:   c0 f3 0f 58 c3 f3 0f 11 45 84 0f 28 d8 f3 0f 10
0x00007ffa45a7cb0d:   4f 3c f3 0f 58 c9 f3 0f 58 ca f3 0f 11 4d 88 0f
0x00007ffa45a7cb1d:   28 d1 f6 47 04 20 75 1a f3 0f 58 9b e4 22 00 00
0x00007ffa45a7cb2d:   f3 0f 58 93 e8 22 00 00 f3 0f 11 5d 84 f3 0f 11
0x00007ffa45a7cb3d:   55 88 48 8b 47 18 4c 8d 76 68 44 0f 28 cd f3 0f
0x00007ffa45a7cb4d:   58 dd f3 0f 58 d4 44 0f 28 d4 8b 08 89 4d 8c 48
0x00007ffa45a7cb5d:   8b 47 20 f3 0f 58 d6 0f 57 f6 8b 08 89 4d 90 8b
0x00007ffa45a7cb6d:   47 04 89 44 24 78 48 8d 44 24 30 41 0f 10 06 0f
0x00007ffa45a7cb7d:   11 45 98 41 0f 10 4e 10 0f 11 4d a8 41 0f 10 46
0x00007ffa45a7cb8d:   20 0f 11 45 b8 41 0f 10 4e 30 48 89 7d d8 48 89
0x00007ffa45a7cb9d:   b5 00 01 00 00 0f 11 4d c8 48 89 83 b8 45 00 00
0x00007ffa45a7cbad:   f3 45 0f 10 47 44 f3 41 0f 10 7f 48 f3 45 0f 5f
0x00007ffa45a7cbbd:   c8 f3 45 0f 58 47 4c f3 44 0f 5f d7 f3 41 0f 58
0x00007ffa45a7cbcd:   7f 50 f3 44 0f 5d c3 f3 0f 5d fa f3 45 0f 5c c1
0x00007ffa45a7cbdd:   f3 41 0f 5c fa 44 0f 2f c6 77 04 45 0f 57 c0 0f
0x00007ffa45a7cbed:   2f fe 77 03 0f 57 ff ba 01 00 00 00 f3 44 0f 11
0x00007ffa45a7cbfd:   4d a0 48 8d 4d 98 f3 44 0f 11 55 a4 f3 44 0f 11
0x00007ffa45a7cc0d:   45 a8 f3 0f 11 7d ac 44 8d 42 1f e8 b3 6f fe ff
0x00007ffa45a7cc1d:   48 8b d0 48 85 c0 74 2c f3 41 0f 2c c9 f3 44 0f
0x00007ffa45a7cc2d:   5f c6 66 89 48 18 f3 0f 5f fe f3 41 0f 2c ca 66
0x00007ffa45a7cc3d:   89 48 1a f3 41 0f 2c c8 66 89 48 1c f3 0f 2c c7
0x00007ffa45a7cc4d:   66 89 42 1e 48 8b 83 b8 45 00 00 48 85 c0 74 43
0x00007ffa45a7cc5d:   48 8b 88 a8 00 00 00 48 85 c9 74 2c 83 39 01 75
0x00007ffa45a7cc6d:   09 f7 40 48 00 20 00 00 75 1e 48 8b cb e8 d1 a9
0x00007ffa45a7cc7d:   ff ff 48 8b 93 b8 45 00 00 48 8b cb 48 8b 92 a8
0x00007ffa45a7cc8d:   00 00 00 e8 9b 95 ff ff 48 c7 83 b8 45 00 00 00
0x00007ffa45a7cc9d:   00 00 00 0f 10 45 98 41 0f 11 06 0f 10 4d a8 41 


Stack slot to memory mapping:
stack at sp + 0 slots: {method} {0x000002d58c638c60} 'drawRecipe' '(Lorg/lwjgl/nuklear/NkContext;I)V' in 'com/xbuilders/engine/client/visuals/RecipeDisplay'
stack at sp + 1 slots: 0x000000fc00000004 is an unknown value
stack at sp + 2 slots: 0x000002d5277780e0 is a thread
stack at sp + 3 slots: 0x000000fc4f4fec18 is pointing into the stack for thread: 0x000002d5277780e0
stack at sp + 4 slots: 0x000002d58c0a0000 is pointing into metadata
stack at sp + 5 slots: 0x0 is NULL
stack at sp + 6 slots: 0x0 is NULL
stack at sp + 7 slots: 0x0 is NULL


---------------  P R O C E S S  ---------------

Threads class SMR info:
_java_thread_list=0x000002d5a63abe30, length=30, elements={
0x000002d5277780e0, 0x000002d549f3c740, 0x000002d549f3dae0, 0x000002d549f498a0,
0x000002d549f4a630, 0x000002d549f4e490, 0x000002d549f4e970, 0x000002d58f107ce0,
0x000002d58f108200, 0x000002d58f108b30, 0x000002d549f25400, 0x000002d58faf2000,
0x000002d58f73a200, 0x000002d58fe43460, 0x000002d58fe467d0, 0x000002d59f8c1820,
0x000002d59f8bf4b0, 0x000002d59f8bf9c0, 0x000002d59f8c0e00, 0x000002d59f8bea90,
0x000002d59f8bfed0, 0x000002d59f8be070, 0x000002d59f8c08f0, 0x000002d59f8c1310,
0x000002d59b8569e0, 0x000002d59b85b0c0, 0x000002d59b857400, 0x000002d59b85a6a0,
0x000002d59b858840, 0x000002d59b856ef0
}

Java Threads: ( => current thread )
=>0x000002d5277780e0 JavaThread "main" [_thread_in_native, id=20536, stack(0x000000fc4f400000,0x000000fc4f500000)]
  0x000002d549f3c740 JavaThread "Reference Handler" daemon [_thread_blocked, id=19728, stack(0x000000fc4fb00000,0x000000fc4fc00000)]
  0x000002d549f3dae0 JavaThread "Finalizer" daemon [_thread_blocked, id=17548, stack(0x000000fc4fc00000,0x000000fc4fd00000)]
  0x000002d549f498a0 JavaThread "Signal Dispatcher" daemon [_thread_blocked, id=3076, stack(0x000000fc4fd00000,0x000000fc4fe00000)]
  0x000002d549f4a630 JavaThread "Attach Listener" daemon [_thread_blocked, id=13304, stack(0x000000fc4fe00000,0x000000fc4ff00000)]
  0x000002d549f4e490 JavaThread "Service Thread" daemon [_thread_blocked, id=13116, stack(0x000000fc4ff00000,0x000000fc50000000)]
  0x000002d549f4e970 JavaThread "Monitor Deflation Thread" daemon [_thread_blocked, id=22508, stack(0x000000fc50000000,0x000000fc50100000)]
  0x000002d58f107ce0 JavaThread "C2 CompilerThread0" daemon [_thread_blocked, id=15964, stack(0x000000fc50100000,0x000000fc50200000)]
  0x000002d58f108200 JavaThread "C1 CompilerThread0" daemon [_thread_blocked, id=25444, stack(0x000000fc50200000,0x000000fc50300000)]
  0x000002d58f108b30 JavaThread "Sweeper thread" daemon [_thread_blocked, id=21364, stack(0x000000fc50300000,0x000000fc50400000)]
  0x000002d549f25400 JavaThread "Common-Cleaner" daemon [_thread_blocked, id=17896, stack(0x000000fc50400000,0x000000fc50500000)]
  0x000002d58faf2000 JavaThread "Monitor Ctrl-Break" daemon [_thread_in_native, id=5064, stack(0x000000fc50600000,0x000000fc50700000)]
  0x000002d58f73a200 JavaThread "Notification Thread" daemon [_thread_blocked, id=17488, stack(0x000000fc50700000,0x000000fc50800000)]
  0x000002d58fe43460 JavaThread "Java2D Disposer" daemon [_thread_blocked, id=14812, stack(0x000000fc50c00000,0x000000fc50d00000)]
  0x000002d58fe467d0 JavaThread "AWT-Windows" daemon [_thread_in_native, id=10044, stack(0x000000fc50e00000,0x000000fc50f00000)]
  0x000002d59f8c1820 JavaThread "Generation Thread" daemon [_thread_blocked, id=2204, stack(0x000000fc50500000,0x000000fc50600000)]
  0x000002d59f8bf4b0 JavaThread "Generation Thread" daemon [_thread_blocked, id=9984, stack(0x000000fc51b00000,0x000000fc51c00000)]
  0x000002d59f8bf9c0 JavaThread "Generation Thread" daemon [_thread_blocked, id=14636, stack(0x000000fc51c00000,0x000000fc51d00000)]
  0x000002d59f8c0e00 JavaThread "Generation Thread" daemon [_thread_blocked, id=10276, stack(0x000000fc51d00000,0x000000fc51e00000)]
  0x000002d59f8bea90 JavaThread "Generation Thread" daemon [_thread_blocked, id=24428, stack(0x000000fc51e00000,0x000000fc51f00000)]
  0x000002d59f8bfed0 JavaThread "Generation Thread" daemon [_thread_blocked, id=1572, stack(0x000000fc51f00000,0x000000fc52000000)]
  0x000002d59f8be070 JavaThread "Generation Thread" daemon [_thread_blocked, id=23268, stack(0x000000fc52000000,0x000000fc52100000)]
  0x000002d59f8c08f0 JavaThread "Generation Thread" daemon [_thread_blocked, id=20400, stack(0x000000fc52100000,0x000000fc52200000)]
  0x000002d59f8c1310 JavaThread "Generation Thread" daemon [_thread_blocked, id=19104, stack(0x000000fc52200000,0x000000fc52300000)]
  0x000002d59b8569e0 JavaThread "Generation Thread" daemon [_thread_blocked, id=10468, stack(0x000000fc52300000,0x000000fc52400000)]
  0x000002d59b85b0c0 JavaThread "Generation Thread" daemon [_thread_blocked, id=22468, stack(0x000000fc52400000,0x000000fc52500000)]
  0x000002d59b857400 JavaThread "Generation Thread" daemon [_thread_blocked, id=3068, stack(0x000000fc52500000,0x000000fc52600000)]
  0x000002d59b85a6a0 JavaThread "Light Thread" daemon [_thread_blocked, id=10192, stack(0x000000fc52700000,0x000000fc52800000)]
  0x000002d59b858840 JavaThread "Mesh Thread" daemon [_thread_blocked, id=22596, stack(0x000000fc52800000,0x000000fc52900000)]
  0x000002d59b856ef0 JavaThread "Timer-0" [_thread_blocked, id=25172, stack(0x000000fc51a00000,0x000000fc51b00000)]

Other Threads:
  0x000002d549f37360 VMThread "VM Thread" [stack: 0x000000fc4fa00000,0x000000fc4fb00000] [id=13296]
  0x000002d58f73a6e0 WatcherThread [stack: 0x000000fc50800000,0x000000fc50900000] [id=11632]
  0x000002d5277e2b30 GCTaskThread "GC Thread#0" [stack: 0x000000fc4f500000,0x000000fc4f600000] [id=15352]
  0x000002d58fbb5b50 GCTaskThread "GC Thread#1" [stack: 0x000000fc50900000,0x000000fc50a00000] [id=11392]
  0x000002d58fbb5e10 GCTaskThread "GC Thread#2" [stack: 0x000000fc50a00000,0x000000fc50b00000] [id=18216]
  0x000002d58fbb60d0 GCTaskThread "GC Thread#3" [stack: 0x000000fc50b00000,0x000000fc50c00000] [id=14176]
  0x000002d5277f48b0 ConcurrentGCThread "G1 Main Marker" [stack: 0x000000fc4f600000,0x000000fc4f700000] [id=22828]
  0x000002d5277f51e0 ConcurrentGCThread "G1 Conc#0" [stack: 0x000000fc4f700000,0x000000fc4f800000] [id=20072]
  0x000002d52781dfc0 ConcurrentGCThread "G1 Refine#0" [stack: 0x000000fc4f800000,0x000000fc4f900000] [id=10104]
  0x000002d52781e900 ConcurrentGCThread "G1 Service" [stack: 0x000000fc4f900000,0x000000fc4fa00000] [id=3132]

Threads with active compile tasks:

VM state: not at safepoint (normal execution)

VM Mutex/Monitor currently owned by a thread: None

Heap address: 0x0000000700e00000, size: 4082 MB, Compressed Oops mode: Zero based, Oop shift amount: 3

CDS archive(s) mapped at: [0x000002d54a000000-0x000002d54abb0000-0x000002d54abb0000), size 12255232, SharedBaseAddress: 0x000002d54a000000, ArchiveRelocationMode: 1.
Compressed class space mapped at: 0x000002d54b000000-0x000002d58b000000, reserved size: 1073741824
Narrow klass base: 0x000002d54a000000, Narrow klass shift: 0, Narrow klass range: 0x100000000

GC Precious Log:
 CPUs: 4 total, 4 available
 Memory: 16327M
 Large Page Support: Disabled
 NUMA Support: Disabled
 Compressed Oops: Enabled (Zero based)
 Heap Region Size: 2M
 Heap Min Capacity: 8M
 Heap Initial Capacity: 256M
 Heap Max Capacity: 4082M
 Pre-touch: Disabled
 Parallel Workers: 4
 Concurrent Workers: 1
 Concurrent Refinement Workers: 4
 Periodic GC: Disabled

Heap:
 garbage-first heap   total 430080K, used 154709K [0x0000000700e00000, 0x0000000800000000)
  region size 2048K, 18 young (36864K), 1 survivors (2048K)
 Metaspace       used 33941K, committed 34368K, reserved 1114112K
  class space    used 3222K, committed 3456K, reserved 1048576K

Heap Regions: E=young(eden), S=young(survivor), O=old, HS=humongous(starts), HC=humongous(continues), CS=collection set, F=free, OA=open archive, CA=closed archive, TAMS=top-at-mark-start (previous, next)
|   0|0x0000000700e00000, 0x0000000701000000, 0x0000000701000000|100%| O|  |TAMS 0x0000000701000000, 0x0000000700e00000| Untracked 
|   1|0x0000000701000000, 0x00000007011c3d10, 0x0000000701200000| 88%| O|  |TAMS 0x00000007011c3d10, 0x0000000701000000| Untracked 
|   2|0x0000000701200000, 0x0000000701400000, 0x0000000701400000|100%| O|  |TAMS 0x0000000701400000, 0x0000000701200000| Untracked 
|   3|0x0000000701400000, 0x0000000701600000, 0x0000000701600000|100%| O|  |TAMS 0x0000000701600000, 0x0000000701400000| Untracked 
|   4|0x0000000701600000, 0x0000000701800000, 0x0000000701800000|100%| O|  |TAMS 0x0000000701800000, 0x0000000701600000| Untracked 
|   5|0x0000000701800000, 0x0000000701a00000, 0x0000000701a00000|100%| O|  |TAMS 0x0000000701a00000, 0x0000000701800000| Untracked 
|   6|0x0000000701a00000, 0x0000000701bf4ca8, 0x0000000701c00000| 97%| O|  |TAMS 0x0000000701bf4ca8, 0x0000000701a00000| Untracked 
|   7|0x0000000701c00000, 0x0000000701e00000, 0x0000000701e00000|100%| O|  |TAMS 0x0000000701e00000, 0x0000000701c00000| Untracked 
|   8|0x0000000701e00000, 0x0000000702000000, 0x0000000702000000|100%| O|  |TAMS 0x0000000702000000, 0x0000000701e00000| Untracked 
|   9|0x0000000702000000, 0x0000000702200000, 0x0000000702200000|100%| O|  |TAMS 0x0000000702200000, 0x0000000702000000| Untracked 
|  10|0x0000000702200000, 0x0000000702400000, 0x0000000702400000|100%| O|  |TAMS 0x0000000702400000, 0x0000000702200000| Untracked 
|  11|0x0000000702400000, 0x0000000702600000, 0x0000000702600000|100%| O|  |TAMS 0x0000000702600000, 0x0000000702400000| Untracked 
|  12|0x0000000702600000, 0x0000000702800000, 0x0000000702800000|100%| O|  |TAMS 0x0000000702800000, 0x0000000702600000| Untracked 
|  13|0x0000000702800000, 0x0000000702a00000, 0x0000000702a00000|100%| O|  |TAMS 0x0000000702a00000, 0x0000000702800000| Untracked 
|  14|0x0000000702a00000, 0x0000000702c00000, 0x0000000702c00000|100%| O|  |TAMS 0x0000000702c00000, 0x0000000702a00000| Untracked 
|  15|0x0000000702c00000, 0x0000000702e00000, 0x0000000702e00000|100%| O|  |TAMS 0x0000000702e00000, 0x0000000702c00000| Untracked 
|  16|0x0000000702e00000, 0x0000000703000000, 0x0000000703000000|100%| O|  |TAMS 0x0000000703000000, 0x0000000702e00000| Untracked 
|  17|0x0000000703000000, 0x0000000703200000, 0x0000000703200000|100%| O|  |TAMS 0x0000000703200000, 0x0000000703000000| Untracked 
|  18|0x0000000703200000, 0x0000000703400000, 0x0000000703400000|100%| O|  |TAMS 0x0000000703400000, 0x0000000703200000| Untracked 
|  19|0x0000000703400000, 0x0000000703600000, 0x0000000703600000|100%| O|  |TAMS 0x0000000703600000, 0x0000000703400000| Untracked 
|  20|0x0000000703600000, 0x0000000703800000, 0x0000000703800000|100%| O|  |TAMS 0x0000000703800000, 0x0000000703600000| Untracked 
|  21|0x0000000703800000, 0x0000000703a00000, 0x0000000703a00000|100%| O|  |TAMS 0x0000000703a00000, 0x0000000703800000| Untracked 
|  22|0x0000000703a00000, 0x0000000703c00000, 0x0000000703c00000|100%| O|  |TAMS 0x0000000703c00000, 0x0000000703a00000| Untracked 
|  23|0x0000000703c00000, 0x0000000703e00000, 0x0000000703e00000|100%| O|  |TAMS 0x0000000703e00000, 0x0000000703c00000| Untracked 
|  24|0x0000000703e00000, 0x0000000704000000, 0x0000000704000000|100%| O|  |TAMS 0x0000000704000000, 0x0000000703e00000| Untracked 
|  25|0x0000000704000000, 0x0000000704200000, 0x0000000704200000|100%| O|  |TAMS 0x0000000704200000, 0x0000000704000000| Untracked 
|  26|0x0000000704200000, 0x0000000704400000, 0x0000000704400000|100%| O|  |TAMS 0x0000000704400000, 0x0000000704200000| Untracked 
|  27|0x0000000704400000, 0x0000000704600000, 0x0000000704600000|100%| O|  |TAMS 0x0000000704600000, 0x0000000704400000| Untracked 
|  28|0x0000000704600000, 0x0000000704800000, 0x0000000704800000|100%| O|  |TAMS 0x0000000704800000, 0x0000000704600000| Untracked 
|  29|0x0000000704800000, 0x0000000704a00000, 0x0000000704a00000|100%| O|  |TAMS 0x0000000704a00000, 0x0000000704800000| Untracked 
|  30|0x0000000704a00000, 0x0000000704c00000, 0x0000000704c00000|100%| O|  |TAMS 0x0000000704c00000, 0x0000000704a00000| Untracked 
|  31|0x0000000704c00000, 0x0000000704e00000, 0x0000000704e00000|100%| O|  |TAMS 0x0000000704e00000, 0x0000000704c00000| Untracked 
|  32|0x0000000704e00000, 0x0000000705000000, 0x0000000705000000|100%| O|  |TAMS 0x0000000705000000, 0x0000000704e00000| Untracked 
|  33|0x0000000705000000, 0x0000000705200000, 0x0000000705200000|100%| O|  |TAMS 0x0000000705200000, 0x0000000705000000| Untracked 
|  34|0x0000000705200000, 0x0000000705400000, 0x0000000705400000|100%| O|  |TAMS 0x0000000705400000, 0x0000000705200000| Untracked 
|  35|0x0000000705400000, 0x0000000705600000, 0x0000000705600000|100%| O|  |TAMS 0x0000000705600000, 0x0000000705400000| Untracked 
|  36|0x0000000705600000, 0x0000000705800000, 0x0000000705800000|100%| O|  |TAMS 0x0000000705800000, 0x0000000705600000| Untracked 
|  37|0x0000000705800000, 0x0000000705a00000, 0x0000000705a00000|100%| O|  |TAMS 0x0000000705a00000, 0x0000000705800000| Untracked 
|  38|0x0000000705a00000, 0x0000000705c00000, 0x0000000705c00000|100%| O|  |TAMS 0x0000000705c00000, 0x0000000705a00000| Untracked 
|  39|0x0000000705c00000, 0x0000000705e00000, 0x0000000705e00000|100%| O|  |TAMS 0x0000000705e00000, 0x0000000705c00000| Untracked 
|  40|0x0000000705e00000, 0x0000000706000000, 0x0000000706000000|100%| O|  |TAMS 0x0000000706000000, 0x0000000705e00000| Untracked 
|  41|0x0000000706000000, 0x0000000706200000, 0x0000000706200000|100%| O|  |TAMS 0x0000000706200000, 0x0000000706000000| Untracked 
|  42|0x0000000706200000, 0x0000000706400000, 0x0000000706400000|100%| O|  |TAMS 0x0000000706400000, 0x0000000706200000| Untracked 
|  43|0x0000000706400000, 0x0000000706600000, 0x0000000706600000|100%| O|  |TAMS 0x0000000706600000, 0x0000000706400000| Untracked 
|  44|0x0000000706600000, 0x0000000706800000, 0x0000000706800000|100%| O|  |TAMS 0x00000007066c0200, 0x0000000706600000| Untracked 
|  45|0x0000000706800000, 0x0000000706a00000, 0x0000000706a00000|100%| O|  |TAMS 0x0000000706800000, 0x0000000706800000| Untracked 
|  46|0x0000000706a00000, 0x0000000706c00000, 0x0000000706c00000|100%| O|  |TAMS 0x0000000706a00000, 0x0000000706a00000| Untracked 
|  47|0x0000000706c00000, 0x0000000706e00000, 0x0000000706e00000|100%| O|  |TAMS 0x0000000706c00000, 0x0000000706c00000| Untracked 
|  48|0x0000000706e00000, 0x0000000707000000, 0x0000000707000000|100%| O|  |TAMS 0x0000000706e00000, 0x0000000706e00000| Untracked 
|  49|0x0000000707000000, 0x0000000707200000, 0x0000000707200000|100%| O|  |TAMS 0x0000000707000000, 0x0000000707000000| Untracked 
|  50|0x0000000707200000, 0x0000000707400000, 0x0000000707400000|100%| O|  |TAMS 0x0000000707200000, 0x0000000707200000| Untracked 
|  51|0x0000000707400000, 0x0000000707600000, 0x0000000707600000|100%| O|  |TAMS 0x0000000707400000, 0x0000000707400000| Untracked 
|  52|0x0000000707600000, 0x0000000707800000, 0x0000000707800000|100%| O|  |TAMS 0x0000000707600000, 0x0000000707600000| Untracked 
|  53|0x0000000707800000, 0x0000000707a00000, 0x0000000707a00000|100%| O|  |TAMS 0x0000000707800000, 0x0000000707800000| Untracked 
|  54|0x0000000707a00000, 0x0000000707c00000, 0x0000000707c00000|100%| O|  |TAMS 0x0000000707a00000, 0x0000000707a00000| Untracked 
|  55|0x0000000707c00000, 0x0000000707e00000, 0x0000000707e00000|100%| O|  |TAMS 0x0000000707c00000, 0x0000000707c00000| Untracked 
|  56|0x0000000707e00000, 0x0000000707f5cc00, 0x0000000708000000| 68%| O|  |TAMS 0x0000000707e00000, 0x0000000707e00000| Complete 
|  57|0x0000000708000000, 0x0000000708000000, 0x0000000708200000|  0%| F|  |TAMS 0x0000000708000000, 0x0000000708000000| Untracked 
|  58|0x0000000708200000, 0x0000000708200000, 0x0000000708400000|  0%| F|  |TAMS 0x0000000708200000, 0x0000000708200000| Untracked 
|  59|0x0000000708400000, 0x0000000708400000, 0x0000000708600000|  0%| F|  |TAMS 0x0000000708400000, 0x0000000708400000| Untracked 
|  60|0x0000000708600000, 0x0000000708600000, 0x0000000708800000|  0%| F|  |TAMS 0x0000000708600000, 0x0000000708600000| Untracked 
|  61|0x0000000708800000, 0x0000000708800000, 0x0000000708a00000|  0%| F|  |TAMS 0x0000000708800000, 0x0000000708800000| Untracked 
|  62|0x0000000708a00000, 0x0000000708a00000, 0x0000000708c00000|  0%| F|  |TAMS 0x0000000708a00000, 0x0000000708a00000| Untracked 
|  63|0x0000000708c00000, 0x0000000708c00000, 0x0000000708e00000|  0%| F|  |TAMS 0x0000000708c00000, 0x0000000708c00000| Untracked 
|  64|0x0000000708e00000, 0x0000000708e00000, 0x0000000709000000|  0%| F|  |TAMS 0x0000000708e00000, 0x0000000708e00000| Untracked 
|  65|0x0000000709000000, 0x0000000709000000, 0x0000000709200000|  0%| F|  |TAMS 0x0000000709000000, 0x0000000709000000| Untracked 
|  66|0x0000000709200000, 0x0000000709200000, 0x0000000709400000|  0%| F|  |TAMS 0x0000000709200000, 0x0000000709200000| Untracked 
|  67|0x0000000709400000, 0x0000000709400000, 0x0000000709600000|  0%| F|  |TAMS 0x0000000709400000, 0x0000000709400000| Untracked 
|  68|0x0000000709600000, 0x0000000709600000, 0x0000000709800000|  0%| F|  |TAMS 0x0000000709600000, 0x0000000709600000| Untracked 
|  69|0x0000000709800000, 0x0000000709800000, 0x0000000709a00000|  0%| F|  |TAMS 0x0000000709800000, 0x0000000709800000| Untracked 
|  70|0x0000000709a00000, 0x0000000709a00000, 0x0000000709c00000|  0%| F|  |TAMS 0x0000000709a00000, 0x0000000709a00000| Untracked 
|  71|0x0000000709c00000, 0x0000000709c00000, 0x0000000709e00000|  0%| F|  |TAMS 0x0000000709c00000, 0x0000000709c00000| Untracked 
|  72|0x0000000709e00000, 0x0000000709e00000, 0x000000070a000000|  0%| F|  |TAMS 0x0000000709e00000, 0x0000000709e00000| Untracked 
|  73|0x000000070a000000, 0x000000070a000000, 0x000000070a200000|  0%| F|  |TAMS 0x000000070a000000, 0x000000070a000000| Untracked 
|  74|0x000000070a200000, 0x000000070a200000, 0x000000070a400000|  0%| F|  |TAMS 0x000000070a200000, 0x000000070a200000| Untracked 
|  75|0x000000070a400000, 0x000000070a400000, 0x000000070a600000|  0%| F|  |TAMS 0x000000070a400000, 0x000000070a400000| Untracked 
|  76|0x000000070a600000, 0x000000070a600000, 0x000000070a800000|  0%| F|  |TAMS 0x000000070a600000, 0x000000070a600000| Untracked 
|  77|0x000000070a800000, 0x000000070a800000, 0x000000070aa00000|  0%| F|  |TAMS 0x000000070a800000, 0x000000070a800000| Untracked 
|  78|0x000000070aa00000, 0x000000070aa00000, 0x000000070ac00000|  0%| F|  |TAMS 0x000000070aa00000, 0x000000070aa00000| Untracked 
|  79|0x000000070ac00000, 0x000000070ac00000, 0x000000070ae00000|  0%| F|  |TAMS 0x000000070ac00000, 0x000000070ac00000| Untracked 
|  80|0x000000070ae00000, 0x000000070ae00000, 0x000000070b000000|  0%| F|  |TAMS 0x000000070ae00000, 0x000000070ae00000| Untracked 
|  81|0x000000070b000000, 0x000000070b000000, 0x000000070b200000|  0%| F|  |TAMS 0x000000070b000000, 0x000000070b000000| Untracked 
|  82|0x000000070b200000, 0x000000070b200000, 0x000000070b400000|  0%| F|  |TAMS 0x000000070b200000, 0x000000070b200000| Untracked 
|  83|0x000000070b400000, 0x000000070b400000, 0x000000070b600000|  0%| F|  |TAMS 0x000000070b400000, 0x000000070b400000| Untracked 
|  84|0x000000070b600000, 0x000000070b600000, 0x000000070b800000|  0%| F|  |TAMS 0x000000070b600000, 0x000000070b600000| Untracked 
|  85|0x000000070b800000, 0x000000070b800000, 0x000000070ba00000|  0%| F|  |TAMS 0x000000070b800000, 0x000000070b800000| Untracked 
|  86|0x000000070ba00000, 0x000000070ba00000, 0x000000070bc00000|  0%| F|  |TAMS 0x000000070ba00000, 0x000000070ba00000| Untracked 
|  87|0x000000070bc00000, 0x000000070bc00000, 0x000000070be00000|  0%| F|  |TAMS 0x000000070bc00000, 0x000000070bc00000| Untracked 
|  88|0x000000070be00000, 0x000000070c000000, 0x000000070c000000|100%| S|CS|TAMS 0x000000070be00000, 0x000000070be00000| Complete 
|  89|0x000000070c000000, 0x000000070c000000, 0x000000070c200000|  0%| F|  |TAMS 0x000000070c000000, 0x000000070c000000| Untracked 
|  90|0x000000070c200000, 0x000000070c200000, 0x000000070c400000|  0%| F|  |TAMS 0x000000070c200000, 0x000000070c200000| Untracked 
|  91|0x000000070c400000, 0x000000070c400000, 0x000000070c600000|  0%| F|  |TAMS 0x000000070c400000, 0x000000070c400000| Untracked 
|  92|0x000000070c600000, 0x000000070c600000, 0x000000070c800000|  0%| F|  |TAMS 0x000000070c600000, 0x000000070c600000| Untracked 
|  93|0x000000070c800000, 0x000000070c800000, 0x000000070ca00000|  0%| F|  |TAMS 0x000000070c800000, 0x000000070c800000| Untracked 
|  94|0x000000070ca00000, 0x000000070ca00000, 0x000000070cc00000|  0%| F|  |TAMS 0x000000070ca00000, 0x000000070ca00000| Untracked 
|  95|0x000000070cc00000, 0x000000070cc00000, 0x000000070ce00000|  0%| F|  |TAMS 0x000000070cc00000, 0x000000070cc00000| Untracked 
|  96|0x000000070ce00000, 0x000000070ce00000, 0x000000070d000000|  0%| F|  |TAMS 0x000000070ce00000, 0x000000070ce00000| Untracked 
|  97|0x000000070d000000, 0x000000070d000000, 0x000000070d200000|  0%| F|  |TAMS 0x000000070d000000, 0x000000070d000000| Untracked 
|  98|0x000000070d200000, 0x000000070d200000, 0x000000070d400000|  0%| F|  |TAMS 0x000000070d200000, 0x000000070d200000| Untracked 
|  99|0x000000070d400000, 0x000000070d400000, 0x000000070d600000|  0%| F|  |TAMS 0x000000070d400000, 0x000000070d400000| Untracked 
| 100|0x000000070d600000, 0x000000070d600000, 0x000000070d800000|  0%| F|  |TAMS 0x000000070d600000, 0x000000070d600000| Untracked 
| 101|0x000000070d800000, 0x000000070d800000, 0x000000070da00000|  0%| F|  |TAMS 0x000000070d800000, 0x000000070d800000| Untracked 
| 102|0x000000070da00000, 0x000000070da00000, 0x000000070dc00000|  0%| F|  |TAMS 0x000000070da00000, 0x000000070da00000| Untracked 
| 103|0x000000070dc00000, 0x000000070dc00000, 0x000000070de00000|  0%| F|  |TAMS 0x000000070dc00000, 0x000000070dc00000| Untracked 
| 104|0x000000070de00000, 0x000000070de00000, 0x000000070e000000|  0%| F|  |TAMS 0x000000070de00000, 0x000000070de00000| Untracked 
| 105|0x000000070e000000, 0x000000070e000000, 0x000000070e200000|  0%| F|  |TAMS 0x000000070e000000, 0x000000070e000000| Untracked 
| 106|0x000000070e200000, 0x000000070e200000, 0x000000070e400000|  0%| F|  |TAMS 0x000000070e200000, 0x000000070e200000| Untracked 
| 107|0x000000070e400000, 0x000000070e400000, 0x000000070e600000|  0%| F|  |TAMS 0x000000070e400000, 0x000000070e400000| Untracked 
| 108|0x000000070e600000, 0x000000070e600000, 0x000000070e800000|  0%| F|  |TAMS 0x000000070e600000, 0x000000070e600000| Untracked 
| 109|0x000000070e800000, 0x000000070e800000, 0x000000070ea00000|  0%| F|  |TAMS 0x000000070e800000, 0x000000070e800000| Untracked 
| 110|0x000000070ea00000, 0x000000070ea00000, 0x000000070ec00000|  0%| F|  |TAMS 0x000000070ea00000, 0x000000070ea00000| Untracked 
| 111|0x000000070ec00000, 0x000000070ec00000, 0x000000070ee00000|  0%| F|  |TAMS 0x000000070ec00000, 0x000000070ec00000| Untracked 
| 112|0x000000070ee00000, 0x000000070ee00000, 0x000000070f000000|  0%| F|  |TAMS 0x000000070ee00000, 0x000000070ee00000| Untracked 
| 113|0x000000070f000000, 0x000000070f000000, 0x000000070f200000|  0%| F|  |TAMS 0x000000070f000000, 0x000000070f000000| Untracked 
| 114|0x000000070f200000, 0x000000070f200000, 0x000000070f400000|  0%| F|  |TAMS 0x000000070f200000, 0x000000070f200000| Untracked 
| 115|0x000000070f400000, 0x000000070f400000, 0x000000070f600000|  0%| F|  |TAMS 0x000000070f400000, 0x000000070f400000| Untracked 
| 116|0x000000070f600000, 0x000000070f600000, 0x000000070f800000|  0%| F|  |TAMS 0x000000070f600000, 0x000000070f600000| Untracked 
| 117|0x000000070f800000, 0x000000070f800000, 0x000000070fa00000|  0%| F|  |TAMS 0x000000070f800000, 0x000000070f800000| Untracked 
| 118|0x000000070fa00000, 0x000000070fa00000, 0x000000070fc00000|  0%| F|  |TAMS 0x000000070fa00000, 0x000000070fa00000| Untracked 
| 119|0x000000070fc00000, 0x000000070fc00000, 0x000000070fe00000|  0%| F|  |TAMS 0x000000070fc00000, 0x000000070fc00000| Untracked 
| 120|0x000000070fe00000, 0x000000070fe00000, 0x0000000710000000|  0%| F|  |TAMS 0x000000070fe00000, 0x000000070fe00000| Untracked 
| 121|0x0000000710000000, 0x0000000710000000, 0x0000000710200000|  0%| F|  |TAMS 0x0000000710000000, 0x0000000710000000| Untracked 
| 122|0x0000000710200000, 0x0000000710200000, 0x0000000710400000|  0%| F|  |TAMS 0x0000000710200000, 0x0000000710200000| Untracked 
| 123|0x0000000710400000, 0x0000000710400000, 0x0000000710600000|  0%| F|  |TAMS 0x0000000710400000, 0x0000000710400000| Untracked 
| 124|0x0000000710600000, 0x0000000710600000, 0x0000000710800000|  0%| F|  |TAMS 0x0000000710600000, 0x0000000710600000| Untracked 
| 125|0x0000000710800000, 0x0000000710800000, 0x0000000710a00000|  0%| F|  |TAMS 0x0000000710800000, 0x0000000710800000| Untracked 
| 126|0x0000000710a00000, 0x0000000710a00000, 0x0000000710c00000|  0%| F|  |TAMS 0x0000000710a00000, 0x0000000710a00000| Untracked 
| 127|0x0000000710c00000, 0x0000000710c00000, 0x0000000710e00000|  0%| F|  |TAMS 0x0000000710c00000, 0x0000000710c00000| Untracked 
| 128|0x0000000710e00000, 0x0000000710e00000, 0x0000000711000000|  0%| F|  |TAMS 0x0000000710e00000, 0x0000000710e00000| Untracked 
| 129|0x0000000711000000, 0x0000000711000000, 0x0000000711200000|  0%| F|  |TAMS 0x0000000711000000, 0x0000000711000000| Untracked 
| 130|0x0000000711200000, 0x0000000711200000, 0x0000000711400000|  0%| F|  |TAMS 0x0000000711200000, 0x0000000711200000| Untracked 
| 131|0x0000000711400000, 0x0000000711400000, 0x0000000711600000|  0%| F|  |TAMS 0x0000000711400000, 0x0000000711400000| Untracked 
| 132|0x0000000711600000, 0x0000000711600000, 0x0000000711800000|  0%| F|  |TAMS 0x0000000711600000, 0x0000000711600000| Untracked 
| 133|0x0000000711800000, 0x0000000711800000, 0x0000000711a00000|  0%| F|  |TAMS 0x0000000711800000, 0x0000000711800000| Untracked 
| 134|0x0000000711a00000, 0x0000000711a00000, 0x0000000711c00000|  0%| F|  |TAMS 0x0000000711a00000, 0x0000000711a00000| Untracked 
| 135|0x0000000711c00000, 0x0000000711c00000, 0x0000000711e00000|  0%| F|  |TAMS 0x0000000711c00000, 0x0000000711c00000| Untracked 
| 136|0x0000000711e00000, 0x0000000711e00000, 0x0000000712000000|  0%| F|  |TAMS 0x0000000711e00000, 0x0000000711e00000| Untracked 
| 137|0x0000000712000000, 0x0000000712000000, 0x0000000712200000|  0%| F|  |TAMS 0x0000000712000000, 0x0000000712000000| Untracked 
| 138|0x0000000712200000, 0x0000000712200000, 0x0000000712400000|  0%| F|  |TAMS 0x0000000712200000, 0x0000000712200000| Untracked 
| 139|0x0000000712400000, 0x0000000712400000, 0x0000000712600000|  0%| F|  |TAMS 0x0000000712400000, 0x0000000712400000| Untracked 
| 140|0x0000000712600000, 0x0000000712600000, 0x0000000712800000|  0%| F|  |TAMS 0x0000000712600000, 0x0000000712600000| Untracked 
| 141|0x0000000712800000, 0x0000000712800000, 0x0000000712a00000|  0%| F|  |TAMS 0x0000000712800000, 0x0000000712800000| Untracked 
| 142|0x0000000712a00000, 0x0000000712a00000, 0x0000000712c00000|  0%| F|  |TAMS 0x0000000712a00000, 0x0000000712a00000| Untracked 
| 143|0x0000000712c00000, 0x0000000712c00000, 0x0000000712e00000|  0%| F|  |TAMS 0x0000000712c00000, 0x0000000712c00000| Untracked 
| 144|0x0000000712e00000, 0x0000000712e00000, 0x0000000713000000|  0%| F|  |TAMS 0x0000000712e00000, 0x0000000712e00000| Untracked 
| 145|0x0000000713000000, 0x0000000713000000, 0x0000000713200000|  0%| F|  |TAMS 0x0000000713000000, 0x0000000713000000| Untracked 
| 146|0x0000000713200000, 0x0000000713200000, 0x0000000713400000|  0%| F|  |TAMS 0x0000000713200000, 0x0000000713200000| Untracked 
| 147|0x0000000713400000, 0x0000000713400000, 0x0000000713600000|  0%| F|  |TAMS 0x0000000713400000, 0x0000000713400000| Untracked 
| 148|0x0000000713600000, 0x0000000713600000, 0x0000000713800000|  0%| F|  |TAMS 0x0000000713600000, 0x0000000713600000| Untracked 
| 149|0x0000000713800000, 0x0000000713800000, 0x0000000713a00000|  0%| F|  |TAMS 0x0000000713800000, 0x0000000713800000| Untracked 
| 150|0x0000000713a00000, 0x0000000713a00000, 0x0000000713c00000|  0%| F|  |TAMS 0x0000000713a00000, 0x0000000713a00000| Untracked 
| 151|0x0000000713c00000, 0x0000000713c00000, 0x0000000713e00000|  0%| F|  |TAMS 0x0000000713c00000, 0x0000000713c00000| Untracked 
| 152|0x0000000713e00000, 0x0000000713e00000, 0x0000000714000000|  0%| F|  |TAMS 0x0000000713e00000, 0x0000000713e00000| Untracked 
| 153|0x0000000714000000, 0x0000000714000000, 0x0000000714200000|  0%| F|  |TAMS 0x0000000714000000, 0x0000000714000000| Untracked 
| 154|0x0000000714200000, 0x0000000714200000, 0x0000000714400000|  0%| F|  |TAMS 0x0000000714200000, 0x0000000714200000| Untracked 
| 155|0x0000000714400000, 0x0000000714400000, 0x0000000714600000|  0%| F|  |TAMS 0x0000000714400000, 0x0000000714400000| Untracked 
| 156|0x0000000714600000, 0x0000000714600000, 0x0000000714800000|  0%| F|  |TAMS 0x0000000714600000, 0x0000000714600000| Untracked 
| 157|0x0000000714800000, 0x0000000714800000, 0x0000000714a00000|  0%| F|  |TAMS 0x0000000714800000, 0x0000000714800000| Untracked 
| 158|0x0000000714a00000, 0x0000000714a00000, 0x0000000714c00000|  0%| F|  |TAMS 0x0000000714a00000, 0x0000000714a00000| Untracked 
| 159|0x0000000714c00000, 0x0000000714c00000, 0x0000000714e00000|  0%| F|  |TAMS 0x0000000714c00000, 0x0000000714c00000| Untracked 
| 160|0x0000000714e00000, 0x0000000714e00000, 0x0000000715000000|  0%| F|  |TAMS 0x0000000714e00000, 0x0000000714e00000| Untracked 
| 161|0x0000000715000000, 0x0000000715000000, 0x0000000715200000|  0%| F|  |TAMS 0x0000000715000000, 0x0000000715000000| Untracked 
| 162|0x0000000715200000, 0x0000000715200000, 0x0000000715400000|  0%| F|  |TAMS 0x0000000715200000, 0x0000000715200000| Untracked 
| 163|0x0000000715400000, 0x0000000715400000, 0x0000000715600000|  0%| F|  |TAMS 0x0000000715400000, 0x0000000715400000| Untracked 
| 164|0x0000000715600000, 0x0000000715600000, 0x0000000715800000|  0%| F|  |TAMS 0x0000000715600000, 0x0000000715600000| Untracked 
| 165|0x0000000715800000, 0x0000000715800000, 0x0000000715a00000|  0%| F|  |TAMS 0x0000000715800000, 0x0000000715800000| Untracked 
| 166|0x0000000715a00000, 0x0000000715a00000, 0x0000000715c00000|  0%| F|  |TAMS 0x0000000715a00000, 0x0000000715a00000| Untracked 
| 167|0x0000000715c00000, 0x0000000715c00000, 0x0000000715e00000|  0%| F|  |TAMS 0x0000000715c00000, 0x0000000715c00000| Untracked 
| 168|0x0000000715e00000, 0x0000000715e00000, 0x0000000716000000|  0%| F|  |TAMS 0x0000000715e00000, 0x0000000715e00000| Untracked 
| 169|0x0000000716000000, 0x0000000716000000, 0x0000000716200000|  0%| F|  |TAMS 0x0000000716000000, 0x0000000716000000| Untracked 
| 170|0x0000000716200000, 0x0000000716200000, 0x0000000716400000|  0%| F|  |TAMS 0x0000000716200000, 0x0000000716200000| Untracked 
| 171|0x0000000716400000, 0x0000000716400000, 0x0000000716600000|  0%| F|  |TAMS 0x0000000716400000, 0x0000000716400000| Untracked 
| 172|0x0000000716600000, 0x0000000716600000, 0x0000000716800000|  0%| F|  |TAMS 0x0000000716600000, 0x0000000716600000| Untracked 
| 173|0x0000000716800000, 0x0000000716800000, 0x0000000716a00000|  0%| F|  |TAMS 0x0000000716800000, 0x0000000716800000| Untracked 
| 174|0x0000000716a00000, 0x0000000716a00000, 0x0000000716c00000|  0%| F|  |TAMS 0x0000000716a00000, 0x0000000716a00000| Untracked 
| 175|0x0000000716c00000, 0x0000000716c00000, 0x0000000716e00000|  0%| F|  |TAMS 0x0000000716c00000, 0x0000000716c00000| Untracked 
| 176|0x0000000716e00000, 0x0000000716e00000, 0x0000000717000000|  0%| F|  |TAMS 0x0000000716e00000, 0x0000000716e00000| Untracked 
| 177|0x0000000717000000, 0x0000000717000000, 0x0000000717200000|  0%| F|  |TAMS 0x0000000717000000, 0x0000000717000000| Untracked 
| 178|0x0000000717200000, 0x0000000717200000, 0x0000000717400000|  0%| F|  |TAMS 0x0000000717200000, 0x0000000717200000| Untracked 
| 179|0x0000000717400000, 0x0000000717400000, 0x0000000717600000|  0%| F|  |TAMS 0x0000000717400000, 0x0000000717400000| Untracked 
| 180|0x0000000717600000, 0x0000000717600000, 0x0000000717800000|  0%| F|  |TAMS 0x0000000717600000, 0x0000000717600000| Untracked 
| 181|0x0000000717800000, 0x0000000717800000, 0x0000000717a00000|  0%| F|  |TAMS 0x0000000717800000, 0x0000000717800000| Untracked 
| 182|0x0000000717a00000, 0x0000000717a00000, 0x0000000717c00000|  0%| F|  |TAMS 0x0000000717a00000, 0x0000000717a00000| Untracked 
| 183|0x0000000717c00000, 0x0000000717c00000, 0x0000000717e00000|  0%| F|  |TAMS 0x0000000717c00000, 0x0000000717c00000| Untracked 
| 184|0x0000000717e00000, 0x0000000717e00000, 0x0000000718000000|  0%| F|  |TAMS 0x0000000717e00000, 0x0000000717e00000| Untracked 
| 185|0x0000000718000000, 0x0000000718000000, 0x0000000718200000|  0%| F|  |TAMS 0x0000000718000000, 0x0000000718000000| Untracked 
| 186|0x0000000718200000, 0x0000000718200000, 0x0000000718400000|  0%| F|  |TAMS 0x0000000718200000, 0x0000000718200000| Untracked 
| 187|0x0000000718400000, 0x0000000718400000, 0x0000000718600000|  0%| F|  |TAMS 0x0000000718400000, 0x0000000718400000| Untracked 
| 188|0x0000000718600000, 0x0000000718600000, 0x0000000718800000|  0%| F|  |TAMS 0x0000000718600000, 0x0000000718600000| Untracked 
| 189|0x0000000718800000, 0x0000000718800000, 0x0000000718a00000|  0%| F|  |TAMS 0x0000000718800000, 0x0000000718800000| Untracked 
| 190|0x0000000718a00000, 0x0000000718a00000, 0x0000000718c00000|  0%| F|  |TAMS 0x0000000718a00000, 0x0000000718a00000| Untracked 
| 191|0x0000000718c00000, 0x0000000718d00800, 0x0000000718e00000| 50%| E|  |TAMS 0x0000000718c00000, 0x0000000718c00000| Complete 
| 192|0x0000000718e00000, 0x0000000719000000, 0x0000000719000000|100%| E|CS|TAMS 0x0000000718e00000, 0x0000000718e00000| Complete 
| 193|0x0000000719000000, 0x0000000719200000, 0x0000000719200000|100%| E|CS|TAMS 0x0000000719000000, 0x0000000719000000| Complete 
| 194|0x0000000719200000, 0x0000000719400000, 0x0000000719400000|100%| E|CS|TAMS 0x0000000719200000, 0x0000000719200000| Complete 
| 195|0x0000000719400000, 0x0000000719600000, 0x0000000719600000|100%| E|CS|TAMS 0x0000000719400000, 0x0000000719400000| Complete 
| 196|0x0000000719600000, 0x0000000719800000, 0x0000000719800000|100%| E|CS|TAMS 0x0000000719600000, 0x0000000719600000| Complete 
| 197|0x0000000719800000, 0x0000000719a00000, 0x0000000719a00000|100%| E|CS|TAMS 0x0000000719800000, 0x0000000719800000| Complete 
| 198|0x0000000719a00000, 0x0000000719c00000, 0x0000000719c00000|100%| E|CS|TAMS 0x0000000719a00000, 0x0000000719a00000| Complete 
| 199|0x0000000719c00000, 0x0000000719e00000, 0x0000000719e00000|100%| E|CS|TAMS 0x0000000719c00000, 0x0000000719c00000| Complete 
| 200|0x0000000719e00000, 0x000000071a000000, 0x000000071a000000|100%| E|CS|TAMS 0x0000000719e00000, 0x0000000719e00000| Complete 
| 201|0x000000071a000000, 0x000000071a200000, 0x000000071a200000|100%| E|CS|TAMS 0x000000071a000000, 0x000000071a000000| Complete 
| 202|0x000000071a200000, 0x000000071a400000, 0x000000071a400000|100%| E|CS|TAMS 0x000000071a200000, 0x000000071a200000| Complete 
| 203|0x000000071a400000, 0x000000071a600000, 0x000000071a600000|100%| E|CS|TAMS 0x000000071a400000, 0x000000071a400000| Complete 
| 204|0x000000071a600000, 0x000000071a800000, 0x000000071a800000|100%| E|CS|TAMS 0x000000071a600000, 0x000000071a600000| Complete 
| 225|0x000000071d000000, 0x000000071d200000, 0x000000071d200000|100%| E|CS|TAMS 0x000000071d000000, 0x000000071d000000| Complete 
| 226|0x000000071d200000, 0x000000071d400000, 0x000000071d400000|100%| E|CS|TAMS 0x000000071d200000, 0x000000071d200000| Complete 
| 227|0x000000071d400000, 0x000000071d600000, 0x000000071d600000|100%| E|CS|TAMS 0x000000071d400000, 0x000000071d400000| Complete 
|2039|0x00000007ffc00000, 0x00000007ffe00000, 0x00000007ffe00000|100%| O|  |TAMS 0x00000007ffe00000, 0x00000007ffc00000| Untracked 
|2040|0x00000007ffe00000, 0x0000000800000000, 0x0000000800000000|100%| O|  |TAMS 0x0000000800000000, 0x00000007ffe00000| Untracked 

Card table byte_map: [0x000002d53ea80000,0x000002d53f280000] _byte_map_base: 0x000002d53b279000

Marking Bits (Prev, Next): (CMBitMap*) 0x000002d5277e4070, (CMBitMap*) 0x000002d5277e40b0
 Prev Bits: [0x000002d53fa80000, 0x000002d543a48000)
 Next Bits: [0x000002d543a50000, 0x000002d547a18000)

Polling page: 0x000002d525610000

Metaspace:

Usage:
  Non-class:     30.00 MB used.
      Class:      3.15 MB used.
       Both:     33.15 MB used.

Virtual space:
  Non-class space:       64.00 MB reserved,      30.19 MB ( 47%) committed,  1 nodes.
      Class space:        1.00 GB reserved,       3.38 MB ( <1%) committed,  1 nodes.
             Both:        1.06 GB reserved,      33.56 MB (  3%) committed. 

Chunk freelists:
   Non-Class:  1.70 MB
       Class:  12.59 MB
        Both:  14.29 MB

MaxMetaspaceSize: unlimited
CompressedClassSpaceSize: 1.00 GB
Initial GC threshold: 21.00 MB
Current GC threshold: 54.62 MB
CDS: on
MetaspaceReclaimPolicy: balanced
 - commit_granule_bytes: 65536.
 - commit_granule_words: 8192.
 - virtual_space_node_default_size: 8388608.
 - enlarge_chunks_in_place: 1.
 - new_chunks_are_fully_committed: 0.
 - uncommit_free_chunks: 1.
 - use_allocation_guard: 0.
 - handle_deallocations: 1.


Internal statistics:

num_allocs_failed_limit: 3.
num_arena_births: 520.
num_arena_deaths: 0.
num_vsnodes_births: 2.
num_vsnodes_deaths: 0.
num_space_committed: 535.
num_space_uncommitted: 0.
num_chunks_returned_to_freelist: 3.
num_chunks_taken_from_freelist: 1292.
num_chunk_merges: 0.
num_chunk_splits: 877.
num_chunks_enlarged: 621.
num_inconsistent_stats: 0.

CodeHeap 'non-profiled nmethods': size=120000Kb used=3627Kb max_used=3627Kb free=116372Kb
 bounds [0x000002d536d50000, 0x000002d5370e0000, 0x000002d53e280000]
CodeHeap 'profiled nmethods': size=120000Kb used=9157Kb max_used=9157Kb free=110842Kb
 bounds [0x000002d52f280000, 0x000002d52fb80000, 0x000002d5367b0000]
CodeHeap 'non-nmethods': size=5760Kb used=2039Kb max_used=2080Kb free=3720Kb
 bounds [0x000002d5367b0000, 0x000002d536a20000, 0x000002d536d50000]
 total_blobs=6430 nmethods=4844 adapters=1497
 compilation: enabled
              stopped_count=0, restarted_count=0
 full_count=0

Compilation events (20 events):
Event: 18.028 Thread 0x000002d58f108200 5598       3       java.util.ArrayList::indexOfRange (71 bytes)
Event: 18.028 Thread 0x000002d58f108200 nmethod 5598 0x000002d52fb6b090 code [0x000002d52fb6b260, 0x000002d52fb6b728]
Event: 18.028 Thread 0x000002d58f108200 5596       3       java.util.ArrayList::contains (14 bytes)
Event: 18.029 Thread 0x000002d58f108200 nmethod 5596 0x000002d52fb6b910 code [0x000002d52fb6bac0, 0x000002d52fb6bdc8]
Event: 18.029 Thread 0x000002d58f108200 5597       3       java.util.ArrayList::indexOf (11 bytes)
Event: 18.029 Thread 0x000002d58f108200 nmethod 5597 0x000002d52fb6be90 code [0x000002d52fb6c020, 0x000002d52fb6c1e8]
Event: 18.029 Thread 0x000002d58f108200 5599   !   3       java.io.BufferedWriter::write (117 bytes)
Event: 18.029 Thread 0x000002d58f108200 nmethod 5599 0x000002d52fb6c290 code [0x000002d52fb6c480, 0x000002d52fb6ca88]
Event: 18.030 Thread 0x000002d58f108200 5601       3       jdk.internal.misc.Unsafe::ensureClassInitialized (18 bytes)
Event: 18.030 Thread 0x000002d58f108200 nmethod 5601 0x000002d52fb6ce10 code [0x000002d52fb6cfc0, 0x000002d52fb6d1f8]
Event: 18.030 Thread 0x000002d58f108200 5602       1       java.lang.invoke.MethodHandleImpl$AsVarargsCollector::getTarget (5 bytes)
Event: 18.030 Thread 0x000002d58f108200 nmethod 5602 0x000002d5370d6510 code [0x000002d5370d66a0, 0x000002d5370d6778]
Event: 18.030 Thread 0x000002d58f108200 5603       3       java.lang.invoke.StringConcatFactory::parseRecipe (198 bytes)
Event: 18.032 Thread 0x000002d58f107ce0 nmethod 5587 0x000002d5370d6810 code [0x000002d5370d69e0, 0x000002d5370d7258]
Event: 18.032 Thread 0x000002d58f107ce0 5595   !   4       java.util.concurrent.ConcurrentHashMap::putVal (432 bytes)
Event: 18.032 Thread 0x000002d58f108200 nmethod 5603 0x000002d52fb6d310 code [0x000002d52fb6d780, 0x000002d52fb6fcd8]
Event: 18.032 Thread 0x000002d58f108200 5604       3       java.lang.invoke.BoundMethodHandle::speciesDataFor (32 bytes)
Event: 18.032 Thread 0x000002d58f108200 nmethod 5604 0x000002d52fb70b10 code [0x000002d52fb70cc0, 0x000002d52fb71078]
Event: 18.033 Thread 0x000002d58f108200 5607       3       java.lang.StringCoding::implEncodeAsciiArray (47 bytes)
Event: 18.033 Thread 0x000002d58f108200 nmethod 5607 0x000002d52fb71190 code [0x000002d52fb71340, 0x000002d52fb71598]

GC Heap History (20 events):
Event: 12.522 GC heap before
{Heap before GC invocations=18 (full 0):
 garbage-first heap   total 49152K, used 24704K [0x0000000700e00000, 0x0000000800000000)
  region size 2048K, 7 young (14336K), 2 survivors (4096K)
 Metaspace       used 32832K, committed 33280K, reserved 1114112K
  class space    used 3139K, committed 3328K, reserved 1048576K
}
Event: 12.546 GC heap after
{Heap after GC invocations=19 (full 1):
 garbage-first heap   total 49152K, used 16098K [0x0000000700e00000, 0x0000000800000000)
  region size 2048K, 0 young (0K), 0 survivors (0K)
 Metaspace       used 32832K, committed 33280K, reserved 1114112K
  class space    used 3139K, committed 3328K, reserved 1048576K
}
Event: 12.617 GC heap before
{Heap before GC invocations=19 (full 1):
 garbage-first heap   total 49152K, used 34530K [0x0000000700e00000, 0x0000000800000000)
  region size 2048K, 10 young (20480K), 0 survivors (0K)
 Metaspace       used 33081K, committed 33472K, reserved 1114112K
  class space    used 3162K, committed 3328K, reserved 1048576K
}
Event: 12.622 GC heap after
{Heap after GC invocations=20 (full 1):
 garbage-first heap   total 53248K, used 30786K [0x0000000700e00000, 0x0000000800000000)
  region size 2048K, 2 young (4096K), 2 survivors (4096K)
 Metaspace       used 33081K, committed 33472K, reserved 1114112K
  class space    used 3162K, committed 3328K, reserved 1048576K
}
Event: 12.630 GC heap before
{Heap before GC invocations=20 (full 1):
 garbage-first heap   total 53248K, used 34882K [0x0000000700e00000, 0x0000000800000000)
  region size 2048K, 5 young (10240K), 2 survivors (4096K)
 Metaspace       used 33090K, committed 33472K, reserved 1114112K
  class space    used 3162K, committed 3328K, reserved 1048576K
}
Event: 12.633 GC heap after
{Heap after GC invocations=21 (full 1):
 garbage-first heap   total 53248K, used 36020K [0x0000000700e00000, 0x0000000800000000)
  region size 2048K, 1 young (2048K), 1 survivors (2048K)
 Metaspace       used 33090K, committed 33472K, reserved 1114112K
  class space    used 3162K, committed 3328K, reserved 1048576K
}
Event: 12.636 GC heap before
{Heap before GC invocations=21 (full 1):
 garbage-first heap   total 53248K, used 36020K [0x0000000700e00000, 0x0000000800000000)
  region size 2048K, 2 young (4096K), 1 survivors (2048K)
 Metaspace       used 33093K, committed 33472K, reserved 1114112K
  class space    used 3162K, committed 3328K, reserved 1048576K
}
Event: 12.637 GC heap after
{Heap after GC invocations=22 (full 1):
 garbage-first heap   total 53248K, used 38015K [0x0000000700e00000, 0x0000000800000000)
  region size 2048K, 1 young (2048K), 1 survivors (2048K)
 Metaspace       used 33093K, committed 33472K, reserved 1114112K
  class space    used 3162K, committed 3328K, reserved 1048576K
}
Event: 12.640 GC heap before
{Heap before GC invocations=22 (full 1):
 garbage-first heap   total 53248K, used 38015K [0x0000000700e00000, 0x0000000800000000)
  region size 2048K, 2 young (4096K), 1 survivors (2048K)
 Metaspace       used 33100K, committed 33472K, reserved 1114112K
  class space    used 3162K, committed 3328K, reserved 1048576K
}
Event: 12.642 GC heap after
{Heap after GC invocations=23 (full 1):
 garbage-first heap   total 157696K, used 39885K [0x0000000700e00000, 0x0000000800000000)
  region size 2048K, 1 young (2048K), 1 survivors (2048K)
 Metaspace       used 33100K, committed 33472K, reserved 1114112K
  class space    used 3162K, committed 3328K, reserved 1048576K
}
Event: 12.705 GC heap before
{Heap before GC invocations=24 (full 1):
 garbage-first heap   total 157696K, used 80845K [0x0000000700e00000, 0x0000000800000000)
  region size 2048K, 22 young (45056K), 1 survivors (2048K)
 Metaspace       used 33178K, committed 33536K, reserved 1114112K
  class space    used 3162K, committed 3328K, reserved 1048576K
}
Event: 12.714 GC heap after
{Heap after GC invocations=25 (full 1):
 garbage-first heap   total 157696K, used 74575K [0x0000000700e00000, 0x0000000800000000)
  region size 2048K, 3 young (6144K), 3 survivors (6144K)
 Metaspace       used 33178K, committed 33536K, reserved 1114112K
  class space    used 3162K, committed 3328K, reserved 1048576K
}
Event: 12.738 GC heap before
{Heap before GC invocations=25 (full 1):
 garbage-first heap   total 157696K, used 99151K [0x0000000700e00000, 0x0000000800000000)
  region size 2048K, 15 young (30720K), 3 survivors (6144K)
 Metaspace       used 33191K, committed 33536K, reserved 1114112K
  class space    used 3162K, committed 3328K, reserved 1048576K
}
Event: 12.746 GC heap after
{Heap after GC invocations=26 (full 1):
 garbage-first heap   total 157696K, used 98786K [0x0000000700e00000, 0x0000000800000000)
  region size 2048K, 2 young (4096K), 2 survivors (4096K)
 Metaspace       used 33191K, committed 33536K, reserved 1114112K
  class space    used 3162K, committed 3328K, reserved 1048576K
}
Event: 12.758 GC heap before
{Heap before GC invocations=26 (full 1):
 garbage-first heap   total 157696K, used 109026K [0x0000000700e00000, 0x0000000800000000)
  region size 2048K, 8 young (16384K), 2 survivors (4096K)
 Metaspace       used 33191K, committed 33536K, reserved 1114112K
  class space    used 3162K, committed 3328K, reserved 1048576K
}
Event: 12.762 GC heap after
{Heap after GC invocations=27 (full 1):
 garbage-first heap   total 157696K, used 111227K [0x0000000700e00000, 0x0000000800000000)
  region size 2048K, 1 young (2048K), 1 survivors (2048K)
 Metaspace       used 33191K, committed 33536K, reserved 1114112K
  class space    used 3162K, committed 3328K, reserved 1048576K
}
Event: 12.767 GC heap before
{Heap before GC invocations=27 (full 1):
 garbage-first heap   total 157696K, used 115323K [0x0000000700e00000, 0x0000000800000000)
  region size 2048K, 4 young (8192K), 1 survivors (2048K)
 Metaspace       used 33191K, committed 33536K, reserved 1114112K
  class space    used 3162K, committed 3328K, reserved 1048576K
}
Event: 12.769 GC heap after
{Heap after GC invocations=28 (full 1):
 garbage-first heap   total 157696K, used 117740K [0x0000000700e00000, 0x0000000800000000)
  region size 2048K, 1 young (2048K), 1 survivors (2048K)
 Metaspace       used 33191K, committed 33536K, reserved 1114112K
  class space    used 3162K, committed 3328K, reserved 1048576K
}
Event: 12.772 GC heap before
{Heap before GC invocations=28 (full 1):
 garbage-first heap   total 157696K, used 119788K [0x0000000700e00000, 0x0000000800000000)
  region size 2048K, 3 young (6144K), 1 survivors (2048K)
 Metaspace       used 33191K, committed 33536K, reserved 1114112K
  class space    used 3162K, committed 3328K, reserved 1048576K
}
Event: 12.775 GC heap after
{Heap after GC invocations=29 (full 1):
 garbage-first heap   total 471040K, used 121941K [0x0000000700e00000, 0x0000000800000000)
  region size 2048K, 1 young (2048K), 1 survivors (2048K)
 Metaspace       used 33191K, committed 33536K, reserved 1114112K
  class space    used 3162K, committed 3328K, reserved 1048576K
}

Dll operation events (17 events):
Event: 0.008 Loaded shared library C:\Users\Samuel.Walker-1\.jdks\corretto-17.0.11\bin\java.dll
Event: 0.025 Loaded shared library C:\Users\Samuel.Walker-1\.jdks\corretto-17.0.11\bin\jsvml.dll
Event: 0.160 Loaded shared library C:\Users\Samuel.Walker-1\.jdks\corretto-17.0.11\bin\zip.dll
Event: 0.162 Loaded shared library C:\Users\Samuel.Walker-1\.jdks\corretto-17.0.11\bin\instrument.dll
Event: 0.167 Loaded shared library C:\Users\Samuel.Walker-1\.jdks\corretto-17.0.11\bin\net.dll
Event: 0.169 Loaded shared library C:\Users\Samuel.Walker-1\.jdks\corretto-17.0.11\bin\nio.dll
Event: 0.173 Loaded shared library C:\Users\Samuel.Walker-1\.jdks\corretto-17.0.11\bin\zip.dll
Event: 0.285 Loaded shared library C:\Program Files\JetBrains\IntelliJ IDEA Community Edition 2024.1\bin\breakgen64.dll
Event: 0.300 Loaded shared library C:\Users\Samuel.Walker-1\.jdks\corretto-17.0.11\bin\extnet.dll
Event: 0.334 Loaded shared library C:\Users\Samuel.Walker-1\.jdks\corretto-17.0.11\bin\jimage.dll
Event: 0.356 Loaded shared library C:\Users\Samuel.Walker-1\AppData\Local\Temp\lwjgl_Samuel\3.3.2+13\x64\lwjgl.dll
Event: 0.491 Loaded shared library C:\Users\Samuel.Walker-1\.jdks\corretto-17.0.11\bin\awt.dll
Event: 0.825 Loaded shared library C:\Users\Samuel.Walker-1\.jdks\corretto-17.0.11\bin\verify.dll
Event: 1.650 Loaded shared library C:\Users\Samuel.Walker-1\AppData\Local\Temp\lwjgl_Samuel\3.3.2+13\x64\lwjgl_opengl.dll
Event: 1.766 Loaded shared library C:\Users\Samuel.Walker-1\AppData\Local\Temp\lwjgl_Samuel\3.3.2+13\x64\lwjgl_nuklear.dll
Event: 1.794 Loaded shared library C:\Users\Samuel.Walker-1\AppData\Local\Temp\lwjgl_Samuel\3.3.2+13\x64\lwjgl_stb.dll
Event: 10.116 Loaded shared library C:\Users\Samuel.Walker-1\.jdks\corretto-17.0.11\bin\sunmscapi.dll

Deoptimization events (20 events):
Event: 16.607 Thread 0x000002d5277780e0 Uncommon trap: trap_request=0xffffff45 fr.pc=0x000002d5370a6830 relative=0x0000000000000db0
Event: 16.607 Thread 0x000002d5277780e0 Uncommon trap: reason=unstable_if action=reinterpret pc=0x000002d5370a6830 method=com.xbuilders.engine.client.visuals.gameScene.rendering.chunk.mesh.CompactOcclusionMesh.getQueryResult()V @ 4 c2
Event: 16.607 Thread 0x000002d5277780e0 DEOPT PACKING pc=0x000002d5370a6830 sp=0x000000fc4f4fef10
Event: 16.607 Thread 0x000002d5277780e0 DEOPT UNPACKING pc=0x000002d5368069a3 sp=0x000000fc4f4feea0 mode 2
Event: 16.824 Thread 0x000002d5277780e0 DEOPT PACKING pc=0x000002d52faf3ef2 sp=0x000000fc4f4ff030
Event: 16.824 Thread 0x000002d5277780e0 DEOPT UNPACKING pc=0x000002d536807143 sp=0x000000fc4f4fe508 mode 0
Event: 17.410 Thread 0x000002d59b856ef0 DEOPT PACKING pc=0x000002d52fb487aa sp=0x000000fc51aff4a0
Event: 17.410 Thread 0x000002d59b856ef0 DEOPT UNPACKING pc=0x000002d536807143 sp=0x000000fc51afe9b0 mode 0
Event: 17.410 Thread 0x000002d59b856ef0 DEOPT PACKING pc=0x000002d52fb487aa sp=0x000000fc51aff4a0
Event: 17.410 Thread 0x000002d59b856ef0 DEOPT UNPACKING pc=0x000002d536807143 sp=0x000000fc51afe9b0 mode 0
Event: 17.411 Thread 0x000002d59b856ef0 DEOPT PACKING pc=0x000002d52fb487aa sp=0x000000fc51aff4a0
Event: 17.411 Thread 0x000002d59b856ef0 DEOPT UNPACKING pc=0x000002d536807143 sp=0x000000fc51afe9b0 mode 0
Event: 17.413 Thread 0x000002d59b856ef0 DEOPT PACKING pc=0x000002d52fb487aa sp=0x000000fc51aff4a0
Event: 17.413 Thread 0x000002d59b856ef0 DEOPT UNPACKING pc=0x000002d536807143 sp=0x000000fc51afe9b0 mode 0
Event: 17.414 Thread 0x000002d59b856ef0 DEOPT PACKING pc=0x000002d52fb487aa sp=0x000000fc51aff4a0
Event: 17.414 Thread 0x000002d59b856ef0 DEOPT UNPACKING pc=0x000002d536807143 sp=0x000000fc51afe9b0 mode 0
Event: 17.415 Thread 0x000002d59b856ef0 DEOPT PACKING pc=0x000002d52fb487aa sp=0x000000fc51aff4a0
Event: 17.415 Thread 0x000002d59b856ef0 DEOPT UNPACKING pc=0x000002d536807143 sp=0x000000fc51afe9b0 mode 0
Event: 17.416 Thread 0x000002d59b856ef0 DEOPT PACKING pc=0x000002d52fb487aa sp=0x000000fc51aff4a0
Event: 17.416 Thread 0x000002d59b856ef0 DEOPT UNPACKING pc=0x000002d536807143 sp=0x000000fc51afe9b0 mode 0

Classes unloaded (0 events):
No events

Classes redefined (0 events):
No events

Internal exceptions (20 events):
Event: 10.152 Thread 0x000002d5277780e0 Exception <a 'java/lang/NoSuchMethodError'{0x0000000702af6b80}: 'int java.lang.invoke.DirectMethodHandle$Holder.invokeStaticInit(java.lang.Object, java.lang.Object, java.lang.Object, java.lang.Object)'> (0x0000000702af6b80) 
thrown [s\src\hotspot\share\interpreter\linkResolver.cpp, line 759]
Event: 10.153 Thread 0x000002d5277780e0 Exception <a 'java/lang/NoSuchMethodError'{0x0000000702b00110}: 'java.lang.Object java.lang.invoke.DirectMethodHandle$Holder.invokeInterface(java.lang.Object, java.lang.Object)'> (0x0000000702b00110) 
thrown [s\src\hotspot\share\interpreter\linkResolver.cpp, line 759]
Event: 10.154 Thread 0x000002d5277780e0 Exception <a 'java/lang/IncompatibleClassChangeError'{0x0000000702b03908}: Found class java.lang.Object, but interface was expected> (0x0000000702b03908) 
thrown [s\src\hotspot\share\interpreter\linkResolver.cpp, line 826]
Event: 10.154 Thread 0x000002d5277780e0 Exception <a 'java/lang/NoSuchMethodError'{0x0000000702b06bd8}: 'void java.lang.invoke.DirectMethodHandle$Holder.invokeStaticInit(java.lang.Object, java.lang.Object)'> (0x0000000702b06bd8) 
thrown [s\src\hotspot\share\interpreter\linkResolver.cpp, line 759]
Event: 10.155 Thread 0x000002d5277780e0 Exception <a 'java/lang/NoSuchMethodError'{0x0000000702b0cc78}: 'int java.lang.invoke.DirectMethodHandle$Holder.invokeStaticInit(java.lang.Object, java.lang.Object)'> (0x0000000702b0cc78) 
thrown [s\src\hotspot\share\interpreter\linkResolver.cpp, line 759]
Event: 10.454 Thread 0x000002d5277780e0 Implicit null exception at 0x000002d536dd228c to 0x000002d536dd244d
Event: 11.473 Thread 0x000002d5277780e0 Exception <a 'java/lang/NoSuchMethodError'{0x000000070bc0fba8}: 'java.lang.Object java.lang.invoke.DirectMethodHandle$Holder.invokeSpecial(java.lang.Object, java.lang.Object, long, java.lang.Object, java.lang.Object, java.lang.Object, java.lang.Object, java.lang.Object, int)'> (0x000000070bc0fba8) 
thrown [s\src\hotspot\share\interpreter\linkResolver.cpp, line 759]
Event: 11.473 Thread 0x000002d5277780e0 Exception <a 'java/lang/NoSuchMethodError'{0x000000070bc14348}: 'java.lang.Object java.lang.invoke.DelegatingMethodHandle$Holder.reinvoke_L(java.lang.Object, long, java.lang.Object, java.lang.Object, java.lang.Object, java.lang.Object, java.lang.Object, int)'> (0x000000070bc14348) 
thrown [s\src\hotspot\share\interpreter\linkResolver.cpp, line 759]
Event: 11.474 Thread 0x000002d5277780e0 Exception <a 'java/lang/NoSuchMethodError'{0x000000070bc20b78}: 'java.lang.Object java.lang.invoke.DirectMethodHandle$Holder.invokeSpecial(java.lang.Object, java.lang.Object, java.lang.Object, java.lang.Object, java.lang.Object, java.lang.Object, java.lang.Object, int)'> (0x000000070bc20b78) 
thrown [s\src\hotspot\share\interpreter\linkResolver.cpp, line 759]
Event: 12.468 Thread 0x000002d5277780e0 Exception <a 'java/lang/NoSuchMethodError'{0x000000070bd92ac8}: 'void java.lang.invoke.DirectMethodHandle$Holder.invokeStatic(java.lang.Object, java.lang.Object, java.lang.Object, java.lang.Object)'> (0x000000070bd92ac8) 
thrown [s\src\hotspot\share\interpreter\linkResolver.cpp, line 759]
Event: 12.521 Thread 0x000002d5277780e0 Exception <a 'java/lang/NoSuchMethodError'{0x000000070ba0e2d0}: 'java.lang.Object java.lang.invoke.DirectMethodHandle$Holder.invokeVirtual(java.lang.Object, java.lang.Object, java.lang.Object, java.lang.Object)'> (0x000000070ba0e2d0) 
thrown [s\src\hotspot\share\interpreter\linkResolver.cpp, line 759]
Event: 13.336 Thread 0x000002d59b858840 Implicit null exception at 0x000002d537030d36 to 0x000002d537030dc1
Event: 15.947 Thread 0x000002d5277780e0 Implicit null exception at 0x000002d536e8ef78 to 0x000002d536e8fd78
Event: 15.991 Thread 0x000002d5277780e0 Exception <a 'java/lang/NoSuchMethodError'{0x00000007195cf910}: 'void java.lang.invoke.DirectMethodHandle$Holder.invokeSpecial(java.lang.Object, java.lang.Object, int, java.lang.Object)'> (0x00000007195cf910) 
thrown [s\src\hotspot\share\interpreter\linkResolver.cpp, line 759]
Event: 16.003 Thread 0x000002d5277780e0 Exception <a 'java/lang/NoSuchMethodError'{0x0000000719204278}: 'java.lang.Object java.lang.invoke.DirectMethodHandle$Holder.newInvokeSpecial(java.lang.Object, java.lang.Object, java.lang.Object, int)'> (0x0000000719204278) 
thrown [s\src\hotspot\share\interpreter\linkResolver.cpp, line 759]
Event: 16.004 Thread 0x000002d5277780e0 Exception <a 'java/lang/NoSuchMethodError'{0x00000007192083b0}: 'java.lang.Object java.lang.invoke.DirectMethodHandle$Holder.invokeSpecial(java.lang.Object, java.lang.Object, java.lang.Object, java.lang.Object, int)'> (0x00000007192083b0) 
thrown [s\src\hotspot\share\interpreter\linkResolver.cpp, line 759]
Event: 16.004 Thread 0x000002d5277780e0 Exception <a 'java/lang/NoSuchMethodError'{0x000000071920bcd0}: 'java.lang.Object java.lang.invoke.Invokers$Holder.linkToTargetMethod(java.lang.Object, java.lang.Object, int, java.lang.Object)'> (0x000000071920bcd0) 
thrown [s\src\hotspot\share\interpreter\linkResolver.cpp, line 759]
Event: 16.037 Thread 0x000002d5277780e0 Exception <a 'java/lang/NoSuchMethodError'{0x000000071927e778}: 'java.lang.Object java.lang.invoke.DirectMethodHandle$Holder.invokeStatic(java.lang.Object, float)'> (0x000000071927e778) 
thrown [s\src\hotspot\share\interpreter\linkResolver.cpp, line 759]
Event: 16.041 Thread 0x000002d5277780e0 Exception <a 'java/lang/NoSuchMethodError'{0x00000007192b6f48}: 'java.lang.Object java.lang.invoke.DirectMethodHandle$Holder.invokeSpecial(java.lang.Object, java.lang.Object, float)'> (0x00000007192b6f48) 
thrown [s\src\hotspot\share\interpreter\linkResolver.cpp, line 759]
Event: 18.029 Thread 0x000002d5277780e0 Exception <a 'java/lang/NoSuchMethodError'{0x0000000718c8c720}: 'void java.lang.invoke.DirectMethodHandle$Holder.invokeStatic(java.lang.Object, java.lang.Object, java.lang.Object)'> (0x0000000718c8c720) 
thrown [s\src\hotspot\share\interpreter\linkResolver.cpp, line 759]

VM Operations (20 events):
Event: 12.772 Executing VM operation: G1CollectForAllocation
Event: 12.775 Executing VM operation: G1CollectForAllocation done
Event: 12.797 Executing VM operation: G1PauseRemark
Event: 12.799 Executing VM operation: G1PauseRemark done
Event: 12.811 Executing VM operation: G1PauseCleanup
Event: 12.811 Executing VM operation: G1PauseCleanup done
Event: 13.822 Executing VM operation: Cleanup
Event: 13.823 Executing VM operation: Cleanup done
Event: 14.192 Executing VM operation: HandshakeAllThreads
Event: 14.192 Executing VM operation: HandshakeAllThreads done
Event: 15.204 Executing VM operation: Cleanup
Event: 15.204 Executing VM operation: Cleanup done
Event: 16.032 Executing VM operation: HandshakeAllThreads
Event: 16.032 Executing VM operation: HandshakeAllThreads done
Event: 16.035 Executing VM operation: HandshakeAllThreads
Event: 16.035 Executing VM operation: HandshakeAllThreads done
Event: 17.050 Executing VM operation: Cleanup
Event: 17.050 Executing VM operation: Cleanup done
Event: 18.028 Executing VM operation: HandshakeAllThreads
Event: 18.028 Executing VM operation: HandshakeAllThreads done

Events (20 events):
Event: 15.942 loading class java/util/TimerThread done
Event: 15.942 loading class java/util/Timer$ThreadReaper
Event: 15.942 loading class java/util/Timer$ThreadReaper done
Event: 15.942 Thread 0x000002d59b856ef0 Thread added: 0x000002d59b856ef0
Event: 15.949 loading class java/math/MathContext
Event: 15.950 loading class java/math/MathContext done
Event: 16.020 Thread 0x000002d5b4d55010 Thread added: 0x000002d5b4d55010
Event: 16.032 loading class java/io/UnsupportedEncodingException
Event: 16.032 loading class java/io/UnsupportedEncodingException done
Event: 16.034 loading class java/lang/Math$RandomNumberGeneratorHolder
Event: 16.034 loading class java/lang/Math$RandomNumberGeneratorHolder done
Event: 16.471 Thread 0x000002d5b4d55010 Thread exited: 0x000002d5b4d55010
Event: 16.605 loading class java/awt/MouseInfo
Event: 16.605 loading class java/awt/MouseInfo done
Event: 16.605 loading class sun/awt/windows/WMouseInfoPeer
Event: 16.605 loading class java/awt/peer/MouseInfoPeer
Event: 16.605 loading class java/awt/peer/MouseInfoPeer done
Event: 16.605 loading class sun/awt/windows/WMouseInfoPeer done
Event: 16.605 loading class java/awt/PointerInfo
Event: 16.606 loading class java/awt/PointerInfo done


Dynamic libraries:
0x00007ff7fabc0000 - 0x00007ff7fabce000 	C:\Users\Samuel.Walker-1\.jdks\corretto-17.0.11\bin\java.exe
0x00007ffa711f0000 - 0x00007ffa713e8000 	C:\WINDOWS\SYSTEM32\ntdll.dll
0x00007ffa70d20000 - 0x00007ffa70de1000 	C:\WINDOWS\System32\KERNEL32.DLL
0x00007ffa6eef0000 - 0x00007ffa6f1ed000 	C:\WINDOWS\System32\KERNELBASE.dll
0x00007ffa6eab0000 - 0x00007ffa6ebb0000 	C:\WINDOWS\System32\ucrtbase.dll
0x00007ffa61700000 - 0x00007ffa6171b000 	C:\Users\Samuel.Walker-1\.jdks\corretto-17.0.11\bin\VCRUNTIME140.dll
0x00007ffa64010000 - 0x00007ffa64027000 	C:\Users\Samuel.Walker-1\.jdks\corretto-17.0.11\bin\jli.dll
0x00007ffa70f00000 - 0x00007ffa7109d000 	C:\WINDOWS\System32\USER32.dll
0x00007ffa618c0000 - 0x00007ffa61b5a000 	C:\WINDOWS\WinSxS\amd64_microsoft.windows.common-controls_6595b64144ccf1df_6.0.19041.4355_none_60b8b9eb71f62e16\COMCTL32.dll
0x00007ffa6ed10000 - 0x00007ffa6ed32000 	C:\WINDOWS\System32\win32u.dll
0x00007ffa703b0000 - 0x00007ffa703db000 	C:\WINDOWS\System32\GDI32.dll
0x00007ffa706d0000 - 0x00007ffa7076e000 	C:\WINDOWS\System32\msvcrt.dll
0x00007ffa6ed40000 - 0x00007ffa6ee57000 	C:\WINDOWS\System32\gdi32full.dll
0x00007ffa6e8a0000 - 0x00007ffa6e93d000 	C:\WINDOWS\System32\msvcp_win.dll
0x00007ffa710a0000 - 0x00007ffa710cf000 	C:\WINDOWS\System32\IMM32.DLL
0x00007ffa682d0000 - 0x00007ffa682dc000 	C:\Users\Samuel.Walker-1\.jdks\corretto-17.0.11\bin\vcruntime140_1.dll
0x00007ffa5fc00000 - 0x00007ffa5fc8d000 	C:\Users\Samuel.Walker-1\.jdks\corretto-17.0.11\bin\msvcp140.dll
0x00007ffa11df0000 - 0x00007ffa12a52000 	C:\Users\Samuel.Walker-1\.jdks\corretto-17.0.11\bin\server\jvm.dll
0x00007ffa70e50000 - 0x00007ffa70f00000 	C:\WINDOWS\System32\ADVAPI32.dll
0x00007ffa6f7c0000 - 0x00007ffa6f860000 	C:\WINDOWS\System32\sechost.dll
0x00007ffa6f4f0000 - 0x00007ffa6f613000 	C:\WINDOWS\System32\RPCRT4.dll
0x00007ffa6f1f0000 - 0x00007ffa6f217000 	C:\WINDOWS\System32\bcrypt.dll
0x00007ffa6e320000 - 0x00007ffa6e36b000 	C:\WINDOWS\SYSTEM32\POWRPROF.dll
0x00007ffa64f20000 - 0x00007ffa64f47000 	C:\WINDOWS\SYSTEM32\WINMM.dll
0x00007ffa596a0000 - 0x00007ffa596a9000 	C:\WINDOWS\SYSTEM32\WSOCK32.dll
0x00007ffa70840000 - 0x00007ffa708ab000 	C:\WINDOWS\System32\WS2_32.dll
0x00007ffa69180000 - 0x00007ffa6918a000 	C:\WINDOWS\SYSTEM32\VERSION.dll
0x00007ffa6e210000 - 0x00007ffa6e222000 	C:\WINDOWS\SYSTEM32\UMPDC.dll
0x00007ffa6c700000 - 0x00007ffa6c712000 	C:\WINDOWS\SYSTEM32\kernel.appcore.dll
0x00007ffa64220000 - 0x00007ffa6422a000 	C:\Users\Samuel.Walker-1\.jdks\corretto-17.0.11\bin\jimage.dll
0x00007ffa620d0000 - 0x00007ffa622b4000 	C:\WINDOWS\SYSTEM32\DBGHELP.DLL
0x00007ffa62050000 - 0x00007ffa62084000 	C:\WINDOWS\SYSTEM32\dbgcore.DLL
0x00007ffa6ee60000 - 0x00007ffa6eee2000 	C:\WINDOWS\System32\bcryptPrimitives.dll
0x00007ffa617c0000 - 0x00007ffa617ce000 	C:\Users\Samuel.Walker-1\.jdks\corretto-17.0.11\bin\instrument.dll
0x00007ffa615e0000 - 0x00007ffa61605000 	C:\Users\Samuel.Walker-1\.jdks\corretto-17.0.11\bin\java.dll
0x00007ffa48a80000 - 0x00007ffa48b57000 	C:\Users\Samuel.Walker-1\.jdks\corretto-17.0.11\bin\jsvml.dll
0x00007ffa6f880000 - 0x00007ffa6ffef000 	C:\WINDOWS\System32\SHELL32.dll
0x00007ffa6c900000 - 0x00007ffa6d09f000 	C:\WINDOWS\SYSTEM32\windows.storage.dll
0x00007ffa70050000 - 0x00007ffa703a3000 	C:\WINDOWS\System32\combase.dll
0x00007ffa6e170000 - 0x00007ffa6e19e000 	C:\WINDOWS\SYSTEM32\Wldp.dll
0x00007ffa6f280000 - 0x00007ffa6f34d000 	C:\WINDOWS\System32\OLEAUT32.dll
0x00007ffa70770000 - 0x00007ffa7081d000 	C:\WINDOWS\System32\SHCORE.dll
0x00007ffa6f220000 - 0x00007ffa6f275000 	C:\WINDOWS\System32\shlwapi.dll
0x00007ffa6e7d0000 - 0x00007ffa6e7f4000 	C:\WINDOWS\SYSTEM32\profapi.dll
0x00007ffa61170000 - 0x00007ffa61188000 	C:\Users\Samuel.Walker-1\.jdks\corretto-17.0.11\bin\zip.dll
0x00007ffa616e0000 - 0x00007ffa616f9000 	C:\Users\Samuel.Walker-1\.jdks\corretto-17.0.11\bin\net.dll
0x00007ffa67f80000 - 0x00007ffa6808d000 	C:\WINDOWS\SYSTEM32\WINHTTP.dll
0x00007ffa6df50000 - 0x00007ffa6dfba000 	C:\WINDOWS\system32\mswsock.dll
0x00007ffa61240000 - 0x00007ffa61256000 	C:\Users\Samuel.Walker-1\.jdks\corretto-17.0.11\bin\nio.dll
0x00007ffa61150000 - 0x00007ffa6116a000 	C:\Program Files\JetBrains\IntelliJ IDEA Community Edition 2024.1\bin\breakgen64.dll
0x00007ffa61780000 - 0x00007ffa61789000 	C:\Users\Samuel.Walker-1\.jdks\corretto-17.0.11\bin\extnet.dll
0x00007ffa4c580000 - 0x00007ffa4c5fa000 	C:\Users\Samuel.Walker-1\AppData\Local\Temp\lwjgl_Samuel\3.3.2+13\x64\lwjgl.dll
0x00007ffa3c530000 - 0x00007ffa3c7a0000 	C:\Users\SAMUEL~1.WAL\AppData\Local\Temp\lwjgl_Samuel\3.3.2+13\x64\jemalloc.dll
0x00007ffa3a980000 - 0x00007ffa3ab10000 	C:\Users\Samuel.Walker-1\.jdks\corretto-17.0.11\bin\awt.dll
0x00007ffa6b5e0000 - 0x00007ffa6b674000 	C:\WINDOWS\SYSTEM32\apphelp.dll
0x00007ffa6c400000 - 0x00007ffa6c42f000 	C:\WINDOWS\system32\DWMAPI.DLL
0x00007ffa6c210000 - 0x00007ffa6c2ae000 	C:\WINDOWS\system32\uxtheme.dll
0x00007ffa43a50000 - 0x00007ffa43b78000 	C:\WINDOWS\system32\opengl32.dll
0x00007ffa682e0000 - 0x00007ffa6830c000 	C:\WINDOWS\SYSTEM32\GLU32.dll
0x00007ffa6f3d0000 - 0x00007ffa6f4e4000 	C:\WINDOWS\System32\MSCTF.dll
0x00007ffa6f690000 - 0x00007ffa6f7bb000 	C:\WINDOWS\System32\ole32.dll
0x00007ffa39460000 - 0x00007ffa39630000 	C:\WINDOWS\system32\d3d9.dll
0x00007ffa64f50000 - 0x00007ffa6512b000 	C:\WINDOWS\System32\DriverStore\FileRepository\c0360470.inf_amd64_b06c374aee20d185\B360357\aticfx64.dll
0x00007ffa5b6c0000 - 0x00007ffa5b6f3000 	C:\WINDOWS\System32\DriverStore\FileRepository\c0360470.inf_amd64_b06c374aee20d185\B360357\atiu9p64.dll
0x00007ffa10640000 - 0x00007ffa112d6000 	C:\WINDOWS\System32\DriverStore\FileRepository\c0360470.inf_amd64_b06c374aee20d185\B360357\atiumd64.dll
0x0000000066810000 - 0x0000000067689000 	C:\WINDOWS\System32\DriverStore\FileRepository\c0360470.inf_amd64_b06c374aee20d185\B360357\atiumd6a.dll
0x00007ffa62640000 - 0x00007ffa6266f000 	C:\WINDOWS\SYSTEM32\amdihk64.dll
0x00007ffa68f50000 - 0x00007ffa68f8b000 	C:\WINDOWS\SYSTEM32\dxcore.dll
0x00007ffa6ea60000 - 0x00007ffa6eaae000 	C:\WINDOWS\System32\cfgmgr32.dll
0x00007ffa60170000 - 0x00007ffa60180000 	C:\Users\Samuel.Walker-1\.jdks\corretto-17.0.11\bin\verify.dll
0x00007ffa489f0000 - 0x00007ffa48a72000 	C:\Users\SAMUEL~1.WAL\AppData\Local\Temp\lwjgl_Samuel\3.3.2+13\x64\glfw.dll
0x00007ffa5b5d0000 - 0x00007ffa5b615000 	C:\WINDOWS\SYSTEM32\dinput8.dll
0x00007ffa5fb00000 - 0x00007ffa5fb11000 	C:\WINDOWS\SYSTEM32\xinput1_4.dll
0x00007ffa6e620000 - 0x00007ffa6e653000 	C:\WINDOWS\SYSTEM32\DEVOBJ.dll
0x00007ffa60230000 - 0x00007ffa60382000 	C:\WINDOWS\SYSTEM32\inputhost.dll
0x00007ffa6ad00000 - 0x00007ffa6adf2000 	C:\WINDOWS\SYSTEM32\CoreMessaging.dll
0x00007ffa6b9f0000 - 0x00007ffa6bae6000 	C:\WINDOWS\SYSTEM32\PROPSYS.dll
0x00007ffa6b0c0000 - 0x00007ffa6b217000 	C:\WINDOWS\SYSTEM32\wintypes.dll
0x00007ffa6a850000 - 0x00007ffa6abab000 	C:\WINDOWS\SYSTEM32\CoreUIComponents.dll
0x00007ffa6d9b0000 - 0x00007ffa6d9e3000 	C:\WINDOWS\SYSTEM32\ntmarta.dll
0x00007ffa5a460000 - 0x00007ffa5a477000 	C:\WINDOWS\system32\napinsp.dll
0x00007ffa59d20000 - 0x00007ffa59d3b000 	C:\WINDOWS\system32\pnrpnsp.dll
0x00007ffa6ae00000 - 0x00007ffa6ae15000 	C:\WINDOWS\system32\wshbth.dll
0x00007ffa681b0000 - 0x00007ffa681cd000 	C:\WINDOWS\system32\NLAapi.dll
0x00007ffa6dc50000 - 0x00007ffa6dc8b000 	C:\WINDOWS\SYSTEM32\IPHLPAPI.DLL
0x00007ffa6dc90000 - 0x00007ffa6dd5a000 	C:\WINDOWS\SYSTEM32\DNSAPI.dll
0x00007ffa6f620000 - 0x00007ffa6f628000 	C:\WINDOWS\System32\NSI.dll
0x00007ffa59c00000 - 0x00007ffa59c12000 	C:\WINDOWS\System32\winrnr.dll
0x00007ffa64620000 - 0x00007ffa6462a000 	C:\Windows\System32\rasadhlp.dll
0x00007ffa66a10000 - 0x00007ffa66a90000 	C:\WINDOWS\System32\fwpuclnt.dll
0x00007ffa70620000 - 0x00007ffa706c9000 	C:\WINDOWS\System32\clbcatq.dll
0x00007ffa66d60000 - 0x00007ffa66e62000 	C:\Windows\System32\AppXDeploymentClient.dll
0x00007ffa577c0000 - 0x00007ffa577ea000 	C:\WINDOWS\System32\DriverStore\FileRepository\c0360470.inf_amd64_b06c374aee20d185\B360357\atig6pxx.dll
0x00007ffa0d950000 - 0x00007ffa10637000 	C:\WINDOWS\System32\DriverStore\FileRepository\c0360470.inf_amd64_b06c374aee20d185\B360357\atio6axx.dll
0x00007ffa708b0000 - 0x00007ffa70d1e000 	C:\WINDOWS\System32\SETUPAPI.dll
0x00007ffa5ff20000 - 0x00007ffa5ff44000 	C:\WINDOWS\SYSTEM32\dxva2.dll
0x00007ffa55030000 - 0x00007ffa5506c000 	C:\WINDOWS\System32\DriverStore\FileRepository\c0360470.inf_amd64_b06c374aee20d185\B360357\atig6txx.dll
0x00007ffa31e60000 - 0x00007ffa32019000 	C:\WINDOWS\SYSTEM32\atiadlxx.dll
0x00007ffa6f870000 - 0x00007ffa6f878000 	C:\WINDOWS\System32\PSAPI.DLL
0x00007ffa6e9f0000 - 0x00007ffa6ea59000 	C:\WINDOWS\System32\WINTRUST.dll
0x00007ffa6ebb0000 - 0x00007ffa6ed0e000 	C:\WINDOWS\System32\CRYPT32.dll
0x00007ffa6e570000 - 0x00007ffa6e582000 	C:\WINDOWS\SYSTEM32\MSASN1.dll
0x00007ffa475f0000 - 0x00007ffa4764e000 	C:\Users\Samuel.Walker-1\AppData\Local\Temp\lwjgl_Samuel\3.3.2+13\x64\lwjgl_opengl.dll
0x00007ffa45a60000 - 0x00007ffa45ad3000 	C:\Users\Samuel.Walker-1\AppData\Local\Temp\lwjgl_Samuel\3.3.2+13\x64\lwjgl_nuklear.dll
0x00007ffa44790000 - 0x00007ffa44812000 	C:\Users\Samuel.Walker-1\AppData\Local\Temp\lwjgl_Samuel\3.3.2+13\x64\lwjgl_stb.dll
0x00007ffa676f0000 - 0x00007ffa6779e000 	C:\WINDOWS\SYSTEM32\mscms.dll
0x00007ffa6e740000 - 0x00007ffa6e76e000 	C:\WINDOWS\SYSTEM32\USERENV.dll
0x00007ffa676d0000 - 0x00007ffa676e1000 	C:\WINDOWS\SYSTEM32\ColorAdapterClient.dll
0x00007ffa68a90000 - 0x00007ffa68ad6000 	C:\WINDOWS\SYSTEM32\icm32.dll
0x00007ffa6e530000 - 0x00007ffa6e548000 	C:\WINDOWS\SYSTEM32\CRYPTSP.dll
0x00007ffa6d890000 - 0x00007ffa6d8c4000 	C:\WINDOWS\system32\rsaenh.dll
0x00007ffa6e0e0000 - 0x00007ffa6e0ec000 	C:\WINDOWS\SYSTEM32\CRYPTBASE.dll
0x00007ffa67580000 - 0x00007ffa67597000 	C:\WINDOWS\SYSTEM32\dhcpcsvc6.DLL
0x00007ffa675d0000 - 0x00007ffa675ed000 	C:\WINDOWS\SYSTEM32\dhcpcsvc.DLL
0x00007ffa6a4b0000 - 0x00007ffa6a4c4000 	C:\WINDOWS\system32\Wtsapi32.dll
0x00007ffa6d510000 - 0x00007ffa6d56b000 	C:\WINDOWS\SYSTEM32\WINSTA.dll
0x00007ffa60790000 - 0x00007ffa6079e000 	C:\Users\Samuel.Walker-1\.jdks\corretto-17.0.11\bin\sunmscapi.dll
0x00007ffa6e1e0000 - 0x00007ffa6e209000 	C:\WINDOWS\SYSTEM32\ncrypt.dll
0x00007ffa6e1a0000 - 0x00007ffa6e1db000 	C:\WINDOWS\SYSTEM32\NTASN1.dll
0x00007ffa60390000 - 0x00007ffa60489000 	C:\WINDOWS\SYSTEM32\textinputframework.dll

dbghelp: loaded successfully - version: 4.0.5 - missing functions: none
symbol engine: initialized successfully - sym options: 0x614 - pdb path: .;C:\Users\Samuel.Walker-1\.jdks\corretto-17.0.11\bin;C:\WINDOWS\SYSTEM32;C:\WINDOWS\WinSxS\amd64_microsoft.windows.common-controls_6595b64144ccf1df_6.0.19041.4355_none_60b8b9eb71f62e16;C:\Users\Samuel.Walker-1\.jdks\corretto-17.0.11\bin\server;C:\Program Files\JetBrains\IntelliJ IDEA Community Edition 2024.1\bin;C:\Users\Samuel.Walker-1\AppData\Local\Temp\lwjgl_Samuel\3.3.2+13\x64;C:\Users\SAMUEL~1.WAL\AppData\Local\Temp\lwjgl_Samuel\3.3.2+13\x64;C:\WINDOWS\System32\DriverStore\FileRepository\c0360470.inf_amd64_b06c374aee20d185\B360357

VM Arguments:
jvm_args: -javaagent:C:\Program Files\JetBrains\IntelliJ IDEA Community Edition 2024.1\lib\idea_rt.jar=64804:C:\Program Files\JetBrains\IntelliJ IDEA Community Edition 2024.1\bin -Dfile.encoding=UTF-8 
java_command: com.xbuilders.Main devmode name=DEV
java_class_path (initial): D:\xbuilders\target\classes;C:\Users\Samuel.Walker-1\.m2\repository\com\esotericsoftware\kryo\5.6.2\kryo-5.6.2.jar;C:\Users\Samuel.Walker-1\.m2\repository\com\esotericsoftware\reflectasm\1.11.9\reflectasm-1.11.9.jar;C:\Users\Samuel.Walker-1\.m2\repository\org\objenesis\objenesis\3.4\objenesis-3.4.jar;C:\Users\Samuel.Walker-1\.m2\repository\com\esotericsoftware\minlog\1.3.1\minlog-1.3.1.jar;C:\Users\Samuel.Walker-1\.m2\repository\io\netty\netty-all\4.1.116.Final\netty-all-4.1.116.Final.jar;C:\Users\Samuel.Walker-1\.m2\repository\io\netty\netty-buffer\4.1.116.Final\netty-buffer-4.1.116.Final.jar;C:\Users\Samuel.Walker-1\.m2\repository\io\netty\netty-codec\4.1.116.Final\netty-codec-4.1.116.Final.jar;C:\Users\Samuel.Walker-1\.m2\repository\io\netty\netty-codec-dns\4.1.116.Final\netty-codec-dns-4.1.116.Final.jar;C:\Users\Samuel.Walker-1\.m2\repository\io\netty\netty-codec-haproxy\4.1.116.Final\netty-codec-haproxy-4.1.116.Final.jar;C:\Users\Samuel.Walker-1\.m2\repository\io\netty\netty-codec-http\4.1.116.Final\netty-codec-http-4.1.116.Final.jar;C:\Users\Samuel.Walker-1\.m2\repository\io\netty\netty-codec-http2\4.1.116.Final\netty-codec-http2-4.1.116.Final.jar;C:\Users\Samuel.Walker-1\.m2\repository\io\netty\netty-codec-memcache\4.1.116.Final\netty-codec-memcache-4.1.116.Final.jar;C:\Users\Samuel.Walker-1\.m2\repository\io\netty\netty-codec-mqtt\4.1.116.Final\netty-codec-mqtt-4.1.116.Final.jar;C:\Users\Samuel.Walker-1\.m2\repository\io\netty\netty-codec-redis\4.1.116.Final\netty-codec-redis-4.1.116.Final.jar;C:\Users\Samuel.Walker-1\.m2\repository\io\netty\netty-codec-smtp\4.1.116.Final\netty-codec-smtp-4.1.116.Final.jar;C:\Users\Samuel.Walker-1\.m2\repository\io\netty\netty-codec-socks\4.1.116.Final\netty-codec-socks-4.1.116.Final.jar;C:\Users\Samuel.Walker-1\.m2\repository\io\netty\netty-codec-stomp\4.1.116.Final\netty-codec-stomp-4.1.116.Final.jar;C:\Users\Samuel.Walker-1\.m2\repository\io\netty\netty-codec-xml\4.1.116.Final\netty-codec-xml-
Launcher Type: SUN_STANDARD

[Global flags]
     intx CICompilerCount                          = 3                                         {product} {ergonomic}
     uint ConcGCThreads                            = 1                                         {product} {ergonomic}
     uint G1ConcRefinementThreads                  = 4                                         {product} {ergonomic}
   size_t G1HeapRegionSize                         = 2097152                                   {product} {ergonomic}
    uintx GCDrainStackTargetSize                   = 64                                        {product} {ergonomic}
   size_t InitialHeapSize                          = 268435456                                 {product} {ergonomic}
   size_t MarkStackSize                            = 4194304                                   {product} {ergonomic}
   size_t MaxHeapSize                              = 4280287232                                {product} {ergonomic}
   size_t MaxNewSize                               = 2566914048                                {product} {ergonomic}
   size_t MinHeapDeltaBytes                        = 2097152                                   {product} {ergonomic}
   size_t MinHeapSize                              = 8388608                                   {product} {ergonomic}
    uintx NonNMethodCodeHeapSize                   = 5832780                                {pd product} {ergonomic}
    uintx NonProfiledCodeHeapSize                  = 122912730                              {pd product} {ergonomic}
    uintx ProfiledCodeHeapSize                     = 122912730                              {pd product} {ergonomic}
    uintx ReservedCodeCacheSize                    = 251658240                              {pd product} {ergonomic}
     bool SegmentedCodeCache                       = true                                      {product} {ergonomic}
   size_t SoftMaxHeapSize                          = 4280287232                             {manageable} {ergonomic}
     bool UseCompressedClassPointers               = true                           {product lp64_product} {ergonomic}
     bool UseCompressedOops                        = true                           {product lp64_product} {ergonomic}
     bool UseG1GC                                  = true                                      {product} {ergonomic}
     bool UseLargePagesIndividualAllocation        = false                                  {pd product} {ergonomic}

Logging:
Log output configuration:
 #0: stdout all=warning uptime,level,tags
 #1: stderr all=off uptime,level,tags

Environment Variables:
JAVA_HOME=C:\Program Files\Java\jdk1.8.0_221
PATH=C:\Program Files\Common Files\Oracle\Java\javapath;C:\Program Files (x86)\AMD APP\bin\x86_64;C:\Program Files (x86)\AMD APP\bin\x86;C:\WINDOWS\system32;C:\WINDOWS;C:\WINDOWS\System32\Wbem;C:\WINDOWS\System32\WindowsPowerShell\v1.0\;C:\Program Files (x86)\Microsoft ASP.NET\ASP.NET Web Pages\v1.0\;C:\Program Files\Microsoft SQL Server\110\Tools\Binn\;C:\Program Files (x86)\Microsoft SQL Server\110\Tools\Binn\;C:\Program Files (x86)\Microsoft SQL Server\110\DTS\Binn\;C:\Program Files (x86)\Microsoft SQL Server\110\Tools\Binn\ManagementStudio\;C:\Program Files (x86)\ATI Technologies\ATI.ACE\Core-Static;C:\Program Files\Microsoft\Web Platform Installer\;C:\Program Files\Microsoft SQL Server\120\Tools\Binn\;C:\Program Files (x86)\QuickTime\QTSystem\;C:\Program Files (x86)\AMD\ATI.ACE\Core-Static;C:\Program Files (x86)\Skype\Phone\;C:\Program Files (x86)\Heroku\bin;C:\Program Files (x86)\git\cmd;C:\Program Files\Microsoft SQL Server\130\Tools\Binn\;C:\Program Files\dotnet\;C:\Program Files (x86)\IVI Foundation\VISA\WinNT\Bin;C:\WINDOWS\System32\OpenSSH\;C:\Program Files\Microsoft VS Code\bin;C:\Program Files\nodejs\;C:\Program Files\Java\jdk1.8.0_221\bin;C:\Program Files\heroku\bin;C:\Program Files\PuTTY\;C:\Program Files\Docker\Docker\resources\bin;C:\Program Files (x86)\Windows Kits\10\Windows Performance Toolkit\;C:\Program Files\Git\cmd;C:\Users\Samuel.Walker-1\AppData\Local\Microsoft\WindowsApps;C:\Users\Samuel.Walker-1\AppData\Local\GitHubDesktop\bin
USERNAME=Samuel
OS=Windows_NT
PROCESSOR_IDENTIFIER=Intel64 Family 6 Model 58 Stepping 9, GenuineIntel
TMP=C:\Users\SAMUEL~1.WAL\AppData\Local\Temp
TEMP=C:\Users\SAMUEL~1.WAL\AppData\Local\Temp



Periodic native trim disabled


---------------  S Y S T E M  ---------------

OS:
 Windows 10 , 64 bit Build 19041 (10.0.19041.4717)
OS uptime: 10 days 19:02 hours
Hyper-V role detected

CPU: total 4 (initial active 4) (4 cores per cpu, 1 threads per core) family 6 model 58 stepping 9 microcode 0x21, cx8, cmov, fxsr, mmx, sse, sse2, sse3, ssse3, sse4.1, sse4.2, popcnt, tsc, tscinvbit, avx, aes, erms, clmul, vzeroupper, clflush, hv
Processor Information for all 4 processors :
  Max Mhz: 3401, Current Mhz: 3401, Mhz Limit: 3401

Memory: 4k page, system-wide physical 16327M (6484M free)
TotalPageFile size 18759M (AvailPageFile size 4397M)
current process WorkingSet (physical memory assigned to process): 476M, peak: 482M
current process commit charge ("private bytes"): 961M, peak: 995M

vm_info: OpenJDK 64-Bit Server VM (17.0.11+9-LTS) for windows-amd64 JRE (17.0.11+9-LTS), built on Apr 10 2024 22:12:24 by "Administrator" with MS VC++ 16.10 / 16.11 (VS2019)

END.
