#
# A fatal error has been detected by the Java Runtime Environment:
#
#  EXCEPTION_ACCESS_VIOLATION (0xc0000005) at pc=0x00007ffd2286cbad, pid=10036, tid=384
#
# JRE version: OpenJDK Runtime Environment Corretto-17.0.13.11.1 (17.0.13+11) (build 17.0.13+11-LTS)
# Java VM: OpenJDK 64-Bit Server VM Corretto-17.0.13.11.1 (17.0.13+11-LTS, mixed mode, sharing, tiered, compressed oops, compressed class ptrs, g1 gc, windows-amd64)
# Problematic frame:
# C  [lwjgl_nuklear.dll+0x1cbad]
#
# No core dump will be written. Minidumps are not enabled by default on client versions of Windows
#
# If you would like to submit a bug report, please visit:
#   https://github.com/corretto/corretto-17/issues/
# The crash happened outside the Java Virtual Machine in native code.
# See problematic frame for where to report the bug.
#

---------------  S U M M A R Y ------------

Command Line: -javaagent:C:\Program Files\JetBrains\IntelliJ IDEA Community Edition 2024.3.1\lib\idea_rt.jar=59197:C:\Program Files\JetBrains\IntelliJ IDEA Community Edition 2024.3.1\bin -Dfile.encoding=UTF-8 com.xbuilders.Main devmode loadWorldOnStartup

Host: Intel(R) Core(TM) i5-9500 CPU @ 3.00GHz, 6 cores, 7G,  Windows 11 , 64 bit Build 22621 (10.0.22621.4391)
Time: Mon Dec 16 12:33:29 2024 Mountain Standard Time elapsed time: 7.838299 seconds (0d 0h 0m 7s)

---------------  T H R E A D  ---------------

Current thread (0x00000144105246d0):  JavaThread "main" [_thread_in_native, id=384, stack(0x0000003a73200000,0x0000003a73300000)]

Stack: [0x0000003a73200000,0x0000003a73300000],  sp=0x0000003a732fed10,  free space=1019k
Native frames: (J=compiled Java code, j=interpreted, Vv=VM code, C=native code)
C  [lwjgl_nuklear.dll+0x1cbad]

Java frames: (J=compiled Java code, j=interpreted, Vv=VM code)
j  org.lwjgl.nuklear.Nuklear.nnk_group_end(J)V+0
j  org.lwjgl.nuklear.Nuklear.nk_group_end(Lorg/lwjgl/nuklear/NkContext;)V+4
j  com.xbuilders.content.vanilla.ui.UI_RecipeIndex.drawWindow(Lorg/lwjgl/system/MemoryStack;Lorg/lwjgl/nuklear/NkRect;)V+136
j  com.xbuilders.engine.client.visuals.ui.gameScene.items.UI_ItemWindow.draw(Lorg/lwjgl/system/MemoryStack;)V+142
j  com.xbuilders.content.vanilla.ui.GameMenus.draw(Lorg/lwjgl/system/MemoryStack;)Z+34
j  com.xbuilders.content.vanilla.XbuildersGame.uiDraw(Lorg/lwjgl/system/MemoryStack;)Z+5
j  com.xbuilders.engine.client.visuals.ui.gameScene.GameUI.draw()V+95
j  com.xbuilders.engine.game.model.GameScene.render()V+183
j  com.xbuilders.engine.MainWindow.render()V+9
j  com.xbuilders.engine.MainWindow.<init>([Ljava/lang/String;)V+316
j  com.xbuilders.Main.main([Ljava/lang/String;)V+5
v  ~StubRoutines::call_stub

siginfo: EXCEPTION_ACCESS_VIOLATION (0xc0000005), reading address 0x0000000000000044


Registers:
RAX=0x0000003a732fed40, RBX=0x0000014476cc0130, RCX=0x0000000000000000, RDX=0x0000000000000020
RSP=0x0000003a732fed10, RBP=0x0000003a732fee10, RSI=0x000001447e740810, RDI=0x000001447e740210
R8 =0x00000000000000b8, R9 =0x00000000000000c0, R10=0x00007ffd22850000, R11=0x00007ffd2288c51b
R12=0x0000000000000000, R13=0x000001447107a498, R14=0x000001447e740878, R15=0x0000000000000000
RIP=0x00007ffd2286cbad, EFLAGS=0x0000000000010202


Register to memory mapping:

RIP=0x00007ffd2286cbad lwjgl_nuklear.dll
RAX=0x0000003a732fed40 is pointing into the stack for thread: 0x00000144105246d0
RBX=0x0000014476cc0130 points into unknown readable memory: 0x0000000000000000 | 00 00 00 00 00 00 00 00
RCX=0x0 is NULL
RDX=0x0000000000000020 is an unknown value
RSP=0x0000003a732fed10 is pointing into the stack for thread: 0x00000144105246d0
RBP=0x0000003a732fee10 is pointing into the stack for thread: 0x00000144105246d0
RSI=0x000001447e740810 points into unknown readable memory: 0x584c6549000000bc | bc 00 00 00 49 65 4c 58
RDI=0x000001447e740210 points into unknown readable memory: 0x0000006800000001 | 01 00 00 00 68 00 00 00
R8 =0x00000000000000b8 is an unknown value
R9 =0x00000000000000c0 is an unknown value
R10=0x00007ffd22850000 lwjgl_nuklear.dll
R11=0x00007ffd2288c51b lwjgl_nuklear.dll
R12=0x0 is NULL
R13={method} {0x000001447107a4a0} 'nnk_group_end' '(J)V' in 'org/lwjgl/nuklear/Nuklear'
R14=0x000001447e740878 points into unknown readable memory: 0x0000014476cc2460 | 60 24 cc 76 44 01 00 00
R15=0x0 is NULL


Top of Stack: (sp=0x0000003a732fed10)
0x0000003a732fed10:   0000000000000000 0000000083f8c270
0x0000003a732fed20:   000001447107a498 0000000000000000
0x0000003a732fed30:   0000003a732fed58 0000003a732fedb0
0x0000003a732fed40:   0000000000000000 0000000000000000
0x0000003a732fed50:   0000000000000000 0000000000000000
0x0000003a732fed60:   0000000000000000 0000000000000000
0x0000003a732fed70:   0000000000000000 0000000000000000
0x0000003a732fed80:   0000000000000000 41c8000000000068
0x0000003a732fed90:   441d800041f00000 0000000044070000
0x0000003a732feda0:   0000000000000000 0000014476cc2460
0x0000003a732fedb0:   4260000041e80000 44008000441b8000
0x0000003a732fedc0:   0000000000000001 0000000000000000
0x0000003a732fedd0:   0000000000000000 0000000000000790
0x0000003a732fede0:   0000000000000770 000001447e740210
0x0000003a732fedf0:   0000000000000000 0000000000000000
0x0000003a732fee00:   0000000000000000 0000000000000000
0x0000003a732fee10:   0000000000000000 0000000000000000
0x0000003a732fee20:   0000000000000000 0000000000000000
0x0000003a732fee30:   0000000000000000 0000000000000000
0x0000003a732fee40:   0000000000000000 0000000000000000
0x0000003a732fee50:   0000000000000000 0000000000000000
0x0000003a732fee60:   0000000000000000 0000000000000000
0x0000003a732fee70:   0000000000000000 0000000000000000
0x0000003a732fee80:   0000000000000000 0000000000000000
0x0000003a732fee90:   0000000000000000 0000000000000000
0x0000003a732feea0:   0000000000000000 0000000000000000
0x0000003a732feeb0:   0000000000000000 0000000000000000
0x0000003a732feec0:   0000000000000000 0000000000000000
0x0000003a732feed0:   0000000000000000 0000000000000000
0x0000003a732feee0:   0000000000000000 0000000000000000
0x0000003a732feef0:   0000000000000000 0000000000000000
0x0000003a732fef00:   0000000000000000 0000000000000000 

Instructions: (pc=0x00007ffd2286cbad)
0x00007ffd2286caad:   f3 0f 10 6f 08 f3 0f 5c ee f3 0f 11 6c 24 7c f3
0x00007ffd2286cabd:   0f 58 5f 10 f3 0f 11 5d 84 f3 0f 10 57 14 f3 0f
0x00007ffd2286cacd:   58 57 38 f3 0f 58 57 60 f3 0f 11 55 88 f6 47 04
0x00007ffd2286cadd:   01 74 3f f3 0f 5c 6f 3c f3 0f 11 6c 24 7c f3 0f
0x00007ffd2286caed:   5c 67 3c f3 0f 11 65 80 f3 0f 10 47 3c f3 0f 58
0x00007ffd2286cafd:   c0 f3 0f 58 c3 f3 0f 11 45 84 0f 28 d8 f3 0f 10
0x00007ffd2286cb0d:   4f 3c f3 0f 58 c9 f3 0f 58 ca f3 0f 11 4d 88 0f
0x00007ffd2286cb1d:   28 d1 f6 47 04 20 75 1a f3 0f 58 9b e4 22 00 00
0x00007ffd2286cb2d:   f3 0f 58 93 e8 22 00 00 f3 0f 11 5d 84 f3 0f 11
0x00007ffd2286cb3d:   55 88 48 8b 47 18 4c 8d 76 68 44 0f 28 cd f3 0f
0x00007ffd2286cb4d:   58 dd f3 0f 58 d4 44 0f 28 d4 8b 08 89 4d 8c 48
0x00007ffd2286cb5d:   8b 47 20 f3 0f 58 d6 0f 57 f6 8b 08 89 4d 90 8b
0x00007ffd2286cb6d:   47 04 89 44 24 78 48 8d 44 24 30 41 0f 10 06 0f
0x00007ffd2286cb7d:   11 45 98 41 0f 10 4e 10 0f 11 4d a8 41 0f 10 46
0x00007ffd2286cb8d:   20 0f 11 45 b8 41 0f 10 4e 30 48 89 7d d8 48 89
0x00007ffd2286cb9d:   b5 00 01 00 00 0f 11 4d c8 48 89 83 b8 45 00 00
0x00007ffd2286cbad:   f3 45 0f 10 47 44 f3 41 0f 10 7f 48 f3 45 0f 5f
0x00007ffd2286cbbd:   c8 f3 45 0f 58 47 4c f3 44 0f 5f d7 f3 41 0f 58
0x00007ffd2286cbcd:   7f 50 f3 44 0f 5d c3 f3 0f 5d fa f3 45 0f 5c c1
0x00007ffd2286cbdd:   f3 41 0f 5c fa 44 0f 2f c6 77 04 45 0f 57 c0 0f
0x00007ffd2286cbed:   2f fe 77 03 0f 57 ff ba 01 00 00 00 f3 44 0f 11
0x00007ffd2286cbfd:   4d a0 48 8d 4d 98 f3 44 0f 11 55 a4 f3 44 0f 11
0x00007ffd2286cc0d:   45 a8 f3 0f 11 7d ac 44 8d 42 1f e8 b3 6f fe ff
0x00007ffd2286cc1d:   48 8b d0 48 85 c0 74 2c f3 41 0f 2c c9 f3 44 0f
0x00007ffd2286cc2d:   5f c6 66 89 48 18 f3 0f 5f fe f3 41 0f 2c ca 66
0x00007ffd2286cc3d:   89 48 1a f3 41 0f 2c c8 66 89 48 1c f3 0f 2c c7
0x00007ffd2286cc4d:   66 89 42 1e 48 8b 83 b8 45 00 00 48 85 c0 74 43
0x00007ffd2286cc5d:   48 8b 88 a8 00 00 00 48 85 c9 74 2c 83 39 01 75
0x00007ffd2286cc6d:   09 f7 40 48 00 20 00 00 75 1e 48 8b cb e8 d1 a9
0x00007ffd2286cc7d:   ff ff 48 8b 93 b8 45 00 00 48 8b cb 48 8b 92 a8
0x00007ffd2286cc8d:   00 00 00 e8 9b 95 ff ff 48 c7 83 b8 45 00 00 00
0x00007ffd2286cc9d:   00 00 00 0f 10 45 98 41 0f 11 06 0f 10 4d a8 41 


Stack slot to memory mapping:
stack at sp + 0 slots: 0x0 is NULL
stack at sp + 1 slots: 0x0000000083f8c270 is an oop: java.lang.Class 
{0x0000000083f8c270} - klass: 'java/lang/Class'
 - ---- fields (total size 159 words):
 - private volatile transient 'classRedefinedCount' 'I' @12  0
 - private volatile transient 'cachedConstructor' 'Ljava/lang/reflect/Constructor;' @40  NULL (0)
 - private transient 'name' 'Ljava/lang/String;' @44  "org.lwjgl.nuklear.Nuklear"{0x0000000083f8f3a0} (83f8f3a0)
 - private transient 'module' 'Ljava/lang/Module;' @48  a 'java/lang/Module'{0x000000008340aed0} (8340aed0)
 - private final 'classLoader' 'Ljava/lang/ClassLoader;' @52  a 'jdk/internal/loader/ClassLoaders$AppClassLoader'{0x0000000083404000} (83404000)
 - private transient 'classData' 'Ljava/lang/Object;' @56  NULL (0)
 - private transient 'packageName' 'Ljava/lang/String;' @60  "org.lwjgl.nuklear"{0x00000000834e80f8} (834e80f8)
 - private final 'componentType' 'Ljava/lang/Class;' @64  NULL (0)
 - private volatile transient 'reflectionData' 'Ljava/lang/ref/SoftReference;' @68  NULL (0)
 - private volatile transient 'genericInfo' 'Lsun/reflect/generics/repository/ClassRepository;' @72  NULL (0)
 - private volatile transient 'enumConstants' '[Ljava/lang/Object;' @76  NULL (0)
 - private volatile transient 'enumConstantDirectory' 'Ljava/util/Map;' @80  NULL (0)
 - private volatile transient 'annotationData' 'Ljava/lang/Class$AnnotationData;' @84  NULL (0)
 - private volatile transient 'annotationType' 'Lsun/reflect/annotation/AnnotationType;' @88  NULL (0)
 - transient 'classValueMap' 'Ljava/lang/ClassValue$ClassValueMap;' @92  a 'java/lang/ClassValue$ClassValueMap'{0x0000000083f8f3e8} (83f8f3e8)
 - signature: Lorg/lwjgl/nuklear/Nuklear;
 - fake entry for mirror: 'org/lwjgl/nuklear/Nuklear'
 - fake entry for array: NULL
 - fake entry for oop_size: 159
 - fake entry for static_oop_field_count: 0
 - public static final 'NK_UTF_INVALID' 'I' @112  65533 (fffd)
 - public static final 'NK_UTF_SIZE' 'I' @116  4
 - public static final 'NK_INPUT_MAX' 'I' @120  16 (10)
 - public static final 'NK_MAX_NUMBER_BUFFER' 'I' @124  64 (40)
 - public static final 'NK_UNDEFINED' 'F' @128  -1.000000 (bf800000)
 - public static final 'NK_SCROLLBAR_HIDING_TIMEOUT' 'F' @132  4.000000 (40800000)
 - public static final 'NK_TEXTEDIT_UNDOSTATECOUNT' 'I' @136  99 (63)
 - public static final 'NK_TEXTEDIT_UNDOCHARCOUNT' 'I' @140  999 (3e7)
 - public static final 'NK_MAX_LAYOUT_ROW_TEMPLATE_COLUMNS' 'I' @144  16 (10)
 - public static final 'NK_CHART_MAX_SLOT' 'I' @148  4
 - public static final 'NK_WINDOW_MAX_NAME' 'I' @152  64 (40)
 - public static final 'NK_BUTTON_BEHAVIOR_STACK_SIZE' 'I' @156  8
 - public static final 'NK_FONT_STACK_SIZE' 'I' @160  8
 - public static final 'NK_STYLE_ITEM_STACK_SIZE' 'I' @164  16 (10)
 - public static final 'NK_FLOAT_STACK_SIZE' 'I' @168  32 (20)
 - public static final 'NK_VECTOR_STACK_SIZE' 'I' @172  16 (10)
 - public static final 'NK_FLAGS_STACK_SIZE' 'I' @176  32 (20)
 - public static final 'NK_COLOR_STACK_SIZE' 'I' @180  32 (20)
 - public static final 'nk_false' 'I' @184  0
 - public static final 'nk_true' 'I' @188  1
 - public static final 'NK_UP' 'I' @192  0
 - public static final 'NK_RIGHT' 'I' @196  1
 - public static final 'NK_DOWN' 'I' @200  2
 - public static final 'NK_LEFT' 'I' @204  3
 - public static final 'NK_BUTTON_DEFAULT' 'I' @208  0
 - public static final 'NK_BUTTON_REPEATER' 'I' @212  1
 - public static final 'NK_FIXED' 'I' @216  0
 - public static final 'NK_MODIFIABLE' 'I' @220  1
 - public static final 'NK_VERTICAL' 'I' @224  0
 - public static final 'NK_HORIZONTAL' 'I' @228  1
 - public static final 'NK_MINIMIZED' 'I' @232  0
 - public static final 'NK_MAXIMIZED' 'I' @236  1
 - public static final 'NK_HIDDEN' 'I' @240  0
 - public static final 'NK_SHOWN' 'I' @244  1
 - public static final 'NK_CHART_LINES' 'I' @248  0
 - public static final 'NK_CHART_COLUMN' 'I' @252  1
 - public static final 'NK_CHART_MAX' 'I' @256  2
 - public static final 'NK_CHART_HOVERING' 'I' @260  1
 - public static final 'NK_CHART_CLICKED' 'I' @264  2
 - public static final 'NK_RGB' 'I' @268  0
 - public static final 'NK_RGBA' 'I' @272  1
 - public static final 'NK_POPUP_STATIC' 'I' @276  0
 - public static final 'NK_POPUP_DYNAMIC' 'I' @280  1
 - public static final 'NK_DYNAMIC' 'I' @284  0
 - public static final 'NK_STATIC' 'I' @288  1
 - public static final 'NK_TREE_NODE' 'I' @292  0
 - public static final 'NK_TREE_TAB' 'I' @296  1
 - public static final 'NK_ANTI_ALIASING_OFF' 'I' @300  0
 - public static final 'NK_ANTI_ALIASING_ON' 'I' @304  1
 - public static final 'NK_CONVERT_SUCCESS' 'I' @308  0
 - public static final 'NK_CONVERT_INVALID_PARAM' 'I' @312  1
 - public static final 'NK_CONVERT_COMMAND_BUFFER_FULL' 'I' @316  2
 - public static final 'NK_CONVERT_VERTEX_BUFFER_FULL' 'I' @320  4
 - public static final 'NK_CONVERT_ELEMENT_BUFFER_FULL' 'I' @324  8
 - public static final 'NK_SYMBOL_NONE' 'I' @328  0
 - public static final 'NK_SYMBOL_X' 'I' @332  1
 - public static final 'NK_SYMBOL_UNDERSCORE' 'I' @336  2
 - public static final 'NK_SYMBOL_CIRCLE_SOLID' 'I' @340  3
 - public static final 'NK_SYMBOL_CIRCLE_OUTLINE' 'I' @344  4
 - public static final 'NK_SYMBOL_RECT_SOLID' 'I' @348  5
 - public static final 'NK_SYMBOL_RECT_OUTLINE' 'I' @352  6
 - public static final 'NK_SYMBOL_TRIANGLE_UP' 'I' @356  7
 - public static final 'NK_SYMBOL_TRIANGLE_DOWN' 'I' @360  8
 - public static final 'NK_SYMBOL_TRIANGLE_LEFT' 'I' @364  9
 - public static final 'NK_SYMBOL_TRIANGLE_RIGHT' 'I' @368  10 (a)
 - public static final 'NK_SYMBOL_PLUS' 'I' @372  11 (b)
 - public static final 'NK_SYMBOL_MINUS' 'I' @376  12 (c)
 - public static final 'NK_SYMBOL_MAX' 'I' @380  13 (d)
 - public static final 'NK_KEY_NONE' 'I' @384  0
 - public static final 'NK_KEY_SHIFT' 'I' @388  1
 - public static final 'NK_KEY_CTRL' 'I' @392  2
 - public static final 'NK_KEY_DEL' 'I' @396  3
 - public static final 'NK_KEY_ENTER' 'I' @400  4
 - public static final 'NK_KEY_TAB' 'I' @404  5
 - public static final 'NK_KEY_BACKSPACE' 'I' @408  6
 - public static final 'NK_KEY_COPY' 'I' @412  7
 - public static final 'NK_KEY_CUT' 'I' @416  8
 - public static final 'NK_KEY_PASTE' 'I' @420  9
 - public static final 'NK_KEY_UP' 'I' @424  10 (a)
 - public static final 'NK_KEY_DOWN' 'I' @428  11 (b)
 - public static final 'NK_KEY_LEFT' 'I' @432  12 (c)
 - public static final 'NK_KEY_RIGHT' 'I' @436  13 (d)
 - public static final 'NK_KEY_TEXT_INSERT_MODE' 'I' @440  14 (e)
 - public static final 'NK_KEY_TEXT_REPLACE_MODE' 'I' @444  15 (f)
 - public static final 'NK_KEY_TEXT_RESET_MODE' 'I' @448  16 (10)
 - public static final 'NK_KEY_TEXT_LINE_START' 'I' @452  17 (11)
 - public static final 'NK_KEY_TEXT_LINE_END' 'I' @456  18 (12)
 - public static final 'NK_KEY_TEXT_START' 'I' @460  19 (13)
 - public static final 'NK_KEY_TEXT_END' 'I' @464  20 (14)
 - public static final 'NK_KEY_TEXT_UNDO' 'I' @468  21 (15)
 - public static final 'NK_KEY_TEXT_REDO' 'I' @472  22 (16)
 - public static final 'NK_KEY_TEXT_SELECT_ALL' 'I' @476  23 (17)
 - public static final 'NK_KEY_TEXT_WORD_LEFT' 'I' @480  24 (18)
 - public static final 'NK_KEY_TEXT_WORD_RIGHT' 'I' @484  25 (19)
 - public static final 'NK_KEY_SCROLL_START' 'I' @488  26 (1a)
 - public static final 'NK_KEY_SCROLL_END' 'I' @492  27 (1b)
 - public static final 'NK_KEY_SCROLL_DOWN' 'I' @496  28 (1c)
 - public static final 'NK_KEY_SCROLL_UP' 'I' @500  29 (1d)
 - public static final 'NK_KEY_MAX' 'I' @504  30 (1e)
 - public static final 'NK_BUTTON_LEFT' 'I' @508  0
 - public static final 'NK_BUTTON_MIDDLE' 'I' @512  1
 - public static final 'NK_BUTTON_RIGHT' 'I' @516  2
 - public static final 'NK_BUTTON_DOUBLE' 'I' @520  3
 - public static final 'NK_BUTTON_MAX' 'I' @524  4
 - public static final 'NK_COLOR_TEXT' 'I' @528  0
 - public static final 'NK_COLOR_WINDOW' 'I' @532  1
 - public static final 'NK_COLOR_HEADER' 'I' @536  2
 - public static final 'NK_COLOR_BORDER' 'I' @540  3
 - public static final 'NK_COLOR_BUTTON' 'I' @544  4
 - public static final 'NK_COLOR_BUTTON_HOVER' 'I' @548  5
 - public static final 'NK_COLOR_BUTTON_ACTIVE' 'I' @552  6
 - public static final 'NK_COLOR_TOGGLE' 'I' @556  7
 - public static final 'NK_COLOR_TOGGLE_HOVER' 'I' @560  8
 - public static final 'NK_COLOR_TOGGLE_CURSOR' 'I' @564  9
 - public static final 'NK_COLOR_SELECT' 'I' @568  10 (a)
 - public static final 'NK_COLOR_SELECT_ACTIVE' 'I' @572  11 (b)
 - public static final 'NK_COLOR_SLIDER' 'I' @576  12 (c)
 - public static final 'NK_COLOR_SLIDER_CURSOR' 'I' @580  13 (d)
 - public static final 'NK_COLOR_SLIDER_CURSOR_HOVER' 'I' @584  14 (e)
 - public static final 'NK_COLOR_SLIDER_CURSOR_ACTIVE' 'I' @588  15 (f)
 - public static final 'NK_COLOR_PROPERTY' 'I' @592  16 (10)
 - public static final 'NK_COLOR_EDIT' 'I' @596  17 (11)
 - public static final 'NK_COLOR_EDIT_CURSOR' 'I' @600  18 (12)
 - public static final 'NK_COLOR_COMBO' 'I' @604  19 (13)
 - public static final 'NK_COLOR_CHART' 'I' @608  20 (14)
 - public static final 'NK_COLOR_CHART_COLOR' 'I' @612  21 (15)
 - public static final 'NK_COLOR_CHART_COLOR_HIGHLIGHT' 'I' @616  22 (16)
 - public static final 'NK_COLOR_SCROLLBAR' 'I' @620  23 (17)
 - public static final 'NK_COLOR_SCROLLBAR_CURSOR' 'I' @624  24 (18)
 - public static final 'NK_COLOR_SCROLLBAR_CURSOR_HOVER' 'I' @628  25 (19)
 - public static final 'NK_COLOR_SCROLLBAR_CURSOR_ACTIVE' 'I' @632  26 (1a)
 - public static final 'NK_COLOR_TAB_HEADER' 'I' @636  27 (1b)
 - public static final 'NK_COLOR_COUNT' 'I' @640  28 (1c)
 - public static final 'NK_CURSOR_ARROW' 'I' @644  0
 - public static final 'NK_CURSOR_TEXT' 'I' @648  1
 - public static final 'NK_CURSOR_MOVE' 'I' @652  2
 - public static final 'NK_CURSOR_RESIZE_VERTICAL' 'I' @656  3
 - public static final 'NK_CURSOR_RESIZE_HORIZONTAL' 'I' @660  4
 - public static final 'NK_CURSOR_RESIZE_TOP_LEFT_DOWN_RIGHT' 'I' @664  5
 - public static final 'NK_CURSOR_RESIZE_TOP_RIGHT_DOWN_LEFT' 'I' @668  6
 - public static final 'NK_CURSOR_COUNT' 'I' @672  7
 - public static final 'NK_WIDGET_INVALID' 'I' @676  0
 - public static final 'NK_WIDGET_VALID' 'I' @680  1
 - public static final 'NK_WIDGET_ROM' 'I' @684  2
 - public static final 'NK_WIDGET_STATE_MODIFIED' 'I' @688  2
 - public static final 'NK_WIDGET_STATE_INACTIVE' 'I' @692  4
 - public static final 'NK_WIDGET_STATE_ENTERED' 'I' @696  8
 - public static final 'NK_WIDGET_STATE_HOVER' 'I' @700  16 (10)
 - public static final 'NK_WIDGET_STATE_ACTIVED' 'I' @704  32 (20)
 - public static final 'NK_WIDGET_STATE_LEFT' 'I' @708  64 (40)
 - public static final 'NK_WIDGET_STATE_HOVERED' 'I' @712  18 (12)
 - public static final 'NK_WIDGET_STATE_ACTIVE' 'I' @716  34 (22)
 - public static final 'NK_TEXT_ALIGN_LEFT' 'I' @720  1
 - public static final 'NK_TEXT_ALIGN_CENTERED' 'I' @724  2
 - public static final 'NK_TEXT_ALIGN_RIGHT' 'I' @728  4
 - public static final 'NK_TEXT_ALIGN_TOP' 'I' @732  8
 - public static final 'NK_TEXT_ALIGN_MIDDLE' 'I' @736  16 (10)
 - public static final 'NK_TEXT_ALIGN_BOTTOM' 'I' @740  32 (20)
 - public static final 'NK_TEXT_LEFT' 'I' @744  17 (11)
 - public static final 'NK_TEXT_CENTERED' 'I' @748  18 (12)
 - public static final 'NK_TEXT_RIGHT' 'I' @752  20 (14)
 - public static final 'NK_EDIT_DEFAULT' 'I' @756  0
 - public static final 'NK_EDIT_READ_ONLY' 'I' @760  1
 - public static final 'NK_EDIT_AUTO_SELECT' 'I' @764  2
 - public static final 'NK_EDIT_SIG_ENTER' 'I' @768  4
 - public static final 'NK_EDIT_ALLOW_TAB' 'I' @772  8
 - public static final 'NK_EDIT_NO_CURSOR' 'I' @776  16 (10)
 - public static final 'NK_EDIT_SELECTABLE' 'I' @780  32 (20)
 - public static final 'NK_EDIT_CLIPBOARD' 'I' @784  64 (40)
 - public static final 'NK_EDIT_CTRL_ENTER_NEWLINE' 'I' @788  128 (80)
 - public static final 'NK_EDIT_NO_HORIZONTAL_SCROLL' 'I' @792  256 (100)
 - public static final 'NK_EDIT_ALWAYS_INSERT_MODE' 'I' @796  512 (200)
 - public static final 'NK_EDIT_MULTILINE' 'I' @800  1024 (400)
 - public static final 'NK_EDIT_GOTO_END_ON_ACTIVATE' 'I' @804  2048 (800)
 - public static final 'NK_EDIT_SIMPLE' 'I' @808  512 (200)
 - public static final 'NK_EDIT_FIELD' 'I' @812  608 (260)
 - public static final 'NK_EDIT_BOX' 'I' @816  1640 (668)
 - public static final 'NK_EDIT_EDITOR' 'I' @820  1128 (468)
 - public static final 'NK_EDIT_ACTIVE' 'I' @824  1
 - public static final 'NK_EDIT_INACTIVE' 'I' @828  2
 - public static final 'NK_EDIT_ACTIVATED' 'I' @832  4
 - public static final 'NK_EDIT_DEACTIVATED' 'I' @836  8
 - public static final 'NK_EDIT_COMMITED' 'I' @840  16 (10)
 - public static final 'NK_WINDOW_BORDER' 'I' @844  1
 - public static final 'NK_WINDOW_MOVABLE' 'I' @848  2
 - public static final 'NK_WINDOW_SCALABLE' 'I' @852  4
 - public static final 'NK_WINDOW_CLOSABLE' 'I' @856  8
 - public static final 'NK_WINDOW_MINIMIZABLE' 'I' @860  16 (10)
 - public static final 'NK_WINDOW_NO_SCROLLBAR' 'I' @864  32 (20)
 - public static final 'NK_WINDOW_TITLE' 'I' @868  64 (40)
 - public static final 'NK_WINDOW_SCROLL_AUTO_HIDE' 'I' @872  128 (80)
 - public static final 'NK_WINDOW_BACKGROUND' 'I' @876  256 (100)
 - public static final 'NK_WINDOW_SCALE_LEFT' 'I' @880  512 (200)
 - public static final 'NK_WINDOW_NO_INPUT' 'I' @884  1024 (400)
 - public static final 'NK_BUFFER_FIXED' 'I' @888  0
 - public static final 'NK_BUFFER_DYNAMIC' 'I' @892  1
 - public static final 'NK_BUFFER_FRONT' 'I' @896  0
 - public static final 'NK_BUFFER_BACK' 'I' @900  1
 - public static final 'NK_BUFFER_MAX' 'I' @904  2
 - public static final 'NK_TEXT_EDIT_SINGLE_LINE' 'I' @908  0
 - public static final 'NK_TEXT_EDIT_MULTI_LINE' 'I' @912  1
 - public static final 'NK_TEXT_EDIT_MODE_VIEW' 'I' @916  0
 - public static final 'NK_TEXT_EDIT_MODE_INSERT' 'I' @920  1
 - public static final 'NK_TEXT_EDIT_MODE_REPLACE' 'I' @924  2
 - public static final 'NK_FONT_ATLAS_ALPHA8' 'I' @928  0
 - public static final 'NK_FONT_ATLAS_RGBA32' 'I' @932  1
 - public static final 'NK_COMMAND_NOP' 'I' @936  0
 - public static final 'NK_COMMAND_SCISSOR' 'I' @940  1
 - public static final 'NK_COMMAND_LINE' 'I' @944  2
 - public static final 'NK_COMMAND_CURVE' 'I' @948  3
 - public static final 'NK_COMMAND_RECT' 'I' @952  4
 - public static final 'NK_COMMAND_RECT_FILLED' 'I' @956  5
 - public static final 'NK_COMMAND_RECT_MULTI_COLOR' 'I' @960  6
 - public static final 'NK_COMMAND_CIRCLE' 'I' @964  7
 - public static final 'NK_COMMAND_CIRCLE_FILLED' 'I' @968  8
 - public static final 'NK_COMMAND_ARC' 'I' @972  9
 - public static final 'NK_COMMAND_ARC_FILLED' 'I' @976  10 (a)
 - public static final 'NK_COMMAND_TRIANGLE' 'I' @980  11 (b)
 - public static final 'NK_COMMAND_TRIANGLE_FILLED' 'I' @984  12 (c)
 - public static final 'NK_COMMAND_POLYGON' 'I' @988  13 (d)
 - public static final 'NK_COMMAND_POLYGON_FILLED' 'I' @992  14 (e)
 - public static final 'NK_COMMAND_POLYLINE' 'I' @996  15 (f)
 - public static final 'NK_COMMAND_TEXT' 'I' @1000  16 (10)
 - public static final 'NK_COMMAND_IMAGE' 'I' @1004  17 (11)
 - public static final 'NK_COMMAND_CUSTOM' 'I' @1008  18 (12)
 - public static final 'NK_CLIPPING_OFF' 'I' @1012  0
 - public static final 'NK_CLIPPING_ON' 'I' @1016  1
 - public static final 'NK_STROKE_OPEN' 'I' @1020  0
 - public static final 'NK_STROKE_CLOSED' 'I' @1024  1
 - public static final 'NK_VERTEX_POSITION' 'I' @1028  0
 - public static final 'NK_VERTEX_COLOR' 'I' @1032  1
 - public static final 'NK_VERTEX_TEXCOORD' 'I' @1036  2
 - public static final 'NK_VERTEX_ATTRIBUTE_COUNT' 'I' @1040  3
 - public static final 'NK_FORMAT_SCHAR' 'I' @1044  0
 - public static final 'NK_FORMAT_SSHORT' 'I' @1048  1
 - public static final 'NK_FORMAT_SINT' 'I' @1052  2
 - public static final 'NK_FORMAT_UCHAR' 'I' @1056  3
 - public static final 'NK_FORMAT_USHORT' 'I' @1060  4
 - public static final 'NK_FORMAT_UINT' 'I' @1064  5
 - public static final 'NK_FORMAT_FLOAT' 'I' @1068  6
 - public static final 'NK_FORMAT_DOUBLE' 'I' @1072  7
 - public static final 'NK_FORMAT_COLOR_BEGIN' 'I' @1076  8
 - public static final 'NK_FORMAT_R8G8B8' 'I' @1080  8
 - public static final 'NK_FORMAT_R16G15B16' 'I' @1084  9
 - public static final 'NK_FORMAT_R32G32B32' 'I' @1088  10 (a)
 - public static final 'NK_FORMAT_R8G8B8A8' 'I' @1092  11 (b)
 - public static final 'NK_FORMAT_B8G8R8A8' 'I' @1096  12 (c)
 - public static final 'NK_FORMAT_R16G15B16A16' 'I' @1100  13 (d)
 - public static final 'NK_FORMAT_R32G32B32A32' 'I' @1104  14 (e)
 - public static final 'NK_FORMAT_R32G32B32A32_FLOAT' 'I' @1108  15 (f)
 - public static final 'NK_FORMAT_R32G32B32A32_DOUBLE' 'I' @1112  16 (10)
 - public static final 'NK_FORMAT_RGB32' 'I' @1116  17 (11)
 - public static final 'NK_FORMAT_RGBA32' 'I' @1120  18 (12)
 - public static final 'NK_FORMAT_COLOR_END' 'I' @1124  18 (12)
 - public static final 'NK_FORMAT_COUNT' 'I' @1128  19 (13)
 - public static final 'NK_STYLE_ITEM_COLOR' 'I' @1132  0
 - public static final 'NK_STYLE_ITEM_IMAGE' 'I' @1136  1
 - public static final 'NK_STYLE_ITEM_NINE_SLICE' 'I' @1140  2
 - public static final 'NK_HEADER_LEFT' 'I' @1144  0
 - public static final 'NK_HEADER_RIGHT' 'I' @1148  1
 - public static final 'NK_PANEL_NONE' 'I' @1152  0
 - public static final 'NK_PANEL_WINDOW' 'I' @1156  1
 - public static final 'NK_PANEL_GROUP' 'I' @1160  2
 - public static final 'NK_PANEL_POPUP' 'I' @1164  4
 - public static final 'NK_PANEL_CONTEXTUAL' 'I' @1168  16 (10)
 - public static final 'NK_PANEL_COMBO' 'I' @1172  32 (20)
 - public static final 'NK_PANEL_MENU' 'I' @1176  64 (40)
 - public static final 'NK_PANEL_TOOLTIP' 'I' @1180  128 (80)
 - public static final 'NK_PANEL_SET_NONBLOCK' 'I' @1184  240 (f0)
 - public static final 'NK_PANEL_SET_POPUP' 'I' @1188  244 (f4)
 - public static final 'NK_PANEL_SET_SUB' 'I' @1192  246 (f6)
 - public static final 'NK_LAYOUT_DYNAMIC_FIXED' 'I' @1196  0
 - public static final 'NK_LAYOUT_DYNAMIC_ROW' 'I' @1200  1
 - public static final 'NK_LAYOUT_DYNAMIC_FREE' 'I' @1204  2
 - public static final 'NK_LAYOUT_DYNAMIC' 'I' @1208  3
 - public static final 'NK_LAYOUT_STATIC_FIXED' 'I' @1212  4
 - public static final 'NK_LAYOUT_STATIC_ROW' 'I' @1216  5
 - public static final 'NK_LAYOUT_STATIC_FREE' 'I' @1220  6
 - public static final 'NK_LAYOUT_STATIC' 'I' @1224  7
 - public static final 'NK_LAYOUT_TEMPLATE' 'I' @1228  8
 - public static final 'NK_LAYOUT_COUNT' 'I' @1232  9
 - public static final 'NK_WINDOW_PRIVATE' 'I' @1236  2048 (800)
 - public static final 'NK_WINDOW_DYNAMIC' 'I' @1240  2048 (800)
 - public static final 'NK_WINDOW_ROM' 'I' @1244  4096 (1000)
 - public static final 'NK_WINDOW_HIDDEN' 'I' @1248  8192 (2000)
 - public static final 'NK_WINDOW_CLOSED' 'I' @1252  16384 (4000)
 - public static final 'NK_WINDOW_MINIMIZED' 'I' @1256  32768 (8000)
 - public static final 'NK_WINDOW_REMOVE_ROM' 'I' @1260  65536 (10000)
 - public static final 'NK_COORD_UV' 'I' @1264  0
 - public static final 'NK_COORD_PIXEL' 'I' @1268  1
stack at sp + 2 slots: {method} {0x000001447107a4a0} 'nnk_group_end' '(J)V' in 'org/lwjgl/nuklear/Nuklear'
stack at sp + 3 slots: 0x0 is NULL
stack at sp + 4 slots: 0x0000003a732fed58 is pointing into the stack for thread: 0x00000144105246d0
stack at sp + 5 slots: 0x0000003a732fedb0 is pointing into the stack for thread: 0x00000144105246d0
stack at sp + 6 slots: 0x0 is NULL
stack at sp + 7 slots: 0x0 is NULL


---------------  P R O C E S S  ---------------

Threads class SMR info:
_java_thread_list=0x000001440d419e90, length=30, elements={
0x00000144105246d0, 0x000001442eb9cd20, 0x000001442eb9dba0, 0x000001442ebad870,
0x000001442ebaf440, 0x000001442ebb1e10, 0x000001442ebb5cd0, 0x000001442ebb6a70,
0x000001442ebbf530, 0x000001442ebc6350, 0x000001442eb865b0, 0x00000144741a2ca0,
0x00000144743fceb0, 0x0000014474adb8b0, 0x0000014474896390, 0x00000144779de430,
0x000001440d3e7920, 0x000001440d3e69f0, 0x000001440d3e7e30, 0x000001440d3e8850,
0x000001440d3e5ac0, 0x000001440d3e50a0, 0x000001440d3e55b0, 0x000001440d791740,
0x000001440d790d20, 0x000001440d78da80, 0x000001440d78d570, 0x000001440d78eec0,
0x000001440d78df90, 0x000001440d78f3d0
}

Java Threads: ( => current thread )
=>0x00000144105246d0 JavaThread "main" [_thread_in_native, id=384, stack(0x0000003a73200000,0x0000003a73300000)]
  0x000001442eb9cd20 JavaThread "Reference Handler" daemon [_thread_blocked, id=13028, stack(0x0000003a73900000,0x0000003a73a00000)]
  0x000001442eb9dba0 JavaThread "Finalizer" daemon [_thread_blocked, id=5940, stack(0x0000003a73a00000,0x0000003a73b00000)]
  0x000001442ebad870 JavaThread "Signal Dispatcher" daemon [_thread_blocked, id=4796, stack(0x0000003a73b00000,0x0000003a73c00000)]
  0x000001442ebaf440 JavaThread "Attach Listener" daemon [_thread_blocked, id=11696, stack(0x0000003a73c00000,0x0000003a73d00000)]
  0x000001442ebb1e10 JavaThread "Service Thread" daemon [_thread_blocked, id=3732, stack(0x0000003a73d00000,0x0000003a73e00000)]
  0x000001442ebb5cd0 JavaThread "Monitor Deflation Thread" daemon [_thread_blocked, id=13136, stack(0x0000003a73e00000,0x0000003a73f00000)]
  0x000001442ebb6a70 JavaThread "C2 CompilerThread0" daemon [_thread_blocked, id=5244, stack(0x0000003a73f00000,0x0000003a74000000)]
  0x000001442ebbf530 JavaThread "C1 CompilerThread0" daemon [_thread_blocked, id=2020, stack(0x0000003a74000000,0x0000003a74100000)]
  0x000001442ebc6350 JavaThread "Sweeper thread" daemon [_thread_blocked, id=5908, stack(0x0000003a74100000,0x0000003a74200000)]
  0x000001442eb865b0 JavaThread "Common-Cleaner" daemon [_thread_blocked, id=6688, stack(0x0000003a74200000,0x0000003a74300000)]
  0x00000144741a2ca0 JavaThread "Monitor Ctrl-Break" daemon [_thread_in_native, id=6648, stack(0x0000003a74400000,0x0000003a74500000)]
  0x00000144743fceb0 JavaThread "Notification Thread" daemon [_thread_blocked, id=5868, stack(0x0000003a74500000,0x0000003a74600000)]
  0x0000014474adb8b0 JavaThread "Java2D Disposer" daemon [_thread_blocked, id=5372, stack(0x0000003a74700000,0x0000003a74800000)]
  0x0000014474896390 JavaThread "AWT-Windows" daemon [_thread_in_native, id=3712, stack(0x0000003a74900000,0x0000003a74a00000)]
  0x00000144779de430 JavaThread "Keep-Alive-Timer" daemon [_thread_blocked, id=1928, stack(0x0000003a74800000,0x0000003a74900000)]
  0x000001440d3e7920 JavaThread "Generation Thread" daemon [_thread_blocked, id=12764, stack(0x0000003a75700000,0x0000003a75800000)]
  0x000001440d3e69f0 JavaThread "Generation Thread" daemon [_thread_blocked, id=10228, stack(0x0000003a75800000,0x0000003a75900000)]
  0x000001440d3e7e30 JavaThread "Generation Thread" daemon [_thread_blocked, id=10692, stack(0x0000003a75900000,0x0000003a75a00000)]
  0x000001440d3e8850 JavaThread "Generation Thread" daemon [_thread_blocked, id=12924, stack(0x0000003a75a00000,0x0000003a75b00000)]
  0x000001440d3e5ac0 JavaThread "Generation Thread" daemon [_thread_blocked, id=5140, stack(0x0000003a75b00000,0x0000003a75c00000)]
  0x000001440d3e50a0 JavaThread "Generation Thread" daemon [_thread_blocked, id=6220, stack(0x0000003a75c00000,0x0000003a75d00000)]
  0x000001440d3e55b0 JavaThread "Generation Thread" daemon [_thread_blocked, id=12076, stack(0x0000003a75e00000,0x0000003a75f00000)]
  0x000001440d791740 JavaThread "Generation Thread" daemon [_thread_blocked, id=12848, stack(0x0000003a75f00000,0x0000003a76000000)]
  0x000001440d790d20 JavaThread "Generation Thread" daemon [_thread_blocked, id=3516, stack(0x0000003a76000000,0x0000003a76100000)]
  0x000001440d78da80 JavaThread "Generation Thread" daemon [_thread_blocked, id=784, stack(0x0000003a76100000,0x0000003a76200000)]
  0x000001440d78d570 JavaThread "Generation Thread" daemon [_thread_blocked, id=4020, stack(0x0000003a76200000,0x0000003a76300000)]
  0x000001440d78eec0 JavaThread "Generation Thread" daemon [_thread_blocked, id=12776, stack(0x0000003a76300000,0x0000003a76400000)]
  0x000001440d78df90 JavaThread "Light Thread" daemon [_thread_blocked, id=1760, stack(0x0000003a76400000,0x0000003a76500000)]
  0x000001440d78f3d0 JavaThread "Mesh Thread" daemon [_thread_blocked, id=6736, stack(0x0000003a76500000,0x0000003a76600000)]

Other Threads:
  0x000001442eb94260 VMThread "VM Thread" [stack: 0x0000003a73800000,0x0000003a73900000] [id=10804]
  0x00000144743fd810 WatcherThread [stack: 0x0000003a74600000,0x0000003a74700000] [id=3352]
  0x000001441057bc50 GCTaskThread "GC Thread#0" [stack: 0x0000003a73300000,0x0000003a73400000] [id=2804]
  0x0000014476c84210 GCTaskThread "GC Thread#1" [stack: 0x0000003a74e00000,0x0000003a74f00000] [id=10340]
  0x0000014476c844d0 GCTaskThread "GC Thread#2" [stack: 0x0000003a74f00000,0x0000003a75000000] [id=10780]
  0x0000014476c84c10 GCTaskThread "GC Thread#3" [stack: 0x0000003a75000000,0x0000003a75100000] [id=3800]
  0x0000014476ccbbc0 GCTaskThread "GC Thread#4" [stack: 0x0000003a75100000,0x0000003a75200000] [id=4248]
  0x0000014476ccc300 GCTaskThread "GC Thread#5" [stack: 0x0000003a75200000,0x0000003a75300000] [id=5392]
  0x000001441058c470 ConcurrentGCThread "G1 Main Marker" [stack: 0x0000003a73400000,0x0000003a73500000] [id=3148]
  0x000001441058d630 ConcurrentGCThread "G1 Conc#0" [stack: 0x0000003a73500000,0x0000003a73600000] [id=12968]
  0x0000014406b47b50 ConcurrentGCThread "G1 Conc#1" [stack: 0x0000003a74300000,0x0000003a74400000] [id=5888]
  0x00000144105bdd20 ConcurrentGCThread "G1 Refine#0" [stack: 0x0000003a73600000,0x0000003a73700000] [id=8112]
  0x0000014476e2c760 ConcurrentGCThread "G1 Refine#1" [stack: 0x0000003a75300000,0x0000003a75400000] [id=7784]
  0x00000144105be750 ConcurrentGCThread "G1 Service" [stack: 0x0000003a73700000,0x0000003a73800000] [id=7620]

Threads with active compile tasks:

VM state: not at safepoint (normal execution)

VM Mutex/Monitor currently owned by a thread: None

Heap address: 0x0000000083200000, size: 1998 MB, Compressed Oops mode: 32-bit

CDS archive(s) mapped at: [0x000001442f000000-0x000001442fbb0000-0x000001442fbb0000), size 12255232, SharedBaseAddress: 0x000001442f000000, ArchiveRelocationMode: 1.
Compressed class space mapped at: 0x0000014430000000-0x0000014470000000, reserved size: 1073741824
Narrow klass base: 0x000001442f000000, Narrow klass shift: 0, Narrow klass range: 0x100000000

GC Precious Log:
 CPUs: 6 total, 6 available
 Memory: 7987M
 Large Page Support: Disabled
 NUMA Support: Disabled
 Compressed Oops: Enabled (32-bit)
 Heap Region Size: 1M
 Heap Min Capacity: 8M
 Heap Initial Capacity: 126M
 Heap Max Capacity: 1998M
 Pre-touch: Disabled
 Parallel Workers: 6
 Concurrent Workers: 2
 Concurrent Refinement Workers: 6
 Periodic GC: Disabled

Heap:
 garbage-first heap   total 82944K, used 53314K [0x0000000083200000, 0x0000000100000000)
  region size 1024K, 15 young (15360K), 2 survivors (2048K)
 Metaspace       used 32537K, committed 32960K, reserved 1114112K
  class space    used 3108K, committed 3328K, reserved 1048576K

Heap Regions: E=young(eden), S=young(survivor), O=old, HS=humongous(starts), HC=humongous(continues), CS=collection set, F=free, OA=open archive, CA=closed archive, TAMS=top-at-mark-start (previous, next)
|   0|0x0000000083200000, 0x0000000083300000, 0x0000000083300000|100%| O|  |TAMS 0x0000000083300000, 0x0000000083200000| Untracked 
|   1|0x0000000083300000, 0x0000000083400000, 0x0000000083400000|100%| O|  |TAMS 0x0000000083400000, 0x0000000083300000| Untracked 
|   2|0x0000000083400000, 0x0000000083500000, 0x0000000083500000|100%| O|  |TAMS 0x0000000083500000, 0x0000000083400000| Untracked 
|   3|0x0000000083500000, 0x0000000083600000, 0x0000000083600000|100%| O|  |TAMS 0x0000000083600000, 0x0000000083500000| Untracked 
|   4|0x0000000083600000, 0x00000000836fffe8, 0x0000000083700000| 99%| O|  |TAMS 0x00000000836fffe8, 0x0000000083600000| Untracked 
|   5|0x0000000083700000, 0x0000000083800000, 0x0000000083800000|100%|HS|  |TAMS 0x0000000083800000, 0x0000000083700000| Complete 
|   6|0x0000000083800000, 0x0000000083900000, 0x0000000083900000|100%| O|  |TAMS 0x0000000083900000, 0x0000000083800000| Untracked 
|   7|0x0000000083900000, 0x0000000083a00000, 0x0000000083a00000|100%| O|  |TAMS 0x0000000083a00000, 0x0000000083900000| Untracked 
|   8|0x0000000083a00000, 0x0000000083ab6488, 0x0000000083b00000| 71%| O|  |TAMS 0x0000000083ab6488, 0x0000000083a00000| Untracked 
|   9|0x0000000083b00000, 0x0000000083bd8ec0, 0x0000000083c00000| 84%| O|  |TAMS 0x0000000083bd8ec0, 0x0000000083b00000| Untracked 
|  10|0x0000000083c00000, 0x0000000083d00000, 0x0000000083d00000|100%| O|  |TAMS 0x0000000083d00000, 0x0000000083c00000| Untracked 
|  11|0x0000000083d00000, 0x0000000083e00000, 0x0000000083e00000|100%| O|  |TAMS 0x0000000083e00000, 0x0000000083d00000| Untracked 
|  12|0x0000000083e00000, 0x0000000083f00000, 0x0000000083f00000|100%| O|  |TAMS 0x0000000083f00000, 0x0000000083e00000| Untracked 
|  13|0x0000000083f00000, 0x0000000084000000, 0x0000000084000000|100%| O|  |TAMS 0x0000000084000000, 0x0000000083f00000| Untracked 
|  14|0x0000000084000000, 0x0000000084100000, 0x0000000084100000|100%| O|  |TAMS 0x0000000084100000, 0x0000000084000000| Untracked 
|  15|0x0000000084100000, 0x0000000084200000, 0x0000000084200000|100%| O|  |TAMS 0x0000000084200000, 0x0000000084100000| Untracked 
|  16|0x0000000084200000, 0x0000000084300000, 0x0000000084300000|100%| O|  |TAMS 0x0000000084300000, 0x0000000084200000| Untracked 
|  17|0x0000000084300000, 0x0000000084400000, 0x0000000084400000|100%| O|  |TAMS 0x0000000084400000, 0x0000000084300000| Untracked 
|  18|0x0000000084400000, 0x0000000084500000, 0x0000000084500000|100%| O|  |TAMS 0x0000000084500000, 0x0000000084400000| Untracked 
|  19|0x0000000084500000, 0x0000000084600000, 0x0000000084600000|100%| O|  |TAMS 0x0000000084600000, 0x0000000084500000| Untracked 
|  20|0x0000000084600000, 0x0000000084700000, 0x0000000084700000|100%| O|  |TAMS 0x0000000084700000, 0x0000000084600000| Untracked 
|  21|0x0000000084700000, 0x0000000084800000, 0x0000000084800000|100%| O|  |TAMS 0x0000000084800000, 0x0000000084700000| Untracked 
|  22|0x0000000084800000, 0x0000000084900000, 0x0000000084900000|100%| O|  |TAMS 0x0000000084900000, 0x0000000084800000| Untracked 
|  23|0x0000000084900000, 0x0000000084a00000, 0x0000000084a00000|100%| O|  |TAMS 0x0000000084a00000, 0x0000000084900000| Untracked 
|  24|0x0000000084a00000, 0x0000000084b00000, 0x0000000084b00000|100%| O|  |TAMS 0x0000000084b00000, 0x0000000084a00000| Untracked 
|  25|0x0000000084b00000, 0x0000000084c00000, 0x0000000084c00000|100%| O|  |TAMS 0x0000000084c00000, 0x0000000084b00000| Untracked 
|  26|0x0000000084c00000, 0x0000000084d00000, 0x0000000084d00000|100%| O|  |TAMS 0x0000000084d00000, 0x0000000084c00000| Untracked 
|  27|0x0000000084d00000, 0x0000000084e00000, 0x0000000084e00000|100%| O|  |TAMS 0x0000000084e00000, 0x0000000084d00000| Untracked 
|  28|0x0000000084e00000, 0x0000000084f00000, 0x0000000084f00000|100%| O|  |TAMS 0x0000000084f00000, 0x0000000084e00000| Untracked 
|  29|0x0000000084f00000, 0x0000000085000000, 0x0000000085000000|100%| O|  |TAMS 0x0000000085000000, 0x0000000084f00000| Untracked 
|  30|0x0000000085000000, 0x0000000085100000, 0x0000000085100000|100%| O|  |TAMS 0x0000000085100000, 0x0000000085000000| Untracked 
|  31|0x0000000085100000, 0x0000000085200000, 0x0000000085200000|100%| O|  |TAMS 0x0000000085200000, 0x0000000085100000| Untracked 
|  32|0x0000000085200000, 0x0000000085300000, 0x0000000085300000|100%| O|  |TAMS 0x0000000085300000, 0x0000000085200000| Untracked 
|  33|0x0000000085300000, 0x0000000085400000, 0x0000000085400000|100%| O|  |TAMS 0x0000000085400000, 0x0000000085300000| Untracked 
|  34|0x0000000085400000, 0x0000000085500000, 0x0000000085500000|100%| O|  |TAMS 0x0000000085500000, 0x0000000085400000| Untracked 
|  35|0x0000000085500000, 0x0000000085530200, 0x0000000085600000| 18%| O|  |TAMS 0x0000000085530200, 0x0000000085500000| Untracked 
|  36|0x0000000085600000, 0x0000000085600000, 0x0000000085700000|  0%| F|  |TAMS 0x0000000085600000, 0x0000000085600000| Untracked 
|  37|0x0000000085700000, 0x0000000085700000, 0x0000000085800000|  0%| F|  |TAMS 0x0000000085700000, 0x0000000085700000| Untracked 
|  38|0x0000000085800000, 0x0000000085800000, 0x0000000085900000|  0%| F|  |TAMS 0x0000000085800000, 0x0000000085800000| Untracked 
|  39|0x0000000085900000, 0x0000000085900000, 0x0000000085a00000|  0%| F|  |TAMS 0x0000000085900000, 0x0000000085900000| Untracked 
|  40|0x0000000085a00000, 0x0000000085a00000, 0x0000000085b00000|  0%| F|  |TAMS 0x0000000085a00000, 0x0000000085a00000| Untracked 
|  41|0x0000000085b00000, 0x0000000085b00000, 0x0000000085c00000|  0%| F|  |TAMS 0x0000000085b00000, 0x0000000085b00000| Untracked 
|  42|0x0000000085c00000, 0x0000000085c00000, 0x0000000085d00000|  0%| F|  |TAMS 0x0000000085c00000, 0x0000000085c00000| Untracked 
|  43|0x0000000085d00000, 0x0000000085d00000, 0x0000000085e00000|  0%| F|  |TAMS 0x0000000085d00000, 0x0000000085d00000| Untracked 
|  44|0x0000000085e00000, 0x0000000085e00000, 0x0000000085f00000|  0%| F|  |TAMS 0x0000000085e00000, 0x0000000085e00000| Untracked 
|  45|0x0000000085f00000, 0x0000000085f00000, 0x0000000086000000|  0%| F|  |TAMS 0x0000000085f00000, 0x0000000085f00000| Untracked 
|  46|0x0000000086000000, 0x0000000086000000, 0x0000000086100000|  0%| F|  |TAMS 0x0000000086000000, 0x0000000086000000| Untracked 
|  47|0x0000000086100000, 0x0000000086100000, 0x0000000086200000|  0%| F|  |TAMS 0x0000000086100000, 0x0000000086100000| Untracked 
|  48|0x0000000086200000, 0x0000000086200000, 0x0000000086300000|  0%| F|  |TAMS 0x0000000086200000, 0x0000000086200000| Untracked 
|  49|0x0000000086300000, 0x0000000086300000, 0x0000000086400000|  0%| F|  |TAMS 0x0000000086300000, 0x0000000086300000| Untracked 
|  50|0x0000000086400000, 0x0000000086400000, 0x0000000086500000|  0%| F|  |TAMS 0x0000000086400000, 0x0000000086400000| Untracked 
|  51|0x0000000086500000, 0x0000000086500000, 0x0000000086600000|  0%| F|  |TAMS 0x0000000086500000, 0x0000000086500000| Untracked 
|  52|0x0000000086600000, 0x0000000086600000, 0x0000000086700000|  0%| F|  |TAMS 0x0000000086600000, 0x0000000086600000| Untracked 
|  53|0x0000000086700000, 0x0000000086700000, 0x0000000086800000|  0%| F|  |TAMS 0x0000000086700000, 0x0000000086700000| Untracked 
|  54|0x0000000086800000, 0x0000000086800000, 0x0000000086900000|  0%| F|  |TAMS 0x0000000086800000, 0x0000000086800000| Untracked 
|  55|0x0000000086900000, 0x0000000086900000, 0x0000000086a00000|  0%| F|  |TAMS 0x0000000086900000, 0x0000000086900000| Untracked 
|  56|0x0000000086a00000, 0x0000000086a00000, 0x0000000086b00000|  0%| F|  |TAMS 0x0000000086a00000, 0x0000000086a00000| Untracked 
|  57|0x0000000086b00000, 0x0000000086b515d0, 0x0000000086c00000| 31%| S|CS|TAMS 0x0000000086b00000, 0x0000000086b00000| Complete 
|  58|0x0000000086c00000, 0x0000000086d00000, 0x0000000086d00000|100%| S|CS|TAMS 0x0000000086c00000, 0x0000000086c00000| Complete 
|  59|0x0000000086d00000, 0x0000000086d00000, 0x0000000086e00000|  0%| F|  |TAMS 0x0000000086d00000, 0x0000000086d00000| Untracked 
|  60|0x0000000086e00000, 0x0000000086e00000, 0x0000000086f00000|  0%| F|  |TAMS 0x0000000086e00000, 0x0000000086e00000| Untracked 
|  61|0x0000000086f00000, 0x0000000086f00000, 0x0000000087000000|  0%| F|  |TAMS 0x0000000086f00000, 0x0000000086f00000| Untracked 
|  62|0x0000000087000000, 0x0000000087000000, 0x0000000087100000|  0%| F|  |TAMS 0x0000000087000000, 0x0000000087000000| Untracked 
|  63|0x0000000087100000, 0x0000000087100000, 0x0000000087200000|  0%| F|  |TAMS 0x0000000087100000, 0x0000000087100000| Untracked 
|  64|0x0000000087200000, 0x00000000872a06b8, 0x0000000087300000| 62%| E|  |TAMS 0x0000000087200000, 0x0000000087200000| Complete 
|  65|0x0000000087300000, 0x0000000087400000, 0x0000000087400000|100%| E|CS|TAMS 0x0000000087300000, 0x0000000087300000| Complete 
|  66|0x0000000087400000, 0x0000000087500000, 0x0000000087500000|100%| E|CS|TAMS 0x0000000087400000, 0x0000000087400000| Complete 
|  67|0x0000000087500000, 0x0000000087600000, 0x0000000087600000|100%| E|CS|TAMS 0x0000000087500000, 0x0000000087500000| Complete 
|  68|0x0000000087600000, 0x0000000087700000, 0x0000000087700000|100%| E|CS|TAMS 0x0000000087600000, 0x0000000087600000| Complete 
|  69|0x0000000087700000, 0x0000000087800000, 0x0000000087800000|100%| E|CS|TAMS 0x0000000087700000, 0x0000000087700000| Complete 
|  70|0x0000000087800000, 0x0000000087900000, 0x0000000087900000|100%| E|CS|TAMS 0x0000000087800000, 0x0000000087800000| Complete 
|  71|0x0000000087900000, 0x0000000087a00000, 0x0000000087a00000|100%| E|CS|TAMS 0x0000000087900000, 0x0000000087900000| Complete 
|  98|0x0000000089400000, 0x0000000089500000, 0x0000000089500000|100%| E|CS|TAMS 0x0000000089400000, 0x0000000089400000| Complete 
|  99|0x0000000089500000, 0x0000000089600000, 0x0000000089600000|100%| E|CS|TAMS 0x0000000089500000, 0x0000000089500000| Complete 
| 100|0x0000000089600000, 0x0000000089700000, 0x0000000089700000|100%| E|CS|TAMS 0x0000000089600000, 0x0000000089600000| Complete 
| 101|0x0000000089700000, 0x0000000089800000, 0x0000000089800000|100%| E|CS|TAMS 0x0000000089700000, 0x0000000089700000| Complete 
| 125|0x000000008af00000, 0x000000008b000000, 0x000000008b000000|100%| E|CS|TAMS 0x000000008af00000, 0x000000008af00000| Complete 
|1994|0x00000000ffc00000, 0x00000000ffd00000, 0x00000000ffd00000|100%| O|  |TAMS 0x00000000ffd00000, 0x00000000ffc00000| Untracked 
|1995|0x00000000ffd00000, 0x00000000ffe00000, 0x00000000ffe00000|100%| O|  |TAMS 0x00000000ffe00000, 0x00000000ffd00000| Untracked 
|1996|0x00000000ffe00000, 0x00000000fff00000, 0x00000000fff00000|100%| O|  |TAMS 0x00000000fff00000, 0x00000000ffe00000| Untracked 
|1997|0x00000000fff00000, 0x0000000100000000, 0x0000000100000000|100%| O|  |TAMS 0x0000000100000000, 0x00000000fff00000| Untracked 

Card table byte_map: [0x0000014427d40000,0x0000014428130000] _byte_map_base: 0x0000014427927000

Marking Bits (Prev, Next): (CMBitMap*) 0x000001441057c1c0, (CMBitMap*) 0x000001441057c180
 Prev Bits: [0x000001442a460000, 0x000001442c398000)
 Next Bits: [0x0000014428520000, 0x000001442a458000)

Polling page: 0x000001440ec80000

Metaspace:

Usage:
  Non-class:     28.74 MB used.
      Class:      3.04 MB used.
       Both:     31.78 MB used.

Virtual space:
  Non-class space:       64.00 MB reserved,      28.94 MB ( 45%) committed,  1 nodes.
      Class space:        1.00 GB reserved,       3.25 MB ( <1%) committed,  1 nodes.
             Both:        1.06 GB reserved,      32.19 MB (  3%) committed. 

Chunk freelists:
   Non-Class:  2.20 MB
       Class:  12.62 MB
        Both:  14.82 MB

MaxMetaspaceSize: unlimited
CompressedClassSpaceSize: 1.00 GB
Initial GC threshold: 21.00 MB
Current GC threshold: 52.94 MB
CDS: on
MetaspaceReclaimPolicy: balanced
 - commit_granule_bytes: 65536.
 - commit_granule_words: 8192.
 - virtual_space_node_default_size: 8388608.
 - enlarge_chunks_in_place: 1.
 - new_chunks_are_fully_committed: 0.
 - uncommit_free_chunks: 1.
 - use_allocation_guard: 0.
 - handle_deallocations: 1.


Internal statistics:

num_allocs_failed_limit: 3.
num_arena_births: 528.
num_arena_deaths: 0.
num_vsnodes_births: 2.
num_vsnodes_deaths: 0.
num_space_committed: 513.
num_space_uncommitted: 0.
num_chunks_returned_to_freelist: 3.
num_chunks_taken_from_freelist: 1296.
num_chunk_merges: 3.
num_chunk_splits: 874.
num_chunks_enlarged: 588.
num_inconsistent_stats: 0.

CodeHeap 'non-profiled nmethods': size=120000Kb used=2435Kb max_used=2435Kb free=117564Kb
 bounds [0x000001441fcd0000, 0x000001441ff40000, 0x0000014427200000]
CodeHeap 'profiled nmethods': size=120000Kb used=6908Kb max_used=8146Kb free=113091Kb
 bounds [0x0000014418200000, 0x0000014418a00000, 0x000001441f730000]
CodeHeap 'non-nmethods': size=5760Kb used=2032Kb max_used=2117Kb free=3727Kb
 bounds [0x000001441f730000, 0x000001441f9a0000, 0x000001441fcd0000]
 total_blobs=5460 nmethods=3876 adapters=1496
 compilation: enabled
              stopped_count=0, restarted_count=0
 full_count=0

Compilation events (20 events):
Event: 7.601 Thread 0x000001442ebb6a70 4678       4       com.xbuilders.engine.utils.worldInteraction.collision.CollisionHandler$$Lambda$400/0x00000144303510a0::<init> (10 bytes)
Event: 7.602 Thread 0x000001442ebb6a70 nmethod 4678 0x000001441fe68a10 code [0x000001441fe68b80, 0x000001441fe68cd8]
Event: 7.634 Thread 0x000001442ebb6a70 4679       4       com.xbuilders.engine.utils.math.AABB::intersects (114 bytes)
Event: 7.635 Thread 0x000001442ebb6a70 nmethod 4679 0x000001441fe68590 code [0x000001441fe68720, 0x000001441fe688d8]
Event: 7.686 Thread 0x000001442ebbf530 4680       3       org.joml.Vector3f::set (21 bytes)
Event: 7.686 Thread 0x000001442ebbf530 nmethod 4680 0x000001441865f790 code [0x000001441865f920, 0x000001441865fa58]
Event: 7.700 Thread 0x000001442ebbf530 4681       3       java.lang.invoke.Invokers$Holder::linkToTargetMethod (10 bytes)
Event: 7.700 Thread 0x000001442ebbf530 nmethod 4681 0x00000144188f4690 code [0x00000144188f4840, 0x00000144188f4c38]
Event: 7.734 Thread 0x000001442ebbf530 4682       3       org.lwjgl.opengl.GL11::glDisable (5 bytes)
Event: 7.734 Thread 0x000001442ebbf530 nmethod 4682 0x00000144188f9810 code [0x00000144188f99a0, 0x00000144188f9aa8]
Event: 7.734 Thread 0x000001442ebbf530 4683       3       com.xbuilders.window.render.MVP::update (23 bytes)
Event: 7.734 Thread 0x000001442ebbf530 nmethod 4683 0x00000144188f8b90 code [0x00000144188f8d80, 0x00000144188f9418]
Event: 7.734 Thread 0x000001442ebbf530 4684       3       org.joml.Vector3f::normalize (67 bytes)
Event: 7.734 Thread 0x000001442ebbf530 nmethod 4684 0x00000144188f6510 code [0x00000144188f66e0, 0x00000144188f6998]
Event: 7.734 Thread 0x000001442ebbf530 4685       3       com.xbuilders.engine.utils.math.MathUtils::positiveMod (8 bytes)
Event: 7.734 Thread 0x000001442ebbf530 nmethod 4685 0x00000144188f6190 code [0x00000144188f6320, 0x00000144188f6458]
Event: 7.734 Thread 0x000001442ebbf530 4686       3       java.lang.invoke.LambdaForm$MH/0x0000014430361c00::invoke (137 bytes)
Event: 7.735 Thread 0x000001442ebbf530 nmethod 4686 0x00000144186b6590 code [0x00000144186b6800, 0x00000144186b77b8]
Event: 7.786 Thread 0x000001442ebbf530 4687       3       org.lwjgl.glfw.GLFW::glfwSetInputMode (25 bytes)
Event: 7.786 Thread 0x000001442ebbf530 nmethod 4687 0x00000144188f5a10 code [0x00000144188f5bc0, 0x00000144188f5e58]

GC Heap History (20 events):
Event: 3.209 GC heap before
{Heap before GC invocations=7 (full 0):
 garbage-first heap   total 37888K, used 28383K [0x0000000083200000, 0x0000000100000000)
  region size 1024K, 22 young (22528K), 5 survivors (5120K)
 Metaspace       used 22644K, committed 22976K, reserved 1114112K
  class space    used 2103K, committed 2240K, reserved 1048576K
}
Event: 3.214 GC heap after
{Heap after GC invocations=8 (full 0):
 garbage-first heap   total 37888K, used 10852K [0x0000000083200000, 0x0000000100000000)
  region size 1024K, 1 young (1024K), 1 survivors (1024K)
 Metaspace       used 22644K, committed 22976K, reserved 1114112K
  class space    used 2103K, committed 2240K, reserved 1048576K
}
Event: 3.265 GC heap before
{Heap before GC invocations=8 (full 0):
 garbage-first heap   total 37888K, used 28260K [0x0000000083200000, 0x0000000100000000)
  region size 1024K, 19 young (19456K), 1 survivors (1024K)
 Metaspace       used 23181K, committed 23488K, reserved 1114112K
  class space    used 2167K, committed 2304K, reserved 1048576K
}
Event: 3.267 GC heap after
{Heap after GC invocations=9 (full 0):
 garbage-first heap   total 37888K, used 11012K [0x0000000083200000, 0x0000000100000000)
  region size 1024K, 2 young (2048K), 2 survivors (2048K)
 Metaspace       used 23181K, committed 23488K, reserved 1114112K
  class space    used 2167K, committed 2304K, reserved 1048576K
}
Event: 3.784 GC heap before
{Heap before GC invocations=9 (full 0):
 garbage-first heap   total 37888K, used 28420K [0x0000000083200000, 0x0000000100000000)
  region size 1024K, 20 young (20480K), 2 survivors (2048K)
 Metaspace       used 31218K, committed 31552K, reserved 1114112K
  class space    used 2971K, committed 3136K, reserved 1048576K
}
Event: 3.789 GC heap after
{Heap after GC invocations=10 (full 0):
 garbage-first heap   total 37888K, used 14015K [0x0000000083200000, 0x0000000100000000)
  region size 1024K, 3 young (3072K), 3 survivors (3072K)
 Metaspace       used 31218K, committed 31552K, reserved 1114112K
  class space    used 2971K, committed 3136K, reserved 1048576K
}
Event: 4.038 GC heap before
{Heap before GC invocations=10 (full 0):
 garbage-first heap   total 37888K, used 15039K [0x0000000083200000, 0x0000000100000000)
  region size 1024K, 5 young (5120K), 3 survivors (3072K)
 Metaspace       used 31641K, committed 32064K, reserved 1114112K
  class space    used 3032K, committed 3200K, reserved 1048576K
}
Event: 4.056 GC heap after
{Heap after GC invocations=11 (full 1):
 garbage-first heap   total 37888K, used 13884K [0x0000000083200000, 0x0000000100000000)
  region size 1024K, 0 young (0K), 0 survivors (0K)
 Metaspace       used 31641K, committed 32064K, reserved 1114112K
  class space    used 3032K, committed 3200K, reserved 1048576K
}
Event: 4.222 GC heap before
{Heap before GC invocations=11 (full 1):
 garbage-first heap   total 37888K, used 27196K [0x0000000083200000, 0x0000000100000000)
  region size 1024K, 14 young (14336K), 0 survivors (0K)
 Metaspace       used 31841K, committed 32192K, reserved 1114112K
  class space    used 3051K, committed 3200K, reserved 1048576K
}
Event: 4.225 GC heap after
{Heap after GC invocations=12 (full 1):
 garbage-first heap   total 41984K, used 26846K [0x0000000083200000, 0x0000000100000000)
  region size 1024K, 2 young (2048K), 2 survivors (2048K)
 Metaspace       used 31841K, committed 32192K, reserved 1114112K
  class space    used 3051K, committed 3200K, reserved 1048576K
}
Event: 4.536 GC heap before
{Heap before GC invocations=12 (full 1):
 garbage-first heap   total 41984K, used 28894K [0x0000000083200000, 0x0000000100000000)
  region size 1024K, 5 young (5120K), 2 survivors (2048K)
 Metaspace       used 31907K, committed 32256K, reserved 1114112K
  class space    used 3056K, committed 3200K, reserved 1048576K
}
Event: 4.538 GC heap after
{Heap after GC invocations=13 (full 1):
 garbage-first heap   total 82944K, used 28996K [0x0000000083200000, 0x0000000100000000)
  region size 1024K, 1 young (1024K), 1 survivors (1024K)
 Metaspace       used 31907K, committed 32256K, reserved 1114112K
  class space    used 3056K, committed 3200K, reserved 1048576K
}
Event: 5.029 GC heap before
{Heap before GC invocations=14 (full 1):
 garbage-first heap   total 82944K, used 49476K [0x0000000083200000, 0x0000000100000000)
  region size 1024K, 22 young (22528K), 1 survivors (1024K)
 Metaspace       used 32066K, committed 32512K, reserved 1114112K
  class space    used 3063K, committed 3264K, reserved 1048576K
}
Event: 5.034 GC heap after
{Heap after GC invocations=15 (full 1):
 garbage-first heap   total 82944K, used 39562K [0x0000000083200000, 0x0000000100000000)
  region size 1024K, 3 young (3072K), 3 survivors (3072K)
 Metaspace       used 32066K, committed 32512K, reserved 1114112K
  class space    used 3063K, committed 3264K, reserved 1048576K
}
Event: 5.185 GC heap before
{Heap before GC invocations=15 (full 1):
 garbage-first heap   total 82944K, used 53898K [0x0000000083200000, 0x0000000100000000)
  region size 1024K, 17 young (17408K), 3 survivors (3072K)
 Metaspace       used 32075K, committed 32512K, reserved 1114112K
  class space    used 3063K, committed 3264K, reserved 1048576K
}
Event: 5.187 GC heap after
{Heap after GC invocations=16 (full 1):
 garbage-first heap   total 82944K, used 40222K [0x0000000083200000, 0x0000000100000000)
  region size 1024K, 1 young (1024K), 1 survivors (1024K)
 Metaspace       used 32075K, committed 32512K, reserved 1114112K
  class space    used 3063K, committed 3264K, reserved 1048576K
}
Event: 5.282 GC heap before
{Heap before GC invocations=17 (full 1):
 garbage-first heap   total 82944K, used 55582K [0x0000000083200000, 0x0000000100000000)
  region size 1024K, 16 young (16384K), 1 survivors (1024K)
 Metaspace       used 32078K, committed 32512K, reserved 1114112K
  class space    used 3063K, committed 3264K, reserved 1048576K
}
Event: 5.283 GC heap after
{Heap after GC invocations=18 (full 1):
 garbage-first heap   total 82944K, used 41052K [0x0000000083200000, 0x0000000100000000)
  region size 1024K, 2 young (2048K), 2 survivors (2048K)
 Metaspace       used 32078K, committed 32512K, reserved 1114112K
  class space    used 3063K, committed 3264K, reserved 1048576K
}
Event: 5.358 GC heap before
{Heap before GC invocations=18 (full 1):
 garbage-first heap   total 82944K, used 57436K [0x0000000083200000, 0x0000000100000000)
  region size 1024K, 18 young (18432K), 2 survivors (2048K)
 Metaspace       used 32078K, committed 32512K, reserved 1114112K
  class space    used 3063K, committed 3264K, reserved 1048576K
}
Event: 5.360 GC heap after
{Heap after GC invocations=19 (full 1):
 garbage-first heap   total 82944K, used 41026K [0x0000000083200000, 0x0000000100000000)
  region size 1024K, 2 young (2048K), 2 survivors (2048K)
 Metaspace       used 32078K, committed 32512K, reserved 1114112K
  class space    used 3063K, committed 3264K, reserved 1048576K
}

Dll operation events (17 events):
Event: 0.016 Loaded shared library C:\Users\Patron\.jdks\corretto-17.0.13\bin\java.dll
Event: 0.031 Loaded shared library C:\Users\Patron\.jdks\corretto-17.0.13\bin\jsvml.dll
Event: 0.126 Loaded shared library C:\Users\Patron\.jdks\corretto-17.0.13\bin\zip.dll
Event: 0.128 Loaded shared library C:\Users\Patron\.jdks\corretto-17.0.13\bin\instrument.dll
Event: 0.134 Loaded shared library C:\Users\Patron\.jdks\corretto-17.0.13\bin\net.dll
Event: 0.138 Loaded shared library C:\Users\Patron\.jdks\corretto-17.0.13\bin\nio.dll
Event: 0.140 Loaded shared library C:\Users\Patron\.jdks\corretto-17.0.13\bin\zip.dll
Event: 0.207 Loaded shared library C:\Program Files\JetBrains\IntelliJ IDEA Community Edition 2024.3.1\bin\breakgen64.dll
Event: 0.216 Loaded shared library C:\Users\Patron\.jdks\corretto-17.0.13\bin\extnet.dll
Event: 0.238 Loaded shared library C:\Users\Patron\.jdks\corretto-17.0.13\bin\jimage.dll
Event: 0.256 Loaded shared library C:\Users\Patron\AppData\Local\Temp\lwjgl_Patron\3.3.2+13\x64\lwjgl.dll
Event: 0.364 Loaded shared library C:\Users\Patron\.jdks\corretto-17.0.13\bin\awt.dll
Event: 0.521 Loaded shared library C:\Users\Patron\.jdks\corretto-17.0.13\bin\verify.dll
Event: 0.966 Loaded shared library C:\Users\Patron\AppData\Local\Temp\lwjgl_Patron\3.3.2+13\x64\lwjgl_opengl.dll
Event: 1.057 Loaded shared library C:\Users\Patron\AppData\Local\Temp\lwjgl_Patron\3.3.2+13\x64\lwjgl_nuklear.dll
Event: 1.089 Loaded shared library C:\Users\Patron\AppData\Local\Temp\lwjgl_Patron\3.3.2+13\x64\lwjgl_stb.dll
Event: 3.632 Loaded shared library C:\Users\Patron\.jdks\corretto-17.0.13\bin\sunmscapi.dll

Deoptimization events (20 events):
Event: 6.967 Thread 0x00000144105246d0 DEOPT PACKING pc=0x000001441fd9ebb8 sp=0x0000003a732fefe0
Event: 6.967 Thread 0x00000144105246d0 DEOPT UNPACKING pc=0x000001441f7869a3 sp=0x0000003a732fef60 mode 2
Event: 6.967 Thread 0x00000144105246d0 Uncommon trap: trap_request=0xffffffbe fr.pc=0x000001441fd9e31c relative=0x00000000000002dc
Event: 6.967 Thread 0x00000144105246d0 Uncommon trap: reason=profile_predicate action=maybe_recompile pc=0x000001441fd9e31c method=org.lwjgl.system.MemoryUtil.memLengthUTF8(Ljava/lang/CharSequence;Z)I @ 25 c2
Event: 6.967 Thread 0x00000144105246d0 DEOPT PACKING pc=0x000001441fd9e31c sp=0x0000003a732feff0
Event: 6.967 Thread 0x00000144105246d0 DEOPT UNPACKING pc=0x000001441f7869a3 sp=0x0000003a732fef78 mode 2
Event: 6.967 Thread 0x00000144105246d0 Uncommon trap: trap_request=0xffffffbe fr.pc=0x000001441fd9ebb8 relative=0x0000000000000378
Event: 6.967 Thread 0x00000144105246d0 Uncommon trap: reason=profile_predicate action=maybe_recompile pc=0x000001441fd9ebb8 method=org.lwjgl.system.MemoryUtil.encodeUTF8Unsafe(Ljava/lang/CharSequence;ZJ)I @ 18 c2
Event: 6.967 Thread 0x00000144105246d0 DEOPT PACKING pc=0x000001441fd9ebb8 sp=0x0000003a732fefe0
Event: 6.967 Thread 0x00000144105246d0 DEOPT UNPACKING pc=0x000001441f7869a3 sp=0x0000003a732fef60 mode 2
Event: 6.967 Thread 0x00000144105246d0 Uncommon trap: trap_request=0xffffffbe fr.pc=0x000001441fd9e31c relative=0x00000000000002dc
Event: 6.967 Thread 0x00000144105246d0 Uncommon trap: reason=profile_predicate action=maybe_recompile pc=0x000001441fd9e31c method=org.lwjgl.system.MemoryUtil.memLengthUTF8(Ljava/lang/CharSequence;Z)I @ 25 c2
Event: 6.967 Thread 0x00000144105246d0 DEOPT PACKING pc=0x000001441fd9e31c sp=0x0000003a732feff0
Event: 6.967 Thread 0x00000144105246d0 DEOPT UNPACKING pc=0x000001441f7869a3 sp=0x0000003a732fef78 mode 2
Event: 6.967 Thread 0x00000144105246d0 Uncommon trap: trap_request=0xffffffbe fr.pc=0x000001441fd9ebb8 relative=0x0000000000000378
Event: 6.967 Thread 0x00000144105246d0 Uncommon trap: reason=profile_predicate action=maybe_recompile pc=0x000001441fd9ebb8 method=org.lwjgl.system.MemoryUtil.encodeUTF8Unsafe(Ljava/lang/CharSequence;ZJ)I @ 18 c2
Event: 6.967 Thread 0x00000144105246d0 DEOPT PACKING pc=0x000001441fd9ebb8 sp=0x0000003a732fefe0
Event: 6.967 Thread 0x00000144105246d0 DEOPT UNPACKING pc=0x000001441f7869a3 sp=0x0000003a732fef60 mode 2
Event: 7.318 Thread 0x00000144105246d0 DEOPT PACKING pc=0x0000014418254efb sp=0x0000003a732ff140
Event: 7.318 Thread 0x00000144105246d0 DEOPT UNPACKING pc=0x000001441f787143 sp=0x0000003a732fe5f8 mode 0

Classes loaded (20 events):
Event: 4.533 Loading class java/util/zip/GZIPInputStream
Event: 4.533 Loading class java/util/zip/GZIPInputStream done
Event: 4.533 Loading class java/util/zip/CheckedInputStream
Event: 4.533 Loading class java/util/zip/CheckedInputStream done
Event: 4.534 Loading class java/util/zip/GZIPInputStream$1
Event: 4.534 Loading class java/util/zip/GZIPInputStream$1 done
Event: 4.850 Loading class java/util/concurrent/Executors$RunnableAdapter
Event: 4.850 Loading class java/util/concurrent/Executors$RunnableAdapter done
Event: 6.049 Loading class java/text/DigitList$1
Event: 6.049 Loading class java/text/DigitList$1 done
Event: 6.267 Loading class java/math/MathContext
Event: 6.268 Loading class java/math/MathContext done
Event: 6.851 Loading class java/awt/MouseInfo
Event: 6.851 Loading class java/awt/MouseInfo done
Event: 6.851 Loading class sun/awt/windows/WMouseInfoPeer
Event: 6.851 Loading class java/awt/peer/MouseInfoPeer
Event: 6.851 Loading class java/awt/peer/MouseInfoPeer done
Event: 6.851 Loading class sun/awt/windows/WMouseInfoPeer done
Event: 6.852 Loading class java/awt/PointerInfo
Event: 6.852 Loading class java/awt/PointerInfo done

Classes unloaded (0 events):
No events

Classes redefined (0 events):
No events

Internal exceptions (20 events):
Event: 3.228 Thread 0x00000144105246d0 Exception <a 'java/lang/NoSuchMethodError'{0x00000000847e8ff8}: 'java.lang.Object java.lang.invoke.Invokers$Holder.linkToTargetMethod(int, java.lang.Object, java.lang.Object, java.lang.Object)'> (0x00000000847e8ff8) 
thrown [s\src\hotspot\share\interpreter\linkResolver.cpp, line 759]
Event: 3.289 Thread 0x00000144105246d0 Exception <a 'java/lang/NoSuchMethodError'{0x00000000897c1260}: 'void java.lang.invoke.DirectMethodHandle$Holder.invokeStatic(java.lang.Object, java.lang.Object, java.lang.Object, int, int, int)'> (0x00000000897c1260) 
thrown [s\src\hotspot\share\interpreter\linkResolver.cpp, line 759]
Event: 3.375 Thread 0x00000144105246d0 Exception <a 'java/lang/NoSuchMethodError'{0x000000008949a488}: 'int java.lang.invoke.DirectMethodHandle$Holder.invokeStatic(java.lang.Object, long, int)'> (0x000000008949a488) 
thrown [s\src\hotspot\share\interpreter\linkResolver.cpp, line 759]
Event: 3.513 Thread 0x00000144105246d0 Exception <a 'sun/nio/fs/WindowsException'{0x0000000084f21e90}> (0x0000000084f21e90) 
thrown [s\src\hotspot\share\prims\jni.cpp, line 516]
Event: 3.519 Thread 0x00000144105246d0 Exception <a 'java/lang/NoSuchMethodError'{0x0000000084f447b8}: 'int java.lang.invoke.DirectMethodHandle$Holder.invokeStatic(java.lang.Object, java.lang.Object, java.lang.Object, java.lang.Object)'> (0x0000000084f447b8) 
thrown [s\src\hotspot\share\interpreter\linkResolver.cpp, line 759]
Event: 3.519 Thread 0x00000144105246d0 Exception <a 'java/lang/NoSuchMethodError'{0x0000000084f47fc0}: 'int java.lang.invoke.DirectMethodHandle$Holder.invokeStaticInit(java.lang.Object, java.lang.Object, java.lang.Object, java.lang.Object)'> (0x0000000084f47fc0) 
thrown [s\src\hotspot\share\interpreter\linkResolver.cpp, line 759]
Event: 3.520 Thread 0x00000144105246d0 Exception <a 'java/lang/NoSuchMethodError'{0x0000000084f51540}: 'java.lang.Object java.lang.invoke.DirectMethodHandle$Holder.invokeInterface(java.lang.Object, java.lang.Object)'> (0x0000000084f51540) 
thrown [s\src\hotspot\share\interpreter\linkResolver.cpp, line 759]
Event: 3.520 Thread 0x00000144105246d0 Exception <a 'java/lang/IncompatibleClassChangeError'{0x0000000084f54d38}: Found class java.lang.Object, but interface was expected> (0x0000000084f54d38) 
thrown [s\src\hotspot\share\interpreter\linkResolver.cpp, line 826]
Event: 3.520 Thread 0x00000144105246d0 Exception <a 'java/lang/NoSuchMethodError'{0x0000000084f57ff8}: 'void java.lang.invoke.DirectMethodHandle$Holder.invokeStaticInit(java.lang.Object, java.lang.Object)'> (0x0000000084f57ff8) 
thrown [s\src\hotspot\share\interpreter\linkResolver.cpp, line 759]
Event: 3.520 Thread 0x00000144105246d0 Exception <a 'java/lang/NoSuchMethodError'{0x0000000084f5e078}: 'int java.lang.invoke.DirectMethodHandle$Holder.invokeStaticInit(java.lang.Object, java.lang.Object)'> (0x0000000084f5e078) 
thrown [s\src\hotspot\share\interpreter\linkResolver.cpp, line 759]
Event: 3.605 Thread 0x00000144105246d0 Exception <a 'java/lang/NoSuchMethodError'{0x0000000084980450}: 'java.lang.Object java.lang.invoke.DirectMethodHandle$Holder.invokeStaticInit(java.lang.Object, java.lang.Object, int, int, int, int)'> (0x0000000084980450) 
thrown [s\src\hotspot\share\interpreter\linkResolver.cpp, line 759]
Event: 3.747 Thread 0x00000144105246d0 Implicit null exception at 0x000001441fe9a20c to 0x000001441fe9a3c2
Event: 4.038 Thread 0x00000144105246d0 Exception <a 'java/lang/NoSuchMethodError'{0x0000000089734c68}: 'java.lang.Object java.lang.invoke.DirectMethodHandle$Holder.invokeVirtual(java.lang.Object, java.lang.Object, java.lang.Object, java.lang.Object)'> (0x0000000089734c68) 
thrown [s\src\hotspot\share\interpreter\linkResolver.cpp, line 759]
Event: 4.738 Thread 0x000001440d3e5ac0 Exception <a 'java/lang/NoSuchMethodError'{0x0000000087224818}: 'void java.lang.invoke.DirectMethodHandle$Holder.invokeStatic(java.lang.Object, java.lang.Object, java.lang.Object, java.lang.Object)'> (0x0000000087224818) 
thrown [s\src\hotspot\share\interpreter\linkResolver.cpp, line 759]
Event: 6.304 Thread 0x00000144105246d0 Exception <a 'java/lang/NoSuchMethodError'{0x0000000087645e40}: 'java.lang.Object java.lang.invoke.DirectMethodHandle$Holder.newInvokeSpecial(java.lang.Object, java.lang.Object, java.lang.Object, int)'> (0x0000000087645e40) 
thrown [s\src\hotspot\share\interpreter\linkResolver.cpp, line 759]
Event: 6.304 Thread 0x00000144105246d0 Exception <a 'java/lang/NoSuchMethodError'{0x0000000087649f78}: 'java.lang.Object java.lang.invoke.DirectMethodHandle$Holder.invokeSpecial(java.lang.Object, java.lang.Object, java.lang.Object, java.lang.Object, int)'> (0x0000000087649f78) 
thrown [s\src\hotspot\share\interpreter\linkResolver.cpp, line 759]
Event: 6.304 Thread 0x00000144105246d0 Exception <a 'java/lang/NoSuchMethodError'{0x000000008764d898}: 'java.lang.Object java.lang.invoke.Invokers$Holder.linkToTargetMethod(java.lang.Object, java.lang.Object, int, java.lang.Object)'> (0x000000008764d898) 
thrown [s\src\hotspot\share\interpreter\linkResolver.cpp, line 759]
Event: 6.321 Thread 0x00000144105246d0 Exception <a 'java/lang/NoSuchMethodError'{0x0000000087684970}: 'java.lang.Object java.lang.invoke.DirectMethodHandle$Holder.invokeStatic(java.lang.Object, float)'> (0x0000000087684970) 
thrown [s\src\hotspot\share\interpreter\linkResolver.cpp, line 759]
Event: 6.322 Thread 0x00000144105246d0 Exception <a 'java/lang/NoSuchMethodError'{0x0000000087689000}: 'java.lang.Object java.lang.invoke.DirectMethodHandle$Holder.invokeSpecial(java.lang.Object, java.lang.Object, float)'> (0x0000000087689000) 
thrown [s\src\hotspot\share\interpreter\linkResolver.cpp, line 759]
Event: 6.322 Thread 0x00000144105246d0 Exception <a 'java/lang/NoSuchMethodError'{0x00000000876987c0}: 'java.lang.Object java.lang.invoke.DirectMethodHandle$Holder.invokeSpecial(java.lang.Object, java.lang.Object, java.lang.Object, java.lang.Object, float)'> (0x00000000876987c0) 
thrown [s\src\hotspot\share\interpreter\linkResolver.cpp, line 759]

VM Operations (20 events):
Event: 5.029 Executing VM operation: G1CollectForAllocation
Event: 5.034 Executing VM operation: G1CollectForAllocation done
Event: 5.185 Executing VM operation: G1CollectForAllocation
Event: 5.187 Executing VM operation: G1CollectForAllocation done
Event: 5.196 Executing VM operation: G1PauseRemark
Event: 5.199 Executing VM operation: G1PauseRemark done
Event: 5.203 Executing VM operation: G1PauseCleanup
Event: 5.203 Executing VM operation: G1PauseCleanup done
Event: 5.282 Executing VM operation: G1CollectForAllocation
Event: 5.283 Executing VM operation: G1CollectForAllocation done
Event: 5.358 Executing VM operation: G1CollectForAllocation
Event: 5.360 Executing VM operation: G1CollectForAllocation done
Event: 5.369 Executing VM operation: G1PauseRemark
Event: 5.371 Executing VM operation: G1PauseRemark done
Event: 5.374 Executing VM operation: G1PauseCleanup
Event: 5.375 Executing VM operation: G1PauseCleanup done
Event: 6.378 Executing VM operation: Cleanup
Event: 6.378 Executing VM operation: Cleanup done
Event: 7.387 Executing VM operation: Cleanup
Event: 7.387 Executing VM operation: Cleanup done

Memory protections (0 events):
No events

Nmethod flushes (20 events):
Event: 4.882 Thread 0x000001442ebc6350 flushing  nmethod 0x0000014418995d10
Event: 4.882 Thread 0x000001442ebc6350 flushing  nmethod 0x0000014418996090
Event: 4.882 Thread 0x000001442ebc6350 flushing  nmethod 0x0000014418997190
Event: 4.882 Thread 0x000001442ebc6350 flushing  nmethod 0x00000144189a2610
Event: 4.882 Thread 0x000001442ebc6350 flushing osr nmethod 0x00000144189a3710
Event: 4.882 Thread 0x000001442ebc6350 flushing  nmethod 0x00000144189a8a10
Event: 4.882 Thread 0x000001442ebc6350 flushing  nmethod 0x00000144189ade10
Event: 4.882 Thread 0x000001442ebc6350 flushing  nmethod 0x00000144189b9590
Event: 4.882 Thread 0x000001442ebc6350 flushing  nmethod 0x00000144189b9c90
Event: 4.882 Thread 0x000001442ebc6350 flushing  nmethod 0x00000144189c2b90
Event: 4.882 Thread 0x000001442ebc6350 flushing  nmethod 0x00000144189c3610
Event: 4.882 Thread 0x000001442ebc6350 flushing  nmethod 0x00000144189c3b10
Event: 4.882 Thread 0x000001442ebc6350 flushing  nmethod 0x00000144189c4690
Event: 4.882 Thread 0x000001442ebc6350 flushing  nmethod 0x00000144189c4c10
Event: 4.882 Thread 0x000001442ebc6350 flushing  nmethod 0x00000144189c4f90
Event: 4.882 Thread 0x000001442ebc6350 flushing  nmethod 0x00000144189c5890
Event: 4.882 Thread 0x000001442ebc6350 flushing  nmethod 0x00000144189c6310
Event: 4.882 Thread 0x000001442ebc6350 flushing  nmethod 0x00000144189cca90
Event: 4.882 Thread 0x000001442ebc6350 flushing  nmethod 0x00000144189ccf10
Event: 4.882 Thread 0x000001442ebc6350 flushing  nmethod 0x00000144189cd710

Events (20 events):
Event: 3.947 Thread 0x00000144779de430 Thread exited: 0x00000144779de430
Event: 3.948 Thread 0x00000144105246d0 Thread added: 0x00000144779de430
Event: 4.078 Thread 0x00000144105246d0 Thread added: 0x000001440d3e7920
Event: 4.079 Thread 0x00000144105246d0 Thread added: 0x000001440d3e69f0
Event: 4.080 Thread 0x00000144105246d0 Thread added: 0x000001440d3e7e30
Event: 4.080 Thread 0x00000144105246d0 Thread added: 0x000001440d3e8850
Event: 4.081 Thread 0x00000144105246d0 Thread added: 0x000001440d3e5ac0
Event: 4.082 Thread 0x00000144105246d0 Thread added: 0x000001440d3e50a0
Event: 4.082 Thread 0x000001442ebbf530 Thread added: 0x000001440d7967c0
Event: 4.084 Thread 0x00000144105246d0 Thread added: 0x000001440d3e55b0
Event: 4.087 Thread 0x00000144105246d0 Thread added: 0x000001440d791740
Event: 4.087 Thread 0x00000144105246d0 Thread added: 0x000001440d790d20
Event: 4.088 Thread 0x00000144105246d0 Thread added: 0x000001440d78da80
Event: 4.089 Thread 0x00000144105246d0 Thread added: 0x000001440d78d570
Event: 4.089 Thread 0x00000144105246d0 Thread added: 0x000001440d78eec0
Event: 4.850 Thread 0x00000144105246d0 Thread added: 0x000001440d78df90
Event: 4.866 Thread 0x00000144105246d0 Thread added: 0x000001440d78f3d0
Event: 5.465 Thread 0x000001440d7967c0 Thread exited: 0x000001440d7967c0
Event: 6.372 Thread 0x000001442ebbf530 Thread added: 0x000001440d4c0050
Event: 6.916 Thread 0x000001440d4c0050 Thread exited: 0x000001440d4c0050


Dynamic libraries:
0x00007ff661850000 - 0x00007ff66185e000 	C:\Users\Patron\.jdks\corretto-17.0.13\bin\java.exe
0x00007ffd4cf50000 - 0x00007ffd4d167000 	C:\WINDOWS\SYSTEM32\ntdll.dll
0x00007ffd4c190000 - 0x00007ffd4c254000 	C:\WINDOWS\System32\KERNEL32.DLL
0x00007ffd4a370000 - 0x00007ffd4a729000 	C:\WINDOWS\System32\KERNELBASE.dll
0x00007ffd4a250000 - 0x00007ffd4a361000 	C:\WINDOWS\System32\ucrtbase.dll
0x00007ffd34c90000 - 0x00007ffd34ca7000 	C:\Users\Patron\.jdks\corretto-17.0.13\bin\jli.dll
0x00007ffd34cb0000 - 0x00007ffd34ccb000 	C:\Users\Patron\.jdks\corretto-17.0.13\bin\VCRUNTIME140.dll
0x00007ffd4cb30000 - 0x00007ffd4ccde000 	C:\WINDOWS\System32\USER32.dll
0x00007ffd4a960000 - 0x00007ffd4a986000 	C:\WINDOWS\System32\win32u.dll
0x00007ffd22130000 - 0x00007ffd223c2000 	C:\WINDOWS\WinSxS\amd64_microsoft.windows.common-controls_6595b64144ccf1df_6.0.22621.4391_none_2715d37f73803e96\COMCTL32.dll
0x00007ffd4b0b0000 - 0x00007ffd4b0d9000 	C:\WINDOWS\System32\GDI32.dll
0x00007ffd4b0f0000 - 0x00007ffd4b197000 	C:\WINDOWS\System32\msvcrt.dll
0x00007ffd4ab50000 - 0x00007ffd4ac6b000 	C:\WINDOWS\System32\gdi32full.dll
0x00007ffd4aa40000 - 0x00007ffd4aada000 	C:\WINDOWS\System32\msvcp_win.dll
0x00007ffd4bd20000 - 0x00007ffd4bd51000 	C:\WINDOWS\System32\IMM32.DLL
0x000001440eca0000 - 0x000001440ecb4000 	C:\WINDOWS\System32\umppc18721.dll
0x0000014410490000 - 0x00000144104a2000 	C:\WINDOWS\System32\CsXumd64_18721.dll
0x00007ffd46a50000 - 0x00007ffd46a5c000 	C:\Users\Patron\.jdks\corretto-17.0.13\bin\vcruntime140_1.dll
0x00007ffd296f0000 - 0x00007ffd2977d000 	C:\Users\Patron\.jdks\corretto-17.0.13\bin\msvcp140.dll
0x00007ffd09890000 - 0x00007ffd0a4fc000 	C:\Users\Patron\.jdks\corretto-17.0.13\bin\server\jvm.dll
0x00007ffd4c0d0000 - 0x00007ffd4c182000 	C:\WINDOWS\System32\ADVAPI32.dll
0x00007ffd4cde0000 - 0x00007ffd4ce87000 	C:\WINDOWS\System32\sechost.dll
0x00007ffd4a990000 - 0x00007ffd4a9b8000 	C:\WINDOWS\System32\bcrypt.dll
0x00007ffd4b3d0000 - 0x00007ffd4b4e4000 	C:\WINDOWS\System32\RPCRT4.dll
0x00007ffd4b350000 - 0x00007ffd4b3c1000 	C:\WINDOWS\System32\WS2_32.dll
0x00007ffd4a120000 - 0x00007ffd4a16d000 	C:\WINDOWS\SYSTEM32\POWRPROF.dll
0x00007ffd434a0000 - 0x00007ffd434d4000 	C:\WINDOWS\SYSTEM32\WINMM.dll
0x00007ffd46a90000 - 0x00007ffd46a9a000 	C:\WINDOWS\SYSTEM32\VERSION.dll
0x00007ffd49f50000 - 0x00007ffd49f63000 	C:\WINDOWS\SYSTEM32\UMPDC.dll
0x00007ffd49290000 - 0x00007ffd492a8000 	C:\WINDOWS\SYSTEM32\kernel.appcore.dll
0x00007ffd40c00000 - 0x00007ffd40c0a000 	C:\Users\Patron\.jdks\corretto-17.0.13\bin\jimage.dll
0x00007ffd36280000 - 0x00007ffd364b2000 	C:\WINDOWS\SYSTEM32\DBGHELP.DLL
0x00007ffd4ac70000 - 0x00007ffd4afff000 	C:\WINDOWS\System32\combase.dll
0x00007ffd4bee0000 - 0x00007ffd4bfb7000 	C:\WINDOWS\System32\OLEAUT32.dll
0x00007ffd36060000 - 0x00007ffd36092000 	C:\WINDOWS\SYSTEM32\dbgcore.DLL
0x00007ffd4a9c0000 - 0x00007ffd4aa3b000 	C:\WINDOWS\System32\bcryptPrimitives.dll
0x00007ffd35f60000 - 0x00007ffd35f6e000 	C:\Users\Patron\.jdks\corretto-17.0.13\bin\instrument.dll
0x00007ffd32410000 - 0x00007ffd32435000 	C:\Users\Patron\.jdks\corretto-17.0.13\bin\java.dll
0x00007ffd183c0000 - 0x00007ffd18497000 	C:\Users\Patron\.jdks\corretto-17.0.13\bin\jsvml.dll
0x00007ffd4c2b0000 - 0x00007ffd4cb26000 	C:\WINDOWS\System32\SHELL32.dll
0x00007ffd48190000 - 0x00007ffd48a93000 	C:\WINDOWS\SYSTEM32\windows.storage.dll
0x00007ffd48050000 - 0x00007ffd4818f000 	C:\WINDOWS\SYSTEM32\wintypes.dll
0x00007ffd4bd70000 - 0x00007ffd4be69000 	C:\WINDOWS\System32\SHCORE.dll
0x00007ffd4c050000 - 0x00007ffd4c0ae000 	C:\WINDOWS\System32\shlwapi.dll
0x00007ffd4a180000 - 0x00007ffd4a1ab000 	C:\WINDOWS\SYSTEM32\profapi.dll
0x00007ffd323f0000 - 0x00007ffd32408000 	C:\Users\Patron\.jdks\corretto-17.0.13\bin\zip.dll
0x00007ffd34c70000 - 0x00007ffd34c89000 	C:\Users\Patron\.jdks\corretto-17.0.13\bin\net.dll
0x00007ffd46690000 - 0x00007ffd467c6000 	C:\WINDOWS\SYSTEM32\WINHTTP.dll
0x00007ffd49710000 - 0x00007ffd49779000 	C:\WINDOWS\system32\mswsock.dll
0x00007ffd34510000 - 0x00007ffd34526000 	C:\Users\Patron\.jdks\corretto-17.0.13\bin\nio.dll
0x00007ffd323d0000 - 0x00007ffd323ea000 	C:\Program Files\JetBrains\IntelliJ IDEA Community Edition 2024.3.1\bin\breakgen64.dll
0x00007ffd34bf0000 - 0x00007ffd34bf9000 	C:\Users\Patron\.jdks\corretto-17.0.13\bin\extnet.dll
0x00007ffd26fb0000 - 0x00007ffd2702a000 	C:\Users\Patron\AppData\Local\Temp\lwjgl_Patron\3.3.2+13\x64\lwjgl.dll
0x00007ffd09620000 - 0x00007ffd09890000 	C:\Users\Patron\AppData\Local\Temp\lwjgl_Patron\3.3.2+13\x64\jemalloc.dll
0x00007ffd09490000 - 0x00007ffd09620000 	C:\Users\Patron\.jdks\corretto-17.0.13\bin\awt.dll
0x00007ffd468e0000 - 0x00007ffd46977000 	C:\WINDOWS\SYSTEM32\apphelp.dll
0x00007ffd47bc0000 - 0x00007ffd47beb000 	C:\WINDOWS\system32\DWMAPI.DLL
0x00007ffd47790000 - 0x00007ffd47841000 	C:\WINDOWS\system32\uxtheme.dll
0x00007ffd1cf40000 - 0x00007ffd1d040000 	C:\WINDOWS\system32\opengl32.dll
0x00007ffd1e590000 - 0x00007ffd1e5bd000 	C:\WINDOWS\SYSTEM32\GLU32.dll
0x00007ffd47980000 - 0x00007ffd479b7000 	C:\WINDOWS\SYSTEM32\dxcore.dll
0x00007ffd4b520000 - 0x00007ffd4b680000 	C:\WINDOWS\System32\MSCTF.dll
0x00007ffd4b1a0000 - 0x00007ffd4b345000 	C:\WINDOWS\System32\ole32.dll
0x00007ffd2e1d0000 - 0x00007ffd2e1e0000 	C:\Users\Patron\.jdks\corretto-17.0.13\bin\verify.dll
0x00007ffd22000000 - 0x00007ffd22082000 	C:\Users\Patron\AppData\Local\Temp\lwjgl_Patron\3.3.2+13\x64\glfw.dll
0x00007ffd296a0000 - 0x00007ffd296e6000 	C:\WINDOWS\SYSTEM32\dinput8.dll
0x00007ffd295f0000 - 0x00007ffd29601000 	C:\WINDOWS\SYSTEM32\xinput1_4.dll
0x00007ffd49e20000 - 0x00007ffd49e6e000 	C:\WINDOWS\SYSTEM32\cfgmgr32.dll
0x00007ffd49e70000 - 0x00007ffd49e9c000 	C:\WINDOWS\SYSTEM32\DEVOBJ.dll
0x00007ffd25380000 - 0x00007ffd25593000 	C:\WINDOWS\SYSTEM32\inputhost.dll
0x00007ffd45b00000 - 0x00007ffd45c33000 	C:\WINDOWS\SYSTEM32\CoreMessaging.dll
0x00007ffd49980000 - 0x00007ffd4998c000 	C:\WINDOWS\SYSTEM32\CRYPTBASE.DLL
0x00007ffd2d470000 - 0x00007ffd2d487000 	C:\WINDOWS\system32\napinsp.dll
0x00007ffd2d450000 - 0x00007ffd2d46b000 	C:\WINDOWS\system32\pnrpnsp.dll
0x00007ffd48d20000 - 0x00007ffd48e22000 	C:\WINDOWS\SYSTEM32\DNSAPI.dll
0x00007ffd48cf0000 - 0x00007ffd48d1d000 	C:\WINDOWS\SYSTEM32\IPHLPAPI.DLL
0x00007ffd4bd60000 - 0x00007ffd4bd69000 	C:\WINDOWS\System32\NSI.dll
0x00007ffd2d350000 - 0x00007ffd2d361000 	C:\WINDOWS\System32\winrnr.dll
0x00007ffd2d2e0000 - 0x00007ffd2d2f5000 	C:\WINDOWS\system32\wshbth.dll
0x00007ffd2d420000 - 0x00007ffd2d447000 	C:\WINDOWS\system32\nlansp_c.dll
0x00007ffd42af0000 - 0x00007ffd42afa000 	C:\Windows\System32\rasadhlp.dll
0x00007ffd43c50000 - 0x00007ffd43cd3000 	C:\WINDOWS\System32\fwpuclnt.dll
0x00007ffd3aac0000 - 0x00007ffd3ab09000 	C:\WINDOWS\SYSTEM32\directxdatabasehelper.dll
0x00007ffd4b000000 - 0x00007ffd4b0b0000 	C:\WINDOWS\System32\clbcatq.dll
0x00007ffd422d0000 - 0x00007ffd42414000 	C:\Windows\System32\AppXDeploymentClient.dll
0x00007ffd005e0000 - 0x00007ffd0160f000 	C:\WINDOWS\System32\DriverStore\FileRepository\iigd_dch.inf_amd64_fbef37f5b63dca79\ig9icd64.dll
0x00007ffd479c0000 - 0x00007ffd47ab7000 	C:\WINDOWS\system32\dxgi.dll
0x00007ffcca0a0000 - 0x00007ffcca37a000 	C:\WINDOWS\System32\DriverStore\FileRepository\iigd_dch.inf_amd64_fbef37f5b63dca79\igdml64.dll
0x00007ffd31fe0000 - 0x00007ffd323c9000 	C:\WINDOWS\System32\DriverStore\FileRepository\iigd_dch.inf_amd64_fbef37f5b63dca79\igdgmm64.dll
0x00007ffd2e8a0000 - 0x00007ffd31fd7000 	C:\WINDOWS\System32\DriverStore\FileRepository\iigd_dch.inf_amd64_fbef37f5b63dca79\igc64.dll
0x00007ffd22c30000 - 0x00007ffd22c8e000 	C:\Users\Patron\AppData\Local\Temp\lwjgl_Patron\3.3.2+13\x64\lwjgl_opengl.dll
0x00007ffd22850000 - 0x00007ffd228c3000 	C:\Users\Patron\AppData\Local\Temp\lwjgl_Patron\3.3.2+13\x64\lwjgl_nuklear.dll
0x00007ffd20740000 - 0x00007ffd207c2000 	C:\Users\Patron\AppData\Local\Temp\lwjgl_Patron\3.3.2+13\x64\lwjgl_stb.dll
0x00007ffd47000000 - 0x00007ffd470bc000 	C:\WINDOWS\SYSTEM32\mscms.dll
0x00007ffd34580000 - 0x00007ffd345c9000 	C:\WINDOWS\SYSTEM32\icm32.dll
0x00007ffd49960000 - 0x00007ffd4997b000 	C:\WINDOWS\SYSTEM32\CRYPTSP.dll
0x00007ffd491f0000 - 0x00007ffd49225000 	C:\WINDOWS\system32\rsaenh.dll
0x00007ffd49800000 - 0x00007ffd49828000 	C:\WINDOWS\SYSTEM32\USERENV.dll
0x00007ffd45860000 - 0x00007ffd45879000 	C:\WINDOWS\SYSTEM32\dhcpcsvc6.DLL
0x00007ffd457c0000 - 0x00007ffd457df000 	C:\WINDOWS\SYSTEM32\dhcpcsvc.DLL
0x00007ffd344b0000 - 0x00007ffd344be000 	C:\Users\Patron\.jdks\corretto-17.0.13\bin\sunmscapi.dll
0x00007ffd4a730000 - 0x00007ffd4a896000 	C:\WINDOWS\System32\CRYPT32.dll
0x00007ffd49b20000 - 0x00007ffd49b4d000 	C:\WINDOWS\SYSTEM32\ncrypt.dll
0x00007ffd49ae0000 - 0x00007ffd49b17000 	C:\WINDOWS\SYSTEM32\NTASN1.dll
0x00007ffd27b40000 - 0x00007ffd27c85000 	C:\WINDOWS\SYSTEM32\textinputframework.dll
0x00007ffd35040000 - 0x00007ffd353ad000 	C:\WINDOWS\SYSTEM32\CoreUIComponents.dll
0x00007ffd3c4b0000 - 0x00007ffd3c519000 	C:\WINDOWS\system32\Oleacc.dll

dbghelp: loaded successfully - version: 4.0.5 - missing functions: none
symbol engine: initialized successfully - sym options: 0x614 - pdb path: .;C:\Users\Patron\.jdks\corretto-17.0.13\bin;C:\WINDOWS\SYSTEM32;C:\WINDOWS\WinSxS\amd64_microsoft.windows.common-controls_6595b64144ccf1df_6.0.22621.4391_none_2715d37f73803e96;C:\Users\Patron\.jdks\corretto-17.0.13\bin\server;C:\Program Files\JetBrains\IntelliJ IDEA Community Edition 2024.3.1\bin;C:\Users\Patron\AppData\Local\Temp\lwjgl_Patron\3.3.2+13\x64;C:\WINDOWS\System32\DriverStore\FileRepository\iigd_dch.inf_amd64_fbef37f5b63dca79

VM Arguments:
jvm_args: -javaagent:C:\Program Files\JetBrains\IntelliJ IDEA Community Edition 2024.3.1\lib\idea_rt.jar=59197:C:\Program Files\JetBrains\IntelliJ IDEA Community Edition 2024.3.1\bin -Dfile.encoding=UTF-8 
java_command: com.xbuilders.Main devmode loadWorldOnStartup
java_class_path (initial): C:\Users\Patron\Documents\GitHub\Xbuilders\target\classes;C:\Users\Patron\.m2\repository\com\fasterxml\jackson\dataformat\jackson-dataformat-smile\2.18.1\jackson-dataformat-smile-2.18.1.jar;C:\Users\Patron\.m2\repository\com\fasterxml\jackson\core\jackson-core\2.18.1\jackson-core-2.18.1.jar;C:\Users\Patron\.m2\repository\com\fasterxml\jackson\core\jackson-databind\2.18.1\jackson-databind-2.18.1.jar;C:\Users\Patron\.m2\repository\com\fasterxml\jackson\core\jackson-annotations\2.18.1\jackson-annotations-2.18.1.jar;C:\Users\Patron\.m2\repository\com\google\code\gson\gson\2.10.1\gson-2.10.1.jar;C:\Users\Patron\.m2\repository\org\lwjgl\lwjgl\3.3.2\lwjgl-3.3.2.jar;C:\Users\Patron\.m2\repository\org\lwjgl\lwjgl-assimp\3.3.2\lwjgl-assimp-3.3.2.jar;C:\Users\Patron\.m2\repository\org\lwjgl\lwjgl-bgfx\3.3.2\lwjgl-bgfx-3.3.2.jar;C:\Users\Patron\.m2\repository\org\lwjgl\lwjgl-cuda\3.3.2\lwjgl-cuda-3.3.2.jar;C:\Users\Patron\.m2\repository\org\lwjgl\lwjgl-egl\3.3.2\lwjgl-egl-3.3.2.jar;C:\Users\Patron\.m2\repository\org\lwjgl\lwjgl-fmod\3.3.2\lwjgl-fmod-3.3.2.jar;C:\Users\Patron\.m2\repository\org\lwjgl\lwjgl-freetype\3.3.2\lwjgl-freetype-3.3.2.jar;C:\Users\Patron\.m2\repository\org\lwjgl\lwjgl-glfw\3.3.2\lwjgl-glfw-3.3.2.jar;C:\Users\Patron\.m2\repository\org\lwjgl\lwjgl-harfbuzz\3.3.2\lwjgl-harfbuzz-3.3.2.jar;C:\Users\Patron\.m2\repository\org\lwjgl\lwjgl-hwloc\3.3.2\lwjgl-hwloc-3.3.2.jar;C:\Users\Patron\.m2\repository\org\lwjgl\lwjgl-jawt\3.3.2\lwjgl-jawt-3.3.2.jar;C:\Users\Patron\.m2\repository\org\lwjgl\lwjgl-jemalloc\3.3.2\lwjgl-jemalloc-3.3.2.jar;C:\Users\Patron\.m2\repository\org\lwjgl\lwjgl-ktx\3.3.2\lwjgl-ktx-3.3.2.jar;C:\Users\Patron\.m2\repository\org\lwjgl\lwjgl-libdivide\3.3.2\lwjgl-libdivide-3.3.2.jar;C:\Users\Patron\.m2\repository\org\lwjgl\lwjgl-llvm\3.3.2\lwjgl-llvm-3.3.2.jar;C:\Users\Patron\.m2\repository\org\lwjgl\lwjgl-lmdb\3.3.2\lwjgl-lmdb-3.3.2.jar;C:\Users\Patron\.m2\repository\org\lwjgl\lwjgl-lz4\3.3.2\lwjgl-lz4-3.3.2.jar;C:\Use
Launcher Type: SUN_STANDARD

[Global flags]
     intx CICompilerCount                          = 3                                         {product} {ergonomic}
     uint ConcGCThreads                            = 2                                         {product} {ergonomic}
     uint G1ConcRefinementThreads                  = 6                                         {product} {ergonomic}
   size_t G1HeapRegionSize                         = 1048576                                   {product} {ergonomic}
    uintx GCDrainStackTargetSize                   = 64                                        {product} {ergonomic}
   size_t InitialHeapSize                          = 132120576                                 {product} {ergonomic}
   size_t MarkStackSize                            = 4194304                                   {product} {ergonomic}
   size_t MaxHeapSize                              = 2095054848                                {product} {ergonomic}
   size_t MaxNewSize                               = 1256194048                                {product} {ergonomic}
   size_t MinHeapDeltaBytes                        = 1048576                                   {product} {ergonomic}
   size_t MinHeapSize                              = 8388608                                   {product} {ergonomic}
    uintx NonNMethodCodeHeapSize                   = 5832780                                {pd product} {ergonomic}
    uintx NonProfiledCodeHeapSize                  = 122912730                              {pd product} {ergonomic}
    uintx ProfiledCodeHeapSize                     = 122912730                              {pd product} {ergonomic}
    uintx ReservedCodeCacheSize                    = 251658240                              {pd product} {ergonomic}
     bool SegmentedCodeCache                       = true                                      {product} {ergonomic}
   size_t SoftMaxHeapSize                          = 2095054848                             {manageable} {ergonomic}
     bool UseCompressedClassPointers               = true                           {product lp64_product} {ergonomic}
     bool UseCompressedOops                        = true                           {product lp64_product} {ergonomic}
     bool UseG1GC                                  = true                                      {product} {ergonomic}
     bool UseLargePagesIndividualAllocation        = false                                  {pd product} {ergonomic}

Logging:
Log output configuration:
 #0: stdout all=warning uptime,level,tags
 #1: stderr all=off uptime,level,tags

Environment Variables:
JAVA_HOME=C:\Program Files\Eclipse Adoptium\jre-8.0.432.6-hotspot\
PATH=C:\Program Files\Eclipse Adoptium\jre-8.0.432.6-hotspot\bin;C:\WINDOWS\system32;C:\WINDOWS;C:\WINDOWS\System32\Wbem;C:\WINDOWS\System32\WindowsPowerShell\v1.0\;C:\WINDOWS\System32\OpenSSH\;:\Program Files\Novell\ZENworks;C:\Program Files (x86)\InstallShield\AdminStudio\5.5\ConflictSolver;C:\Users\Patron\AppData\Local\Microsoft\WindowsApps;C:\Users\Patron\AppData\Local\GitHubDesktop\bin;C:\Users\Patron\AppData\Local\Programs\Microsoft VS Code\bin
USERNAME=Patron
OS=Windows_NT
PROCESSOR_IDENTIFIER=Intel64 Family 6 Model 158 Stepping 10, GenuineIntel
TMP=C:\Users\Patron\AppData\Local\Temp
TEMP=C:\Users\Patron\AppData\Local\Temp



Periodic native trim disabled


---------------  S Y S T E M  ---------------

OS:
 Windows 11 , 64 bit Build 22621 (10.0.22621.4391)
OS uptime: 0 days 4:28 hours

CPU: total 6 (initial active 6) (6 cores per cpu, 1 threads per core) family 6 model 158 stepping 10 microcode 0xf4, cx8, cmov, fxsr, mmx, 3dnowpref, sse, sse2, sse3, ssse3, sse4.1, sse4.2, popcnt, lzcnt, tsc, tscinvbit, avx, avx2, aes, erms, clmul, bmi1, bmi2, rtm, adx, fma, vzeroupper, clflush, clflushopt
Processor Information for all 6 processors :
  Max Mhz: 3000, Current Mhz: 3000, Mhz Limit: 3000

Memory: 4k page, system-wide physical 7987M (599M free)
TotalPageFile size 13448M (AvailPageFile size 2020M)
current process WorkingSet (physical memory assigned to process): 575M, peak: 577M
current process commit charge ("private bytes"): 624M, peak: 627M

vm_info: OpenJDK 64-Bit Server VM (17.0.13+11-LTS) for windows-amd64 JRE (17.0.13+11-LTS), built on Oct 10 2024 19:51:30 by "Administrator" with MS VC++ 16.10 / 16.11 (VS2019)

END.
