#
# A fatal error has been detected by the Java Runtime Environment:
#
#  EXCEPTION_ACCESS_VIOLATION (0xc0000005) at pc=0x00007ffb405fd2f0, pid=17700, tid=8664
#
# JRE version: OpenJDK Runtime Environment Corretto-17.0.12.7.1 (17.0.12+7) (build 17.0.12+7-LTS)
# Java VM: OpenJDK 64-Bit Server VM Corretto-17.0.12.7.1 (17.0.12+7-LTS, mixed mode, sharing, tiered, compressed oops, compressed class ptrs, g1 gc, windows-amd64)
# Problematic frame:
# C  [lwjgl_stb.dll+0xd2f0]
#
# No core dump will be written. Minidumps are not enabled by default on client versions of Windows
#
# If you would like to submit a bug report, please visit:
#   https://github.com/corretto/corretto-17/issues/
# The crash happened outside the Java Virtual Machine in native code.
# See problematic frame for where to report the bug.
#

---------------  S U M M A R Y ------------

Command Line: -javaagent:C:\Program Files\JetBrains\IntelliJ IDEA Community Edition 2024.1.4\lib\idea_rt.jar=55372:C:\Program Files\JetBrains\IntelliJ IDEA Community Edition 2024.1.4\bin -Dfile.encoding=UTF-8 com.xbuilders.Main devmode name=DEV

Host: AMD Ryzen 7 5700U with Radeon Graphics         , 16 cores, 15G,  Windows 11 , 64 bit Build 26100 (10.0.26100.3037)
Time: Wed Feb 19 16:47:24 2025 Mountain Standard Time elapsed time: 4.221707 seconds (0d 0h 0m 4s)

---------------  T H R E A D  ---------------

Current thread (0x000001e3df2293c0):  JavaThread "main" [_thread_in_native, id=8664, stack(0x00000069cd700000,0x00000069cd800000)]

Stack: [0x00000069cd700000,0x00000069cd800000],  sp=0x00000069cd7fe9c0,  free space=1018k
Native frames: (J=compiled Java code, j=interpreted, Vv=VM code, C=native code)
C  [lwjgl_stb.dll+0xd2f0]

Java frames: (J=compiled Java code, j=interpreted, Vv=VM code)
j  org.lwjgl.stb.STBImage.nstbi_load_from_memory(JIJJJI)J+0
j  org.lwjgl.stb.STBImage.stbi_load_from_memory(Ljava/nio/ByteBuffer;Ljava/nio/IntBuffer;Ljava/nio/IntBuffer;Ljava/nio/IntBuffer;I)Ljava/nio/ByteBuffer;+43
j  com.xbuilders.window.utils.texture.TextureUtils.loadTexture(Ljava/nio/ByteBuffer;Z)Lcom/xbuilders/window/utils/texture/Texture;+33
j  com.xbuilders.window.utils.texture.TextureUtils.loadTextureFromFile(Ljava/io/File;Z)Lcom/xbuilders/window/utils/texture/Texture;+10
j  com.xbuilders.engine.server.world.skybox.SkyBoxMesh.setTexture(Ljava/io/File;)V+3
j  com.xbuilders.engine.server.world.skybox.SkyBackground.<init>(Lcom/xbuilders/engine/client/ClientWindow;)V+74
j  com.xbuilders.engine.server.Server.initialize(Lcom/xbuilders/engine/client/ClientWindow;)V+19
j  com.xbuilders.engine.client.ClientWindow.init()V+211
j  com.xbuilders.engine.client.ClientWindow.<init>([Ljava/lang/String;)V+261
j  com.xbuilders.Main.main([Ljava/lang/String;)V+5
v  ~StubRoutines::call_stub

siginfo: EXCEPTION_ACCESS_VIOLATION (0xc0000005), reading address 0x0000000000000010


Registers:
RAX=0x0000000000000010, RBX=0x00000069cd7feb40, RCX=0x00000069cd7feb40, RDX=0x000001e3c89af14c
RSP=0x00000069cd7fe9c0, RBP=0x0000000000000000, RSI=0x00007ffb40658318, RDI=0x0000000000000000
R8 =0x000001e3c89af148, R9 =0x000001e3c89af144, R10=0x000001e3ee19d6b2, R11=0x00000069cd7fec28
R12=0x000001e3c89af14c, R13=0x0000000000000008, R14=0x000001e3c89af144, R15=0x000001e3c89af148
RIP=0x00007ffb405fd2f0, EFLAGS=0x0000000000010293


Register to memory mapping:

RIP=0x00007ffb405fd2f0 lwjgl_stb.dll
RAX=0x0000000000000010 is an unknown value
RBX=0x00000069cd7feb40 is pointing into the stack for thread: 0x000001e3df2293c0
RCX=0x00000069cd7feb40 is pointing into the stack for thread: 0x000001e3df2293c0
RDX=0x000001e3c89af14c points into unknown readable memory: 04 00 00 00
RSP=0x00000069cd7fe9c0 is pointing into the stack for thread: 0x000001e3df2293c0
RBP=0x0 is NULL
RSI=0x00007ffb40658318 lwjgl_stb.dll
RDI=0x0 is NULL
R8 =0x000001e3c89af148 points into unknown readable memory: 0x00000004ff141414 | 14 14 14 ff 04 00 00 00
R9 =0x000001e3c89af144 points into unknown readable memory: 14 14 14 ff
R10=0x000001e3ee19d6b2 is at code_begin+946 in an Interpreter codelet
method entry point (kind = native)  [0x000001e3ee19d300, 0x000001e3ee19dc80]  2432 bytes
R11=0x00000069cd7fec28 is pointing into the stack for thread: 0x000001e3df2293c0
R12=0x000001e3c89af14c points into unknown readable memory: 04 00 00 00
R13=0x0000000000000008 is an unknown value
R14=0x000001e3c89af144 points into unknown readable memory: 14 14 14 ff
R15=0x000001e3c89af148 points into unknown readable memory: 0x00000004ff141414 | 14 14 14 ff 04 00 00 00


Top of Stack: (sp=0x00000069cd7fe9c0)
0x00000069cd7fe9c0:   0000000000002c00 00007ffb2fb2243b
0x00000069cd7fe9d0:   0000000000000000 0000000000000000
0x00000069cd7fe9e0:   00000069cd7feb40 00007ffb405f3b4a
0x00000069cd7fe9f0:   000001e3c51aee48 0000000000000004
0x00000069cd7fea00:   0000000000002c00 00007ffb2f8064db
0x00000069cd7fea10:   00000069cd7fea49 000001e3c51aefa0
0x00000069cd7fea20:   000001e3df229ca0 00007ffb2f806548
0x00000069cd7fea30:   000001e3df2293c0 00000000000000b8
0x00000069cd7fea40:   000001e3c51c3ac1 0000000000000000
0x00000069cd7fea50:   000001e3df2293c0 00007ffb2f806324
0x00000069cd7fea60:   000001e3c89af144 0000000000000004
0x00000069cd7fea70:   000001e3c89af14c 000001e3c89af148
0x00000069cd7fea80:   0000000000000120 00007ffb405f42dc
0x00000069cd7fea90:   000001e3df2293c0 000001e3c51aee48
0x00000069cd7feaa0:   00000069cd7fece8 000001e3c89af144
0x00000069cd7feab0:   0000000000000004 00000069cd7fead0
0x00000069cd7feac0:   0000000000000008 000001e3df2293c0
0x00000069cd7fead0:   0000000000000008 000001e300000000
0x00000069cd7feae0:   000001e3df2293c0 00000069cd7fed50
0x00000069cd7feaf0:   000001e3c51aee48 0000000000000000
0x00000069cd7feb00:   000001e3c51aee48 00007ffb40606bec
0x00000069cd7feb10:   000001e3ee198e10 0000006900000000
0x00000069cd7feb20:   00000069cd7fee30 00000069cd7fedc0
0x00000069cd7feb30:   0000006900000004 000001e3ee1aa5dd
0x00000069cd7feb40:   000001e3ee198e10 0000006900000000
0x00000069cd7feb50:   0000000000000000 00000069cd7fedc0
0x00000069cd7feb60:   000001e3841e2168 000001e3c51aefa0
0x00000069cd7feb70:   000001e300000000 000001e3c51aefa0
0x00000069cd7feb80:   000001e3df2293c0 fffffffe00000000
0x00000069cd7feb90:   0000000000000000 0000000000000000
0x00000069cd7feba0:   000001e3df2293c0 0000006100000001
0x00000069cd7febb0:   00000069cd7fee98 000001e3df2293c0 

Instructions: (pc=0x00007ffb405fd2f0)
0x00007ffb405fd1f0:   cf eb 05 4c 89 54 24 20 41 8b c1 83 e9 02 41 c1
0x00007ffb405fd200:   e9 02 44 89 4c 24 34 89 4c 24 30 83 e0 03 75 0c
0x00007ffb405fd210:   48 8d 4c 24 20 e8 b6 f8 ff ff eb 5d 83 f8 03 0f
0x00007ffb405fd220:   84 85 00 00 00 83 f8 01 75 37 41 b8 20 01 00 00
0x00007ffb405fd230:   48 8d 15 f9 ac 05 00 48 8d 4c 24 54 e8 1f ee ff
0x00007ffb405fd240:   ff 85 c0 74 65 41 b8 20 00 00 00 48 8d 15 7e b0
0x00007ffb405fd250:   05 00 48 8d 8c 24 38 08 00 00 e8 01 ee ff ff eb
0x00007ffb405fd260:   0a 48 8d 4c 24 20 e8 75 f5 ff ff 85 c0 74 3b 48
0x00007ffb405fd270:   8d 4c 24 20 e8 d7 f2 ff ff 85 c0 74 2d 85 db 75
0x00007ffb405fd280:   18 44 8b 4c 24 34 8b 4c 24 30 4c 8b 54 24 28 4c
0x00007ffb405fd290:   8b 44 24 20 e9 c7 fe ff ff 8b 44 24 38 2b 44 24
0x00007ffb405fd2a0:   40 48 81 c4 20 10 00 00 5b c3 b8 ff ff ff ff 48
0x00007ffb405fd2b0:   81 c4 20 10 00 00 5b c3 cc cc cc cc cc cc cc cc
0x00007ffb405fd2c0:   48 89 5c 24 08 48 89 74 24 10 57 48 83 ec 20 48
0x00007ffb405fd2d0:   8b d9 48 8d 35 3f b0 05 00 33 ff 0f 1f 44 00 00
0x00007ffb405fd2e0:   48 8b 83 c0 00 00 00 48 3b 83 c8 00 00 00 73 0f
0x00007ffb405fd2f0:   0f b6 08 48 ff c0 48 89 83 c0 00 00 00 eb 26 83
0x00007ffb405fd300:   7b 30 00 74 1e 48 8b cb e8 23 82 ff ff 48 8b 83
0x00007ffb405fd310:   c0 00 00 00 0f b6 08 48 ff c0 48 89 83 c0 00 00
0x00007ffb405fd320:   00 eb 02 32 c9 3a 0c 37 75 1e 48 ff c7 48 83 ff
0x00007ffb405fd330:   08 7c ad b8 01 00 00 00 48 8b 5c 24 30 48 8b 74
0x00007ffb405fd340:   24 38 48 83 c4 20 5f c3 65 48 8b 04 25 58 00 00
0x00007ffb405fd350:   00 8b 0d f9 e1 06 00 48 8b 5c 24 30 48 8b 74 24
0x00007ffb405fd360:   38 ba 20 00 00 00 48 8b 0c c8 48 8d 05 ff d8 05
0x00007ffb405fd370:   00 48 89 04 0a 33 c0 48 83 c4 20 5f c3 cc cc cc
0x00007ffb405fd380:   48 89 5c 24 10 44 89 4c 24 20 55 56 57 41 54 41
0x00007ffb405fd390:   55 41 56 41 57 48 81 ec a0 00 00 00 45 33 e4 48
0x00007ffb405fd3a0:   8b f1 8b 8c 24 00 01 00 00 45 8b d4 83 bc 24 10
0x00007ffb405fd3b0:   01 00 00 10 45 8b f9 41 8b e8 89 4c 24 30 48 8b
0x00007ffb405fd3c0:   06 41 0f 94 c2 44 8b 84 24 08 01 00 00 41 ff c2
0x00007ffb405fd3d0:   41 8b fa 48 8b da 41 0f af f9 4c 63 70 08 45 8b
0x00007ffb405fd3e0:   ee 44 89 74 24 20 45 0f af ea 44 8b cf 44 0f af 


Stack slot to memory mapping:
stack at sp + 0 slots: 0x0000000000002c00 is an unknown value
stack at sp + 1 slots: 0x00007ffb2fb2243b jvm.dll
stack at sp + 2 slots: 0x0 is NULL
stack at sp + 3 slots: 0x0 is NULL
stack at sp + 4 slots: 0x00000069cd7feb40 is pointing into the stack for thread: 0x000001e3df2293c0
stack at sp + 5 slots: 0x00007ffb405f3b4a lwjgl_stb.dll
stack at sp + 6 slots: {method} {0x000001e3c51aee50} 'nstbi_load_from_memory' '(JIJJJI)J' in 'org/lwjgl/stb/STBImage'
stack at sp + 7 slots: 0x0000000000000004 is an unknown value


---------------  P R O C E S S  ---------------

Threads class SMR info:
_java_thread_list=0x000001e3d0f23c70, length=22, elements={
0x000001e3df2293c0, 0x000001e382197ee0, 0x000001e382199410, 0x000001e3821a8210,
0x000001e3821a8bd0, 0x000001e3821ac110, 0x000001e3821ae1b0, 0x000001e3821b3860,
0x000001e3821bda00, 0x000001e3821bef70, 0x000001e3829ca070, 0x000001e3829d7130,
0x000001e3829d9b20, 0x000001e382a98ca0, 0x000001e382a99180, 0x000001e3829decb0,
0x000001e3c8a77db0, 0x000001e3c9594130, 0x000001e3c9593140, 0x000001e3c9592150,
0x000001e3c9593be0, 0x000001e3c9594680
}

Java Threads: ( => current thread )
=>0x000001e3df2293c0 JavaThread "main" [_thread_in_native, id=8664, stack(0x00000069cd700000,0x00000069cd800000)]
  0x000001e382197ee0 JavaThread "Reference Handler" daemon [_thread_blocked, id=21956, stack(0x00000069cde00000,0x00000069cdf00000)]
  0x000001e382199410 JavaThread "Finalizer" daemon [_thread_blocked, id=12128, stack(0x00000069cdf00000,0x00000069ce000000)]
  0x000001e3821a8210 JavaThread "Signal Dispatcher" daemon [_thread_blocked, id=5020, stack(0x00000069ce000000,0x00000069ce100000)]
  0x000001e3821a8bd0 JavaThread "Attach Listener" daemon [_thread_blocked, id=4268, stack(0x00000069ce100000,0x00000069ce200000)]
  0x000001e3821ac110 JavaThread "Service Thread" daemon [_thread_blocked, id=13388, stack(0x00000069ce200000,0x00000069ce300000)]
  0x000001e3821ae1b0 JavaThread "Monitor Deflation Thread" daemon [_thread_blocked, id=16880, stack(0x00000069ce300000,0x00000069ce400000)]
  0x000001e3821b3860 JavaThread "C2 CompilerThread0" daemon [_thread_blocked, id=17448, stack(0x00000069ce400000,0x00000069ce500000)]
  0x000001e3821bda00 JavaThread "C1 CompilerThread0" daemon [_thread_blocked, id=15820, stack(0x00000069ce500000,0x00000069ce600000)]
  0x000001e3821bef70 JavaThread "Sweeper thread" daemon [_thread_blocked, id=17396, stack(0x00000069ce600000,0x00000069ce700000)]
  0x000001e3829ca070 JavaThread "Common-Cleaner" daemon [_thread_blocked, id=4380, stack(0x00000069ce700000,0x00000069ce800000)]
  0x000001e3829d7130 JavaThread "C1 CompilerThread1" daemon [_thread_blocked, id=10752, stack(0x00000069ce800000,0x00000069ce900000)]
  0x000001e3829d9b20 JavaThread "C1 CompilerThread2" daemon [_thread_blocked, id=23308, stack(0x00000069ce900000,0x00000069cea00000)]
  0x000001e382a98ca0 JavaThread "Monitor Ctrl-Break" daemon [_thread_in_native, id=8308, stack(0x00000069ceb00000,0x00000069cec00000)]
  0x000001e382a99180 JavaThread "Notification Thread" daemon [_thread_blocked, id=18016, stack(0x00000069cec00000,0x00000069ced00000)]
  0x000001e3829decb0 JavaThread "Java2D Disposer" daemon [_thread_blocked, id=23644, stack(0x00000069cea00000,0x00000069ceb00000)]
  0x000001e3c8a77db0 JavaThread "AWT-Windows" daemon [_thread_in_native, id=13632, stack(0x00000069cef00000,0x00000069cf000000)]
  0x000001e3c9594130 JavaThread "C1 CompilerThread3" daemon [_thread_blocked, id=4732, stack(0x00000069cee00000,0x00000069cef00000)]
  0x000001e3c9593140 JavaThread "C2 CompilerThread1" daemon [_thread_blocked, id=22312, stack(0x00000069d0900000,0x00000069d0a00000)]
  0x000001e3c9592150 JavaThread "C2 CompilerThread2" daemon [_thread_blocked, id=2976, stack(0x00000069d0a00000,0x00000069d0b00000)]
  0x000001e3c9593be0 JavaThread "C2 CompilerThread3" daemon [_thread_blocked, id=15792, stack(0x00000069d0b00000,0x00000069d0c00000)]
  0x000001e3c9594680 JavaThread "C2 CompilerThread4" daemon [_thread_blocked, id=3416, stack(0x00000069d0c00000,0x00000069d0d00000)]

Other Threads:
  0x000001e3821919b0 VMThread "VM Thread" [stack: 0x00000069cdd00000,0x00000069cde00000] [id=15876]
  0x000001e382a5b5a0 WatcherThread [stack: 0x00000069ced00000,0x00000069cee00000] [id=16764]
  0x000001e3df295240 GCTaskThread "GC Thread#0" [stack: 0x00000069cd800000,0x00000069cd900000] [id=15720]
  0x000001e3c8f05d90 GCTaskThread "GC Thread#1" [stack: 0x00000069cff00000,0x00000069d0000000] [id=23600]
  0x000001e3c8f06460 GCTaskThread "GC Thread#2" [stack: 0x00000069d0000000,0x00000069d0100000] [id=5860]
  0x000001e3c8f06b30 GCTaskThread "GC Thread#3" [stack: 0x00000069d0100000,0x00000069d0200000] [id=21892]
  0x000001e3c8f06df0 GCTaskThread "GC Thread#4" [stack: 0x00000069d0200000,0x00000069d0300000] [id=17636]
  0x000001e3c8f070b0 GCTaskThread "GC Thread#5" [stack: 0x00000069d0300000,0x00000069d0400000] [id=8516]
  0x000001e3c8f12610 GCTaskThread "GC Thread#6" [stack: 0x00000069d0400000,0x00000069d0500000] [id=17964]
  0x000001e3c8f128d0 GCTaskThread "GC Thread#7" [stack: 0x00000069d0500000,0x00000069d0600000] [id=21720]
  0x000001e3c8f12b90 GCTaskThread "GC Thread#8" [stack: 0x00000069d0600000,0x00000069d0700000] [id=11068]
  0x000001e3c8f12e50 GCTaskThread "GC Thread#9" [stack: 0x00000069d0700000,0x00000069d0800000] [id=12108]
  0x000001e3c8f13110 GCTaskThread "GC Thread#10" [stack: 0x00000069d0800000,0x00000069d0900000] [id=20416]
  0x000001e3cfc44550 GCTaskThread "GC Thread#11" [stack: 0x00000069cfc00000,0x00000069cfd00000] [id=17336]
  0x000001e3d1576250 GCTaskThread "GC Thread#12" [stack: 0x00000069cfe00000,0x00000069cff00000] [id=10700]
  0x000001e3df2a55d0 ConcurrentGCThread "G1 Main Marker" [stack: 0x00000069cd900000,0x00000069cda00000] [id=11172]
  0x000001e3df2a6bc0 ConcurrentGCThread "G1 Conc#0" [stack: 0x00000069cda00000,0x00000069cdb00000] [id=16776]
  0x000001e3820cc920 ConcurrentGCThread "G1 Refine#0" [stack: 0x00000069cdb00000,0x00000069cdc00000] [id=6192]
  0x000001e3820cd000 ConcurrentGCThread "G1 Service" [stack: 0x00000069cdc00000,0x00000069cdd00000] [id=9752]

Threads with active compile tasks:

VM state: not at safepoint (normal execution)

VM Mutex/Monitor currently owned by a thread: None

Heap address: 0x000000070ac00000, size: 3924 MB, Compressed Oops mode: Zero based, Oop shift amount: 3

CDS archive(s) mapped at: [0x000001e383000000-0x000001e383bb0000-0x000001e383bb0000), size 12255232, SharedBaseAddress: 0x000001e383000000, ArchiveRelocationMode: 1.
Compressed class space mapped at: 0x000001e384000000-0x000001e3c4000000, reserved size: 1073741824
Narrow klass base: 0x000001e383000000, Narrow klass shift: 0, Narrow klass range: 0x100000000

GC Precious Log:
 CPUs: 16 total, 16 available
 Memory: 15695M
 Large Page Support: Disabled
 NUMA Support: Disabled
 Compressed Oops: Enabled (Zero based)
 Heap Region Size: 2M
 Heap Min Capacity: 8M
 Heap Initial Capacity: 246M
 Heap Max Capacity: 3924M
 Pre-touch: Disabled
 Parallel Workers: 13
 Concurrent Workers: 3
 Concurrent Refinement Workers: 13
 Periodic GC: Disabled

Heap:
 garbage-first heap   total 251904K, used 19672K [0x000000070ac00000, 0x0000000800000000)
  region size 2048K, 8 young (16384K), 1 survivors (2048K)
 Metaspace       used 19392K, committed 19648K, reserved 1114112K
  class space    used 1771K, committed 1856K, reserved 1048576K

Heap Regions: E=young(eden), S=young(survivor), O=old, HS=humongous(starts), HC=humongous(continues), CS=collection set, F=free, OA=open archive, CA=closed archive, TAMS=top-at-mark-start (previous, next)
|   0|0x000000070ac00000, 0x000000070ae00000, 0x000000070ae00000|100%| O|  |TAMS 0x000000070ac00000, 0x000000070ac00000| Untracked 
|   1|0x000000070ae00000, 0x000000070b000000, 0x000000070b000000|100%| O|  |TAMS 0x000000070ae00000, 0x000000070ae00000| Untracked 
|   2|0x000000070b000000, 0x000000070b186000, 0x000000070b200000| 76%| O|  |TAMS 0x000000070b000000, 0x000000070b000000| Untracked 
|   3|0x000000070b200000, 0x000000070b200000, 0x000000070b400000|  0%| F|  |TAMS 0x000000070b200000, 0x000000070b200000| Untracked 
|   4|0x000000070b400000, 0x000000070b400000, 0x000000070b600000|  0%| F|  |TAMS 0x000000070b400000, 0x000000070b400000| Untracked 
|   5|0x000000070b600000, 0x000000070b600000, 0x000000070b800000|  0%| F|  |TAMS 0x000000070b600000, 0x000000070b600000| Untracked 
|   6|0x000000070b800000, 0x000000070b800000, 0x000000070ba00000|  0%| F|  |TAMS 0x000000070b800000, 0x000000070b800000| Untracked 
|   7|0x000000070ba00000, 0x000000070ba00000, 0x000000070bc00000|  0%| F|  |TAMS 0x000000070ba00000, 0x000000070ba00000| Untracked 
|   8|0x000000070bc00000, 0x000000070bc00000, 0x000000070be00000|  0%| F|  |TAMS 0x000000070bc00000, 0x000000070bc00000| Untracked 
|   9|0x000000070be00000, 0x000000070be00000, 0x000000070c000000|  0%| F|  |TAMS 0x000000070be00000, 0x000000070be00000| Untracked 
|  10|0x000000070c000000, 0x000000070c000000, 0x000000070c200000|  0%| F|  |TAMS 0x000000070c000000, 0x000000070c000000| Untracked 
|  11|0x000000070c200000, 0x000000070c200000, 0x000000070c400000|  0%| F|  |TAMS 0x000000070c200000, 0x000000070c200000| Untracked 
|  12|0x000000070c400000, 0x000000070c400000, 0x000000070c600000|  0%| F|  |TAMS 0x000000070c400000, 0x000000070c400000| Untracked 
|  13|0x000000070c600000, 0x000000070c600000, 0x000000070c800000|  0%| F|  |TAMS 0x000000070c600000, 0x000000070c600000| Untracked 
|  14|0x000000070c800000, 0x000000070c800000, 0x000000070ca00000|  0%| F|  |TAMS 0x000000070c800000, 0x000000070c800000| Untracked 
|  15|0x000000070ca00000, 0x000000070ca00000, 0x000000070cc00000|  0%| F|  |TAMS 0x000000070ca00000, 0x000000070ca00000| Untracked 
|  16|0x000000070cc00000, 0x000000070cc00000, 0x000000070ce00000|  0%| F|  |TAMS 0x000000070cc00000, 0x000000070cc00000| Untracked 
|  17|0x000000070ce00000, 0x000000070ce00000, 0x000000070d000000|  0%| F|  |TAMS 0x000000070ce00000, 0x000000070ce00000| Untracked 
|  18|0x000000070d000000, 0x000000070d000000, 0x000000070d200000|  0%| F|  |TAMS 0x000000070d000000, 0x000000070d000000| Untracked 
|  19|0x000000070d200000, 0x000000070d200000, 0x000000070d400000|  0%| F|  |TAMS 0x000000070d200000, 0x000000070d200000| Untracked 
|  20|0x000000070d400000, 0x000000070d400000, 0x000000070d600000|  0%| F|  |TAMS 0x000000070d400000, 0x000000070d400000| Untracked 
|  21|0x000000070d600000, 0x000000070d600000, 0x000000070d800000|  0%| F|  |TAMS 0x000000070d600000, 0x000000070d600000| Untracked 
|  22|0x000000070d800000, 0x000000070d800000, 0x000000070da00000|  0%| F|  |TAMS 0x000000070d800000, 0x000000070d800000| Untracked 
|  23|0x000000070da00000, 0x000000070da00000, 0x000000070dc00000|  0%| F|  |TAMS 0x000000070da00000, 0x000000070da00000| Untracked 
|  24|0x000000070dc00000, 0x000000070dc00000, 0x000000070de00000|  0%| F|  |TAMS 0x000000070dc00000, 0x000000070dc00000| Untracked 
|  25|0x000000070de00000, 0x000000070de00000, 0x000000070e000000|  0%| F|  |TAMS 0x000000070de00000, 0x000000070de00000| Untracked 
|  26|0x000000070e000000, 0x000000070e000000, 0x000000070e200000|  0%| F|  |TAMS 0x000000070e000000, 0x000000070e000000| Untracked 
|  27|0x000000070e200000, 0x000000070e200000, 0x000000070e400000|  0%| F|  |TAMS 0x000000070e200000, 0x000000070e200000| Untracked 
|  28|0x000000070e400000, 0x000000070e400000, 0x000000070e600000|  0%| F|  |TAMS 0x000000070e400000, 0x000000070e400000| Untracked 
|  29|0x000000070e600000, 0x000000070e600000, 0x000000070e800000|  0%| F|  |TAMS 0x000000070e600000, 0x000000070e600000| Untracked 
|  30|0x000000070e800000, 0x000000070e800000, 0x000000070ea00000|  0%| F|  |TAMS 0x000000070e800000, 0x000000070e800000| Untracked 
|  31|0x000000070ea00000, 0x000000070ea00000, 0x000000070ec00000|  0%| F|  |TAMS 0x000000070ea00000, 0x000000070ea00000| Untracked 
|  32|0x000000070ec00000, 0x000000070ec00000, 0x000000070ee00000|  0%| F|  |TAMS 0x000000070ec00000, 0x000000070ec00000| Untracked 
|  33|0x000000070ee00000, 0x000000070ee00000, 0x000000070f000000|  0%| F|  |TAMS 0x000000070ee00000, 0x000000070ee00000| Untracked 
|  34|0x000000070f000000, 0x000000070f000000, 0x000000070f200000|  0%| F|  |TAMS 0x000000070f000000, 0x000000070f000000| Untracked 
|  35|0x000000070f200000, 0x000000070f200000, 0x000000070f400000|  0%| F|  |TAMS 0x000000070f200000, 0x000000070f200000| Untracked 
|  36|0x000000070f400000, 0x000000070f400000, 0x000000070f600000|  0%| F|  |TAMS 0x000000070f400000, 0x000000070f400000| Untracked 
|  37|0x000000070f600000, 0x000000070f600000, 0x000000070f800000|  0%| F|  |TAMS 0x000000070f600000, 0x000000070f600000| Untracked 
|  38|0x000000070f800000, 0x000000070f800000, 0x000000070fa00000|  0%| F|  |TAMS 0x000000070f800000, 0x000000070f800000| Untracked 
|  39|0x000000070fa00000, 0x000000070fa00000, 0x000000070fc00000|  0%| F|  |TAMS 0x000000070fa00000, 0x000000070fa00000| Untracked 
|  40|0x000000070fc00000, 0x000000070fc00000, 0x000000070fe00000|  0%| F|  |TAMS 0x000000070fc00000, 0x000000070fc00000| Untracked 
|  41|0x000000070fe00000, 0x000000070fe00000, 0x0000000710000000|  0%| F|  |TAMS 0x000000070fe00000, 0x000000070fe00000| Untracked 
|  42|0x0000000710000000, 0x0000000710000000, 0x0000000710200000|  0%| F|  |TAMS 0x0000000710000000, 0x0000000710000000| Untracked 
|  43|0x0000000710200000, 0x0000000710200000, 0x0000000710400000|  0%| F|  |TAMS 0x0000000710200000, 0x0000000710200000| Untracked 
|  44|0x0000000710400000, 0x0000000710400000, 0x0000000710600000|  0%| F|  |TAMS 0x0000000710400000, 0x0000000710400000| Untracked 
|  45|0x0000000710600000, 0x0000000710600000, 0x0000000710800000|  0%| F|  |TAMS 0x0000000710600000, 0x0000000710600000| Untracked 
|  46|0x0000000710800000, 0x0000000710800000, 0x0000000710a00000|  0%| F|  |TAMS 0x0000000710800000, 0x0000000710800000| Untracked 
|  47|0x0000000710a00000, 0x0000000710a00000, 0x0000000710c00000|  0%| F|  |TAMS 0x0000000710a00000, 0x0000000710a00000| Untracked 
|  48|0x0000000710c00000, 0x0000000710c00000, 0x0000000710e00000|  0%| F|  |TAMS 0x0000000710c00000, 0x0000000710c00000| Untracked 
|  49|0x0000000710e00000, 0x0000000710e00000, 0x0000000711000000|  0%| F|  |TAMS 0x0000000710e00000, 0x0000000710e00000| Untracked 
|  50|0x0000000711000000, 0x0000000711000000, 0x0000000711200000|  0%| F|  |TAMS 0x0000000711000000, 0x0000000711000000| Untracked 
|  51|0x0000000711200000, 0x0000000711200000, 0x0000000711400000|  0%| F|  |TAMS 0x0000000711200000, 0x0000000711200000| Untracked 
|  52|0x0000000711400000, 0x0000000711400000, 0x0000000711600000|  0%| F|  |TAMS 0x0000000711400000, 0x0000000711400000| Untracked 
|  53|0x0000000711600000, 0x0000000711600000, 0x0000000711800000|  0%| F|  |TAMS 0x0000000711600000, 0x0000000711600000| Untracked 
|  54|0x0000000711800000, 0x0000000711800000, 0x0000000711a00000|  0%| F|  |TAMS 0x0000000711800000, 0x0000000711800000| Untracked 
|  55|0x0000000711a00000, 0x0000000711a00000, 0x0000000711c00000|  0%| F|  |TAMS 0x0000000711a00000, 0x0000000711a00000| Untracked 
|  56|0x0000000711c00000, 0x0000000711c00000, 0x0000000711e00000|  0%| F|  |TAMS 0x0000000711c00000, 0x0000000711c00000| Untracked 
|  57|0x0000000711e00000, 0x0000000711e00000, 0x0000000712000000|  0%| F|  |TAMS 0x0000000711e00000, 0x0000000711e00000| Untracked 
|  58|0x0000000712000000, 0x0000000712000000, 0x0000000712200000|  0%| F|  |TAMS 0x0000000712000000, 0x0000000712000000| Untracked 
|  59|0x0000000712200000, 0x0000000712200000, 0x0000000712400000|  0%| F|  |TAMS 0x0000000712200000, 0x0000000712200000| Untracked 
|  60|0x0000000712400000, 0x0000000712400000, 0x0000000712600000|  0%| F|  |TAMS 0x0000000712400000, 0x0000000712400000| Untracked 
|  61|0x0000000712600000, 0x0000000712600000, 0x0000000712800000|  0%| F|  |TAMS 0x0000000712600000, 0x0000000712600000| Untracked 
|  62|0x0000000712800000, 0x0000000712800000, 0x0000000712a00000|  0%| F|  |TAMS 0x0000000712800000, 0x0000000712800000| Untracked 
|  63|0x0000000712a00000, 0x0000000712a00000, 0x0000000712c00000|  0%| F|  |TAMS 0x0000000712a00000, 0x0000000712a00000| Untracked 
|  64|0x0000000712c00000, 0x0000000712c00000, 0x0000000712e00000|  0%| F|  |TAMS 0x0000000712c00000, 0x0000000712c00000| Untracked 
|  65|0x0000000712e00000, 0x0000000712e00000, 0x0000000713000000|  0%| F|  |TAMS 0x0000000712e00000, 0x0000000712e00000| Untracked 
|  66|0x0000000713000000, 0x0000000713000000, 0x0000000713200000|  0%| F|  |TAMS 0x0000000713000000, 0x0000000713000000| Untracked 
|  67|0x0000000713200000, 0x0000000713200000, 0x0000000713400000|  0%| F|  |TAMS 0x0000000713200000, 0x0000000713200000| Untracked 
|  68|0x0000000713400000, 0x0000000713400000, 0x0000000713600000|  0%| F|  |TAMS 0x0000000713400000, 0x0000000713400000| Untracked 
|  69|0x0000000713600000, 0x0000000713600000, 0x0000000713800000|  0%| F|  |TAMS 0x0000000713600000, 0x0000000713600000| Untracked 
|  70|0x0000000713800000, 0x0000000713800000, 0x0000000713a00000|  0%| F|  |TAMS 0x0000000713800000, 0x0000000713800000| Untracked 
|  71|0x0000000713a00000, 0x0000000713a00000, 0x0000000713c00000|  0%| F|  |TAMS 0x0000000713a00000, 0x0000000713a00000| Untracked 
|  72|0x0000000713c00000, 0x0000000713c00000, 0x0000000713e00000|  0%| F|  |TAMS 0x0000000713c00000, 0x0000000713c00000| Untracked 
|  73|0x0000000713e00000, 0x0000000713e00000, 0x0000000714000000|  0%| F|  |TAMS 0x0000000713e00000, 0x0000000713e00000| Untracked 
|  74|0x0000000714000000, 0x0000000714000000, 0x0000000714200000|  0%| F|  |TAMS 0x0000000714000000, 0x0000000714000000| Untracked 
|  75|0x0000000714200000, 0x0000000714200000, 0x0000000714400000|  0%| F|  |TAMS 0x0000000714200000, 0x0000000714200000| Untracked 
|  76|0x0000000714400000, 0x0000000714400000, 0x0000000714600000|  0%| F|  |TAMS 0x0000000714400000, 0x0000000714400000| Untracked 
|  77|0x0000000714600000, 0x0000000714600000, 0x0000000714800000|  0%| F|  |TAMS 0x0000000714600000, 0x0000000714600000| Untracked 
|  78|0x0000000714800000, 0x0000000714800000, 0x0000000714a00000|  0%| F|  |TAMS 0x0000000714800000, 0x0000000714800000| Untracked 
|  79|0x0000000714a00000, 0x0000000714a00000, 0x0000000714c00000|  0%| F|  |TAMS 0x0000000714a00000, 0x0000000714a00000| Untracked 
|  80|0x0000000714c00000, 0x0000000714c00000, 0x0000000714e00000|  0%| F|  |TAMS 0x0000000714c00000, 0x0000000714c00000| Untracked 
|  81|0x0000000714e00000, 0x0000000714e00000, 0x0000000715000000|  0%| F|  |TAMS 0x0000000714e00000, 0x0000000714e00000| Untracked 
|  82|0x0000000715000000, 0x0000000715000000, 0x0000000715200000|  0%| F|  |TAMS 0x0000000715000000, 0x0000000715000000| Untracked 
|  83|0x0000000715200000, 0x0000000715200000, 0x0000000715400000|  0%| F|  |TAMS 0x0000000715200000, 0x0000000715200000| Untracked 
|  84|0x0000000715400000, 0x0000000715400000, 0x0000000715600000|  0%| F|  |TAMS 0x0000000715400000, 0x0000000715400000| Untracked 
|  85|0x0000000715600000, 0x0000000715600000, 0x0000000715800000|  0%| F|  |TAMS 0x0000000715600000, 0x0000000715600000| Untracked 
|  86|0x0000000715800000, 0x0000000715800000, 0x0000000715a00000|  0%| F|  |TAMS 0x0000000715800000, 0x0000000715800000| Untracked 
|  87|0x0000000715a00000, 0x0000000715a00000, 0x0000000715c00000|  0%| F|  |TAMS 0x0000000715a00000, 0x0000000715a00000| Untracked 
|  88|0x0000000715c00000, 0x0000000715c00000, 0x0000000715e00000|  0%| F|  |TAMS 0x0000000715c00000, 0x0000000715c00000| Untracked 
|  89|0x0000000715e00000, 0x0000000715e00000, 0x0000000716000000|  0%| F|  |TAMS 0x0000000715e00000, 0x0000000715e00000| Untracked 
|  90|0x0000000716000000, 0x0000000716000000, 0x0000000716200000|  0%| F|  |TAMS 0x0000000716000000, 0x0000000716000000| Untracked 
|  91|0x0000000716200000, 0x0000000716200000, 0x0000000716400000|  0%| F|  |TAMS 0x0000000716200000, 0x0000000716200000| Untracked 
|  92|0x0000000716400000, 0x0000000716400000, 0x0000000716600000|  0%| F|  |TAMS 0x0000000716400000, 0x0000000716400000| Untracked 
|  93|0x0000000716600000, 0x0000000716600000, 0x0000000716800000|  0%| F|  |TAMS 0x0000000716600000, 0x0000000716600000| Untracked 
|  94|0x0000000716800000, 0x0000000716800000, 0x0000000716a00000|  0%| F|  |TAMS 0x0000000716800000, 0x0000000716800000| Untracked 
|  95|0x0000000716a00000, 0x0000000716a00000, 0x0000000716c00000|  0%| F|  |TAMS 0x0000000716a00000, 0x0000000716a00000| Untracked 
|  96|0x0000000716c00000, 0x0000000716c00000, 0x0000000716e00000|  0%| F|  |TAMS 0x0000000716c00000, 0x0000000716c00000| Untracked 
|  97|0x0000000716e00000, 0x0000000716e00000, 0x0000000717000000|  0%| F|  |TAMS 0x0000000716e00000, 0x0000000716e00000| Untracked 
|  98|0x0000000717000000, 0x0000000717000000, 0x0000000717200000|  0%| F|  |TAMS 0x0000000717000000, 0x0000000717000000| Untracked 
|  99|0x0000000717200000, 0x0000000717200000, 0x0000000717400000|  0%| F|  |TAMS 0x0000000717200000, 0x0000000717200000| Untracked 
| 100|0x0000000717400000, 0x0000000717400000, 0x0000000717600000|  0%| F|  |TAMS 0x0000000717400000, 0x0000000717400000| Untracked 
| 101|0x0000000717600000, 0x0000000717600000, 0x0000000717800000|  0%| F|  |TAMS 0x0000000717600000, 0x0000000717600000| Untracked 
| 102|0x0000000717800000, 0x0000000717800000, 0x0000000717a00000|  0%| F|  |TAMS 0x0000000717800000, 0x0000000717800000| Untracked 
| 103|0x0000000717a00000, 0x0000000717a00000, 0x0000000717c00000|  0%| F|  |TAMS 0x0000000717a00000, 0x0000000717a00000| Untracked 
| 104|0x0000000717c00000, 0x0000000717c00000, 0x0000000717e00000|  0%| F|  |TAMS 0x0000000717c00000, 0x0000000717c00000| Untracked 
| 105|0x0000000717e00000, 0x0000000717e00000, 0x0000000718000000|  0%| F|  |TAMS 0x0000000717e00000, 0x0000000717e00000| Untracked 
| 106|0x0000000718000000, 0x0000000718000000, 0x0000000718200000|  0%| F|  |TAMS 0x0000000718000000, 0x0000000718000000| Untracked 
| 107|0x0000000718200000, 0x0000000718200000, 0x0000000718400000|  0%| F|  |TAMS 0x0000000718200000, 0x0000000718200000| Untracked 
| 108|0x0000000718400000, 0x00000007185b0260, 0x0000000718600000| 84%| S|CS|TAMS 0x0000000718400000, 0x0000000718400000| Complete 
| 109|0x0000000718600000, 0x0000000718600000, 0x0000000718800000|  0%| F|  |TAMS 0x0000000718600000, 0x0000000718600000| Untracked 
| 110|0x0000000718800000, 0x0000000718800000, 0x0000000718a00000|  0%| F|  |TAMS 0x0000000718800000, 0x0000000718800000| Untracked 
| 111|0x0000000718a00000, 0x0000000718a00000, 0x0000000718c00000|  0%| F|  |TAMS 0x0000000718a00000, 0x0000000718a00000| Untracked 
| 112|0x0000000718c00000, 0x0000000718c00000, 0x0000000718e00000|  0%| F|  |TAMS 0x0000000718c00000, 0x0000000718c00000| Untracked 
| 113|0x0000000718e00000, 0x0000000718e00000, 0x0000000719000000|  0%| F|  |TAMS 0x0000000718e00000, 0x0000000718e00000| Untracked 
| 114|0x0000000719000000, 0x0000000719000000, 0x0000000719200000|  0%| F|  |TAMS 0x0000000719000000, 0x0000000719000000| Untracked 
| 115|0x0000000719200000, 0x0000000719200000, 0x0000000719400000|  0%| F|  |TAMS 0x0000000719200000, 0x0000000719200000| Untracked 
| 116|0x0000000719400000, 0x0000000719600000, 0x0000000719600000|100%| E|  |TAMS 0x0000000719400000, 0x0000000719400000| Complete 
| 117|0x0000000719600000, 0x0000000719800000, 0x0000000719800000|100%| E|CS|TAMS 0x0000000719600000, 0x0000000719600000| Complete 
| 118|0x0000000719800000, 0x0000000719a00000, 0x0000000719a00000|100%| E|CS|TAMS 0x0000000719800000, 0x0000000719800000| Complete 
| 119|0x0000000719a00000, 0x0000000719c00000, 0x0000000719c00000|100%| E|CS|TAMS 0x0000000719a00000, 0x0000000719a00000| Complete 
| 120|0x0000000719c00000, 0x0000000719e00000, 0x0000000719e00000|100%| E|CS|TAMS 0x0000000719c00000, 0x0000000719c00000| Complete 
| 121|0x0000000719e00000, 0x000000071a000000, 0x000000071a000000|100%| E|CS|TAMS 0x0000000719e00000, 0x0000000719e00000| Complete 
| 122|0x000000071a000000, 0x000000071a200000, 0x000000071a200000|100%| E|CS|TAMS 0x000000071a000000, 0x000000071a000000| Complete 

Card table byte_map: [0x000001e3f6d70000,0x000001e3f7520000] _byte_map_base: 0x000001e3f351a000

Marking Bits (Prev, Next): (CMBitMap*) 0x000001e3df295760, (CMBitMap*) 0x000001e3df2957a0
 Prev Bits: [0x000001e3f7cd0000, 0x000001e3fba20000)
 Next Bits: [0x000001e3fba20000, 0x000001e3ff770000)

Polling page: 0x000001e3dcf60000

Metaspace:

Usage:
  Non-class:     17.21 MB used.
      Class:      1.73 MB used.
       Both:     18.94 MB used.

Virtual space:
  Non-class space:       64.00 MB reserved,      17.38 MB ( 27%) committed,  1 nodes.
      Class space:        1.00 GB reserved,       1.81 MB ( <1%) committed,  1 nodes.
             Both:        1.06 GB reserved,      19.19 MB (  2%) committed. 

Chunk freelists:
   Non-Class:  13.98 MB
       Class:  14.07 MB
        Both:  28.06 MB

MaxMetaspaceSize: unlimited
CompressedClassSpaceSize: 1.00 GB
Initial GC threshold: 21.00 MB
Current GC threshold: 21.00 MB
CDS: on
MetaspaceReclaimPolicy: balanced
 - commit_granule_bytes: 65536.
 - commit_granule_words: 8192.
 - virtual_space_node_default_size: 8388608.
 - enlarge_chunks_in_place: 1.
 - new_chunks_are_fully_committed: 0.
 - uncommit_free_chunks: 1.
 - use_allocation_guard: 0.
 - handle_deallocations: 1.


Internal statistics:

num_allocs_failed_limit: 0.
num_arena_births: 222.
num_arena_deaths: 0.
num_vsnodes_births: 2.
num_vsnodes_deaths: 0.
num_space_committed: 305.
num_space_uncommitted: 0.
num_chunks_returned_to_freelist: 0.
num_chunks_taken_from_freelist: 624.
num_chunk_merges: 0.
num_chunk_splits: 470.
num_chunks_enlarged: 365.
num_inconsistent_stats: 0.

CodeHeap 'non-profiled nmethods': size=119168Kb used=796Kb max_used=796Kb free=118371Kb
 bounds [0x000001e3ee8e0000, 0x000001e3eeb50000, 0x000001e3f5d40000]
CodeHeap 'profiled nmethods': size=119104Kb used=3847Kb max_used=3847Kb free=115256Kb
 bounds [0x000001e3e6d40000, 0x000001e3e7110000, 0x000001e3ee190000]
CodeHeap 'non-nmethods': size=7488Kb used=3597Kb max_used=3629Kb free=3890Kb
 bounds [0x000001e3ee190000, 0x000001e3ee520000, 0x000001e3ee8e0000]
 total_blobs=3421 nmethods=1987 adapters=1344
 compilation: enabled
              stopped_count=0, restarted_count=0
 full_count=0

Compilation events (20 events):
Event: 4.116 Thread 0x000001e3c9594680 nmethod 1983 0x000001e3ee99c290 code [0x000001e3ee99c440, 0x000001e3ee99c898]
Event: 4.117 Thread 0x000001e3c9594680 1989       4       java.util.ArrayList::add (25 bytes)
Event: 4.121 Thread 0x000001e3c9593be0 nmethod 1967 0x000001e3ee99cd90 code [0x000001e3ee99cf40, 0x000001e3ee99d418]
Event: 4.123 Thread 0x000001e3c9593be0 1977       4       java.util.ArrayList::grow (60 bytes)
Event: 4.132 Thread 0x000001e3c9593140 nmethod 1963 0x000001e3ee99d890 code [0x000001e3ee99da80, 0x000001e3ee99e638]
Event: 4.132 Thread 0x000001e3c9593140 1979       4       java.lang.String::split (7 bytes)
Event: 4.133 Thread 0x000001e3c9593140 nmethod 1979 0x000001e3ee99f290 code [0x000001e3ee99f420, 0x000001e3ee99f4c8]
Event: 4.133 Thread 0x000001e3c9593140 1980       4       java.util.ArrayList::subList (20 bytes)
Event: 4.136 Thread 0x000001e3c9593140 nmethod 1980 0x000001e3ee99f590 code [0x000001e3ee99f720, 0x000001e3ee99f878]
Event: 4.137 Thread 0x000001e3c9593140 1981       4       java.util.AbstractList::subListRangeCheck (110 bytes)
Event: 4.137 Thread 0x000001e3c9593be0 nmethod 1977 0x000001e3ee99f990 code [0x000001e3ee99fb20, 0x000001e3ee9a0168]
Event: 4.137 Thread 0x000001e3c9593be0 1982       4       java.util.ArrayList$SubList::toArray (79 bytes)
Event: 4.138 Thread 0x000001e3c9593140 nmethod 1981 0x000001e3ee9a0390 code [0x000001e3ee9a0500, 0x000001e3ee9a05b8]
Event: 4.138 Thread 0x000001e3c9593140 1964       4       java.lang.String::<init> (14 bytes)
Event: 4.140 Thread 0x000001e3c9594680 nmethod 1989 0x000001e3ee9a0690 code [0x000001e3ee9a0840, 0x000001e3ee9a1028]
Event: 4.140 Thread 0x000001e3c9594680 1984       4       java.lang.Integer::parseInt (7 bytes)
Event: 4.141 Thread 0x000001e3c9592150 nmethod 1974 0x000001e3ee9a1310 code [0x000001e3ee9a14c0, 0x000001e3ee9a1df8]
Event: 4.141 Thread 0x000001e3c9593be0 nmethod 1982 0x000001e3ee9a2010 code [0x000001e3ee9a21a0, 0x000001e3ee9a23d8]
Event: 4.148 Thread 0x000001e3c9593140 nmethod 1964 0x000001e3ee9a2590 code [0x000001e3ee9a2720, 0x000001e3ee9a2e18]
Event: 4.148 Thread 0x000001e3c9594680 nmethod 1984 0x000001e3ee9a3090 code [0x000001e3ee9a3240, 0x000001e3ee9a35d8]

GC Heap History (4 events):
Event: 1.481 GC heap before
{Heap before GC invocations=0 (full 0):
 garbage-first heap   total 251904K, used 22528K [0x000000070ac00000, 0x0000000800000000)
  region size 2048K, 11 young (22528K), 0 survivors (0K)
 Metaspace       used 10237K, committed 10496K, reserved 1114112K
  class space    used 1022K, committed 1152K, reserved 1048576K
}
Event: 1.488 GC heap after
{Heap after GC invocations=1 (full 0):
 garbage-first heap   total 251904K, used 5801K [0x000000070ac00000, 0x0000000800000000)
  region size 2048K, 2 young (4096K), 2 survivors (4096K)
 Metaspace       used 10237K, committed 10496K, reserved 1114112K
  class space    used 1022K, committed 1152K, reserved 1048576K
}
Event: 3.483 GC heap before
{Heap before GC invocations=1 (full 0):
 garbage-first heap   total 251904K, used 28329K [0x000000070ac00000, 0x0000000800000000)
  region size 2048K, 14 young (28672K), 2 survivors (4096K)
 Metaspace       used 16609K, committed 16832K, reserved 1114112K
  class space    used 1681K, committed 1792K, reserved 1048576K
}
Event: 3.489 GC heap after
{Heap after GC invocations=2 (full 0):
 garbage-first heap   total 251904K, used 7384K [0x000000070ac00000, 0x0000000800000000)
  region size 2048K, 1 young (2048K), 1 survivors (2048K)
 Metaspace       used 16609K, committed 16832K, reserved 1114112K
  class space    used 1681K, committed 1792K, reserved 1048576K
}

Dll operation events (16 events):
Event: 0.015 Loaded shared library C:\Users\sampw\.jdks\corretto-17.0.12\bin\java.dll
Event: 0.036 Loaded shared library C:\Users\sampw\.jdks\corretto-17.0.12\bin\jsvml.dll
Event: 0.259 Loaded shared library C:\Users\sampw\.jdks\corretto-17.0.12\bin\zip.dll
Event: 0.263 Loaded shared library C:\Users\sampw\.jdks\corretto-17.0.12\bin\instrument.dll
Event: 0.274 Loaded shared library C:\Users\sampw\.jdks\corretto-17.0.12\bin\net.dll
Event: 0.276 Loaded shared library C:\Users\sampw\.jdks\corretto-17.0.12\bin\nio.dll
Event: 0.282 Loaded shared library C:\Users\sampw\.jdks\corretto-17.0.12\bin\zip.dll
Event: 0.496 Loaded shared library C:\Program Files\JetBrains\IntelliJ IDEA Community Edition 2024.1.4\bin\breakgen64.dll
Event: 0.515 Loaded shared library C:\Users\sampw\.jdks\corretto-17.0.12\bin\extnet.dll
Event: 0.663 Loaded shared library C:\Users\sampw\.jdks\corretto-17.0.12\bin\jimage.dll
Event: 0.701 Loaded shared library C:\Users\sampw\AppData\Local\Temp\lwjgl_sampw\3.3.2+13\x64\lwjgl.dll
Event: 0.918 Loaded shared library C:\Users\sampw\.jdks\corretto-17.0.12\bin\awt.dll
Event: 1.390 Loaded shared library C:\Users\sampw\.jdks\corretto-17.0.12\bin\verify.dll
Event: 3.468 Loaded shared library C:\Users\sampw\AppData\Local\Temp\lwjgl_sampw\3.3.2+13\x64\lwjgl_opengl.dll
Event: 3.691 Loaded shared library C:\Users\sampw\AppData\Local\Temp\lwjgl_sampw\3.3.2+13\x64\lwjgl_nuklear.dll
Event: 3.732 Loaded shared library C:\Users\sampw\AppData\Local\Temp\lwjgl_sampw\3.3.2+13\x64\lwjgl_stb.dll

Deoptimization events (20 events):
Event: 3.928 Thread 0x000001e3df2293c0 DEOPT PACKING pc=0x000001e3e70c5b6c sp=0x00000069cd7fedd0
Event: 3.928 Thread 0x000001e3df2293c0 DEOPT UNPACKING pc=0x000001e3ee1e7143 sp=0x00000069cd7fe368 mode 0
Event: 3.936 Thread 0x000001e3df2293c0 DEOPT PACKING pc=0x000001e3e70c5b6c sp=0x00000069cd7fedd0
Event: 3.936 Thread 0x000001e3df2293c0 DEOPT UNPACKING pc=0x000001e3ee1e7143 sp=0x00000069cd7fe368 mode 0
Event: 3.944 Thread 0x000001e3df2293c0 DEOPT PACKING pc=0x000001e3e70c5b6c sp=0x00000069cd7fedd0
Event: 3.944 Thread 0x000001e3df2293c0 DEOPT UNPACKING pc=0x000001e3ee1e7143 sp=0x00000069cd7fe368 mode 0
Event: 3.952 Thread 0x000001e3df2293c0 DEOPT PACKING pc=0x000001e3e70c5b6c sp=0x00000069cd7fedd0
Event: 3.952 Thread 0x000001e3df2293c0 DEOPT UNPACKING pc=0x000001e3ee1e7143 sp=0x00000069cd7fe368 mode 0
Event: 4.043 Thread 0x000001e3df2293c0 Uncommon trap: trap_request=0xffffff45 fr.pc=0x000001e3ee914a30 relative=0x00000000000004f0
Event: 4.043 Thread 0x000001e3df2293c0 Uncommon trap: reason=unstable_if action=reinterpret pc=0x000001e3ee914a30 method=java.lang.AbstractStringBuilder.putStringAt(ILjava/lang/String;II)V @ 8 c2
Event: 4.043 Thread 0x000001e3df2293c0 DEOPT PACKING pc=0x000001e3ee914a30 sp=0x00000069cd7febb0
Event: 4.043 Thread 0x000001e3df2293c0 DEOPT UNPACKING pc=0x000001e3ee1e69a3 sp=0x00000069cd7fea38 mode 2
Event: 4.043 Thread 0x000001e3df2293c0 Uncommon trap: trap_request=0xffffff45 fr.pc=0x000001e3ee912da8 relative=0x00000000000004e8
Event: 4.043 Thread 0x000001e3df2293c0 Uncommon trap: reason=unstable_if action=reinterpret pc=0x000001e3ee912da8 method=java.lang.AbstractStringBuilder.putStringAt(ILjava/lang/String;II)V @ 8 c2
Event: 4.043 Thread 0x000001e3df2293c0 DEOPT PACKING pc=0x000001e3ee912da8 sp=0x00000069cd7feb50
Event: 4.043 Thread 0x000001e3df2293c0 DEOPT UNPACKING pc=0x000001e3ee1e69a3 sp=0x00000069cd7fea40 mode 2
Event: 4.043 Thread 0x000001e3df2293c0 Uncommon trap: trap_request=0xffffff45 fr.pc=0x000001e3ee95da74 relative=0x00000000000003d4
Event: 4.043 Thread 0x000001e3df2293c0 Uncommon trap: reason=unstable_if action=reinterpret pc=0x000001e3ee95da74 method=java.lang.AbstractStringBuilder.isLatin1()Z @ 10 c2
Event: 4.043 Thread 0x000001e3df2293c0 DEOPT PACKING pc=0x000001e3ee95da74 sp=0x00000069cd7febd0
Event: 4.043 Thread 0x000001e3df2293c0 DEOPT UNPACKING pc=0x000001e3ee1e69a3 sp=0x00000069cd7feb50 mode 2

Classes loaded (20 events):
Event: 3.458 Loading class jdk/internal/misc/ScopedMemoryAccess$Scope
Event: 3.458 Loading class jdk/internal/misc/ScopedMemoryAccess$Scope done
Event: 3.703 Loading class java/io/FileReader
Event: 3.703 Loading class java/io/FileReader done
Event: 3.712 Loading class java/nio/channels/spi/AbstractInterruptibleChannel$1
Event: 3.712 Loading class sun/nio/ch/Interruptible
Event: 3.712 Loading class sun/nio/ch/Interruptible done
Event: 3.712 Loading class java/nio/channels/spi/AbstractInterruptibleChannel$1 done
Event: 4.038 Loading class java/util/Scanner
Event: 4.039 Loading class java/util/Scanner done
Event: 4.042 Loading class java/util/Scanner$PatternLRUCache
Event: 4.042 Loading class java/util/Scanner$PatternLRUCache done
Event: 4.045 Loading class java/util/regex/Matcher$ImmutableMatchResult
Event: 4.045 Loading class java/util/regex/Matcher$ImmutableMatchResult done
Event: 4.153 Loading class java/awt/Desktop
Event: 4.153 Loading class java/awt/Desktop done
Event: 4.157 Loading class java/awt/Desktop$Action
Event: 4.157 Loading class java/awt/Desktop$Action done
Event: 4.157 Loading class sun/awt/windows/WDesktopPeer$1
Event: 4.157 Loading class sun/awt/windows/WDesktopPeer$1 done

Classes unloaded (0 events):
No events

Classes redefined (0 events):
No events

Internal exceptions (20 events):
Event: 1.175 Thread 0x000001e3df2293c0 Exception <a 'java/lang/NoSuchMethodError'{0x00000007191478b0}: 'java.lang.Object java.lang.invoke.DirectMethodHandle$Holder.invokeStatic(java.lang.Object, int, java.lang.Object, java.lang.Object, java.lang.Object, java.lang.Object)'> (0x00000007191478b0) 
thrown [s\src\hotspot\share\interpreter\linkResolver.cpp, line 759]
Event: 1.183 Thread 0x000001e3df2293c0 Exception <a 'java/lang/NoSuchMethodError'{0x000000071916d290}: 'java.lang.Object java.lang.invoke.DirectMethodHandle$Holder.invokeStatic(java.lang.Object, int, java.lang.Object)'> (0x000000071916d290) 
thrown [s\src\hotspot\share\interpreter\linkResolver.cpp, line 759]
Event: 1.224 Thread 0x000001e3df2293c0 Exception <a 'java/lang/ClassNotFoundException'{0x0000000718e28a58}: com/sun/swing/internal/plaf/metal/resources/spi/metalProvider> (0x0000000718e28a58) 
thrown [s\src\hotspot\share\classfile\systemDictionary.cpp, line 256]
Event: 1.226 Thread 0x000001e3df2293c0 Exception <a 'java/lang/ClassNotFoundException'{0x0000000718e2c870}: com/sun/swing/internal/plaf/basic/resources/spi/basicProvider> (0x0000000718e2c870) 
thrown [s\src\hotspot\share\classfile\systemDictionary.cpp, line 256]
Event: 1.238 Thread 0x000001e3df2293c0 Implicit null exception at 0x000001e3ee90298e to 0x000001e3ee902d6c
Event: 1.238 Thread 0x000001e3df2293c0 Implicit null exception at 0x000001e3ee90148e to 0x000001e3ee901864
Event: 1.253 Thread 0x000001e3df2293c0 Implicit null exception at 0x000001e3ee93503e to 0x000001e3ee935918
Event: 1.406 Thread 0x000001e3df2293c0 Exception <a 'sun/nio/fs/WindowsException'{0x0000000718c4a1d8}> (0x0000000718c4a1d8) 
thrown [s\src\hotspot\share\prims\jni.cpp, line 516]
Event: 1.407 Thread 0x000001e3df2293c0 Exception <a 'sun/nio/fs/WindowsException'{0x0000000718c4a538}> (0x0000000718c4a538) 
thrown [s\src\hotspot\share\prims\jni.cpp, line 516]
Event: 3.464 Thread 0x000001e3df2293c0 Exception <a 'sun/nio/fs/WindowsException'{0x0000000718773b48}> (0x0000000718773b48) 
thrown [s\src\hotspot\share\prims\jni.cpp, line 516]
Event: 3.464 Thread 0x000001e3df2293c0 Exception <a 'sun/nio/fs/WindowsException'{0x0000000718773ef0}> (0x0000000718773ef0) 
thrown [s\src\hotspot\share\prims\jni.cpp, line 516]
Event: 3.473 Thread 0x000001e3df2293c0 Exception <a 'sun/nio/fs/WindowsException'{0x0000000718786080}> (0x0000000718786080) 
thrown [s\src\hotspot\share\prims\jni.cpp, line 516]
Event: 3.473 Thread 0x000001e3df2293c0 Exception <a 'sun/nio/fs/WindowsException'{0x0000000718786360}> (0x0000000718786360) 
thrown [s\src\hotspot\share\prims\jni.cpp, line 516]
Event: 3.688 Thread 0x000001e3df2293c0 Exception <a 'sun/nio/fs/WindowsException'{0x0000000719cdf828}> (0x0000000719cdf828) 
thrown [s\src\hotspot\share\prims\jni.cpp, line 516]
Event: 3.688 Thread 0x000001e3df2293c0 Exception <a 'sun/nio/fs/WindowsException'{0x0000000719cdfbd8}> (0x0000000719cdfbd8) 
thrown [s\src\hotspot\share\prims\jni.cpp, line 516]
Event: 3.698 Thread 0x000001e3df2293c0 Exception <a 'java/lang/NoSuchMethodError'{0x0000000719cf48c0}: 'java.lang.Object java.lang.invoke.DirectMethodHandle$Holder.newInvokeSpecial(java.lang.Object, long)'> (0x0000000719cf48c0) 
thrown [s\src\hotspot\share\interpreter\linkResolver.cpp, line 759]
Event: 3.729 Thread 0x000001e3df2293c0 Exception <a 'sun/nio/fs/WindowsException'{0x0000000719dc7168}> (0x0000000719dc7168) 
thrown [s\src\hotspot\share\prims\jni.cpp, line 516]
Event: 3.729 Thread 0x000001e3df2293c0 Exception <a 'sun/nio/fs/WindowsException'{0x0000000719dc74e8}> (0x0000000719dc74e8) 
thrown [s\src\hotspot\share\prims\jni.cpp, line 516]
Event: 3.740 Thread 0x000001e3df2293c0 Exception <a 'java/lang/NoSuchMethodError'{0x0000000719dd46d0}: 'void java.lang.invoke.DirectMethodHandle$Holder.invokeStatic(java.lang.Object, long)'> (0x0000000719dd46d0) 
thrown [s\src\hotspot\share\interpreter\linkResolver.cpp, line 759]
Event: 3.859 Thread 0x000001e3df2293c0 Exception <a 'java/lang/NoSuchMethodError'{0x0000000719a7bf20}: 'void java.lang.invoke.DirectMethodHandle$Holder.invokeStatic(java.lang.Object, int, java.lang.Object)'> (0x0000000719a7bf20) 
thrown [s\src\hotspot\share\interpreter\linkResolver.cpp, line 759]

VM Operations (20 events):
Event: 0.645 Executing VM operation: HandshakeAllThreads
Event: 0.645 Executing VM operation: HandshakeAllThreads done
Event: 0.688 Executing VM operation: HandshakeAllThreads
Event: 0.688 Executing VM operation: HandshakeAllThreads done
Event: 1.273 Executing VM operation: HandshakeAllThreads
Event: 1.273 Executing VM operation: HandshakeAllThreads done
Event: 1.273 Executing VM operation: Cleanup
Event: 1.273 Executing VM operation: Cleanup done
Event: 1.317 Executing VM operation: HandshakeAllThreads
Event: 1.317 Executing VM operation: HandshakeAllThreads done
Event: 1.480 Executing VM operation: G1CollectForAllocation
Event: 1.489 Executing VM operation: G1CollectForAllocation done
Event: 1.567 Executing VM operation: HandshakeAllThreads
Event: 1.568 Executing VM operation: HandshakeAllThreads done
Event: 1.623 Executing VM operation: HandshakeAllThreads
Event: 1.623 Executing VM operation: HandshakeAllThreads done
Event: 2.632 Executing VM operation: Cleanup
Event: 2.632 Executing VM operation: Cleanup done
Event: 3.483 Executing VM operation: G1CollectForAllocation
Event: 3.489 Executing VM operation: G1CollectForAllocation done

Events (20 events):
Event: 1.005 Thread 0x000001e3829ded60 Thread exited: 0x000001e3829ded60
Event: 1.015 Thread 0x000001e3829decb0 Thread added: 0x000001e3829decb0
Event: 1.016 Thread 0x000001e3c8a725b0 Thread added: 0x000001e3c8a725b0
Event: 1.018 Thread 0x000001e3c8a77db0 Thread added: 0x000001e3c8a77db0
Event: 1.363 Thread 0x000001e3c8dd9d20 Thread added: 0x000001e3c8dd9d20
Event: 1.477 Thread 0x000001e3c8e07420 Thread added: 0x000001e3c8e07420
Event: 1.550 Thread 0x000001e3c8fe91d0 Thread added: 0x000001e3c8fe91d0
Event: 1.628 Thread 0x000001e3c9594130 Thread added: 0x000001e3c9594130
Event: 1.628 Thread 0x000001e3c95926a0 Thread added: 0x000001e3c95926a0
Event: 2.187 Thread 0x000001e3c95926a0 Thread exited: 0x000001e3c95926a0
Event: 2.242 Thread 0x000001e3c9594130 Thread exited: 0x000001e3c9594130
Event: 2.382 Thread 0x000001e3c8a725b0 Thread exited: 0x000001e3c8a725b0
Event: 2.383 Thread 0x000001e3c8dd9d20 Thread exited: 0x000001e3c8dd9d20
Event: 2.446 Thread 0x000001e3c8fe91d0 Thread exited: 0x000001e3c8fe91d0
Event: 2.501 Thread 0x000001e3c8e07420 Thread exited: 0x000001e3c8e07420
Event: 2.755 Thread 0x000001e3c9594130 Thread added: 0x000001e3c9594130
Event: 4.082 Thread 0x000001e3c9593140 Thread added: 0x000001e3c9593140
Event: 4.101 Thread 0x000001e3c9592150 Thread added: 0x000001e3c9592150
Event: 4.101 Thread 0x000001e3c9593be0 Thread added: 0x000001e3c9593be0
Event: 4.101 Thread 0x000001e3c9594680 Thread added: 0x000001e3c9594680


Dynamic libraries:
0x00007ff7304d0000 - 0x00007ff7304de000 	C:\Users\sampw\.jdks\corretto-17.0.12\bin\java.exe
0x00007ffb9f4c0000 - 0x00007ffb9f723000 	C:\WINDOWS\SYSTEM32\ntdll.dll
0x00007ffb9d4d0000 - 0x00007ffb9d597000 	C:\WINDOWS\System32\KERNEL32.DLL
0x00007ffb9c8f0000 - 0x00007ffb9ccb7000 	C:\WINDOWS\System32\KERNELBASE.dll
0x00007ffb9d050000 - 0x00007ffb9d19c000 	C:\WINDOWS\System32\ucrtbase.dll
0x00007ffb96c00000 - 0x00007ffb96c17000 	C:\Users\sampw\.jdks\corretto-17.0.12\bin\jli.dll
0x00007ffb8dec0000 - 0x00007ffb8dedb000 	C:\Users\sampw\.jdks\corretto-17.0.12\bin\VCRUNTIME140.dll
0x00007ffb9e470000 - 0x00007ffb9e639000 	C:\WINDOWS\System32\USER32.dll
0x00007ffb7cee0000 - 0x00007ffb7d170000 	C:\WINDOWS\WinSxS\amd64_microsoft.windows.common-controls_6595b64144ccf1df_6.0.26100.3037_none_3e09262ce333c378\COMCTL32.dll
0x00007ffb9d2d0000 - 0x00007ffb9d2f7000 	C:\WINDOWS\System32\win32u.dll
0x00007ffb9e860000 - 0x00007ffb9e909000 	C:\WINDOWS\System32\msvcrt.dll
0x00007ffb9ebc0000 - 0x00007ffb9ebea000 	C:\WINDOWS\System32\GDI32.dll
0x00007ffb9d1a0000 - 0x00007ffb9d2cb000 	C:\WINDOWS\System32\gdi32full.dll
0x00007ffb9ccc0000 - 0x00007ffb9cd63000 	C:\WINDOWS\System32\msvcp_win.dll
0x00007ffb9ead0000 - 0x00007ffb9eaff000 	C:\WINDOWS\System32\IMM32.DLL
0x00007ffb96c70000 - 0x00007ffb96c7c000 	C:\Users\sampw\.jdks\corretto-17.0.12\bin\vcruntime140_1.dll
0x00007ffb74140000 - 0x00007ffb741cd000 	C:\Users\sampw\.jdks\corretto-17.0.12\bin\msvcp140.dll
0x00007ffb2f5c0000 - 0x00007ffb3022a000 	C:\Users\sampw\.jdks\corretto-17.0.12\bin\server\jvm.dll
0x00007ffb9f2d0000 - 0x00007ffb9f384000 	C:\WINDOWS\System32\ADVAPI32.dll
0x00007ffb9d300000 - 0x00007ffb9d3a6000 	C:\WINDOWS\System32\sechost.dll
0x00007ffb9e920000 - 0x00007ffb9ea36000 	C:\WINDOWS\System32\RPCRT4.dll
0x00007ffb9ef80000 - 0x00007ffb9eff4000 	C:\WINDOWS\System32\WS2_32.dll
0x00007ffb9b500000 - 0x00007ffb9b54e000 	C:\WINDOWS\SYSTEM32\POWRPROF.dll
0x00007ffb93f00000 - 0x00007ffb93f36000 	C:\WINDOWS\SYSTEM32\WINMM.dll
0x00007ffb93f40000 - 0x00007ffb93f4b000 	C:\WINDOWS\SYSTEM32\VERSION.dll
0x00007ffb9b4e0000 - 0x00007ffb9b4f4000 	C:\WINDOWS\SYSTEM32\UMPDC.dll
0x00007ffb9b700000 - 0x00007ffb9b71a000 	C:\WINDOWS\SYSTEM32\kernel.appcore.dll
0x00007ffb8ec40000 - 0x00007ffb8ec4a000 	C:\Users\sampw\.jdks\corretto-17.0.12\bin\jimage.dll
0x00007ffb9a180000 - 0x00007ffb9a3c1000 	C:\WINDOWS\SYSTEM32\DBGHELP.DLL
0x00007ffb9ebf0000 - 0x00007ffb9ef6e000 	C:\WINDOWS\System32\combase.dll
0x00007ffb9dd30000 - 0x00007ffb9de06000 	C:\WINDOWS\System32\OLEAUT32.dll
0x00007ffb55ba0000 - 0x00007ffb55bd9000 	C:\WINDOWS\SYSTEM32\dbgcore.DLL
0x00007ffb9cfb0000 - 0x00007ffb9d049000 	C:\WINDOWS\System32\bcryptPrimitives.dll
0x00007ffb8c9a0000 - 0x00007ffb8c9ae000 	C:\Users\sampw\.jdks\corretto-17.0.12\bin\instrument.dll
0x00007ffb873e0000 - 0x00007ffb87405000 	C:\Users\sampw\.jdks\corretto-17.0.12\bin\java.dll
0x00007ffb74060000 - 0x00007ffb74137000 	C:\Users\sampw\.jdks\corretto-17.0.12\bin\jsvml.dll
0x00007ffb9d620000 - 0x00007ffb9dd24000 	C:\WINDOWS\System32\SHELL32.dll
0x00007ffb9a560000 - 0x00007ffb9ad97000 	C:\WINDOWS\SYSTEM32\windows.storage.dll
0x00007ffb9f390000 - 0x00007ffb9f479000 	C:\WINDOWS\System32\SHCORE.dll
0x00007ffb9e660000 - 0x00007ffb9e6bd000 	C:\WINDOWS\System32\shlwapi.dll
0x00007ffb9c770000 - 0x00007ffb9c79e000 	C:\WINDOWS\SYSTEM32\profapi.dll
0x00007ffb75e10000 - 0x00007ffb75e28000 	C:\Users\sampw\.jdks\corretto-17.0.12\bin\zip.dll
0x00007ffb7b900000 - 0x00007ffb7b919000 	C:\Users\sampw\.jdks\corretto-17.0.12\bin\net.dll
0x00007ffb953f0000 - 0x00007ffb9550e000 	C:\WINDOWS\SYSTEM32\WINHTTP.dll
0x00007ffb9bcb0000 - 0x00007ffb9bd1a000 	C:\WINDOWS\system32\mswsock.dll
0x00007ffb79f50000 - 0x00007ffb79f66000 	C:\Users\sampw\.jdks\corretto-17.0.12\bin\nio.dll
0x00007ffb74040000 - 0x00007ffb7405a000 	C:\Program Files\JetBrains\IntelliJ IDEA Community Edition 2024.1.4\bin\breakgen64.dll
0x00007ffb7eda0000 - 0x00007ffb7eda9000 	C:\Users\sampw\.jdks\corretto-17.0.12\bin\extnet.dll
0x00007ffb73fc0000 - 0x00007ffb7403a000 	C:\Users\sampw\AppData\Local\Temp\lwjgl_sampw\3.3.2+13\x64\lwjgl.dll
0x00007ffb27790000 - 0x00007ffb27a00000 	C:\Users\sampw\AppData\Local\Temp\lwjgl_sampw\3.3.2+13\x64\jemalloc.dll
0x00007ffb406e0000 - 0x00007ffb40870000 	C:\Users\sampw\.jdks\corretto-17.0.12\bin\awt.dll
0x00007ffb99420000 - 0x00007ffb994bc000 	C:\WINDOWS\SYSTEM32\apphelp.dll
0x00007ffb99890000 - 0x00007ffb998be000 	C:\WINDOWS\system32\DWMAPI.DLL
0x00007ffb99500000 - 0x00007ffb995ad000 	C:\WINDOWS\system32\uxtheme.dll
0x00007ffb4b980000 - 0x00007ffb4ba8c000 	C:\WINDOWS\system32\opengl32.dll
0x00007ffb62870000 - 0x00007ffb6289d000 	C:\WINDOWS\SYSTEM32\GLU32.dll
0x00007ffb999b0000 - 0x00007ffb999f7000 	C:\WINDOWS\SYSTEM32\dxcore.dll
0x00007ffb9f160000 - 0x00007ffb9f2bc000 	C:\WINDOWS\System32\MSCTF.dll
0x00007ffb9e6c0000 - 0x00007ffb9e855000 	C:\WINDOWS\System32\ole32.dll
0x00007ffb65b30000 - 0x00007ffb65cdc000 	C:\WINDOWS\system32\d3d9.dll
0x00007ffb93f50000 - 0x00007ffb9410a000 	C:\WINDOWS\System32\DriverStore\FileRepository\u0381040.inf_amd64_4455b7391a60ce8d\B380794\aticfx64.dll
0x00007ffb72ca0000 - 0x00007ffb72cd4000 	C:\WINDOWS\System32\DriverStore\FileRepository\u0381040.inf_amd64_4455b7391a60ce8d\B380794\atiu9p64.dll
0x00007ffb4ac20000 - 0x00007ffb4b976000 	C:\WINDOWS\System32\DriverStore\FileRepository\u0381040.inf_amd64_4455b7391a60ce8d\B380794\atiumd64.dll
0x0000000058f60000 - 0x0000000059e1f000 	C:\WINDOWS\System32\DriverStore\FileRepository\u0381040.inf_amd64_4455b7391a60ce8d\B380794\atiumd6a.dll
0x00007ffb9de10000 - 0x00007ffb9e296000 	C:\WINDOWS\System32\SETUPAPI.dll
0x00007ffb919c0000 - 0x00007ffb919f0000 	C:\WINDOWS\SYSTEM32\amdihk64.dll
0x00007ffb996c0000 - 0x00007ffb9971c000 	C:\WINDOWS\SYSTEM32\directxdatabasehelper.dll
0x00007ffb7c5a0000 - 0x00007ffb7c5b0000 	C:\Users\sampw\.jdks\corretto-17.0.12\bin\verify.dll
0x00007ffb6ef70000 - 0x00007ffb6eff2000 	C:\Users\sampw\AppData\Local\Temp\lwjgl_sampw\3.3.2+13\x64\glfw.dll
0x00007ffb70de0000 - 0x00007ffb70e2b000 	C:\WINDOWS\SYSTEM32\dinput8.dll
0x00007ffb73fa0000 - 0x00007ffb73fb2000 	C:\WINDOWS\SYSTEM32\xinput1_4.dll
0x00007ffb9c4c0000 - 0x00007ffb9c4ed000 	C:\WINDOWS\SYSTEM32\DEVOBJ.dll
0x00007ffb9c4f0000 - 0x00007ffb9c54f000 	C:\WINDOWS\SYSTEM32\cfgmgr32.dll
0x00007ffb8e070000 - 0x00007ffb8e24e000 	C:\WINDOWS\SYSTEM32\inputhost.dll
0x00007ffb98830000 - 0x00007ffb98956000 	C:\WINDOWS\SYSTEM32\CoreMessaging.dll
0x00007ffb9bf50000 - 0x00007ffb9bf5c000 	C:\WINDOWS\SYSTEM32\CRYPTBASE.DLL
0x00007ffb2cab0000 - 0x00007ffb2cac8000 	C:\WINDOWS\system32\napinsp.dll
0x00007ffb9b180000 - 0x00007ffb9b2a5000 	C:\WINDOWS\SYSTEM32\DNSAPI.dll
0x00007ffb9b140000 - 0x00007ffb9b172000 	C:\WINDOWS\SYSTEM32\IPHLPAPI.DLL
0x00007ffb9eac0000 - 0x00007ffb9eaca000 	C:\WINDOWS\System32\NSI.dll
0x00007ffb2ca80000 - 0x00007ffb2ca92000 	C:\WINDOWS\System32\winrnr.dll
0x00007ffb88aa0000 - 0x00007ffb88ac2000 	C:\WINDOWS\system32\nlansp_c.dll
0x00007ffb947b0000 - 0x00007ffb947c6000 	C:\WINDOWS\system32\wshbth.dll
0x00007ffb959f0000 - 0x00007ffb959fb000 	C:\Windows\System32\rasadhlp.dll
0x00007ffb96450000 - 0x00007ffb964d5000 	C:\WINDOWS\System32\fwpuclnt.dll
0x00007ffb83ac0000 - 0x00007ffb83ada000 	C:\WINDOWS\SYSTEM32\windows.staterepositorycore.dll
0x00007ffb8e040000 - 0x00007ffb8e06c000 	C:\WINDOWS\System32\DriverStore\FileRepository\u0381040.inf_amd64_4455b7391a60ce8d\B380794\atig6pxx.dll
0x00007ffb17c30000 - 0x00007ffb1aa90000 	C:\WINDOWS\System32\DriverStore\FileRepository\u0381040.inf_amd64_4455b7391a60ce8d\B380794\atio6axx.dll
0x00007ffb6ecb0000 - 0x00007ffb6ecd6000 	C:\WINDOWS\SYSTEM32\dxva2.dll
0x00007ffb73f50000 - 0x00007ffb73f8f000 	C:\WINDOWS\System32\DriverStore\FileRepository\u0381040.inf_amd64_4455b7391a60ce8d\B380794\atig6txx.dll
0x00007ffb86c90000 - 0x00007ffb86e60000 	C:\WINDOWS\SYSTEM32\atiadlxx.dll
0x00007ffb9e910000 - 0x00007ffb9e918000 	C:\WINDOWS\System32\PSAPI.DLL
0x00007ffb9a410000 - 0x00007ffb9a50b000 	C:\WINDOWS\SYSTEM32\PROPSYS.dll
0x00007ffb86570000 - 0x00007ffb865c6000 	C:\WINDOWS\SYSTEM32\pdh.dll
0x00007ffb9c860000 - 0x00007ffb9c8df000 	C:\WINDOWS\System32\WINTRUST.dll
0x00007ffb9cd70000 - 0x00007ffb9cee6000 	C:\WINDOWS\System32\CRYPT32.dll
0x00007ffb9bfc0000 - 0x00007ffb9bfd3000 	C:\WINDOWS\SYSTEM32\MSASN1.dll
0x00007ffb6ef10000 - 0x00007ffb6ef6e000 	C:\Users\sampw\AppData\Local\Temp\lwjgl_sampw\3.3.2+13\x64\lwjgl_opengl.dll
0x00007ffb4c820000 - 0x00007ffb4c893000 	C:\Users\sampw\AppData\Local\Temp\lwjgl_sampw\3.3.2+13\x64\lwjgl_nuklear.dll
0x00007ffb405f0000 - 0x00007ffb40672000 	C:\Users\sampw\AppData\Local\Temp\lwjgl_sampw\3.3.2+13\x64\lwjgl_stb.dll
0x00007ffb95ec0000 - 0x00007ffb95f80000 	C:\WINDOWS\SYSTEM32\mscms.dll
0x00007ffb8f4c0000 - 0x00007ffb8f509000 	C:\WINDOWS\SYSTEM32\icm32.dll
0x00007ffb99400000 - 0x00007ffb99416000 	C:\WINDOWS\system32\Wtsapi32.dll
0x00007ffb9b070000 - 0x00007ffb9b0d0000 	C:\WINDOWS\SYSTEM32\WINSTA.dll

dbghelp: loaded successfully - version: 4.0.5 - missing functions: none
symbol engine: initialized successfully - sym options: 0x614 - pdb path: .;C:\Users\sampw\.jdks\corretto-17.0.12\bin;C:\WINDOWS\SYSTEM32;C:\WINDOWS\WinSxS\amd64_microsoft.windows.common-controls_6595b64144ccf1df_6.0.26100.3037_none_3e09262ce333c378;C:\Users\sampw\.jdks\corretto-17.0.12\bin\server;C:\Program Files\JetBrains\IntelliJ IDEA Community Edition 2024.1.4\bin;C:\Users\sampw\AppData\Local\Temp\lwjgl_sampw\3.3.2+13\x64;C:\WINDOWS\System32\DriverStore\FileRepository\u0381040.inf_amd64_4455b7391a60ce8d\B380794

VM Arguments:
jvm_args: -javaagent:C:\Program Files\JetBrains\IntelliJ IDEA Community Edition 2024.1.4\lib\idea_rt.jar=55372:C:\Program Files\JetBrains\IntelliJ IDEA Community Edition 2024.1.4\bin -Dfile.encoding=UTF-8 
java_command: com.xbuilders.Main devmode name=DEV
java_class_path (initial): C:\Local Files\github\Xbuilders\target\classes;C:\Users\sampw\.m2\repository\com\esotericsoftware\kryo\5.6.2\kryo-5.6.2.jar;C:\Users\sampw\.m2\repository\com\esotericsoftware\reflectasm\1.11.9\reflectasm-1.11.9.jar;C:\Users\sampw\.m2\repository\org\objenesis\objenesis\3.4\objenesis-3.4.jar;C:\Users\sampw\.m2\repository\com\esotericsoftware\minlog\1.3.1\minlog-1.3.1.jar;C:\Users\sampw\.m2\repository\io\netty\netty-all\4.1.116.Final\netty-all-4.1.116.Final.jar;C:\Users\sampw\.m2\repository\io\netty\netty-buffer\4.1.116.Final\netty-buffer-4.1.116.Final.jar;C:\Users\sampw\.m2\repository\io\netty\netty-codec\4.1.116.Final\netty-codec-4.1.116.Final.jar;C:\Users\sampw\.m2\repository\io\netty\netty-codec-dns\4.1.116.Final\netty-codec-dns-4.1.116.Final.jar;C:\Users\sampw\.m2\repository\io\netty\netty-codec-haproxy\4.1.116.Final\netty-codec-haproxy-4.1.116.Final.jar;C:\Users\sampw\.m2\repository\io\netty\netty-codec-http\4.1.116.Final\netty-codec-http-4.1.116.Final.jar;C:\Users\sampw\.m2\repository\io\netty\netty-codec-http2\4.1.116.Final\netty-codec-http2-4.1.116.Final.jar;C:\Users\sampw\.m2\repository\io\netty\netty-codec-memcache\4.1.116.Final\netty-codec-memcache-4.1.116.Final.jar;C:\Users\sampw\.m2\repository\io\netty\netty-codec-mqtt\4.1.116.Final\netty-codec-mqtt-4.1.116.Final.jar;C:\Users\sampw\.m2\repository\io\netty\netty-codec-redis\4.1.116.Final\netty-codec-redis-4.1.116.Final.jar;C:\Users\sampw\.m2\repository\io\netty\netty-codec-smtp\4.1.116.Final\netty-codec-smtp-4.1.116.Final.jar;C:\Users\sampw\.m2\repository\io\netty\netty-codec-socks\4.1.116.Final\netty-codec-socks-4.1.116.Final.jar;C:\Users\sampw\.m2\repository\io\netty\netty-codec-stomp\4.1.116.Final\netty-codec-stomp-4.1.116.Final.jar;C:\Users\sampw\.m2\repository\io\netty\netty-codec-xml\4.1.116.Final\netty-codec-xml-4.1.116.Final.jar;C:\Users\sampw\.m2\repository\io\netty\netty-common\4.1.116.Final\netty-common-4.1.116.Final.jar;C:\Users\sampw\.m2\repository\io\netty\netty-h
Launcher Type: SUN_STANDARD

[Global flags]
     intx CICompilerCount                          = 12                                        {product} {ergonomic}
     uint ConcGCThreads                            = 3                                         {product} {ergonomic}
     uint G1ConcRefinementThreads                  = 13                                        {product} {ergonomic}
   size_t G1HeapRegionSize                         = 2097152                                   {product} {ergonomic}
    uintx GCDrainStackTargetSize                   = 64                                        {product} {ergonomic}
   size_t InitialHeapSize                          = 257949696                                 {product} {ergonomic}
   size_t MarkStackSize                            = 4194304                                   {product} {ergonomic}
   size_t MaxHeapSize                              = 4114612224                                {product} {ergonomic}
   size_t MaxNewSize                               = 2468347904                                {product} {ergonomic}
   size_t MinHeapDeltaBytes                        = 2097152                                   {product} {ergonomic}
   size_t MinHeapSize                              = 8388608                                   {product} {ergonomic}
    uintx NonNMethodCodeHeapSize                   = 7602480                                {pd product} {ergonomic}
    uintx NonProfiledCodeHeapSize                  = 122027880                              {pd product} {ergonomic}
    uintx ProfiledCodeHeapSize                     = 122027880                              {pd product} {ergonomic}
    uintx ReservedCodeCacheSize                    = 251658240                              {pd product} {ergonomic}
     bool SegmentedCodeCache                       = true                                      {product} {ergonomic}
   size_t SoftMaxHeapSize                          = 4114612224                             {manageable} {ergonomic}
     bool UseCompressedClassPointers               = true                           {product lp64_product} {ergonomic}
     bool UseCompressedOops                        = true                           {product lp64_product} {ergonomic}
     bool UseG1GC                                  = true                                      {product} {ergonomic}
     bool UseLargePagesIndividualAllocation        = false                                  {pd product} {ergonomic}

Logging:
Log output configuration:
 #0: stdout all=warning uptime,level,tags
 #1: stderr all=off uptime,level,tags

Environment Variables:
JAVA_HOME=C:\Program Files\Java\jdk-17.0.1
PATH=C:\Program Files\Common Files\Oracle\Java\javapath;C:\WINDOWS\system32;C:\WINDOWS;C:\WINDOWS\System32\Wbem;C:\WINDOWS\System32\WindowsPowerShell\v1.0\;C:\WINDOWS\System32\OpenSSH\;C:\Program Files\PuTTY\;C:\Program Files\nodejs\;C:\Program Files\Java\jdk-16.0.1\bin;C:\Program Files\Apache Software Foundation\apache-maven-3.8.1\bin;C:\Program Files\dotnet\;C:\Program Files\HP\HP One Agent;C:\Program Files\Git\cmd;C:\Program Files (x86)\Windows Kits\10\Windows Performance Toolkit\;C:\Program Files\GitHub CLI\;%SystemRoot%\system32;%SystemRoot%;%SystemRoot%\System32\Wbem;%SYSTEMROOT%\System32\WindowsPowerShell\v1.0\;%SYSTEMROOT%\System32\OpenSSH\;C:\Users\sampw\AppData\Local\Microsoft\WindowsApps;C:\Users\sampw\AppData\Roaming\npm;C:\Program Files (x86)\mingw-w64\i686-8.1.0-posix-dwarf-rt_v6-rev0\mingw32\bin;C:\Users\sampw\anaconda3;C:\Program Files\heroku\bin;C:\Programs\Program Downloads\ffmpeg-N-102431-gf140239777-win64-gpl-shared\bin;C:\Users\sampw\AppData\Local\Packages\PythonSoftwareFoundation.Python.3.9_qbz5n2kfra8p0\LocalCache\local-packages\Python39\Scripts;C:\Programs\apache-ant-1.10.13\bin;C:\Program Files\Microsoft Visual Studio\2022\Community\Common7\IDE\CommonExtensions\Microsoft\CMake\CMake\bin\;C:\Program Files\JetBrains\IntelliJ IDEA Community Edition 2023.3.2\bin;;C:\Users\sampw\AppData\Local\Programs\Microsoft VS Code\bin;C:\Users\sampw\AppData\Local\GitHubDesktop\bin;
USERNAME=sampw
OS=Windows_NT
PROCESSOR_IDENTIFIER=AMD64 Family 23 Model 104 Stepping 1, AuthenticAMD
TMP=C:\Users\sampw\AppData\Local\Temp
TEMP=C:\Users\sampw\AppData\Local\Temp



Periodic native trim disabled


---------------  S Y S T E M  ---------------

OS:
 Windows 11 , 64 bit Build 26100 (10.0.26100.3037)
OS uptime: 6 days 3:53 hours
Hyper-V role detected

CPU: total 16 (initial active 16) (16 cores per cpu, 2 threads per core) family 23 model 104 stepping 1 microcode 0x8608103, cx8, cmov, fxsr, ht, mmx, 3dnowpref, sse, sse2, sse3, ssse3, sse4a, sse4.1, sse4.2, popcnt, lzcnt, tsc, tscinvbit, avx, avx2, aes, clmul, bmi1, bmi2, adx, sha, fma, vzeroupper, clflush, clflushopt, hv
Processor Information for all 16 processors :
  Max Mhz: 1801, Current Mhz: 1801, Mhz Limit: 1801

Memory: 4k page, system-wide physical 15695M (4356M free)
TotalPageFile size 33103M (AvailPageFile size 16340M)
current process WorkingSet (physical memory assigned to process): 247M, peak: 247M
current process commit charge ("private bytes"): 573M, peak: 573M

vm_info: OpenJDK 64-Bit Server VM (17.0.12+7-LTS) for windows-amd64 JRE (17.0.12+7-LTS), built on Jul 10 2024 20:46:33 by "Administrator" with MS VC++ 16.10 / 16.11 (VS2019)

END.
