#
# A fatal error has been detected by the Java Runtime Environment:
#
#  EXCEPTION_ACCESS_VIOLATION (0xc0000005) at pc=0x00007ffad001cbad, pid=4904, tid=17736
#
# JRE version: OpenJDK Runtime Environment Corretto-17.0.11.9.1 (17.0.11+9) (build 17.0.11+9-LTS)
# Java VM: OpenJDK 64-Bit Server VM Corretto-17.0.11.9.1 (17.0.11+9-LTS, mixed mode, sharing, tiered, compressed oops, compressed class ptrs, g1 gc, windows-amd64)
# Problematic frame:
# C  [lwjgl_nuklear.dll+0x1cbad]
#
# No core dump will be written. Minidumps are not enabled by default on client versions of Windows
#
# If you would like to submit a bug report, please visit:
#   https://github.com/corretto/corretto-17/issues/
# The crash happened outside the Java Virtual Machine in native code.
# See problematic frame for where to report the bug.
#

---------------  S U M M A R Y ------------

Command Line: -javaagent:C:\Program Files\JetBrains\IntelliJ IDEA Community Edition 2024.1.4\lib\idea_rt.jar=63957:C:\Program Files\JetBrains\IntelliJ IDEA Community Edition 2024.1.4\bin -Dfile.encoding=UTF-8 com.xbuilders.game.Main devmode

Host: AMD Ryzen 7 5700U with Radeon Graphics         , 16 cores, 15G,  Windows 11 , 64 bit Build 22621 (10.0.22621.3672)
Time: Sat Jun 29 10:16:43 2024 Mountain Daylight Time elapsed time: 12.014728 seconds (0d 0h 0m 12s)

---------------  T H R E A D  ---------------

Current thread (0x00000256d25d8f00):  JavaThread "main" [_thread_in_native, id=17736, stack(0x0000008319d00000,0x0000008319e00000)]

Stack: [0x0000008319d00000,0x0000008319e00000],  sp=0x0000008319dff150,  free space=1020k
Native frames: (J=compiled Java code, j=interpreted, Vv=VM code, C=native code)
C  [lwjgl_nuklear.dll+0x1cbad]

Java frames: (J=compiled Java code, j=interpreted, Vv=VM code)
j  org.lwjgl.nuklear.Nuklear.nnk_group_end(J)V+0
j  org.lwjgl.nuklear.Nuklear.nk_group_end(Lorg/lwjgl/nuklear/NkContext;)V+4
j  com.xbuilders.game.UI.Inventory.inventoryGroup(Lorg/lwjgl/system/MemoryStack;)V+203
j  com.xbuilders.game.UI.Inventory.draw(Lorg/lwjgl/system/MemoryStack;)V+229
j  com.xbuilders.game.MyGame.uiDraw(Lorg/lwjgl/system/MemoryStack;)V+5
j  com.xbuilders.engine.ui.gameScene.GameUI.draw()V+83
j  com.xbuilders.engine.gameScene.GameScene.render()V+169
J 5301 c1 com.xbuilders.game.Main.render()V (22 bytes) @ 0x00000256dbc4b0c4 [0x00000256dbc4afe0+0x00000000000000e4]
j  com.xbuilders.game.Main.<init>()V+157
j  com.xbuilders.game.Main.main([Ljava/lang/String;)V+128
v  ~StubRoutines::call_stub

siginfo: EXCEPTION_ACCESS_VIOLATION (0xc0000005), reading address 0x0000000000000044


Registers:
RAX=0x0000008319dff180, RBX=0x00000256fd43ccb0, RCX=0x0000000000000000, RDX=0x0000000000000020
RSP=0x0000008319dff150, RBP=0x0000008319dff250, RSI=0x00000256cbf70010, RDI=0x00000256cbf70810
R8 =0x00000000000000b8, R9 =0x00000000000000c0, R10=0x00007ffad0000000, R11=0x00007ffad003c51b
R12=0x0000000000000000, R13=0x00000256f8ee3a28, R14=0x00000256cbf70078, R15=0x0000000000000000
RIP=0x00007ffad001cbad, EFLAGS=0x0000000000010202


Register to memory mapping:

RIP=0x00007ffad001cbad lwjgl_nuklear.dll
RAX=0x0000008319dff180 is pointing into the stack for thread: 0x00000256d25d8f00
RBX=0x00000256fd43ccb0 points into unknown readable memory: 0x0000000000000000 | 00 00 00 00 00 00 00 00
RCX=0x0 is NULL
RDX=0x0000000000000020 is an unknown value
RSP=0x0000008319dff150 is pointing into the stack for thread: 0x00000256d25d8f00
RBP=0x0000008319dff250 is pointing into the stack for thread: 0x00000256d25d8f00
RSI=0x00000256cbf70010 points into unknown readable memory: 0xab6fe006000001d4 | d4 01 00 00 06 e0 6f ab
RDI=0x00000256cbf70810 points into unknown readable memory: 0x0000006800000001 | 01 00 00 00 68 00 00 00
R8 =0x00000000000000b8 is an unknown value
R9 =0x00000000000000c0 is an unknown value
R10=0x00007ffad0000000 lwjgl_nuklear.dll
R11=0x00007ffad003c51b lwjgl_nuklear.dll
R12=0x0 is NULL
R13={method} {0x00000256f8ee3a30} 'nnk_group_end' '(J)V' in 'org/lwjgl/nuklear/Nuklear'
R14=0x00000256cbf70078 points into unknown readable memory: 0x00000256fd43efe0 | e0 ef 43 fd 56 02 00 00
R15=0x0 is NULL


Top of Stack: (sp=0x0000008319dff150)
0x0000008319dff150:   0000000000000001 00007ffa941758e6
0x0000008319dff160:   0000000000000000 0000000000000400
0x0000008319dff170:   0000000000000001 0000000000000000
0x0000008319dff180:   0000000000000000 0000000000000000
0x0000008319dff190:   0000000000000000 0000000000000000
0x0000008319dff1a0:   0000000000000000 0000000000000000
0x0000008319dff1b0:   0000000000000000 0000000000000000
0x0000008319dff1c0:   0000000000000000 42a2000000000068
0x0000008319dff1d0:   442c000042480000 0000000044098000
0x0000008319dff1e0:   0000000000000000 00000256fd43efe0
0x0000008319dff1f0:   4294000042aa0000 44038000442a0000
0x0000008319dff200:   0000000000000001 0000000000000000
0x0000008319dff210:   00000000000005c8 00000000000021f0
0x0000008319dff220:   00000000000021b0 00000256cbf70810
0x0000008319dff230:   0000000000000000 0000000000000000
0x0000008319dff240:   0000000000000000 0000000000000000
0x0000008319dff250:   0000000000000000 0000000000000000
0x0000008319dff260:   0000000000000000 0000000000000000
0x0000008319dff270:   0000000000000000 0000000000000000
0x0000008319dff280:   0000000000000000 0000000000000000
0x0000008319dff290:   0000000000000000 0000000000000000
0x0000008319dff2a0:   0000000000000000 0000000000000000
0x0000008319dff2b0:   0000000000000000 0000000000000000
0x0000008319dff2c0:   0000000000000000 0000000000000000
0x0000008319dff2d0:   0000000000000000 0000000000000000
0x0000008319dff2e0:   0000000000000000 0000000000000000
0x0000008319dff2f0:   0000000000000000 0000000000000000
0x0000008319dff300:   0000000000000000 0000000000000000
0x0000008319dff310:   0000000000000000 0000000000000000
0x0000008319dff320:   0000000000000000 0000000000000000
0x0000008319dff330:   0000000000000000 0000000000000000
0x0000008319dff340:   0000000000000000 0000000000000000 

Instructions: (pc=0x00007ffad001cbad)
0x00007ffad001caad:   f3 0f 10 6f 08 f3 0f 5c ee f3 0f 11 6c 24 7c f3
0x00007ffad001cabd:   0f 58 5f 10 f3 0f 11 5d 84 f3 0f 10 57 14 f3 0f
0x00007ffad001cacd:   58 57 38 f3 0f 58 57 60 f3 0f 11 55 88 f6 47 04
0x00007ffad001cadd:   01 74 3f f3 0f 5c 6f 3c f3 0f 11 6c 24 7c f3 0f
0x00007ffad001caed:   5c 67 3c f3 0f 11 65 80 f3 0f 10 47 3c f3 0f 58
0x00007ffad001cafd:   c0 f3 0f 58 c3 f3 0f 11 45 84 0f 28 d8 f3 0f 10
0x00007ffad001cb0d:   4f 3c f3 0f 58 c9 f3 0f 58 ca f3 0f 11 4d 88 0f
0x00007ffad001cb1d:   28 d1 f6 47 04 20 75 1a f3 0f 58 9b e4 22 00 00
0x00007ffad001cb2d:   f3 0f 58 93 e8 22 00 00 f3 0f 11 5d 84 f3 0f 11
0x00007ffad001cb3d:   55 88 48 8b 47 18 4c 8d 76 68 44 0f 28 cd f3 0f
0x00007ffad001cb4d:   58 dd f3 0f 58 d4 44 0f 28 d4 8b 08 89 4d 8c 48
0x00007ffad001cb5d:   8b 47 20 f3 0f 58 d6 0f 57 f6 8b 08 89 4d 90 8b
0x00007ffad001cb6d:   47 04 89 44 24 78 48 8d 44 24 30 41 0f 10 06 0f
0x00007ffad001cb7d:   11 45 98 41 0f 10 4e 10 0f 11 4d a8 41 0f 10 46
0x00007ffad001cb8d:   20 0f 11 45 b8 41 0f 10 4e 30 48 89 7d d8 48 89
0x00007ffad001cb9d:   b5 00 01 00 00 0f 11 4d c8 48 89 83 b8 45 00 00
0x00007ffad001cbad:   f3 45 0f 10 47 44 f3 41 0f 10 7f 48 f3 45 0f 5f
0x00007ffad001cbbd:   c8 f3 45 0f 58 47 4c f3 44 0f 5f d7 f3 41 0f 58
0x00007ffad001cbcd:   7f 50 f3 44 0f 5d c3 f3 0f 5d fa f3 45 0f 5c c1
0x00007ffad001cbdd:   f3 41 0f 5c fa 44 0f 2f c6 77 04 45 0f 57 c0 0f
0x00007ffad001cbed:   2f fe 77 03 0f 57 ff ba 01 00 00 00 f3 44 0f 11
0x00007ffad001cbfd:   4d a0 48 8d 4d 98 f3 44 0f 11 55 a4 f3 44 0f 11
0x00007ffad001cc0d:   45 a8 f3 0f 11 7d ac 44 8d 42 1f e8 b3 6f fe ff
0x00007ffad001cc1d:   48 8b d0 48 85 c0 74 2c f3 41 0f 2c c9 f3 44 0f
0x00007ffad001cc2d:   5f c6 66 89 48 18 f3 0f 5f fe f3 41 0f 2c ca 66
0x00007ffad001cc3d:   89 48 1a f3 41 0f 2c c8 66 89 48 1c f3 0f 2c c7
0x00007ffad001cc4d:   66 89 42 1e 48 8b 83 b8 45 00 00 48 85 c0 74 43
0x00007ffad001cc5d:   48 8b 88 a8 00 00 00 48 85 c9 74 2c 83 39 01 75
0x00007ffad001cc6d:   09 f7 40 48 00 20 00 00 75 1e 48 8b cb e8 d1 a9
0x00007ffad001cc7d:   ff ff 48 8b 93 b8 45 00 00 48 8b cb 48 8b 92 a8
0x00007ffad001cc8d:   00 00 00 e8 9b 95 ff ff 48 c7 83 b8 45 00 00 00
0x00007ffad001cc9d:   00 00 00 0f 10 45 98 41 0f 11 06 0f 10 4d a8 41 


Stack slot to memory mapping:
stack at sp + 0 slots: 0x0000000000000001 is an unknown value
stack at sp + 1 slots: 0x00007ffa941758e6 jvm.dll
stack at sp + 2 slots: 0x0 is NULL
stack at sp + 3 slots: 0x0000000000000400 is an unknown value
stack at sp + 4 slots: 0x0000000000000001 is an unknown value
stack at sp + 5 slots: 0x0 is NULL
stack at sp + 6 slots: 0x0 is NULL
stack at sp + 7 slots: 0x0 is NULL


Compiled method (c1)   12087 5301       3       com.xbuilders.game.Main::render (22 bytes)
 total in heap  [0x00000256dbc4ae10,0x00000256dbc4b2e8] = 1240
 relocation     [0x00000256dbc4af68,0x00000256dbc4afc8] = 96
 main code      [0x00000256dbc4afe0,0x00000256dbc4b1c0] = 480
 stub code      [0x00000256dbc4b1c0,0x00000256dbc4b218] = 88
 oops           [0x00000256dbc4b218,0x00000256dbc4b220] = 8
 metadata       [0x00000256dbc4b220,0x00000256dbc4b238] = 24
 scopes data    [0x00000256dbc4b238,0x00000256dbc4b258] = 32
 scopes pcs     [0x00000256dbc4b258,0x00000256dbc4b2c8] = 112
 dependencies   [0x00000256dbc4b2c8,0x00000256dbc4b2d0] = 8
 nul chk table  [0x00000256dbc4b2d0,0x00000256dbc4b2e8] = 24

[Constant Pool (empty)]

[MachCode]
[Entry Point]
  # {method} {0x00000256f8406230} 'render' '()V' in 'com/xbuilders/game/Main'
  #           [sp+0x40]  (sp of caller)
  0x00000256dbc4afe0: 448b 5208 | 49bb 0000 | 0080 5602 | 0000 4d03 | d34c 3bd0 

  0x00000256dbc4aff4: ;   {runtime_call ic_miss_stub}
  0x00000256dbc4aff4: 0f85 8660 | 1007 660f | 1f44 0000 
[Verified Entry Point]
  0x00000256dbc4b000: 8984 2400 | 90ff ff55 | 4883 ec30 

  0x00000256dbc4b00c: ;   {metadata(method data for {method} {0x00000256f8406230} 'render' '()V' in 'com/xbuilders/game/Main')}
  0x00000256dbc4b00c: 48be 0092 | 43f9 5602 | 0000 8bbe | cc00 0000 | 83c7 0289 | becc 0000 | 0081 e7fe | 0700 0083 
  0x00000256dbc4b02c: ff00 0f84 | 0b01 0000 

  0x00000256dbc4b034: ;   {oop(a 'java/lang/Class'{0x000000070ace1a58} = 'com/xbuilders/game/Main')}
  0x00000256dbc4b034: 48ba 581a | ce0a 0700 | 0000 0fbe | 9298 0000 | 0083 fa00 

  0x00000256dbc4b048: ;   {metadata(method data for {method} {0x00000256f8406230} 'render' '()V' in 'com/xbuilders/game/Main')}
  0x00000256dbc4b048: 48ba 0092 | 43f9 5602 | 0000 48be | 1001 0000 | 0000 0000 | 0f84 0a00 | 0000 48be | 2001 0000 
  0x00000256dbc4b068: 0000 0000 | 488b 3c32 | 488d 7f01 | 4889 3c32 | 0f84 6900 

  0x00000256dbc4b07c: ;   {oop(a 'java/lang/Class'{0x000000070ace1a58} = 'com/xbuilders/game/Main')}
  0x00000256dbc4b07c: 0000 48ba | 581a ce0a | 0700 0000 | 8b92 8c00 | 0000 48c1 | e203 483b | 0248 8bf2 

  0x00000256dbc4b098: ;   {metadata(method data for {method} {0x00000256f8406230} 'render' '()V' in 'com/xbuilders/game/Main')}
  0x00000256dbc4b098: 48bf 0092 | 43f9 5602 

  0x00000256dbc4b0a0: ;   {metadata('com/xbuilders/engine/gameScene/GameScene')}
  0x00000256dbc4b0a0: 0000 49ba | 988c 1881 | 5602 0000 | 4c89 9740 | 0100 0048 | 8387 4801 | 0000 010f 

  0x00000256dbc4b0bc: ;   {optimized virtual_call}
  0x00000256dbc4b0bc: 1f40 00e8 

  0x00000256dbc4b0c0: ; ImmutableOopMap {}
                      ;*invokevirtual render {reexecute=0 rethrow=0 return_oop=0}
                      ; - com.xbuilders.game.Main::render@9 (line 170)
  0x00000256dbc4b0c0: 0101 0000 

  0x00000256dbc4b0c4: ;   {metadata(method data for {method} {0x00000256f8406230} 'render' '()V' in 'com/xbuilders/game/Main')}
  0x00000256dbc4b0c4: 48ba 0092 | 43f9 5602 | 0000 ff82 | 6801 0000 | 4883 c430 

  0x00000256dbc4b0d8: ;   {poll_return}
  0x00000256dbc4b0d8: 5d49 3ba7 | 5003 0000 | 0f87 7f00 

  0x00000256dbc4b0e4: ;   {oop(a 'java/lang/Class'{0x000000070ace1a58} = 'com/xbuilders/game/Main')}
  0x00000256dbc4b0e4: 0000 c348 | ba58 1ace | 0a07 0000 | 008b 9288 | 0000 0048 | c1e2 0348 | 3b02 488b 

  0x00000256dbc4b100: ;   {metadata(method data for {method} {0x00000256f8406230} 'render' '()V' in 'com/xbuilders/game/Main')}
  0x00000256dbc4b100: f248 bf00 | 9243 f956 

  0x00000256dbc4b108: ;   {metadata('com/xbuilders/engine/ui/topMenu/TopMenu')}
  0x00000256dbc4b108: 0200 0049 | ba30 8418 | 8156 0200 | 004c 8997 | 9001 0000 | 4883 8798 | 0100 0001 

  0x00000256dbc4b124: ;   {optimized virtual_call}
  0x00000256dbc4b124: 6666 90e8 

  0x00000256dbc4b128: ; ImmutableOopMap {}
                      ;*invokevirtual render {reexecute=0 rethrow=0 return_oop=0}
                      ; - com.xbuilders.game.Main::render@18 (line 172)
  0x00000256dbc4b128: b4e5 4d00 | 4883 c430 

  0x00000256dbc4b130: ;   {poll_return}
  0x00000256dbc4b130: 5d49 3ba7 | 5003 0000 | 0f87 4200 

  0x00000256dbc4b13c: ;   {metadata({method} {0x00000256f8406230} 'render' '()V' in 'com/xbuilders/game/Main')}
  0x00000256dbc4b13c: 0000 c349 | ba28 6240 | f856 0200 | 004c 8954 | 2408 48c7 | 0424 ffff 

  0x00000256dbc4b154: ;   {runtime_call counter_overflow Runtime1 stub}
  0x00000256dbc4b154: ffff e825 

  0x00000256dbc4b158: ; ImmutableOopMap {rdx=Oop }
                      ;*synchronization entry
                      ; - com.xbuilders.game.Main::render@-1 (line 169)
  0x00000256dbc4b158: fb1a 07e9 | d4fe ffff 

  0x00000256dbc4b160: ;   {runtime_call throw_null_pointer_exception Runtime1 stub}
  0x00000256dbc4b160: e83b aa1a 

  0x00000256dbc4b164: ; ImmutableOopMap {rdx=Oop }
                      ;*invokevirtual render {reexecute=0 rethrow=0 return_oop=0}
                      ; - com.xbuilders.game.Main::render@9 (line 170)
                      ;   {internal_word}
  0x00000256dbc4b164: 0749 bad9 | b0c4 db56 | 0200 004d | 8997 6803 

  0x00000256dbc4b174: ;   {runtime_call SafepointBlob}
  0x00000256dbc4b174: 0000 e985 

  0x00000256dbc4b178: ;   {runtime_call throw_null_pointer_exception Runtime1 stub}
  0x00000256dbc4b178: c810 07e8 

  0x00000256dbc4b17c: ; ImmutableOopMap {rdx=Oop }
                      ;*invokevirtual render {reexecute=0 rethrow=0 return_oop=0}
                      ; - com.xbuilders.game.Main::render@18 (line 172)
  0x00000256dbc4b17c: 20aa 1a07 

  0x00000256dbc4b180: ;   {internal_word}
  0x00000256dbc4b180: 49ba 31b1 | c4db 5602 | 0000 4d89 | 9768 0300 

  0x00000256dbc4b190: ;   {runtime_call SafepointBlob}
  0x00000256dbc4b190: 00e9 6ac8 | 1007 9090 | 498b 87e0 | 0300 0049 | c787 e003 | 0000 0000 | 0000 49c7 | 87e8 0300 
  0x00000256dbc4b1b0: 0000 0000 | 0048 83c4 

  0x00000256dbc4b1b8: ;   {runtime_call unwind_exception Runtime1 stub}
  0x00000256dbc4b1b8: 305d e9c1 | 9a1a 07f4 
[Stub Code]
  0x00000256dbc4b1c0: ;   {no_reloc}
  0x00000256dbc4b1c0: 0f1f 4400 

  0x00000256dbc4b1c4: ;   {static_stub}
  0x00000256dbc4b1c4: 0048 bb00 | 6cc8 f856 

  0x00000256dbc4b1cc: ;   {runtime_call I2C/C2I adapters}
  0x00000256dbc4b1cc: 0200 00e9 | 85ab 1007 

  0x00000256dbc4b1d4: ;   {static_stub}
  0x00000256dbc4b1d4: 9048 bb00 | 0000 0000 

  0x00000256dbc4b1dc: ;   {runtime_call}
  0x00000256dbc4b1dc: 0000 00e9 | fbff ffff 
[Exception Handler]
  0x00000256dbc4b1e4: ;   {runtime_call handle_exception_from_callee Runtime1 stub}
  0x00000256dbc4b1e4: e897 c71a 

  0x00000256dbc4b1e8: ;   {external_word}
  0x00000256dbc4b1e8: 0748 b940 | 9a88 94fa | 7f00 0048 

  0x00000256dbc4b1f4: ;   {runtime_call}
  0x00000256dbc4b1f4: 83e4 f049 | ba20 2751 | 94fa 7f00 | 0041 ffd2 

  0x00000256dbc4b204: ;   {section_word}
  0x00000256dbc4b204: f449 ba05 | b2c4 db56 | 0200 0041 

  0x00000256dbc4b210: ;   {runtime_call DeoptimizationBlob}
  0x00000256dbc4b210: 52e9 8aba | 1007 f4f4 
[/MachCode]


---------------  P R O C E S S  ---------------

Threads class SMR info:
_java_thread_list=0x0000025716021d10, length=36, elements={
0x00000256d25d8f00, 0x00000256f7af2b00, 0x00000256f7af3780, 0x00000256f7b03bb0,
0x00000256f7b046d0, 0x00000256f7b05090, 0x00000256f7b05a50, 0x00000256f7b0fc20,
0x00000256f7b10ce0, 0x00000256f7b116e0, 0x00000256f7bdc760, 0x00000256f7c1e3a0,
0x00000256f7d207e0, 0x00000256f7d20cc0, 0x00000256fc796ae0, 0x00000256fd012010,
0x00000256fd012c90, 0x00000256fd2e71a0, 0x00000256fd4d7ab0, 0x00000256fd4d7fc0,
0x00000256fd4d84d0, 0x00000256fd4d89e0, 0x00000256fd4d8ef0, 0x00000256fd4d9400,
0x00000256d14b4a00, 0x00000256d14ba520, 0x00000256d14b3fe0, 0x00000256d14b44f0,
0x00000256d14b4f10, 0x00000256d14b5420, 0x00000256d14b7280, 0x00000256d14b6350,
0x00000256d14b6860, 0x00000256cafcf920, 0x000002571ac67010, 0x00000256cbbec4a0
}

Java Threads: ( => current thread )
=>0x00000256d25d8f00 JavaThread "main" [_thread_in_native, id=17736, stack(0x0000008319d00000,0x0000008319e00000)]
  0x00000256f7af2b00 JavaThread "Reference Handler" daemon [_thread_blocked, id=30936, stack(0x000000831a400000,0x000000831a500000)]
  0x00000256f7af3780 JavaThread "Finalizer" daemon [_thread_blocked, id=9704, stack(0x000000831a500000,0x000000831a600000)]
  0x00000256f7b03bb0 JavaThread "Signal Dispatcher" daemon [_thread_blocked, id=27436, stack(0x000000831a600000,0x000000831a700000)]
  0x00000256f7b046d0 JavaThread "Attach Listener" daemon [_thread_blocked, id=27012, stack(0x000000831a700000,0x000000831a800000)]
  0x00000256f7b05090 JavaThread "Service Thread" daemon [_thread_blocked, id=11524, stack(0x000000831a800000,0x000000831a900000)]
  0x00000256f7b05a50 JavaThread "Monitor Deflation Thread" daemon [_thread_blocked, id=20196, stack(0x000000831a900000,0x000000831aa00000)]
  0x00000256f7b0fc20 JavaThread "C2 CompilerThread0" daemon [_thread_blocked, id=17076, stack(0x000000831aa00000,0x000000831ab00000)]
  0x00000256f7b10ce0 JavaThread "C1 CompilerThread0" daemon [_thread_blocked, id=30516, stack(0x000000831ab00000,0x000000831ac00000)]
  0x00000256f7b116e0 JavaThread "Sweeper thread" daemon [_thread_blocked, id=26468, stack(0x000000831ac00000,0x000000831ad00000)]
  0x00000256f7bdc760 JavaThread "Common-Cleaner" daemon [_thread_blocked, id=13336, stack(0x000000831ad00000,0x000000831ae00000)]
  0x00000256f7c1e3a0 JavaThread "C1 CompilerThread1" daemon [_thread_blocked, id=25864, stack(0x000000831ae00000,0x000000831af00000)]
  0x00000256f7d207e0 JavaThread "Monitor Ctrl-Break" daemon [_thread_in_native, id=12300, stack(0x000000831b200000,0x000000831b300000)]
  0x00000256f7d20cc0 JavaThread "Notification Thread" daemon [_thread_blocked, id=2520, stack(0x000000831b300000,0x000000831b400000)]
  0x00000256fc796ae0 JavaThread "Java2D Disposer" daemon [_thread_blocked, id=29436, stack(0x000000831b500000,0x000000831b600000)]
  0x00000256fd012010 JavaThread "AWT-Shutdown" [_thread_blocked, id=11976, stack(0x000000831b600000,0x000000831b700000)]
  0x00000256fd012c90 JavaThread "AWT-Windows" daemon [_thread_in_native, id=15828, stack(0x000000831b700000,0x000000831b800000)]
  0x00000256fd2e71a0 JavaThread "AWT-EventQueue-0" [_thread_blocked, id=12616, stack(0x000000831b000000,0x000000831b100000)]
  0x00000256fd4d7ab0 JavaThread "D3D Screen Updater" daemon [_thread_blocked, id=2248, stack(0x000000831c500000,0x000000831c600000)]
  0x00000256fd4d7fc0 JavaThread "Generation Thread" daemon [_thread_blocked, id=24480, stack(0x000000831d900000,0x000000831da00000)]
  0x00000256fd4d84d0 JavaThread "Generation Thread" daemon [_thread_blocked, id=4812, stack(0x000000831da00000,0x000000831db00000)]
  0x00000256fd4d89e0 JavaThread "Generation Thread" daemon [_thread_blocked, id=31860, stack(0x000000831db00000,0x000000831dc00000)]
  0x00000256fd4d8ef0 JavaThread "Generation Thread" daemon [_thread_blocked, id=20052, stack(0x000000831dc00000,0x000000831dd00000)]
  0x00000256fd4d9400 JavaThread "Generation Thread" daemon [_thread_blocked, id=18760, stack(0x000000831dd00000,0x000000831de00000)]
  0x00000256d14b4a00 JavaThread "Generation Thread" daemon [_thread_blocked, id=30288, stack(0x000000831de00000,0x000000831df00000)]
  0x00000256d14ba520 JavaThread "Generation Thread" daemon [_thread_blocked, id=16068, stack(0x000000831df00000,0x000000831e000000)]
  0x00000256d14b3fe0 JavaThread "Generation Thread" daemon [_thread_blocked, id=17792, stack(0x000000831e000000,0x000000831e100000)]
  0x00000256d14b44f0 JavaThread "Generation Thread" daemon [_thread_blocked, id=21340, stack(0x000000831e100000,0x000000831e200000)]
  0x00000256d14b4f10 JavaThread "Generation Thread" daemon [_thread_blocked, id=28428, stack(0x000000831e200000,0x000000831e300000)]
  0x00000256d14b5420 JavaThread "Generation Thread" daemon [_thread_blocked, id=27176, stack(0x000000831e300000,0x000000831e400000)]
  0x00000256d14b7280 JavaThread "Generation Thread" daemon [_thread_blocked, id=16512, stack(0x000000831e400000,0x000000831e500000)]
  0x00000256d14b6350 JavaThread "Light Thread" daemon [_thread_blocked, id=11192, stack(0x000000831e800000,0x000000831e900000)]
  0x00000256d14b6860 JavaThread "Mesh Thread" daemon [_thread_blocked, id=25664, stack(0x000000831e900000,0x000000831ea00000)]
  0x00000256cafcf920 JavaThread "C1 CompilerThread2" daemon [_thread_blocked, id=4684, stack(0x000000831d500000,0x000000831d600000)]
  0x000002571ac67010 JavaThread "C1 CompilerThread3" daemon [_thread_blocked, id=23144, stack(0x000000831af00000,0x000000831b000000)]
  0x00000256cbbec4a0 JavaThread "C2 CompilerThread1" daemon [_thread_blocked, id=18532, stack(0x000000831d100000,0x000000831d200000)]

Other Threads:
  0x00000256f7aedff0 VMThread "VM Thread" [stack: 0x000000831a300000,0x000000831a400000] [id=18732]
  0x00000256fc3f1460 WatcherThread [stack: 0x000000831b400000,0x000000831b500000] [id=3444]
  0x00000256d2641df0 GCTaskThread "GC Thread#0" [stack: 0x0000008319e00000,0x0000008319f00000] [id=15996]
  0x00000256fd4900a0 GCTaskThread "GC Thread#1" [stack: 0x000000831c600000,0x000000831c700000] [id=9920]
  0x00000256fd46dae0 GCTaskThread "GC Thread#2" [stack: 0x000000831c700000,0x000000831c800000] [id=30052]
  0x00000256fd46dda0 GCTaskThread "GC Thread#3" [stack: 0x000000831c800000,0x000000831c900000] [id=3148]
  0x00000256fd5017f0 GCTaskThread "GC Thread#4" [stack: 0x000000831c900000,0x000000831ca00000] [id=23396]
  0x00000256fd501ab0 GCTaskThread "GC Thread#5" [stack: 0x000000831ca00000,0x000000831cb00000] [id=5356]
  0x00000256fd52e110 GCTaskThread "GC Thread#6" [stack: 0x000000831cb00000,0x000000831cc00000] [id=20904]
  0x00000256fd52e7e0 GCTaskThread "GC Thread#7" [stack: 0x000000831cc00000,0x000000831cd00000] [id=32632]
  0x00000256fd52eeb0 GCTaskThread "GC Thread#8" [stack: 0x000000831cd00000,0x000000831ce00000] [id=12988]
  0x00000256fd52f170 GCTaskThread "GC Thread#9" [stack: 0x000000831ce00000,0x000000831cf00000] [id=32392]
  0x00000256fd4b45a0 GCTaskThread "GC Thread#10" [stack: 0x000000831cf00000,0x000000831d000000] [id=16272]
  0x00000256c8844cc0 GCTaskThread "GC Thread#11" [stack: 0x000000831d300000,0x000000831d400000] [id=18072]
  0x00000256c88441c0 GCTaskThread "GC Thread#12" [stack: 0x000000831d400000,0x000000831d500000] [id=9820]
  0x00000256d2652280 ConcurrentGCThread "G1 Main Marker" [stack: 0x0000008319f00000,0x000000831a000000] [id=2572]
  0x00000256d2653cb0 ConcurrentGCThread "G1 Conc#0" [stack: 0x000000831a000000,0x000000831a100000] [id=23416]
  0x00000256c8845500 ConcurrentGCThread "G1 Conc#1" [stack: 0x000000831d700000,0x000000831d800000] [id=20280]
  0x00000256c88457c0 ConcurrentGCThread "G1 Conc#2" [stack: 0x000000831d800000,0x000000831d900000] [id=21556]
  0x00000256d267e8d0 ConcurrentGCThread "G1 Refine#0" [stack: 0x000000831a100000,0x000000831a200000] [id=5000]
  0x00000256f7555fa0 ConcurrentGCThread "G1 Service" [stack: 0x000000831a200000,0x000000831a300000] [id=17548]

Threads with active compile tasks:

VM state: not at safepoint (normal execution)

VM Mutex/Monitor currently owned by a thread: None

Heap address: 0x000000070ac00000, size: 3924 MB, Compressed Oops mode: Zero based, Oop shift amount: 3

CDS archive(s) mapped at: [0x0000025680000000-0x0000025680bb0000-0x0000025680bb0000), size 12255232, SharedBaseAddress: 0x0000025680000000, ArchiveRelocationMode: 1.
Compressed class space mapped at: 0x0000025681000000-0x00000256c1000000, reserved size: 1073741824
Narrow klass base: 0x0000025680000000, Narrow klass shift: 0, Narrow klass range: 0x100000000

GC Precious Log:
 CPUs: 16 total, 16 available
 Memory: 15695M
 Large Page Support: Disabled
 NUMA Support: Disabled
 Compressed Oops: Enabled (Zero based)
 Heap Region Size: 2M
 Heap Min Capacity: 8M
 Heap Initial Capacity: 246M
 Heap Max Capacity: 3924M
 Pre-touch: Disabled
 Parallel Workers: 13
 Concurrent Workers: 3
 Concurrent Refinement Workers: 13
 Periodic GC: Disabled

Heap:
 garbage-first heap   total 471040K, used 237652K [0x000000070ac00000, 0x0000000800000000)
  region size 2048K, 36 young (73728K), 8 survivors (16384K)
 Metaspace       used 24020K, committed 24320K, reserved 1114112K
  class space    used 2030K, committed 2176K, reserved 1048576K

Heap Regions: E=young(eden), S=young(survivor), O=old, HS=humongous(starts), HC=humongous(continues), CS=collection set, F=free, OA=open archive, CA=closed archive, TAMS=top-at-mark-start (previous, next)
|   0|0x000000070ac00000, 0x000000070ae00000, 0x000000070ae00000|100%| O|  |TAMS 0x000000070ae00000, 0x000000070ac00000| Untracked 
|   1|0x000000070ae00000, 0x000000070b000000, 0x000000070b000000|100%| O|  |TAMS 0x000000070b000000, 0x000000070ae00000| Untracked 
|   2|0x000000070b000000, 0x000000070b200000, 0x000000070b200000|100%| O|  |TAMS 0x000000070b200000, 0x000000070b000000| Untracked 
|   3|0x000000070b200000, 0x000000070b400000, 0x000000070b400000|100%| O|  |TAMS 0x000000070b400000, 0x000000070b200000| Untracked 
|   4|0x000000070b400000, 0x000000070b600000, 0x000000070b600000|100%| O|  |TAMS 0x000000070b600000, 0x000000070b400000| Untracked 
|   5|0x000000070b600000, 0x000000070b800000, 0x000000070b800000|100%| O|  |TAMS 0x000000070b600000, 0x000000070b600000| Untracked 
|   6|0x000000070b800000, 0x000000070ba00000, 0x000000070ba00000|100%| O|  |TAMS 0x000000070ba00000, 0x000000070b800000| Untracked 
|   7|0x000000070ba00000, 0x000000070bc00000, 0x000000070bc00000|100%| O|  |TAMS 0x000000070bc00000, 0x000000070ba00000| Untracked 
|   8|0x000000070bc00000, 0x000000070be00000, 0x000000070be00000|100%| O|  |TAMS 0x000000070be00000, 0x000000070bc00000| Untracked 
|   9|0x000000070be00000, 0x000000070c000000, 0x000000070c000000|100%| O|  |TAMS 0x000000070c000000, 0x000000070be00000| Untracked 
|  10|0x000000070c000000, 0x000000070c200000, 0x000000070c200000|100%| O|  |TAMS 0x000000070c200000, 0x000000070c000000| Untracked 
|  11|0x000000070c200000, 0x000000070c400000, 0x000000070c400000|100%| O|  |TAMS 0x000000070c400000, 0x000000070c200000| Untracked 
|  12|0x000000070c400000, 0x000000070c600000, 0x000000070c600000|100%| O|  |TAMS 0x000000070c600000, 0x000000070c400000| Untracked 
|  13|0x000000070c600000, 0x000000070c800000, 0x000000070c800000|100%| O|  |TAMS 0x000000070c800000, 0x000000070c600000| Untracked 
|  14|0x000000070c800000, 0x000000070ca00000, 0x000000070ca00000|100%| O|  |TAMS 0x000000070ca00000, 0x000000070c800000| Untracked 
|  15|0x000000070ca00000, 0x000000070cc00000, 0x000000070cc00000|100%| O|  |TAMS 0x000000070cc00000, 0x000000070ca00000| Untracked 
|  16|0x000000070cc00000, 0x000000070ce00000, 0x000000070ce00000|100%| O|  |TAMS 0x000000070ce00000, 0x000000070cc00000| Untracked 
|  17|0x000000070ce00000, 0x000000070d000000, 0x000000070d000000|100%| O|  |TAMS 0x000000070d000000, 0x000000070ce00000| Untracked 
|  18|0x000000070d000000, 0x000000070d200000, 0x000000070d200000|100%| O|  |TAMS 0x000000070d200000, 0x000000070d000000| Untracked 
|  19|0x000000070d200000, 0x000000070d400000, 0x000000070d400000|100%| O|  |TAMS 0x000000070d400000, 0x000000070d200000| Untracked 
|  20|0x000000070d400000, 0x000000070d600000, 0x000000070d600000|100%| O|  |TAMS 0x000000070d600000, 0x000000070d400000| Untracked 
|  21|0x000000070d600000, 0x000000070d800000, 0x000000070d800000|100%| O|  |TAMS 0x000000070d800000, 0x000000070d600000| Untracked 
|  22|0x000000070d800000, 0x000000070da00000, 0x000000070da00000|100%| O|  |TAMS 0x000000070da00000, 0x000000070d800000| Untracked 
|  23|0x000000070da00000, 0x000000070dc00000, 0x000000070dc00000|100%| O|  |TAMS 0x000000070dc00000, 0x000000070da00000| Untracked 
|  24|0x000000070dc00000, 0x000000070de00000, 0x000000070de00000|100%| O|  |TAMS 0x000000070de00000, 0x000000070dc00000| Untracked 
|  25|0x000000070de00000, 0x000000070e000000, 0x000000070e000000|100%| O|  |TAMS 0x000000070e000000, 0x000000070de00000| Untracked 
|  26|0x000000070e000000, 0x000000070e200000, 0x000000070e200000|100%| O|  |TAMS 0x000000070e200000, 0x000000070e000000| Untracked 
|  27|0x000000070e200000, 0x000000070e400000, 0x000000070e400000|100%| O|  |TAMS 0x000000070e400000, 0x000000070e200000| Untracked 
|  28|0x000000070e400000, 0x000000070e600000, 0x000000070e600000|100%| O|  |TAMS 0x000000070e600000, 0x000000070e400000| Untracked 
|  29|0x000000070e600000, 0x000000070e800000, 0x000000070e800000|100%| O|  |TAMS 0x000000070e800000, 0x000000070e600000| Untracked 
|  30|0x000000070e800000, 0x000000070ea00000, 0x000000070ea00000|100%| O|  |TAMS 0x000000070ea00000, 0x000000070e800000| Untracked 
|  31|0x000000070ea00000, 0x000000070ec00000, 0x000000070ec00000|100%| O|  |TAMS 0x000000070ec00000, 0x000000070ea00000| Untracked 
|  32|0x000000070ec00000, 0x000000070ee00000, 0x000000070ee00000|100%| O|  |TAMS 0x000000070ee00000, 0x000000070ec00000| Untracked 
|  33|0x000000070ee00000, 0x000000070f000000, 0x000000070f000000|100%| O|  |TAMS 0x000000070f000000, 0x000000070ee00000| Untracked 
|  34|0x000000070f000000, 0x000000070f200000, 0x000000070f200000|100%| O|  |TAMS 0x000000070f200000, 0x000000070f000000| Untracked 
|  35|0x000000070f200000, 0x000000070f400000, 0x000000070f400000|100%| O|  |TAMS 0x000000070f400000, 0x000000070f200000| Untracked 
|  36|0x000000070f400000, 0x000000070f600000, 0x000000070f600000|100%| O|  |TAMS 0x000000070f600000, 0x000000070f400000| Untracked 
|  37|0x000000070f600000, 0x000000070f800000, 0x000000070f800000|100%| O|  |TAMS 0x000000070f800000, 0x000000070f600000| Untracked 
|  38|0x000000070f800000, 0x000000070fa00000, 0x000000070fa00000|100%| O|  |TAMS 0x000000070fa00000, 0x000000070f800000| Untracked 
|  39|0x000000070fa00000, 0x000000070fc00000, 0x000000070fc00000|100%| O|  |TAMS 0x000000070fc00000, 0x000000070fa00000| Untracked 
|  40|0x000000070fc00000, 0x000000070fe00000, 0x000000070fe00000|100%| O|  |TAMS 0x000000070fe00000, 0x000000070fc00000| Untracked 
|  41|0x000000070fe00000, 0x0000000710000000, 0x0000000710000000|100%| O|  |TAMS 0x0000000710000000, 0x000000070fe00000| Untracked 
|  42|0x0000000710000000, 0x0000000710200000, 0x0000000710200000|100%| O|  |TAMS 0x0000000710200000, 0x0000000710000000| Untracked 
|  43|0x0000000710200000, 0x0000000710400000, 0x0000000710400000|100%| O|  |TAMS 0x0000000710400000, 0x0000000710200000| Untracked 
|  44|0x0000000710400000, 0x0000000710600000, 0x0000000710600000|100%| O|  |TAMS 0x0000000710600000, 0x0000000710400000| Untracked 
|  45|0x0000000710600000, 0x0000000710800000, 0x0000000710800000|100%| O|  |TAMS 0x0000000710800000, 0x0000000710600000| Untracked 
|  46|0x0000000710800000, 0x0000000710a00000, 0x0000000710a00000|100%| O|  |TAMS 0x0000000710a00000, 0x0000000710800000| Untracked 
|  47|0x0000000710a00000, 0x0000000710c00000, 0x0000000710c00000|100%| O|  |TAMS 0x0000000710c00000, 0x0000000710a00000| Untracked 
|  48|0x0000000710c00000, 0x0000000710e00000, 0x0000000710e00000|100%| O|  |TAMS 0x0000000710e00000, 0x0000000710c00000| Untracked 
|  49|0x0000000710e00000, 0x0000000711000000, 0x0000000711000000|100%| O|  |TAMS 0x0000000711000000, 0x0000000710e00000| Untracked 
|  50|0x0000000711000000, 0x0000000711200000, 0x0000000711200000|100%| O|  |TAMS 0x0000000711200000, 0x0000000711000000| Untracked 
|  51|0x0000000711200000, 0x0000000711400000, 0x0000000711400000|100%| O|  |TAMS 0x0000000711400000, 0x0000000711200000| Untracked 
|  52|0x0000000711400000, 0x0000000711600000, 0x0000000711600000|100%| O|  |TAMS 0x0000000711600000, 0x0000000711400000| Untracked 
|  53|0x0000000711600000, 0x0000000711800000, 0x0000000711800000|100%| O|  |TAMS 0x0000000711800000, 0x0000000711600000| Untracked 
|  54|0x0000000711800000, 0x0000000711a00000, 0x0000000711a00000|100%| O|  |TAMS 0x0000000711872400, 0x0000000711800000| Untracked 
|  55|0x0000000711a00000, 0x0000000711c00000, 0x0000000711c00000|100%| O|  |TAMS 0x0000000711a00000, 0x0000000711a00000| Untracked 
|  56|0x0000000711c00000, 0x0000000711e00000, 0x0000000711e00000|100%| O|  |TAMS 0x0000000711c00000, 0x0000000711c00000| Untracked 
|  57|0x0000000711e00000, 0x0000000712000000, 0x0000000712000000|100%| O|  |TAMS 0x0000000711e00000, 0x0000000711e00000| Untracked 
|  58|0x0000000712000000, 0x0000000712078200, 0x0000000712200000| 23%| O|  |TAMS 0x0000000712000000, 0x0000000712000000| Untracked 
|  59|0x0000000712200000, 0x0000000712400000, 0x0000000712400000|100%| O|  |TAMS 0x0000000712200000, 0x0000000712200000| Untracked 
|  60|0x0000000712400000, 0x0000000712600000, 0x0000000712600000|100%| O|  |TAMS 0x0000000712400000, 0x0000000712400000| Untracked 
|  61|0x0000000712600000, 0x0000000712800000, 0x0000000712800000|100%| O|  |TAMS 0x0000000712600000, 0x0000000712600000| Untracked 
|  62|0x0000000712800000, 0x0000000712a00000, 0x0000000712a00000|100%| O|  |TAMS 0x0000000712800000, 0x0000000712800000| Untracked 
|  63|0x0000000712a00000, 0x0000000712c00000, 0x0000000712c00000|100%| O|  |TAMS 0x0000000712a00000, 0x0000000712a00000| Untracked 
|  64|0x0000000712c00000, 0x0000000712e00000, 0x0000000712e00000|100%| O|  |TAMS 0x0000000712c00000, 0x0000000712c00000| Untracked 
|  65|0x0000000712e00000, 0x0000000713000000, 0x0000000713000000|100%| O|  |TAMS 0x0000000712e00000, 0x0000000712e00000| Untracked 
|  66|0x0000000713000000, 0x0000000713200000, 0x0000000713200000|100%| O|  |TAMS 0x0000000713000000, 0x0000000713000000| Untracked 
|  67|0x0000000713200000, 0x0000000713400000, 0x0000000713400000|100%| O|  |TAMS 0x0000000713200000, 0x0000000713200000| Untracked 
|  68|0x0000000713400000, 0x0000000713600000, 0x0000000713600000|100%| O|  |TAMS 0x0000000713400000, 0x0000000713400000| Untracked 
|  69|0x0000000713600000, 0x0000000713800000, 0x0000000713800000|100%| O|  |TAMS 0x0000000713600000, 0x0000000713600000| Untracked 
|  70|0x0000000713800000, 0x0000000713a00000, 0x0000000713a00000|100%| O|  |TAMS 0x0000000713800000, 0x0000000713800000| Untracked 
|  71|0x0000000713a00000, 0x0000000713c00000, 0x0000000713c00000|100%| O|  |TAMS 0x0000000713a00000, 0x0000000713a00000| Untracked 
|  72|0x0000000713c00000, 0x0000000713e00000, 0x0000000713e00000|100%| O|  |TAMS 0x0000000713c00000, 0x0000000713c00000| Untracked 
|  73|0x0000000713e00000, 0x0000000714000000, 0x0000000714000000|100%| O|  |TAMS 0x0000000713e00000, 0x0000000713e00000| Untracked 
|  74|0x0000000714000000, 0x0000000714200000, 0x0000000714200000|100%| O|  |TAMS 0x0000000714000000, 0x0000000714000000| Untracked 
|  75|0x0000000714200000, 0x0000000714400000, 0x0000000714400000|100%| O|  |TAMS 0x0000000714200000, 0x0000000714200000| Untracked 
|  76|0x0000000714400000, 0x0000000714600000, 0x0000000714600000|100%| O|  |TAMS 0x0000000714400000, 0x0000000714400000| Untracked 
|  77|0x0000000714600000, 0x0000000714800000, 0x0000000714800000|100%| O|  |TAMS 0x0000000714600000, 0x0000000714600000| Untracked 
|  78|0x0000000714800000, 0x000000071480dc00, 0x0000000714a00000|  2%| O|  |TAMS 0x0000000714800000, 0x0000000714800000| Untracked 
|  79|0x0000000714a00000, 0x0000000714a00000, 0x0000000714c00000|  0%| F|  |TAMS 0x0000000714a00000, 0x0000000714a00000| Untracked 
|  80|0x0000000714c00000, 0x0000000714c00000, 0x0000000714e00000|  0%| F|  |TAMS 0x0000000714c00000, 0x0000000714c00000| Untracked 
|  81|0x0000000714e00000, 0x0000000714e00000, 0x0000000715000000|  0%| F|  |TAMS 0x0000000714e00000, 0x0000000714e00000| Untracked 
|  82|0x0000000715000000, 0x0000000715000000, 0x0000000715200000|  0%| F|  |TAMS 0x0000000715000000, 0x0000000715000000| Untracked 
|  83|0x0000000715200000, 0x0000000715200000, 0x0000000715400000|  0%| F|  |TAMS 0x0000000715200000, 0x0000000715200000| Untracked 
|  84|0x0000000715400000, 0x0000000715400000, 0x0000000715600000|  0%| F|  |TAMS 0x0000000715400000, 0x0000000715400000| Untracked 
|  85|0x0000000715600000, 0x0000000715600000, 0x0000000715800000|  0%| F|  |TAMS 0x0000000715600000, 0x0000000715600000| Untracked 
|  86|0x0000000715800000, 0x0000000715800000, 0x0000000715a00000|  0%| F|  |TAMS 0x0000000715800000, 0x0000000715800000| Untracked 
|  87|0x0000000715a00000, 0x0000000715a00000, 0x0000000715c00000|  0%| F|  |TAMS 0x0000000715a00000, 0x0000000715a00000| Untracked 
|  88|0x0000000715c00000, 0x0000000715c00000, 0x0000000715e00000|  0%| F|  |TAMS 0x0000000715c00000, 0x0000000715c00000| Untracked 
|  89|0x0000000715e00000, 0x0000000715e00000, 0x0000000716000000|  0%| F|  |TAMS 0x0000000715e00000, 0x0000000715e00000| Untracked 
|  90|0x0000000716000000, 0x0000000716000000, 0x0000000716200000|  0%| F|  |TAMS 0x0000000716000000, 0x0000000716000000| Untracked 
|  91|0x0000000716200000, 0x0000000716200000, 0x0000000716400000|  0%| F|  |TAMS 0x0000000716200000, 0x0000000716200000| Untracked 
|  92|0x0000000716400000, 0x0000000716400000, 0x0000000716600000|  0%| F|  |TAMS 0x0000000716400000, 0x0000000716400000| Untracked 
|  93|0x0000000716600000, 0x0000000716600000, 0x0000000716800000|  0%| F|  |TAMS 0x0000000716600000, 0x0000000716600000| Untracked 
|  94|0x0000000716800000, 0x0000000716800000, 0x0000000716a00000|  0%| F|  |TAMS 0x0000000716800000, 0x0000000716800000| Untracked 
|  95|0x0000000716a00000, 0x0000000716a00000, 0x0000000716c00000|  0%| F|  |TAMS 0x0000000716a00000, 0x0000000716a00000| Untracked 
|  96|0x0000000716c00000, 0x0000000716c00000, 0x0000000716e00000|  0%| F|  |TAMS 0x0000000716c00000, 0x0000000716c00000| Untracked 
|  97|0x0000000716e00000, 0x0000000716e00000, 0x0000000717000000|  0%| F|  |TAMS 0x0000000716e00000, 0x0000000716e00000| Untracked 
|  98|0x0000000717000000, 0x0000000717000000, 0x0000000717200000|  0%| F|  |TAMS 0x0000000717000000, 0x0000000717000000| Untracked 
|  99|0x0000000717200000, 0x0000000717200000, 0x0000000717400000|  0%| F|  |TAMS 0x0000000717200000, 0x0000000717200000| Untracked 
| 100|0x0000000717400000, 0x0000000717400000, 0x0000000717600000|  0%| F|  |TAMS 0x0000000717400000, 0x0000000717400000| Untracked 
| 101|0x0000000717600000, 0x0000000717600000, 0x0000000717800000|  0%| F|  |TAMS 0x0000000717600000, 0x0000000717600000| Untracked 
| 102|0x0000000717800000, 0x0000000717800000, 0x0000000717a00000|  0%| F|  |TAMS 0x0000000717800000, 0x0000000717800000| Untracked 
| 103|0x0000000717a00000, 0x0000000717a00000, 0x0000000717c00000|  0%| F|  |TAMS 0x0000000717a00000, 0x0000000717a00000| Untracked 
| 104|0x0000000717c00000, 0x0000000717c00000, 0x0000000717e00000|  0%| F|  |TAMS 0x0000000717c00000, 0x0000000717c00000| Untracked 
| 105|0x0000000717e00000, 0x0000000717e00000, 0x0000000718000000|  0%| F|  |TAMS 0x0000000717e00000, 0x0000000717e00000| Untracked 
| 106|0x0000000718000000, 0x0000000718000000, 0x0000000718200000|  0%| F|  |TAMS 0x0000000718000000, 0x0000000718000000| Untracked 
| 107|0x0000000718200000, 0x0000000718200000, 0x0000000718400000|  0%| F|  |TAMS 0x0000000718200000, 0x0000000718200000| Untracked 
| 108|0x0000000718400000, 0x0000000718400000, 0x0000000718600000|  0%| F|  |TAMS 0x0000000718400000, 0x0000000718400000| Untracked 
| 109|0x0000000718600000, 0x0000000718600000, 0x0000000718800000|  0%| F|  |TAMS 0x0000000718600000, 0x0000000718600000| Untracked 
| 110|0x0000000718800000, 0x0000000718800000, 0x0000000718a00000|  0%| F|  |TAMS 0x0000000718800000, 0x0000000718800000| Untracked 
| 111|0x0000000718a00000, 0x0000000718a00000, 0x0000000718c00000|  0%| F|  |TAMS 0x0000000718a00000, 0x0000000718a00000| Untracked 
| 112|0x0000000718c00000, 0x0000000718c00000, 0x0000000718e00000|  0%| F|  |TAMS 0x0000000718c00000, 0x0000000718c00000| Untracked 
| 113|0x0000000718e00000, 0x0000000718e00000, 0x0000000719000000|  0%| F|  |TAMS 0x0000000718e00000, 0x0000000718e00000| Untracked 
| 114|0x0000000719000000, 0x0000000719000000, 0x0000000719200000|  0%| F|  |TAMS 0x0000000719000000, 0x0000000719000000| Untracked 
| 115|0x0000000719200000, 0x0000000719200000, 0x0000000719400000|  0%| F|  |TAMS 0x0000000719200000, 0x0000000719200000| Untracked 
| 116|0x0000000719400000, 0x0000000719400000, 0x0000000719600000|  0%| F|  |TAMS 0x0000000719400000, 0x0000000719400000| Untracked 
| 117|0x0000000719600000, 0x0000000719600000, 0x0000000719800000|  0%| F|  |TAMS 0x0000000719600000, 0x0000000719600000| Untracked 
| 118|0x0000000719800000, 0x0000000719800000, 0x0000000719a00000|  0%| F|  |TAMS 0x0000000719800000, 0x0000000719800000| Untracked 
| 119|0x0000000719a00000, 0x0000000719a00000, 0x0000000719c00000|  0%| F|  |TAMS 0x0000000719a00000, 0x0000000719a00000| Untracked 
| 120|0x0000000719c00000, 0x0000000719c00000, 0x0000000719e00000|  0%| F|  |TAMS 0x0000000719c00000, 0x0000000719c00000| Untracked 
| 121|0x0000000719e00000, 0x0000000719e00000, 0x000000071a000000|  0%| F|  |TAMS 0x0000000719e00000, 0x0000000719e00000| Untracked 
| 122|0x000000071a000000, 0x000000071a000000, 0x000000071a200000|  0%| F|  |TAMS 0x000000071a000000, 0x000000071a000000| Untracked 
| 123|0x000000071a200000, 0x000000071a200000, 0x000000071a400000|  0%| F|  |TAMS 0x000000071a200000, 0x000000071a200000| Untracked 
| 124|0x000000071a400000, 0x000000071a400000, 0x000000071a600000|  0%| F|  |TAMS 0x000000071a400000, 0x000000071a400000| Untracked 
| 125|0x000000071a600000, 0x000000071a600000, 0x000000071a800000|  0%| F|  |TAMS 0x000000071a600000, 0x000000071a600000| Untracked 
| 126|0x000000071a800000, 0x000000071a800000, 0x000000071aa00000|  0%| F|  |TAMS 0x000000071a800000, 0x000000071a800000| Untracked 
| 127|0x000000071aa00000, 0x000000071ab8f268, 0x000000071ac00000| 77%| S|CS|TAMS 0x000000071aa00000, 0x000000071aa00000| Complete 
| 128|0x000000071ac00000, 0x000000071ae00000, 0x000000071ae00000|100%| S|CS|TAMS 0x000000071ac00000, 0x000000071ac00000| Complete 
| 129|0x000000071ae00000, 0x000000071b000000, 0x000000071b000000|100%| S|CS|TAMS 0x000000071ae00000, 0x000000071ae00000| Complete 
| 130|0x000000071b000000, 0x000000071b200000, 0x000000071b200000|100%| S|CS|TAMS 0x000000071b000000, 0x000000071b000000| Complete 
| 131|0x000000071b200000, 0x000000071b400000, 0x000000071b400000|100%| S|CS|TAMS 0x000000071b200000, 0x000000071b200000| Complete 
| 132|0x000000071b400000, 0x000000071b600000, 0x000000071b600000|100%| S|CS|TAMS 0x000000071b400000, 0x000000071b400000| Complete 
| 133|0x000000071b600000, 0x000000071b600000, 0x000000071b800000|  0%| F|  |TAMS 0x000000071b600000, 0x000000071b600000| Untracked 
| 134|0x000000071b800000, 0x000000071b800000, 0x000000071ba00000|  0%| F|  |TAMS 0x000000071b800000, 0x000000071b800000| Untracked 
| 135|0x000000071ba00000, 0x000000071ba00000, 0x000000071bc00000|  0%| F|  |TAMS 0x000000071ba00000, 0x000000071ba00000| Untracked 
| 136|0x000000071bc00000, 0x000000071bc00000, 0x000000071be00000|  0%| F|  |TAMS 0x000000071bc00000, 0x000000071bc00000| Untracked 
| 137|0x000000071be00000, 0x000000071be00000, 0x000000071c000000|  0%| F|  |TAMS 0x000000071be00000, 0x000000071be00000| Untracked 
| 138|0x000000071c000000, 0x000000071c000000, 0x000000071c200000|  0%| F|  |TAMS 0x000000071c000000, 0x000000071c000000| Untracked 
| 139|0x000000071c200000, 0x000000071c200000, 0x000000071c400000|  0%| F|  |TAMS 0x000000071c200000, 0x000000071c200000| Untracked 
| 140|0x000000071c400000, 0x000000071c400000, 0x000000071c600000|  0%| F|  |TAMS 0x000000071c400000, 0x000000071c400000| Untracked 
| 141|0x000000071c600000, 0x000000071c800000, 0x000000071c800000|100%| S|CS|TAMS 0x000000071c600000, 0x000000071c600000| Complete 
| 142|0x000000071c800000, 0x000000071ca00000, 0x000000071ca00000|100%| S|CS|TAMS 0x000000071c800000, 0x000000071c800000| Complete 
| 143|0x000000071ca00000, 0x000000071ca00000, 0x000000071cc00000|  0%| F|  |TAMS 0x000000071ca00000, 0x000000071ca00000| Untracked 
| 144|0x000000071cc00000, 0x000000071cc00000, 0x000000071ce00000|  0%| F|  |TAMS 0x000000071cc00000, 0x000000071cc00000| Untracked 
| 145|0x000000071ce00000, 0x000000071ce00000, 0x000000071d000000|  0%| F|  |TAMS 0x000000071ce00000, 0x000000071ce00000| Untracked 
| 146|0x000000071d000000, 0x000000071d000000, 0x000000071d200000|  0%| F|  |TAMS 0x000000071d000000, 0x000000071d000000| Untracked 
| 147|0x000000071d200000, 0x000000071d200000, 0x000000071d400000|  0%| F|  |TAMS 0x000000071d200000, 0x000000071d200000| Untracked 
| 148|0x000000071d400000, 0x000000071d400000, 0x000000071d600000|  0%| F|  |TAMS 0x000000071d400000, 0x000000071d400000| Untracked 
| 149|0x000000071d600000, 0x000000071d600000, 0x000000071d800000|  0%| F|  |TAMS 0x000000071d600000, 0x000000071d600000| Untracked 
| 150|0x000000071d800000, 0x000000071d800000, 0x000000071da00000|  0%| F|  |TAMS 0x000000071d800000, 0x000000071d800000| Untracked 
| 151|0x000000071da00000, 0x000000071da00000, 0x000000071dc00000|  0%| F|  |TAMS 0x000000071da00000, 0x000000071da00000| Untracked 
| 152|0x000000071dc00000, 0x000000071dc00000, 0x000000071de00000|  0%| F|  |TAMS 0x000000071dc00000, 0x000000071dc00000| Untracked 
| 153|0x000000071de00000, 0x000000071de00000, 0x000000071e000000|  0%| F|  |TAMS 0x000000071de00000, 0x000000071de00000| Untracked 
| 154|0x000000071e000000, 0x000000071e000000, 0x000000071e200000|  0%| F|  |TAMS 0x000000071e000000, 0x000000071e000000| Untracked 
| 155|0x000000071e200000, 0x000000071e200000, 0x000000071e400000|  0%| F|  |TAMS 0x000000071e200000, 0x000000071e200000| Untracked 
| 156|0x000000071e400000, 0x000000071e400000, 0x000000071e600000|  0%| F|  |TAMS 0x000000071e400000, 0x000000071e400000| Untracked 
| 157|0x000000071e600000, 0x000000071e600000, 0x000000071e800000|  0%| F|  |TAMS 0x000000071e600000, 0x000000071e600000| Untracked 
| 158|0x000000071e800000, 0x000000071e800000, 0x000000071ea00000|  0%| F|  |TAMS 0x000000071e800000, 0x000000071e800000| Untracked 
| 159|0x000000071ea00000, 0x000000071ea00000, 0x000000071ec00000|  0%| F|  |TAMS 0x000000071ea00000, 0x000000071ea00000| Untracked 
| 160|0x000000071ec00000, 0x000000071ec00000, 0x000000071ee00000|  0%| F|  |TAMS 0x000000071ec00000, 0x000000071ec00000| Untracked 
| 161|0x000000071ee00000, 0x000000071ee00000, 0x000000071f000000|  0%| F|  |TAMS 0x000000071ee00000, 0x000000071ee00000| Untracked 
| 162|0x000000071f000000, 0x000000071f000000, 0x000000071f200000|  0%| F|  |TAMS 0x000000071f000000, 0x000000071f000000| Untracked 
| 163|0x000000071f200000, 0x000000071f200000, 0x000000071f400000|  0%| F|  |TAMS 0x000000071f200000, 0x000000071f200000| Untracked 
| 164|0x000000071f400000, 0x000000071f400000, 0x000000071f600000|  0%| F|  |TAMS 0x000000071f400000, 0x000000071f400000| Untracked 
| 165|0x000000071f600000, 0x000000071f600000, 0x000000071f800000|  0%| F|  |TAMS 0x000000071f600000, 0x000000071f600000| Untracked 
| 166|0x000000071f800000, 0x000000071f800000, 0x000000071fa00000|  0%| F|  |TAMS 0x000000071f800000, 0x000000071f800000| Untracked 
| 167|0x000000071fa00000, 0x000000071fa00000, 0x000000071fc00000|  0%| F|  |TAMS 0x000000071fa00000, 0x000000071fa00000| Untracked 
| 168|0x000000071fc00000, 0x000000071fc00000, 0x000000071fe00000|  0%| F|  |TAMS 0x000000071fc00000, 0x000000071fc00000| Untracked 
| 169|0x000000071fe00000, 0x000000071fe00000, 0x0000000720000000|  0%| F|  |TAMS 0x000000071fe00000, 0x000000071fe00000| Untracked 
| 170|0x0000000720000000, 0x0000000720000000, 0x0000000720200000|  0%| F|  |TAMS 0x0000000720000000, 0x0000000720000000| Untracked 
| 171|0x0000000720200000, 0x0000000720200000, 0x0000000720400000|  0%| F|  |TAMS 0x0000000720200000, 0x0000000720200000| Untracked 
| 172|0x0000000720400000, 0x0000000720400000, 0x0000000720600000|  0%| F|  |TAMS 0x0000000720400000, 0x0000000720400000| Untracked 
| 173|0x0000000720600000, 0x0000000720600000, 0x0000000720800000|  0%| F|  |TAMS 0x0000000720600000, 0x0000000720600000| Untracked 
| 174|0x0000000720800000, 0x0000000720800000, 0x0000000720a00000|  0%| F|  |TAMS 0x0000000720800000, 0x0000000720800000| Untracked 
| 175|0x0000000720a00000, 0x0000000720a00000, 0x0000000720c00000|  0%| F|  |TAMS 0x0000000720a00000, 0x0000000720a00000| Untracked 
| 176|0x0000000720c00000, 0x0000000720c00000, 0x0000000720e00000|  0%| F|  |TAMS 0x0000000720c00000, 0x0000000720c00000| Untracked 
| 177|0x0000000720e00000, 0x0000000720e00000, 0x0000000721000000|  0%| F|  |TAMS 0x0000000720e00000, 0x0000000720e00000| Untracked 
| 178|0x0000000721000000, 0x0000000721000000, 0x0000000721200000|  0%| F|  |TAMS 0x0000000721000000, 0x0000000721000000| Untracked 
| 179|0x0000000721200000, 0x0000000721200000, 0x0000000721400000|  0%| F|  |TAMS 0x0000000721200000, 0x0000000721200000| Untracked 
| 180|0x0000000721400000, 0x0000000721400000, 0x0000000721600000|  0%| F|  |TAMS 0x0000000721400000, 0x0000000721400000| Untracked 
| 181|0x0000000721600000, 0x0000000721600000, 0x0000000721800000|  0%| F|  |TAMS 0x0000000721600000, 0x0000000721600000| Untracked 
| 182|0x0000000721800000, 0x0000000721800000, 0x0000000721a00000|  0%| F|  |TAMS 0x0000000721800000, 0x0000000721800000| Untracked 
| 183|0x0000000721a00000, 0x0000000721a00000, 0x0000000721c00000|  0%| F|  |TAMS 0x0000000721a00000, 0x0000000721a00000| Untracked 
| 184|0x0000000721c00000, 0x0000000721c00000, 0x0000000721e00000|  0%| F|  |TAMS 0x0000000721c00000, 0x0000000721c00000| Untracked 
| 185|0x0000000721e00000, 0x0000000721e00000, 0x0000000722000000|  0%| F|  |TAMS 0x0000000721e00000, 0x0000000721e00000| Untracked 
| 186|0x0000000722000000, 0x0000000722000000, 0x0000000722200000|  0%| F|  |TAMS 0x0000000722000000, 0x0000000722000000| Untracked 
| 187|0x0000000722200000, 0x0000000722200000, 0x0000000722400000|  0%| F|  |TAMS 0x0000000722200000, 0x0000000722200000| Untracked 
| 188|0x0000000722400000, 0x0000000722400000, 0x0000000722600000|  0%| F|  |TAMS 0x0000000722400000, 0x0000000722400000| Untracked 
| 189|0x0000000722600000, 0x0000000722600000, 0x0000000722800000|  0%| F|  |TAMS 0x0000000722600000, 0x0000000722600000| Untracked 
| 190|0x0000000722800000, 0x0000000722800000, 0x0000000722a00000|  0%| F|  |TAMS 0x0000000722800000, 0x0000000722800000| Untracked 
| 191|0x0000000722a00000, 0x0000000722a00000, 0x0000000722c00000|  0%| F|  |TAMS 0x0000000722a00000, 0x0000000722a00000| Untracked 
| 192|0x0000000722c00000, 0x0000000722c00000, 0x0000000722e00000|  0%| F|  |TAMS 0x0000000722c00000, 0x0000000722c00000| Untracked 
| 193|0x0000000722e00000, 0x0000000722e00000, 0x0000000723000000|  0%| F|  |TAMS 0x0000000722e00000, 0x0000000722e00000| Untracked 
| 194|0x0000000723000000, 0x0000000723000000, 0x0000000723200000|  0%| F|  |TAMS 0x0000000723000000, 0x0000000723000000| Untracked 
| 195|0x0000000723200000, 0x0000000723200000, 0x0000000723400000|  0%| F|  |TAMS 0x0000000723200000, 0x0000000723200000| Untracked 
| 196|0x0000000723400000, 0x0000000723400000, 0x0000000723600000|  0%| F|  |TAMS 0x0000000723400000, 0x0000000723400000| Untracked 
| 197|0x0000000723600000, 0x0000000723600000, 0x0000000723800000|  0%| F|  |TAMS 0x0000000723600000, 0x0000000723600000| Untracked 
| 198|0x0000000723800000, 0x0000000723880588, 0x0000000723a00000| 25%| E|  |TAMS 0x0000000723800000, 0x0000000723800000| Complete 
| 199|0x0000000723a00000, 0x0000000723c00000, 0x0000000723c00000|100%| E|CS|TAMS 0x0000000723a00000, 0x0000000723a00000| Complete 
| 200|0x0000000723c00000, 0x0000000723e00000, 0x0000000723e00000|100%| E|CS|TAMS 0x0000000723c00000, 0x0000000723c00000| Complete 
| 201|0x0000000723e00000, 0x0000000724000000, 0x0000000724000000|100%| E|CS|TAMS 0x0000000723e00000, 0x0000000723e00000| Complete 
| 202|0x0000000724000000, 0x0000000724200000, 0x0000000724200000|100%| E|CS|TAMS 0x0000000724000000, 0x0000000724000000| Complete 
| 203|0x0000000724200000, 0x0000000724400000, 0x0000000724400000|100%| E|CS|TAMS 0x0000000724200000, 0x0000000724200000| Complete 
| 204|0x0000000724400000, 0x0000000724600000, 0x0000000724600000|100%| E|CS|TAMS 0x0000000724400000, 0x0000000724400000| Complete 
| 205|0x0000000724600000, 0x0000000724800000, 0x0000000724800000|100%| E|CS|TAMS 0x0000000724600000, 0x0000000724600000| Complete 
| 206|0x0000000724800000, 0x0000000724a00000, 0x0000000724a00000|100%| E|CS|TAMS 0x0000000724800000, 0x0000000724800000| Complete 
| 207|0x0000000724a00000, 0x0000000724c00000, 0x0000000724c00000|100%| E|CS|TAMS 0x0000000724a00000, 0x0000000724a00000| Complete 
| 208|0x0000000724c00000, 0x0000000724e00000, 0x0000000724e00000|100%| E|CS|TAMS 0x0000000724c00000, 0x0000000724c00000| Complete 
| 209|0x0000000724e00000, 0x0000000725000000, 0x0000000725000000|100%| E|CS|TAMS 0x0000000724e00000, 0x0000000724e00000| Complete 
| 210|0x0000000725000000, 0x0000000725200000, 0x0000000725200000|100%| E|CS|TAMS 0x0000000725000000, 0x0000000725000000| Complete 
| 211|0x0000000725200000, 0x0000000725400000, 0x0000000725400000|100%| E|CS|TAMS 0x0000000725200000, 0x0000000725200000| Complete 
| 212|0x0000000725400000, 0x0000000725600000, 0x0000000725600000|100%| E|CS|TAMS 0x0000000725400000, 0x0000000725400000| Complete 
| 213|0x0000000725600000, 0x0000000725800000, 0x0000000725800000|100%| E|CS|TAMS 0x0000000725600000, 0x0000000725600000| Complete 
| 214|0x0000000725800000, 0x0000000725a00000, 0x0000000725a00000|100%| E|CS|TAMS 0x0000000725800000, 0x0000000725800000| Complete 
| 215|0x0000000725a00000, 0x0000000725c00000, 0x0000000725c00000|100%| E|CS|TAMS 0x0000000725a00000, 0x0000000725a00000| Complete 
| 216|0x0000000725c00000, 0x0000000725e00000, 0x0000000725e00000|100%| E|CS|TAMS 0x0000000725c00000, 0x0000000725c00000| Complete 
| 217|0x0000000725e00000, 0x0000000726000000, 0x0000000726000000|100%| E|CS|TAMS 0x0000000725e00000, 0x0000000725e00000| Complete 
| 218|0x0000000726000000, 0x0000000726200000, 0x0000000726200000|100%| E|CS|TAMS 0x0000000726000000, 0x0000000726000000| Complete 
| 219|0x0000000726200000, 0x0000000726400000, 0x0000000726400000|100%| E|CS|TAMS 0x0000000726200000, 0x0000000726200000| Complete 
| 220|0x0000000726400000, 0x0000000726600000, 0x0000000726600000|100%| E|CS|TAMS 0x0000000726400000, 0x0000000726400000| Complete 
| 228|0x0000000727400000, 0x0000000727600000, 0x0000000727600000|100%| E|CS|TAMS 0x0000000727400000, 0x0000000727400000| Complete 
| 229|0x0000000727600000, 0x0000000727800000, 0x0000000727800000|100%| E|CS|TAMS 0x0000000727600000, 0x0000000727600000| Complete 
| 230|0x0000000727800000, 0x0000000727a00000, 0x0000000727a00000|100%| E|CS|TAMS 0x0000000727800000, 0x0000000727800000| Complete 
| 231|0x0000000727a00000, 0x0000000727c00000, 0x0000000727c00000|100%| E|CS|TAMS 0x0000000727a00000, 0x0000000727a00000| Complete 
| 232|0x0000000727c00000, 0x0000000727e00000, 0x0000000727e00000|100%| E|CS|TAMS 0x0000000727c00000, 0x0000000727c00000| Complete 
|1958|0x00000007ff800000, 0x00000007ffa00000, 0x00000007ffa00000|100%| O|  |TAMS 0x00000007ffa00000, 0x00000007ff800000| Untracked 
|1959|0x00000007ffa00000, 0x00000007ffc00000, 0x00000007ffc00000|100%| O|  |TAMS 0x00000007ffc00000, 0x00000007ffa00000| Untracked 
|1960|0x00000007ffc00000, 0x00000007ffe00000, 0x00000007ffe00000|100%| O|  |TAMS 0x00000007ffe00000, 0x00000007ffc00000| Untracked 
|1961|0x00000007ffe00000, 0x0000000800000000, 0x0000000800000000|100%| O|  |TAMS 0x0000000800000000, 0x00000007ffe00000| Untracked 

Card table byte_map: [0x00000256ec030000,0x00000256ec7e0000] _byte_map_base: 0x00000256e87da000

Marking Bits (Prev, Next): (CMBitMap*) 0x00000256d2642410, (CMBitMap*) 0x00000256d2642450
 Prev Bits: [0x00000256ecf90000, 0x00000256f0ce0000)
 Next Bits: [0x00000256f0ce0000, 0x00000256f4a30000)

Polling page: 0x00000256d2680000

Metaspace:

Usage:
  Non-class:     21.47 MB used.
      Class:      1.98 MB used.
       Both:     23.46 MB used.

Virtual space:
  Non-class space:       64.00 MB reserved,      21.62 MB ( 34%) committed,  1 nodes.
      Class space:        1.00 GB reserved,       2.12 MB ( <1%) committed,  1 nodes.
             Both:        1.06 GB reserved,      23.75 MB (  2%) committed. 

Chunk freelists:
   Non-Class:  9.95 MB
       Class:  13.90 MB
        Both:  23.85 MB

MaxMetaspaceSize: unlimited
CompressedClassSpaceSize: 1.00 GB
Initial GC threshold: 21.00 MB
Current GC threshold: 35.12 MB
CDS: on
MetaspaceReclaimPolicy: balanced
 - commit_granule_bytes: 65536.
 - commit_granule_words: 8192.
 - virtual_space_node_default_size: 8388608.
 - enlarge_chunks_in_place: 1.
 - new_chunks_are_fully_committed: 0.
 - uncommit_free_chunks: 1.
 - use_allocation_guard: 0.
 - handle_deallocations: 1.


Internal statistics:

num_allocs_failed_limit: 3.
num_arena_births: 402.
num_arena_deaths: 0.
num_vsnodes_births: 2.
num_vsnodes_deaths: 0.
num_space_committed: 378.
num_space_uncommitted: 0.
num_chunks_returned_to_freelist: 3.
num_chunks_taken_from_freelist: 875.
num_chunk_merges: 3.
num_chunk_splits: 580.
num_chunks_enlarged: 391.
num_inconsistent_stats: 0.

CodeHeap 'non-profiled nmethods': size=119168Kb used=3638Kb max_used=3638Kb free=115529Kb
 bounds [0x00000256e3450000, 0x00000256e37e0000, 0x00000256ea8b0000]
CodeHeap 'profiled nmethods': size=119104Kb used=9667Kb max_used=9667Kb free=109436Kb
 bounds [0x00000256db8b0000, 0x00000256dc230000, 0x00000256e2d00000]
CodeHeap 'non-nmethods': size=7488Kb used=3742Kb max_used=3798Kb free=3745Kb
 bounds [0x00000256e2d00000, 0x00000256e30c0000, 0x00000256e3450000]
 total_blobs=6715 nmethods=5098 adapters=1525
 compilation: enabled
              stopped_count=0, restarted_count=0
 full_count=0

Compilation events (20 events):
Event: 11.955 Thread 0x000002571ac67010 5859       3       java.lang.Float::valueOf (9 bytes)
Event: 11.955 Thread 0x00000256cafcf920 5860       3       org.joml.Matrix4f::rotateY (7 bytes)
Event: 11.955 Thread 0x000002571ac67010 nmethod 5859 0x00000256dc21ef90 code [0x00000256dc21f140, 0x00000256dc21f398]
Event: 11.955 Thread 0x00000256cafcf920 nmethod 5860 0x00000256dc21f490 code [0x00000256dc21f620, 0x00000256dc21f768]
Event: 11.955 Thread 0x00000256cafcf920 5861       3       com.xbuilders.engine.items.ChunkEntitySet::draw (391 bytes)
Event: 11.956 Thread 0x00000256f7b0fc20 5862       4       java.lang.invoke.DirectMethodHandle$Holder::invokeStatic (21 bytes)
Event: 11.956 Thread 0x00000256cbbec4a0 5863       4       java.lang.invoke.LambdaForm$MH/0x0000025681080400::invoke (32 bytes)
Event: 11.956 Thread 0x00000256cafcf920 nmethod 5861 0x00000256dc21f810 code [0x00000256dc21fba0, 0x00000256dc2215b8]
Event: 11.957 Thread 0x00000256f7b0fc20 nmethod 5862 0x00000256e37dc710 code [0x00000256e37dc8a0, 0x00000256e37dc988]
Event: 11.957 Thread 0x00000256cbbec4a0 nmethod 5863 0x00000256e37dca90 code [0x00000256e37dcc20, 0x00000256e37dcd38]
Event: 11.971 Thread 0x00000256f7b10ce0 5864       3       org.joml.Matrix4f::rotateY (63 bytes)
Event: 11.972 Thread 0x00000256f7b10ce0 nmethod 5864 0x00000256dc221f90 code [0x00000256dc2221a0, 0x00000256dc2226a8]
Event: 11.972 Thread 0x00000256f7b0fc20 5865       4       java.lang.invoke.DirectMethodHandle$Holder::invokeStatic (17 bytes)
Event: 11.973 Thread 0x00000256f7b0fc20 nmethod 5865 0x00000256e37dce90 code [0x00000256e37dd020, 0x00000256e37dd0e8]
Event: 11.992 Thread 0x00000256f7b10ce0 5866       3       org.lwjgl.nuklear.Nuklear::nk_button_image (12 bytes)
Event: 11.992 Thread 0x00000256f7b10ce0 nmethod 5866 0x00000256dc222910 code [0x00000256dc222ac0, 0x00000256dc222d28]
Event: 11.992 Thread 0x00000256f7c1e3a0 5868       3       com.xbuilders.game.UI.Inventory::matchesSearch (31 bytes)
Event: 11.992 Thread 0x000002571ac67010 5869       3       org.lwjgl.nuklear.Nuklear::nk_widget_is_hovered (8 bytes)
Event: 11.993 Thread 0x000002571ac67010 nmethod 5869 0x00000256dc222e10 code [0x00000256dc222fc0, 0x00000256dc223188]
Event: 11.993 Thread 0x00000256f7c1e3a0 nmethod 5868 0x00000256dc223290 code [0x00000256dc2234a0, 0x00000256dc223ac8]

GC Heap History (20 events):
Event: 3.749 GC heap before
{Heap before GC invocations=11 (full 0):
 garbage-first heap   total 178176K, used 109395K [0x000000070ac00000, 0x0000000800000000)
  region size 2048K, 6 young (12288K), 2 survivors (4096K)
 Metaspace       used 21410K, committed 21696K, reserved 1114112K
  class space    used 1892K, committed 2048K, reserved 1048576K
}
Event: 3.752 GC heap after
{Heap after GC invocations=12 (full 0):
 garbage-first heap   total 178176K, used 112282K [0x000000070ac00000, 0x0000000800000000)
  region size 2048K, 1 young (2048K), 1 survivors (2048K)
 Metaspace       used 21410K, committed 21696K, reserved 1114112K
  class space    used 1892K, committed 2048K, reserved 1048576K
}
Event: 3.756 GC heap before
{Heap before GC invocations=12 (full 0):
 garbage-first heap   total 178176K, used 116378K [0x000000070ac00000, 0x0000000800000000)
  region size 2048K, 4 young (8192K), 1 survivors (2048K)
 Metaspace       used 21411K, committed 21696K, reserved 1114112K
  class space    used 1892K, committed 2048K, reserved 1048576K
}
Event: 3.759 GC heap after
{Heap after GC invocations=13 (full 0):
 garbage-first heap   total 178176K, used 119241K [0x000000070ac00000, 0x0000000800000000)
  region size 2048K, 1 young (2048K), 1 survivors (2048K)
 Metaspace       used 21411K, committed 21696K, reserved 1114112K
  class space    used 1892K, committed 2048K, reserved 1048576K
}
Event: 3.769 GC heap before
{Heap before GC invocations=13 (full 0):
 garbage-first heap   total 178176K, used 127433K [0x000000070ac00000, 0x0000000800000000)
  region size 2048K, 6 young (12288K), 1 survivors (2048K)
 Metaspace       used 21411K, committed 21696K, reserved 1114112K
  class space    used 1892K, committed 2048K, reserved 1048576K
}
Event: 3.773 GC heap after
{Heap after GC invocations=14 (full 0):
 garbage-first heap   total 485376K, used 129504K [0x000000070ac00000, 0x0000000800000000)
  region size 2048K, 1 young (2048K), 1 survivors (2048K)
 Metaspace       used 21411K, committed 21696K, reserved 1114112K
  class space    used 1892K, committed 2048K, reserved 1048576K
}
Event: 4.623 GC heap before
{Heap before GC invocations=15 (full 0):
 garbage-first heap   total 471040K, used 221664K [0x000000070ac00000, 0x0000000800000000)
  region size 2048K, 47 young (96256K), 1 survivors (2048K)
 Metaspace       used 22531K, committed 22848K, reserved 1114112K
  class space    used 1957K, committed 2112K, reserved 1048576K
}
Event: 4.633 GC heap after
{Heap after GC invocations=16 (full 0):
 garbage-first heap   total 471040K, used 162068K [0x000000070ac00000, 0x0000000800000000)
  region size 2048K, 6 young (12288K), 6 survivors (12288K)
 Metaspace       used 22531K, committed 22848K, reserved 1114112K
  class space    used 1957K, committed 2112K, reserved 1048576K
}
Event: 5.660 GC heap before
{Heap before GC invocations=16 (full 0):
 garbage-first heap   total 471040K, used 248084K [0x000000070ac00000, 0x0000000800000000)
  region size 2048K, 48 young (98304K), 6 survivors (12288K)
 Metaspace       used 22780K, committed 23040K, reserved 1114112K
  class space    used 1970K, committed 2112K, reserved 1048576K
}
Event: 5.665 GC heap after
{Heap after GC invocations=17 (full 0):
 garbage-first heap   total 471040K, used 164357K [0x000000070ac00000, 0x0000000800000000)
  region size 2048K, 1 young (2048K), 1 survivors (2048K)
 Metaspace       used 22780K, committed 23040K, reserved 1114112K
  class space    used 1970K, committed 2112K, reserved 1048576K
}
Event: 6.256 GC heap before
{Heap before GC invocations=17 (full 0):
 garbage-first heap   total 471040K, used 258565K [0x000000070ac00000, 0x0000000800000000)
  region size 2048K, 47 young (96256K), 1 survivors (2048K)
 Metaspace       used 22881K, committed 23232K, reserved 1114112K
  class space    used 1970K, committed 2112K, reserved 1048576K
}
Event: 6.258 GC heap after
{Heap after GC invocations=18 (full 0):
 garbage-first heap   total 471040K, used 166800K [0x000000070ac00000, 0x0000000800000000)
  region size 2048K, 3 young (6144K), 3 survivors (6144K)
 Metaspace       used 22881K, committed 23232K, reserved 1114112K
  class space    used 1970K, committed 2112K, reserved 1048576K
}
Event: 6.863 GC heap before
{Heap before GC invocations=18 (full 0):
 garbage-first heap   total 471040K, used 273296K [0x000000070ac00000, 0x0000000800000000)
  region size 2048K, 55 young (112640K), 3 survivors (6144K)
 Metaspace       used 22890K, committed 23232K, reserved 1114112K
  class space    used 1970K, committed 2112K, reserved 1048576K
}
Event: 6.866 GC heap after
{Heap after GC invocations=19 (full 0):
 garbage-first heap   total 471040K, used 169991K [0x000000070ac00000, 0x0000000800000000)
  region size 2048K, 4 young (8192K), 4 survivors (8192K)
 Metaspace       used 22890K, committed 23232K, reserved 1114112K
  class space    used 1970K, committed 2112K, reserved 1048576K
}
Event: 7.660 GC heap before
{Heap before GC invocations=19 (full 0):
 garbage-first heap   total 471040K, used 319495K [0x000000070ac00000, 0x0000000800000000)
  region size 2048K, 77 young (157696K), 4 survivors (8192K)
 Metaspace       used 23028K, committed 23360K, reserved 1114112K
  class space    used 1970K, committed 2112K, reserved 1048576K
}
Event: 7.667 GC heap after
{Heap after GC invocations=20 (full 0):
 garbage-first heap   total 471040K, used 173640K [0x000000070ac00000, 0x0000000800000000)
  region size 2048K, 6 young (12288K), 6 survivors (12288K)
 Metaspace       used 23028K, committed 23360K, reserved 1114112K
  class space    used 1970K, committed 2112K, reserved 1048576K
}
Event: 8.570 GC heap before
{Heap before GC invocations=20 (full 0):
 garbage-first heap   total 471040K, used 335432K [0x000000070ac00000, 0x0000000800000000)
  region size 2048K, 85 young (174080K), 6 survivors (12288K)
 Metaspace       used 23224K, committed 23488K, reserved 1114112K
  class space    used 1970K, committed 2112K, reserved 1048576K
}
Event: 8.597 GC heap after
{Heap after GC invocations=21 (full 0):
 garbage-first heap   total 471040K, used 178458K [0x000000070ac00000, 0x0000000800000000)
  region size 2048K, 8 young (16384K), 8 survivors (16384K)
 Metaspace       used 23224K, committed 23488K, reserved 1114112K
  class space    used 1970K, committed 2112K, reserved 1048576K
}
Event: 9.545 GC heap before
{Heap before GC invocations=21 (full 0):
 garbage-first heap   total 471040K, used 348442K [0x000000070ac00000, 0x0000000800000000)
  region size 2048K, 91 young (186368K), 8 survivors (16384K)
 Metaspace       used 23308K, committed 23616K, reserved 1114112K
  class space    used 1970K, committed 2112K, reserved 1048576K
}
Event: 9.552 GC heap after
{Heap after GC invocations=22 (full 0):
 garbage-first heap   total 471040K, used 182356K [0x000000070ac00000, 0x0000000800000000)
  region size 2048K, 8 young (16384K), 8 survivors (16384K)
 Metaspace       used 23308K, committed 23616K, reserved 1114112K
  class space    used 1970K, committed 2112K, reserved 1048576K
}

Dll operation events (18 events):
Event: 0.007 Loaded shared library C:\Users\sampw\.jdks\corretto-17.0.11\bin\java.dll
Event: 0.022 Loaded shared library C:\Users\sampw\.jdks\corretto-17.0.11\bin\jsvml.dll
Event: 0.111 Loaded shared library C:\Users\sampw\.jdks\corretto-17.0.11\bin\zip.dll
Event: 0.113 Loaded shared library C:\Users\sampw\.jdks\corretto-17.0.11\bin\instrument.dll
Event: 0.118 Loaded shared library C:\Users\sampw\.jdks\corretto-17.0.11\bin\net.dll
Event: 0.120 Loaded shared library C:\Users\sampw\.jdks\corretto-17.0.11\bin\nio.dll
Event: 0.123 Loaded shared library C:\Users\sampw\.jdks\corretto-17.0.11\bin\zip.dll
Event: 0.210 Loaded shared library C:\Program Files\JetBrains\IntelliJ IDEA Community Edition 2024.1.4\bin\breakgen64.dll
Event: 0.222 Loaded shared library C:\Users\sampw\.jdks\corretto-17.0.11\bin\extnet.dll
Event: 0.256 Loaded shared library C:\Users\sampw\.jdks\corretto-17.0.11\bin\jimage.dll
Event: 0.278 Loaded shared library C:\Users\sampw\AppData\Local\Temp\lwjgl_sampw\3.3.2+13\x64\lwjgl.dll
Event: 0.387 Loaded shared library C:\Users\sampw\.jdks\corretto-17.0.11\bin\awt.dll
Event: 0.683 Loaded shared library C:\Users\sampw\.jdks\corretto-17.0.11\bin\freetype.dll
Event: 0.684 Loaded shared library C:\Users\sampw\.jdks\corretto-17.0.11\bin\fontmanager.dll
Event: 0.859 Loaded shared library C:\Users\sampw\.jdks\corretto-17.0.11\bin\verify.dll
Event: 1.292 Loaded shared library C:\Users\sampw\AppData\Local\Temp\lwjgl_sampw\3.3.2+13\x64\lwjgl_opengl.dll
Event: 1.381 Loaded shared library C:\Users\sampw\AppData\Local\Temp\lwjgl_sampw\3.3.2+13\x64\lwjgl_nuklear.dll
Event: 1.404 Loaded shared library C:\Users\sampw\AppData\Local\Temp\lwjgl_sampw\3.3.2+13\x64\lwjgl_stb.dll

Deoptimization events (20 events):
Event: 11.656 Thread 0x00000256d25d8f00 DEOPT PACKING pc=0x00000256dc1f060c sp=0x0000008319dff280
Event: 11.656 Thread 0x00000256d25d8f00 DEOPT UNPACKING pc=0x00000256e2d57143 sp=0x0000008319dfe7c0 mode 0
Event: 11.657 Thread 0x00000256d25d8f00 Uncommon trap: trap_request=0xffffff6e fr.pc=0x00000256e37cee38 relative=0x00000000000007f8
Event: 11.657 Thread 0x00000256d25d8f00 Uncommon trap: reason=loop_limit_check action=maybe_recompile pc=0x00000256e37cee38 method=com.xbuilders.engine.items.ChunkEntitySet.draw(Lcom/xbuilders/engine/player/camera/FrustumCullingTester;Lorg/joml/Vector3f;)V @ 11 c2
Event: 11.657 Thread 0x00000256d25d8f00 DEOPT PACKING pc=0x00000256e37cee38 sp=0x0000008319dff520
Event: 11.657 Thread 0x00000256d25d8f00 DEOPT UNPACKING pc=0x00000256e2d569a3 sp=0x0000008319dff4e0 mode 2
Event: 11.690 Thread 0x00000256d25d8f00 DEOPT PACKING pc=0x00000256dc1f060c sp=0x0000008319dff280
Event: 11.690 Thread 0x00000256d25d8f00 DEOPT UNPACKING pc=0x00000256e2d57143 sp=0x0000008319dfe7c0 mode 0
Event: 11.757 Thread 0x00000256d25d8f00 Uncommon trap: trap_request=0xffffff45 fr.pc=0x00000256e37aa300 relative=0x0000000000000140
Event: 11.757 Thread 0x00000256d25d8f00 Uncommon trap: reason=unstable_if action=reinterpret pc=0x00000256e37aa300 method=com.xbuilders.engine.world.World.lambda$drawChunks$11(Lorg/joml/Vector3f;Lcom/xbuilders/engine/world/chunk/Chunk;)V @ 46 c2
Event: 11.757 Thread 0x00000256d25d8f00 DEOPT PACKING pc=0x00000256e37aa300 sp=0x0000008319dff5a0
Event: 11.757 Thread 0x00000256d25d8f00 DEOPT UNPACKING pc=0x00000256e2d569a3 sp=0x0000008319dff4c0 mode 2
Event: 11.773 Thread 0x00000256d25d8f00 Uncommon trap: trap_request=0xffffff45 fr.pc=0x00000256e37afdec relative=0x000000000000012c
Event: 11.773 Thread 0x00000256d25d8f00 Uncommon trap: reason=unstable_if action=reinterpret pc=0x00000256e37afdec method=com.xbuilders.engine.world.World.lambda$drawChunks$11(Lorg/joml/Vector3f;Lcom/xbuilders/engine/world/chunk/Chunk;)V @ 46 c2
Event: 11.773 Thread 0x00000256d25d8f00 DEOPT PACKING pc=0x00000256e37afdec sp=0x0000008319dff550
Event: 11.773 Thread 0x00000256d25d8f00 DEOPT UNPACKING pc=0x00000256e2d569a3 sp=0x0000008319dff4e8 mode 2
Event: 11.955 Thread 0x00000256d25d8f00 Uncommon trap: trap_request=0xffffff45 fr.pc=0x00000256e37d07e0 relative=0x0000000000000820
Event: 11.955 Thread 0x00000256d25d8f00 Uncommon trap: reason=unstable_if action=reinterpret pc=0x00000256e37d07e0 method=com.xbuilders.engine.items.ChunkEntitySet.draw(Lcom/xbuilders/engine/player/camera/FrustumCullingTester;Lorg/joml/Vector3f;)V @ 172 c2
Event: 11.955 Thread 0x00000256d25d8f00 DEOPT PACKING pc=0x00000256e37d07e0 sp=0x0000008319dff520
Event: 11.955 Thread 0x00000256d25d8f00 DEOPT UNPACKING pc=0x00000256e2d569a3 sp=0x0000008319dff4e0 mode 2

Classes unloaded (0 events):
No events

Classes redefined (0 events):
No events

Internal exceptions (20 events):
Event: 1.380 Thread 0x00000256d25d8f00 Exception <a 'sun/nio/fs/WindowsException'{0x000000071998df80}> (0x000000071998df80) 
thrown [s\src\hotspot\share\prims\jni.cpp, line 516]
Event: 1.380 Thread 0x00000256d25d8f00 Exception <a 'sun/nio/fs/WindowsException'{0x000000071998e330}> (0x000000071998e330) 
thrown [s\src\hotspot\share\prims\jni.cpp, line 516]
Event: 1.384 Thread 0x00000256d25d8f00 Exception <a 'java/lang/NoSuchMethodError'{0x00000007199a19f0}: 'java.lang.Object java.lang.invoke.DirectMethodHandle$Holder.newInvokeSpecial(java.lang.Object, long)'> (0x00000007199a19f0) 
thrown [s\src\hotspot\share\interpreter\linkResolver.cpp, line 759]
Event: 1.402 Thread 0x00000256d25d8f00 Exception <a 'sun/nio/fs/WindowsException'{0x00000007199fe130}> (0x00000007199fe130) 
thrown [s\src\hotspot\share\prims\jni.cpp, line 516]
Event: 1.403 Thread 0x00000256d25d8f00 Exception <a 'sun/nio/fs/WindowsException'{0x00000007199fe4b0}> (0x00000007199fe4b0) 
thrown [s\src\hotspot\share\prims\jni.cpp, line 516]
Event: 1.408 Thread 0x00000256d25d8f00 Exception <a 'java/lang/NoSuchMethodError'{0x0000000719609758}: 'void java.lang.invoke.DirectMethodHandle$Holder.invokeStatic(java.lang.Object, long)'> (0x0000000719609758) 
thrown [s\src\hotspot\share\interpreter\linkResolver.cpp, line 759]
Event: 1.823 Thread 0x00000256d25d8f00 Exception <a 'java/lang/NoSuchMethodError'{0x0000000719a523d0}: 'void java.lang.invoke.DirectMethodHandle$Holder.invokeStatic(java.lang.Object, int, java.lang.Object)'> (0x0000000719a523d0) 
thrown [s\src\hotspot\share\interpreter\linkResolver.cpp, line 759]
Event: 2.943 Thread 0x00000256d25d8f00 Exception <a 'java/lang/NoSuchMethodError'{0x00000007163d73f8}: 'void java.lang.invoke.DirectMethodHandle$Holder.invokeStatic(java.lang.Object, java.lang.Object, int, int, int, java.lang.Object)'> (0x00000007163d73f8) 
thrown [s\src\hotspot\share\interpreter\linkResolver.cpp, line 759]
Event: 3.154 Thread 0x00000256d25d8f00 Exception <a 'java/lang/NoSuchMethodError'{0x00000007159d6178}: 'java.lang.Object java.lang.invoke.DirectMethodHandle$Holder.newInvokeSpecial(java.lang.Object, long, java.lang.Object, int)'> (0x00000007159d6178) 
thrown [s\src\hotspot\share\interpreter\linkResolver.cpp, line 759]
Event: 3.154 Thread 0x00000256d25d8f00 Exception <a 'java/lang/NoSuchMethodError'{0x00000007159d9ea0}: 'java.lang.Object java.lang.invoke.DirectMethodHandle$Holder.invokeSpecial(java.lang.Object, java.lang.Object, long, java.lang.Object, int)'> (0x00000007159d9ea0) 
thrown [s\src\hotspot\share\interpreter\linkResolver.cpp, line 759]
Event: 3.156 Thread 0x00000256d25d8f00 Exception <a 'java/lang/NoSuchMethodError'{0x00000007159e37c0}: 'void java.lang.invoke.DirectMethodHandle$Holder.invokeStatic(java.lang.Object, java.lang.Object, java.lang.Object, int, int, int, java.lang.Object)'> (0x00000007159e37c0) 
thrown [s\src\hotspot\share\interpreter\linkResolver.cpp, line 759]
Event: 3.169 Thread 0x00000256d25d8f00 Exception <a 'java/lang/NoSuchMethodError'{0x00000007156172a0}: 'int java.lang.invoke.DirectMethodHandle$Holder.invokeStatic(java.lang.Object, long, int)'> (0x00000007156172a0) 
thrown [s\src\hotspot\share\interpreter\linkResolver.cpp, line 759]
Event: 3.398 Thread 0x00000256d25d8f00 Exception <a 'java/lang/NoSuchMethodError'{0x000000071536c660}: 'void java.lang.invoke.DirectMethodHandle$Holder.invokeStatic(java.lang.Object, java.lang.Object, java.lang.Object)'> (0x000000071536c660) 
thrown [s\src\hotspot\share\interpreter\linkResolver.cpp, line 759]
Event: 3.858 Thread 0x00000256d25d8f00 Implicit null exception at 0x00000256e353b771 to 0x00000256e353baf8
Event: 3.920 Thread 0x00000256d14b5420 Exception <a 'java/lang/NoSuchMethodError'{0x000000072595f258}: 'void java.lang.invoke.DirectMethodHandle$Holder.invokeStatic(java.lang.Object, java.lang.Object, java.lang.Object, java.lang.Object)'> (0x000000072595f258) 
thrown [s\src\hotspot\share\interpreter\linkResolver.cpp, line 759]
Event: 10.577 Thread 0x00000256d25d8f00 Exception <a 'java/lang/NoSuchMethodError'{0x0000000725209ef8}: 'java.lang.Object java.lang.invoke.DirectMethodHandle$Holder.newInvokeSpecial(java.lang.Object, java.lang.Object, java.lang.Object, int)'> (0x0000000725209ef8) 
thrown [s\src\hotspot\share\interpreter\linkResolver.cpp, line 759]
Event: 10.577 Thread 0x00000256d25d8f00 Exception <a 'java/lang/NoSuchMethodError'{0x000000072520e030}: 'java.lang.Object java.lang.invoke.DirectMethodHandle$Holder.invokeSpecial(java.lang.Object, java.lang.Object, java.lang.Object, java.lang.Object, int)'> (0x000000072520e030) 
thrown [s\src\hotspot\share\interpreter\linkResolver.cpp, line 759]
Event: 10.578 Thread 0x00000256d25d8f00 Exception <a 'java/lang/NoSuchMethodError'{0x0000000725211950}: 'java.lang.Object java.lang.invoke.Invokers$Holder.linkToTargetMethod(java.lang.Object, java.lang.Object, int, java.lang.Object)'> (0x0000000725211950) 
thrown [s\src\hotspot\share\interpreter\linkResolver.cpp, line 759]
Event: 10.594 Thread 0x00000256d25d8f00 Exception <a 'java/lang/NoSuchMethodError'{0x000000072536d630}: 'java.lang.Object java.lang.invoke.DirectMethodHandle$Holder.invokeStatic(java.lang.Object, float)'> (0x000000072536d630) 
thrown [s\src\hotspot\share\interpreter\linkResolver.cpp, line 759]
Event: 10.594 Thread 0x00000256d25d8f00 Exception <a 'java/lang/NoSuchMethodError'{0x0000000725371df8}: 'java.lang.Object java.lang.invoke.DirectMethodHandle$Holder.invokeSpecial(java.lang.Object, java.lang.Object, float)'> (0x0000000725371df8) 
thrown [s\src\hotspot\share\interpreter\linkResolver.cpp, line 759]

VM Operations (20 events):
Event: 5.517 Executing VM operation: HandshakeAllThreads
Event: 5.517 Executing VM operation: HandshakeAllThreads done
Event: 5.660 Executing VM operation: G1CollectForAllocation
Event: 5.665 Executing VM operation: G1CollectForAllocation done
Event: 6.255 Executing VM operation: G1CollectForAllocation
Event: 6.258 Executing VM operation: G1CollectForAllocation done
Event: 6.862 Executing VM operation: G1CollectForAllocation
Event: 6.866 Executing VM operation: G1CollectForAllocation done
Event: 7.660 Executing VM operation: G1CollectForAllocation
Event: 7.667 Executing VM operation: G1CollectForAllocation done
Event: 8.570 Executing VM operation: G1CollectForAllocation
Event: 8.597 Executing VM operation: G1CollectForAllocation done
Event: 9.545 Executing VM operation: G1CollectForAllocation
Event: 9.552 Executing VM operation: G1CollectForAllocation done
Event: 10.562 Executing VM operation: Cleanup
Event: 10.562 Executing VM operation: Cleanup done
Event: 11.574 Executing VM operation: Cleanup
Event: 11.575 Executing VM operation: Cleanup done
Event: 11.631 Executing VM operation: HandshakeAllThreads
Event: 11.631 Executing VM operation: HandshakeAllThreads done

Events (20 events):
Event: 11.224 loading class sun/awt/windows/WMouseInfoPeer done
Event: 11.224 loading class java/awt/PointerInfo
Event: 11.224 loading class java/awt/PointerInfo done
Event: 11.234 Thread 0x0000025716282210 Thread added: 0x0000025716282210
Event: 11.254 loading class java/lang/Math$RandomNumberGeneratorHolder
Event: 11.254 loading class java/lang/Math$RandomNumberGeneratorHolder done
Event: 11.269 Thread 0x000002571a5569a0 Thread added: 0x000002571a5569a0
Event: 11.293 Thread 0x00000256fc4f4320 Thread added: 0x00000256fc4f4320
Event: 11.293 Thread 0x000002570e4e9800 Thread added: 0x000002570e4e9800
Event: 11.294 Thread 0x00000256d127d1e0 Thread added: 0x00000256d127d1e0
Event: 11.639 Thread 0x00000256f7b116e0 flushing nmethod 0x00000256dbf48390
Event: 11.640 Thread 0x00000256f7b116e0 flushing nmethod 0x00000256dbfe7190
Event: 11.640 Thread 0x00000256f7b116e0 flushing nmethod 0x00000256dc05b490
Event: 11.640 Thread 0x00000256f7b116e0 flushing nmethod 0x00000256dc086f90
Event: 11.640 Thread 0x00000256f7b116e0 flushing nmethod 0x00000256dc107890
Event: 11.740 Thread 0x00000256d127d1e0 Thread exited: 0x00000256d127d1e0
Event: 11.755 Thread 0x000002570e4e9800 Thread exited: 0x000002570e4e9800
Event: 11.803 Thread 0x00000256fc4f4320 Thread exited: 0x00000256fc4f4320
Event: 11.803 Thread 0x000002571a5569a0 Thread exited: 0x000002571a5569a0
Event: 11.971 Thread 0x0000025716282210 Thread exited: 0x0000025716282210


Dynamic libraries:
0x00007ff7e1ba0000 - 0x00007ff7e1bae000 	C:\Users\sampw\.jdks\corretto-17.0.11\bin\java.exe
0x00007ffb00eb0000 - 0x00007ffb010c7000 	C:\WINDOWS\SYSTEM32\ntdll.dll
0x00007ffb001e0000 - 0x00007ffb002a4000 	C:\WINDOWS\System32\KERNEL32.DLL
0x00007ffafe840000 - 0x00007ffafebed000 	C:\WINDOWS\System32\KERNELBASE.dll
0x00007ffafe5b0000 - 0x00007ffafe6c1000 	C:\WINDOWS\System32\ucrtbase.dll
0x00007ffaf7da0000 - 0x00007ffaf7db7000 	C:\Users\sampw\.jdks\corretto-17.0.11\bin\jli.dll
0x00007ffaf7ea0000 - 0x00007ffaf7ebb000 	C:\Users\sampw\.jdks\corretto-17.0.11\bin\VCRUNTIME140.dll
0x00007ffb002b0000 - 0x00007ffb0045e000 	C:\WINDOWS\System32\USER32.dll
0x00007ffafe750000 - 0x00007ffafe776000 	C:\WINDOWS\System32\win32u.dll
0x00007ffafff80000 - 0x00007ffafffa9000 	C:\WINDOWS\System32\GDI32.dll
0x00007ffafe210000 - 0x00007ffafe329000 	C:\WINDOWS\System32\gdi32full.dll
0x00007ffaf4580000 - 0x00007ffaf4813000 	C:\WINDOWS\WinSxS\amd64_microsoft.windows.common-controls_6595b64144ccf1df_6.0.22621.3672_none_2713b9d173822955\COMCTL32.dll
0x00007ffafe330000 - 0x00007ffafe3ca000 	C:\WINDOWS\System32\msvcp_win.dll
0x00007ffaff000000 - 0x00007ffaff0a7000 	C:\WINDOWS\System32\msvcrt.dll
0x00007ffb00480000 - 0x00007ffb004b1000 	C:\WINDOWS\System32\IMM32.DLL
0x00007ffafaed0000 - 0x00007ffafaedc000 	C:\Users\sampw\.jdks\corretto-17.0.11\bin\vcruntime140_1.dll
0x00007ffaf3990000 - 0x00007ffaf3a1d000 	C:\Users\sampw\.jdks\corretto-17.0.11\bin\msvcp140.dll
0x00007ffa93f60000 - 0x00007ffa94bc2000 	C:\Users\sampw\.jdks\corretto-17.0.11\bin\server\jvm.dll
0x00007ffaffa00000 - 0x00007ffaffab2000 	C:\WINDOWS\System32\ADVAPI32.dll
0x00007ffb00130000 - 0x00007ffb001d9000 	C:\WINDOWS\System32\sechost.dll
0x00007ffafe1e0000 - 0x00007ffafe208000 	C:\WINDOWS\System32\bcrypt.dll
0x00007ffafffb0000 - 0x00007ffb000c4000 	C:\WINDOWS\System32\RPCRT4.dll
0x00007ffaf2430000 - 0x00007ffaf2464000 	C:\WINDOWS\SYSTEM32\WINMM.dll
0x00007ffafd070000 - 0x00007ffafd0bd000 	C:\WINDOWS\SYSTEM32\POWRPROF.dll
0x00007ffaf7d60000 - 0x00007ffaf7d69000 	C:\WINDOWS\SYSTEM32\WSOCK32.dll
0x00007ffaf4900000 - 0x00007ffaf490a000 	C:\WINDOWS\SYSTEM32\VERSION.dll
0x00007ffafef80000 - 0x00007ffafeff1000 	C:\WINDOWS\System32\WS2_32.dll
0x00007ffafd050000 - 0x00007ffafd063000 	C:\WINDOWS\SYSTEM32\UMPDC.dll
0x00007ffafd300000 - 0x00007ffafd318000 	C:\WINDOWS\SYSTEM32\kernel.appcore.dll
0x00007ffafaeb0000 - 0x00007ffafaeba000 	C:\Users\sampw\.jdks\corretto-17.0.11\bin\jimage.dll
0x00007ffafbbe0000 - 0x00007ffafbe12000 	C:\WINDOWS\SYSTEM32\DBGHELP.DLL
0x00007ffafebf0000 - 0x00007ffafef78000 	C:\WINDOWS\System32\combase.dll
0x00007ffb00680000 - 0x00007ffb00757000 	C:\WINDOWS\System32\OLEAUT32.dll
0x00007ffaf2630000 - 0x00007ffaf2662000 	C:\WINDOWS\SYSTEM32\dbgcore.DLL
0x00007ffafe6d0000 - 0x00007ffafe74b000 	C:\WINDOWS\System32\bcryptPrimitives.dll
0x00007ffaf9320000 - 0x00007ffaf932e000 	C:\Users\sampw\.jdks\corretto-17.0.11\bin\instrument.dll
0x00007ffaf3a70000 - 0x00007ffaf3a95000 	C:\Users\sampw\.jdks\corretto-17.0.11\bin\java.dll
0x00007ffaf38b0000 - 0x00007ffaf3987000 	C:\Users\sampw\.jdks\corretto-17.0.11\bin\jsvml.dll
0x00007ffaff0b0000 - 0x00007ffaff90f000 	C:\WINDOWS\System32\SHELL32.dll
0x00007ffafc100000 - 0x00007ffafc9fc000 	C:\WINDOWS\SYSTEM32\windows.storage.dll
0x00007ffafbfc0000 - 0x00007ffafc0ff000 	C:\WINDOWS\SYSTEM32\wintypes.dll
0x00007ffaffac0000 - 0x00007ffaffbb4000 	C:\WINDOWS\System32\SHCORE.dll
0x00007ffaff910000 - 0x00007ffaff96e000 	C:\WINDOWS\System32\shlwapi.dll
0x00007ffafe110000 - 0x00007ffafe131000 	C:\WINDOWS\SYSTEM32\profapi.dll
0x00007ffaf2380000 - 0x00007ffaf2398000 	C:\Users\sampw\.jdks\corretto-17.0.11\bin\zip.dll
0x00007ffaf4490000 - 0x00007ffaf44a9000 	C:\Users\sampw\.jdks\corretto-17.0.11\bin\net.dll
0x00007ffaf9a40000 - 0x00007ffaf9b76000 	C:\WINDOWS\SYSTEM32\WINHTTP.dll
0x00007ffafd770000 - 0x00007ffafd7d9000 	C:\WINDOWS\system32\mswsock.dll
0x00007ffaf3890000 - 0x00007ffaf38a6000 	C:\Users\sampw\.jdks\corretto-17.0.11\bin\nio.dll
0x00007ffaf2330000 - 0x00007ffaf234a000 	C:\Program Files\JetBrains\IntelliJ IDEA Community Edition 2024.1.4\bin\breakgen64.dll
0x00007ffaf3a60000 - 0x00007ffaf3a69000 	C:\Users\sampw\.jdks\corretto-17.0.11\bin\extnet.dll
0x00007ffaec380000 - 0x00007ffaec3fa000 	C:\Users\sampw\AppData\Local\Temp\lwjgl_sampw\3.3.2+13\x64\lwjgl.dll
0x00007ffa968c0000 - 0x00007ffa96b30000 	C:\Users\sampw\AppData\Local\Temp\lwjgl_sampw\3.3.2+13\x64\jemalloc.dll
0x00007ffa978c0000 - 0x00007ffa97a50000 	C:\Users\sampw\.jdks\corretto-17.0.11\bin\awt.dll
0x00007ffaf75f0000 - 0x00007ffaf7687000 	C:\WINDOWS\SYSTEM32\apphelp.dll
0x00007ffafb380000 - 0x00007ffafb3ab000 	C:\WINDOWS\system32\DWMAPI.DLL
0x00007ffafb100000 - 0x00007ffafb1af000 	C:\WINDOWS\system32\uxtheme.dll
0x00007ffa8e250000 - 0x00007ffa8e350000 	C:\WINDOWS\system32\opengl32.dll
0x00007ffa94c00000 - 0x00007ffa94c2d000 	C:\WINDOWS\SYSTEM32\GLU32.dll
0x00007ffafb440000 - 0x00007ffafb479000 	C:\WINDOWS\SYSTEM32\dxcore.dll
0x00007ffaffc40000 - 0x00007ffaffd93000 	C:\WINDOWS\System32\MSCTF.dll
0x00007ffaffdd0000 - 0x00007ffafff75000 	C:\WINDOWS\System32\ole32.dll
0x00007ffabd690000 - 0x00007ffabd838000 	C:\WINDOWS\system32\d3d9.dll
0x00007ffaf2470000 - 0x00007ffaf262a000 	C:\WINDOWS\System32\DriverStore\FileRepository\u0381040.inf_amd64_4455b7391a60ce8d\B380794\aticfx64.dll
0x00007ffa8d220000 - 0x00007ffa8d254000 	C:\WINDOWS\System32\DriverStore\FileRepository\u0381040.inf_amd64_4455b7391a60ce8d\B380794\atiu9p64.dll
0x00007ffa8c4c0000 - 0x00007ffa8d216000 	C:\WINDOWS\System32\DriverStore\FileRepository\u0381040.inf_amd64_4455b7391a60ce8d\B380794\atiumd64.dll
0x000000006df50000 - 0x000000006ee0f000 	C:\WINDOWS\System32\DriverStore\FileRepository\u0381040.inf_amd64_4455b7391a60ce8d\B380794\atiumd6a.dll
0x00007ffb00760000 - 0x00007ffb00bd4000 	C:\WINDOWS\System32\SETUPAPI.dll
0x00007ffaf3e40000 - 0x00007ffaf3e70000 	C:\WINDOWS\SYSTEM32\amdihk64.dll
0x00007ffaf4db0000 - 0x00007ffaf4df9000 	C:\WINDOWS\SYSTEM32\directxdatabasehelper.dll
0x00007ffad8020000 - 0x00007ffad80a7000 	C:\Users\sampw\.jdks\corretto-17.0.11\bin\freetype.dll
0x00007ffad7740000 - 0x00007ffad7822000 	C:\Users\sampw\.jdks\corretto-17.0.11\bin\fontmanager.dll
0x00007ffb00bf0000 - 0x00007ffb00ca0000 	C:\WINDOWS\System32\clbcatq.dll
0x00007ffafaf10000 - 0x00007ffafb0c0000 	C:\WINDOWS\SYSTEM32\WindowsCodecs.dll
0x00007ffad78f0000 - 0x00007ffad794e000 	C:\WINDOWS\system32\dataexchange.dll
0x00007ffaf8050000 - 0x00007ffaf82da000 	C:\WINDOWS\system32\twinapi.appcore.dll
0x00007ffaf2090000 - 0x00007ffaf21de000 	C:\WINDOWS\SYSTEM32\textinputframework.dll
0x00007ffad8b50000 - 0x00007ffad8bb9000 	C:\WINDOWS\system32\Oleacc.dll
0x00007ffaf0f30000 - 0x00007ffaf0f7b000 	C:\WINDOWS\system32\ApplicationTargetedFeatureDatabase.dll
0x00007ffaf2370000 - 0x00007ffaf2380000 	C:\Users\sampw\.jdks\corretto-17.0.11\bin\verify.dll
0x00007ffaf7090000 - 0x00007ffaf71c3000 	C:\WINDOWS\SYSTEM32\CoreMessaging.dll
0x00007ffaf3f70000 - 0x00007ffaf42dd000 	C:\WINDOWS\SYSTEM32\CoreUIComponents.dll
0x00007ffafd9d0000 - 0x00007ffafd9dc000 	C:\WINDOWS\SYSTEM32\CRYPTBASE.DLL
0x00007ffad23e0000 - 0x00007ffad2462000 	C:\Users\sampw\AppData\Local\Temp\lwjgl_sampw\3.3.2+13\x64\glfw.dll
0x00007ffaec330000 - 0x00007ffaec376000 	C:\WINDOWS\SYSTEM32\dinput8.dll
0x00007ffaf1a30000 - 0x00007ffaf1a41000 	C:\WINDOWS\SYSTEM32\xinput1_4.dll
0x00007ffafdec0000 - 0x00007ffafdf0e000 	C:\WINDOWS\SYSTEM32\cfgmgr32.dll
0x00007ffafde90000 - 0x00007ffafdebc000 	C:\WINDOWS\SYSTEM32\DEVOBJ.dll
0x00007ffaf01d0000 - 0x00007ffaf03de000 	C:\WINDOWS\SYSTEM32\inputhost.dll
0x00007ffaf8d20000 - 0x00007ffaf8e62000 	C:\Windows\System32\AppXDeploymentClient.dll
0x00007ffae7270000 - 0x00007ffae729c000 	C:\WINDOWS\System32\DriverStore\FileRepository\u0381040.inf_amd64_4455b7391a60ce8d\B380794\atig6pxx.dll
0x00007ffa857d0000 - 0x00007ffa88630000 	C:\WINDOWS\System32\DriverStore\FileRepository\u0381040.inf_amd64_4455b7391a60ce8d\B380794\atio6axx.dll
0x00007ffa95240000 - 0x00007ffa95265000 	C:\WINDOWS\SYSTEM32\dxva2.dll
0x00007ffae0bf0000 - 0x00007ffae0c2f000 	C:\WINDOWS\System32\DriverStore\FileRepository\u0381040.inf_amd64_4455b7391a60ce8d\B380794\atig6txx.dll
0x00007ffa89c30000 - 0x00007ffa89e00000 	C:\WINDOWS\SYSTEM32\atiadlxx.dll
0x00007ffb00be0000 - 0x00007ffb00be8000 	C:\WINDOWS\System32\PSAPI.DLL
0x00007ffafbe30000 - 0x00007ffafbf30000 	C:\WINDOWS\SYSTEM32\PROPSYS.dll
0x00007ffadfaf0000 - 0x00007ffadfb40000 	C:\WINDOWS\SYSTEM32\pdh.dll
0x00007ffafe3d0000 - 0x00007ffafe43b000 	C:\WINDOWS\System32\WINTRUST.dll
0x00007ffafe440000 - 0x00007ffafe5a7000 	C:\WINDOWS\System32\CRYPT32.dll
0x00007ffafda30000 - 0x00007ffafda42000 	C:\WINDOWS\SYSTEM32\MSASN1.dll
0x00007ffad76e0000 - 0x00007ffad773e000 	C:\Users\sampw\AppData\Local\Temp\lwjgl_sampw\3.3.2+13\x64\lwjgl_opengl.dll
0x00007ffad0000000 - 0x00007ffad0073000 	C:\Users\sampw\AppData\Local\Temp\lwjgl_sampw\3.3.2+13\x64\lwjgl_nuklear.dll
0x00007ffacff70000 - 0x00007ffacfff2000 	C:\Users\sampw\AppData\Local\Temp\lwjgl_sampw\3.3.2+13\x64\lwjgl_stb.dll
0x00007ffaf96a0000 - 0x00007ffaf975c000 	C:\WINDOWS\SYSTEM32\mscms.dll
0x00007ffa8aa40000 - 0x00007ffa8aa89000 	C:\WINDOWS\SYSTEM32\icm32.dll
0x00007ffad1270000 - 0x00007ffad1287000 	C:\WINDOWS\system32\napinsp.dll
0x00007ffad1250000 - 0x00007ffad126b000 	C:\WINDOWS\system32\pnrpnsp.dll
0x00007ffafcd40000 - 0x00007ffafce38000 	C:\WINDOWS\SYSTEM32\DNSAPI.dll
0x00007ffafccd0000 - 0x00007ffafccfd000 	C:\WINDOWS\SYSTEM32\IPHLPAPI.DLL
0x00007ffb00460000 - 0x00007ffb00469000 	C:\WINDOWS\System32\NSI.dll
0x00007ffad1230000 - 0x00007ffad1241000 	C:\WINDOWS\System32\winrnr.dll
0x00007ffaf8e70000 - 0x00007ffaf8e85000 	C:\WINDOWS\system32\wshbth.dll
0x00007ffad1200000 - 0x00007ffad1227000 	C:\WINDOWS\system32\nlansp_c.dll
0x00007ffaf9780000 - 0x00007ffaf978a000 	C:\Windows\System32\rasadhlp.dll
0x00007ffaf8aa0000 - 0x00007ffaf8b23000 	C:\WINDOWS\System32\fwpuclnt.dll

dbghelp: loaded successfully - version: 4.0.5 - missing functions: none
symbol engine: initialized successfully - sym options: 0x614 - pdb path: .;C:\Users\sampw\.jdks\corretto-17.0.11\bin;C:\WINDOWS\SYSTEM32;C:\WINDOWS\WinSxS\amd64_microsoft.windows.common-controls_6595b64144ccf1df_6.0.22621.3672_none_2713b9d173822955;C:\Users\sampw\.jdks\corretto-17.0.11\bin\server;C:\Program Files\JetBrains\IntelliJ IDEA Community Edition 2024.1.4\bin;C:\Users\sampw\AppData\Local\Temp\lwjgl_sampw\3.3.2+13\x64;C:\WINDOWS\System32\DriverStore\FileRepository\u0381040.inf_amd64_4455b7391a60ce8d\B380794

VM Arguments:
jvm_args: -javaagent:C:\Program Files\JetBrains\IntelliJ IDEA Community Edition 2024.1.4\lib\idea_rt.jar=63957:C:\Program Files\JetBrains\IntelliJ IDEA Community Edition 2024.1.4\bin -Dfile.encoding=UTF-8 
java_command: com.xbuilders.game.Main devmode
java_class_path (initial): C:\Local Files\github\Xbuilders\target\classes;C:\Users\sampw\.m2\repository\com\google\code\gson\gson\2.10.1\gson-2.10.1.jar;C:\Users\sampw\.m2\repository\org\lwjgl\lwjgl\3.3.2\lwjgl-3.3.2.jar;C:\Users\sampw\.m2\repository\org\lwjgl\lwjgl-assimp\3.3.2\lwjgl-assimp-3.3.2.jar;C:\Users\sampw\.m2\repository\org\lwjgl\lwjgl-bgfx\3.3.2\lwjgl-bgfx-3.3.2.jar;C:\Users\sampw\.m2\repository\org\lwjgl\lwjgl-cuda\3.3.2\lwjgl-cuda-3.3.2.jar;C:\Users\sampw\.m2\repository\org\lwjgl\lwjgl-egl\3.3.2\lwjgl-egl-3.3.2.jar;C:\Users\sampw\.m2\repository\org\lwjgl\lwjgl-fmod\3.3.2\lwjgl-fmod-3.3.2.jar;C:\Users\sampw\.m2\repository\org\lwjgl\lwjgl-freetype\3.3.2\lwjgl-freetype-3.3.2.jar;C:\Users\sampw\.m2\repository\org\lwjgl\lwjgl-glfw\3.3.2\lwjgl-glfw-3.3.2.jar;C:\Users\sampw\.m2\repository\org\lwjgl\lwjgl-harfbuzz\3.3.2\lwjgl-harfbuzz-3.3.2.jar;C:\Users\sampw\.m2\repository\org\lwjgl\lwjgl-hwloc\3.3.2\lwjgl-hwloc-3.3.2.jar;C:\Users\sampw\.m2\repository\org\lwjgl\lwjgl-jawt\3.3.2\lwjgl-jawt-3.3.2.jar;C:\Users\sampw\.m2\repository\org\lwjgl\lwjgl-jemalloc\3.3.2\lwjgl-jemalloc-3.3.2.jar;C:\Users\sampw\.m2\repository\org\lwjgl\lwjgl-ktx\3.3.2\lwjgl-ktx-3.3.2.jar;C:\Users\sampw\.m2\repository\org\lwjgl\lwjgl-libdivide\3.3.2\lwjgl-libdivide-3.3.2.jar;C:\Users\sampw\.m2\repository\org\lwjgl\lwjgl-llvm\3.3.2\lwjgl-llvm-3.3.2.jar;C:\Users\sampw\.m2\repository\org\lwjgl\lwjgl-lmdb\3.3.2\lwjgl-lmdb-3.3.2.jar;C:\Users\sampw\.m2\repository\org\lwjgl\lwjgl-lz4\3.3.2\lwjgl-lz4-3.3.2.jar;C:\Users\sampw\.m2\repository\org\lwjgl\lwjgl-meow\3.3.2\lwjgl-meow-3.3.2.jar;C:\Users\sampw\.m2\repository\org\lwjgl\lwjgl-meshoptimizer\3.3.2\lwjgl-meshoptimizer-3.3.2.jar;C:\Users\sampw\.m2\repository\org\lwjgl\lwjgl-nanovg\3.3.2\lwjgl-nanovg-3.3.2.jar;C:\Users\sampw\.m2\repository\org\lwjgl\lwjgl-nfd\3.3.2\lwjgl-nfd-3.3.2.jar;C:\Users\sampw\.m2\repository\org\lwjgl\lwjgl-nuklear\3.3.2\lwjgl-nuklear-3.3.2.jar;C:\Users\sampw\.m2\repository\org\lwjgl\lwjgl-odbc\3.3.2\lwjgl-odbc-3.3.2.jar;C
Launcher Type: SUN_STANDARD

[Global flags]
     intx CICompilerCount                          = 12                                        {product} {ergonomic}
     uint ConcGCThreads                            = 3                                         {product} {ergonomic}
     uint G1ConcRefinementThreads                  = 13                                        {product} {ergonomic}
   size_t G1HeapRegionSize                         = 2097152                                   {product} {ergonomic}
    uintx GCDrainStackTargetSize                   = 64                                        {product} {ergonomic}
   size_t InitialHeapSize                          = 257949696                                 {product} {ergonomic}
   size_t MarkStackSize                            = 4194304                                   {product} {ergonomic}
   size_t MaxHeapSize                              = 4114612224                                {product} {ergonomic}
   size_t MaxNewSize                               = 2468347904                                {product} {ergonomic}
   size_t MinHeapDeltaBytes                        = 2097152                                   {product} {ergonomic}
   size_t MinHeapSize                              = 8388608                                   {product} {ergonomic}
    uintx NonNMethodCodeHeapSize                   = 7602480                                {pd product} {ergonomic}
    uintx NonProfiledCodeHeapSize                  = 122027880                              {pd product} {ergonomic}
    uintx ProfiledCodeHeapSize                     = 122027880                              {pd product} {ergonomic}
    uintx ReservedCodeCacheSize                    = 251658240                              {pd product} {ergonomic}
     bool SegmentedCodeCache                       = true                                      {product} {ergonomic}
   size_t SoftMaxHeapSize                          = 4114612224                             {manageable} {ergonomic}
     bool UseCompressedClassPointers               = true                           {product lp64_product} {ergonomic}
     bool UseCompressedOops                        = true                           {product lp64_product} {ergonomic}
     bool UseG1GC                                  = true                                      {product} {ergonomic}
     bool UseLargePagesIndividualAllocation        = false                                  {pd product} {ergonomic}

Logging:
Log output configuration:
 #0: stdout all=warning uptime,level,tags
 #1: stderr all=off uptime,level,tags

Environment Variables:
JAVA_HOME=C:\Program Files\Java\jdk-17.0.1
PATH=C:\Program Files\Common Files\Oracle\Java\javapath;C:\WINDOWS\system32;C:\WINDOWS;C:\WINDOWS\System32\Wbem;C:\WINDOWS\System32\WindowsPowerShell\v1.0\;C:\WINDOWS\System32\OpenSSH\;C:\Program Files\PuTTY\;C:\Program Files\nodejs\;C:\Program Files\Java\jdk-16.0.1\bin;C:\Program Files\Apache Software Foundation\apache-maven-3.8.1\bin;C:\Program Files\dotnet\;C:\Program Files\HP\HP One Agent;C:\Program Files\Git\cmd;C:\Program Files (x86)\Windows Kits\10\Windows Performance Toolkit\;C:\Program Files\GitHub CLI\;C:\Users\sampw\AppData\Local\Microsoft\WindowsApps;C:\Users\sampw\AppData\Roaming\npm;C:\Program Files (x86)\mingw-w64\i686-8.1.0-posix-dwarf-rt_v6-rev0\mingw32\bin;C:\Users\sampw\anaconda3;C:\Program Files\heroku\bin;C:\Programs\Program Downloads\ffmpeg-N-102431-gf140239777-win64-gpl-shared\bin;C:\Users\sampw\AppData\Local\Packages\PythonSoftwareFoundation.Python.3.9_qbz5n2kfra8p0\LocalCache\local-packages\Python39\Scripts;C:\Programs\apache-ant-1.10.13\bin;C:\Program Files\Microsoft Visual Studio\2022\Community\Common7\IDE\CommonExtensions\Microsoft\CMake\CMake\bin\;C:\Program Files\JetBrains\IntelliJ IDEA Community Edition 2023.3.2\bin;;C:\Users\sampw\AppData\Local\Programs\Microsoft VS Code\bin;C:\Users\sampw\AppData\Local\GitHubDesktop\bin
USERNAME=sampw
OS=Windows_NT
PROCESSOR_IDENTIFIER=AMD64 Family 23 Model 104 Stepping 1, AuthenticAMD
TMP=C:\Users\sampw\AppData\Local\Temp
TEMP=C:\Users\sampw\AppData\Local\Temp



Periodic native trim disabled


---------------  S Y S T E M  ---------------

OS:
 Windows 11 , 64 bit Build 22621 (10.0.22621.3672)
OS uptime: 2 days 15:46 hours
Hyper-V role detected

CPU: total 16 (initial active 16) (16 cores per cpu, 2 threads per core) family 23 model 104 stepping 1 microcode 0x0, cx8, cmov, fxsr, ht, mmx, 3dnowpref, sse, sse2, sse3, ssse3, sse4a, sse4.1, sse4.2, popcnt, lzcnt, tsc, tscinvbit, avx, avx2, aes, clmul, bmi1, bmi2, adx, sha, fma, vzeroupper, clflush, clflushopt, hv
Processor Information for all 16 processors :
  Max Mhz: 1801, Current Mhz: 1801, Mhz Limit: 1801

Memory: 4k page, system-wide physical 15695M (4330M free)
TotalPageFile size 31391M (AvailPageFile size 13671M)
current process WorkingSet (physical memory assigned to process): 724M, peak: 730M
current process commit charge ("private bytes"): 1181M, peak: 1184M

vm_info: OpenJDK 64-Bit Server VM (17.0.11+9-LTS) for windows-amd64 JRE (17.0.11+9-LTS), built on Apr 10 2024 22:12:24 by "Administrator" with MS VC++ 16.10 / 16.11 (VS2019)

END.
