#
# A fatal error has been detected by the Java Runtime Environment:
#
#  EXCEPTION_ACCESS_VIOLATION (0xc0000005) at pc=0x00007ffa45a7cbad, pid=20268, tid=22432
#
# JRE version: OpenJDK Runtime Environment Corretto-17.0.11.9.1 (17.0.11+9) (build 17.0.11+9-LTS)
# Java VM: OpenJDK 64-Bit Server VM Corretto-17.0.11.9.1 (17.0.11+9-LTS, mixed mode, sharing, tiered, compressed oops, compressed class ptrs, g1 gc, windows-amd64)
# Problematic frame:
# C  [lwjgl_nuklear.dll+0x1cbad]
#
# No core dump will be written. Minidumps are not enabled by default on client versions of Windows
#
# If you would like to submit a bug report, please visit:
#   https://github.com/corretto/corretto-17/issues/
# The crash happened outside the Java Virtual Machine in native code.
# See problematic frame for where to report the bug.
#

---------------  S U M M A R Y ------------

Command Line: -javaagent:C:\Program Files\JetBrains\IntelliJ IDEA Community Edition 2024.1\lib\idea_rt.jar=64574:C:\Program Files\JetBrains\IntelliJ IDEA Community Edition 2024.1\bin -Dfile.encoding=UTF-8 com.xbuilders.Main devmode name=DEV

Host: Intel(R) Core(TM) i5-3570K CPU @ 3.40GHz, 4 cores, 15G,  Windows 10 , 64 bit Build 19041 (10.0.19041.4717)
Time: Sat Feb 22 15:25:16 2025 Mountain Standard Time elapsed time: 17.179020 seconds (0d 0h 0m 17s)

---------------  T H R E A D  ---------------

Current thread (0x00000260f1088b40):  JavaThread "main" [_thread_in_native, id=22432, stack(0x00000074a6100000,0x00000074a6200000)]

Stack: [0x00000074a6100000,0x00000074a6200000],  sp=0x00000074a61fee40,  free space=1019k
Native frames: (J=compiled Java code, j=interpreted, Vv=VM code, C=native code)
C  [lwjgl_nuklear.dll+0x1cbad]

Java frames: (J=compiled Java code, j=interpreted, Vv=VM code)
j  org.lwjgl.nuklear.Nuklear.nnk_group_end(J)V+0
j  org.lwjgl.nuklear.Nuklear.nk_group_end(Lorg/lwjgl/nuklear/NkContext;)V+4
j  com.xbuilders.content.vanilla.ui.UI_RecipeIndex.drawWindow(Lorg/lwjgl/system/MemoryStack;Lorg/lwjgl/nuklear/NkRect;)V+266
j  com.xbuilders.engine.client.visuals.gameScene.items.UI_ItemWindow.draw(Lorg/lwjgl/system/MemoryStack;)V+157
j  com.xbuilders.content.vanilla.ui.GameMenus.draw(Lorg/lwjgl/system/MemoryStack;)Z+38
j  com.xbuilders.content.vanilla.XbuildersGame.uiDraw(Lorg/lwjgl/system/MemoryStack;)Z+5
j  com.xbuilders.engine.client.visuals.gameScene.GameUI.draw()V+101
j  com.xbuilders.engine.client.visuals.gameScene.GameScene.render()V+197
J 5625 c1 com.xbuilders.engine.client.ClientWindow.render()V (42 bytes) @ 0x00000260808d3704 [0x00000260808d3600+0x0000000000000104]
j  com.xbuilders.engine.client.ClientWindow.<init>([Ljava/lang/String;)V+316
j  com.xbuilders.Main.main([Ljava/lang/String;)V+5
v  ~StubRoutines::call_stub

siginfo: EXCEPTION_ACCESS_VIOLATION (0xc0000005), reading address 0x0000000000000044


Registers:
RAX=0x00000074a61fee70, RBX=0x00000260dcb7d000, RCX=0x0000000000000000, RDX=0x0000000000000010
RSP=0x00000074a61fee40, RBP=0x00000074a61fef40, RSI=0x00000260e7240810, RDI=0x00000260e7240010
R8 =0x00000000000000c8, R9 =0x00000000000000e0, R10=0x00007ffa45a60000, R11=0x00007ffa45a9c511
R12=0x0000000000000000, R13=0x00000260d7041c90, R14=0x00000260e7240878, R15=0x0000000000000000
RIP=0x00007ffa45a7cbad, EFLAGS=0x0000000000010202


Register to memory mapping:

RIP=0x00007ffa45a7cbad lwjgl_nuklear.dll
RAX=0x00000074a61fee70 is pointing into the stack for thread: 0x00000260f1088b40
RBX=0x00000260dcb7d000 points into unknown readable memory: 0x0000000000000000 | 00 00 00 00 00 00 00 00
RCX=0x0 is NULL
RDX=0x0000000000000010 is an unknown value
RSP=0x00000074a61fee40 is pointing into the stack for thread: 0x00000260f1088b40
RBP=0x00000074a61fef40 is pointing into the stack for thread: 0x00000260f1088b40
RSI=0x00000260e7240810 points into unknown readable memory: 0x584c654900000205 | 05 02 00 00 49 65 4c 58
RDI=0x00000260e7240010 points into unknown readable memory: 0x0000046800000001 | 01 00 00 00 68 04 00 00
R8 =0x00000000000000c8 is an unknown value
R9 =0x00000000000000e0 is an unknown value
R10=0x00007ffa45a60000 lwjgl_nuklear.dll
R11=0x00007ffa45a9c511 lwjgl_nuklear.dll
R12=0x0 is NULL
R13={method} {0x00000260d7041c98} 'nnk_group_end' '(J)V' in 'org/lwjgl/nuklear/Nuklear'
R14=0x00000260e7240878 points into unknown readable memory: 0x00000260dcb7f330 | 30 f3 b7 dc 60 02 00 00
R15=0x0 is NULL


Top of Stack: (sp=0x00000074a61fee40)
0x00000074a61fee40:   00000260d7637140 0000007400000004
0x00000074a61fee50:   00000260f1088b40 00000074a61feeb8
0x00000074a61fee60:   00000260d70a0000 0000000000000000
0x00000074a61fee70:   0000000000000000 0000000000000000
0x00000074a61fee80:   0000000000000000 0000000000000000
0x00000074a61fee90:   0000000000000000 0000000000000000
0x00000074a61feea0:   0000000000000000 0000000000000000
0x00000074a61feeb0:   0000000000000000 4311000000000468
0x00000074a61feec0:   441d800042b40000 0000000044070000
0x00000074a61feed0:   0000000000000000 00000260dcb7f330
0x00000074a61feee0:   42e8000043150000 44008000441b8000
0x00000074a61feef0:   0000000000000001 0000000000000000
0x00000074a61fef00:   0000000000000000 0000000000000490
0x00000074a61fef10:   0000000000000470 00000260e7240010
0x00000074a61fef20:   0000000000000000 0000000000000000
0x00000074a61fef30:   0000000000000000 0000000000000000
0x00000074a61fef40:   0000000000000000 0000000000000000
0x00000074a61fef50:   0000000000000000 0000000000000000
0x00000074a61fef60:   0000000000000000 0000000000000000
0x00000074a61fef70:   0000000000000000 0000000000000000
0x00000074a61fef80:   0000000000000000 0000000000000000
0x00000074a61fef90:   0000000000000000 0000000000000000
0x00000074a61fefa0:   0000000000000000 0000000000000000
0x00000074a61fefb0:   0000000000000000 0000000000000000
0x00000074a61fefc0:   0000000000000000 0000000000000000
0x00000074a61fefd0:   0000000000000000 0000000000000000
0x00000074a61fefe0:   0000000000000000 0000000000000000
0x00000074a61feff0:   0000000000000000 0000000000000000
0x00000074a61ff000:   0000000000000000 0000000000000000
0x00000074a61ff010:   0000000000000000 0000000000000000
0x00000074a61ff020:   0000000000000000 0000000000000000
0x00000074a61ff030:   0000000000000000 0000000000000000 

Instructions: (pc=0x00007ffa45a7cbad)
0x00007ffa45a7caad:   f3 0f 10 6f 08 f3 0f 5c ee f3 0f 11 6c 24 7c f3
0x00007ffa45a7cabd:   0f 58 5f 10 f3 0f 11 5d 84 f3 0f 10 57 14 f3 0f
0x00007ffa45a7cacd:   58 57 38 f3 0f 58 57 60 f3 0f 11 55 88 f6 47 04
0x00007ffa45a7cadd:   01 74 3f f3 0f 5c 6f 3c f3 0f 11 6c 24 7c f3 0f
0x00007ffa45a7caed:   5c 67 3c f3 0f 11 65 80 f3 0f 10 47 3c f3 0f 58
0x00007ffa45a7cafd:   c0 f3 0f 58 c3 f3 0f 11 45 84 0f 28 d8 f3 0f 10
0x00007ffa45a7cb0d:   4f 3c f3 0f 58 c9 f3 0f 58 ca f3 0f 11 4d 88 0f
0x00007ffa45a7cb1d:   28 d1 f6 47 04 20 75 1a f3 0f 58 9b e4 22 00 00
0x00007ffa45a7cb2d:   f3 0f 58 93 e8 22 00 00 f3 0f 11 5d 84 f3 0f 11
0x00007ffa45a7cb3d:   55 88 48 8b 47 18 4c 8d 76 68 44 0f 28 cd f3 0f
0x00007ffa45a7cb4d:   58 dd f3 0f 58 d4 44 0f 28 d4 8b 08 89 4d 8c 48
0x00007ffa45a7cb5d:   8b 47 20 f3 0f 58 d6 0f 57 f6 8b 08 89 4d 90 8b
0x00007ffa45a7cb6d:   47 04 89 44 24 78 48 8d 44 24 30 41 0f 10 06 0f
0x00007ffa45a7cb7d:   11 45 98 41 0f 10 4e 10 0f 11 4d a8 41 0f 10 46
0x00007ffa45a7cb8d:   20 0f 11 45 b8 41 0f 10 4e 30 48 89 7d d8 48 89
0x00007ffa45a7cb9d:   b5 00 01 00 00 0f 11 4d c8 48 89 83 b8 45 00 00
0x00007ffa45a7cbad:   f3 45 0f 10 47 44 f3 41 0f 10 7f 48 f3 45 0f 5f
0x00007ffa45a7cbbd:   c8 f3 45 0f 58 47 4c f3 44 0f 5f d7 f3 41 0f 58
0x00007ffa45a7cbcd:   7f 50 f3 44 0f 5d c3 f3 0f 5d fa f3 45 0f 5c c1
0x00007ffa45a7cbdd:   f3 41 0f 5c fa 44 0f 2f c6 77 04 45 0f 57 c0 0f
0x00007ffa45a7cbed:   2f fe 77 03 0f 57 ff ba 01 00 00 00 f3 44 0f 11
0x00007ffa45a7cbfd:   4d a0 48 8d 4d 98 f3 44 0f 11 55 a4 f3 44 0f 11
0x00007ffa45a7cc0d:   45 a8 f3 0f 11 7d ac 44 8d 42 1f e8 b3 6f fe ff
0x00007ffa45a7cc1d:   48 8b d0 48 85 c0 74 2c f3 41 0f 2c c9 f3 44 0f
0x00007ffa45a7cc2d:   5f c6 66 89 48 18 f3 0f 5f fe f3 41 0f 2c ca 66
0x00007ffa45a7cc3d:   89 48 1a f3 41 0f 2c c8 66 89 48 1c f3 0f 2c c7
0x00007ffa45a7cc4d:   66 89 42 1e 48 8b 83 b8 45 00 00 48 85 c0 74 43
0x00007ffa45a7cc5d:   48 8b 88 a8 00 00 00 48 85 c9 74 2c 83 39 01 75
0x00007ffa45a7cc6d:   09 f7 40 48 00 20 00 00 75 1e 48 8b cb e8 d1 a9
0x00007ffa45a7cc7d:   ff ff 48 8b 93 b8 45 00 00 48 8b cb 48 8b 92 a8
0x00007ffa45a7cc8d:   00 00 00 e8 9b 95 ff ff 48 c7 83 b8 45 00 00 00
0x00007ffa45a7cc9d:   00 00 00 0f 10 45 98 41 0f 11 06 0f 10 4d a8 41 


Stack slot to memory mapping:
stack at sp + 0 slots: {method} {0x00000260d7637148} 'drawRecipe' '(Lorg/lwjgl/nuklear/NkContext;I)V' in 'com/xbuilders/engine/client/visuals/RecipeDisplay'
stack at sp + 1 slots: 0x0000007400000004 is an unknown value
stack at sp + 2 slots: 0x00000260f1088b40 is a thread
stack at sp + 3 slots: 0x00000074a61feeb8 is pointing into the stack for thread: 0x00000260f1088b40
stack at sp + 4 slots: 0x00000260d70a0000 is pointing into metadata
stack at sp + 5 slots: 0x0 is NULL
stack at sp + 6 slots: 0x0 is NULL
stack at sp + 7 slots: 0x0 is NULL


Compiled method (c1)   17277 5625       3       com.xbuilders.engine.client.ClientWindow::render (42 bytes)
 total in heap  [0x00000260808d3410,0x00000260808d39f8] = 1512
 relocation     [0x00000260808d3568,0x00000260808d35e8] = 128
 main code      [0x00000260808d3600,0x00000260808d3840] = 576
 stub code      [0x00000260808d3840,0x00000260808d38b8] = 120
 oops           [0x00000260808d38b8,0x00000260808d38c0] = 8
 metadata       [0x00000260808d38c0,0x00000260808d38e8] = 40
 scopes data    [0x00000260808d38e8,0x00000260808d3910] = 40
 scopes pcs     [0x00000260808d3910,0x00000260808d39c0] = 176
 dependencies   [0x00000260808d39c0,0x00000260808d39d0] = 16
 nul chk table  [0x00000260808d39d0,0x00000260808d39f8] = 40

[Constant Pool (empty)]

[MachCode]
[Entry Point]
  # {method} {0x00000260d6405770} 'render' '()V' in 'com/xbuilders/engine/client/ClientWindow'
  #           [sp+0x50]  (sp of caller)
  0x00000260808d3600: 448b 5208 | 49bb 0000 | 0095 6002 | 0000 4d03 | d34c 3bd0 

  0x00000260808d3614: ;   {runtime_call ic_miss_stub}
  0x00000260808d3614: 0f85 66da | ca06 660f | 1f44 0000 
[Verified Entry Point]
  0x00000260808d3620: 8984 2400 | 90ff ff55 | 4883 ec40 

  0x00000260808d362c: ;   {metadata(method data for {method} {0x00000260d6405770} 'render' '()V' in 'com/xbuilders/engine/client/ClientWindow')}
  0x00000260808d362c: 48be 30d2 | e3d7 6002 | 0000 8bbe | cc00 0000 | 83c7 0289 | becc 0000 | 0081 e7fe | 0700 0083 
  0x00000260808d364c: ff00 0f84 | 7601 0000 

  0x00000260808d3654: ;   {oop(a 'java/lang/Class'{0x0000000700fb51b0} = 'com/xbuilders/engine/client/ClientWindow')}
  0x00000260808d3654: 48ba b051 | fb00 0700 | 0000 0fbe | 92b6 0000 | 0083 fa00 

  0x00000260808d3668: ;   {metadata(method data for {method} {0x00000260d6405770} 'render' '()V' in 'com/xbuilders/engine/client/ClientWindow')}
  0x00000260808d3668: 48ba 30d2 | e3d7 6002 | 0000 48be | 1001 0000 | 0000 0000 | 0f84 0a00 | 0000 48be | 2001 0000 
  0x00000260808d3688: 0000 0000 | 488b 3c32 | 488d 7f01 | 4889 3c32 | 0f84 7b00 

  0x00000260808d369c: ;   {oop(a 'java/lang/Class'{0x0000000700fb51b0} = 'com/xbuilders/engine/client/ClientWindow')}
  0x00000260808d369c: 0000 48be | b051 fb00 | 0700 0000 | 8b96 8c00 | 0000 48c1 | e203 483b | 0248 8bfa 

  0x00000260808d36b8: ;   {metadata(method data for {method} {0x00000260d6405770} 'render' '()V' in 'com/xbuilders/engine/client/ClientWindow')}
  0x00000260808d36b8: 48bb 30d2 | e3d7 6002 | 0000 4883 | 8348 0100 | 0001 4889 

  0x00000260808d36cc: ;   {optimized virtual_call}
  0x00000260808d36cc: 7424 20e8 

  0x00000260808d36d0: ; ImmutableOopMap {[32]=Oop }
                      ;*invokevirtual update {reexecute=0 rethrow=0 return_oop=0}
                      ; - com.xbuilders.engine.client.ClientWindow::render@9 (line 289)
  0x00000260808d36d0: 7101 0000 | 488b 7424 | 208b 9688 | 0000 0048 | c1e2 0348 | 3b02 488b 

  0x00000260808d36e8: ;   {metadata(method data for {method} {0x00000260d6405770} 'render' '()V' in 'com/xbuilders/engine/client/ClientWindow')}
  0x00000260808d36e8: f248 bf30 | d2e3 d760 | 0200 0048 | 8387 8001 | 0000 010f 

  0x00000260808d36fc: ;   {optimized virtual_call}
  0x00000260808d36fc: 1f40 00e8 

  0x00000260808d3700: ; ImmutableOopMap {}
                      ;*invokevirtual render {reexecute=0 rethrow=0 return_oop=0}
                      ; - com.xbuilders.engine.client.ClientWindow::render@15 (line 290)
  0x00000260808d3700: 5101 0000 

  0x00000260808d3704: ;   {metadata(method data for {method} {0x00000260d6405770} 'render' '()V' in 'com/xbuilders/engine/client/ClientWindow')}
  0x00000260808d3704: 48ba 30d2 | e3d7 6002 | 0000 ff82 | a001 0000 | e943 0000 

  0x00000260808d3718: ;   {oop(a 'java/lang/Class'{0x0000000700fb51b0} = 'com/xbuilders/engine/client/ClientWindow')}
  0x00000260808d3718: 0048 bab0 | 51fb 0007 | 0000 008b | 9284 0000 | 0048 c1e2 | 0348 3b02 

  0x00000260808d3730: ;   {metadata(method data for {method} {0x00000260d6405770} 'render' '()V' in 'com/xbuilders/engine/client/ClientWindow')}
  0x00000260808d3730: 488b f248 | bf30 d2e3 | d760 0200 

  0x00000260808d373c: ;   {metadata('com/xbuilders/engine/client/visuals/topMenu/TopMenu')}
  0x00000260808d373c: 0049 ba00 | 8016 9660 | 0200 004c | 8997 c801 | 0000 4883 | 87d0 0100 

  0x00000260808d3754: ;   {optimized virtual_call}
  0x00000260808d3754: 0001 90e8 

  0x00000260808d3758: ; ImmutableOopMap {}
                      ;*invokevirtual render {reexecute=0 rethrow=0 return_oop=0}
                      ; - com.xbuilders.engine.client.ClientWindow::render@24 (line 292)
  0x00000260808d3758: 24dc ca06 

  0x00000260808d375c: ;   {oop(a 'java/lang/Class'{0x0000000700fb51b0} = 'com/xbuilders/engine/client/ClientWindow')}
  0x00000260808d375c: 48be b051 | fb00 0700 | 0000 8b96 | 9000 0000 | 48c1 e203 

  0x00000260808d3770: ; implicit exception: dispatches to 0x00000260808d37fa
  0x00000260808d3770: 483b 0248 

  0x00000260808d3774: ;   {metadata(method data for {method} {0x00000260d6405770} 'render' '()V' in 'com/xbuilders/engine/client/ClientWindow')}
  0x00000260808d3774: 8bfa 48bb | 30d2 e3d7 | 6002 0000 

  0x00000260808d3780: ;   {metadata('com/xbuilders/engine/client/visuals/topMenu/PopupMessage')}
  0x00000260808d3780: 49ba e87c | 1696 6002 | 0000 4c89 | 9300 0200 | 0048 8383 | 0802 0000 | 0148 8974 

  0x00000260808d379c: ;   {optimized virtual_call}
  0x00000260808d379c: 2428 90e8 

  0x00000260808d37a0: ; ImmutableOopMap {[40]=Oop }
                      ;*invokevirtual draw {reexecute=0 rethrow=0 return_oop=0}
                      ; - com.xbuilders.engine.client.ClientWindow::render@30 (line 294)
  0x00000260808d37a0: 1ca0 f1ff | 488b 7424 | 288b beb0 | 0000 00ff | c789 beb0 | 0000 0048 | 83c4 405d 

  0x00000260808d37bc: ;   {poll_return}
  0x00000260808d37bc: 493b a750 | 0300 000f | 8736 0000 

  0x00000260808d37c8: ;   {metadata({method} {0x00000260d6405770} 'render' '()V' in 'com/xbuilders/engine/client/ClientWindow')}
  0x00000260808d37c8: 00c3 49ba | 6857 40d6 | 6002 0000 | 4c89 5424 | 0848 c704 | 24ff ffff 

  0x00000260808d37e0: ;   {runtime_call counter_overflow Runtime1 stub}
  0x00000260808d37e0: ffe8 9a5f 

  0x00000260808d37e4: ; ImmutableOopMap {rdx=Oop }
                      ;*synchronization entry
                      ; - com.xbuilders.engine.client.ClientWindow::render@-1 (line 288)
  0x00000260808d37e4: d506 e969 

  0x00000260808d37e8: ;   {runtime_call throw_null_pointer_exception Runtime1 stub}
  0x00000260808d37e8: feff ffe8 

  0x00000260808d37ec: ; ImmutableOopMap {rsi=Oop rdx=Oop }
                      ;*invokevirtual update {reexecute=0 rethrow=0 return_oop=0}
                      ; - com.xbuilders.engine.client.ClientWindow::render@9 (line 289)
  0x00000260808d37ec: b0ff d406 

  0x00000260808d37f0: ;   {runtime_call throw_null_pointer_exception Runtime1 stub}
  0x00000260808d37f0: e8ab ffd4 

  0x00000260808d37f4: ; ImmutableOopMap {rdx=Oop }
                      ;*invokevirtual render {reexecute=0 rethrow=0 return_oop=0}
                      ; - com.xbuilders.engine.client.ClientWindow::render@15 (line 290)
                      ;   {runtime_call throw_null_pointer_exception Runtime1 stub}
  0x00000260808d37f4: 06e8 a6ff 

  0x00000260808d37f8: ; ImmutableOopMap {rdx=Oop }
                      ;*invokevirtual render {reexecute=0 rethrow=0 return_oop=0}
                      ; - com.xbuilders.engine.client.ClientWindow::render@24 (line 292)
                      ;   {runtime_call throw_null_pointer_exception Runtime1 stub}
  0x00000260808d37f8: d406 e8a1 

  0x00000260808d37fc: ; ImmutableOopMap {rsi=Oop rdx=Oop }
                      ;*invokevirtual draw {reexecute=0 rethrow=0 return_oop=0}
                      ; - com.xbuilders.engine.client.ClientWindow::render@30 (line 294)
                      ;   {internal_word}
  0x00000260808d37fc: ffd4 0649 | babc 378d | 8060 0200 | 004d 8997 | 6803 0000 

  0x00000260808d3810: ;   {runtime_call SafepointBlob}
  0x00000260808d3810: e9eb 41cb | 0690 9049 | 8b87 e003 | 0000 49c7 | 87e0 0300 | 0000 0000 | 0049 c787 | e803 0000 
  0x00000260808d3830: 0000 0000 | 4883 c440 

  0x00000260808d3838: ;   {runtime_call unwind_exception Runtime1 stub}
  0x00000260808d3838: 5de9 c21f | cc06 f4f4 
[Stub Code]
  0x00000260808d3840: ;   {no_reloc}
  0x00000260808d3840: 0f1f 4400 

  0x00000260808d3844: ;   {static_stub}
  0x00000260808d3844: 0048 bb58 | 5fab d660 

  0x00000260808d384c: ;   {runtime_call I2C/C2I adapters}
  0x00000260808d384c: 0200 00e9 | 0525 cb06 

  0x00000260808d3854: ;   {static_stub}
  0x00000260808d3854: 9048 bb90 | 3fae d660 

  0x00000260808d385c: ;   {runtime_call I2C/C2I adapters}
  0x00000260808d385c: 0200 00e9 | f524 cb06 

  0x00000260808d3864: ;   {static_stub}
  0x00000260808d3864: 9048 bb00 | 0000 0000 

  0x00000260808d386c: ;   {runtime_call}
  0x00000260808d386c: 0000 00e9 | fbff ffff 

  0x00000260808d3874: ;   {static_stub}
  0x00000260808d3874: 9048 bb00 | 0000 0000 

  0x00000260808d387c: ;   {runtime_call}
  0x00000260808d387c: 0000 00e9 | fbff ffff 
[Exception Handler]
  0x00000260808d3884: ;   {runtime_call handle_exception_from_callee Runtime1 stub}
  0x00000260808d3884: e8f7 28d5 

  0x00000260808d3888: ;   {external_word}
  0x00000260808d3888: 0648 b940 | 9a71 12fa | 7f00 0048 

  0x00000260808d3894: ;   {runtime_call}
  0x00000260808d3894: 83e4 f049 | ba20 273a | 12fa 7f00 | 0041 ffd2 

  0x00000260808d38a4: ;   {section_word}
  0x00000260808d38a4: f449 baa5 | 388d 8060 | 0200 0041 

  0x00000260808d38b0: ;   {runtime_call DeoptimizationBlob}
  0x00000260808d38b0: 52e9 ea33 | cb06 f4f4 
[/MachCode]


---------------  P R O C E S S  ---------------

Threads class SMR info:
_java_thread_list=0x0000026102ad2db0, length=31, elements={
0x00000260f1088b40, 0x00000260fe878930, 0x00000260fe8797b0, 0x00000260fe8872d0,
0x00000260fe888050, 0x00000260fe88bb90, 0x00000260fe88d470, 0x00000260da101b00,
0x00000260da102420, 0x00000260da1267a0, 0x00000260da342c20, 0x00000260da9713b0,
0x00000260da971890, 0x00000260daca7f00, 0x00000260dacaf680, 0x0000026102c38f90,
0x0000026102c3b300, 0x0000026102c38a80, 0x0000026102c3b810, 0x0000026102c38060,
0x0000026102c38570, 0x0000026102c3a3d0, 0x0000026102c3a8e0, 0x0000026102c3adf0,
0x0000026102c394a0, 0x0000026102c399b0, 0x0000026102c39ec0, 0x0000026102f7b910,
0x0000026102f7a9e0, 0x0000026102f795a0, 0x00000260da7f5c10
}

Java Threads: ( => current thread )
=>0x00000260f1088b40 JavaThread "main" [_thread_in_native, id=22432, stack(0x00000074a6100000,0x00000074a6200000)]
  0x00000260fe878930 JavaThread "Reference Handler" daemon [_thread_blocked, id=15592, stack(0x00000074a6800000,0x00000074a6900000)]
  0x00000260fe8797b0 JavaThread "Finalizer" daemon [_thread_blocked, id=14500, stack(0x00000074a6900000,0x00000074a6a00000)]
  0x00000260fe8872d0 JavaThread "Signal Dispatcher" daemon [_thread_blocked, id=21592, stack(0x00000074a6a00000,0x00000074a6b00000)]
  0x00000260fe888050 JavaThread "Attach Listener" daemon [_thread_blocked, id=3360, stack(0x00000074a6b00000,0x00000074a6c00000)]
  0x00000260fe88bb90 JavaThread "Service Thread" daemon [_thread_blocked, id=11880, stack(0x00000074a6c00000,0x00000074a6d00000)]
  0x00000260fe88d470 JavaThread "Monitor Deflation Thread" daemon [_thread_blocked, id=20524, stack(0x00000074a6d00000,0x00000074a6e00000)]
  0x00000260da101b00 JavaThread "C2 CompilerThread0" daemon [_thread_blocked, id=20128, stack(0x00000074a6e00000,0x00000074a6f00000)]
  0x00000260da102420 JavaThread "C1 CompilerThread0" daemon [_thread_blocked, id=10288, stack(0x00000074a6f00000,0x00000074a7000000)]
  0x00000260da1267a0 JavaThread "Sweeper thread" daemon [_thread_blocked, id=17328, stack(0x00000074a7000000,0x00000074a7100000)]
  0x00000260da342c20 JavaThread "Common-Cleaner" daemon [_thread_blocked, id=15112, stack(0x00000074a7100000,0x00000074a7200000)]
  0x00000260da9713b0 JavaThread "Monitor Ctrl-Break" daemon [_thread_in_native, id=13088, stack(0x00000074a7300000,0x00000074a7400000)]
  0x00000260da971890 JavaThread "Notification Thread" daemon [_thread_blocked, id=9052, stack(0x00000074a7400000,0x00000074a7500000)]
  0x00000260daca7f00 JavaThread "Java2D Disposer" daemon [_thread_blocked, id=17132, stack(0x00000074a7900000,0x00000074a7a00000)]
  0x00000260dacaf680 JavaThread "AWT-Windows" daemon [_thread_in_native, id=20616, stack(0x00000074a7b00000,0x00000074a7c00000)]
  0x0000026102c38f90 JavaThread "Generation Thread" daemon [_thread_blocked, id=3824, stack(0x00000074a8500000,0x00000074a8600000)]
  0x0000026102c3b300 JavaThread "Generation Thread" daemon [_thread_blocked, id=13760, stack(0x00000074a8800000,0x00000074a8900000)]
  0x0000026102c38a80 JavaThread "Generation Thread" daemon [_thread_blocked, id=9224, stack(0x00000074a8900000,0x00000074a8a00000)]
  0x0000026102c3b810 JavaThread "Generation Thread" daemon [_thread_blocked, id=12396, stack(0x00000074a8a00000,0x00000074a8b00000)]
  0x0000026102c38060 JavaThread "Generation Thread" daemon [_thread_blocked, id=23328, stack(0x00000074a8b00000,0x00000074a8c00000)]
  0x0000026102c38570 JavaThread "Generation Thread" daemon [_thread_blocked, id=4604, stack(0x00000074a8c00000,0x00000074a8d00000)]
  0x0000026102c3a3d0 JavaThread "Generation Thread" daemon [_thread_blocked, id=15128, stack(0x00000074a8d00000,0x00000074a8e00000)]
  0x0000026102c3a8e0 JavaThread "Generation Thread" daemon [_thread_blocked, id=21520, stack(0x00000074a8e00000,0x00000074a8f00000)]
  0x0000026102c3adf0 JavaThread "Generation Thread" daemon [_thread_blocked, id=17004, stack(0x00000074a8f00000,0x00000074a9000000)]
  0x0000026102c394a0 JavaThread "Generation Thread" daemon [_thread_blocked, id=4072, stack(0x00000074a9000000,0x00000074a9100000)]
  0x0000026102c399b0 JavaThread "Generation Thread" daemon [_thread_blocked, id=16292, stack(0x00000074a9100000,0x00000074a9200000)]
  0x0000026102c39ec0 JavaThread "Generation Thread" daemon [_thread_blocked, id=14216, stack(0x00000074a9200000,0x00000074a9300000)]
  0x0000026102f7b910 JavaThread "Light Thread" daemon [_thread_blocked, id=6316, stack(0x00000074a9500000,0x00000074a9600000)]
  0x0000026102f7a9e0 JavaThread "Mesh Thread" daemon [_thread_blocked, id=19400, stack(0x00000074a9600000,0x00000074a9700000)]
  0x0000026102f795a0 JavaThread "Timer-0" [_thread_blocked, id=9988, stack(0x00000074a8700000,0x00000074a8800000)]
  0x00000260da7f5c10 JavaThread "C2 CompilerThread1" daemon [_thread_blocked, id=20504, stack(0x00000074a9300000,0x00000074a9400000)]

Other Threads:
  0x00000260fe873060 VMThread "VM Thread" [stack: 0x00000074a6700000,0x00000074a6800000] [id=7524]
  0x00000260da667460 WatcherThread [stack: 0x00000074a7500000,0x00000074a7600000] [id=13868]
  0x00000260f10f2c10 GCTaskThread "GC Thread#0" [stack: 0x00000074a6200000,0x00000074a6300000] [id=15296]
  0x00000260dab0f0c0 GCTaskThread "GC Thread#1" [stack: 0x00000074a7600000,0x00000074a7700000] [id=14220]
  0x00000260daa7c940 GCTaskThread "GC Thread#2" [stack: 0x00000074a7700000,0x00000074a7800000] [id=14600]
  0x00000260dab18270 GCTaskThread "GC Thread#3" [stack: 0x00000074a7800000,0x00000074a7900000] [id=7448]
  0x00000260f1103a70 ConcurrentGCThread "G1 Main Marker" [stack: 0x00000074a6300000,0x00000074a6400000] [id=12448]
  0x00000260f1104c30 ConcurrentGCThread "G1 Conc#0" [stack: 0x00000074a6400000,0x00000074a6500000] [id=16128]
  0x00000260f112d7f0 ConcurrentGCThread "G1 Refine#0" [stack: 0x00000074a6500000,0x00000074a6600000] [id=8924]
  0x00000260e459e780 ConcurrentGCThread "G1 Refine#1" [stack: 0x00000074a9400000,0x00000074a9500000] [id=17292]
  0x00000260f112e220 ConcurrentGCThread "G1 Service" [stack: 0x00000074a6600000,0x00000074a6700000] [id=13636]

Threads with active compile tasks:

VM state: not at safepoint (normal execution)

VM Mutex/Monitor currently owned by a thread: None

Heap address: 0x0000000700e00000, size: 4082 MB, Compressed Oops mode: Zero based, Oop shift amount: 3

CDS archive(s) mapped at: [0x0000026095000000-0x0000026095bb0000-0x0000026095bb0000), size 12255232, SharedBaseAddress: 0x0000026095000000, ArchiveRelocationMode: 1.
Compressed class space mapped at: 0x0000026096000000-0x00000260d6000000, reserved size: 1073741824
Narrow klass base: 0x0000026095000000, Narrow klass shift: 0, Narrow klass range: 0x100000000

GC Precious Log:
 CPUs: 4 total, 4 available
 Memory: 16327M
 Large Page Support: Disabled
 NUMA Support: Disabled
 Compressed Oops: Enabled (Zero based)
 Heap Region Size: 2M
 Heap Min Capacity: 8M
 Heap Initial Capacity: 256M
 Heap Max Capacity: 4082M
 Pre-touch: Disabled
 Parallel Workers: 4
 Concurrent Workers: 1
 Concurrent Refinement Workers: 4
 Periodic GC: Disabled

Heap:
 garbage-first heap   total 417792K, used 156482K [0x0000000700e00000, 0x0000000800000000)
  region size 2048K, 20 young (40960K), 1 survivors (2048K)
 Metaspace       used 33913K, committed 34368K, reserved 1114112K
  class space    used 3221K, committed 3456K, reserved 1048576K

Heap Regions: E=young(eden), S=young(survivor), O=old, HS=humongous(starts), HC=humongous(continues), CS=collection set, F=free, OA=open archive, CA=closed archive, TAMS=top-at-mark-start (previous, next)
|   0|0x0000000700e00000, 0x0000000701000000, 0x0000000701000000|100%| O|  |TAMS 0x0000000701000000, 0x0000000700e00000| Untracked 
|   1|0x0000000701000000, 0x000000070116d098, 0x0000000701200000| 71%| O|  |TAMS 0x000000070116d098, 0x0000000701000000| Untracked 
|   2|0x0000000701200000, 0x0000000701400000, 0x0000000701400000|100%| O|  |TAMS 0x0000000701400000, 0x0000000701200000| Untracked 
|   3|0x0000000701400000, 0x0000000701600000, 0x0000000701600000|100%| O|  |TAMS 0x0000000701600000, 0x0000000701400000| Untracked 
|   4|0x0000000701600000, 0x0000000701800000, 0x0000000701800000|100%| O|  |TAMS 0x0000000701800000, 0x0000000701600000| Untracked 
|   5|0x0000000701800000, 0x0000000701a00000, 0x0000000701a00000|100%| O|  |TAMS 0x0000000701a00000, 0x0000000701800000| Untracked 
|   6|0x0000000701a00000, 0x0000000701bffde0, 0x0000000701c00000| 99%| O|  |TAMS 0x0000000701bffde0, 0x0000000701a00000| Untracked 
|   7|0x0000000701c00000, 0x0000000701c47150, 0x0000000701e00000| 13%| O|  |TAMS 0x0000000701c47150, 0x0000000701c00000| Untracked 
|   8|0x0000000701e00000, 0x0000000702000000, 0x0000000702000000|100%| O|  |TAMS 0x0000000702000000, 0x0000000701e00000| Untracked 
|   9|0x0000000702000000, 0x0000000702200000, 0x0000000702200000|100%| O|  |TAMS 0x0000000702200000, 0x0000000702000000| Untracked 
|  10|0x0000000702200000, 0x0000000702400000, 0x0000000702400000|100%| O|  |TAMS 0x0000000702400000, 0x0000000702200000| Untracked 
|  11|0x0000000702400000, 0x0000000702600000, 0x0000000702600000|100%| O|  |TAMS 0x0000000702600000, 0x0000000702400000| Untracked 
|  12|0x0000000702600000, 0x0000000702800000, 0x0000000702800000|100%| O|  |TAMS 0x0000000702800000, 0x0000000702600000| Untracked 
|  13|0x0000000702800000, 0x0000000702a00000, 0x0000000702a00000|100%| O|  |TAMS 0x0000000702a00000, 0x0000000702800000| Untracked 
|  14|0x0000000702a00000, 0x0000000702c00000, 0x0000000702c00000|100%| O|  |TAMS 0x0000000702c00000, 0x0000000702a00000| Untracked 
|  15|0x0000000702c00000, 0x0000000702e00000, 0x0000000702e00000|100%| O|  |TAMS 0x0000000702e00000, 0x0000000702c00000| Untracked 
|  16|0x0000000702e00000, 0x0000000703000000, 0x0000000703000000|100%| O|  |TAMS 0x0000000703000000, 0x0000000702e00000| Untracked 
|  17|0x0000000703000000, 0x0000000703200000, 0x0000000703200000|100%| O|  |TAMS 0x0000000703200000, 0x0000000703000000| Untracked 
|  18|0x0000000703200000, 0x0000000703400000, 0x0000000703400000|100%| O|  |TAMS 0x0000000703400000, 0x0000000703200000| Untracked 
|  19|0x0000000703400000, 0x0000000703600000, 0x0000000703600000|100%| O|  |TAMS 0x0000000703600000, 0x0000000703400000| Untracked 
|  20|0x0000000703600000, 0x0000000703800000, 0x0000000703800000|100%| O|  |TAMS 0x0000000703800000, 0x0000000703600000| Untracked 
|  21|0x0000000703800000, 0x0000000703a00000, 0x0000000703a00000|100%| O|  |TAMS 0x0000000703a00000, 0x0000000703800000| Untracked 
|  22|0x0000000703a00000, 0x0000000703c00000, 0x0000000703c00000|100%| O|  |TAMS 0x0000000703c00000, 0x0000000703a00000| Untracked 
|  23|0x0000000703c00000, 0x0000000703e00000, 0x0000000703e00000|100%| O|  |TAMS 0x0000000703e00000, 0x0000000703c00000| Untracked 
|  24|0x0000000703e00000, 0x0000000704000000, 0x0000000704000000|100%| O|  |TAMS 0x0000000704000000, 0x0000000703e00000| Untracked 
|  25|0x0000000704000000, 0x0000000704200000, 0x0000000704200000|100%| O|  |TAMS 0x0000000704200000, 0x0000000704000000| Untracked 
|  26|0x0000000704200000, 0x0000000704400000, 0x0000000704400000|100%| O|  |TAMS 0x0000000704400000, 0x0000000704200000| Untracked 
|  27|0x0000000704400000, 0x0000000704600000, 0x0000000704600000|100%| O|  |TAMS 0x0000000704600000, 0x0000000704400000| Untracked 
|  28|0x0000000704600000, 0x0000000704800000, 0x0000000704800000|100%| O|  |TAMS 0x0000000704800000, 0x0000000704600000| Untracked 
|  29|0x0000000704800000, 0x0000000704a00000, 0x0000000704a00000|100%| O|  |TAMS 0x0000000704a00000, 0x0000000704800000| Untracked 
|  30|0x0000000704a00000, 0x0000000704c00000, 0x0000000704c00000|100%| O|  |TAMS 0x0000000704c00000, 0x0000000704a00000| Untracked 
|  31|0x0000000704c00000, 0x0000000704e00000, 0x0000000704e00000|100%| O|  |TAMS 0x0000000704e00000, 0x0000000704c00000| Untracked 
|  32|0x0000000704e00000, 0x0000000705000000, 0x0000000705000000|100%| O|  |TAMS 0x0000000704f14400, 0x0000000704e00000| Untracked 
|  33|0x0000000705000000, 0x0000000705200000, 0x0000000705200000|100%| O|  |TAMS 0x0000000705000000, 0x0000000705000000| Untracked 
|  34|0x0000000705200000, 0x0000000705400000, 0x0000000705400000|100%| O|  |TAMS 0x0000000705200000, 0x0000000705200000| Untracked 
|  35|0x0000000705400000, 0x0000000705600000, 0x0000000705600000|100%| O|  |TAMS 0x0000000705400000, 0x0000000705400000| Untracked 
|  36|0x0000000705600000, 0x0000000705800000, 0x0000000705800000|100%| O|  |TAMS 0x0000000705600000, 0x0000000705600000| Untracked 
|  37|0x0000000705800000, 0x0000000705a00000, 0x0000000705a00000|100%| O|  |TAMS 0x0000000705800000, 0x0000000705800000| Untracked 
|  38|0x0000000705a00000, 0x0000000705c00000, 0x0000000705c00000|100%| O|  |TAMS 0x0000000705a00000, 0x0000000705a00000| Untracked 
|  39|0x0000000705c00000, 0x0000000705e00000, 0x0000000705e00000|100%| O|  |TAMS 0x0000000705c00000, 0x0000000705c00000| Untracked 
|  40|0x0000000705e00000, 0x0000000706000000, 0x0000000706000000|100%| O|  |TAMS 0x0000000705e00000, 0x0000000705e00000| Untracked 
|  41|0x0000000706000000, 0x0000000706200000, 0x0000000706200000|100%| O|  |TAMS 0x0000000706000000, 0x0000000706000000| Untracked 
|  42|0x0000000706200000, 0x0000000706400000, 0x0000000706400000|100%| O|  |TAMS 0x0000000706200000, 0x0000000706200000| Untracked 
|  43|0x0000000706400000, 0x0000000706600000, 0x0000000706600000|100%| O|  |TAMS 0x0000000706400000, 0x0000000706400000| Untracked 
|  44|0x0000000706600000, 0x0000000706800000, 0x0000000706800000|100%| O|  |TAMS 0x0000000706600000, 0x0000000706600000| Untracked 
|  45|0x0000000706800000, 0x0000000706a00000, 0x0000000706a00000|100%| O|  |TAMS 0x0000000706800000, 0x0000000706800000| Untracked 
|  46|0x0000000706a00000, 0x0000000706c00000, 0x0000000706c00000|100%| O|  |TAMS 0x0000000706a00000, 0x0000000706a00000| Untracked 
|  47|0x0000000706c00000, 0x0000000706e00000, 0x0000000706e00000|100%| O|  |TAMS 0x0000000706c00000, 0x0000000706c00000| Untracked 
|  48|0x0000000706e00000, 0x0000000707000000, 0x0000000707000000|100%| O|  |TAMS 0x0000000706e00000, 0x0000000706e00000| Untracked 
|  49|0x0000000707000000, 0x0000000707200000, 0x0000000707200000|100%| O|  |TAMS 0x0000000707000000, 0x0000000707000000| Untracked 
|  50|0x0000000707200000, 0x0000000707400000, 0x0000000707400000|100%| O|  |TAMS 0x0000000707200000, 0x0000000707200000| Untracked 
|  51|0x0000000707400000, 0x0000000707600000, 0x0000000707600000|100%| O|  |TAMS 0x0000000707400000, 0x0000000707400000| Untracked 
|  52|0x0000000707600000, 0x0000000707800000, 0x0000000707800000|100%| O|  |TAMS 0x0000000707600000, 0x0000000707600000| Untracked 
|  53|0x0000000707800000, 0x0000000707a00000, 0x0000000707a00000|100%| O|  |TAMS 0x0000000707800000, 0x0000000707800000| Untracked 
|  54|0x0000000707a00000, 0x0000000707c00000, 0x0000000707c00000|100%| O|  |TAMS 0x0000000707a00000, 0x0000000707a00000| Untracked 
|  55|0x0000000707c00000, 0x0000000707e00000, 0x0000000707e00000|100%| O|  |TAMS 0x0000000707c00000, 0x0000000707c00000| Untracked 
|  56|0x0000000707e00000, 0x0000000707f1ca00, 0x0000000708000000| 55%| O|  |TAMS 0x0000000707e00000, 0x0000000707e00000| Untracked 
|  57|0x0000000708000000, 0x0000000708000000, 0x0000000708200000|  0%| F|  |TAMS 0x0000000708000000, 0x0000000708000000| Untracked 
|  58|0x0000000708200000, 0x0000000708200000, 0x0000000708400000|  0%| F|  |TAMS 0x0000000708200000, 0x0000000708200000| Untracked 
|  59|0x0000000708400000, 0x0000000708400000, 0x0000000708600000|  0%| F|  |TAMS 0x0000000708400000, 0x0000000708400000| Untracked 
|  60|0x0000000708600000, 0x0000000708600000, 0x0000000708800000|  0%| F|  |TAMS 0x0000000708600000, 0x0000000708600000| Untracked 
|  61|0x0000000708800000, 0x0000000708800000, 0x0000000708a00000|  0%| F|  |TAMS 0x0000000708800000, 0x0000000708800000| Untracked 
|  62|0x0000000708a00000, 0x0000000708a00000, 0x0000000708c00000|  0%| F|  |TAMS 0x0000000708a00000, 0x0000000708a00000| Untracked 
|  63|0x0000000708c00000, 0x0000000708c00000, 0x0000000708e00000|  0%| F|  |TAMS 0x0000000708c00000, 0x0000000708c00000| Untracked 
|  64|0x0000000708e00000, 0x0000000708e00000, 0x0000000709000000|  0%| F|  |TAMS 0x0000000708e00000, 0x0000000708e00000| Untracked 
|  65|0x0000000709000000, 0x0000000709000000, 0x0000000709200000|  0%| F|  |TAMS 0x0000000709000000, 0x0000000709000000| Untracked 
|  66|0x0000000709200000, 0x0000000709200000, 0x0000000709400000|  0%| F|  |TAMS 0x0000000709200000, 0x0000000709200000| Untracked 
|  67|0x0000000709400000, 0x0000000709400000, 0x0000000709600000|  0%| F|  |TAMS 0x0000000709400000, 0x0000000709400000| Untracked 
|  68|0x0000000709600000, 0x0000000709600000, 0x0000000709800000|  0%| F|  |TAMS 0x0000000709600000, 0x0000000709600000| Untracked 
|  69|0x0000000709800000, 0x0000000709800000, 0x0000000709a00000|  0%| F|  |TAMS 0x0000000709800000, 0x0000000709800000| Untracked 
|  70|0x0000000709a00000, 0x0000000709a00000, 0x0000000709c00000|  0%| F|  |TAMS 0x0000000709a00000, 0x0000000709a00000| Untracked 
|  71|0x0000000709c00000, 0x0000000709c00000, 0x0000000709e00000|  0%| F|  |TAMS 0x0000000709c00000, 0x0000000709c00000| Untracked 
|  72|0x0000000709e00000, 0x0000000709e00000, 0x000000070a000000|  0%| F|  |TAMS 0x0000000709e00000, 0x0000000709e00000| Untracked 
|  73|0x000000070a000000, 0x000000070a000000, 0x000000070a200000|  0%| F|  |TAMS 0x000000070a000000, 0x000000070a000000| Untracked 
|  74|0x000000070a200000, 0x000000070a200000, 0x000000070a400000|  0%| F|  |TAMS 0x000000070a200000, 0x000000070a200000| Untracked 
|  75|0x000000070a400000, 0x000000070a400000, 0x000000070a600000|  0%| F|  |TAMS 0x000000070a400000, 0x000000070a400000| Untracked 
|  76|0x000000070a600000, 0x000000070a600000, 0x000000070a800000|  0%| F|  |TAMS 0x000000070a600000, 0x000000070a600000| Untracked 
|  77|0x000000070a800000, 0x000000070a800000, 0x000000070aa00000|  0%| F|  |TAMS 0x000000070a800000, 0x000000070a800000| Untracked 
|  78|0x000000070aa00000, 0x000000070aa00000, 0x000000070ac00000|  0%| F|  |TAMS 0x000000070aa00000, 0x000000070aa00000| Untracked 
|  79|0x000000070ac00000, 0x000000070ac00000, 0x000000070ae00000|  0%| F|  |TAMS 0x000000070ac00000, 0x000000070ac00000| Untracked 
|  80|0x000000070ae00000, 0x000000070ae00000, 0x000000070b000000|  0%| F|  |TAMS 0x000000070ae00000, 0x000000070ae00000| Untracked 
|  81|0x000000070b000000, 0x000000070b000000, 0x000000070b200000|  0%| F|  |TAMS 0x000000070b000000, 0x000000070b000000| Untracked 
|  82|0x000000070b200000, 0x000000070b200000, 0x000000070b400000|  0%| F|  |TAMS 0x000000070b200000, 0x000000070b200000| Untracked 
|  83|0x000000070b400000, 0x000000070b400000, 0x000000070b600000|  0%| F|  |TAMS 0x000000070b400000, 0x000000070b400000| Untracked 
|  84|0x000000070b600000, 0x000000070b600000, 0x000000070b800000|  0%| F|  |TAMS 0x000000070b600000, 0x000000070b600000| Untracked 
|  85|0x000000070b800000, 0x000000070b800000, 0x000000070ba00000|  0%| F|  |TAMS 0x000000070b800000, 0x000000070b800000| Untracked 
|  86|0x000000070ba00000, 0x000000070ba00000, 0x000000070bc00000|  0%| F|  |TAMS 0x000000070ba00000, 0x000000070ba00000| Untracked 
|  87|0x000000070bc00000, 0x000000070bc00000, 0x000000070be00000|  0%| F|  |TAMS 0x000000070bc00000, 0x000000070bc00000| Untracked 
|  88|0x000000070be00000, 0x000000070c000000, 0x000000070c000000|100%| S|CS|TAMS 0x000000070be00000, 0x000000070be00000| Complete 
|  89|0x000000070c000000, 0x000000070c000000, 0x000000070c200000|  0%| F|  |TAMS 0x000000070c000000, 0x000000070c000000| Untracked 
|  90|0x000000070c200000, 0x000000070c200000, 0x000000070c400000|  0%| F|  |TAMS 0x000000070c200000, 0x000000070c200000| Untracked 
|  91|0x000000070c400000, 0x000000070c400000, 0x000000070c600000|  0%| F|  |TAMS 0x000000070c400000, 0x000000070c400000| Untracked 
|  92|0x000000070c600000, 0x000000070c600000, 0x000000070c800000|  0%| F|  |TAMS 0x000000070c600000, 0x000000070c600000| Untracked 
|  93|0x000000070c800000, 0x000000070c800000, 0x000000070ca00000|  0%| F|  |TAMS 0x000000070c800000, 0x000000070c800000| Untracked 
|  94|0x000000070ca00000, 0x000000070ca00000, 0x000000070cc00000|  0%| F|  |TAMS 0x000000070ca00000, 0x000000070ca00000| Untracked 
|  95|0x000000070cc00000, 0x000000070cc00000, 0x000000070ce00000|  0%| F|  |TAMS 0x000000070cc00000, 0x000000070cc00000| Untracked 
|  96|0x000000070ce00000, 0x000000070ce00000, 0x000000070d000000|  0%| F|  |TAMS 0x000000070ce00000, 0x000000070ce00000| Untracked 
|  97|0x000000070d000000, 0x000000070d000000, 0x000000070d200000|  0%| F|  |TAMS 0x000000070d000000, 0x000000070d000000| Untracked 
|  98|0x000000070d200000, 0x000000070d200000, 0x000000070d400000|  0%| F|  |TAMS 0x000000070d200000, 0x000000070d200000| Untracked 
|  99|0x000000070d400000, 0x000000070d400000, 0x000000070d600000|  0%| F|  |TAMS 0x000000070d400000, 0x000000070d400000| Untracked 
| 100|0x000000070d600000, 0x000000070d600000, 0x000000070d800000|  0%| F|  |TAMS 0x000000070d600000, 0x000000070d600000| Untracked 
| 101|0x000000070d800000, 0x000000070d800000, 0x000000070da00000|  0%| F|  |TAMS 0x000000070d800000, 0x000000070d800000| Untracked 
| 102|0x000000070da00000, 0x000000070da00000, 0x000000070dc00000|  0%| F|  |TAMS 0x000000070da00000, 0x000000070da00000| Untracked 
| 103|0x000000070dc00000, 0x000000070dc00000, 0x000000070de00000|  0%| F|  |TAMS 0x000000070dc00000, 0x000000070dc00000| Untracked 
| 104|0x000000070de00000, 0x000000070de00000, 0x000000070e000000|  0%| F|  |TAMS 0x000000070de00000, 0x000000070de00000| Untracked 
| 105|0x000000070e000000, 0x000000070e000000, 0x000000070e200000|  0%| F|  |TAMS 0x000000070e000000, 0x000000070e000000| Untracked 
| 106|0x000000070e200000, 0x000000070e200000, 0x000000070e400000|  0%| F|  |TAMS 0x000000070e200000, 0x000000070e200000| Untracked 
| 107|0x000000070e400000, 0x000000070e400000, 0x000000070e600000|  0%| F|  |TAMS 0x000000070e400000, 0x000000070e400000| Untracked 
| 108|0x000000070e600000, 0x000000070e600000, 0x000000070e800000|  0%| F|  |TAMS 0x000000070e600000, 0x000000070e600000| Untracked 
| 109|0x000000070e800000, 0x000000070e800000, 0x000000070ea00000|  0%| F|  |TAMS 0x000000070e800000, 0x000000070e800000| Untracked 
| 110|0x000000070ea00000, 0x000000070ea00000, 0x000000070ec00000|  0%| F|  |TAMS 0x000000070ea00000, 0x000000070ea00000| Untracked 
| 111|0x000000070ec00000, 0x000000070ec00000, 0x000000070ee00000|  0%| F|  |TAMS 0x000000070ec00000, 0x000000070ec00000| Untracked 
| 112|0x000000070ee00000, 0x000000070ee00000, 0x000000070f000000|  0%| F|  |TAMS 0x000000070ee00000, 0x000000070ee00000| Untracked 
| 113|0x000000070f000000, 0x000000070f000000, 0x000000070f200000|  0%| F|  |TAMS 0x000000070f000000, 0x000000070f000000| Untracked 
| 114|0x000000070f200000, 0x000000070f200000, 0x000000070f400000|  0%| F|  |TAMS 0x000000070f200000, 0x000000070f200000| Untracked 
| 115|0x000000070f400000, 0x000000070f400000, 0x000000070f600000|  0%| F|  |TAMS 0x000000070f400000, 0x000000070f400000| Untracked 
| 116|0x000000070f600000, 0x000000070f600000, 0x000000070f800000|  0%| F|  |TAMS 0x000000070f600000, 0x000000070f600000| Untracked 
| 117|0x000000070f800000, 0x000000070f800000, 0x000000070fa00000|  0%| F|  |TAMS 0x000000070f800000, 0x000000070f800000| Untracked 
| 118|0x000000070fa00000, 0x000000070fa00000, 0x000000070fc00000|  0%| F|  |TAMS 0x000000070fa00000, 0x000000070fa00000| Untracked 
| 119|0x000000070fc00000, 0x000000070fc00000, 0x000000070fe00000|  0%| F|  |TAMS 0x000000070fc00000, 0x000000070fc00000| Untracked 
| 120|0x000000070fe00000, 0x000000070fe00000, 0x0000000710000000|  0%| F|  |TAMS 0x000000070fe00000, 0x000000070fe00000| Untracked 
| 121|0x0000000710000000, 0x0000000710000000, 0x0000000710200000|  0%| F|  |TAMS 0x0000000710000000, 0x0000000710000000| Untracked 
| 122|0x0000000710200000, 0x0000000710200000, 0x0000000710400000|  0%| F|  |TAMS 0x0000000710200000, 0x0000000710200000| Untracked 
| 123|0x0000000710400000, 0x0000000710400000, 0x0000000710600000|  0%| F|  |TAMS 0x0000000710400000, 0x0000000710400000| Untracked 
| 124|0x0000000710600000, 0x0000000710600000, 0x0000000710800000|  0%| F|  |TAMS 0x0000000710600000, 0x0000000710600000| Untracked 
| 125|0x0000000710800000, 0x0000000710800000, 0x0000000710a00000|  0%| F|  |TAMS 0x0000000710800000, 0x0000000710800000| Untracked 
| 126|0x0000000710a00000, 0x0000000710a00000, 0x0000000710c00000|  0%| F|  |TAMS 0x0000000710a00000, 0x0000000710a00000| Untracked 
| 127|0x0000000710c00000, 0x0000000710c00000, 0x0000000710e00000|  0%| F|  |TAMS 0x0000000710c00000, 0x0000000710c00000| Untracked 
| 128|0x0000000710e00000, 0x0000000710e00000, 0x0000000711000000|  0%| F|  |TAMS 0x0000000710e00000, 0x0000000710e00000| Untracked 
| 129|0x0000000711000000, 0x0000000711000000, 0x0000000711200000|  0%| F|  |TAMS 0x0000000711000000, 0x0000000711000000| Untracked 
| 130|0x0000000711200000, 0x0000000711200000, 0x0000000711400000|  0%| F|  |TAMS 0x0000000711200000, 0x0000000711200000| Untracked 
| 131|0x0000000711400000, 0x0000000711400000, 0x0000000711600000|  0%| F|  |TAMS 0x0000000711400000, 0x0000000711400000| Untracked 
| 132|0x0000000711600000, 0x0000000711600000, 0x0000000711800000|  0%| F|  |TAMS 0x0000000711600000, 0x0000000711600000| Untracked 
| 133|0x0000000711800000, 0x0000000711800000, 0x0000000711a00000|  0%| F|  |TAMS 0x0000000711800000, 0x0000000711800000| Untracked 
| 134|0x0000000711a00000, 0x0000000711a00000, 0x0000000711c00000|  0%| F|  |TAMS 0x0000000711a00000, 0x0000000711a00000| Untracked 
| 135|0x0000000711c00000, 0x0000000711c00000, 0x0000000711e00000|  0%| F|  |TAMS 0x0000000711c00000, 0x0000000711c00000| Untracked 
| 136|0x0000000711e00000, 0x0000000711e00000, 0x0000000712000000|  0%| F|  |TAMS 0x0000000711e00000, 0x0000000711e00000| Untracked 
| 137|0x0000000712000000, 0x0000000712000000, 0x0000000712200000|  0%| F|  |TAMS 0x0000000712000000, 0x0000000712000000| Untracked 
| 138|0x0000000712200000, 0x0000000712200000, 0x0000000712400000|  0%| F|  |TAMS 0x0000000712200000, 0x0000000712200000| Untracked 
| 139|0x0000000712400000, 0x0000000712400000, 0x0000000712600000|  0%| F|  |TAMS 0x0000000712400000, 0x0000000712400000| Untracked 
| 140|0x0000000712600000, 0x0000000712600000, 0x0000000712800000|  0%| F|  |TAMS 0x0000000712600000, 0x0000000712600000| Untracked 
| 141|0x0000000712800000, 0x0000000712800000, 0x0000000712a00000|  0%| F|  |TAMS 0x0000000712800000, 0x0000000712800000| Untracked 
| 142|0x0000000712a00000, 0x0000000712a00000, 0x0000000712c00000|  0%| F|  |TAMS 0x0000000712a00000, 0x0000000712a00000| Untracked 
| 143|0x0000000712c00000, 0x0000000712c00000, 0x0000000712e00000|  0%| F|  |TAMS 0x0000000712c00000, 0x0000000712c00000| Untracked 
| 144|0x0000000712e00000, 0x0000000712e00000, 0x0000000713000000|  0%| F|  |TAMS 0x0000000712e00000, 0x0000000712e00000| Untracked 
| 145|0x0000000713000000, 0x0000000713000000, 0x0000000713200000|  0%| F|  |TAMS 0x0000000713000000, 0x0000000713000000| Untracked 
| 146|0x0000000713200000, 0x0000000713200000, 0x0000000713400000|  0%| F|  |TAMS 0x0000000713200000, 0x0000000713200000| Untracked 
| 147|0x0000000713400000, 0x0000000713400000, 0x0000000713600000|  0%| F|  |TAMS 0x0000000713400000, 0x0000000713400000| Untracked 
| 148|0x0000000713600000, 0x0000000713600000, 0x0000000713800000|  0%| F|  |TAMS 0x0000000713600000, 0x0000000713600000| Untracked 
| 149|0x0000000713800000, 0x0000000713800000, 0x0000000713a00000|  0%| F|  |TAMS 0x0000000713800000, 0x0000000713800000| Untracked 
| 150|0x0000000713a00000, 0x0000000713a00000, 0x0000000713c00000|  0%| F|  |TAMS 0x0000000713a00000, 0x0000000713a00000| Untracked 
| 151|0x0000000713c00000, 0x0000000713c00000, 0x0000000713e00000|  0%| F|  |TAMS 0x0000000713c00000, 0x0000000713c00000| Untracked 
| 152|0x0000000713e00000, 0x0000000713e00000, 0x0000000714000000|  0%| F|  |TAMS 0x0000000713e00000, 0x0000000713e00000| Untracked 
| 153|0x0000000714000000, 0x0000000714000000, 0x0000000714200000|  0%| F|  |TAMS 0x0000000714000000, 0x0000000714000000| Untracked 
| 154|0x0000000714200000, 0x0000000714200000, 0x0000000714400000|  0%| F|  |TAMS 0x0000000714200000, 0x0000000714200000| Untracked 
| 155|0x0000000714400000, 0x0000000714400000, 0x0000000714600000|  0%| F|  |TAMS 0x0000000714400000, 0x0000000714400000| Untracked 
| 156|0x0000000714600000, 0x0000000714600000, 0x0000000714800000|  0%| F|  |TAMS 0x0000000714600000, 0x0000000714600000| Untracked 
| 157|0x0000000714800000, 0x0000000714800000, 0x0000000714a00000|  0%| F|  |TAMS 0x0000000714800000, 0x0000000714800000| Untracked 
| 158|0x0000000714a00000, 0x0000000714a00000, 0x0000000714c00000|  0%| F|  |TAMS 0x0000000714a00000, 0x0000000714a00000| Untracked 
| 159|0x0000000714c00000, 0x0000000714c00000, 0x0000000714e00000|  0%| F|  |TAMS 0x0000000714c00000, 0x0000000714c00000| Untracked 
| 160|0x0000000714e00000, 0x0000000714e00000, 0x0000000715000000|  0%| F|  |TAMS 0x0000000714e00000, 0x0000000714e00000| Untracked 
| 161|0x0000000715000000, 0x0000000715000000, 0x0000000715200000|  0%| F|  |TAMS 0x0000000715000000, 0x0000000715000000| Untracked 
| 162|0x0000000715200000, 0x0000000715200000, 0x0000000715400000|  0%| F|  |TAMS 0x0000000715200000, 0x0000000715200000| Untracked 
| 163|0x0000000715400000, 0x0000000715400000, 0x0000000715600000|  0%| F|  |TAMS 0x0000000715400000, 0x0000000715400000| Untracked 
| 164|0x0000000715600000, 0x0000000715600000, 0x0000000715800000|  0%| F|  |TAMS 0x0000000715600000, 0x0000000715600000| Untracked 
| 165|0x0000000715800000, 0x0000000715800000, 0x0000000715a00000|  0%| F|  |TAMS 0x0000000715800000, 0x0000000715800000| Untracked 
| 166|0x0000000715a00000, 0x0000000715a00000, 0x0000000715c00000|  0%| F|  |TAMS 0x0000000715a00000, 0x0000000715a00000| Untracked 
| 167|0x0000000715c00000, 0x0000000715c00000, 0x0000000715e00000|  0%| F|  |TAMS 0x0000000715c00000, 0x0000000715c00000| Untracked 
| 168|0x0000000715e00000, 0x0000000715e00000, 0x0000000716000000|  0%| F|  |TAMS 0x0000000715e00000, 0x0000000715e00000| Untracked 
| 169|0x0000000716000000, 0x0000000716000000, 0x0000000716200000|  0%| F|  |TAMS 0x0000000716000000, 0x0000000716000000| Untracked 
| 170|0x0000000716200000, 0x0000000716200000, 0x0000000716400000|  0%| F|  |TAMS 0x0000000716200000, 0x0000000716200000| Untracked 
| 171|0x0000000716400000, 0x0000000716400000, 0x0000000716600000|  0%| F|  |TAMS 0x0000000716400000, 0x0000000716400000| Untracked 
| 172|0x0000000716600000, 0x0000000716600000, 0x0000000716800000|  0%| F|  |TAMS 0x0000000716600000, 0x0000000716600000| Untracked 
| 173|0x0000000716800000, 0x0000000716800000, 0x0000000716a00000|  0%| F|  |TAMS 0x0000000716800000, 0x0000000716800000| Untracked 
| 174|0x0000000716a00000, 0x0000000716a00000, 0x0000000716c00000|  0%| F|  |TAMS 0x0000000716a00000, 0x0000000716a00000| Untracked 
| 175|0x0000000716c00000, 0x0000000716c00000, 0x0000000716e00000|  0%| F|  |TAMS 0x0000000716c00000, 0x0000000716c00000| Untracked 
| 176|0x0000000716e00000, 0x0000000716e00000, 0x0000000717000000|  0%| F|  |TAMS 0x0000000716e00000, 0x0000000716e00000| Untracked 
| 177|0x0000000717000000, 0x0000000717000000, 0x0000000717200000|  0%| F|  |TAMS 0x0000000717000000, 0x0000000717000000| Untracked 
| 178|0x0000000717200000, 0x0000000717200000, 0x0000000717400000|  0%| F|  |TAMS 0x0000000717200000, 0x0000000717200000| Untracked 
| 179|0x0000000717400000, 0x0000000717400000, 0x0000000717600000|  0%| F|  |TAMS 0x0000000717400000, 0x0000000717400000| Untracked 
| 180|0x0000000717600000, 0x0000000717600000, 0x0000000717800000|  0%| F|  |TAMS 0x0000000717600000, 0x0000000717600000| Untracked 
| 181|0x0000000717800000, 0x0000000717800000, 0x0000000717a00000|  0%| F|  |TAMS 0x0000000717800000, 0x0000000717800000| Untracked 
| 182|0x0000000717a00000, 0x0000000717a00000, 0x0000000717c00000|  0%| F|  |TAMS 0x0000000717a00000, 0x0000000717a00000| Untracked 
| 183|0x0000000717c00000, 0x0000000717d00800, 0x0000000717e00000| 50%| E|  |TAMS 0x0000000717c00000, 0x0000000717c00000| Complete 
| 184|0x0000000717e00000, 0x0000000718000000, 0x0000000718000000|100%| E|CS|TAMS 0x0000000717e00000, 0x0000000717e00000| Complete 
| 185|0x0000000718000000, 0x0000000718200000, 0x0000000718200000|100%| E|CS|TAMS 0x0000000718000000, 0x0000000718000000| Complete 
| 186|0x0000000718200000, 0x0000000718400000, 0x0000000718400000|100%| E|CS|TAMS 0x0000000718200000, 0x0000000718200000| Complete 
| 187|0x0000000718400000, 0x0000000718600000, 0x0000000718600000|100%| E|CS|TAMS 0x0000000718400000, 0x0000000718400000| Complete 
| 188|0x0000000718600000, 0x0000000718800000, 0x0000000718800000|100%| E|CS|TAMS 0x0000000718600000, 0x0000000718600000| Complete 
| 189|0x0000000718800000, 0x0000000718a00000, 0x0000000718a00000|100%| E|CS|TAMS 0x0000000718800000, 0x0000000718800000| Complete 
| 190|0x0000000718a00000, 0x0000000718c00000, 0x0000000718c00000|100%| E|CS|TAMS 0x0000000718a00000, 0x0000000718a00000| Complete 
| 191|0x0000000718c00000, 0x0000000718e00000, 0x0000000718e00000|100%| E|CS|TAMS 0x0000000718c00000, 0x0000000718c00000| Complete 
| 192|0x0000000718e00000, 0x0000000719000000, 0x0000000719000000|100%| E|CS|TAMS 0x0000000718e00000, 0x0000000718e00000| Complete 
| 193|0x0000000719000000, 0x0000000719200000, 0x0000000719200000|100%| E|CS|TAMS 0x0000000719000000, 0x0000000719000000| Complete 
| 194|0x0000000719200000, 0x0000000719400000, 0x0000000719400000|100%| E|CS|TAMS 0x0000000719200000, 0x0000000719200000| Complete 
| 195|0x0000000719400000, 0x0000000719600000, 0x0000000719600000|100%| E|CS|TAMS 0x0000000719400000, 0x0000000719400000| Complete 
| 196|0x0000000719600000, 0x0000000719800000, 0x0000000719800000|100%| E|CS|TAMS 0x0000000719600000, 0x0000000719600000| Complete 
| 197|0x0000000719800000, 0x0000000719a00000, 0x0000000719a00000|100%| E|CS|TAMS 0x0000000719800000, 0x0000000719800000| Complete 
| 198|0x0000000719a00000, 0x0000000719c00000, 0x0000000719c00000|100%| E|CS|TAMS 0x0000000719a00000, 0x0000000719a00000| Complete 
| 199|0x0000000719c00000, 0x0000000719e00000, 0x0000000719e00000|100%| E|CS|TAMS 0x0000000719c00000, 0x0000000719c00000| Complete 
| 200|0x0000000719e00000, 0x000000071a000000, 0x000000071a000000|100%| E|CS|TAMS 0x0000000719e00000, 0x0000000719e00000| Complete 
| 201|0x000000071a000000, 0x000000071a200000, 0x000000071a200000|100%| E|CS|TAMS 0x000000071a000000, 0x000000071a000000| Complete 
|2039|0x00000007ffc00000, 0x00000007ffe00000, 0x00000007ffe00000|100%| O|  |TAMS 0x00000007ffe00000, 0x00000007ffc00000| Untracked 
|2040|0x00000007ffe00000, 0x0000000800000000, 0x0000000800000000|100%| O|  |TAMS 0x0000000800000000, 0x00000007ffe00000| Untracked 

Card table byte_map: [0x00000260f9390000,0x00000260f9b90000] _byte_map_base: 0x00000260f5b89000

Marking Bits (Prev, Next): (CMBitMap*) 0x00000260f10f3230, (CMBitMap*) 0x00000260f10f3270
 Prev Bits: [0x00000260fa390000, 0x00000260fe358000)
 Next Bits: [0x000002608f000000, 0x0000026092fc8000)

Polling page: 0x00000260ef010000

Metaspace:

Usage:
  Non-class:     29.97 MB used.
      Class:      3.15 MB used.
       Both:     33.12 MB used.

Virtual space:
  Non-class space:       64.00 MB reserved,      30.19 MB ( 47%) committed,  1 nodes.
      Class space:        1.00 GB reserved,       3.38 MB ( <1%) committed,  1 nodes.
             Both:        1.06 GB reserved,      33.56 MB (  3%) committed. 

Chunk freelists:
   Non-Class:  1.69 MB
       Class:  12.59 MB
        Both:  14.28 MB

MaxMetaspaceSize: unlimited
CompressedClassSpaceSize: 1.00 GB
Initial GC threshold: 21.00 MB
Current GC threshold: 54.50 MB
CDS: on
MetaspaceReclaimPolicy: balanced
 - commit_granule_bytes: 65536.
 - commit_granule_words: 8192.
 - virtual_space_node_default_size: 8388608.
 - enlarge_chunks_in_place: 1.
 - new_chunks_are_fully_committed: 0.
 - uncommit_free_chunks: 1.
 - use_allocation_guard: 0.
 - handle_deallocations: 1.


Internal statistics:

num_allocs_failed_limit: 3.
num_arena_births: 520.
num_arena_deaths: 0.
num_vsnodes_births: 2.
num_vsnodes_deaths: 0.
num_space_committed: 535.
num_space_uncommitted: 0.
num_chunks_returned_to_freelist: 3.
num_chunks_taken_from_freelist: 1286.
num_chunk_merges: 0.
num_chunk_splits: 873.
num_chunks_enlarged: 623.
num_inconsistent_stats: 0.

CodeHeap 'non-profiled nmethods': size=120000Kb used=3673Kb max_used=3673Kb free=116326Kb
 bounds [0x0000026087ad0000, 0x0000026087e70000, 0x000002608f000000]
CodeHeap 'profiled nmethods': size=120000Kb used=9100Kb max_used=9100Kb free=110899Kb
 bounds [0x0000026080000000, 0x00000260808f0000, 0x0000026087530000]
CodeHeap 'non-nmethods': size=5760Kb used=2034Kb max_used=2080Kb free=3725Kb
 bounds [0x0000026087530000, 0x00000260877a0000, 0x0000026087ad0000]
 total_blobs=6434 nmethods=4849 adapters=1497
 compilation: enabled
              stopped_count=0, restarted_count=0
 full_count=0

Compilation events (20 events):
Event: 17.151 Thread 0x00000260da102420 nmethod 5648 0x00000260808dca10 code [0x00000260808dcc00, 0x00000260808dd208]
Event: 17.151 Thread 0x00000260da102420 5645       3       java.lang.invoke.InvokerBytecodeGenerator::generateCustomizedCode (34 bytes)
Event: 17.152 Thread 0x00000260da102420 nmethod 5645 0x00000260808dd590 code [0x00000260808dd7c0, 0x00000260808ddd18]
Event: 17.152 Thread 0x00000260da102420 5651       3       java.lang.invoke.TypeConvertingMethodAdapter::cast (42 bytes)
Event: 17.152 Thread 0x00000260da102420 nmethod 5651 0x00000260808ddf90 code [0x00000260808de180, 0x00000260808de608]
Event: 17.152 Thread 0x00000260da102420 5650       3       jdk.internal.misc.Unsafe::ensureClassInitialized (18 bytes)
Event: 17.152 Thread 0x00000260da102420 nmethod 5650 0x00000260808de790 code [0x00000260808de940, 0x00000260808deb78]
Event: 17.152 Thread 0x00000260da102420 5652       3       java.lang.invoke.BoundMethodHandle::speciesDataFor (32 bytes)
Event: 17.153 Thread 0x00000260da102420 nmethod 5652 0x00000260808dec90 code [0x00000260808dee40, 0x00000260808df1f8]
Event: 17.154 Thread 0x00000260da102420 5656       3       java.lang.invoke.StringConcatFactory::parseRecipe (198 bytes)
Event: 17.156 Thread 0x00000260da102420 nmethod 5656 0x00000260808df310 code [0x00000260808df780, 0x00000260808e1cd8]
Event: 17.156 Thread 0x00000260da102420 5657       3       java.lang.StringCoding::implEncodeAsciiArray (47 bytes)
Event: 17.156 Thread 0x00000260da102420 nmethod 5657 0x00000260808e2b10 code [0x00000260808e2cc0, 0x00000260808e2f18]
Event: 17.156 Thread 0x00000260da102420 5655       1       java.lang.invoke.MethodHandleImpl$AsVarargsCollector::getTarget (5 bytes)
Event: 17.156 Thread 0x00000260da102420 nmethod 5655 0x0000026087e61990 code [0x0000026087e61b20, 0x0000026087e61bf8]
Event: 17.162 Thread 0x00000260da7f5c10 5658       4       com.xbuilders.engine.server.entity.ChunkEntitySet::draw (453 bytes)
Event: 17.162 Thread 0x00000260da102420 5659       3       org.lwjgl.nuklear.NkStyleButton::padding (8 bytes)
Event: 17.163 Thread 0x00000260da102420 nmethod 5659 0x00000260808e3090 code [0x00000260808e3240, 0x00000260808e35e8]
Event: 17.163 Thread 0x00000260da102420 5660       3       org.lwjgl.nuklear.NkStyleButton::npadding (10 bytes)
Event: 17.163 Thread 0x00000260da102420 nmethod 5660 0x00000260808e3710 code [0x00000260808e38c0, 0x00000260808e3b48]

GC Heap History (20 events):
Event: 10.778 GC heap before
{Heap before GC invocations=17 (full 0):
 garbage-first heap   total 49152K, used 26476K [0x0000000700e00000, 0x0000000800000000)
  region size 2048K, 9 young (18432K), 2 survivors (4096K)
 Metaspace       used 32821K, committed 33216K, reserved 1114112K
  class space    used 3138K, committed 3328K, reserved 1048576K
}
Event: 10.802 GC heap after
{Heap after GC invocations=18 (full 1):
 garbage-first heap   total 49152K, used 16079K [0x0000000700e00000, 0x0000000800000000)
  region size 2048K, 0 young (0K), 0 survivors (0K)
 Metaspace       used 32821K, committed 33216K, reserved 1114112K
  class space    used 3138K, committed 3328K, reserved 1048576K
}
Event: 10.861 GC heap before
{Heap before GC invocations=18 (full 1):
 garbage-first heap   total 49152K, used 34511K [0x0000000700e00000, 0x0000000800000000)
  region size 2048K, 10 young (20480K), 0 survivors (0K)
 Metaspace       used 33075K, committed 33472K, reserved 1114112K
  class space    used 3161K, committed 3328K, reserved 1048576K
}
Event: 10.864 GC heap after
{Heap after GC invocations=19 (full 1):
 garbage-first heap   total 53248K, used 29939K [0x0000000700e00000, 0x0000000800000000)
  region size 2048K, 2 young (4096K), 2 survivors (4096K)
 Metaspace       used 33075K, committed 33472K, reserved 1114112K
  class space    used 3161K, committed 3328K, reserved 1048576K
}
Event: 10.871 GC heap before
{Heap before GC invocations=19 (full 1):
 garbage-first heap   total 53248K, used 34035K [0x0000000700e00000, 0x0000000800000000)
  region size 2048K, 5 young (10240K), 2 survivors (4096K)
 Metaspace       used 33078K, committed 33472K, reserved 1114112K
  class space    used 3161K, committed 3328K, reserved 1048576K
}
Event: 10.874 GC heap after
{Heap after GC invocations=20 (full 1):
 garbage-first heap   total 53248K, used 35719K [0x0000000700e00000, 0x0000000800000000)
  region size 2048K, 1 young (2048K), 1 survivors (2048K)
 Metaspace       used 33078K, committed 33472K, reserved 1114112K
  class space    used 3161K, committed 3328K, reserved 1048576K
}
Event: 10.877 GC heap before
{Heap before GC invocations=20 (full 1):
 garbage-first heap   total 53248K, used 35719K [0x0000000700e00000, 0x0000000800000000)
  region size 2048K, 2 young (4096K), 1 survivors (2048K)
 Metaspace       used 33082K, committed 33472K, reserved 1114112K
  class space    used 3161K, committed 3328K, reserved 1048576K
}
Event: 10.878 GC heap after
{Heap after GC invocations=21 (full 1):
 garbage-first heap   total 53248K, used 37803K [0x0000000700e00000, 0x0000000800000000)
  region size 2048K, 1 young (2048K), 1 survivors (2048K)
 Metaspace       used 33082K, committed 33472K, reserved 1114112K
  class space    used 3161K, committed 3328K, reserved 1048576K
}
Event: 10.881 GC heap before
{Heap before GC invocations=21 (full 1):
 garbage-first heap   total 53248K, used 37803K [0x0000000700e00000, 0x0000000800000000)
  region size 2048K, 2 young (4096K), 1 survivors (2048K)
 Metaspace       used 33089K, committed 33472K, reserved 1114112K
  class space    used 3161K, committed 3328K, reserved 1048576K
}
Event: 10.883 GC heap after
{Heap after GC invocations=22 (full 1):
 garbage-first heap   total 157696K, used 39630K [0x0000000700e00000, 0x0000000800000000)
  region size 2048K, 1 young (2048K), 1 survivors (2048K)
 Metaspace       used 33089K, committed 33472K, reserved 1114112K
  class space    used 3161K, committed 3328K, reserved 1048576K
}
Event: 10.944 GC heap before
{Heap before GC invocations=23 (full 1):
 garbage-first heap   total 157696K, used 80590K [0x0000000700e00000, 0x0000000800000000)
  region size 2048K, 22 young (45056K), 1 survivors (2048K)
 Metaspace       used 33167K, committed 33536K, reserved 1114112K
  class space    used 3161K, committed 3328K, reserved 1048576K
}
Event: 10.953 GC heap after
{Heap after GC invocations=24 (full 1):
 garbage-first heap   total 157696K, used 74528K [0x0000000700e00000, 0x0000000800000000)
  region size 2048K, 3 young (6144K), 3 survivors (6144K)
 Metaspace       used 33167K, committed 33536K, reserved 1114112K
  class space    used 3161K, committed 3328K, reserved 1048576K
}
Event: 10.973 GC heap before
{Heap before GC invocations=24 (full 1):
 garbage-first heap   total 157696K, used 95008K [0x0000000700e00000, 0x0000000800000000)
  region size 2048K, 14 young (28672K), 3 survivors (6144K)
 Metaspace       used 33179K, committed 33536K, reserved 1114112K
  class space    used 3161K, committed 3328K, reserved 1048576K
}
Event: 10.980 GC heap after
{Heap after GC invocations=25 (full 1):
 garbage-first heap   total 157696K, used 96992K [0x0000000700e00000, 0x0000000800000000)
  region size 2048K, 2 young (4096K), 2 survivors (4096K)
 Metaspace       used 33179K, committed 33536K, reserved 1114112K
  class space    used 3161K, committed 3328K, reserved 1048576K
}
Event: 10.996 GC heap before
{Heap before GC invocations=25 (full 1):
 garbage-first heap   total 157696K, used 107232K [0x0000000700e00000, 0x0000000800000000)
  region size 2048K, 8 young (16384K), 2 survivors (4096K)
 Metaspace       used 33181K, committed 33536K, reserved 1114112K
  class space    used 3161K, committed 3328K, reserved 1048576K
}
Event: 11.000 GC heap after
{Heap after GC invocations=26 (full 1):
 garbage-first heap   total 157696K, used 109008K [0x0000000700e00000, 0x0000000800000000)
  region size 2048K, 1 young (2048K), 1 survivors (2048K)
 Metaspace       used 33181K, committed 33536K, reserved 1114112K
  class space    used 3161K, committed 3328K, reserved 1048576K
}
Event: 11.006 GC heap before
{Heap before GC invocations=26 (full 1):
 garbage-first heap   total 157696K, used 113104K [0x0000000700e00000, 0x0000000800000000)
  region size 2048K, 4 young (8192K), 1 survivors (2048K)
 Metaspace       used 33181K, committed 33536K, reserved 1114112K
  class space    used 3161K, committed 3328K, reserved 1048576K
}
Event: 11.007 GC heap after
{Heap after GC invocations=27 (full 1):
 garbage-first heap   total 157696K, used 115497K [0x0000000700e00000, 0x0000000800000000)
  region size 2048K, 1 young (2048K), 1 survivors (2048K)
 Metaspace       used 33181K, committed 33536K, reserved 1114112K
  class space    used 3161K, committed 3328K, reserved 1048576K
}
Event: 11.011 GC heap before
{Heap before GC invocations=27 (full 1):
 garbage-first heap   total 157696K, used 117545K [0x0000000700e00000, 0x0000000800000000)
  region size 2048K, 3 young (6144K), 1 survivors (2048K)
 Metaspace       used 33181K, committed 33536K, reserved 1114112K
  class space    used 3161K, committed 3328K, reserved 1048576K
}
Event: 11.013 GC heap after
{Heap after GC invocations=28 (full 1):
 garbage-first heap   total 417792K, used 119618K [0x0000000700e00000, 0x0000000800000000)
  region size 2048K, 1 young (2048K), 1 survivors (2048K)
 Metaspace       used 33181K, committed 33536K, reserved 1114112K
  class space    used 3161K, committed 3328K, reserved 1048576K
}

Dll operation events (17 events):
Event: 0.007 Loaded shared library C:\Users\Samuel.Walker-1\.jdks\corretto-17.0.11\bin\java.dll
Event: 0.023 Loaded shared library C:\Users\Samuel.Walker-1\.jdks\corretto-17.0.11\bin\jsvml.dll
Event: 0.153 Loaded shared library C:\Users\Samuel.Walker-1\.jdks\corretto-17.0.11\bin\zip.dll
Event: 0.155 Loaded shared library C:\Users\Samuel.Walker-1\.jdks\corretto-17.0.11\bin\instrument.dll
Event: 0.161 Loaded shared library C:\Users\Samuel.Walker-1\.jdks\corretto-17.0.11\bin\net.dll
Event: 0.162 Loaded shared library C:\Users\Samuel.Walker-1\.jdks\corretto-17.0.11\bin\nio.dll
Event: 0.165 Loaded shared library C:\Users\Samuel.Walker-1\.jdks\corretto-17.0.11\bin\zip.dll
Event: 0.279 Loaded shared library C:\Program Files\JetBrains\IntelliJ IDEA Community Edition 2024.1\bin\breakgen64.dll
Event: 0.292 Loaded shared library C:\Users\Samuel.Walker-1\.jdks\corretto-17.0.11\bin\extnet.dll
Event: 0.326 Loaded shared library C:\Users\Samuel.Walker-1\.jdks\corretto-17.0.11\bin\jimage.dll
Event: 0.349 Loaded shared library C:\Users\Samuel.Walker-1\AppData\Local\Temp\lwjgl_Samuel\3.3.2+13\x64\lwjgl.dll
Event: 0.492 Loaded shared library C:\Users\Samuel.Walker-1\.jdks\corretto-17.0.11\bin\awt.dll
Event: 0.821 Loaded shared library C:\Users\Samuel.Walker-1\.jdks\corretto-17.0.11\bin\verify.dll
Event: 1.539 Loaded shared library C:\Users\Samuel.Walker-1\AppData\Local\Temp\lwjgl_Samuel\3.3.2+13\x64\lwjgl_opengl.dll
Event: 1.656 Loaded shared library C:\Users\Samuel.Walker-1\AppData\Local\Temp\lwjgl_Samuel\3.3.2+13\x64\lwjgl_nuklear.dll
Event: 1.684 Loaded shared library C:\Users\Samuel.Walker-1\AppData\Local\Temp\lwjgl_Samuel\3.3.2+13\x64\lwjgl_stb.dll
Event: 7.842 Loaded shared library C:\Users\Samuel.Walker-1\.jdks\corretto-17.0.11\bin\sunmscapi.dll

Deoptimization events (20 events):
Event: 16.183 Thread 0x00000260f1088b40 DEOPT PACKING pc=0x0000026087e40f78 sp=0x00000074a61ff100
Event: 16.183 Thread 0x00000260f1088b40 DEOPT UNPACKING pc=0x00000260875869a3 sp=0x00000074a61ff088 mode 2
Event: 16.183 Thread 0x00000260f1088b40 Uncommon trap: trap_request=0xffffff66 fr.pc=0x0000026087e40f78 relative=0x0000000000000058
Event: 16.183 Thread 0x00000260f1088b40 Uncommon trap: reason=speculate_class_check action=maybe_recompile pc=0x0000026087e40f78 method=java.lang.invoke.Invokers$Holder.linkToTargetMethod(Ljava/lang/Object;ILjava/lang/Object;)Ljava/lang/Object; @ 1 c2
Event: 16.183 Thread 0x00000260f1088b40 DEOPT PACKING pc=0x0000026087e40f78 sp=0x00000074a61ff100
Event: 16.183 Thread 0x00000260f1088b40 DEOPT UNPACKING pc=0x00000260875869a3 sp=0x00000074a61ff088 mode 2
Event: 16.349 Thread 0x0000026102f795a0 DEOPT PACKING pc=0x00000260808b472a sp=0x00000074a87ff3c0
Event: 16.349 Thread 0x0000026102f795a0 DEOPT UNPACKING pc=0x0000026087587143 sp=0x00000074a87fe8d0 mode 0
Event: 16.350 Thread 0x0000026102f795a0 DEOPT PACKING pc=0x00000260808b472a sp=0x00000074a87ff3c0
Event: 16.350 Thread 0x0000026102f795a0 DEOPT UNPACKING pc=0x0000026087587143 sp=0x00000074a87fe8d0 mode 0
Event: 16.351 Thread 0x0000026102f795a0 DEOPT PACKING pc=0x00000260808b472a sp=0x00000074a87ff3c0
Event: 16.351 Thread 0x0000026102f795a0 DEOPT UNPACKING pc=0x0000026087587143 sp=0x00000074a87fe8d0 mode 0
Event: 16.352 Thread 0x0000026102f795a0 DEOPT PACKING pc=0x00000260808b472a sp=0x00000074a87ff3c0
Event: 16.352 Thread 0x0000026102f795a0 DEOPT UNPACKING pc=0x0000026087587143 sp=0x00000074a87fe8d0 mode 0
Event: 16.354 Thread 0x0000026102f795a0 DEOPT PACKING pc=0x00000260808b472a sp=0x00000074a87ff3c0
Event: 16.354 Thread 0x0000026102f795a0 DEOPT UNPACKING pc=0x0000026087587143 sp=0x00000074a87fe8d0 mode 0
Event: 16.355 Thread 0x0000026102f795a0 DEOPT PACKING pc=0x00000260808b472a sp=0x00000074a87ff3c0
Event: 16.355 Thread 0x0000026102f795a0 DEOPT UNPACKING pc=0x0000026087587143 sp=0x00000074a87fe8d0 mode 0
Event: 16.356 Thread 0x0000026102f795a0 DEOPT PACKING pc=0x00000260808b472a sp=0x00000074a87ff3c0
Event: 16.356 Thread 0x0000026102f795a0 DEOPT UNPACKING pc=0x0000026087587143 sp=0x00000074a87fe8d0 mode 0

Classes unloaded (0 events):
No events

Classes redefined (0 events):
No events

Internal exceptions (20 events):
Event: 7.730 Thread 0x00000260f1088b40 Exception <a 'java/lang/NoSuchMethodError'{0x00000007024b8470}: 'int java.lang.invoke.DirectMethodHandle$Holder.invokeStatic(java.lang.Object, java.lang.Object, java.lang.Object, java.lang.Object)'> (0x00000007024b8470) 
thrown [s\src\hotspot\share\interpreter\linkResolver.cpp, line 759]
Event: 7.730 Thread 0x00000260f1088b40 Exception <a 'java/lang/NoSuchMethodError'{0x00000007024bbc78}: 'int java.lang.invoke.DirectMethodHandle$Holder.invokeStaticInit(java.lang.Object, java.lang.Object, java.lang.Object, java.lang.Object)'> (0x00000007024bbc78) 
thrown [s\src\hotspot\share\interpreter\linkResolver.cpp, line 759]
Event: 7.731 Thread 0x00000260f1088b40 Exception <a 'java/lang/NoSuchMethodError'{0x00000007024c5208}: 'java.lang.Object java.lang.invoke.DirectMethodHandle$Holder.invokeInterface(java.lang.Object, java.lang.Object)'> (0x00000007024c5208) 
thrown [s\src\hotspot\share\interpreter\linkResolver.cpp, line 759]
Event: 7.731 Thread 0x00000260f1088b40 Exception <a 'java/lang/IncompatibleClassChangeError'{0x00000007024c8a00}: Found class java.lang.Object, but interface was expected> (0x00000007024c8a00) 
thrown [s\src\hotspot\share\interpreter\linkResolver.cpp, line 826]
Event: 7.731 Thread 0x00000260f1088b40 Exception <a 'java/lang/NoSuchMethodError'{0x00000007024cbcd0}: 'void java.lang.invoke.DirectMethodHandle$Holder.invokeStaticInit(java.lang.Object, java.lang.Object)'> (0x00000007024cbcd0) 
thrown [s\src\hotspot\share\interpreter\linkResolver.cpp, line 759]
Event: 7.732 Thread 0x00000260f1088b40 Exception <a 'java/lang/NoSuchMethodError'{0x00000007024d1a08}: 'int java.lang.invoke.DirectMethodHandle$Holder.invokeStaticInit(java.lang.Object, java.lang.Object)'> (0x00000007024d1a08) 
thrown [s\src\hotspot\share\interpreter\linkResolver.cpp, line 759]
Event: 9.877 Thread 0x00000260f1088b40 Exception <a 'java/lang/NoSuchMethodError'{0x0000000703082f90}: 'java.lang.Object java.lang.invoke.DirectMethodHandle$Holder.invokeSpecial(java.lang.Object, java.lang.Object, long, java.lang.Object, java.lang.Object, java.lang.Object, java.lang.Object, java.lang.Object, int)'> (0x0000000703082f90) 
thrown [s\src\hotspot\share\interpreter\linkResolver.cpp, line 759]
Event: 9.877 Thread 0x00000260f1088b40 Exception <a 'java/lang/NoSuchMethodError'{0x0000000703087730}: 'java.lang.Object java.lang.invoke.DelegatingMethodHandle$Holder.reinvoke_L(java.lang.Object, long, java.lang.Object, java.lang.Object, java.lang.Object, java.lang.Object, java.lang.Object, int)'> (0x0000000703087730) 
thrown [s\src\hotspot\share\interpreter\linkResolver.cpp, line 759]
Event: 9.878 Thread 0x00000260f1088b40 Exception <a 'java/lang/NoSuchMethodError'{0x0000000703093f60}: 'java.lang.Object java.lang.invoke.DirectMethodHandle$Holder.invokeSpecial(java.lang.Object, java.lang.Object, java.lang.Object, java.lang.Object, java.lang.Object, java.lang.Object, java.lang.Object, int)'> (0x0000000703093f60) 
thrown [s\src\hotspot\share\interpreter\linkResolver.cpp, line 759]
Event: 10.723 Thread 0x00000260f1088b40 Exception <a 'java/lang/NoSuchMethodError'{0x000000070311dae8}: 'void java.lang.invoke.DirectMethodHandle$Holder.invokeStatic(java.lang.Object, java.lang.Object, java.lang.Object, java.lang.Object)'> (0x000000070311dae8) 
thrown [s\src\hotspot\share\interpreter\linkResolver.cpp, line 759]
Event: 10.777 Thread 0x00000260f1088b40 Exception <a 'java/lang/NoSuchMethodError'{0x0000000703198e48}: 'java.lang.Object java.lang.invoke.DirectMethodHandle$Holder.invokeVirtual(java.lang.Object, java.lang.Object, java.lang.Object, java.lang.Object)'> (0x0000000703198e48) 
thrown [s\src\hotspot\share\interpreter\linkResolver.cpp, line 759]
Event: 11.544 Thread 0x0000026102f7a9e0 Implicit null exception at 0x0000026087d79eb6 to 0x0000026087d79f41
Event: 11.780 Thread 0x0000026102f7a9e0 Implicit null exception at 0x0000026087da4374 to 0x0000026087da84a0
Event: 14.928 Thread 0x00000260f1088b40 Exception <a 'java/lang/NoSuchMethodError'{0x0000000719b0cd80}: 'void java.lang.invoke.DirectMethodHandle$Holder.invokeSpecial(java.lang.Object, java.lang.Object, int, java.lang.Object)'> (0x0000000719b0cd80) 
thrown [s\src\hotspot\share\interpreter\linkResolver.cpp, line 759]
Event: 14.935 Thread 0x00000260f1088b40 Exception <a 'java/lang/NoSuchMethodError'{0x0000000718477228}: 'java.lang.Object java.lang.invoke.DirectMethodHandle$Holder.newInvokeSpecial(java.lang.Object, java.lang.Object, java.lang.Object, int)'> (0x0000000718477228) 
thrown [s\src\hotspot\share\interpreter\linkResolver.cpp, line 759]
Event: 14.935 Thread 0x00000260f1088b40 Exception <a 'java/lang/NoSuchMethodError'{0x000000071847b360}: 'java.lang.Object java.lang.invoke.DirectMethodHandle$Holder.invokeSpecial(java.lang.Object, java.lang.Object, java.lang.Object, java.lang.Object, int)'> (0x000000071847b360) 
thrown [s\src\hotspot\share\interpreter\linkResolver.cpp, line 759]
Event: 14.936 Thread 0x00000260f1088b40 Exception <a 'java/lang/NoSuchMethodError'{0x000000071847ec80}: 'java.lang.Object java.lang.invoke.Invokers$Holder.linkToTargetMethod(java.lang.Object, java.lang.Object, int, java.lang.Object)'> (0x000000071847ec80) 
thrown [s\src\hotspot\share\interpreter\linkResolver.cpp, line 759]
Event: 14.962 Thread 0x00000260f1088b40 Exception <a 'java/lang/NoSuchMethodError'{0x00000007184f1788}: 'java.lang.Object java.lang.invoke.DirectMethodHandle$Holder.invokeStatic(java.lang.Object, float)'> (0x00000007184f1788) 
thrown [s\src\hotspot\share\interpreter\linkResolver.cpp, line 759]
Event: 14.967 Thread 0x00000260f1088b40 Exception <a 'java/lang/NoSuchMethodError'{0x0000000718529f58}: 'java.lang.Object java.lang.invoke.DirectMethodHandle$Holder.invokeSpecial(java.lang.Object, java.lang.Object, float)'> (0x0000000718529f58) 
thrown [s\src\hotspot\share\interpreter\linkResolver.cpp, line 759]
Event: 17.151 Thread 0x00000260f1088b40 Exception <a 'java/lang/NoSuchMethodError'{0x0000000717c43498}: 'void java.lang.invoke.DirectMethodHandle$Holder.invokeStatic(java.lang.Object, java.lang.Object, java.lang.Object)'> (0x0000000717c43498) 
thrown [s\src\hotspot\share\interpreter\linkResolver.cpp, line 759]

VM Operations (20 events):
Event: 11.033 Executing VM operation: G1PauseCleanup
Event: 11.033 Executing VM operation: G1PauseCleanup done
Event: 11.819 Executing VM operation: HandshakeAllThreads
Event: 11.819 Executing VM operation: HandshakeAllThreads done
Event: 12.820 Executing VM operation: Cleanup
Event: 12.820 Executing VM operation: Cleanup done
Event: 13.830 Executing VM operation: Cleanup
Event: 13.830 Executing VM operation: Cleanup done
Event: 14.956 Executing VM operation: HandshakeAllThreads
Event: 14.956 Executing VM operation: HandshakeAllThreads done
Event: 14.956 Executing VM operation: Cleanup
Event: 14.956 Executing VM operation: Cleanup done
Event: 14.959 Executing VM operation: HandshakeAllThreads
Event: 14.959 Executing VM operation: HandshakeAllThreads done
Event: 15.959 Executing VM operation: Cleanup
Event: 15.959 Executing VM operation: Cleanup done
Event: 16.960 Executing VM operation: Cleanup
Event: 16.960 Executing VM operation: Cleanup done
Event: 17.151 Executing VM operation: HandshakeAllThreads
Event: 17.151 Executing VM operation: HandshakeAllThreads done

Events (20 events):
Event: 14.881 loading class java/util/Timer$ThreadReaper
Event: 14.881 loading class java/util/Timer$ThreadReaper done
Event: 14.881 Thread 0x0000026102f795a0 Thread added: 0x0000026102f795a0
Event: 14.888 loading class java/math/MathContext
Event: 14.888 loading class java/math/MathContext done
Event: 14.956 loading class java/io/UnsupportedEncodingException
Event: 14.956 loading class java/io/UnsupportedEncodingException done
Event: 14.958 loading class java/lang/Math$RandomNumberGeneratorHolder
Event: 14.958 loading class java/lang/Math$RandomNumberGeneratorHolder done
Event: 15.012 Thread 0x000002610edd1a10 Thread added: 0x000002610edd1a10
Event: 15.360 Thread 0x000002610edd1a10 Thread exited: 0x000002610edd1a10
Event: 16.010 loading class java/awt/MouseInfo
Event: 16.010 loading class java/awt/MouseInfo done
Event: 16.010 loading class sun/awt/windows/WMouseInfoPeer
Event: 16.010 loading class java/awt/peer/MouseInfoPeer
Event: 16.010 loading class java/awt/peer/MouseInfoPeer done
Event: 16.011 loading class sun/awt/windows/WMouseInfoPeer done
Event: 16.011 loading class java/awt/PointerInfo
Event: 16.011 loading class java/awt/PointerInfo done
Event: 16.339 Thread 0x00000260da7f5c10 Thread added: 0x00000260da7f5c10


Dynamic libraries:
0x00007ff7fabc0000 - 0x00007ff7fabce000 	C:\Users\Samuel.Walker-1\.jdks\corretto-17.0.11\bin\java.exe
0x00007ffa711f0000 - 0x00007ffa713e8000 	C:\WINDOWS\SYSTEM32\ntdll.dll
0x00007ffa70d20000 - 0x00007ffa70de1000 	C:\WINDOWS\System32\KERNEL32.DLL
0x00007ffa6eef0000 - 0x00007ffa6f1ed000 	C:\WINDOWS\System32\KERNELBASE.dll
0x00007ffa6eab0000 - 0x00007ffa6ebb0000 	C:\WINDOWS\System32\ucrtbase.dll
0x00007ffa61700000 - 0x00007ffa6171b000 	C:\Users\Samuel.Walker-1\.jdks\corretto-17.0.11\bin\VCRUNTIME140.dll
0x00007ffa64010000 - 0x00007ffa64027000 	C:\Users\Samuel.Walker-1\.jdks\corretto-17.0.11\bin\jli.dll
0x00007ffa70f00000 - 0x00007ffa7109d000 	C:\WINDOWS\System32\USER32.dll
0x00007ffa618c0000 - 0x00007ffa61b5a000 	C:\WINDOWS\WinSxS\amd64_microsoft.windows.common-controls_6595b64144ccf1df_6.0.19041.4355_none_60b8b9eb71f62e16\COMCTL32.dll
0x00007ffa6ed10000 - 0x00007ffa6ed32000 	C:\WINDOWS\System32\win32u.dll
0x00007ffa706d0000 - 0x00007ffa7076e000 	C:\WINDOWS\System32\msvcrt.dll
0x00007ffa703b0000 - 0x00007ffa703db000 	C:\WINDOWS\System32\GDI32.dll
0x00007ffa6ed40000 - 0x00007ffa6ee57000 	C:\WINDOWS\System32\gdi32full.dll
0x00007ffa6e8a0000 - 0x00007ffa6e93d000 	C:\WINDOWS\System32\msvcp_win.dll
0x00007ffa710a0000 - 0x00007ffa710cf000 	C:\WINDOWS\System32\IMM32.DLL
0x00007ffa682d0000 - 0x00007ffa682dc000 	C:\Users\Samuel.Walker-1\.jdks\corretto-17.0.11\bin\vcruntime140_1.dll
0x00007ffa5fc00000 - 0x00007ffa5fc8d000 	C:\Users\Samuel.Walker-1\.jdks\corretto-17.0.11\bin\msvcp140.dll
0x00007ffa11df0000 - 0x00007ffa12a52000 	C:\Users\Samuel.Walker-1\.jdks\corretto-17.0.11\bin\server\jvm.dll
0x00007ffa70e50000 - 0x00007ffa70f00000 	C:\WINDOWS\System32\ADVAPI32.dll
0x00007ffa6f7c0000 - 0x00007ffa6f860000 	C:\WINDOWS\System32\sechost.dll
0x00007ffa6f4f0000 - 0x00007ffa6f613000 	C:\WINDOWS\System32\RPCRT4.dll
0x00007ffa6f1f0000 - 0x00007ffa6f217000 	C:\WINDOWS\System32\bcrypt.dll
0x00007ffa6e320000 - 0x00007ffa6e36b000 	C:\WINDOWS\SYSTEM32\POWRPROF.dll
0x00007ffa64f20000 - 0x00007ffa64f47000 	C:\WINDOWS\SYSTEM32\WINMM.dll
0x00007ffa596a0000 - 0x00007ffa596a9000 	C:\WINDOWS\SYSTEM32\WSOCK32.dll
0x00007ffa70840000 - 0x00007ffa708ab000 	C:\WINDOWS\System32\WS2_32.dll
0x00007ffa69180000 - 0x00007ffa6918a000 	C:\WINDOWS\SYSTEM32\VERSION.dll
0x00007ffa6e210000 - 0x00007ffa6e222000 	C:\WINDOWS\SYSTEM32\UMPDC.dll
0x00007ffa6c700000 - 0x00007ffa6c712000 	C:\WINDOWS\SYSTEM32\kernel.appcore.dll
0x00007ffa64220000 - 0x00007ffa6422a000 	C:\Users\Samuel.Walker-1\.jdks\corretto-17.0.11\bin\jimage.dll
0x00007ffa620d0000 - 0x00007ffa622b4000 	C:\WINDOWS\SYSTEM32\DBGHELP.DLL
0x00007ffa62050000 - 0x00007ffa62084000 	C:\WINDOWS\SYSTEM32\dbgcore.DLL
0x00007ffa6ee60000 - 0x00007ffa6eee2000 	C:\WINDOWS\System32\bcryptPrimitives.dll
0x00007ffa617c0000 - 0x00007ffa617ce000 	C:\Users\Samuel.Walker-1\.jdks\corretto-17.0.11\bin\instrument.dll
0x00007ffa615e0000 - 0x00007ffa61605000 	C:\Users\Samuel.Walker-1\.jdks\corretto-17.0.11\bin\java.dll
0x00007ffa48a80000 - 0x00007ffa48b57000 	C:\Users\Samuel.Walker-1\.jdks\corretto-17.0.11\bin\jsvml.dll
0x00007ffa6f880000 - 0x00007ffa6ffef000 	C:\WINDOWS\System32\SHELL32.dll
0x00007ffa6c900000 - 0x00007ffa6d09f000 	C:\WINDOWS\SYSTEM32\windows.storage.dll
0x00007ffa70050000 - 0x00007ffa703a3000 	C:\WINDOWS\System32\combase.dll
0x00007ffa6e170000 - 0x00007ffa6e19e000 	C:\WINDOWS\SYSTEM32\Wldp.dll
0x00007ffa6f280000 - 0x00007ffa6f34d000 	C:\WINDOWS\System32\OLEAUT32.dll
0x00007ffa70770000 - 0x00007ffa7081d000 	C:\WINDOWS\System32\SHCORE.dll
0x00007ffa6f220000 - 0x00007ffa6f275000 	C:\WINDOWS\System32\shlwapi.dll
0x00007ffa6e7d0000 - 0x00007ffa6e7f4000 	C:\WINDOWS\SYSTEM32\profapi.dll
0x00007ffa61170000 - 0x00007ffa61188000 	C:\Users\Samuel.Walker-1\.jdks\corretto-17.0.11\bin\zip.dll
0x00007ffa616e0000 - 0x00007ffa616f9000 	C:\Users\Samuel.Walker-1\.jdks\corretto-17.0.11\bin\net.dll
0x00007ffa67f80000 - 0x00007ffa6808d000 	C:\WINDOWS\SYSTEM32\WINHTTP.dll
0x00007ffa6df50000 - 0x00007ffa6dfba000 	C:\WINDOWS\system32\mswsock.dll
0x00007ffa61240000 - 0x00007ffa61256000 	C:\Users\Samuel.Walker-1\.jdks\corretto-17.0.11\bin\nio.dll
0x00007ffa61150000 - 0x00007ffa6116a000 	C:\Program Files\JetBrains\IntelliJ IDEA Community Edition 2024.1\bin\breakgen64.dll
0x00007ffa607a0000 - 0x00007ffa607a9000 	C:\Users\Samuel.Walker-1\.jdks\corretto-17.0.11\bin\extnet.dll
0x00007ffa4c580000 - 0x00007ffa4c5fa000 	C:\Users\Samuel.Walker-1\AppData\Local\Temp\lwjgl_Samuel\3.3.2+13\x64\lwjgl.dll
0x00007ffa3c530000 - 0x00007ffa3c7a0000 	C:\Users\SAMUEL~1.WAL\AppData\Local\Temp\lwjgl_Samuel\3.3.2+13\x64\jemalloc.dll
0x00007ffa3a980000 - 0x00007ffa3ab10000 	C:\Users\Samuel.Walker-1\.jdks\corretto-17.0.11\bin\awt.dll
0x00007ffa6b5e0000 - 0x00007ffa6b674000 	C:\WINDOWS\SYSTEM32\apphelp.dll
0x00007ffa6c400000 - 0x00007ffa6c42f000 	C:\WINDOWS\system32\DWMAPI.DLL
0x00007ffa6c210000 - 0x00007ffa6c2ae000 	C:\WINDOWS\system32\uxtheme.dll
0x00007ffa43a50000 - 0x00007ffa43b78000 	C:\WINDOWS\system32\opengl32.dll
0x00007ffa682e0000 - 0x00007ffa6830c000 	C:\WINDOWS\SYSTEM32\GLU32.dll
0x00007ffa6f3d0000 - 0x00007ffa6f4e4000 	C:\WINDOWS\System32\MSCTF.dll
0x00007ffa6f690000 - 0x00007ffa6f7bb000 	C:\WINDOWS\System32\ole32.dll
0x00007ffa39460000 - 0x00007ffa39630000 	C:\WINDOWS\system32\d3d9.dll
0x00007ffa64f50000 - 0x00007ffa6512b000 	C:\WINDOWS\System32\DriverStore\FileRepository\c0360470.inf_amd64_b06c374aee20d185\B360357\aticfx64.dll
0x00007ffa5b5e0000 - 0x00007ffa5b613000 	C:\WINDOWS\System32\DriverStore\FileRepository\c0360470.inf_amd64_b06c374aee20d185\B360357\atiu9p64.dll
0x00007ffa10640000 - 0x00007ffa112d6000 	C:\WINDOWS\System32\DriverStore\FileRepository\c0360470.inf_amd64_b06c374aee20d185\B360357\atiumd64.dll
0x0000000066810000 - 0x0000000067689000 	C:\WINDOWS\System32\DriverStore\FileRepository\c0360470.inf_amd64_b06c374aee20d185\B360357\atiumd6a.dll
0x00007ffa62640000 - 0x00007ffa6266f000 	C:\WINDOWS\SYSTEM32\amdihk64.dll
0x00007ffa68f50000 - 0x00007ffa68f8b000 	C:\WINDOWS\SYSTEM32\dxcore.dll
0x00007ffa6ea60000 - 0x00007ffa6eaae000 	C:\WINDOWS\System32\cfgmgr32.dll
0x00007ffa60170000 - 0x00007ffa60180000 	C:\Users\Samuel.Walker-1\.jdks\corretto-17.0.11\bin\verify.dll
0x00007ffa489f0000 - 0x00007ffa48a72000 	C:\Users\SAMUEL~1.WAL\AppData\Local\Temp\lwjgl_Samuel\3.3.2+13\x64\glfw.dll
0x00007ffa55020000 - 0x00007ffa55065000 	C:\WINDOWS\SYSTEM32\dinput8.dll
0x00007ffa5fb00000 - 0x00007ffa5fb11000 	C:\WINDOWS\SYSTEM32\xinput1_4.dll
0x00007ffa6e620000 - 0x00007ffa6e653000 	C:\WINDOWS\SYSTEM32\DEVOBJ.dll
0x00007ffa60230000 - 0x00007ffa60382000 	C:\WINDOWS\SYSTEM32\inputhost.dll
0x00007ffa6ad00000 - 0x00007ffa6adf2000 	C:\WINDOWS\SYSTEM32\CoreMessaging.dll
0x00007ffa6b0c0000 - 0x00007ffa6b217000 	C:\WINDOWS\SYSTEM32\wintypes.dll
0x00007ffa6b9f0000 - 0x00007ffa6bae6000 	C:\WINDOWS\SYSTEM32\PROPSYS.dll
0x00007ffa6a850000 - 0x00007ffa6abab000 	C:\WINDOWS\SYSTEM32\CoreUIComponents.dll
0x00007ffa6d9b0000 - 0x00007ffa6d9e3000 	C:\WINDOWS\SYSTEM32\ntmarta.dll
0x00007ffa5a460000 - 0x00007ffa5a477000 	C:\WINDOWS\system32\napinsp.dll
0x00007ffa59d20000 - 0x00007ffa59d3b000 	C:\WINDOWS\system32\pnrpnsp.dll
0x00007ffa6ae00000 - 0x00007ffa6ae15000 	C:\WINDOWS\system32\wshbth.dll
0x00007ffa681b0000 - 0x00007ffa681cd000 	C:\WINDOWS\system32\NLAapi.dll
0x00007ffa6dc50000 - 0x00007ffa6dc8b000 	C:\WINDOWS\SYSTEM32\IPHLPAPI.DLL
0x00007ffa6dc90000 - 0x00007ffa6dd5a000 	C:\WINDOWS\SYSTEM32\DNSAPI.dll
0x00007ffa6f620000 - 0x00007ffa6f628000 	C:\WINDOWS\System32\NSI.dll
0x00007ffa59c00000 - 0x00007ffa59c12000 	C:\WINDOWS\System32\winrnr.dll
0x00007ffa64620000 - 0x00007ffa6462a000 	C:\Windows\System32\rasadhlp.dll
0x00007ffa66a10000 - 0x00007ffa66a90000 	C:\WINDOWS\System32\fwpuclnt.dll
0x00007ffa70620000 - 0x00007ffa706c9000 	C:\WINDOWS\System32\clbcatq.dll
0x00007ffa66d60000 - 0x00007ffa66e62000 	C:\Windows\System32\AppXDeploymentClient.dll
0x00007ffa577c0000 - 0x00007ffa577ea000 	C:\WINDOWS\System32\DriverStore\FileRepository\c0360470.inf_amd64_b06c374aee20d185\B360357\atig6pxx.dll
0x00007ffa0d950000 - 0x00007ffa10637000 	C:\WINDOWS\System32\DriverStore\FileRepository\c0360470.inf_amd64_b06c374aee20d185\B360357\atio6axx.dll
0x00007ffa708b0000 - 0x00007ffa70d1e000 	C:\WINDOWS\System32\SETUPAPI.dll
0x00007ffa5ff20000 - 0x00007ffa5ff44000 	C:\WINDOWS\SYSTEM32\dxva2.dll
0x00007ffa4e770000 - 0x00007ffa4e7ac000 	C:\WINDOWS\System32\DriverStore\FileRepository\c0360470.inf_amd64_b06c374aee20d185\B360357\atig6txx.dll
0x00007ffa31e60000 - 0x00007ffa32019000 	C:\WINDOWS\SYSTEM32\atiadlxx.dll
0x00007ffa6f870000 - 0x00007ffa6f878000 	C:\WINDOWS\System32\PSAPI.DLL
0x00007ffa6e9f0000 - 0x00007ffa6ea59000 	C:\WINDOWS\System32\WINTRUST.dll
0x00007ffa6ebb0000 - 0x00007ffa6ed0e000 	C:\WINDOWS\System32\CRYPT32.dll
0x00007ffa6e570000 - 0x00007ffa6e582000 	C:\WINDOWS\SYSTEM32\MSASN1.dll
0x00007ffa475f0000 - 0x00007ffa4764e000 	C:\Users\Samuel.Walker-1\AppData\Local\Temp\lwjgl_Samuel\3.3.2+13\x64\lwjgl_opengl.dll
0x00007ffa45a60000 - 0x00007ffa45ad3000 	C:\Users\Samuel.Walker-1\AppData\Local\Temp\lwjgl_Samuel\3.3.2+13\x64\lwjgl_nuklear.dll
0x00007ffa44790000 - 0x00007ffa44812000 	C:\Users\Samuel.Walker-1\AppData\Local\Temp\lwjgl_Samuel\3.3.2+13\x64\lwjgl_stb.dll
0x00007ffa676f0000 - 0x00007ffa6779e000 	C:\WINDOWS\SYSTEM32\mscms.dll
0x00007ffa6e740000 - 0x00007ffa6e76e000 	C:\WINDOWS\SYSTEM32\USERENV.dll
0x00007ffa676d0000 - 0x00007ffa676e1000 	C:\WINDOWS\SYSTEM32\ColorAdapterClient.dll
0x00007ffa68a90000 - 0x00007ffa68ad6000 	C:\WINDOWS\SYSTEM32\icm32.dll
0x00007ffa6e530000 - 0x00007ffa6e548000 	C:\WINDOWS\SYSTEM32\CRYPTSP.dll
0x00007ffa6d890000 - 0x00007ffa6d8c4000 	C:\WINDOWS\system32\rsaenh.dll
0x00007ffa6e0e0000 - 0x00007ffa6e0ec000 	C:\WINDOWS\SYSTEM32\CRYPTBASE.dll
0x00007ffa67580000 - 0x00007ffa67597000 	C:\WINDOWS\SYSTEM32\dhcpcsvc6.DLL
0x00007ffa675d0000 - 0x00007ffa675ed000 	C:\WINDOWS\SYSTEM32\dhcpcsvc.DLL
0x00007ffa6a4b0000 - 0x00007ffa6a4c4000 	C:\WINDOWS\system32\Wtsapi32.dll
0x00007ffa6d510000 - 0x00007ffa6d56b000 	C:\WINDOWS\SYSTEM32\WINSTA.dll
0x00007ffa60790000 - 0x00007ffa6079e000 	C:\Users\Samuel.Walker-1\.jdks\corretto-17.0.11\bin\sunmscapi.dll
0x00007ffa6e1e0000 - 0x00007ffa6e209000 	C:\WINDOWS\SYSTEM32\ncrypt.dll
0x00007ffa6e1a0000 - 0x00007ffa6e1db000 	C:\WINDOWS\SYSTEM32\NTASN1.dll
0x00007ffa60390000 - 0x00007ffa60489000 	C:\WINDOWS\SYSTEM32\textinputframework.dll

dbghelp: loaded successfully - version: 4.0.5 - missing functions: none
symbol engine: initialized successfully - sym options: 0x614 - pdb path: .;C:\Users\Samuel.Walker-1\.jdks\corretto-17.0.11\bin;C:\WINDOWS\SYSTEM32;C:\WINDOWS\WinSxS\amd64_microsoft.windows.common-controls_6595b64144ccf1df_6.0.19041.4355_none_60b8b9eb71f62e16;C:\Users\Samuel.Walker-1\.jdks\corretto-17.0.11\bin\server;C:\Program Files\JetBrains\IntelliJ IDEA Community Edition 2024.1\bin;C:\Users\Samuel.Walker-1\AppData\Local\Temp\lwjgl_Samuel\3.3.2+13\x64;C:\Users\SAMUEL~1.WAL\AppData\Local\Temp\lwjgl_Samuel\3.3.2+13\x64;C:\WINDOWS\System32\DriverStore\FileRepository\c0360470.inf_amd64_b06c374aee20d185\B360357

VM Arguments:
jvm_args: -javaagent:C:\Program Files\JetBrains\IntelliJ IDEA Community Edition 2024.1\lib\idea_rt.jar=64574:C:\Program Files\JetBrains\IntelliJ IDEA Community Edition 2024.1\bin -Dfile.encoding=UTF-8 
java_command: com.xbuilders.Main devmode name=DEV
java_class_path (initial): D:\xbuilders\target\classes;C:\Users\Samuel.Walker-1\.m2\repository\com\esotericsoftware\kryo\5.6.2\kryo-5.6.2.jar;C:\Users\Samuel.Walker-1\.m2\repository\com\esotericsoftware\reflectasm\1.11.9\reflectasm-1.11.9.jar;C:\Users\Samuel.Walker-1\.m2\repository\org\objenesis\objenesis\3.4\objenesis-3.4.jar;C:\Users\Samuel.Walker-1\.m2\repository\com\esotericsoftware\minlog\1.3.1\minlog-1.3.1.jar;C:\Users\Samuel.Walker-1\.m2\repository\io\netty\netty-all\4.1.116.Final\netty-all-4.1.116.Final.jar;C:\Users\Samuel.Walker-1\.m2\repository\io\netty\netty-buffer\4.1.116.Final\netty-buffer-4.1.116.Final.jar;C:\Users\Samuel.Walker-1\.m2\repository\io\netty\netty-codec\4.1.116.Final\netty-codec-4.1.116.Final.jar;C:\Users\Samuel.Walker-1\.m2\repository\io\netty\netty-codec-dns\4.1.116.Final\netty-codec-dns-4.1.116.Final.jar;C:\Users\Samuel.Walker-1\.m2\repository\io\netty\netty-codec-haproxy\4.1.116.Final\netty-codec-haproxy-4.1.116.Final.jar;C:\Users\Samuel.Walker-1\.m2\repository\io\netty\netty-codec-http\4.1.116.Final\netty-codec-http-4.1.116.Final.jar;C:\Users\Samuel.Walker-1\.m2\repository\io\netty\netty-codec-http2\4.1.116.Final\netty-codec-http2-4.1.116.Final.jar;C:\Users\Samuel.Walker-1\.m2\repository\io\netty\netty-codec-memcache\4.1.116.Final\netty-codec-memcache-4.1.116.Final.jar;C:\Users\Samuel.Walker-1\.m2\repository\io\netty\netty-codec-mqtt\4.1.116.Final\netty-codec-mqtt-4.1.116.Final.jar;C:\Users\Samuel.Walker-1\.m2\repository\io\netty\netty-codec-redis\4.1.116.Final\netty-codec-redis-4.1.116.Final.jar;C:\Users\Samuel.Walker-1\.m2\repository\io\netty\netty-codec-smtp\4.1.116.Final\netty-codec-smtp-4.1.116.Final.jar;C:\Users\Samuel.Walker-1\.m2\repository\io\netty\netty-codec-socks\4.1.116.Final\netty-codec-socks-4.1.116.Final.jar;C:\Users\Samuel.Walker-1\.m2\repository\io\netty\netty-codec-stomp\4.1.116.Final\netty-codec-stomp-4.1.116.Final.jar;C:\Users\Samuel.Walker-1\.m2\repository\io\netty\netty-codec-xml\4.1.116.Final\netty-codec-xml-
Launcher Type: SUN_STANDARD

[Global flags]
     intx CICompilerCount                          = 3                                         {product} {ergonomic}
     uint ConcGCThreads                            = 1                                         {product} {ergonomic}
     uint G1ConcRefinementThreads                  = 4                                         {product} {ergonomic}
   size_t G1HeapRegionSize                         = 2097152                                   {product} {ergonomic}
    uintx GCDrainStackTargetSize                   = 64                                        {product} {ergonomic}
   size_t InitialHeapSize                          = 268435456                                 {product} {ergonomic}
   size_t MarkStackSize                            = 4194304                                   {product} {ergonomic}
   size_t MaxHeapSize                              = 4280287232                                {product} {ergonomic}
   size_t MaxNewSize                               = 2566914048                                {product} {ergonomic}
   size_t MinHeapDeltaBytes                        = 2097152                                   {product} {ergonomic}
   size_t MinHeapSize                              = 8388608                                   {product} {ergonomic}
    uintx NonNMethodCodeHeapSize                   = 5832780                                {pd product} {ergonomic}
    uintx NonProfiledCodeHeapSize                  = 122912730                              {pd product} {ergonomic}
    uintx ProfiledCodeHeapSize                     = 122912730                              {pd product} {ergonomic}
    uintx ReservedCodeCacheSize                    = 251658240                              {pd product} {ergonomic}
     bool SegmentedCodeCache                       = true                                      {product} {ergonomic}
   size_t SoftMaxHeapSize                          = 4280287232                             {manageable} {ergonomic}
     bool UseCompressedClassPointers               = true                           {product lp64_product} {ergonomic}
     bool UseCompressedOops                        = true                           {product lp64_product} {ergonomic}
     bool UseG1GC                                  = true                                      {product} {ergonomic}
     bool UseLargePagesIndividualAllocation        = false                                  {pd product} {ergonomic}

Logging:
Log output configuration:
 #0: stdout all=warning uptime,level,tags
 #1: stderr all=off uptime,level,tags

Environment Variables:
JAVA_HOME=C:\Program Files\Java\jdk1.8.0_221
PATH=C:\Program Files\Common Files\Oracle\Java\javapath;C:\Program Files (x86)\AMD APP\bin\x86_64;C:\Program Files (x86)\AMD APP\bin\x86;C:\WINDOWS\system32;C:\WINDOWS;C:\WINDOWS\System32\Wbem;C:\WINDOWS\System32\WindowsPowerShell\v1.0\;C:\Program Files (x86)\Microsoft ASP.NET\ASP.NET Web Pages\v1.0\;C:\Program Files\Microsoft SQL Server\110\Tools\Binn\;C:\Program Files (x86)\Microsoft SQL Server\110\Tools\Binn\;C:\Program Files (x86)\Microsoft SQL Server\110\DTS\Binn\;C:\Program Files (x86)\Microsoft SQL Server\110\Tools\Binn\ManagementStudio\;C:\Program Files (x86)\ATI Technologies\ATI.ACE\Core-Static;C:\Program Files\Microsoft\Web Platform Installer\;C:\Program Files\Microsoft SQL Server\120\Tools\Binn\;C:\Program Files (x86)\QuickTime\QTSystem\;C:\Program Files (x86)\AMD\ATI.ACE\Core-Static;C:\Program Files (x86)\Skype\Phone\;C:\Program Files (x86)\Heroku\bin;C:\Program Files (x86)\git\cmd;C:\Program Files\Microsoft SQL Server\130\Tools\Binn\;C:\Program Files\dotnet\;C:\Program Files (x86)\IVI Foundation\VISA\WinNT\Bin;C:\WINDOWS\System32\OpenSSH\;C:\Program Files\Microsoft VS Code\bin;C:\Program Files\nodejs\;C:\Program Files\Java\jdk1.8.0_221\bin;C:\Program Files\heroku\bin;C:\Program Files\PuTTY\;C:\Program Files\Docker\Docker\resources\bin;C:\Program Files (x86)\Windows Kits\10\Windows Performance Toolkit\;C:\Program Files\Git\cmd;C:\Users\Samuel.Walker-1\AppData\Local\Microsoft\WindowsApps;C:\Users\Samuel.Walker-1\AppData\Local\GitHubDesktop\bin
USERNAME=Samuel
OS=Windows_NT
PROCESSOR_IDENTIFIER=Intel64 Family 6 Model 58 Stepping 9, GenuineIntel
TMP=C:\Users\SAMUEL~1.WAL\AppData\Local\Temp
TEMP=C:\Users\SAMUEL~1.WAL\AppData\Local\Temp



Periodic native trim disabled


---------------  S Y S T E M  ---------------

OS:
 Windows 10 , 64 bit Build 19041 (10.0.19041.4717)
OS uptime: 10 days 19:01 hours
Hyper-V role detected

CPU: total 4 (initial active 4) (4 cores per cpu, 1 threads per core) family 6 model 58 stepping 9 microcode 0x21, cx8, cmov, fxsr, mmx, sse, sse2, sse3, ssse3, sse4.1, sse4.2, popcnt, tsc, tscinvbit, avx, aes, erms, clmul, vzeroupper, clflush, hv
Processor Information for all 4 processors :
  Max Mhz: 3401, Current Mhz: 3401, Mhz Limit: 3401

Memory: 4k page, system-wide physical 16327M (6518M free)
TotalPageFile size 18759M (AvailPageFile size 4420M)
current process WorkingSet (physical memory assigned to process): 474M, peak: 488M
current process commit charge ("private bytes"): 947M, peak: 962M

vm_info: OpenJDK 64-Bit Server VM (17.0.11+9-LTS) for windows-amd64 JRE (17.0.11+9-LTS), built on Apr 10 2024 22:12:24 by "Administrator" with MS VC++ 16.10 / 16.11 (VS2019)

END.
