#
# A fatal error has been detected by the Java Runtime Environment:
#
#  EXCEPTION_ACCESS_VIOLATION (0xc0000005) at pc=0x00007fff61ecc75d, pid=892, tid=10244
#
# JRE version: Java(TM) SE Runtime Environment (17.0.1+12) (build 17.0.1+12-LTS-39)
# Java VM: Java HotSpot(TM) 64-Bit Server VM (17.0.1+12-LTS-39, mixed mode, sharing, tiered, compressed oops, compressed class ptrs, g1 gc, windows-amd64)
# Problematic frame:
# C  [lwjgl_opengl.dll+0xc75d]
#
# No core dump will be written. Minidumps are not enabled by default on client versions of Windows
#
# If you would like to submit a bug report, please visit:
#   https://bugreport.java.com/bugreport/crash.jsp
# The crash happened outside the Java Virtual Machine in native code.
# See problematic frame for where to report the bug.
#

---------------  S U M M A R Y ------------

Command Line: com.xbuilders.GreedyMeshTester devmode

Host: AMD Ryzen 7 5700U with Radeon Graphics         , 16 cores, 15G,  Windows 10 , 64 bit Build 22621 (10.0.22621.3235)
Time: Thu Mar 21 15:14:56 2024 Mountain Daylight Time elapsed time: 0.732508 seconds (0d 0h 0m 0s)

---------------  T H R E A D  ---------------

Current thread (0x00000245dccf2190):  JavaThread "main" [_thread_in_native, id=10244, stack(0x000000577d900000,0x000000577da00000)]

Stack: [0x000000577d900000,0x000000577da00000],  sp=0x000000577d9fef38,  free space=1019k
Native frames: (J=compiled Java code, j=interpreted, Vv=VM code, C=native code)
C  [lwjgl_opengl.dll+0xc75d]

Java frames: (J=compiled Java code, j=interpreted, Vv=VM code)
j  org.lwjgl.opengl.GL11C.nglGenTextures(IJ)V+0
j  org.lwjgl.opengl.GL11C.glGenTextures()I+20
j  org.lwjgl.opengl.GL11.glGenTextures()I+0
j  com.xbuilders.window.utils.texture.TextureUtils.loadTexture(Ljava/lang/String;Z)Lcom/xbuilders/window/utils/texture/Texture;+90
j  com.xbuilders.engine.items.block.Block.initTextureAndIcon(Lcom/xbuilders/engine/items/block/BlockTextureArray;Ljava/io/File;Ljava/io/File;I)V+85
j  com.xbuilders.engine.items.BlockList.setItems([Lcom/xbuilders/engine/items/block/Block;)V+107
j  com.xbuilders.GreedyMeshTester.main([Ljava/lang/String;)V+80
v  ~StubRoutines::call_stub

siginfo: EXCEPTION_ACCESS_VIOLATION (0xc0000005), reading address 0x00000000000002d8


Register to memory mapping:

RIP=0x00007fff61ecc75d lwjgl_opengl.dll
RAX=0x0000024580c73320 points into unknown readable memory: 0x0000000000000000 | 00 00 00 00 00 00 00 00
RBX={method} {0x0000024580583258} 'nglGenTextures' '(IJ)V' in 'org/lwjgl/opengl/GL11C'
RCX=0x0000000000000001 is an unknown value
RDX=0x000002458112a390 points into unknown readable memory: 0x0000000400000000 | 00 00 00 00 04 00 00 00
RSP=0x000000577d9fef38 is pointing into the stack for thread: 0x00000245dccf2190
RBP=0x000000577d9fefc0 is pointing into the stack for thread: 0x00000245dccf2190
RSI=0x000002458112a390 points into unknown readable memory: 0x0000000400000000 | 00 00 00 00 04 00 00 00
RDI=0x00000245e44e94fe is at code_begin+1118 in an Interpreter codelet
return entry points  [0x00000245e44e90a0, 0x00000245e44e9ba0]  2816 bytes
R8 =0x0000000000000001 is an unknown value
R9 =0x000002458112a390 points into unknown readable memory: 0x0000000400000000 | 00 00 00 00 04 00 00 00
R10=0x0 is NULL
R11=0x0000000719d15110 is an oop: java.lang.Class 
{0x0000000719d15110} - klass: 'java/lang/Class'
 - ---- fields (total size 116 words):
 - private volatile transient 'classRedefinedCount' 'I' @12  0
 - private volatile transient 'cachedConstructor' 'Ljava/lang/reflect/Constructor;' @40  NULL (0)
 - private transient 'name' 'Ljava/lang/String;' @44  "org.lwjgl.opengl.GL11C"{0x0000000719d154c0} (e33a2a98)
 - private transient 'module' 'Ljava/lang/Module;' @48  a 'java/lang/Module'{0x0000000718a16598} (e3142cb3)
 - private final 'classLoader' 'Ljava/lang/ClassLoader;' @52  a 'jdk/internal/loader/ClassLoaders$AppClassLoader'{0x0000000718a2a228} (e3145445)
 - private transient 'classData' 'Ljava/lang/Object;' @56  NULL (0)
 - private transient 'packageName' 'Ljava/lang/String;' @60  "org.lwjgl.opengl"{0x0000000719c23098} (e3384613)
 - private final 'componentType' 'Ljava/lang/Class;' @64  NULL (0)
 - private volatile transient 'reflectionData' 'Ljava/lang/ref/SoftReference;' @68  NULL (0)
 - private volatile transient 'genericInfo' 'Lsun/reflect/generics/repository/ClassRepository;' @72  NULL (0)
 - private volatile transient 'enumConstants' '[Ljava/lang/Object;' @76  NULL (0)
 - private volatile transient 'enumConstantDirectory' 'Ljava/util/Map;' @80  NULL (0)
 - private volatile transient 'annotationData' 'Ljava/lang/Class$AnnotationData;' @84  NULL (0)
 - private volatile transient 'annotationType' 'Lsun/reflect/annotation/AnnotationType;' @88  NULL (0)
 - transient 'classValueMap' 'Ljava/lang/ClassValue$ClassValueMap;' @92  NULL (0)
 - signature: Lorg/lwjgl/opengl/GL11C;
 - fake entry for mirror: 'org/lwjgl/opengl/GL11C'
 - fake entry for array: NULL
 - fake entry for oop_size: 116
 - fake entry for static_oop_field_count: 0
 - public static final 'GL_NEVER' 'I' @112  512 (200)
 - public static final 'GL_LESS' 'I' @116  513 (201)
 - public static final 'GL_EQUAL' 'I' @120  514 (202)
 - public static final 'GL_LEQUAL' 'I' @124  515 (203)
 - public static final 'GL_GREATER' 'I' @128  516 (204)
 - public static final 'GL_NOTEQUAL' 'I' @132  517 (205)
 - public static final 'GL_GEQUAL' 'I' @136  518 (206)
 - public static final 'GL_ALWAYS' 'I' @140  519 (207)
 - public static final 'GL_DEPTH_BUFFER_BIT' 'I' @144  256 (100)
 - public static final 'GL_STENCIL_BUFFER_BIT' 'I' @148  1024 (400)
 - public static final 'GL_COLOR_BUFFER_BIT' 'I' @152  16384 (4000)
 - public static final 'GL_POINTS' 'I' @156  0
 - public static final 'GL_LINES' 'I' @160  1
 - public static final 'GL_LINE_LOOP' 'I' @164  2
 - public static final 'GL_LINE_STRIP' 'I' @168  3
 - public static final 'GL_TRIANGLES' 'I' @172  4
 - public static final 'GL_TRIANGLE_STRIP' 'I' @176  5
 - public static final 'GL_TRIANGLE_FAN' 'I' @180  6
 - public static final 'GL_QUADS' 'I' @184  7
 - public static final 'GL_ZERO' 'I' @188  0
 - public static final 'GL_ONE' 'I' @192  1
 - public static final 'GL_SRC_COLOR' 'I' @196  768 (300)
 - public static final 'GL_ONE_MINUS_SRC_COLOR' 'I' @200  769 (301)
 - public static final 'GL_SRC_ALPHA' 'I' @204  770 (302)
 - public static final 'GL_ONE_MINUS_SRC_ALPHA' 'I' @208  771 (303)
 - public static final 'GL_DST_ALPHA' 'I' @212  772 (304)
 - public static final 'GL_ONE_MINUS_DST_ALPHA' 'I' @216  773 (305)
 - public static final 'GL_DST_COLOR' 'I' @220  774 (306)
 - public static final 'GL_ONE_MINUS_DST_COLOR' 'I' @224  775 (307)
 - public static final 'GL_SRC_ALPHA_SATURATE' 'I' @228  776 (308)
 - public static final 'GL_TRUE' 'I' @232  1
 - public static final 'GL_FALSE' 'I' @236  0
 - public static final 'GL_BYTE' 'I' @240  5120 (1400)
 - public static final 'GL_UNSIGNED_BYTE' 'I' @244  5121 (1401)
 - public static final 'GL_SHORT' 'I' @248  5122 (1402)
 - public static final 'GL_UNSIGNED_SHORT' 'I' @252  5123 (1403)
 - public static final 'GL_INT' 'I' @256  5124 (1404)
 - public static final 'GL_UNSIGNED_INT' 'I' @260  5125 (1405)
 - public static final 'GL_FLOAT' 'I' @264  5126 (1406)
 - public static final 'GL_DOUBLE' 'I' @268  5130 (140a)
 - public static final 'GL_NONE' 'I' @272  0
 - public static final 'GL_FRONT_LEFT' 'I' @276  1024 (400)
 - public static final 'GL_FRONT_RIGHT' 'I' @280  1025 (401)
 - public static final 'GL_BACK_LEFT' 'I' @284  1026 (402)
 - public static final 'GL_BACK_RIGHT' 'I' @288  1027 (403)
 - public static final 'GL_FRONT' 'I' @292  1028 (404)
 - public static final 'GL_BACK' 'I' @296  1029 (405)
 - public static final 'GL_LEFT' 'I' @300  1030 (406)
 - public static final 'GL_RIGHT' 'I' @304  1031 (407)
 - public static final 'GL_FRONT_AND_BACK' 'I' @308  1032 (408)
 - public static final 'GL_NO_ERROR' 'I' @312  0
 - public static final 'GL_INVALID_ENUM' 'I' @316  1280 (500)
 - public static final 'GL_INVALID_VALUE' 'I' @320  1281 (501)
 - public static final 'GL_INVALID_OPERATION' 'I' @324  1282 (502)
 - public static final 'GL_STACK_OVERFLOW' 'I' @328  1283 (503)
 - public static final 'GL_STACK_UNDERFLOW' 'I' @332  1284 (504)
 - public static final 'GL_OUT_OF_MEMORY' 'I' @336  1285 (505)
 - public static final 'GL_CW' 'I' @340  2304 (900)
 - public static final 'GL_CCW' 'I' @344  2305 (901)
 - public static final 'GL_POINT_SIZE' 'I' @348  2833 (b11)
 - public static final 'GL_POINT_SIZE_RANGE' 'I' @352  2834 (b12)
 - public static final 'GL_POINT_SIZE_GRANULARITY' 'I' @356  2835 (b13)
 - public static final 'GL_LINE_SMOOTH' 'I' @360  2848 (b20)
 - public static final 'GL_LINE_WIDTH' 'I' @364  2849 (b21)
 - public static final 'GL_LINE_WIDTH_RANGE' 'I' @368  2850 (b22)
 - public static final 'GL_LINE_WIDTH_GRANULARITY' 'I' @372  2851 (b23)
 - public static final 'GL_POLYGON_MODE' 'I' @376  2880 (b40)
 - public static final 'GL_POLYGON_SMOOTH' 'I' @380  2881 (b41)
 - public static final 'GL_CULL_FACE' 'I' @384  2884 (b44)
 - public static final 'GL_CULL_FACE_MODE' 'I' @388  2885 (b45)
 - public static final 'GL_FRONT_FACE' 'I' @392  2886 (b46)
 - public static final 'GL_DEPTH_RANGE' 'I' @396  2928 (b70)
 - public static final 'GL_DEPTH_TEST' 'I' @400  2929 (b71)
 - public static final 'GL_DEPTH_WRITEMASK' 'I' @404  2930 (b72)
 - public static final 'GL_DEPTH_CLEAR_VALUE' 'I' @408  2931 (b73)
 - public static final 'GL_DEPTH_FUNC' 'I' @412  2932 (b74)
 - public static final 'GL_STENCIL_TEST' 'I' @416  2960 (b90)
 - public static final 'GL_STENCIL_CLEAR_VALUE' 'I' @420  2961 (b91)
 - public static final 'GL_STENCIL_FUNC' 'I' @424  2962 (b92)
 - public static final 'GL_STENCIL_VALUE_MASK' 'I' @428  2963 (b93)
 - public static final 'GL_STENCIL_FAIL' 'I' @432  2964 (b94)
 - public static final 'GL_STENCIL_PASS_DEPTH_FAIL' 'I' @436  2965 (b95)
 - public static final 'GL_STENCIL_PASS_DEPTH_PASS' 'I' @440  2966 (b96)
 - public static final 'GL_STENCIL_REF' 'I' @444  2967 (b97)
 - public static final 'GL_STENCIL_WRITEMASK' 'I' @448  2968 (b98)
 - public static final 'GL_VIEWPORT' 'I' @452  2978 (ba2)
 - public static final 'GL_DITHER' 'I' @456  3024 (bd0)
 - public static final 'GL_BLEND_DST' 'I' @460  3040 (be0)
 - public static final 'GL_BLEND_SRC' 'I' @464  3041 (be1)
 - public static final 'GL_BLEND' 'I' @468  3042 (be2)
 - public static final 'GL_LOGIC_OP_MODE' 'I' @472  3056 (bf0)
 - public static final 'GL_COLOR_LOGIC_OP' 'I' @476  3058 (bf2)
 - public static final 'GL_DRAW_BUFFER' 'I' @480  3073 (c01)
 - public static final 'GL_READ_BUFFER' 'I' @484  3074 (c02)
 - public static final 'GL_SCISSOR_BOX' 'I' @488  3088 (c10)
 - public static final 'GL_SCISSOR_TEST' 'I' @492  3089 (c11)
 - public static final 'GL_COLOR_CLEAR_VALUE' 'I' @496  3106 (c22)
 - public static final 'GL_COLOR_WRITEMASK' 'I' @500  3107 (c23)
 - public static final 'GL_DOUBLEBUFFER' 'I' @504  3122 (c32)
 - public static final 'GL_STEREO' 'I' @508  3123 (c33)
 - public static final 'GL_LINE_SMOOTH_HINT' 'I' @512  3154 (c52)
 - public static final 'GL_POLYGON_SMOOTH_HINT' 'I' @516  3155 (c53)
 - public static final 'GL_UNPACK_SWAP_BYTES' 'I' @520  3312 (cf0)
 - public static final 'GL_UNPACK_LSB_FIRST' 'I' @524  3313 (cf1)
 - public static final 'GL_UNPACK_ROW_LENGTH' 'I' @528  3314 (cf2)
 - public static final 'GL_UNPACK_SKIP_ROWS' 'I' @532  3315 (cf3)
 - public static final 'GL_UNPACK_SKIP_PIXELS' 'I' @536  3316 (cf4)
 - public static final 'GL_UNPACK_ALIGNMENT' 'I' @540  3317 (cf5)
 - public static final 'GL_PACK_SWAP_BYTES' 'I' @544  3328 (d00)
 - public static final 'GL_PACK_LSB_FIRST' 'I' @548  3329 (d01)
 - public static final 'GL_PACK_ROW_LENGTH' 'I' @552  3330 (d02)
 - public static final 'GL_PACK_SKIP_ROWS' 'I' @556  3331 (d03)
 - public static final 'GL_PACK_SKIP_PIXELS' 'I' @560  3332 (d04)
 - public static final 'GL_PACK_ALIGNMENT' 'I' @564  3333 (d05)
 - public static final 'GL_MAX_TEXTURE_SIZE' 'I' @568  3379 (d33)
 - public static final 'GL_MAX_VIEWPORT_DIMS' 'I' @572  3386 (d3a)
 - public static final 'GL_SUBPIXEL_BITS' 'I' @576  3408 (d50)
 - public static final 'GL_TEXTURE_1D' 'I' @580  3552 (de0)
 - public static final 'GL_TEXTURE_2D' 'I' @584  3553 (de1)
 - public static final 'GL_TEXTURE_WIDTH' 'I' @588  4096 (1000)
 - public static final 'GL_TEXTURE_HEIGHT' 'I' @592  4097 (1001)
 - public static final 'GL_TEXTURE_INTERNAL_FORMAT' 'I' @596  4099 (1003)
 - public static final 'GL_TEXTURE_BORDER_COLOR' 'I' @600  4100 (1004)
 - public static final 'GL_DONT_CARE' 'I' @604  4352 (1100)
 - public static final 'GL_FASTEST' 'I' @608  4353 (1101)
 - public static final 'GL_NICEST' 'I' @612  4354 (1102)
 - public static final 'GL_CLEAR' 'I' @616  5376 (1500)
 - public static final 'GL_AND' 'I' @620  5377 (1501)
 - public static final 'GL_AND_REVERSE' 'I' @624  5378 (1502)
 - public static final 'GL_COPY' 'I' @628  5379 (1503)
 - public static final 'GL_AND_INVERTED' 'I' @632  5380 (1504)
 - public static final 'GL_NOOP' 'I' @636  5381 (1505)
 - public static final 'GL_XOR' 'I' @640  5382 (1506)
 - public static final 'GL_OR' 'I' @644  5383 (1507)
 - public static final 'GL_NOR' 'I' @648  5384 (1508)
 - public static final 'GL_EQUIV' 'I' @652  5385 (1509)
 - public static final 'GL_INVERT' 'I' @656  5386 (150a)
 - public static final 'GL_OR_REVERSE' 'I' @660  5387 (150b)
 - public static final 'GL_COPY_INVERTED' 'I' @664  5388 (150c)
 - public static final 'GL_OR_INVERTED' 'I' @668  5389 (150d)
 - public static final 'GL_NAND' 'I' @672  5390 (150e)
 - public static final 'GL_SET' 'I' @676  5391 (150f)
 - public static final 'GL_TEXTURE' 'I' @680  5890 (1702)
 - public static final 'GL_COLOR' 'I' @684  6144 (1800)
 - public static final 'GL_DEPTH' 'I' @688  6145 (1801)
 - public static final 'GL_STENCIL' 'I' @692  6146 (1802)
 - public static final 'GL_STENCIL_INDEX' 'I' @696  6401 (1901)
 - public static final 'GL_DEPTH_COMPONENT' 'I' @700  6402 (1902)
 - public static final 'GL_RED' 'I' @704  6403 (1903)
 - public static final 'GL_GREEN' 'I' @708  6404 (1904)
 - public static final 'GL_BLUE' 'I' @712  6405 (1905)
 - public static final 'GL_ALPHA' 'I' @716  6406 (1906)
 - public static final 'GL_RGB' 'I' @720  6407 (1907)
 - public static final 'GL_RGBA' 'I' @724  6408 (1908)
 - public static final 'GL_POINT' 'I' @728  6912 (1b00)
 - public static final 'GL_LINE' 'I' @732  6913 (1b01)
 - public static final 'GL_FILL' 'I' @736  6914 (1b02)
 - public static final 'GL_KEEP' 'I' @740  7680 (1e00)
 - public static final 'GL_REPLACE' 'I' @744  7681 (1e01)
 - public static final 'GL_INCR' 'I' @748  7682 (1e02)
 - public static final 'GL_DECR' 'I' @752  7683 (1e03)
 - public static final 'GL_VENDOR' 'I' @756  7936 (1f00)
 - public static final 'GL_RENDERER' 'I' @760  7937 (1f01)
 - public static final 'GL_VERSION' 'I' @764  7938 (1f02)
 - public static final 'GL_EXTENSIONS' 'I' @768  7939 (1f03)
 - public static final 'GL_NEAREST' 'I' @772  9728 (2600)
 - public static final 'GL_LINEAR' 'I' @776  9729 (2601)
 - public static final 'GL_NEAREST_MIPMAP_NEAREST' 'I' @780  9984 (2700)
 - public static final 'GL_LINEAR_MIPMAP_NEAREST' 'I' @784  9985 (2701)
 - public static final 'GL_NEAREST_MIPMAP_LINEAR' 'I' @788  9986 (2702)
 - public static final 'GL_LINEAR_MIPMAP_LINEAR' 'I' @792  9987 (2703)
 - public static final 'GL_TEXTURE_MAG_FILTER' 'I' @796  10240 (2800)
 - public static final 'GL_TEXTURE_MIN_FILTER' 'I' @800  10241 (2801)
 - public static final 'GL_TEXTURE_WRAP_S' 'I' @804  10242 (2802)
 - public static final 'GL_TEXTURE_WRAP_T' 'I' @808  10243 (2803)
 - public static final 'GL_REPEAT' 'I' @812  10497 (2901)
 - public static final 'GL_POLYGON_OFFSET_FACTOR' 'I' @816  32824 (8038)
 - public static final 'GL_POLYGON_OFFSET_UNITS' 'I' @820  10752 (2a00)
 - public static final 'GL_POLYGON_OFFSET_POINT' 'I' @824  10753 (2a01)
 - public static final 'GL_POLYGON_OFFSET_LINE' 'I' @828  10754 (2a02)
 - public static final 'GL_POLYGON_OFFSET_FILL' 'I' @832  32823 (8037)
 - public static final 'GL_R3_G3_B2' 'I' @836  10768 (2a10)
 - public static final 'GL_RGB4' 'I' @840  32847 (804f)
 - public static final 'GL_RGB5' 'I' @844  32848 (8050)
 - public static final 'GL_RGB8' 'I' @848  32849 (8051)
 - public static final 'GL_RGB10' 'I' @852  32850 (8052)
 - public static final 'GL_RGB12' 'I' @856  32851 (8053)
 - public static final 'GL_RGB16' 'I' @860  32852 (8054)
 - public static final 'GL_RGBA2' 'I' @864  32853 (8055)
 - public static final 'GL_RGBA4' 'I' @868  32854 (8056)
 - public static final 'GL_RGB5_A1' 'I' @872  32855 (8057)
 - public static final 'GL_RGBA8' 'I' @876  32856 (8058)
 - public static final 'GL_RGB10_A2' 'I' @880  32857 (8059)
 - public static final 'GL_RGBA12' 'I' @884  32858 (805a)
 - public static final 'GL_RGBA16' 'I' @888  32859 (805b)
 - public static final 'GL_TEXTURE_RED_SIZE' 'I' @892  32860 (805c)
 - public static final 'GL_TEXTURE_GREEN_SIZE' 'I' @896  32861 (805d)
 - public static final 'GL_TEXTURE_BLUE_SIZE' 'I' @900  32862 (805e)
 - public static final 'GL_TEXTURE_ALPHA_SIZE' 'I' @904  32863 (805f)
 - public static final 'GL_PROXY_TEXTURE_1D' 'I' @908  32867 (8063)
 - public static final 'GL_PROXY_TEXTURE_2D' 'I' @912  32868 (8064)
 - public static final 'GL_TEXTURE_BINDING_1D' 'I' @916  32872 (8068)
 - public static final 'GL_TEXTURE_BINDING_2D' 'I' @920  32873 (8069)
 - public static final 'GL_VERTEX_ARRAY' 'I' @924  32884 (8074)
R12=0x0 is NULL
R13={method} {0x0000024580583258} 'nglGenTextures' '(IJ)V' in 'org/lwjgl/opengl/GL11C'
R14=0x000000577d9feff0 is pointing into the stack for thread: 0x00000245dccf2190
R15=0x00000245dccf2190 is a thread


Registers:
RAX=0x0000024580c73320, RBX=0x0000024580583250, RCX=0x0000000000000001, RDX=0x000002458112a390
RSP=0x000000577d9fef38, RBP=0x000000577d9fefc0, RSI=0x000002458112a390, RDI=0x00000245e44e94fe
R8 =0x0000000000000001, R9 =0x000002458112a390, R10=0x0000000000000000, R11=0x0000000719d15110
R12=0x0000000000000000, R13=0x0000024580583250, R14=0x000000577d9feff0, R15=0x00000245dccf2190
RIP=0x00007fff61ecc75d, EFLAGS=0x0000000000010206

Top of Stack: (sp=0x000000577d9fef38)
0x000000577d9fef38:   00000245e44ed621 00000245e44e94fe
0x000000577d9fef48:   00000245e44ed352 0000024580583250
0x000000577d9fef58:   000002458112a390 000000577d9fefd8
0x000000577d9fef68:   00000245e44e95cd 00000245e44ed2f6
0x000000577d9fef78:   000000577d9fef78 0000024580583250
0x000000577d9fef88:   000000577d9feff0 000002458058b5b0
0x000000577d9fef98:   0000000000000000 0000000719d15110
0x000000577d9fefa8:   0000024580583250 0000000000000000
0x000000577d9fefb8:   000000577d9fefe0 000000577d9ff040
0x000000577d9fefc8:   00000245e44e94fe 0000000719d15110
0x000000577d9fefd8:   00000245e44eaf78 000002458112a390
0x000000577d9fefe8:   0000000000000000 0000000000000001
0x000000577d9feff8:   000000577d9feff8 00000245805833c4
0x000000577d9ff008:   000000577d9ff070 000002458058b5b0
0x000000577d9ff018:   0000000000000000 0000000719d15110
0x000000577d9ff028:   0000024580583430 000000577d9fefe0 

Instructions: (pc=0x00007fff61ecc75d)
0x00007fff61ecc65d:   cc cc cc 48 8b 01 41 0f b6 c8 48 8b 50 18 48 ff
0x00007fff61ecc66d:   a2 d0 01 00 00 cc cc cc cc cc cc cc cc cc cc cc
0x00007fff61ecc67d:   cc cc cc 48 8b 01 0f 28 cb 0f 28 c2 48 8b 48 18
0x00007fff61ecc68d:   48 ff a1 d8 01 00 00 cc cc cc cc cc cc cc cc cc
0x00007fff61ecc69d:   cc cc cc 48 8b 01 45 8b d8 44 8b 44 24 28 41 8b
0x00007fff61ecc6ad:   d1 41 8b cb 4c 8b 50 18 49 ff a2 e8 01 00 00 cc
0x00007fff61ecc6bd:   cc cc cc 48 8b 01 41 8b c8 48 8b 50 18 48 ff a2
0x00007fff61ecc6cd:   f0 01 00 00 cc cc cc cc cc cc cc cc cc cc cc cc
0x00007fff61ecc6dd:   cc cc cc 40 53 48 8b 01 41 8b d8 44 8b 44 24 30
0x00007fff61ecc6ed:   41 8b d1 4c 8b 4c 24 38 8b cb 4c 8b 50 18 5b 49
0x00007fff61ecc6fd:   ff a2 f8 01 00 00 cc cc cc cc cc cc cc cc cc cc
0x00007fff61ecc70d:   cc cc cc 48 8b 01 48 8b 48 18 48 ff a1 98 02 00
0x00007fff61ecc71d:   00 cc cc 48 8b 01 48 8b 48 18 48 ff a1 a0 02 00
0x00007fff61ecc72d:   00 cc cc 48 8b 01 41 8b c8 48 8b 50 18 48 ff a2
0x00007fff61ecc73d:   c8 02 00 00 cc cc cc cc cc cc cc cc cc cc cc cc
0x00007fff61ecc74d:   cc cc cc 48 8b 01 49 8b d1 41 8b c8 4c 8b 50 18
0x00007fff61ecc75d:   49 ff a2 d8 02 00 00 cc cc cc cc cc cc cc cc cc
0x00007fff61ecc76d:   cc cc cc 48 8b 01 49 8b d1 41 8b c8 4c 8b 50 18
0x00007fff61ecc77d:   49 ff a2 e0 02 00 00 cc cc cc cc cc cc cc cc cc
0x00007fff61ecc78d:   cc cc cc 48 8b 01 49 8b d1 41 8b c8 4c 8b 50 18
0x00007fff61ecc79d:   49 ff a2 f0 02 00 00 cc cc cc cc cc cc cc cc cc
0x00007fff61ecc7ad:   cc cc cc 48 8b 01 49 8b d1 41 8b c8 4c 8b 50 18
0x00007fff61ecc7bd:   49 ff a2 f8 02 00 00 cc cc cc cc cc cc cc cc cc
0x00007fff61ecc7cd:   cc cc cc 48 8b 01 49 8b d1 41 8b c8 4c 8b 50 18
0x00007fff61ecc7dd:   49 ff a2 00 03 00 00 cc cc cc cc cc cc cc cc cc
0x00007fff61ecc7ed:   cc cc cc 48 8b 01 49 8b d1 41 8b c8 4c 8b 50 18
0x00007fff61ecc7fd:   49 ff a2 08 03 00 00 cc cc cc cc cc cc cc cc cc
0x00007fff61ecc80d:   cc cc cc 48 8b 01 48 8b 48 18 48 8b 81 10 03 00
0x00007fff61ecc81d:   00 48 ff e0 cc cc cc cc cc cc cc cc cc cc cc cc
0x00007fff61ecc82d:   cc cc cc 48 8b 01 49 8b d1 41 8b c8 4c 8b 50 18
0x00007fff61ecc83d:   49 ff a2 68 03 00 00 cc cc cc cc cc cc cc cc cc
0x00007fff61ecc84d:   cc cc cc 48 8b 01 48 8b 48 18 48 8b 81 78 03 00 


Stack slot to memory mapping:
stack at sp + 0 slots: 0x00000245e44ed621 is at code_begin+993 in an Interpreter codelet
method entry point (kind = native)  [0x00000245e44ed240, 0x00000245e44edbc0]  2432 bytes
stack at sp + 1 slots: 0x00000245e44e94fe is at code_begin+1118 in an Interpreter codelet
return entry points  [0x00000245e44e90a0, 0x00000245e44e9ba0]  2816 bytes
stack at sp + 2 slots: 0x00000245e44ed352 is at code_begin+274 in an Interpreter codelet
method entry point (kind = native)  [0x00000245e44ed240, 0x00000245e44edbc0]  2432 bytes
stack at sp + 3 slots: {method} {0x0000024580583258} 'nglGenTextures' '(IJ)V' in 'org/lwjgl/opengl/GL11C'
stack at sp + 4 slots: 0x000002458112a390 points into unknown readable memory: 0x0000000400000000 | 00 00 00 00 04 00 00 00
stack at sp + 5 slots: 0x000000577d9fefd8 is pointing into the stack for thread: 0x00000245dccf2190
stack at sp + 6 slots: 0x00000245e44e95cd is at code_begin+1325 in an Interpreter codelet
return entry points  [0x00000245e44e90a0, 0x00000245e44e9ba0]  2816 bytes
stack at sp + 7 slots: 0x00000245e44ed2f6 is at code_begin+182 in an Interpreter codelet
method entry point (kind = native)  [0x00000245e44ed240, 0x00000245e44edbc0]  2432 bytes


---------------  P R O C E S S  ---------------

Threads class SMR info:
_java_thread_list=0x00000245813af6a0, length=18, elements={
0x00000245dccf2190, 0x00000245ffee1030, 0x00000245ffee1ca0, 0x00000245ffef47b0,
0x00000245ffef6170, 0x00000245ffef6b20, 0x00000245ffef74d0, 0x00000245ffef8260,
0x00000245ffef9c20, 0x00000245ffefc530, 0x00000245ffec9310, 0x0000024580963c10,
0x000002458096eb90, 0x00000245809af7c0, 0x0000024580c200d0, 0x0000024581364870,
0x0000024581381b00, 0x0000024580f65d00
}

Java Threads: ( => current thread )
=>0x00000245dccf2190 JavaThread "main" [_thread_in_native, id=10244, stack(0x000000577d900000,0x000000577da00000)]
  0x00000245ffee1030 JavaThread "Reference Handler" daemon [_thread_blocked, id=17328, stack(0x000000577e000000,0x000000577e100000)]
  0x00000245ffee1ca0 JavaThread "Finalizer" daemon [_thread_blocked, id=13580, stack(0x000000577e100000,0x000000577e200000)]
  0x00000245ffef47b0 JavaThread "Signal Dispatcher" daemon [_thread_blocked, id=17792, stack(0x000000577e200000,0x000000577e300000)]
  0x00000245ffef6170 JavaThread "Attach Listener" daemon [_thread_blocked, id=5528, stack(0x000000577e300000,0x000000577e400000)]
  0x00000245ffef6b20 JavaThread "Service Thread" daemon [_thread_blocked, id=16016, stack(0x000000577e400000,0x000000577e500000)]
  0x00000245ffef74d0 JavaThread "Monitor Deflation Thread" daemon [_thread_blocked, id=18676, stack(0x000000577e500000,0x000000577e600000)]
  0x00000245ffef8260 JavaThread "C2 CompilerThread0" daemon [_thread_blocked, id=7388, stack(0x000000577e600000,0x000000577e700000)]
  0x00000245ffef9c20 JavaThread "C1 CompilerThread0" daemon [_thread_blocked, id=3188, stack(0x000000577e700000,0x000000577e800000)]
  0x00000245ffefc530 JavaThread "Sweeper thread" daemon [_thread_blocked, id=7752, stack(0x000000577e800000,0x000000577e900000)]
  0x00000245ffec9310 JavaThread "C1 CompilerThread1" daemon [_thread_blocked, id=13784, stack(0x000000577e900000,0x000000577ea00000)]
  0x0000024580963c10 JavaThread "Notification Thread" daemon [_thread_blocked, id=7544, stack(0x000000577ea00000,0x000000577eb00000)]
  0x000002458096eb90 JavaThread "Common-Cleaner" daemon [_thread_blocked, id=1472, stack(0x000000577ec00000,0x000000577ed00000)]
  0x00000245809af7c0 JavaThread "C2 CompilerThread1" daemon [_thread_blocked, id=4844, stack(0x000000577ed00000,0x000000577ee00000)]
  0x0000024580c200d0 JavaThread "C2 CompilerThread2" daemon [_thread_blocked, id=12596, stack(0x000000577ee00000,0x000000577ef00000)]
  0x0000024581364870 JavaThread "Java2D Disposer" daemon [_thread_blocked, id=17160, stack(0x000000577f000000,0x000000577f100000)]
  0x0000024581381b00 JavaThread "C1 CompilerThread2" daemon [_thread_blocked, id=19984, stack(0x000000577ef00000,0x000000577f000000)]
  0x0000024580f65d00 JavaThread "C1 CompilerThread3" daemon [_thread_blocked, id=12304, stack(0x000000577f500000,0x000000577f600000)]

Other Threads:
  0x00000245ffedb530 VMThread "VM Thread" [stack: 0x000000577df00000,0x000000577e000000] [id=11640]
  0x00000245809680f0 WatcherThread [stack: 0x000000577eb00000,0x000000577ec00000] [id=17296]
  0x00000245dcd42ba0 GCTaskThread "GC Thread#0" [stack: 0x000000577da00000,0x000000577db00000] [id=11864]
  0x00000245813963d0 GCTaskThread "GC Thread#1" [stack: 0x000000577f100000,0x000000577f200000] [id=15348]
  0x0000024581396680 GCTaskThread "GC Thread#2" [stack: 0x000000577f200000,0x000000577f300000] [id=1884]
  0x0000024581396930 GCTaskThread "GC Thread#3" [stack: 0x000000577f300000,0x000000577f400000] [id=12080]
  0x0000024581396be0 GCTaskThread "GC Thread#4" [stack: 0x000000577f400000,0x000000577f500000] [id=4520]
  0x00000245dcd54030 ConcurrentGCThread "G1 Main Marker" [stack: 0x000000577db00000,0x000000577dc00000] [id=4244]
  0x00000245dcd54a40 ConcurrentGCThread "G1 Conc#0" [stack: 0x000000577dc00000,0x000000577dd00000] [id=15652]
  0x00000245dcdadeb0 ConcurrentGCThread "G1 Refine#0" [stack: 0x000000577dd00000,0x000000577de00000] [id=2168]
  0x00000245dcdae8d0 ConcurrentGCThread "G1 Service" [stack: 0x000000577de00000,0x000000577df00000] [id=16804]

Threads with active compile tasks:

VM state: not at safepoint (normal execution)

VM Mutex/Monitor currently owned by a thread: None

Heap address: 0x000000070ac00000, size: 3924 MB, Compressed Oops mode: Zero based, Oop shift amount: 3

CDS archive(s) mapped at: [0x0000000800000000-0x0000000800bc0000-0x0000000800bc0000), size 12320768, SharedBaseAddress: 0x0000000800000000, ArchiveRelocationMode: 0.
Compressed class space mapped at: 0x0000000800c00000-0x0000000840c00000, reserved size: 1073741824
Narrow klass base: 0x0000000800000000, Narrow klass shift: 0, Narrow klass range: 0x100000000

GC Precious Log:
 CPUs: 16 total, 16 available
 Memory: 15695M
 Large Page Support: Disabled
 NUMA Support: Disabled
 Compressed Oops: Enabled (Zero based)
 Heap Region Size: 2M
 Heap Min Capacity: 8M
 Heap Initial Capacity: 246M
 Heap Max Capacity: 3924M
 Pre-touch: Disabled
 Parallel Workers: 13
 Concurrent Workers: 3
 Concurrent Refinement Workers: 13
 Periodic GC: Disabled

Heap:
 garbage-first heap   total 251904K, used 7789K [0x000000070ac00000, 0x0000000800000000)
  region size 2048K, 5 young (10240K), 2 survivors (4096K)
 Metaspace       used 5046K, committed 5248K, reserved 1056768K
  class space    used 373K, committed 512K, reserved 1048576K

Heap Regions: E=young(eden), S=young(survivor), O=old, HS=humongous(starts), HC=humongous(continues), CS=collection set, F=free, OA=open archive, CA=closed archive, TAMS=top-at-mark-start (previous, next)
|   0|0x000000070ac00000, 0x000000070ac00000, 0x000000070ae00000|  0%| F|  |TAMS 0x000000070ac00000, 0x000000070ac00000| Untracked 
|   1|0x000000070ae00000, 0x000000070ae00000, 0x000000070b000000|  0%| F|  |TAMS 0x000000070ae00000, 0x000000070ae00000| Untracked 
|   2|0x000000070b000000, 0x000000070b000000, 0x000000070b200000|  0%| F|  |TAMS 0x000000070b000000, 0x000000070b000000| Untracked 
|   3|0x000000070b200000, 0x000000070b200000, 0x000000070b400000|  0%| F|  |TAMS 0x000000070b200000, 0x000000070b200000| Untracked 
|   4|0x000000070b400000, 0x000000070b400000, 0x000000070b600000|  0%| F|  |TAMS 0x000000070b400000, 0x000000070b400000| Untracked 
|   5|0x000000070b600000, 0x000000070b600000, 0x000000070b800000|  0%| F|  |TAMS 0x000000070b600000, 0x000000070b600000| Untracked 
|   6|0x000000070b800000, 0x000000070b800000, 0x000000070ba00000|  0%| F|  |TAMS 0x000000070b800000, 0x000000070b800000| Untracked 
|   7|0x000000070ba00000, 0x000000070ba00000, 0x000000070bc00000|  0%| F|  |TAMS 0x000000070ba00000, 0x000000070ba00000| Untracked 
|   8|0x000000070bc00000, 0x000000070bc00000, 0x000000070be00000|  0%| F|  |TAMS 0x000000070bc00000, 0x000000070bc00000| Untracked 
|   9|0x000000070be00000, 0x000000070be00000, 0x000000070c000000|  0%| F|  |TAMS 0x000000070be00000, 0x000000070be00000| Untracked 
|  10|0x000000070c000000, 0x000000070c000000, 0x000000070c200000|  0%| F|  |TAMS 0x000000070c000000, 0x000000070c000000| Untracked 
|  11|0x000000070c200000, 0x000000070c200000, 0x000000070c400000|  0%| F|  |TAMS 0x000000070c200000, 0x000000070c200000| Untracked 
|  12|0x000000070c400000, 0x000000070c400000, 0x000000070c600000|  0%| F|  |TAMS 0x000000070c400000, 0x000000070c400000| Untracked 
|  13|0x000000070c600000, 0x000000070c600000, 0x000000070c800000|  0%| F|  |TAMS 0x000000070c600000, 0x000000070c600000| Untracked 
|  14|0x000000070c800000, 0x000000070c800000, 0x000000070ca00000|  0%| F|  |TAMS 0x000000070c800000, 0x000000070c800000| Untracked 
|  15|0x000000070ca00000, 0x000000070ca00000, 0x000000070cc00000|  0%| F|  |TAMS 0x000000070ca00000, 0x000000070ca00000| Untracked 
|  16|0x000000070cc00000, 0x000000070cc00000, 0x000000070ce00000|  0%| F|  |TAMS 0x000000070cc00000, 0x000000070cc00000| Untracked 
|  17|0x000000070ce00000, 0x000000070ce00000, 0x000000070d000000|  0%| F|  |TAMS 0x000000070ce00000, 0x000000070ce00000| Untracked 
|  18|0x000000070d000000, 0x000000070d000000, 0x000000070d200000|  0%| F|  |TAMS 0x000000070d000000, 0x000000070d000000| Untracked 
|  19|0x000000070d200000, 0x000000070d200000, 0x000000070d400000|  0%| F|  |TAMS 0x000000070d200000, 0x000000070d200000| Untracked 
|  20|0x000000070d400000, 0x000000070d400000, 0x000000070d600000|  0%| F|  |TAMS 0x000000070d400000, 0x000000070d400000| Untracked 
|  21|0x000000070d600000, 0x000000070d600000, 0x000000070d800000|  0%| F|  |TAMS 0x000000070d600000, 0x000000070d600000| Untracked 
|  22|0x000000070d800000, 0x000000070d800000, 0x000000070da00000|  0%| F|  |TAMS 0x000000070d800000, 0x000000070d800000| Untracked 
|  23|0x000000070da00000, 0x000000070da00000, 0x000000070dc00000|  0%| F|  |TAMS 0x000000070da00000, 0x000000070da00000| Untracked 
|  24|0x000000070dc00000, 0x000000070dc00000, 0x000000070de00000|  0%| F|  |TAMS 0x000000070dc00000, 0x000000070dc00000| Untracked 
|  25|0x000000070de00000, 0x000000070de00000, 0x000000070e000000|  0%| F|  |TAMS 0x000000070de00000, 0x000000070de00000| Untracked 
|  26|0x000000070e000000, 0x000000070e000000, 0x000000070e200000|  0%| F|  |TAMS 0x000000070e000000, 0x000000070e000000| Untracked 
|  27|0x000000070e200000, 0x000000070e200000, 0x000000070e400000|  0%| F|  |TAMS 0x000000070e200000, 0x000000070e200000| Untracked 
|  28|0x000000070e400000, 0x000000070e400000, 0x000000070e600000|  0%| F|  |TAMS 0x000000070e400000, 0x000000070e400000| Untracked 
|  29|0x000000070e600000, 0x000000070e600000, 0x000000070e800000|  0%| F|  |TAMS 0x000000070e600000, 0x000000070e600000| Untracked 
|  30|0x000000070e800000, 0x000000070e800000, 0x000000070ea00000|  0%| F|  |TAMS 0x000000070e800000, 0x000000070e800000| Untracked 
|  31|0x000000070ea00000, 0x000000070ea00000, 0x000000070ec00000|  0%| F|  |TAMS 0x000000070ea00000, 0x000000070ea00000| Untracked 
|  32|0x000000070ec00000, 0x000000070ec00000, 0x000000070ee00000|  0%| F|  |TAMS 0x000000070ec00000, 0x000000070ec00000| Untracked 
|  33|0x000000070ee00000, 0x000000070ee00000, 0x000000070f000000|  0%| F|  |TAMS 0x000000070ee00000, 0x000000070ee00000| Untracked 
|  34|0x000000070f000000, 0x000000070f000000, 0x000000070f200000|  0%| F|  |TAMS 0x000000070f000000, 0x000000070f000000| Untracked 
|  35|0x000000070f200000, 0x000000070f200000, 0x000000070f400000|  0%| F|  |TAMS 0x000000070f200000, 0x000000070f200000| Untracked 
|  36|0x000000070f400000, 0x000000070f400000, 0x000000070f600000|  0%| F|  |TAMS 0x000000070f400000, 0x000000070f400000| Untracked 
|  37|0x000000070f600000, 0x000000070f600000, 0x000000070f800000|  0%| F|  |TAMS 0x000000070f600000, 0x000000070f600000| Untracked 
|  38|0x000000070f800000, 0x000000070f800000, 0x000000070fa00000|  0%| F|  |TAMS 0x000000070f800000, 0x000000070f800000| Untracked 
|  39|0x000000070fa00000, 0x000000070fa00000, 0x000000070fc00000|  0%| F|  |TAMS 0x000000070fa00000, 0x000000070fa00000| Untracked 
|  40|0x000000070fc00000, 0x000000070fc00000, 0x000000070fe00000|  0%| F|  |TAMS 0x000000070fc00000, 0x000000070fc00000| Untracked 
|  41|0x000000070fe00000, 0x000000070fe00000, 0x0000000710000000|  0%| F|  |TAMS 0x000000070fe00000, 0x000000070fe00000| Untracked 
|  42|0x0000000710000000, 0x0000000710000000, 0x0000000710200000|  0%| F|  |TAMS 0x0000000710000000, 0x0000000710000000| Untracked 
|  43|0x0000000710200000, 0x0000000710200000, 0x0000000710400000|  0%| F|  |TAMS 0x0000000710200000, 0x0000000710200000| Untracked 
|  44|0x0000000710400000, 0x0000000710400000, 0x0000000710600000|  0%| F|  |TAMS 0x0000000710400000, 0x0000000710400000| Untracked 
|  45|0x0000000710600000, 0x0000000710600000, 0x0000000710800000|  0%| F|  |TAMS 0x0000000710600000, 0x0000000710600000| Untracked 
|  46|0x0000000710800000, 0x0000000710800000, 0x0000000710a00000|  0%| F|  |TAMS 0x0000000710800000, 0x0000000710800000| Untracked 
|  47|0x0000000710a00000, 0x0000000710a00000, 0x0000000710c00000|  0%| F|  |TAMS 0x0000000710a00000, 0x0000000710a00000| Untracked 
|  48|0x0000000710c00000, 0x0000000710c00000, 0x0000000710e00000|  0%| F|  |TAMS 0x0000000710c00000, 0x0000000710c00000| Untracked 
|  49|0x0000000710e00000, 0x0000000710e00000, 0x0000000711000000|  0%| F|  |TAMS 0x0000000710e00000, 0x0000000710e00000| Untracked 
|  50|0x0000000711000000, 0x0000000711000000, 0x0000000711200000|  0%| F|  |TAMS 0x0000000711000000, 0x0000000711000000| Untracked 
|  51|0x0000000711200000, 0x0000000711200000, 0x0000000711400000|  0%| F|  |TAMS 0x0000000711200000, 0x0000000711200000| Untracked 
|  52|0x0000000711400000, 0x0000000711400000, 0x0000000711600000|  0%| F|  |TAMS 0x0000000711400000, 0x0000000711400000| Untracked 
|  53|0x0000000711600000, 0x0000000711600000, 0x0000000711800000|  0%| F|  |TAMS 0x0000000711600000, 0x0000000711600000| Untracked 
|  54|0x0000000711800000, 0x0000000711800000, 0x0000000711a00000|  0%| F|  |TAMS 0x0000000711800000, 0x0000000711800000| Untracked 
|  55|0x0000000711a00000, 0x0000000711a00000, 0x0000000711c00000|  0%| F|  |TAMS 0x0000000711a00000, 0x0000000711a00000| Untracked 
|  56|0x0000000711c00000, 0x0000000711c00000, 0x0000000711e00000|  0%| F|  |TAMS 0x0000000711c00000, 0x0000000711c00000| Untracked 
|  57|0x0000000711e00000, 0x0000000711e00000, 0x0000000712000000|  0%| F|  |TAMS 0x0000000711e00000, 0x0000000711e00000| Untracked 
|  58|0x0000000712000000, 0x0000000712000000, 0x0000000712200000|  0%| F|  |TAMS 0x0000000712000000, 0x0000000712000000| Untracked 
|  59|0x0000000712200000, 0x0000000712200000, 0x0000000712400000|  0%| F|  |TAMS 0x0000000712200000, 0x0000000712200000| Untracked 
|  60|0x0000000712400000, 0x0000000712400000, 0x0000000712600000|  0%| F|  |TAMS 0x0000000712400000, 0x0000000712400000| Untracked 
|  61|0x0000000712600000, 0x0000000712600000, 0x0000000712800000|  0%| F|  |TAMS 0x0000000712600000, 0x0000000712600000| Untracked 
|  62|0x0000000712800000, 0x0000000712800000, 0x0000000712a00000|  0%| F|  |TAMS 0x0000000712800000, 0x0000000712800000| Untracked 
|  63|0x0000000712a00000, 0x0000000712a00000, 0x0000000712c00000|  0%| F|  |TAMS 0x0000000712a00000, 0x0000000712a00000| Untracked 
|  64|0x0000000712c00000, 0x0000000712c00000, 0x0000000712e00000|  0%| F|  |TAMS 0x0000000712c00000, 0x0000000712c00000| Untracked 
|  65|0x0000000712e00000, 0x0000000712e00000, 0x0000000713000000|  0%| F|  |TAMS 0x0000000712e00000, 0x0000000712e00000| Untracked 
|  66|0x0000000713000000, 0x0000000713000000, 0x0000000713200000|  0%| F|  |TAMS 0x0000000713000000, 0x0000000713000000| Untracked 
|  67|0x0000000713200000, 0x0000000713200000, 0x0000000713400000|  0%| F|  |TAMS 0x0000000713200000, 0x0000000713200000| Untracked 
|  68|0x0000000713400000, 0x0000000713400000, 0x0000000713600000|  0%| F|  |TAMS 0x0000000713400000, 0x0000000713400000| Untracked 
|  69|0x0000000713600000, 0x0000000713600000, 0x0000000713800000|  0%| F|  |TAMS 0x0000000713600000, 0x0000000713600000| Untracked 
|  70|0x0000000713800000, 0x0000000713800000, 0x0000000713a00000|  0%| F|  |TAMS 0x0000000713800000, 0x0000000713800000| Untracked 
|  71|0x0000000713a00000, 0x0000000713a00000, 0x0000000713c00000|  0%| F|  |TAMS 0x0000000713a00000, 0x0000000713a00000| Untracked 
|  72|0x0000000713c00000, 0x0000000713c00000, 0x0000000713e00000|  0%| F|  |TAMS 0x0000000713c00000, 0x0000000713c00000| Untracked 
|  73|0x0000000713e00000, 0x0000000713e00000, 0x0000000714000000|  0%| F|  |TAMS 0x0000000713e00000, 0x0000000713e00000| Untracked 
|  74|0x0000000714000000, 0x0000000714000000, 0x0000000714200000|  0%| F|  |TAMS 0x0000000714000000, 0x0000000714000000| Untracked 
|  75|0x0000000714200000, 0x0000000714200000, 0x0000000714400000|  0%| F|  |TAMS 0x0000000714200000, 0x0000000714200000| Untracked 
|  76|0x0000000714400000, 0x0000000714400000, 0x0000000714600000|  0%| F|  |TAMS 0x0000000714400000, 0x0000000714400000| Untracked 
|  77|0x0000000714600000, 0x0000000714600000, 0x0000000714800000|  0%| F|  |TAMS 0x0000000714600000, 0x0000000714600000| Untracked 
|  78|0x0000000714800000, 0x0000000714800000, 0x0000000714a00000|  0%| F|  |TAMS 0x0000000714800000, 0x0000000714800000| Untracked 
|  79|0x0000000714a00000, 0x0000000714a00000, 0x0000000714c00000|  0%| F|  |TAMS 0x0000000714a00000, 0x0000000714a00000| Untracked 
|  80|0x0000000714c00000, 0x0000000714c00000, 0x0000000714e00000|  0%| F|  |TAMS 0x0000000714c00000, 0x0000000714c00000| Untracked 
|  81|0x0000000714e00000, 0x0000000714e00000, 0x0000000715000000|  0%| F|  |TAMS 0x0000000714e00000, 0x0000000714e00000| Untracked 
|  82|0x0000000715000000, 0x0000000715000000, 0x0000000715200000|  0%| F|  |TAMS 0x0000000715000000, 0x0000000715000000| Untracked 
|  83|0x0000000715200000, 0x0000000715200000, 0x0000000715400000|  0%| F|  |TAMS 0x0000000715200000, 0x0000000715200000| Untracked 
|  84|0x0000000715400000, 0x0000000715400000, 0x0000000715600000|  0%| F|  |TAMS 0x0000000715400000, 0x0000000715400000| Untracked 
|  85|0x0000000715600000, 0x0000000715600000, 0x0000000715800000|  0%| F|  |TAMS 0x0000000715600000, 0x0000000715600000| Untracked 
|  86|0x0000000715800000, 0x0000000715800000, 0x0000000715a00000|  0%| F|  |TAMS 0x0000000715800000, 0x0000000715800000| Untracked 
|  87|0x0000000715a00000, 0x0000000715a00000, 0x0000000715c00000|  0%| F|  |TAMS 0x0000000715a00000, 0x0000000715a00000| Untracked 
|  88|0x0000000715c00000, 0x0000000715c00000, 0x0000000715e00000|  0%| F|  |TAMS 0x0000000715c00000, 0x0000000715c00000| Untracked 
|  89|0x0000000715e00000, 0x0000000715e00000, 0x0000000716000000|  0%| F|  |TAMS 0x0000000715e00000, 0x0000000715e00000| Untracked 
|  90|0x0000000716000000, 0x0000000716000000, 0x0000000716200000|  0%| F|  |TAMS 0x0000000716000000, 0x0000000716000000| Untracked 
|  91|0x0000000716200000, 0x0000000716200000, 0x0000000716400000|  0%| F|  |TAMS 0x0000000716200000, 0x0000000716200000| Untracked 
|  92|0x0000000716400000, 0x0000000716400000, 0x0000000716600000|  0%| F|  |TAMS 0x0000000716400000, 0x0000000716400000| Untracked 
|  93|0x0000000716600000, 0x0000000716600000, 0x0000000716800000|  0%| F|  |TAMS 0x0000000716600000, 0x0000000716600000| Untracked 
|  94|0x0000000716800000, 0x0000000716800000, 0x0000000716a00000|  0%| F|  |TAMS 0x0000000716800000, 0x0000000716800000| Untracked 
|  95|0x0000000716a00000, 0x0000000716a00000, 0x0000000716c00000|  0%| F|  |TAMS 0x0000000716a00000, 0x0000000716a00000| Untracked 
|  96|0x0000000716c00000, 0x0000000716c00000, 0x0000000716e00000|  0%| F|  |TAMS 0x0000000716c00000, 0x0000000716c00000| Untracked 
|  97|0x0000000716e00000, 0x0000000716e00000, 0x0000000717000000|  0%| F|  |TAMS 0x0000000716e00000, 0x0000000716e00000| Untracked 
|  98|0x0000000717000000, 0x0000000717000000, 0x0000000717200000|  0%| F|  |TAMS 0x0000000717000000, 0x0000000717000000| Untracked 
|  99|0x0000000717200000, 0x0000000717200000, 0x0000000717400000|  0%| F|  |TAMS 0x0000000717200000, 0x0000000717200000| Untracked 
| 100|0x0000000717400000, 0x0000000717400000, 0x0000000717600000|  0%| F|  |TAMS 0x0000000717400000, 0x0000000717400000| Untracked 
| 101|0x0000000717600000, 0x0000000717600000, 0x0000000717800000|  0%| F|  |TAMS 0x0000000717600000, 0x0000000717600000| Untracked 
| 102|0x0000000717800000, 0x0000000717800000, 0x0000000717a00000|  0%| F|  |TAMS 0x0000000717800000, 0x0000000717800000| Untracked 
| 103|0x0000000717a00000, 0x0000000717a00000, 0x0000000717c00000|  0%| F|  |TAMS 0x0000000717a00000, 0x0000000717a00000| Untracked 
| 104|0x0000000717c00000, 0x0000000717c00000, 0x0000000717e00000|  0%| F|  |TAMS 0x0000000717c00000, 0x0000000717c00000| Untracked 
| 105|0x0000000717e00000, 0x0000000717e00000, 0x0000000718000000|  0%| F|  |TAMS 0x0000000717e00000, 0x0000000717e00000| Untracked 
| 106|0x0000000718000000, 0x0000000718000000, 0x0000000718200000|  0%| F|  |TAMS 0x0000000718000000, 0x0000000718000000| Untracked 
| 107|0x0000000718200000, 0x0000000718200000, 0x0000000718400000|  0%| F|  |TAMS 0x0000000718200000, 0x0000000718200000| Untracked 
| 108|0x0000000718400000, 0x0000000718400000, 0x0000000718600000|  0%| F|  |TAMS 0x0000000718400000, 0x0000000718400000| Untracked 
| 109|0x0000000718600000, 0x0000000718600000, 0x0000000718800000|  0%| F|  |TAMS 0x0000000718600000, 0x0000000718600000| Untracked 
| 110|0x0000000718800000, 0x000000071899b528, 0x0000000718a00000| 80%| S|CS|TAMS 0x0000000718800000, 0x0000000718800000| Complete 
| 111|0x0000000718a00000, 0x0000000718c00000, 0x0000000718c00000|100%| S|CS|TAMS 0x0000000718a00000, 0x0000000718a00000| Complete 
| 112|0x0000000718c00000, 0x0000000718c00000, 0x0000000718e00000|  0%| F|  |TAMS 0x0000000718c00000, 0x0000000718c00000| Untracked 
| 113|0x0000000718e00000, 0x0000000718e00000, 0x0000000719000000|  0%| F|  |TAMS 0x0000000718e00000, 0x0000000718e00000| Untracked 
| 114|0x0000000719000000, 0x0000000719000000, 0x0000000719200000|  0%| F|  |TAMS 0x0000000719000000, 0x0000000719000000| Untracked 
| 115|0x0000000719200000, 0x0000000719200000, 0x0000000719400000|  0%| F|  |TAMS 0x0000000719200000, 0x0000000719200000| Untracked 
| 116|0x0000000719400000, 0x0000000719400000, 0x0000000719600000|  0%| F|  |TAMS 0x0000000719400000, 0x0000000719400000| Untracked 
| 117|0x0000000719600000, 0x0000000719600000, 0x0000000719800000|  0%| F|  |TAMS 0x0000000719600000, 0x0000000719600000| Untracked 
| 118|0x0000000719800000, 0x0000000719800000, 0x0000000719a00000|  0%| F|  |TAMS 0x0000000719800000, 0x0000000719800000| Untracked 
| 119|0x0000000719a00000, 0x0000000719a00000, 0x0000000719c00000|  0%| F|  |TAMS 0x0000000719a00000, 0x0000000719a00000| Untracked 
| 120|0x0000000719c00000, 0x0000000719d72680, 0x0000000719e00000| 72%| E|  |TAMS 0x0000000719c00000, 0x0000000719c00000| Complete 
| 121|0x0000000719e00000, 0x000000071a000000, 0x000000071a000000|100%| E|CS|TAMS 0x0000000719e00000, 0x0000000719e00000| Complete 
| 122|0x000000071a000000, 0x000000071a200000, 0x000000071a200000|100%| E|CS|TAMS 0x000000071a000000, 0x000000071a000000| Complete 

Card table byte_map: [0x00000245f4520000,0x00000245f4cd0000] _byte_map_base: 0x00000245f0cca000

Marking Bits (Prev, Next): (CMBitMap*) 0x00000245dcd441c0, (CMBitMap*) 0x00000245dcd44200
 Prev Bits: [0x00000245f5480000, 0x00000245f91d0000)
 Next Bits: [0x00000245f91d0000, 0x00000245fcf20000)

Polling page: 0x00000245dac20000

Metaspace:

Usage:
  Non-class:      4.56 MB used.
      Class:    373.94 KB used.
       Both:      4.93 MB used.

Virtual space:
  Non-class space:        8.00 MB reserved,       4.62 MB ( 58%) committed,  1 nodes.
      Class space:        1.00 GB reserved,     512.00 KB ( <1%) committed,  1 nodes.
             Both:        1.01 GB reserved,       5.12 MB ( <1%) committed. 

Chunk freelists:
   Non-Class:  2.44 MB
       Class:  3.47 MB
        Both:  5.91 MB

MaxMetaspaceSize: unlimited
CompressedClassSpaceSize: 1.00 GB
Initial GC threshold: 21.00 MB
Current GC threshold: 21.00 MB
CDS: on
MetaspaceReclaimPolicy: balanced
 - commit_granule_bytes: 65536.
 - commit_granule_words: 8192.
 - virtual_space_node_default_size: 1048576.
 - enlarge_chunks_in_place: 1.
 - new_chunks_are_fully_committed: 0.
 - uncommit_free_chunks: 1.
 - use_allocation_guard: 0.
 - handle_deallocations: 1.


Internal statistics:

num_allocs_failed_limit: 0.
num_arena_births: 140.
num_arena_deaths: 0.
num_vsnodes_births: 2.
num_vsnodes_deaths: 0.
num_space_committed: 82.
num_space_uncommitted: 0.
num_chunks_returned_to_freelist: 0.
num_chunks_taken_from_freelist: 238.
num_chunk_merges: 0.
num_chunk_splits: 149.
num_chunks_enlarged: 84.
num_purges: 0.
num_inconsistent_stats: 0.

CodeHeap 'non-profiled nmethods': size=119168Kb used=384Kb max_used=384Kb free=118783Kb
 bounds [0x00000245ec080000, 0x00000245ec2f0000, 0x00000245f34e0000]
CodeHeap 'profiled nmethods': size=119104Kb used=2419Kb max_used=2419Kb free=116684Kb
 bounds [0x00000245e4c30000, 0x00000245e4ea0000, 0x00000245ec080000]
CodeHeap 'non-nmethods': size=7488Kb used=3307Kb max_used=3322Kb free=4180Kb
 bounds [0x00000245e44e0000, 0x00000245e4820000, 0x00000245e4c30000]
 total_blobs=2371 nmethods=1316 adapters=965
 compilation: enabled
              stopped_count=0, restarted_count=0
 full_count=0

Compilation events (20 events):
Event: 0.718 Thread 0x00000245ffef9c20 1308       3       sun.nio.ch.FileChannelImpl::endBlocking (13 bytes)
Event: 0.718 Thread 0x0000024580f65d00 nmethod 1304 0x00000245e4e8a190 code [0x00000245e4e8a3e0, 0x00000245e4e8add8]
Event: 0.719 Thread 0x0000024581381b00 nmethod 1306 0x00000245e4e8b090 code [0x00000245e4e8b240, 0x00000245e4e8b5b8]
Event: 0.719 Thread 0x0000024580f65d00 1309       1       sun.nio.fs.NativeBuffer::owner (5 bytes)
Event: 0.719 Thread 0x00000245ffec9310 nmethod 1307 0x00000245e4e8b710 code [0x00000245e4e8b8a0, 0x00000245e4e8b9f8]
Event: 0.719 Thread 0x0000024580f65d00 nmethod 1309 0x00000245ec0deb90 code [0x00000245ec0ded20, 0x00000245ec0dedf8]
Event: 0.719 Thread 0x00000245ffef9c20 nmethod 1308 0x00000245e4e8ba90 code [0x00000245e4e8bc40, 0x00000245e4e8bda8]
Event: 0.721 Thread 0x00000245ffef9c20 1310       3       java.util.jar.JarFile::maybeInstantiateVerifier (42 bytes)
Event: 0.722 Thread 0x00000245ffef9c20 nmethod 1310 0x00000245e4e8be90 code [0x00000245e4e8c060, 0x00000245e4e8c3f8]
Event: 0.722 Thread 0x00000245ffef9c20 1311       1       sun.nio.fs.WindowsFileSystem::provider (5 bytes)
Event: 0.722 Thread 0x00000245ffef9c20 nmethod 1311 0x00000245ec0dee90 code [0x00000245ec0df020, 0x00000245ec0df0f8]
Event: 0.725 Thread 0x00000245ffef9c20 1312       3       org.lwjgl.system.MemoryUtil::memPutAddress (29 bytes)
Event: 0.725 Thread 0x0000024580c200d0 1313       4       sun.misc.Unsafe::putLong (11 bytes)
Event: 0.725 Thread 0x00000245809af7c0 1314       4       java.lang.Integer::toUnsignedLong (7 bytes)
Event: 0.726 Thread 0x00000245ffec9310 1316       3       java.util.Collections$SetFromMap::add (22 bytes)
Event: 0.726 Thread 0x00000245ffef8260 1315       4       java.lang.String::substring (58 bytes)
Event: 0.727 Thread 0x00000245ffef9c20 nmethod 1312 0x00000245e4e8c510 code [0x00000245e4e8c6c0, 0x00000245e4e8c8b8]
Event: 0.727 Thread 0x00000245ffec9310 nmethod 1316 0x00000245e4e8c990 code [0x00000245e4e8cb40, 0x00000245e4e8cd88]
Event: 0.728 Thread 0x00000245809af7c0 nmethod 1314 0x00000245ec0df190 code [0x00000245ec0df300, 0x00000245ec0df358]
Event: 0.728 Thread 0x0000024580c200d0 nmethod 1313 0x00000245ec0df490 code [0x00000245ec0df600, 0x00000245ec0df698]

GC Heap History (2 events):
Event: 0.613 GC heap before
{Heap before GC invocations=0 (full 0):
 garbage-first heap   total 251904K, used 22528K [0x000000070ac00000, 0x0000000800000000)
  region size 2048K, 11 young (22528K), 0 survivors (0K)
 Metaspace       used 4313K, committed 4544K, reserved 1056768K
  class space    used 345K, committed 448K, reserved 1048576K
}
Event: 0.616 GC heap after
{Heap after GC invocations=1 (full 0):
 garbage-first heap   total 251904K, used 3693K [0x000000070ac00000, 0x0000000800000000)
  region size 2048K, 2 young (4096K), 2 survivors (4096K)
 Metaspace       used 4313K, committed 4544K, reserved 1056768K
  class space    used 345K, committed 448K, reserved 1048576K
}

Deoptimization events (20 events):
Event: 0.302 Thread 0x00000245dccf2190 DEOPT PACKING pc=0x00000245ec0a621c sp=0x000000577d9fc460
Event: 0.302 Thread 0x00000245dccf2190 DEOPT UNPACKING pc=0x00000245e45323a3 sp=0x000000577d9fc378 mode 2
Event: 0.668 Thread 0x00000245dccf2190 DEOPT PACKING pc=0x00000245e4c4c265 sp=0x000000577d9fa4a0
Event: 0.668 Thread 0x00000245dccf2190 DEOPT UNPACKING pc=0x00000245e4532b43 sp=0x000000577d9f98f0 mode 0
Event: 0.684 Thread 0x00000245dccf2190 Uncommon trap: trap_request=0xffffff45 fr.pc=0x00000245ec0cb294 relative=0x00000000000006b4
Event: 0.684 Thread 0x00000245dccf2190 Uncommon trap: reason=unstable_if action=reinterpret pc=0x00000245ec0cb294 method=java.util.HashMap.putVal(ILjava/lang/Object;Ljava/lang/Object;ZZ)Ljava/lang/Object; @ 69 c2
Event: 0.684 Thread 0x00000245dccf2190 DEOPT PACKING pc=0x00000245ec0cb294 sp=0x000000577d9ff190
Event: 0.684 Thread 0x00000245dccf2190 DEOPT UNPACKING pc=0x00000245e45323a3 sp=0x000000577d9ff0b8 mode 2
Event: 0.693 Thread 0x00000245dccf2190 Uncommon trap: trap_request=0xffffffde fr.pc=0x00000245ec0a621c relative=0x000000000000045c
Event: 0.693 Thread 0x00000245dccf2190 Uncommon trap: reason=class_check action=maybe_recompile pc=0x00000245ec0a621c method=java.util.HashMap.getNode(Ljava/lang/Object;)Ljava/util/HashMap$Node; @ 63 c2
Event: 0.693 Thread 0x00000245dccf2190 DEOPT PACKING pc=0x00000245ec0a621c sp=0x000000577d9fd1b0
Event: 0.693 Thread 0x00000245dccf2190 DEOPT UNPACKING pc=0x00000245e45323a3 sp=0x000000577d9fd0c8 mode 2
Event: 0.713 Thread 0x00000245dccf2190 Uncommon trap: trap_request=0xffffffde fr.pc=0x00000245ec0a621c relative=0x000000000000045c
Event: 0.713 Thread 0x00000245dccf2190 Uncommon trap: reason=class_check action=maybe_recompile pc=0x00000245ec0a621c method=java.util.HashMap.getNode(Ljava/lang/Object;)Ljava/util/HashMap$Node; @ 63 c2
Event: 0.713 Thread 0x00000245dccf2190 DEOPT PACKING pc=0x00000245ec0a621c sp=0x000000577d9fd1e0
Event: 0.713 Thread 0x00000245dccf2190 DEOPT UNPACKING pc=0x00000245e45323a3 sp=0x000000577d9fd0f8 mode 2
Event: 0.729 Thread 0x00000245dccf2190 Uncommon trap: trap_request=0xffffff5c fr.pc=0x00000245ec0df65c relative=0x000000000000005c
Event: 0.729 Thread 0x00000245dccf2190 Uncommon trap: reason=speculate_null_check action=make_not_entrant pc=0x00000245ec0df65c method=sun.misc.Unsafe.putLong(Ljava/lang/Object;JJ)V @ 7 c2
Event: 0.729 Thread 0x00000245dccf2190 DEOPT PACKING pc=0x00000245ec0df65c sp=0x000000577d9fede0
Event: 0.729 Thread 0x00000245dccf2190 DEOPT UNPACKING pc=0x00000245e45323a3 sp=0x000000577d9fed58 mode 2

Classes unloaded (0 events):
No events

Classes redefined (0 events):
No events

Internal exceptions (20 events):
Event: 0.226 Thread 0x00000245dccf2190 Exception <a 'sun/nio/fs/WindowsException'{0x000000071985cba0}> (0x000000071985cba0) 
thrown [t:\workspace\open\src\hotspot\share\prims\jni.cpp, line 516]
Event: 0.285 Thread 0x00000245dccf2190 Exception <a 'java/lang/NoSuchMethodError'{0x0000000719954890}: 'int java.lang.invoke.DirectMethodHandle$Holder.invokeStaticInit(java.lang.Object, java.lang.Object, int, long)'> (0x0000000719954890) 
thrown [t:\workspace\open\src\hotspot\share\interpreter\linkResolver.cpp, line 766]
Event: 0.285 Thread 0x00000245dccf2190 Exception <a 'java/lang/NoSuchMethodError'{0x000000071995a158}: 'java.lang.Object java.lang.invoke.DirectMethodHandle$Holder.newInvokeSpecial(java.lang.Object, java.lang.Object, int)'> (0x000000071995a158) 
thrown [t:\workspace\open\src\hotspot\share\interpreter\linkResolver.cpp, line 766]
Event: 0.288 Thread 0x00000245dccf2190 Exception <a 'java/lang/NoSuchMethodError'{0x0000000719968f20}: 'int java.lang.invoke.DirectMethodHandle$Holder.invokeStaticInit(java.lang.Object, java.lang.Object, long, long)'> (0x0000000719968f20) 
thrown [t:\workspace\open\src\hotspot\share\interpreter\linkResolver.cpp, line 766]
Event: 0.290 Thread 0x00000245dccf2190 Exception <a 'java/lang/NoSuchMethodError'{0x000000071996f030}: 'java.lang.Object java.lang.invoke.DirectMethodHandle$Holder.newInvokeSpecial(java.lang.Object, java.lang.Object, long)'> (0x000000071996f030) 
thrown [t:\workspace\open\src\hotspot\share\interpreter\linkResolver.cpp, line 766]
Event: 0.291 Thread 0x00000245dccf2190 Exception <a 'java/lang/NoSuchMethodError'{0x0000000719973078}: 'java.lang.Object java.lang.invoke.Invokers$Holder.linkToTargetMethod(java.lang.Object, long, java.lang.Object)'> (0x0000000719973078) 
thrown [t:\workspace\open\src\hotspot\share\interpreter\linkResolver.cpp, line 766]
Event: 0.293 Thread 0x00000245dccf2190 Exception <a 'java/lang/NoSuchMethodError'{0x000000071997a790}: 'int java.lang.invoke.DirectMethodHandle$Holder.invokeStaticInit(java.lang.Object, java.lang.Object, java.lang.Object, long)'> (0x000000071997a790) 
thrown [t:\workspace\open\src\hotspot\share\interpreter\linkResolver.cpp, line 766]
Event: 0.307 Thread 0x00000245dccf2190 Exception <a 'sun/nio/fs/WindowsException'{0x00000007199b0398}> (0x00000007199b0398) 
thrown [t:\workspace\open\src\hotspot\share\prims\jni.cpp, line 516]
Event: 0.307 Thread 0x00000245dccf2190 Exception <a 'sun/nio/fs/WindowsException'{0x00000007199b0728}> (0x00000007199b0728) 
thrown [t:\workspace\open\src\hotspot\share\prims\jni.cpp, line 516]
Event: 0.372 Thread 0x00000245dccf2190 Exception <a 'java/lang/ClassNotFoundException'{0x00000007196e1938}: sun/awt/resources/spi/awtProvider> (0x00000007196e1938) 
thrown [t:\workspace\open\src\hotspot\share\classfile\systemDictionary.cpp, line 256]
Event: 0.383 Thread 0x00000245dccf2190 Exception <a 'java/io/FileNotFoundException'{0x000000071971db20}> (0x000000071971db20) 
thrown [t:\workspace\open\src\hotspot\share\prims\jni.cpp, line 516]
Event: 0.386 Thread 0x00000245dccf2190 Exception <a 'java/io/FileNotFoundException'{0x0000000719748a28}> (0x0000000719748a28) 
thrown [t:\workspace\open\src\hotspot\share\prims\jni.cpp, line 516]
Event: 0.677 Thread 0x00000245dccf2190 Exception <a 'java/lang/NoSuchMethodError'{0x0000000719f57178}: 'void java.lang.invoke.DirectMethodHandle$Holder.invokeStaticInit(java.lang.Object, java.lang.Object)'> (0x0000000719f57178) 
thrown [t:\workspace\open\src\hotspot\share\interpreter\linkResolver.cpp, line 766]
Event: 0.685 Thread 0x00000245dccf2190 Exception <a 'java/lang/NoSuchMethodError'{0x0000000719fa8f88}: 'void java.lang.invoke.DirectMethodHandle$Holder.invokeStatic(java.lang.Object, int, java.lang.Object)'> (0x0000000719fa8f88) 
thrown [t:\workspace\open\src\hotspot\share\interpreter\linkResolver.cpp, line 766]
Event: 0.699 Thread 0x00000245dccf2190 Exception <a 'sun/nio/fs/WindowsException'{0x0000000719c161e8}> (0x0000000719c161e8) 
thrown [t:\workspace\open\src\hotspot\share\prims\jni.cpp, line 516]
Event: 0.699 Thread 0x00000245dccf2190 Exception <a 'sun/nio/fs/WindowsException'{0x0000000719c16568}> (0x0000000719c16568) 
thrown [t:\workspace\open\src\hotspot\share\prims\jni.cpp, line 516]
Event: 0.717 Thread 0x00000245dccf2190 Exception <a 'sun/nio/fs/WindowsException'{0x0000000719c9a270}> (0x0000000719c9a270) 
thrown [t:\workspace\open\src\hotspot\share\prims\jni.cpp, line 516]
Event: 0.717 Thread 0x00000245dccf2190 Exception <a 'sun/nio/fs/WindowsException'{0x0000000719c9a618}> (0x0000000719c9a618) 
thrown [t:\workspace\open\src\hotspot\share\prims\jni.cpp, line 516]
Event: 0.722 Thread 0x00000245dccf2190 Exception <a 'sun/nio/fs/WindowsException'{0x0000000719ce4210}> (0x0000000719ce4210) 
thrown [t:\workspace\open\src\hotspot\share\prims\jni.cpp, line 516]
Event: 0.722 Thread 0x00000245dccf2190 Exception <a 'sun/nio/fs/WindowsException'{0x0000000719ce44f0}> (0x0000000719ce44f0) 
thrown [t:\workspace\open\src\hotspot\share\prims\jni.cpp, line 516]

VM Operations (14 events):
Event: 0.091 Executing VM operation: HandshakeAllThreads
Event: 0.091 Executing VM operation: HandshakeAllThreads done
Event: 0.195 Executing VM operation: HandshakeAllThreads
Event: 0.195 Executing VM operation: HandshakeAllThreads done
Event: 0.226 Executing VM operation: HandshakeAllThreads
Event: 0.226 Executing VM operation: HandshakeAllThreads done
Event: 0.249 Executing VM operation: HandshakeAllThreads
Event: 0.249 Executing VM operation: HandshakeAllThreads done
Event: 0.344 Executing VM operation: HandshakeAllThreads
Event: 0.344 Executing VM operation: HandshakeAllThreads done
Event: 0.363 Executing VM operation: HandshakeAllThreads
Event: 0.363 Executing VM operation: HandshakeAllThreads done
Event: 0.612 Executing VM operation: G1CollectForAllocation
Event: 0.616 Executing VM operation: G1CollectForAllocation done

Events (20 events):
Event: 0.410 loading class sun/awt/image/IntegerComponentRaster done
Event: 0.410 loading class java/awt/image/IndexColorModel
Event: 0.410 loading class java/awt/image/IndexColorModel done
Event: 0.410 loading class sun/awt/image/ShortComponentRaster
Event: 0.410 loading class sun/awt/image/ShortComponentRaster done
Event: 0.410 loading class com/sun/imageio/plugins/common/ReaderUtil
Event: 0.410 loading class com/sun/imageio/plugins/common/ReaderUtil done
Event: 0.410 loading class java/util/regex/Pattern$SliceI
Event: 0.410 loading class java/util/regex/Pattern$SliceI done
Event: 0.501 Thread 0x0000024580bfe9a0 Thread exited: 0x0000024580bfe9a0
Event: 0.515 Thread 0x0000024581381b00 Thread added: 0x0000024581381b00
Event: 0.673 loading class java/io/FileReader
Event: 0.674 loading class java/io/FileReader done
Event: 0.681 Thread 0x0000024580f65d00 Thread added: 0x0000024580f65d00
Event: 0.683 loading class java/lang/Short$ShortCache
Event: 0.683 loading class java/lang/Short$ShortCache done
Event: 0.691 loading class jdk/internal/misc/ScopedMemoryAccess$Scope
Event: 0.691 loading class jdk/internal/misc/ScopedMemoryAccess$Scope done
Event: 0.701 Loaded shared library C:\Users\sampw\AppData\Local\Temp\lwjgl_sampw\3.3.2+13\x64\lwjgl_stb.dll
Event: 0.719 Loaded shared library C:\Users\sampw\AppData\Local\Temp\lwjgl_sampw\3.3.2+13\x64\lwjgl_opengl.dll


Dynamic libraries:
0x00007ff75e650000 - 0x00007ff75e660000 	C:\Program Files\Java\jdk-17.0.1\bin\java.exe
0x00007fff8db50000 - 0x00007fff8dd66000 	C:\WINDOWS\SYSTEM32\ntdll.dll
0x00007fff8bde0000 - 0x00007fff8bea4000 	C:\WINDOWS\System32\KERNEL32.DLL
0x00007fff8b230000 - 0x00007fff8b5d6000 	C:\WINDOWS\System32\KERNELBASE.dll
0x00007fff8b780000 - 0x00007fff8b891000 	C:\WINDOWS\System32\ucrtbase.dll
0x00007fff658a0000 - 0x00007fff658b8000 	C:\Program Files\Java\jdk-17.0.1\bin\jli.dll
0x00007fff8c080000 - 0x00007fff8c132000 	C:\WINDOWS\System32\ADVAPI32.dll
0x00007fff5ae40000 - 0x00007fff5ae5a000 	C:\Program Files\Java\jdk-17.0.1\bin\VCRUNTIME140.dll
0x00007fff8d640000 - 0x00007fff8d6e7000 	C:\WINDOWS\System32\msvcrt.dll
0x00007fff8bb40000 - 0x00007fff8bbe8000 	C:\WINDOWS\System32\sechost.dll
0x00007fff8b1d0000 - 0x00007fff8b1f8000 	C:\WINDOWS\System32\bcrypt.dll
0x00007fff8ccb0000 - 0x00007fff8cdc5000 	C:\WINDOWS\System32\RPCRT4.dll
0x00007fff8b8a0000 - 0x00007fff8ba4d000 	C:\WINDOWS\System32\USER32.dll
0x00007fff8b200000 - 0x00007fff8b226000 	C:\WINDOWS\System32\win32u.dll
0x00007fff80010000 - 0x00007fff802a3000 	C:\WINDOWS\WinSxS\amd64_microsoft.windows.common-controls_6595b64144ccf1df_6.0.22621.3235_none_270f74e173860f98\COMCTL32.dll
0x00007fff8d6f0000 - 0x00007fff8d719000 	C:\WINDOWS\System32\GDI32.dll
0x00007fff8b5e0000 - 0x00007fff8b6f8000 	C:\WINDOWS\System32\gdi32full.dll
0x00007fff8b130000 - 0x00007fff8b1ca000 	C:\WINDOWS\System32\msvcp_win.dll
0x00007fff81c00000 - 0x00007fff81c0a000 	C:\WINDOWS\SYSTEM32\VERSION.dll
0x00007fff8ba50000 - 0x00007fff8ba81000 	C:\WINDOWS\System32\IMM32.DLL
0x00007fff69290000 - 0x00007fff6929c000 	C:\Program Files\Java\jdk-17.0.1\bin\vcruntime140_1.dll
0x00007fff5a080000 - 0x00007fff5a10d000 	C:\Program Files\Java\jdk-17.0.1\bin\msvcp140.dll
0x00007fff2c9b0000 - 0x00007fff2d56e000 	C:\Program Files\Java\jdk-17.0.1\bin\server\jvm.dll
0x00007fff8cbb0000 - 0x00007fff8cbb8000 	C:\WINDOWS\System32\PSAPI.DLL
0x00007fff7f2c0000 - 0x00007fff7f2f4000 	C:\WINDOWS\SYSTEM32\WINMM.dll
0x00007fff809f0000 - 0x00007fff809f9000 	C:\WINDOWS\SYSTEM32\WSOCK32.dll
0x00007fff8cb30000 - 0x00007fff8cba1000 	C:\WINDOWS\System32\WS2_32.dll
0x00007fff89fc0000 - 0x00007fff89fd8000 	C:\WINDOWS\SYSTEM32\kernel.appcore.dll
0x00007fff66d40000 - 0x00007fff66d4a000 	C:\Program Files\Java\jdk-17.0.1\bin\jimage.dll
0x00007fff88730000 - 0x00007fff88963000 	C:\WINDOWS\SYSTEM32\DBGHELP.DLL
0x00007fff8d720000 - 0x00007fff8daa8000 	C:\WINDOWS\System32\combase.dll
0x00007fff8c5d0000 - 0x00007fff8c6a7000 	C:\WINDOWS\System32\OLEAUT32.dll
0x00007fff78d50000 - 0x00007fff78d82000 	C:\WINDOWS\SYSTEM32\dbgcore.DLL
0x00007fff8b700000 - 0x00007fff8b77a000 	C:\WINDOWS\System32\bcryptPrimitives.dll
0x00007fff5a880000 - 0x00007fff5a8a5000 	C:\Program Files\Java\jdk-17.0.1\bin\java.dll
0x00007fff5a110000 - 0x00007fff5a1e6000 	C:\Program Files\Java\jdk-17.0.1\bin\svml.dll
0x00007fff8cdd0000 - 0x00007fff8d62d000 	C:\WINDOWS\System32\SHELL32.dll
0x00007fff88dc0000 - 0x00007fff896b8000 	C:\WINDOWS\SYSTEM32\windows.storage.dll
0x00007fff88c80000 - 0x00007fff88dbe000 	C:\WINDOWS\SYSTEM32\wintypes.dll
0x00007fff8bf80000 - 0x00007fff8c073000 	C:\WINDOWS\System32\SHCORE.dll
0x00007fff8dab0000 - 0x00007fff8db0e000 	C:\WINDOWS\System32\shlwapi.dll
0x00007fff8adc0000 - 0x00007fff8ade6000 	C:\WINDOWS\SYSTEM32\profapi.dll
0x00007fff5c130000 - 0x00007fff5c149000 	C:\Program Files\Java\jdk-17.0.1\bin\net.dll
0x00007fff84920000 - 0x00007fff84a57000 	C:\WINDOWS\SYSTEM32\WINHTTP.dll
0x00007fff8a440000 - 0x00007fff8a4a9000 	C:\WINDOWS\system32\mswsock.dll
0x00007fff5aa20000 - 0x00007fff5aa35000 	C:\Program Files\Java\jdk-17.0.1\bin\nio.dll
0x00007fff5a860000 - 0x00007fff5a878000 	C:\Program Files\Java\jdk-17.0.1\bin\zip.dll
0x00007fff66200000 - 0x00007fff66210000 	C:\Program Files\Java\jdk-17.0.1\bin\verify.dll
0x00007fff69b60000 - 0x00007fff69bda000 	C:\Users\sampw\AppData\Local\Temp\lwjgl_sampw\3.3.2+13\x64\lwjgl.dll
0x00007fff43790000 - 0x00007fff43a00000 	C:\Users\sampw\AppData\Local\Temp\lwjgl_sampw\3.3.2+13\x64\jemalloc.dll
0x00007fff58620000 - 0x00007fff587af000 	C:\Program Files\Java\jdk-17.0.1\bin\awt.dll
0x00007fff87cc0000 - 0x00007fff87d57000 	C:\WINDOWS\SYSTEM32\apphelp.dll
0x00007fff69ad0000 - 0x00007fff69b52000 	C:\Users\sampw\AppData\Local\Temp\lwjgl_sampw\3.3.2+13\x64\lwjgl_stb.dll
0x00007fff61ec0000 - 0x00007fff61f1e000 	C:\Users\sampw\AppData\Local\Temp\lwjgl_sampw\3.3.2+13\x64\lwjgl_opengl.dll
0x00007fff58260000 - 0x00007fff58360000 	C:\WINDOWS\SYSTEM32\opengl32.dll
0x00007fff5a050000 - 0x00007fff5a07d000 	C:\WINDOWS\SYSTEM32\GLU32.dll
0x00007fff88100000 - 0x00007fff88139000 	C:\WINDOWS\SYSTEM32\dxcore.dll

dbghelp: loaded successfully - version: 4.0.5 - missing functions: none
symbol engine: initialized successfully - sym options: 0x614 - pdb path: .;C:\Program Files\Java\jdk-17.0.1\bin;C:\WINDOWS\SYSTEM32;C:\WINDOWS\WinSxS\amd64_microsoft.windows.common-controls_6595b64144ccf1df_6.0.22621.3235_none_270f74e173860f98;C:\Program Files\Java\jdk-17.0.1\bin\server;C:\Users\sampw\AppData\Local\Temp\lwjgl_sampw\3.3.2+13\x64

VM Arguments:
java_command: com.xbuilders.GreedyMeshTester devmode
java_class_path (initial): C:\Local Files\Java\Projects\Xbuilders\Xbuilders\target\classes;C:\Users\sampw\.m2\repository\com\google\code\gson\gson\2.10.1\gson-2.10.1.jar;C:\Users\sampw\.m2\repository\org\lwjgl\lwjgl\3.3.2\lwjgl-3.3.2.jar;C:\Users\sampw\.m2\repository\org\lwjgl\lwjgl-assimp\3.3.2\lwjgl-assimp-3.3.2.jar;C:\Users\sampw\.m2\repository\org\lwjgl\lwjgl-bgfx\3.3.2\lwjgl-bgfx-3.3.2.jar;C:\Users\sampw\.m2\repository\org\lwjgl\lwjgl-cuda\3.3.2\lwjgl-cuda-3.3.2.jar;C:\Users\sampw\.m2\repository\org\lwjgl\lwjgl-egl\3.3.2\lwjgl-egl-3.3.2.jar;C:\Users\sampw\.m2\repository\org\lwjgl\lwjgl-fmod\3.3.2\lwjgl-fmod-3.3.2.jar;C:\Users\sampw\.m2\repository\org\lwjgl\lwjgl-freetype\3.3.2\lwjgl-freetype-3.3.2.jar;C:\Users\sampw\.m2\repository\org\lwjgl\lwjgl-glfw\3.3.2\lwjgl-glfw-3.3.2.jar;C:\Users\sampw\.m2\repository\org\lwjgl\lwjgl-harfbuzz\3.3.2\lwjgl-harfbuzz-3.3.2.jar;C:\Users\sampw\.m2\repository\org\lwjgl\lwjgl-hwloc\3.3.2\lwjgl-hwloc-3.3.2.jar;C:\Users\sampw\.m2\repository\org\lwjgl\lwjgl-jawt\3.3.2\lwjgl-jawt-3.3.2.jar;C:\Users\sampw\.m2\repository\org\lwjgl\lwjgl-jemalloc\3.3.2\lwjgl-jemalloc-3.3.2.jar;C:\Users\sampw\.m2\repository\org\lwjgl\lwjgl-ktx\3.3.2\lwjgl-ktx-3.3.2.jar;C:\Users\sampw\.m2\repository\org\lwjgl\lwjgl-libdivide\3.3.2\lwjgl-libdivide-3.3.2.jar;C:\Users\sampw\.m2\repository\org\lwjgl\lwjgl-llvm\3.3.2\lwjgl-llvm-3.3.2.jar;C:\Users\sampw\.m2\repository\org\lwjgl\lwjgl-lmdb\3.3.2\lwjgl-lmdb-3.3.2.jar;C:\Users\sampw\.m2\repository\org\lwjgl\lwjgl-lz4\3.3.2\lwjgl-lz4-3.3.2.jar;C:\Users\sampw\.m2\repository\org\lwjgl\lwjgl-meow\3.3.2\lwjgl-meow-3.3.2.jar;C:\Users\sampw\.m2\repository\org\lwjgl\lwjgl-meshoptimizer\3.3.2\lwjgl-meshoptimizer-3.3.2.jar;C:\Users\sampw\.m2\repository\org\lwjgl\lwjgl-nanovg\3.3.2\lwjgl-nanovg-3.3.2.jar;C:\Users\sampw\.m2\repository\org\lwjgl\lwjgl-nfd\3.3.2\lwjgl-nfd-3.3.2.jar;C:\Users\sampw\.m2\repository\org\lwjgl\lwjgl-nuklear\3.3.2\lwjgl-nuklear-3.3.2.jar;C:\Users\sampw\.m2\repository\org\lwjgl\lwjgl-odbc\3.3.2\lwjgl
Launcher Type: SUN_STANDARD

[Global flags]
     intx CICompilerCount                          = 12                                        {product} {ergonomic}
     uint ConcGCThreads                            = 3                                         {product} {ergonomic}
     uint G1ConcRefinementThreads                  = 13                                        {product} {ergonomic}
   size_t G1HeapRegionSize                         = 2097152                                   {product} {ergonomic}
    uintx GCDrainStackTargetSize                   = 64                                        {product} {ergonomic}
   size_t InitialHeapSize                          = 257949696                                 {product} {ergonomic}
   size_t MarkStackSize                            = 4194304                                   {product} {ergonomic}
   size_t MaxHeapSize                              = 4114612224                                {product} {ergonomic}
   size_t MaxNewSize                               = 2468347904                                {product} {ergonomic}
   size_t MinHeapDeltaBytes                        = 2097152                                   {product} {ergonomic}
   size_t MinHeapSize                              = 8388608                                   {product} {ergonomic}
    uintx NonNMethodCodeHeapSize                   = 7602480                                {pd product} {ergonomic}
    uintx NonProfiledCodeHeapSize                  = 122027880                              {pd product} {ergonomic}
    uintx ProfiledCodeHeapSize                     = 122027880                              {pd product} {ergonomic}
    uintx ReservedCodeCacheSize                    = 251658240                              {pd product} {ergonomic}
     bool SegmentedCodeCache                       = true                                      {product} {ergonomic}
   size_t SoftMaxHeapSize                          = 4114612224                             {manageable} {ergonomic}
     bool UseCompressedClassPointers               = true                           {product lp64_product} {ergonomic}
     bool UseCompressedOops                        = true                           {product lp64_product} {ergonomic}
     bool UseG1GC                                  = true                                      {product} {ergonomic}
     bool UseLargePagesIndividualAllocation        = false                                  {pd product} {ergonomic}

Logging:
Log output configuration:
 #0: stdout all=warning uptime,level,tags
 #1: stderr all=off uptime,level,tags

Environment Variables:
JAVA_HOME=C:\Program Files\Java\jdk-17.0.1
PATH=C:\Program Files\Common Files\Oracle\Java\javapath;C:\WINDOWS\system32;C:\WINDOWS;C:\WINDOWS\System32\Wbem;C:\WINDOWS\System32\WindowsPowerShell\v1.0\;C:\WINDOWS\System32\OpenSSH\;C:\Program Files\PuTTY\;C:\Program Files\nodejs\;C:\Program Files\Java\jdk-16.0.1\bin;C:\Program Files\Apache Software Foundation\apache-maven-3.8.1\bin;C:\Program Files\Git\cmd;C:\Program Files\dotnet\;C:\Program Files (x86)\Windows Kits\10\Windows Performance Toolkit\;C:\Users\sampw\AppData\Local\Microsoft\WindowsApps;C:\Users\sampw\AppData\Local\GitHubDesktop\bin;C:\Users\sampw\AppData\Local\Programs\Microsoft VS Code\bin;C:\Users\sampw\AppData\Roaming\npm;C:\Program Files (x86)\mingw-w64\i686-8.1.0-posix-dwarf-rt_v6-rev0\mingw32\bin;C:\Users\sampw\anaconda3;C:\Program Files\heroku\bin;C:\Programs\Program Downloads\ffmpeg-N-102431-gf140239777-win64-gpl-shared\bin;C:\Users\sampw\AppData\Local\Packages\PythonSoftwareFoundation.Python.3.9_qbz5n2kfra8p0\LocalCache\local-packages\Python39\Scripts;C:\Programs\apache-ant-1.10.13\bin;C:\Program Files\Microsoft Visual Studio\2022\Community\Common7\IDE\CommonExtensions\Microsoft\CMake\CMake\bin\;;C:\Program Files\JetBrains\IntelliJ IDEA Community Edition 2023.3.2\bin;
USERNAME=sampw
OS=Windows_NT
PROCESSOR_IDENTIFIER=AMD64 Family 23 Model 104 Stepping 1, AuthenticAMD



---------------  S Y S T E M  ---------------

OS:
 Windows 10 , 64 bit Build 22621 (10.0.22621.3235)
OS uptime: 2 days 23:30 hours
Hyper-V role detected

CPU: total 16 (initial active 16) (16 cores per cpu, 2 threads per core) family 23 model 104 stepping 1 microcode 0x0, cx8, cmov, fxsr, ht, mmx, 3dnowpref, sse, sse2, sse3, ssse3, sse4a, sse4.1, sse4.2, popcnt, lzcnt, tsc, tscinvbit, avx, avx2, aes, clmul, bmi1, bmi2, adx, sha, fma, vzeroupper, clflush, clflushopt, hv

Memory: 4k page, system-wide physical 15695M (6822M free)
TotalPageFile size 31391M (AvailPageFile size 19201M)
current process WorkingSet (physical memory assigned to process): 78M, peak: 78M
current process commit charge ("private bytes"): 375M, peak: 376M

vm_info: Java HotSpot(TM) 64-Bit Server VM (17.0.1+12-LTS-39) for windows-amd64 JRE (17.0.1+12-LTS-39), built on Sep 27 2021 18:41:35 by "mach5one" with MS VC++ 16.8 (VS2019)

END.
