#
# A fatal error has been detected by the Java Runtime Environment:
#
#  EXCEPTION_ACCESS_VIOLATION (0xc0000005) at pc=0x00007ffe4218cbad, pid=9684, tid=20568
#
# JRE version: OpenJDK Runtime Environment Corretto-17.0.12.7.1 (17.0.12+7) (build 17.0.12+7-LTS)
# Java VM: OpenJDK 64-Bit Server VM Corretto-17.0.12.7.1 (17.0.12+7-LTS, mixed mode, sharing, tiered, compressed oops, compressed class ptrs, g1 gc, windows-amd64)
# Problematic frame:
# C  [lwjgl_nuklear.dll+0x1cbad]
#
# No core dump will be written. Minidumps are not enabled by default on client versions of Windows
#
# If you would like to submit a bug report, please visit:
#   https://github.com/corretto/corretto-17/issues/
# The crash happened outside the Java Virtual Machine in native code.
# See problematic frame for where to report the bug.
#

---------------  S U M M A R Y ------------

Command Line: -javaagent:C:\Program Files\JetBrains\IntelliJ IDEA Community Edition 2024.1.4\lib\idea_rt.jar=60230:C:\Program Files\JetBrains\IntelliJ IDEA Community Edition 2024.1.4\bin -Dfile.encoding=UTF-8 com.xbuilders.game.Main devmode

Host: AMD Ryzen 7 5700U with Radeon Graphics         , 16 cores, 15G,  Windows 11 , 64 bit Build 22621 (10.0.22621.3958)
Time: Wed Jul 31 20:08:34 2024 Mountain Daylight Time elapsed time: 13.946634 seconds (0d 0h 0m 13s)

---------------  T H R E A D  ---------------

Current thread (0x000001faf8c65fc0):  JavaThread "main" [_thread_in_native, id=20568, stack(0x0000008195900000,0x0000008195a00000)]

Stack: [0x0000008195900000,0x0000008195a00000],  sp=0x00000081959fec40,  free space=1019k
Native frames: (J=compiled Java code, j=interpreted, Vv=VM code, C=native code)
C  [lwjgl_nuklear.dll+0x1cbad]

Java frames: (J=compiled Java code, j=interpreted, Vv=VM code)
j  org.lwjgl.nuklear.Nuklear.nnk_group_end(J)V+0
j  org.lwjgl.nuklear.Nuklear.nk_group_end(Lorg/lwjgl/nuklear/NkContext;)V+4
j  com.xbuilders.game.blockTools.BlockToolPallete.palleteGroup(Lorg/lwjgl/system/MemoryStack;Lorg/lwjgl/nuklear/NkRect;)V+317
j  com.xbuilders.game.blockTools.BlockToolPallete.draw(Lorg/lwjgl/system/MemoryStack;)V+165
j  com.xbuilders.game.blockTools.BlockTools.draw(Lorg/lwjgl/system/MemoryStack;)V+136
j  com.xbuilders.game.MyGame.uiDraw(Lorg/lwjgl/system/MemoryStack;)V+23
j  com.xbuilders.engine.ui.gameScene.GameUI.draw()V+71
j  com.xbuilders.engine.gameScene.GameScene.render()V+188
J 4492 c1 com.xbuilders.game.Main.render()V (22 bytes) @ 0x000001fa88256144 [0x000001fa88256060+0x00000000000000e4]
j  com.xbuilders.game.Main.<init>()V+321
j  com.xbuilders.game.Main.main([Ljava/lang/String;)V+222
v  ~StubRoutines::call_stub

siginfo: EXCEPTION_ACCESS_VIOLATION (0xc0000005), reading address 0x0000000000000044


Registers:
RAX=0x00000081959fec70, RBX=0x000001fae319d520, RCX=0x0000000000000000, RDX=0x0000000000000010
RSP=0x00000081959fec40, RBP=0x00000081959fed40, RSI=0x000001faed420410, RDI=0x000001faed420a10
R8 =0x00000000000000c8, R9 =0x00000000000000e0, R10=0x00007ffe42170000, R11=0x00007ffe421ac511
R12=0x0000000000000000, R13=0x000001faded16c80, R14=0x000001faed420478, R15=0x0000000000000000
RIP=0x00007ffe4218cbad, EFLAGS=0x0000000000010202


Register to memory mapping:

RIP=0x00007ffe4218cbad lwjgl_nuklear.dll
RAX=0x00000081959fec70 is pointing into the stack for thread: 0x000001faf8c65fc0
RBX=0x000001fae319d520 points into unknown readable memory: 0x0000000000000000 | 00 00 00 00 00 00 00 00
RCX=0x0 is NULL
RDX=0x0000000000000010 is an unknown value
RSP=0x00000081959fec40 is pointing into the stack for thread: 0x000001faf8c65fc0
RBP=0x00000081959fed40 is pointing into the stack for thread: 0x000001faf8c65fc0
RSI=0x000001faed420410 points into unknown readable memory: 0x54ffb98400000167 | 67 01 00 00 84 b9 ff 54
RDI=0x000001faed420a10 points into unknown readable memory: 0x0000002000000001 | 01 00 00 00 20 00 00 00
R8 =0x00000000000000c8 is an unknown value
R9 =0x00000000000000e0 is an unknown value
R10=0x00007ffe42170000 lwjgl_nuklear.dll
R11=0x00007ffe421ac511 lwjgl_nuklear.dll
R12=0x0 is NULL
R13={method} {0x000001faded16c88} 'nnk_group_end' '(J)V' in 'org/lwjgl/nuklear/Nuklear'
R14=0x000001faed420478 points into unknown readable memory: 0x000001fae319f850 | 50 f8 19 e3 fa 01 00 00
R15=0x0 is NULL


Top of Stack: (sp=0x00000081959fec40)
0x00000081959fec40:   000001faf8c664b0 00007ffdc6fb35e1
0x00000081959fec50:   000001faf8c668a8 000001faf8c65fc0
0x00000081959fec60:   000001faf8c664b0 0000000000000001
0x00000081959fec70:   0000000000000000 0000000000000000
0x00000081959fec80:   0000000000000000 0000000000000000
0x00000081959fec90:   0000000000000000 0000000000000000
0x00000081959feca0:   0000000000000000 0000000000000000
0x00000081959fecb0:   0000000000000000 4335000000000020
0x00000081959fecc0:   43c2000043898000 0000000042c80000
0x00000081959fecd0:   0000000000000000 000001fae319f850
0x00000081959fece0:   4389800043390000 42c8000043be0000
0x00000081959fecf0:   0000000000000001 0000000000000000
0x00000081959fed00:   00000000000000b0 00000000000000f8
0x00000081959fed10:   00000000000000d8 000001faed420a10
0x00000081959fed20:   0000000000000000 0000000000000000
0x00000081959fed30:   0000000000000000 0000000000000000
0x00000081959fed40:   0000000000000000 0000000000000000
0x00000081959fed50:   0000000000000000 0000000000000000
0x00000081959fed60:   0000000000000000 0000000000000000
0x00000081959fed70:   0000000000000000 0000000000000000
0x00000081959fed80:   0000000000000000 0000000000000000
0x00000081959fed90:   0000000000000000 0000000000000000
0x00000081959feda0:   0000000000000000 0000000000000000
0x00000081959fedb0:   0000000000000000 0000000000000000
0x00000081959fedc0:   0000000000000000 0000000000000000
0x00000081959fedd0:   0000000000000000 0000000000000000
0x00000081959fede0:   0000000000000000 0000000000000000
0x00000081959fedf0:   0000000000000000 0000000000000000
0x00000081959fee00:   0000000000000000 0000000000000000
0x00000081959fee10:   0000000000000000 0000000000000000
0x00000081959fee20:   0000000000000000 0000000000000000
0x00000081959fee30:   0000000000000000 0000000000000000 

Instructions: (pc=0x00007ffe4218cbad)
0x00007ffe4218caad:   f3 0f 10 6f 08 f3 0f 5c ee f3 0f 11 6c 24 7c f3
0x00007ffe4218cabd:   0f 58 5f 10 f3 0f 11 5d 84 f3 0f 10 57 14 f3 0f
0x00007ffe4218cacd:   58 57 38 f3 0f 58 57 60 f3 0f 11 55 88 f6 47 04
0x00007ffe4218cadd:   01 74 3f f3 0f 5c 6f 3c f3 0f 11 6c 24 7c f3 0f
0x00007ffe4218caed:   5c 67 3c f3 0f 11 65 80 f3 0f 10 47 3c f3 0f 58
0x00007ffe4218cafd:   c0 f3 0f 58 c3 f3 0f 11 45 84 0f 28 d8 f3 0f 10
0x00007ffe4218cb0d:   4f 3c f3 0f 58 c9 f3 0f 58 ca f3 0f 11 4d 88 0f
0x00007ffe4218cb1d:   28 d1 f6 47 04 20 75 1a f3 0f 58 9b e4 22 00 00
0x00007ffe4218cb2d:   f3 0f 58 93 e8 22 00 00 f3 0f 11 5d 84 f3 0f 11
0x00007ffe4218cb3d:   55 88 48 8b 47 18 4c 8d 76 68 44 0f 28 cd f3 0f
0x00007ffe4218cb4d:   58 dd f3 0f 58 d4 44 0f 28 d4 8b 08 89 4d 8c 48
0x00007ffe4218cb5d:   8b 47 20 f3 0f 58 d6 0f 57 f6 8b 08 89 4d 90 8b
0x00007ffe4218cb6d:   47 04 89 44 24 78 48 8d 44 24 30 41 0f 10 06 0f
0x00007ffe4218cb7d:   11 45 98 41 0f 10 4e 10 0f 11 4d a8 41 0f 10 46
0x00007ffe4218cb8d:   20 0f 11 45 b8 41 0f 10 4e 30 48 89 7d d8 48 89
0x00007ffe4218cb9d:   b5 00 01 00 00 0f 11 4d c8 48 89 83 b8 45 00 00
0x00007ffe4218cbad:   f3 45 0f 10 47 44 f3 41 0f 10 7f 48 f3 45 0f 5f
0x00007ffe4218cbbd:   c8 f3 45 0f 58 47 4c f3 44 0f 5f d7 f3 41 0f 58
0x00007ffe4218cbcd:   7f 50 f3 44 0f 5d c3 f3 0f 5d fa f3 45 0f 5c c1
0x00007ffe4218cbdd:   f3 41 0f 5c fa 44 0f 2f c6 77 04 45 0f 57 c0 0f
0x00007ffe4218cbed:   2f fe 77 03 0f 57 ff ba 01 00 00 00 f3 44 0f 11
0x00007ffe4218cbfd:   4d a0 48 8d 4d 98 f3 44 0f 11 55 a4 f3 44 0f 11
0x00007ffe4218cc0d:   45 a8 f3 0f 11 7d ac 44 8d 42 1f e8 b3 6f fe ff
0x00007ffe4218cc1d:   48 8b d0 48 85 c0 74 2c f3 41 0f 2c c9 f3 44 0f
0x00007ffe4218cc2d:   5f c6 66 89 48 18 f3 0f 5f fe f3 41 0f 2c ca 66
0x00007ffe4218cc3d:   89 48 1a f3 41 0f 2c c8 66 89 48 1c f3 0f 2c c7
0x00007ffe4218cc4d:   66 89 42 1e 48 8b 83 b8 45 00 00 48 85 c0 74 43
0x00007ffe4218cc5d:   48 8b 88 a8 00 00 00 48 85 c9 74 2c 83 39 01 75
0x00007ffe4218cc6d:   09 f7 40 48 00 20 00 00 75 1e 48 8b cb e8 d1 a9
0x00007ffe4218cc7d:   ff ff 48 8b 93 b8 45 00 00 48 8b cb 48 8b 92 a8
0x00007ffe4218cc8d:   00 00 00 e8 9b 95 ff ff 48 c7 83 b8 45 00 00 00
0x00007ffe4218cc9d:   00 00 00 0f 10 45 98 41 0f 11 06 0f 10 4d a8 41 


Stack slot to memory mapping:
stack at sp + 0 slots: 0x000001faf8c664b0 points into unknown readable memory: 0x000001faf1987264 | 64 72 98 f1 fa 01 00 00
stack at sp + 1 slots: 0x00007ffdc6fb35e1 jvm.dll
stack at sp + 2 slots: 0x000001faf8c668a8 points into unknown readable memory: 0x000000071cf2cd80 | 80 cd f2 1c 07 00 00 00
stack at sp + 3 slots: 0x000001faf8c65fc0 is a thread
stack at sp + 4 slots: 0x000001faf8c664b0 points into unknown readable memory: 0x000001faf1987264 | 64 72 98 f1 fa 01 00 00
stack at sp + 5 slots: 0x0000000000000001 is an unknown value
stack at sp + 6 slots: 0x0 is NULL
stack at sp + 7 slots: 0x0 is NULL


Compiled method (c1)   14026 4492       3       com.xbuilders.game.Main::render (22 bytes)
 total in heap  [0x000001fa88255e90,0x000001fa88256368] = 1240
 relocation     [0x000001fa88255fe8,0x000001fa88256048] = 96
 main code      [0x000001fa88256060,0x000001fa88256240] = 480
 stub code      [0x000001fa88256240,0x000001fa88256298] = 88
 oops           [0x000001fa88256298,0x000001fa882562a0] = 8
 metadata       [0x000001fa882562a0,0x000001fa882562b8] = 24
 scopes data    [0x000001fa882562b8,0x000001fa882562d8] = 32
 scopes pcs     [0x000001fa882562d8,0x000001fa88256348] = 112
 dependencies   [0x000001fa88256348,0x000001fa88256350] = 8
 nul chk table  [0x000001fa88256350,0x000001fa88256368] = 24

[Constant Pool (empty)]

[MachCode]
[Entry Point]
  # {method} {0x000001fade406d58} 'render' '()V' in 'com/xbuilders/game/Main'
  #           [sp+0x40]  (sp of caller)
  0x000001fa88256060: 448b 5208 | 49bb 0000 | 009d fa01 | 0000 4d03 | d34c 3bd0 

  0x000001fa88256074: ;   {runtime_call ic_miss_stub}
  0x000001fa88256074: 0f85 06b0 | cb06 660f | 1f44 0000 
[Verified Entry Point]
  0x000001fa88256080: 8984 2400 | 90ff ff55 | 4883 ec30 

  0x000001fa8825608c: ;   {metadata(method data for {method} {0x000001fade406d58} 'render' '()V' in 'com/xbuilders/game/Main')}
  0x000001fa8825608c: 48be d0af | 84df fa01 | 0000 8bbe | cc00 0000 | 83c7 0289 | becc 0000 | 0081 e7fe | 0700 0083 
  0x000001fa882560ac: ff00 0f84 | 0b01 0000 

  0x000001fa882560b4: ;   {oop(a 'java/lang/Class'{0x000000070ad42be0} = 'com/xbuilders/game/Main')}
  0x000001fa882560b4: 48ba e02b | d40a 0700 | 0000 0fbe | 92a8 0000 | 0083 fa00 

  0x000001fa882560c8: ;   {metadata(method data for {method} {0x000001fade406d58} 'render' '()V' in 'com/xbuilders/game/Main')}
  0x000001fa882560c8: 48ba d0af | 84df fa01 | 0000 48be | 1001 0000 | 0000 0000 | 0f84 0a00 | 0000 48be | 2001 0000 
  0x000001fa882560e8: 0000 0000 | 488b 3c32 | 488d 7f01 | 4889 3c32 | 0f84 6900 

  0x000001fa882560fc: ;   {oop(a 'java/lang/Class'{0x000000070ad42be0} = 'com/xbuilders/game/Main')}
  0x000001fa882560fc: 0000 48ba | e02b d40a | 0700 0000 | 8b92 8c00 | 0000 48c1 | e203 483b | 0248 8bf2 

  0x000001fa88256118: ;   {metadata(method data for {method} {0x000001fade406d58} 'render' '()V' in 'com/xbuilders/game/Main')}
  0x000001fa88256118: 48bf d0af | 84df fa01 

  0x000001fa88256120: ;   {metadata('com/xbuilders/engine/gameScene/GameScene')}
  0x000001fa88256120: 0000 49ba | a069 129e | fa01 0000 | 4c89 9740 | 0100 0048 | 8387 4801 | 0000 010f 

  0x000001fa8825613c: ;   {optimized virtual_call}
  0x000001fa8825613c: 1f40 00e8 

  0x000001fa88256140: ; ImmutableOopMap {}
                      ;*invokevirtual render {reexecute=0 rethrow=0 return_oop=0}
                      ; - com.xbuilders.game.Main::render@9 (line 250)
  0x000001fa88256140: 0101 0000 

  0x000001fa88256144: ;   {metadata(method data for {method} {0x000001fade406d58} 'render' '()V' in 'com/xbuilders/game/Main')}
  0x000001fa88256144: 48ba d0af | 84df fa01 | 0000 ff82 | 6801 0000 | 4883 c430 

  0x000001fa88256158: ;   {poll_return}
  0x000001fa88256158: 5d49 3ba7 | 5003 0000 | 0f87 7f00 

  0x000001fa88256164: ;   {oop(a 'java/lang/Class'{0x000000070ad42be0} = 'com/xbuilders/game/Main')}
  0x000001fa88256164: 0000 c348 | bae0 2bd4 | 0a07 0000 | 008b 9288 | 0000 0048 | c1e2 0348 | 3b02 488b 

  0x000001fa88256180: ;   {metadata(method data for {method} {0x000001fade406d58} 'render' '()V' in 'com/xbuilders/game/Main')}
  0x000001fa88256180: f248 bfd0 | af84 dffa 

  0x000001fa88256188: ;   {metadata('com/xbuilders/engine/ui/topMenu/TopMenu')}
  0x000001fa88256188: 0100 0049 | ba68 9f12 | 9efa 0100 | 004c 8997 | 9001 0000 | 4883 8798 | 0100 0001 

  0x000001fa882561a4: ;   {optimized virtual_call}
  0x000001fa882561a4: 6666 90e8 

  0x000001fa882561a8: ; ImmutableOopMap {}
                      ;*invokevirtual render {reexecute=0 rethrow=0 return_oop=0}
                      ; - com.xbuilders.game.Main::render@18 (line 252)
  0x000001fa882561a8: d4b1 cb06 | 4883 c430 

  0x000001fa882561b0: ;   {poll_return}
  0x000001fa882561b0: 5d49 3ba7 | 5003 0000 | 0f87 4200 

  0x000001fa882561bc: ;   {metadata({method} {0x000001fade406d58} 'render' '()V' in 'com/xbuilders/game/Main')}
  0x000001fa882561bc: 0000 c349 | ba50 6d40 | defa 0100 | 004c 8954 | 2408 48c7 | 0424 ffff 

  0x000001fa882561d4: ;   {runtime_call counter_overflow Runtime1 stub}
  0x000001fa882561d4: ffff e8a5 

  0x000001fa882561d8: ; ImmutableOopMap {rdx=Oop }
                      ;*synchronization entry
                      ; - com.xbuilders.game.Main::render@-1 (line 249)
  0x000001fa882561d8: 3ed6 06e9 | d4fe ffff 

  0x000001fa882561e0: ;   {runtime_call throw_null_pointer_exception Runtime1 stub}
  0x000001fa882561e0: e8bb ead5 

  0x000001fa882561e4: ; ImmutableOopMap {rdx=Oop }
                      ;*invokevirtual render {reexecute=0 rethrow=0 return_oop=0}
                      ; - com.xbuilders.game.Main::render@9 (line 250)
                      ;   {internal_word}
  0x000001fa882561e4: 0649 ba59 | 6125 88fa | 0100 004d | 8997 6803 

  0x000001fa882561f4: ;   {runtime_call SafepointBlob}
  0x000001fa882561f4: 0000 e905 

  0x000001fa882561f8: ;   {runtime_call throw_null_pointer_exception Runtime1 stub}
  0x000001fa882561f8: 18cc 06e8 

  0x000001fa882561fc: ; ImmutableOopMap {rdx=Oop }
                      ;*invokevirtual render {reexecute=0 rethrow=0 return_oop=0}
                      ; - com.xbuilders.game.Main::render@18 (line 252)
  0x000001fa882561fc: a0ea d506 

  0x000001fa88256200: ;   {internal_word}
  0x000001fa88256200: 49ba b161 | 2588 fa01 | 0000 4d89 | 9768 0300 

  0x000001fa88256210: ;   {runtime_call SafepointBlob}
  0x000001fa88256210: 00e9 ea17 | cc06 9090 | 498b 87e0 | 0300 0049 | c787 e003 | 0000 0000 | 0000 49c7 | 87e8 0300 
  0x000001fa88256230: 0000 0000 | 0048 83c4 

  0x000001fa88256238: ;   {runtime_call unwind_exception Runtime1 stub}
  0x000001fa88256238: 305d e9c1 | 0acd 06f4 
[Stub Code]
  0x000001fa88256240: ;   {no_reloc}
  0x000001fa88256240: 0f1f 4400 

  0x000001fa88256244: ;   {static_stub}
  0x000001fa88256244: 0048 bbc0 | b0a9 defa 

  0x000001fa8825624c: ;   {runtime_call I2C/C2I adapters}
  0x000001fa8825624c: 0100 00e9 | 05fb cb06 

  0x000001fa88256254: ;   {static_stub}
  0x000001fa88256254: 9048 bb00 | 0000 0000 

  0x000001fa8825625c: ;   {runtime_call}
  0x000001fa8825625c: 0000 00e9 | fbff ffff 
[Exception Handler]
  0x000001fa88256264: ;   {runtime_call handle_exception_from_callee Runtime1 stub}
  0x000001fa88256264: e817 0bd6 

  0x000001fa88256268: ;   {external_word}
  0x000001fa88256268: 0648 b930 | ca28 c7fd | 7f00 0048 

  0x000001fa88256274: ;   {runtime_call}
  0x000001fa88256274: 83e4 f049 | ba40 48f1 | c6fd 7f00 | 0041 ffd2 

  0x000001fa88256284: ;   {section_word}
  0x000001fa88256284: f449 ba85 | 6225 88fa | 0100 0041 

  0x000001fa88256290: ;   {runtime_call DeoptimizationBlob}
  0x000001fa88256290: 52e9 0a0a | cc06 f4f4 
[/MachCode]


---------------  P R O C E S S  ---------------

Threads class SMR info:
_java_thread_list=0x000001fb05f8bbe0, length=32, elements={
0x000001faf8c65fc0, 0x000001fa9c7cee30, 0x000001fa9c7cfab0, 0x000001fa9c7de390,
0x000001fa9c7df010, 0x000001fa9c7df9d0, 0x000001fa9c7e0390, 0x000001fa9c7e1130,
0x000001fa9c7e2bf0, 0x000001fa9c7eeb00, 0x000001faff7c4bd0, 0x000001fa9c8f1d70,
0x000001fae23847f0, 0x000001fae2384cd0, 0x000001fae27f69f0, 0x000001fae2e3f750,
0x000001faf65c75a0, 0x000001faf64cbd70, 0x000001fb05e229c0, 0x000001fae3202b10,
0x000001fae3203a40, 0x000001fae3204460, 0x000001fae3200cb0, 0x000001fae32016d0,
0x000001fae3201be0, 0x000001fae32020f0, 0x000001fb0644fa70, 0x000001fb0644c7d0,
0x000001fb06450490, 0x000001fb0644d1f0, 0x000001fb064522f0, 0x000001faf65c9580
}

Java Threads: ( => current thread )
=>0x000001faf8c65fc0 JavaThread "main" [_thread_in_native, id=20568, stack(0x0000008195900000,0x0000008195a00000)]
  0x000001fa9c7cee30 JavaThread "Reference Handler" daemon [_thread_blocked, id=11004, stack(0x0000008196000000,0x0000008196100000)]
  0x000001fa9c7cfab0 JavaThread "Finalizer" daemon [_thread_blocked, id=3336, stack(0x0000008196100000,0x0000008196200000)]
  0x000001fa9c7de390 JavaThread "Signal Dispatcher" daemon [_thread_blocked, id=17684, stack(0x0000008196200000,0x0000008196300000)]
  0x000001fa9c7df010 JavaThread "Attach Listener" daemon [_thread_blocked, id=20324, stack(0x0000008196300000,0x0000008196400000)]
  0x000001fa9c7df9d0 JavaThread "Service Thread" daemon [_thread_blocked, id=18140, stack(0x0000008196400000,0x0000008196500000)]
  0x000001fa9c7e0390 JavaThread "Monitor Deflation Thread" daemon [_thread_blocked, id=13516, stack(0x0000008196500000,0x0000008196600000)]
  0x000001fa9c7e1130 JavaThread "C2 CompilerThread0" daemon [_thread_blocked, id=17800, stack(0x0000008196600000,0x0000008196700000)]
  0x000001fa9c7e2bf0 JavaThread "C1 CompilerThread0" daemon [_thread_blocked, id=15624, stack(0x0000008196700000,0x0000008196800000)]
  0x000001fa9c7eeb00 JavaThread "Sweeper thread" daemon [_thread_blocked, id=12596, stack(0x0000008196800000,0x0000008196900000)]
  0x000001faff7c4bd0 JavaThread "Common-Cleaner" daemon [_thread_blocked, id=19956, stack(0x0000008196900000,0x0000008196a00000)]
  0x000001fa9c8f1d70 JavaThread "C1 CompilerThread1" daemon [_thread_blocked, id=15952, stack(0x0000008196a00000,0x0000008196b00000)]
  0x000001fae23847f0 JavaThread "Monitor Ctrl-Break" daemon [_thread_in_native, id=7008, stack(0x0000008196f00000,0x0000008197000000)]
  0x000001fae2384cd0 JavaThread "Notification Thread" daemon [_thread_blocked, id=10660, stack(0x0000008197000000,0x0000008197100000)]
  0x000001fae27f69f0 JavaThread "Java2D Disposer" daemon [_thread_blocked, id=3236, stack(0x0000008197200000,0x0000008197300000)]
  0x000001fae2e3f750 JavaThread "AWT-Windows" daemon [_thread_in_native, id=11960, stack(0x0000008197400000,0x0000008197500000)]
  0x000001faf65c75a0 JavaThread "C1 CompilerThread2" daemon [_thread_blocked, id=15344, stack(0x0000008198f00000,0x0000008199000000)]
  0x000001faf64cbd70 JavaThread "Generation Thread" daemon [_thread_blocked, id=9136, stack(0x0000008199100000,0x0000008199200000)]
  0x000001fb05e229c0 JavaThread "Generation Thread" daemon [_thread_blocked, id=6520, stack(0x0000008199200000,0x0000008199300000)]
  0x000001fae3202b10 JavaThread "Generation Thread" daemon [_thread_blocked, id=18284, stack(0x0000008199000000,0x0000008199100000)]
  0x000001fae3203a40 JavaThread "Generation Thread" daemon [_thread_blocked, id=11484, stack(0x0000008199300000,0x0000008199400000)]
  0x000001fae3204460 JavaThread "Generation Thread" daemon [_thread_blocked, id=2368, stack(0x0000008199400000,0x0000008199500000)]
  0x000001fae3200cb0 JavaThread "Generation Thread" daemon [_thread_blocked, id=3920, stack(0x0000008199500000,0x0000008199600000)]
  0x000001fae32016d0 JavaThread "Generation Thread" daemon [_thread_blocked, id=18460, stack(0x0000008199600000,0x0000008199700000)]
  0x000001fae3201be0 JavaThread "Generation Thread" daemon [_thread_blocked, id=4572, stack(0x0000008199700000,0x0000008199800000)]
  0x000001fae32020f0 JavaThread "Generation Thread" daemon [_thread_blocked, id=10788, stack(0x0000008199800000,0x0000008199900000)]
  0x000001fb0644fa70 JavaThread "Generation Thread" daemon [_thread_blocked, id=5688, stack(0x0000008199900000,0x0000008199a00000)]
  0x000001fb0644c7d0 JavaThread "Generation Thread" daemon [_thread_blocked, id=13560, stack(0x0000008199a00000,0x0000008199b00000)]
  0x000001fb06450490 JavaThread "Generation Thread" daemon [_thread_blocked, id=8988, stack(0x0000008199c00000,0x0000008199d00000)]
  0x000001fb0644d1f0 JavaThread "Light Thread" daemon [_thread_blocked, id=11668, stack(0x0000008199f00000,0x000000819a000000)]
  0x000001fb064522f0 JavaThread "Mesh Thread" daemon [_thread_blocked, id=15156, stack(0x000000819a000000,0x000000819a100000)]
  0x000001faf65c9580 JavaThread "C1 CompilerThread3" daemon [_thread_blocked, id=2612, stack(0x000000819a100000,0x000000819a200000)]

Other Threads:
  0x000001faff7cebc0 VMThread "VM Thread" [stack: 0x0000008195f00000,0x0000008196000000] [id=5256]
  0x000001fae2351e90 WatcherThread [stack: 0x0000008197100000,0x0000008197200000] [id=20680]
  0x000001faf8cced80 GCTaskThread "GC Thread#0" [stack: 0x0000008195a00000,0x0000008195b00000] [id=17564]
  0x000001fae3224e00 GCTaskThread "GC Thread#1" [stack: 0x0000008198100000,0x0000008198200000] [id=6404]
  0x000001fae31fc030 GCTaskThread "GC Thread#2" [stack: 0x0000008198200000,0x0000008198300000] [id=9872]
  0x000001fae31fc2f0 GCTaskThread "GC Thread#3" [stack: 0x0000008198300000,0x0000008198400000] [id=8660]
  0x000001fae3225720 GCTaskThread "GC Thread#4" [stack: 0x0000008198400000,0x0000008198500000] [id=12176]
  0x000001fae3226600 GCTaskThread "GC Thread#5" [stack: 0x0000008198500000,0x0000008198600000] [id=9276]
  0x000001fae3242bd0 GCTaskThread "GC Thread#6" [stack: 0x0000008198600000,0x0000008198700000] [id=15724]
  0x000001fae3242e90 GCTaskThread "GC Thread#7" [stack: 0x0000008198700000,0x0000008198800000] [id=20956]
  0x000001fae3243560 GCTaskThread "GC Thread#8" [stack: 0x0000008198800000,0x0000008198900000] [id=3004]
  0x000001fae3245830 GCTaskThread "GC Thread#9" [stack: 0x0000008198900000,0x0000008198a00000] [id=7900]
  0x000001fae353fb90 GCTaskThread "GC Thread#10" [stack: 0x0000008196d00000,0x0000008196e00000] [id=7568]
  0x000001fae3540950 GCTaskThread "GC Thread#11" [stack: 0x0000008196e00000,0x0000008196f00000] [id=7092]
  0x000001fae353f610 GCTaskThread "GC Thread#12" [stack: 0x0000008197300000,0x0000008197400000] [id=11872]
  0x000001faf8cdf210 ConcurrentGCThread "G1 Main Marker" [stack: 0x0000008195b00000,0x0000008195c00000] [id=14200]
  0x000001faf8cdfc30 ConcurrentGCThread "G1 Conc#0" [stack: 0x0000008195c00000,0x0000008195d00000] [id=6604]
  0x000001fae3540110 ConcurrentGCThread "G1 Conc#1" [stack: 0x0000008198c00000,0x0000008198d00000] [id=14308]
  0x000001fae35403d0 ConcurrentGCThread "G1 Conc#2" [stack: 0x0000008198d00000,0x0000008198e00000] [id=17880]
  0x000001faff690b00 ConcurrentGCThread "G1 Refine#0" [stack: 0x0000008195d00000,0x0000008195e00000] [id=19392]
  0x000001faff692440 ConcurrentGCThread "G1 Service" [stack: 0x0000008195e00000,0x0000008195f00000] [id=312]

Threads with active compile tasks:

VM state: not at safepoint (normal execution)

VM Mutex/Monitor currently owned by a thread: None

Heap address: 0x000000070ac00000, size: 3924 MB, Compressed Oops mode: Zero based, Oop shift amount: 3

CDS archive(s) mapped at: [0x000001fa9d000000-0x000001fa9dbb0000-0x000001fa9dbb0000), size 12255232, SharedBaseAddress: 0x000001fa9d000000, ArchiveRelocationMode: 1.
Compressed class space mapped at: 0x000001fa9e000000-0x000001fade000000, reserved size: 1073741824
Narrow klass base: 0x000001fa9d000000, Narrow klass shift: 0, Narrow klass range: 0x100000000

GC Precious Log:
 CPUs: 16 total, 16 available
 Memory: 15695M
 Large Page Support: Disabled
 NUMA Support: Disabled
 Compressed Oops: Enabled (Zero based)
 Heap Region Size: 2M
 Heap Min Capacity: 8M
 Heap Initial Capacity: 246M
 Heap Max Capacity: 3924M
 Pre-touch: Disabled
 Parallel Workers: 13
 Concurrent Workers: 3
 Concurrent Refinement Workers: 13
 Periodic GC: Disabled

Heap:
 garbage-first heap   total 335872K, used 174053K [0x000000070ac00000, 0x0000000800000000)
  region size 2048K, 24 young (49152K), 6 survivors (12288K)
 Metaspace       used 26914K, committed 27392K, reserved 1114112K
  class space    used 2461K, committed 2688K, reserved 1048576K

Heap Regions: E=young(eden), S=young(survivor), O=old, HS=humongous(starts), HC=humongous(continues), CS=collection set, F=free, OA=open archive, CA=closed archive, TAMS=top-at-mark-start (previous, next)
|   0|0x000000070ac00000, 0x000000070ae00000, 0x000000070ae00000|100%| O|  |TAMS 0x000000070ae00000, 0x000000070ac00000| Untracked 
|   1|0x000000070ae00000, 0x000000070b000000, 0x000000070b000000|100%| O|  |TAMS 0x000000070b000000, 0x000000070ae00000| Untracked 
|   2|0x000000070b000000, 0x000000070b200000, 0x000000070b200000|100%| O|  |TAMS 0x000000070b200000, 0x000000070b000000| Untracked 
|   3|0x000000070b200000, 0x000000070b400000, 0x000000070b400000|100%| O|  |TAMS 0x000000070b400000, 0x000000070b200000| Untracked 
|   4|0x000000070b400000, 0x000000070b600000, 0x000000070b600000|100%| O|  |TAMS 0x000000070b600000, 0x000000070b400000| Untracked 
|   5|0x000000070b600000, 0x000000070b800000, 0x000000070b800000|100%| O|  |TAMS 0x000000070b800000, 0x000000070b600000| Untracked 
|   6|0x000000070b800000, 0x000000070ba00000, 0x000000070ba00000|100%| O|  |TAMS 0x000000070ba00000, 0x000000070b800000| Untracked 
|   7|0x000000070ba00000, 0x000000070bc00000, 0x000000070bc00000|100%| O|  |TAMS 0x000000070bc00000, 0x000000070ba00000| Untracked 
|   8|0x000000070bc00000, 0x000000070be00000, 0x000000070be00000|100%| O|  |TAMS 0x000000070be00000, 0x000000070bc00000| Untracked 
|   9|0x000000070be00000, 0x000000070c000000, 0x000000070c000000|100%| O|  |TAMS 0x000000070c000000, 0x000000070be00000| Untracked 
|  10|0x000000070c000000, 0x000000070c200000, 0x000000070c200000|100%| O|  |TAMS 0x000000070c200000, 0x000000070c000000| Untracked 
|  11|0x000000070c200000, 0x000000070c400000, 0x000000070c400000|100%| O|  |TAMS 0x000000070c400000, 0x000000070c200000| Untracked 
|  12|0x000000070c400000, 0x000000070c600000, 0x000000070c600000|100%| O|  |TAMS 0x000000070c600000, 0x000000070c400000| Untracked 
|  13|0x000000070c600000, 0x000000070c800000, 0x000000070c800000|100%| O|  |TAMS 0x000000070c600000, 0x000000070c600000| Untracked 
|  14|0x000000070c800000, 0x000000070ca00000, 0x000000070ca00000|100%| O|  |TAMS 0x000000070ca00000, 0x000000070c800000| Untracked 
|  15|0x000000070ca00000, 0x000000070cc00000, 0x000000070cc00000|100%| O|  |TAMS 0x000000070cc00000, 0x000000070ca00000| Untracked 
|  16|0x000000070cc00000, 0x000000070ce00000, 0x000000070ce00000|100%| O|  |TAMS 0x000000070ce00000, 0x000000070cc00000| Untracked 
|  17|0x000000070ce00000, 0x000000070d000000, 0x000000070d000000|100%| O|  |TAMS 0x000000070d000000, 0x000000070ce00000| Untracked 
|  18|0x000000070d000000, 0x000000070d200000, 0x000000070d200000|100%| O|  |TAMS 0x000000070d200000, 0x000000070d000000| Untracked 
|  19|0x000000070d200000, 0x000000070d400000, 0x000000070d400000|100%| O|  |TAMS 0x000000070d400000, 0x000000070d200000| Untracked 
|  20|0x000000070d400000, 0x000000070d600000, 0x000000070d600000|100%| O|  |TAMS 0x000000070d600000, 0x000000070d400000| Untracked 
|  21|0x000000070d600000, 0x000000070d800000, 0x000000070d800000|100%| O|  |TAMS 0x000000070d800000, 0x000000070d600000| Untracked 
|  22|0x000000070d800000, 0x000000070da00000, 0x000000070da00000|100%| O|  |TAMS 0x000000070da00000, 0x000000070d800000| Untracked 
|  23|0x000000070da00000, 0x000000070dc00000, 0x000000070dc00000|100%| O|  |TAMS 0x000000070dc00000, 0x000000070da00000| Untracked 
|  24|0x000000070dc00000, 0x000000070de00000, 0x000000070de00000|100%| O|  |TAMS 0x000000070de00000, 0x000000070dc00000| Untracked 
|  25|0x000000070de00000, 0x000000070e000000, 0x000000070e000000|100%| O|  |TAMS 0x000000070e000000, 0x000000070de00000| Untracked 
|  26|0x000000070e000000, 0x000000070e200000, 0x000000070e200000|100%| O|  |TAMS 0x000000070e200000, 0x000000070e000000| Untracked 
|  27|0x000000070e200000, 0x000000070e400000, 0x000000070e400000|100%| O|  |TAMS 0x000000070e400000, 0x000000070e200000| Untracked 
|  28|0x000000070e400000, 0x000000070e600000, 0x000000070e600000|100%| O|  |TAMS 0x000000070e600000, 0x000000070e400000| Untracked 
|  29|0x000000070e600000, 0x000000070e800000, 0x000000070e800000|100%| O|  |TAMS 0x000000070e800000, 0x000000070e600000| Untracked 
|  30|0x000000070e800000, 0x000000070ea00000, 0x000000070ea00000|100%| O|  |TAMS 0x000000070ea00000, 0x000000070e800000| Untracked 
|  31|0x000000070ea00000, 0x000000070ec00000, 0x000000070ec00000|100%| O|  |TAMS 0x000000070ebaa608, 0x000000070ea00000| Untracked 
|  32|0x000000070ec00000, 0x000000070ee00000, 0x000000070ee00000|100%| O|  |TAMS 0x000000070ec00000, 0x000000070ec00000| Untracked 
|  33|0x000000070ee00000, 0x000000070f000000, 0x000000070f000000|100%| O|  |TAMS 0x000000070ee00000, 0x000000070ee00000| Untracked 
|  34|0x000000070f000000, 0x000000070f200000, 0x000000070f200000|100%| O|  |TAMS 0x000000070f000000, 0x000000070f000000| Untracked 
|  35|0x000000070f200000, 0x000000070f400000, 0x000000070f400000|100%| O|  |TAMS 0x000000070f200000, 0x000000070f200000| Untracked 
|  36|0x000000070f400000, 0x000000070f600000, 0x000000070f600000|100%| O|  |TAMS 0x000000070f400000, 0x000000070f400000| Untracked 
|  37|0x000000070f600000, 0x000000070f800000, 0x000000070f800000|100%| O|  |TAMS 0x000000070f600000, 0x000000070f600000| Untracked 
|  38|0x000000070f800000, 0x000000070fa00000, 0x000000070fa00000|100%| O|  |TAMS 0x000000070f800000, 0x000000070f800000| Untracked 
|  39|0x000000070fa00000, 0x000000070fc00000, 0x000000070fc00000|100%| O|  |TAMS 0x000000070fa00000, 0x000000070fa00000| Untracked 
|  40|0x000000070fc00000, 0x000000070fe00000, 0x000000070fe00000|100%| O|  |TAMS 0x000000070fc00000, 0x000000070fc00000| Untracked 
|  41|0x000000070fe00000, 0x000000070fe98800, 0x0000000710000000| 29%| O|  |TAMS 0x000000070fe00000, 0x000000070fe00000| Untracked 
|  42|0x0000000710000000, 0x0000000710200000, 0x0000000710200000|100%| O|  |TAMS 0x0000000710000000, 0x0000000710000000| Untracked 
|  43|0x0000000710200000, 0x0000000710400000, 0x0000000710400000|100%| O|  |TAMS 0x0000000710200000, 0x0000000710200000| Untracked 
|  44|0x0000000710400000, 0x0000000710600000, 0x0000000710600000|100%| O|  |TAMS 0x0000000710400000, 0x0000000710400000| Untracked 
|  45|0x0000000710600000, 0x0000000710800000, 0x0000000710800000|100%| O|  |TAMS 0x0000000710600000, 0x0000000710600000| Untracked 
|  46|0x0000000710800000, 0x0000000710a00000, 0x0000000710a00000|100%| O|  |TAMS 0x0000000710800000, 0x0000000710800000| Untracked 
|  47|0x0000000710a00000, 0x0000000710c00000, 0x0000000710c00000|100%| O|  |TAMS 0x0000000710a00000, 0x0000000710a00000| Untracked 
|  48|0x0000000710c00000, 0x0000000710e00000, 0x0000000710e00000|100%| O|  |TAMS 0x0000000710c00000, 0x0000000710c00000| Untracked 
|  49|0x0000000710e00000, 0x0000000711000000, 0x0000000711000000|100%| O|  |TAMS 0x0000000710e00000, 0x0000000710e00000| Untracked 
|  50|0x0000000711000000, 0x0000000711200000, 0x0000000711200000|100%| O|  |TAMS 0x0000000711000000, 0x0000000711000000| Untracked 
|  51|0x0000000711200000, 0x0000000711400000, 0x0000000711400000|100%| O|  |TAMS 0x0000000711200000, 0x0000000711200000| Untracked 
|  52|0x0000000711400000, 0x0000000711600000, 0x0000000711600000|100%| O|  |TAMS 0x0000000711400000, 0x0000000711400000| Untracked 
|  53|0x0000000711600000, 0x0000000711800000, 0x0000000711800000|100%| O|  |TAMS 0x0000000711600000, 0x0000000711600000| Untracked 
|  54|0x0000000711800000, 0x0000000711a00000, 0x0000000711a00000|100%| O|  |TAMS 0x0000000711800000, 0x0000000711800000| Untracked 
|  55|0x0000000711a00000, 0x0000000711c00000, 0x0000000711c00000|100%| O|  |TAMS 0x0000000711a00000, 0x0000000711a00000| Untracked 
|  56|0x0000000711c00000, 0x0000000711e00000, 0x0000000711e00000|100%| O|  |TAMS 0x0000000711c00000, 0x0000000711c00000| Untracked 
|  57|0x0000000711e00000, 0x0000000712000000, 0x0000000712000000|100%| O|  |TAMS 0x0000000711e00000, 0x0000000711e00000| Untracked 
|  58|0x0000000712000000, 0x0000000712000000, 0x0000000712200000|  0%| F|  |TAMS 0x0000000712000000, 0x0000000712000000| Untracked 
|  59|0x0000000712200000, 0x0000000712400000, 0x0000000712400000|100%| O|  |TAMS 0x0000000712200000, 0x0000000712200000| Untracked 
|  60|0x0000000712400000, 0x0000000712600000, 0x0000000712600000|100%| O|  |TAMS 0x0000000712400000, 0x0000000712400000| Untracked 
|  61|0x0000000712600000, 0x0000000712800000, 0x0000000712800000|100%| O|  |TAMS 0x0000000712600000, 0x0000000712600000| Untracked 
|  62|0x0000000712800000, 0x0000000712960c00, 0x0000000712a00000| 68%| O|  |TAMS 0x0000000712800000, 0x0000000712800000| Untracked 
|  63|0x0000000712a00000, 0x0000000712a00000, 0x0000000712c00000|  0%| F|  |TAMS 0x0000000712a00000, 0x0000000712a00000| Untracked 
|  64|0x0000000712c00000, 0x0000000712c00000, 0x0000000712e00000|  0%| F|  |TAMS 0x0000000712c00000, 0x0000000712c00000| Untracked 
|  65|0x0000000712e00000, 0x0000000712e00000, 0x0000000713000000|  0%| F|  |TAMS 0x0000000712e00000, 0x0000000712e00000| Untracked 
|  66|0x0000000713000000, 0x0000000713000000, 0x0000000713200000|  0%| F|  |TAMS 0x0000000713000000, 0x0000000713000000| Untracked 
|  67|0x0000000713200000, 0x0000000713200000, 0x0000000713400000|  0%| F|  |TAMS 0x0000000713200000, 0x0000000713200000| Untracked 
|  68|0x0000000713400000, 0x0000000713400000, 0x0000000713600000|  0%| F|  |TAMS 0x0000000713400000, 0x0000000713400000| Untracked 
|  69|0x0000000713600000, 0x0000000713600000, 0x0000000713800000|  0%| F|  |TAMS 0x0000000713600000, 0x0000000713600000| Untracked 
|  70|0x0000000713800000, 0x0000000713800000, 0x0000000713a00000|  0%| F|  |TAMS 0x0000000713800000, 0x0000000713800000| Untracked 
|  71|0x0000000713a00000, 0x0000000713a00000, 0x0000000713c00000|  0%| F|  |TAMS 0x0000000713a00000, 0x0000000713a00000| Untracked 
|  72|0x0000000713c00000, 0x0000000713c00000, 0x0000000713e00000|  0%| F|  |TAMS 0x0000000713c00000, 0x0000000713c00000| Untracked 
|  73|0x0000000713e00000, 0x0000000713e00000, 0x0000000714000000|  0%| F|  |TAMS 0x0000000713e00000, 0x0000000713e00000| Untracked 
|  74|0x0000000714000000, 0x0000000714000000, 0x0000000714200000|  0%| F|  |TAMS 0x0000000714000000, 0x0000000714000000| Untracked 
|  75|0x0000000714200000, 0x0000000714200000, 0x0000000714400000|  0%| F|  |TAMS 0x0000000714200000, 0x0000000714200000| Untracked 
|  76|0x0000000714400000, 0x0000000714400000, 0x0000000714600000|  0%| F|  |TAMS 0x0000000714400000, 0x0000000714400000| Untracked 
|  77|0x0000000714600000, 0x0000000714600000, 0x0000000714800000|  0%| F|  |TAMS 0x0000000714600000, 0x0000000714600000| Untracked 
|  78|0x0000000714800000, 0x0000000714800000, 0x0000000714a00000|  0%| F|  |TAMS 0x0000000714800000, 0x0000000714800000| Untracked 
|  79|0x0000000714a00000, 0x0000000714a00000, 0x0000000714c00000|  0%| F|  |TAMS 0x0000000714a00000, 0x0000000714a00000| Untracked 
|  80|0x0000000714c00000, 0x0000000714c00000, 0x0000000714e00000|  0%| F|  |TAMS 0x0000000714c00000, 0x0000000714c00000| Untracked 
|  81|0x0000000714e00000, 0x0000000714e00000, 0x0000000715000000|  0%| F|  |TAMS 0x0000000714e00000, 0x0000000714e00000| Untracked 
|  82|0x0000000715000000, 0x0000000715000000, 0x0000000715200000|  0%| F|  |TAMS 0x0000000715000000, 0x0000000715000000| Untracked 
|  83|0x0000000715200000, 0x0000000715200000, 0x0000000715400000|  0%| F|  |TAMS 0x0000000715200000, 0x0000000715200000| Untracked 
|  84|0x0000000715400000, 0x0000000715400000, 0x0000000715600000|  0%| F|  |TAMS 0x0000000715400000, 0x0000000715400000| Untracked 
|  85|0x0000000715600000, 0x0000000715600000, 0x0000000715800000|  0%| F|  |TAMS 0x0000000715600000, 0x0000000715600000| Untracked 
|  86|0x0000000715800000, 0x0000000715800000, 0x0000000715a00000|  0%| F|  |TAMS 0x0000000715800000, 0x0000000715800000| Untracked 
|  87|0x0000000715a00000, 0x0000000715a00000, 0x0000000715c00000|  0%| F|  |TAMS 0x0000000715a00000, 0x0000000715a00000| Untracked 
|  88|0x0000000715c00000, 0x0000000715c00000, 0x0000000715e00000|  0%| F|  |TAMS 0x0000000715c00000, 0x0000000715c00000| Untracked 
|  89|0x0000000715e00000, 0x0000000715e00000, 0x0000000716000000|  0%| F|  |TAMS 0x0000000715e00000, 0x0000000715e00000| Untracked 
|  90|0x0000000716000000, 0x0000000716000000, 0x0000000716200000|  0%| F|  |TAMS 0x0000000716000000, 0x0000000716000000| Untracked 
|  91|0x0000000716200000, 0x0000000716200000, 0x0000000716400000|  0%| F|  |TAMS 0x0000000716200000, 0x0000000716200000| Untracked 
|  92|0x0000000716400000, 0x0000000716400000, 0x0000000716600000|  0%| F|  |TAMS 0x0000000716400000, 0x0000000716400000| Untracked 
|  93|0x0000000716600000, 0x0000000716600000, 0x0000000716800000|  0%| F|  |TAMS 0x0000000716600000, 0x0000000716600000| Untracked 
|  94|0x0000000716800000, 0x0000000716800000, 0x0000000716a00000|  0%| F|  |TAMS 0x0000000716800000, 0x0000000716800000| Untracked 
|  95|0x0000000716a00000, 0x0000000716a00000, 0x0000000716c00000|  0%| F|  |TAMS 0x0000000716a00000, 0x0000000716a00000| Untracked 
|  96|0x0000000716c00000, 0x0000000716c00000, 0x0000000716e00000|  0%| F|  |TAMS 0x0000000716c00000, 0x0000000716c00000| Untracked 
|  97|0x0000000716e00000, 0x0000000716e00000, 0x0000000717000000|  0%| F|  |TAMS 0x0000000716e00000, 0x0000000716e00000| Untracked 
|  98|0x0000000717000000, 0x0000000717000000, 0x0000000717200000|  0%| F|  |TAMS 0x0000000717000000, 0x0000000717000000| Untracked 
|  99|0x0000000717200000, 0x0000000717200000, 0x0000000717400000|  0%| F|  |TAMS 0x0000000717200000, 0x0000000717200000| Untracked 
| 100|0x0000000717400000, 0x0000000717400000, 0x0000000717600000|  0%| F|  |TAMS 0x0000000717400000, 0x0000000717400000| Untracked 
| 101|0x0000000717600000, 0x0000000717600000, 0x0000000717800000|  0%| F|  |TAMS 0x0000000717600000, 0x0000000717600000| Untracked 
| 102|0x0000000717800000, 0x0000000717800000, 0x0000000717a00000|  0%| F|  |TAMS 0x0000000717800000, 0x0000000717800000| Untracked 
| 103|0x0000000717a00000, 0x0000000717a00000, 0x0000000717c00000|  0%| F|  |TAMS 0x0000000717a00000, 0x0000000717a00000| Untracked 
| 104|0x0000000717c00000, 0x0000000717c00000, 0x0000000717e00000|  0%| F|  |TAMS 0x0000000717c00000, 0x0000000717c00000| Untracked 
| 105|0x0000000717e00000, 0x0000000717e00000, 0x0000000718000000|  0%| F|  |TAMS 0x0000000717e00000, 0x0000000717e00000| Untracked 
| 106|0x0000000718000000, 0x0000000718000000, 0x0000000718200000|  0%| F|  |TAMS 0x0000000718000000, 0x0000000718000000| Untracked 
| 107|0x0000000718200000, 0x0000000718200000, 0x0000000718400000|  0%| F|  |TAMS 0x0000000718200000, 0x0000000718200000| Untracked 
| 108|0x0000000718400000, 0x0000000718400000, 0x0000000718600000|  0%| F|  |TAMS 0x0000000718400000, 0x0000000718400000| Untracked 
| 109|0x0000000718600000, 0x0000000718600000, 0x0000000718800000|  0%| F|  |TAMS 0x0000000718600000, 0x0000000718600000| Untracked 
| 110|0x0000000718800000, 0x0000000718800000, 0x0000000718a00000|  0%| F|  |TAMS 0x0000000718800000, 0x0000000718800000| Untracked 
| 111|0x0000000718a00000, 0x0000000718a00000, 0x0000000718c00000|  0%| F|  |TAMS 0x0000000718a00000, 0x0000000718a00000| Untracked 
| 112|0x0000000718c00000, 0x0000000718c00000, 0x0000000718e00000|  0%| F|  |TAMS 0x0000000718c00000, 0x0000000718c00000| Untracked 
| 113|0x0000000718e00000, 0x0000000718e00000, 0x0000000719000000|  0%| F|  |TAMS 0x0000000718e00000, 0x0000000718e00000| Untracked 
| 114|0x0000000719000000, 0x0000000719000000, 0x0000000719200000|  0%| F|  |TAMS 0x0000000719000000, 0x0000000719000000| Untracked 
| 115|0x0000000719200000, 0x0000000719200000, 0x0000000719400000|  0%| F|  |TAMS 0x0000000719200000, 0x0000000719200000| Untracked 
| 116|0x0000000719400000, 0x0000000719400000, 0x0000000719600000|  0%| F|  |TAMS 0x0000000719400000, 0x0000000719400000| Untracked 
| 117|0x0000000719600000, 0x0000000719800000, 0x0000000719800000|100%| S|CS|TAMS 0x0000000719600000, 0x0000000719600000| Complete 
| 118|0x0000000719800000, 0x0000000719a00000, 0x0000000719a00000|100%| S|CS|TAMS 0x0000000719800000, 0x0000000719800000| Complete 
| 119|0x0000000719a00000, 0x0000000719c00000, 0x0000000719c00000|100%| S|CS|TAMS 0x0000000719a00000, 0x0000000719a00000| Complete 
| 120|0x0000000719c00000, 0x0000000719e00000, 0x0000000719e00000|100%| S|CS|TAMS 0x0000000719c00000, 0x0000000719c00000| Complete 
| 121|0x0000000719e00000, 0x000000071a000000, 0x000000071a000000|100%| S|CS|TAMS 0x0000000719e00000, 0x0000000719e00000| Complete 
| 122|0x000000071a000000, 0x000000071a200000, 0x000000071a200000|100%| S|CS|TAMS 0x000000071a000000, 0x000000071a000000| Complete 
| 123|0x000000071a200000, 0x000000071a200000, 0x000000071a400000|  0%| F|  |TAMS 0x000000071a200000, 0x000000071a200000| Untracked 
| 124|0x000000071a400000, 0x000000071a400000, 0x000000071a600000|  0%| F|  |TAMS 0x000000071a400000, 0x000000071a400000| Untracked 
| 125|0x000000071a600000, 0x000000071a600000, 0x000000071a800000|  0%| F|  |TAMS 0x000000071a600000, 0x000000071a600000| Untracked 
| 126|0x000000071a800000, 0x000000071a800000, 0x000000071aa00000|  0%| F|  |TAMS 0x000000071a800000, 0x000000071a800000| Untracked 
| 127|0x000000071aa00000, 0x000000071aa00000, 0x000000071ac00000|  0%| F|  |TAMS 0x000000071aa00000, 0x000000071aa00000| Untracked 
| 128|0x000000071ac00000, 0x000000071ac00000, 0x000000071ae00000|  0%| F|  |TAMS 0x000000071ac00000, 0x000000071ac00000| Untracked 
| 129|0x000000071ae00000, 0x000000071ae00000, 0x000000071b000000|  0%| F|  |TAMS 0x000000071ae00000, 0x000000071ae00000| Untracked 
| 130|0x000000071b000000, 0x000000071b000000, 0x000000071b200000|  0%| F|  |TAMS 0x000000071b000000, 0x000000071b000000| Untracked 
| 131|0x000000071b200000, 0x000000071b200000, 0x000000071b400000|  0%| F|  |TAMS 0x000000071b200000, 0x000000071b200000| Untracked 
| 132|0x000000071b400000, 0x000000071b400000, 0x000000071b600000|  0%| F|  |TAMS 0x000000071b400000, 0x000000071b400000| Untracked 
| 133|0x000000071b600000, 0x000000071b600000, 0x000000071b800000|  0%| F|  |TAMS 0x000000071b600000, 0x000000071b600000| Untracked 
| 134|0x000000071b800000, 0x000000071b800000, 0x000000071ba00000|  0%| F|  |TAMS 0x000000071b800000, 0x000000071b800000| Untracked 
| 135|0x000000071ba00000, 0x000000071ba00000, 0x000000071bc00000|  0%| F|  |TAMS 0x000000071ba00000, 0x000000071ba00000| Untracked 
| 136|0x000000071bc00000, 0x000000071bc00000, 0x000000071be00000|  0%| F|  |TAMS 0x000000071bc00000, 0x000000071bc00000| Untracked 
| 137|0x000000071be00000, 0x000000071be00000, 0x000000071c000000|  0%| F|  |TAMS 0x000000071be00000, 0x000000071be00000| Untracked 
| 138|0x000000071c000000, 0x000000071c000000, 0x000000071c200000|  0%| F|  |TAMS 0x000000071c000000, 0x000000071c000000| Untracked 
| 139|0x000000071c200000, 0x000000071c200000, 0x000000071c400000|  0%| F|  |TAMS 0x000000071c200000, 0x000000071c200000| Untracked 
| 140|0x000000071c400000, 0x000000071c400000, 0x000000071c600000|  0%| F|  |TAMS 0x000000071c400000, 0x000000071c400000| Untracked 
| 141|0x000000071c600000, 0x000000071c600000, 0x000000071c800000|  0%| F|  |TAMS 0x000000071c600000, 0x000000071c600000| Untracked 
| 142|0x000000071c800000, 0x000000071c800000, 0x000000071ca00000|  0%| F|  |TAMS 0x000000071c800000, 0x000000071c800000| Untracked 
| 143|0x000000071ca00000, 0x000000071ca00000, 0x000000071cc00000|  0%| F|  |TAMS 0x000000071ca00000, 0x000000071ca00000| Untracked 
| 144|0x000000071cc00000, 0x000000071cc00000, 0x000000071ce00000|  0%| F|  |TAMS 0x000000071cc00000, 0x000000071cc00000| Untracked 
| 145|0x000000071ce00000, 0x000000071cf8a168, 0x000000071d000000| 76%| E|  |TAMS 0x000000071ce00000, 0x000000071ce00000| Complete 
| 146|0x000000071d000000, 0x000000071d200000, 0x000000071d200000|100%| E|CS|TAMS 0x000000071d000000, 0x000000071d000000| Complete 
| 147|0x000000071d200000, 0x000000071d400000, 0x000000071d400000|100%| E|CS|TAMS 0x000000071d200000, 0x000000071d200000| Complete 
| 148|0x000000071d400000, 0x000000071d600000, 0x000000071d600000|100%| E|CS|TAMS 0x000000071d400000, 0x000000071d400000| Complete 
| 149|0x000000071d600000, 0x000000071d800000, 0x000000071d800000|100%| E|CS|TAMS 0x000000071d600000, 0x000000071d600000| Complete 
| 150|0x000000071d800000, 0x000000071da00000, 0x000000071da00000|100%| E|CS|TAMS 0x000000071d800000, 0x000000071d800000| Complete 
| 151|0x000000071da00000, 0x000000071dc00000, 0x000000071dc00000|100%| E|CS|TAMS 0x000000071da00000, 0x000000071da00000| Complete 
| 152|0x000000071dc00000, 0x000000071de00000, 0x000000071de00000|100%| E|CS|TAMS 0x000000071dc00000, 0x000000071dc00000| Complete 
| 153|0x000000071de00000, 0x000000071e000000, 0x000000071e000000|100%| E|CS|TAMS 0x000000071de00000, 0x000000071de00000| Complete 
| 154|0x000000071e000000, 0x000000071e200000, 0x000000071e200000|100%| E|CS|TAMS 0x000000071e000000, 0x000000071e000000| Complete 
| 155|0x000000071e200000, 0x000000071e400000, 0x000000071e400000|100%| E|CS|TAMS 0x000000071e200000, 0x000000071e200000| Complete 
| 156|0x000000071e400000, 0x000000071e600000, 0x000000071e600000|100%| E|CS|TAMS 0x000000071e400000, 0x000000071e400000| Complete 
| 157|0x000000071e600000, 0x000000071e800000, 0x000000071e800000|100%| E|CS|TAMS 0x000000071e600000, 0x000000071e600000| Complete 
| 181|0x0000000721600000, 0x0000000721800000, 0x0000000721800000|100%| E|CS|TAMS 0x0000000721600000, 0x0000000721600000| Complete 
| 182|0x0000000721800000, 0x0000000721a00000, 0x0000000721a00000|100%| E|CS|TAMS 0x0000000721800000, 0x0000000721800000| Complete 
| 183|0x0000000721a00000, 0x0000000721c00000, 0x0000000721c00000|100%| E|CS|TAMS 0x0000000721a00000, 0x0000000721a00000| Complete 
| 184|0x0000000721c00000, 0x0000000721e00000, 0x0000000721e00000|100%| E|CS|TAMS 0x0000000721c00000, 0x0000000721c00000| Complete 
| 185|0x0000000721e00000, 0x0000000722000000, 0x0000000722000000|100%| E|CS|TAMS 0x0000000721e00000, 0x0000000721e00000| Complete 
|1961|0x00000007ffe00000, 0x0000000800000000, 0x0000000800000000|100%| O|  |TAMS 0x0000000800000000, 0x00000007ffe00000| Untracked 

Card table byte_map: [0x000001faf9d50000,0x000001fafa500000] _byte_map_base: 0x000001faf64fa000

Marking Bits (Prev, Next): (CMBitMap*) 0x000001faf8ccf3e0, (CMBitMap*) 0x000001faf8ccf3a0
 Prev Bits: [0x000001fa96a70000, 0x000001fa9a7c0000)
 Next Bits: [0x000001fafacb0000, 0x000001fafea00000)

Polling page: 0x000001faf6c30000

Metaspace:

Usage:
  Non-class:     23.88 MB used.
      Class:      2.40 MB used.
       Both:     26.28 MB used.

Virtual space:
  Non-class space:       64.00 MB reserved,      24.12 MB ( 38%) committed,  1 nodes.
      Class space:        1.00 GB reserved,       2.62 MB ( <1%) committed,  1 nodes.
             Both:        1.06 GB reserved,      26.75 MB (  2%) committed. 

Chunk freelists:
   Non-Class:  7.66 MB
       Class:  13.42 MB
        Both:  21.07 MB

MaxMetaspaceSize: unlimited
CompressedClassSpaceSize: 1.00 GB
Initial GC threshold: 21.00 MB
Current GC threshold: 42.94 MB
CDS: on
MetaspaceReclaimPolicy: balanced
 - commit_granule_bytes: 65536.
 - commit_granule_words: 8192.
 - virtual_space_node_default_size: 8388608.
 - enlarge_chunks_in_place: 1.
 - new_chunks_are_fully_committed: 0.
 - uncommit_free_chunks: 1.
 - use_allocation_guard: 0.
 - handle_deallocations: 1.


Internal statistics:

num_allocs_failed_limit: 3.
num_arena_births: 516.
num_arena_deaths: 0.
num_vsnodes_births: 2.
num_vsnodes_deaths: 0.
num_space_committed: 426.
num_space_uncommitted: 0.
num_chunks_returned_to_freelist: 3.
num_chunks_taken_from_freelist: 1084.
num_chunk_merges: 0.
num_chunk_splits: 699.
num_chunks_enlarged: 430.
num_inconsistent_stats: 0.

CodeHeap 'non-profiled nmethods': size=119168Kb used=2147Kb max_used=2415Kb free=117020Kb
 bounds [0x000001fa8f610000, 0x000001fa8f880000, 0x000001fa96a70000]
CodeHeap 'profiled nmethods': size=119104Kb used=7310Kb max_used=8566Kb free=111793Kb
 bounds [0x000001fa87a70000, 0x000001fa882d0000, 0x000001fa8eec0000]
CodeHeap 'non-nmethods': size=7488Kb used=3697Kb max_used=3739Kb free=3790Kb
 bounds [0x000001fa8eec0000, 0x000001fa8f2e0000, 0x000001fa8f610000]
 total_blobs=5469 nmethods=3915 adapters=1463
 compilation: enabled
              stopped_count=0, restarted_count=0
 full_count=0

Compilation events (20 events):
Event: 13.895 Thread 0x000001faf65c9580 nmethod 4656 0x000001fa87f66490 code [0x000001fa87f666a0, 0x000001fa87f66c18]
Event: 13.895 Thread 0x000001faf65c9580 4661       3       org.lwjgl.nuklear.NkConvertConfig::ncurve_segment_count (15 bytes)
Event: 13.895 Thread 0x000001fa9c7e2bf0 nmethod 4660 0x000001fa87f66010 code [0x000001fa87f661a0, 0x000001fa87f66378]
Event: 13.895 Thread 0x000001faf65c75a0 nmethod 4659 0x000001fa87f65990 code [0x000001fa87f65b40, 0x000001fa87f65d28]
Event: 13.895 Thread 0x000001faf65c9580 nmethod 4661 0x000001fa87f75c10 code [0x000001fa87f75da0, 0x000001fa87f75f78]
Event: 13.895 Thread 0x000001faf65c75a0 4662       3       org.lwjgl.nuklear.NkConvertConfig::narc_segment_count (15 bytes)
Event: 13.895 Thread 0x000001faf65c9580 4663       3       org.lwjgl.nuklear.NkConvertConfig::nglobal_alpha (15 bytes)
Event: 13.895 Thread 0x000001fa9c8f1d70 nmethod 4658 0x000001fa87f75610 code [0x000001fa87f757c0, 0x000001fa87f75ab8]
Event: 13.895 Thread 0x000001fa9c7e2bf0 4664       3       org.lwjgl.nuklear.NkConvertConfig::nshape_AA (15 bytes)
Event: 13.895 Thread 0x000001fa9c8f1d70 4665       3       org.lwjgl.nuklear.NkConvertConfig::nline_AA (15 bytes)
Event: 13.895 Thread 0x000001faf65c9580 nmethod 4663 0x000001fa87f75190 code [0x000001fa87f75320, 0x000001fa87f754f8]
Event: 13.895 Thread 0x000001fa9c7e2bf0 nmethod 4664 0x000001fa87f74b90 code [0x000001fa87f74d20, 0x000001fa87f74ef8]
Event: 13.895 Thread 0x000001faf65c9580 4666       3       org.lwjgl.nuklear.Nuklear::nk_convert (39 bytes)
Event: 13.895 Thread 0x000001fa9c7e2bf0 4667       3       org.lwjgl.nuklear.Nuklear::nk__draw_begin (17 bytes)
Event: 13.895 Thread 0x000001faf65c75a0 nmethod 4662 0x000001fa87a9ca90 code [0x000001fa87a9cc20, 0x000001fa87a9cdf8]
Event: 13.895 Thread 0x000001faf65c75a0 4668       3       com.xbuilders.window.NKWindow::disableNuklear (40 bytes)
Event: 13.896 Thread 0x000001fa9c7e2bf0 nmethod 4667 0x000001fa87a9c310 code [0x000001fa87a9c4e0, 0x000001fa87a9c938]
Event: 13.896 Thread 0x000001fa9c8f1d70 nmethod 4665 0x000001fa87a9be90 code [0x000001fa87a9c020, 0x000001fa87a9c1f8]
Event: 13.896 Thread 0x000001faf65c75a0 nmethod 4668 0x000001fa87ae2d10 code [0x000001fa87ae2f00, 0x000001fa87ae3168]
Event: 13.896 Thread 0x000001faf65c9580 nmethod 4666 0x000001fa87ae2010 code [0x000001fa87ae2200, 0x000001fa87ae2a78]

GC Heap History (20 events):
Event: 7.721 GC heap before
{Heap before GC invocations=4 (full 0):
 garbage-first heap   total 40960K, used 25039K [0x000000070ac00000, 0x0000000800000000)
  region size 2048K, 12 young (24576K), 2 survivors (4096K)
 Metaspace       used 25981K, committed 26368K, reserved 1114112K
  class space    used 2395K, committed 2560K, reserved 1048576K
}
Event: 7.728 GC heap after
{Heap after GC invocations=5 (full 0):
 garbage-first heap   total 43008K, used 16188K [0x000000070ac00000, 0x0000000800000000)
  region size 2048K, 2 young (4096K), 2 survivors (4096K)
 Metaspace       used 25981K, committed 26368K, reserved 1114112K
  class space    used 2395K, committed 2560K, reserved 1048576K
}
Event: 7.735 GC heap before
{Heap before GC invocations=5 (full 0):
 garbage-first heap   total 43008K, used 16188K [0x000000070ac00000, 0x0000000800000000)
  region size 2048K, 3 young (6144K), 2 survivors (4096K)
 Metaspace       used 25985K, committed 26368K, reserved 1114112K
  class space    used 2395K, committed 2560K, reserved 1048576K
}
Event: 7.739 GC heap after
{Heap after GC invocations=6 (full 0):
 garbage-first heap   total 43008K, used 18432K [0x000000070ac00000, 0x0000000800000000)
  region size 2048K, 1 young (2048K), 1 survivors (2048K)
 Metaspace       used 25985K, committed 26368K, reserved 1114112K
  class space    used 2395K, committed 2560K, reserved 1048576K
}
Event: 7.748 GC heap before
{Heap before GC invocations=6 (full 0):
 garbage-first heap   total 43008K, used 24576K [0x000000070ac00000, 0x0000000800000000)
  region size 2048K, 5 young (10240K), 1 survivors (2048K)
 Metaspace       used 25995K, committed 26368K, reserved 1114112K
  class space    used 2395K, committed 2560K, reserved 1048576K
}
Event: 7.751 GC heap after
{Heap after GC invocations=7 (full 0):
 garbage-first heap   total 43008K, used 26468K [0x000000070ac00000, 0x0000000800000000)
  region size 2048K, 1 young (2048K), 1 survivors (2048K)
 Metaspace       used 25995K, committed 26368K, reserved 1114112K
  class space    used 2395K, committed 2560K, reserved 1048576K
}
Event: 7.753 GC heap before
{Heap before GC invocations=7 (full 0):
 garbage-first heap   total 43008K, used 26468K [0x000000070ac00000, 0x0000000800000000)
  region size 2048K, 2 young (4096K), 1 survivors (2048K)
 Metaspace       used 25995K, committed 26368K, reserved 1114112K
  class space    used 2395K, committed 2560K, reserved 1048576K
}
Event: 7.755 GC heap after
{Heap after GC invocations=8 (full 0):
 garbage-first heap   total 43008K, used 28752K [0x000000070ac00000, 0x0000000800000000)
  region size 2048K, 1 young (2048K), 1 survivors (2048K)
 Metaspace       used 25995K, committed 26368K, reserved 1114112K
  class space    used 2395K, committed 2560K, reserved 1048576K
}
Event: 7.757 GC heap before
{Heap before GC invocations=8 (full 0):
 garbage-first heap   total 43008K, used 28752K [0x000000070ac00000, 0x0000000800000000)
  region size 2048K, 2 young (4096K), 1 survivors (2048K)
 Metaspace       used 25995K, committed 26368K, reserved 1114112K
  class space    used 2395K, committed 2560K, reserved 1048576K
}
Event: 7.759 GC heap after
{Heap after GC invocations=9 (full 0):
 garbage-first heap   total 147456K, used 30795K [0x000000070ac00000, 0x0000000800000000)
  region size 2048K, 1 young (2048K), 1 survivors (2048K)
 Metaspace       used 25995K, committed 26368K, reserved 1114112K
  class space    used 2395K, committed 2560K, reserved 1048576K
}
Event: 7.803 GC heap before
{Heap before GC invocations=10 (full 0):
 garbage-first heap   total 131072K, used 63563K [0x000000070ac00000, 0x0000000800000000)
  region size 2048K, 18 young (36864K), 1 survivors (2048K)
 Metaspace       used 26084K, committed 26432K, reserved 1114112K
  class space    used 2395K, committed 2560K, reserved 1048576K
}
Event: 7.814 GC heap after
{Heap after GC invocations=11 (full 0):
 garbage-first heap   total 131072K, used 64714K [0x000000070ac00000, 0x0000000800000000)
  region size 2048K, 3 young (6144K), 3 survivors (6144K)
 Metaspace       used 26084K, committed 26432K, reserved 1114112K
  class space    used 2395K, committed 2560K, reserved 1048576K
}
Event: 7.816 GC heap before
{Heap before GC invocations=11 (full 0):
 garbage-first heap   total 131072K, used 64714K [0x000000070ac00000, 0x0000000800000000)
  region size 2048K, 4 young (8192K), 3 survivors (6144K)
 Metaspace       used 26102K, committed 26432K, reserved 1114112K
  class space    used 2397K, committed 2560K, reserved 1048576K
}
Event: 7.818 GC heap after
{Heap after GC invocations=12 (full 0):
 garbage-first heap   total 131072K, used 67185K [0x000000070ac00000, 0x0000000800000000)
  region size 2048K, 1 young (2048K), 1 survivors (2048K)
 Metaspace       used 26102K, committed 26432K, reserved 1114112K
  class space    used 2397K, committed 2560K, reserved 1048576K
}
Event: 7.830 GC heap before
{Heap before GC invocations=12 (full 0):
 garbage-first heap   total 131072K, used 79473K [0x000000070ac00000, 0x0000000800000000)
  region size 2048K, 8 young (16384K), 1 survivors (2048K)
 Metaspace       used 26120K, committed 26496K, reserved 1114112K
  class space    used 2398K, committed 2560K, reserved 1048576K
}
Event: 7.834 GC heap after
{Heap after GC invocations=13 (full 0):
 garbage-first heap   total 131072K, used 81378K [0x000000070ac00000, 0x0000000800000000)
  region size 2048K, 1 young (2048K), 1 survivors (2048K)
 Metaspace       used 26120K, committed 26496K, reserved 1114112K
  class space    used 2398K, committed 2560K, reserved 1048576K
}
Event: 7.839 GC heap before
{Heap before GC invocations=13 (full 0):
 garbage-first heap   total 131072K, used 87522K [0x000000070ac00000, 0x0000000800000000)
  region size 2048K, 5 young (10240K), 1 survivors (2048K)
 Metaspace       used 26138K, committed 26496K, reserved 1114112K
  class space    used 2400K, committed 2560K, reserved 1048576K
}
Event: 7.843 GC heap after
{Heap after GC invocations=14 (full 0):
 garbage-first heap   total 382976K, used 88674K [0x000000070ac00000, 0x0000000800000000)
  region size 2048K, 1 young (2048K), 1 survivors (2048K)
 Metaspace       used 26138K, committed 26496K, reserved 1114112K
  class space    used 2400K, committed 2560K, reserved 1048576K
}
Event: 8.667 GC heap before
{Heap before GC invocations=15 (full 0):
 garbage-first heap   total 335872K, used 168546K [0x000000070ac00000, 0x0000000800000000)
  region size 2048K, 41 young (83968K), 1 survivors (2048K)
 Metaspace       used 26281K, committed 26560K, reserved 1114112K
  class space    used 2405K, committed 2560K, reserved 1048576K
}
Event: 8.677 GC heap after
{Heap after GC invocations=16 (full 0):
 garbage-first heap   total 335872K, used 139237K [0x000000070ac00000, 0x0000000800000000)
  region size 2048K, 6 young (12288K), 6 survivors (12288K)
 Metaspace       used 26281K, committed 26560K, reserved 1114112K
  class space    used 2405K, committed 2560K, reserved 1048576K
}

Dll operation events (17 events):
Event: 0.011 Loaded shared library C:\Users\sampw\.jdks\corretto-17.0.12\bin\java.dll
Event: 0.027 Loaded shared library C:\Users\sampw\.jdks\corretto-17.0.12\bin\jsvml.dll
Event: 0.126 Loaded shared library C:\Users\sampw\.jdks\corretto-17.0.12\bin\zip.dll
Event: 0.129 Loaded shared library C:\Users\sampw\.jdks\corretto-17.0.12\bin\instrument.dll
Event: 0.136 Loaded shared library C:\Users\sampw\.jdks\corretto-17.0.12\bin\net.dll
Event: 0.138 Loaded shared library C:\Users\sampw\.jdks\corretto-17.0.12\bin\nio.dll
Event: 0.141 Loaded shared library C:\Users\sampw\.jdks\corretto-17.0.12\bin\zip.dll
Event: 0.297 Loaded shared library C:\Program Files\JetBrains\IntelliJ IDEA Community Edition 2024.1.4\bin\breakgen64.dll
Event: 0.311 Loaded shared library C:\Users\sampw\.jdks\corretto-17.0.12\bin\extnet.dll
Event: 0.378 Loaded shared library C:\Users\sampw\.jdks\corretto-17.0.12\bin\jimage.dll
Event: 0.411 Loaded shared library C:\Users\sampw\AppData\Local\Temp\lwjgl_sampw\3.3.2+13\x64\lwjgl.dll
Event: 0.586 Loaded shared library C:\Users\sampw\.jdks\corretto-17.0.12\bin\awt.dll
Event: 1.167 Loaded shared library C:\Users\sampw\.jdks\corretto-17.0.12\bin\verify.dll
Event: 1.915 Loaded shared library C:\Users\sampw\AppData\Local\Temp\lwjgl_sampw\3.3.2+13\x64\lwjgl_opengl.dll
Event: 2.081 Loaded shared library C:\Users\sampw\AppData\Local\Temp\lwjgl_sampw\3.3.2+13\x64\lwjgl_nuklear.dll
Event: 2.156 Loaded shared library C:\Users\sampw\AppData\Local\Temp\lwjgl_sampw\3.3.2+13\x64\lwjgl_stb.dll
Event: 6.797 Loaded shared library C:\Users\sampw\.jdks\corretto-17.0.12\bin\sunmscapi.dll

Deoptimization events (20 events):
Event: 11.665 Thread 0x000001faf8c65fc0 Uncommon trap: trap_request=0xffffff45 fr.pc=0x000001fa8f6fdb7c relative=0x000000000000051c
Event: 11.665 Thread 0x000001faf8c65fc0 Uncommon trap: reason=unstable_if action=reinterpret pc=0x000001fa8f6fdb7c method=org.joml.FrustumIntersection.testAab(FFFFFF)Z @ 193 c2
Event: 11.665 Thread 0x000001faf8c65fc0 DEOPT PACKING pc=0x000001fa8f6fdb7c sp=0x00000081959fef40
Event: 11.665 Thread 0x000001faf8c65fc0 DEOPT UNPACKING pc=0x000001fa8ef169a3 sp=0x00000081959feeb8 mode 2
Event: 11.749 Thread 0x000001faf8c65fc0 Uncommon trap: trap_request=0xffffff45 fr.pc=0x000001fa8f6c181c relative=0x00000000000006bc
Event: 11.749 Thread 0x000001faf8c65fc0 Uncommon trap: reason=unstable_if action=reinterpret pc=0x000001fa8f6c181c method=org.joml.FrustumIntersection.testAab(FFFFFF)Z @ 385 c2
Event: 11.749 Thread 0x000001faf8c65fc0 DEOPT PACKING pc=0x000001fa8f6c181c sp=0x00000081959fefc0
Event: 11.749 Thread 0x000001faf8c65fc0 DEOPT UNPACKING pc=0x000001fa8ef169a3 sp=0x00000081959fef38 mode 2
Event: 11.781 Thread 0x000001faf8c65fc0 Uncommon trap: trap_request=0xffffff45 fr.pc=0x000001fa8f86675c relative=0x000000000000075c
Event: 11.781 Thread 0x000001faf8c65fc0 Uncommon trap: reason=unstable_if action=reinterpret pc=0x000001fa8f86675c method=com.xbuilders.window.nuklear.NKFontUtils.lambda$TTF_assignToNewTexture$1(Lorg/lwjgl/stb/STBTTPackedchar$Buffer;Lorg/lwjgl/stb/STBTTFontinfo;IFFJFJII)V @ 40 c2
Event: 11.781 Thread 0x000001faf8c65fc0 DEOPT PACKING pc=0x000001fa8f86675c sp=0x00000081959fe490
Event: 11.781 Thread 0x000001faf8c65fc0 DEOPT UNPACKING pc=0x000001fa8ef169a3 sp=0x00000081959fe2f8 mode 2
Event: 11.899 Thread 0x000001faf8c65fc0 Uncommon trap: trap_request=0xffffff45 fr.pc=0x000001fa8f6337bc relative=0x00000000000003dc
Event: 11.899 Thread 0x000001faf8c65fc0 Uncommon trap: reason=unstable_if action=reinterpret pc=0x000001fa8f6337bc method=org.joml.FrustumIntersection.testAab(FFFFFF)Z @ 122 c2
Event: 11.899 Thread 0x000001faf8c65fc0 DEOPT PACKING pc=0x000001fa8f6337bc sp=0x00000081959fefc0
Event: 11.899 Thread 0x000001faf8c65fc0 DEOPT UNPACKING pc=0x000001fa8ef169a3 sp=0x00000081959fef38 mode 2
Event: 11.949 Thread 0x000001faf8c65fc0 DEOPT PACKING pc=0x000001fa87cb5f92 sp=0x00000081959ff0b0
Event: 11.949 Thread 0x000001faf8c65fc0 DEOPT UNPACKING pc=0x000001fa8ef17143 sp=0x00000081959fe568 mode 0
Event: 12.314 Thread 0x000001faf8c65fc0 DEOPT PACKING pc=0x000001fa87a8c239 sp=0x00000081959fee40
Event: 12.315 Thread 0x000001faf8c65fc0 DEOPT UNPACKING pc=0x000001fa8ef17143 sp=0x00000081959fe330 mode 0

Classes loaded (20 events):
Event: 11.017 Loading class java/io/FileOutputStream$1
Event: 11.017 Loading class java/io/FileOutputStream$1 done
Event: 11.468 Loading class java/awt/MouseInfo
Event: 11.468 Loading class java/awt/MouseInfo done
Event: 11.468 Loading class sun/awt/windows/WMouseInfoPeer
Event: 11.468 Loading class java/awt/peer/MouseInfoPeer
Event: 11.468 Loading class java/awt/peer/MouseInfoPeer done
Event: 11.468 Loading class sun/awt/windows/WMouseInfoPeer done
Event: 11.479 Loading class java/awt/PointerInfo
Event: 11.479 Loading class java/awt/PointerInfo done
Event: 12.371 Loading class sun/security/ssl/Alert
Event: 12.382 Loading class sun/security/ssl/Alert done
Event: 12.382 Loading class sun/security/ssl/Alert$AlertConsumer
Event: 12.382 Loading class sun/security/ssl/Alert$AlertConsumer done
Event: 12.382 Loading class sun/security/ssl/Alert$Level
Event: 12.382 Loading class sun/security/ssl/Alert$Level done
Event: 12.387 Loading class java/net/SocketTimeoutException
Event: 12.387 Loading class java/io/InterruptedIOException
Event: 12.387 Loading class java/io/InterruptedIOException done
Event: 12.387 Loading class java/net/SocketTimeoutException done

Classes unloaded (0 events):
No events

Classes redefined (0 events):
No events

Internal exceptions (20 events):
Event: 6.112 Thread 0x000001faf8c65fc0 Exception <a 'java/lang/NoSuchMethodError'{0x0000000714ebacf0}: 'int java.lang.invoke.DirectMethodHandle$Holder.invokeStatic(java.lang.Object, long, int)'> (0x0000000714ebacf0) 
thrown [s\src\hotspot\share\interpreter\linkResolver.cpp, line 759]
Event: 6.547 Thread 0x000001faf8c65fc0 Exception <a 'sun/nio/fs/WindowsException'{0x0000000714a10b20}> (0x0000000714a10b20) 
thrown [s\src\hotspot\share\prims\jni.cpp, line 516]
Event: 6.577 Thread 0x000001faf8c65fc0 Exception <a 'java/lang/NoSuchMethodError'{0x0000000714a36bb8}: 'int java.lang.invoke.DirectMethodHandle$Holder.invokeStaticInit(java.lang.Object, java.lang.Object, java.lang.Object, java.lang.Object)'> (0x0000000714a36bb8) 
thrown [s\src\hotspot\share\interpreter\linkResolver.cpp, line 759]
Event: 6.578 Thread 0x000001faf8c65fc0 Exception <a 'java/lang/NoSuchMethodError'{0x0000000714a40180}: 'java.lang.Object java.lang.invoke.DirectMethodHandle$Holder.invokeInterface(java.lang.Object, java.lang.Object)'> (0x0000000714a40180) 
thrown [s\src\hotspot\share\interpreter\linkResolver.cpp, line 759]
Event: 6.578 Thread 0x000001faf8c65fc0 Exception <a 'java/lang/IncompatibleClassChangeError'{0x0000000714a43978}: Found class java.lang.Object, but interface was expected> (0x0000000714a43978) 
thrown [s\src\hotspot\share\interpreter\linkResolver.cpp, line 826]
Event: 6.579 Thread 0x000001faf8c65fc0 Exception <a 'java/lang/NoSuchMethodError'{0x0000000714a46aa8}: 'void java.lang.invoke.DirectMethodHandle$Holder.invokeStaticInit(java.lang.Object, java.lang.Object)'> (0x0000000714a46aa8) 
thrown [s\src\hotspot\share\interpreter\linkResolver.cpp, line 759]
Event: 6.580 Thread 0x000001faf8c65fc0 Exception <a 'java/lang/NoSuchMethodError'{0x0000000714a4c850}: 'int java.lang.invoke.DirectMethodHandle$Holder.invokeStaticInit(java.lang.Object, java.lang.Object)'> (0x0000000714a4c850) 
thrown [s\src\hotspot\share\interpreter\linkResolver.cpp, line 759]
Event: 6.719 Thread 0x000001faf8c65fc0 Exception <a 'java/lang/NoSuchMethodError'{0x000000070cbb2698}: 'java.lang.Object java.lang.invoke.DirectMethodHandle$Holder.invokeStaticInit(java.lang.Object, int, int, int, int)'> (0x000000070cbb2698) 
thrown [s\src\hotspot\share\interpreter\linkResolver.cpp, line 759]
Event: 6.749 Thread 0x000001faf8c65fc0 Exception <a 'java/lang/NoSuchMethodError'{0x000000070c873668}: 'java.lang.Object java.lang.invoke.DirectMethodHandle$Holder.invokeStaticInit(java.lang.Object, java.lang.Object, int, int, int, int)'> (0x000000070c873668) 
thrown [s\src\hotspot\share\interpreter\linkResolver.cpp, line 759]
Event: 7.049 Thread 0x000001faf8c65fc0 Implicit null exception at 0x000001fa8f776b0c to 0x000001fa8f776cbe
Event: 7.928 Thread 0x000001faf8c65fc0 Exception <a 'java/lang/NoSuchMethodError'{0x000000071a8901f0}: 'void java.lang.invoke.DirectMethodHandle$Holder.invokeStatic(java.lang.Object, java.lang.Object, java.lang.Object, java.lang.Object)'> (0x000000071a8901f0) 
thrown [s\src\hotspot\share\interpreter\linkResolver.cpp, line 759]
Event: 8.348 Thread 0x000001fb064522f0 Implicit null exception at 0x000001fa8f7f2ef6 to 0x000001fa8f7f5998
Event: 10.977 Thread 0x000001faf8c65fc0 Exception <a 'java/lang/NoSuchMethodError'{0x000000071e56e4d8}: 'java.lang.Object java.lang.invoke.DirectMethodHandle$Holder.newInvokeSpecial(java.lang.Object, java.lang.Object, java.lang.Object, int)'> (0x000000071e56e4d8) 
thrown [s\src\hotspot\share\interpreter\linkResolver.cpp, line 759]
Event: 10.977 Thread 0x000001faf8c65fc0 Exception <a 'java/lang/NoSuchMethodError'{0x000000071e572610}: 'java.lang.Object java.lang.invoke.DirectMethodHandle$Holder.invokeSpecial(java.lang.Object, java.lang.Object, java.lang.Object, java.lang.Object, int)'> (0x000000071e572610) 
thrown [s\src\hotspot\share\interpreter\linkResolver.cpp, line 759]
Event: 10.977 Thread 0x000001faf8c65fc0 Exception <a 'java/lang/NoSuchMethodError'{0x000000071e575f30}: 'java.lang.Object java.lang.invoke.Invokers$Holder.linkToTargetMethod(java.lang.Object, java.lang.Object, int, java.lang.Object)'> (0x000000071e575f30) 
thrown [s\src\hotspot\share\interpreter\linkResolver.cpp, line 759]
Event: 11.002 Thread 0x000001faf8c65fc0 Exception <a 'java/lang/NoSuchMethodError'{0x000000071d6fda68}: 'java.lang.Object java.lang.invoke.DirectMethodHandle$Holder.invokeStatic(java.lang.Object, float)'> (0x000000071d6fda68) 
thrown [s\src\hotspot\share\interpreter\linkResolver.cpp, line 759]
Event: 11.002 Thread 0x000001faf8c65fc0 Exception <a 'java/lang/NoSuchMethodError'{0x000000071d7020f8}: 'java.lang.Object java.lang.invoke.DirectMethodHandle$Holder.invokeSpecial(java.lang.Object, java.lang.Object, float)'> (0x000000071d7020f8) 
thrown [s\src\hotspot\share\interpreter\linkResolver.cpp, line 759]
Event: 11.003 Thread 0x000001faf8c65fc0 Exception <a 'java/lang/NoSuchMethodError'{0x000000071d7116a8}: 'java.lang.Object java.lang.invoke.DirectMethodHandle$Holder.invokeSpecial(java.lang.Object, java.lang.Object, java.lang.Object, java.lang.Object, float)'> (0x000000071d7116a8) 
thrown [s\src\hotspot\share\interpreter\linkResolver.cpp, line 759]
Event: 11.775 Thread 0x000001faf8c65fc0 Exception <a 'java/lang/NoSuchMethodError'{0x000000071d5fdba8}: 'java.lang.Object java.lang.invoke.DirectMethodHandle$Holder.invokeSpecial(java.lang.Object, java.lang.Object, int, int, int, int)'> (0x000000071d5fdba8) 
thrown [s\src\hotspot\share\interpreter\linkResolver.cpp, line 759]
Event: 11.775 Thread 0x000001faf8c65fc0 Exception <a 'java/lang/NoSuchMethodError'{0x000000071d201440}: 'java.lang.Object java.lang.invoke.Invokers$Holder.linkToTargetMethod(int, int, int, int, java.lang.Object)'> (0x000000071d201440) 
thrown [s\src\hotspot\share\interpreter\linkResolver.cpp, line 759]

VM Operations (20 events):
Event: 7.849 Executing VM operation: G1PauseRemark
Event: 7.853 Executing VM operation: G1PauseRemark done
Event: 7.856 Executing VM operation: G1PauseCleanup
Event: 7.857 Executing VM operation: G1PauseCleanup done
Event: 8.667 Executing VM operation: G1CollectForAllocation
Event: 8.677 Executing VM operation: G1CollectForAllocation done
Event: 9.401 Executing VM operation: HandshakeAllThreads
Event: 9.401 Executing VM operation: HandshakeAllThreads done
Event: 10.029 Executing VM operation: HandshakeAllThreads
Event: 10.029 Executing VM operation: HandshakeAllThreads done
Event: 10.029 Executing VM operation: Cleanup
Event: 10.029 Executing VM operation: Cleanup done
Event: 10.105 Executing VM operation: HandshakeAllThreads
Event: 10.106 Executing VM operation: HandshakeAllThreads done
Event: 11.114 Executing VM operation: Cleanup
Event: 11.114 Executing VM operation: Cleanup done
Event: 12.122 Executing VM operation: Cleanup
Event: 12.122 Executing VM operation: Cleanup done
Event: 13.132 Executing VM operation: Cleanup
Event: 13.132 Executing VM operation: Cleanup done

Events (20 events):
Event: 10.110 Thread 0x000001fa9c7eeb00 flushing nmethod 0x000001fa8827b590
Event: 10.110 Thread 0x000001fa9c7eeb00 flushing nmethod 0x000001fa8827ba10
Event: 10.110 Thread 0x000001fa9c7eeb00 flushing nmethod 0x000001fa8827cd10
Event: 10.110 Thread 0x000001fa9c7eeb00 flushing nmethod 0x000001fa8828a610
Event: 10.110 Thread 0x000001fa9c7eeb00 flushing nmethod 0x000001fa8828cd90
Event: 10.110 Thread 0x000001fa9c7eeb00 flushing nmethod 0x000001fa8829eb10
Event: 10.110 Thread 0x000001fa9c7eeb00 flushing nmethod 0x000001fa882a2890
Event: 10.110 Thread 0x000001fa9c7eeb00 flushing nmethod 0x000001fa882a3410
Event: 10.110 Thread 0x000001fa9c7eeb00 flushing nmethod 0x000001fa882a5090
Event: 10.110 Thread 0x000001fa9c7eeb00 flushing nmethod 0x000001fa882a5410
Event: 10.110 Thread 0x000001fa9c7eeb00 flushing nmethod 0x000001fa882b6010
Event: 10.816 Thread 0x000001faf65c7050 Thread exited: 0x000001faf65c7050
Event: 10.981 Thread 0x000001faf65c6b00 Thread added: 0x000001faf65c6b00
Event: 10.983 Thread 0x000001faf65c8040 Thread added: 0x000001faf65c8040
Event: 10.984 Thread 0x000001faf65c8590 Thread added: 0x000001faf65c8590
Event: 10.985 Thread 0x000001faf65c9580 Thread added: 0x000001faf65c9580
Event: 11.333 Thread 0x000001faf65c8590 Thread exited: 0x000001faf65c8590
Event: 11.481 Thread 0x000001faf65c8040 Thread exited: 0x000001faf65c8040
Event: 12.387 Thread 0x000001faf1cb4050 Thread exited: 0x000001faf1cb4050
Event: 12.944 Thread 0x000001faf65c6b00 Thread exited: 0x000001faf65c6b00


Dynamic libraries:
0x00007ff778360000 - 0x00007ff77836e000 	C:\Users\sampw\.jdks\corretto-17.0.12\bin\java.exe
0x00007ffe785f0000 - 0x00007ffe78807000 	C:\WINDOWS\SYSTEM32\ntdll.dll
0x00007ffe77bb0000 - 0x00007ffe77c74000 	C:\WINDOWS\System32\KERNEL32.DLL
0x00007ffe75aa0000 - 0x00007ffe75e4d000 	C:\WINDOWS\System32\KERNELBASE.dll
0x00007ffe75980000 - 0x00007ffe75a91000 	C:\WINDOWS\System32\ucrtbase.dll
0x00007ffe656c0000 - 0x00007ffe656db000 	C:\Users\sampw\.jdks\corretto-17.0.12\bin\VCRUNTIME140.dll
0x00007ffe65670000 - 0x00007ffe65687000 	C:\Users\sampw\.jdks\corretto-17.0.12\bin\jli.dll
0x00007ffe76e60000 - 0x00007ffe7700e000 	C:\WINDOWS\System32\USER32.dll
0x00007ffe6bf70000 - 0x00007ffe6c203000 	C:\WINDOWS\WinSxS\amd64_microsoft.windows.common-controls_6595b64144ccf1df_6.0.22621.3672_none_2713b9d173822955\COMCTL32.dll
0x00007ffe75e50000 - 0x00007ffe75e76000 	C:\WINDOWS\System32\win32u.dll
0x00007ffe77930000 - 0x00007ffe779d7000 	C:\WINDOWS\System32\msvcrt.dll
0x00007ffe77010000 - 0x00007ffe77039000 	C:\WINDOWS\System32\GDI32.dll
0x00007ffe76110000 - 0x00007ffe76229000 	C:\WINDOWS\System32\gdi32full.dll
0x00007ffe75e80000 - 0x00007ffe75f1a000 	C:\WINDOWS\System32\msvcp_win.dll
0x00007ffe76b10000 - 0x00007ffe76b41000 	C:\WINDOWS\System32\IMM32.DLL
0x00007ffe70b50000 - 0x00007ffe70b5c000 	C:\Users\sampw\.jdks\corretto-17.0.12\bin\vcruntime140_1.dll
0x00007ffe5e880000 - 0x00007ffe5e90d000 	C:\Users\sampw\.jdks\corretto-17.0.12\bin\msvcp140.dll
0x00007ffdc6960000 - 0x00007ffdc75ca000 	C:\Users\sampw\.jdks\corretto-17.0.12\bin\server\jvm.dll
0x00007ffe76d10000 - 0x00007ffe76dc2000 	C:\WINDOWS\System32\ADVAPI32.dll
0x00007ffe77a00000 - 0x00007ffe77aa9000 	C:\WINDOWS\System32\sechost.dll
0x00007ffe76230000 - 0x00007ffe76258000 	C:\WINDOWS\System32\bcrypt.dll
0x00007ffe76660000 - 0x00007ffe76774000 	C:\WINDOWS\System32\RPCRT4.dll
0x00007ffe778b0000 - 0x00007ffe77921000 	C:\WINDOWS\System32\WS2_32.dll
0x00007ffe74780000 - 0x00007ffe747cd000 	C:\WINDOWS\SYSTEM32\POWRPROF.dll
0x00007ffe69b40000 - 0x00007ffe69b74000 	C:\WINDOWS\SYSTEM32\WINMM.dll
0x00007ffe6c210000 - 0x00007ffe6c21a000 	C:\WINDOWS\SYSTEM32\VERSION.dll
0x00007ffe74760000 - 0x00007ffe74773000 	C:\WINDOWS\SYSTEM32\UMPDC.dll
0x00007ffe74a30000 - 0x00007ffe74a48000 	C:\WINDOWS\SYSTEM32\kernel.appcore.dll
0x00007ffe702b0000 - 0x00007ffe702ba000 	C:\Users\sampw\.jdks\corretto-17.0.12\bin\jimage.dll
0x00007ffe73160000 - 0x00007ffe73392000 	C:\WINDOWS\SYSTEM32\DBGHELP.DLL
0x00007ffe76780000 - 0x00007ffe76b0d000 	C:\WINDOWS\System32\combase.dll
0x00007ffe76420000 - 0x00007ffe764f7000 	C:\WINDOWS\System32\OLEAUT32.dll
0x00007ffe69d40000 - 0x00007ffe69d72000 	C:\WINDOWS\SYSTEM32\dbgcore.DLL
0x00007ffe76090000 - 0x00007ffe7610b000 	C:\WINDOWS\System32\bcryptPrimitives.dll
0x00007ffe65780000 - 0x00007ffe6578e000 	C:\Users\sampw\.jdks\corretto-17.0.12\bin\instrument.dll
0x00007ffe5e850000 - 0x00007ffe5e875000 	C:\Users\sampw\.jdks\corretto-17.0.12\bin\java.dll
0x00007ffe440a0000 - 0x00007ffe44177000 	C:\Users\sampw\.jdks\corretto-17.0.12\bin\jsvml.dll
0x00007ffe77d40000 - 0x00007ffe785a7000 	C:\WINDOWS\System32\SHELL32.dll
0x00007ffe73820000 - 0x00007ffe7411e000 	C:\WINDOWS\SYSTEM32\windows.storage.dll
0x00007ffe736e0000 - 0x00007ffe7381f000 	C:\WINDOWS\SYSTEM32\wintypes.dll
0x00007ffe77ab0000 - 0x00007ffe77ba9000 	C:\WINDOWS\System32\SHCORE.dll
0x00007ffe77850000 - 0x00007ffe778ae000 	C:\WINDOWS\System32\shlwapi.dll
0x00007ffe75840000 - 0x00007ffe75861000 	C:\WINDOWS\SYSTEM32\profapi.dll
0x00007ffe632b0000 - 0x00007ffe632c8000 	C:\Users\sampw\.jdks\corretto-17.0.12\bin\zip.dll
0x00007ffe65650000 - 0x00007ffe65669000 	C:\Users\sampw\.jdks\corretto-17.0.12\bin\net.dll
0x00007ffe71160000 - 0x00007ffe71296000 	C:\WINDOWS\SYSTEM32\WINHTTP.dll
0x00007ffe74ea0000 - 0x00007ffe74f09000 	C:\WINDOWS\system32\mswsock.dll
0x00007ffe653b0000 - 0x00007ffe653c6000 	C:\Users\sampw\.jdks\corretto-17.0.12\bin\nio.dll
0x00007ffe62fb0000 - 0x00007ffe62fca000 	C:\Program Files\JetBrains\IntelliJ IDEA Community Edition 2024.1.4\bin\breakgen64.dll
0x00007ffe645c0000 - 0x00007ffe645c9000 	C:\Users\sampw\.jdks\corretto-17.0.12\bin\extnet.dll
0x00007ffe5e7d0000 - 0x00007ffe5e84a000 	C:\Users\sampw\AppData\Local\Temp\lwjgl_sampw\3.3.2+13\x64\lwjgl.dll
0x00007ffdf9ee0000 - 0x00007ffdfa150000 	C:\Users\sampw\AppData\Local\Temp\lwjgl_sampw\3.3.2+13\x64\jemalloc.dll
0x00007ffe24c10000 - 0x00007ffe24da0000 	C:\Users\sampw\.jdks\corretto-17.0.12\bin\awt.dll
0x00007ffe6eb90000 - 0x00007ffe6ec27000 	C:\WINDOWS\SYSTEM32\apphelp.dll
0x00007ffe72ab0000 - 0x00007ffe72adb000 	C:\WINDOWS\system32\DWMAPI.DLL
0x00007ffe72830000 - 0x00007ffe728e0000 	C:\WINDOWS\system32\uxtheme.dll
0x00007ffe02d60000 - 0x00007ffe02e60000 	C:\WINDOWS\system32\opengl32.dll
0x00007ffe37010000 - 0x00007ffe3703d000 	C:\WINDOWS\SYSTEM32\GLU32.dll
0x00007ffe72b70000 - 0x00007ffe72ba7000 	C:\WINDOWS\SYSTEM32\dxcore.dll
0x00007ffe76500000 - 0x00007ffe7665b000 	C:\WINDOWS\System32\MSCTF.dll
0x00007ffe770d0000 - 0x00007ffe77275000 	C:\WINDOWS\System32\ole32.dll
0x00007ffe2f300000 - 0x00007ffe2f4a8000 	C:\WINDOWS\system32\d3d9.dll
0x00007ffe69b80000 - 0x00007ffe69d3a000 	C:\WINDOWS\System32\DriverStore\FileRepository\u0381040.inf_amd64_4455b7391a60ce8d\B380794\aticfx64.dll
0x00007ffe042e0000 - 0x00007ffe04314000 	C:\WINDOWS\System32\DriverStore\FileRepository\u0381040.inf_amd64_4455b7391a60ce8d\B380794\atiu9p64.dll
0x00007ffe03580000 - 0x00007ffe042d6000 	C:\WINDOWS\System32\DriverStore\FileRepository\u0381040.inf_amd64_4455b7391a60ce8d\B380794\atiumd64.dll
0x000000005b660000 - 0x000000005c51f000 	C:\WINDOWS\System32\DriverStore\FileRepository\u0381040.inf_amd64_4455b7391a60ce8d\B380794\atiumd6a.dll
0x00007ffe773d0000 - 0x00007ffe77844000 	C:\WINDOWS\System32\SETUPAPI.dll
0x00007ffe67750000 - 0x00007ffe67780000 	C:\WINDOWS\SYSTEM32\amdihk64.dll
0x00007ffe6bf20000 - 0x00007ffe6bf69000 	C:\WINDOWS\SYSTEM32\directxdatabasehelper.dll
0x00007ffe64140000 - 0x00007ffe64150000 	C:\Users\sampw\.jdks\corretto-17.0.12\bin\verify.dll
0x00007ffe48640000 - 0x00007ffe48657000 	C:\WINDOWS\system32\napinsp.dll
0x00007ffe48620000 - 0x00007ffe4863b000 	C:\WINDOWS\system32\pnrpnsp.dll
0x00007ffe74430000 - 0x00007ffe74528000 	C:\WINDOWS\SYSTEM32\DNSAPI.dll
0x00007ffe74400000 - 0x00007ffe7442d000 	C:\WINDOWS\SYSTEM32\IPHLPAPI.DLL
0x00007ffe77290000 - 0x00007ffe77299000 	C:\WINDOWS\System32\NSI.dll
0x00007ffe48600000 - 0x00007ffe48611000 	C:\WINDOWS\System32\winrnr.dll
0x00007ffe70590000 - 0x00007ffe705a5000 	C:\WINDOWS\system32\wshbth.dll
0x00007ffe485d0000 - 0x00007ffe485f7000 	C:\WINDOWS\system32\nlansp_c.dll
0x00007ffe70dc0000 - 0x00007ffe70dca000 	C:\Windows\System32\rasadhlp.dll
0x00007ffe701c0000 - 0x00007ffe70243000 	C:\WINDOWS\System32\fwpuclnt.dll
0x00007ffe47d30000 - 0x00007ffe47db2000 	C:\Users\sampw\AppData\Local\Temp\lwjgl_sampw\3.3.2+13\x64\glfw.dll
0x00007ffe59650000 - 0x00007ffe59696000 	C:\WINDOWS\SYSTEM32\dinput8.dll
0x00007ffe5f4a0000 - 0x00007ffe5f4b1000 	C:\WINDOWS\SYSTEM32\xinput1_4.dll
0x00007ffe755f0000 - 0x00007ffe7563e000 	C:\WINDOWS\SYSTEM32\cfgmgr32.dll
0x00007ffe755c0000 - 0x00007ffe755ec000 	C:\WINDOWS\SYSTEM32\DEVOBJ.dll
0x00007ffe64f20000 - 0x00007ffe6512e000 	C:\WINDOWS\SYSTEM32\inputhost.dll
0x00007ffe6e7b0000 - 0x00007ffe6e8e3000 	C:\WINDOWS\SYSTEM32\CoreMessaging.dll
0x00007ffe75100000 - 0x00007ffe7510c000 	C:\WINDOWS\SYSTEM32\CRYPTBASE.DLL
0x00007ffe77c90000 - 0x00007ffe77d40000 	C:\WINDOWS\System32\clbcatq.dll
0x00007ffe70440000 - 0x00007ffe70582000 	C:\Windows\System32\AppXDeploymentClient.dll
0x00007ffe6a3d0000 - 0x00007ffe6a3fc000 	C:\WINDOWS\System32\DriverStore\FileRepository\u0381040.inf_amd64_4455b7391a60ce8d\B380794\atig6pxx.dll
0x00007ffdf58b0000 - 0x00007ffdf8710000 	C:\WINDOWS\System32\DriverStore\FileRepository\u0381040.inf_amd64_4455b7391a60ce8d\B380794\atio6axx.dll
0x00007ffe06250000 - 0x00007ffe06275000 	C:\WINDOWS\SYSTEM32\dxva2.dll
0x00007ffe66dd0000 - 0x00007ffe66e0f000 	C:\WINDOWS\System32\DriverStore\FileRepository\u0381040.inf_amd64_4455b7391a60ce8d\B380794\atig6txx.dll
0x00007ffdfc010000 - 0x00007ffdfc1e0000 	C:\WINDOWS\SYSTEM32\atiadlxx.dll
0x00007ffe77c80000 - 0x00007ffe77c88000 	C:\WINDOWS\System32\PSAPI.DLL
0x00007ffe733c0000 - 0x00007ffe734c0000 	C:\WINDOWS\SYSTEM32\PROPSYS.dll
0x00007ffe574a0000 - 0x00007ffe574f9000 	C:\WINDOWS\SYSTEM32\pdh.dll
0x00007ffe75910000 - 0x00007ffe7597b000 	C:\WINDOWS\System32\WINTRUST.dll
0x00007ffe75f20000 - 0x00007ffe76087000 	C:\WINDOWS\System32\CRYPT32.dll
0x00007ffe75160000 - 0x00007ffe75172000 	C:\WINDOWS\SYSTEM32\MSASN1.dll
0x00007ffe47720000 - 0x00007ffe4777e000 	C:\Users\sampw\AppData\Local\Temp\lwjgl_sampw\3.3.2+13\x64\lwjgl_opengl.dll
0x00007ffe42170000 - 0x00007ffe421e3000 	C:\Users\sampw\AppData\Local\Temp\lwjgl_sampw\3.3.2+13\x64\lwjgl_nuklear.dll
0x00007ffe30800000 - 0x00007ffe30882000 	C:\Users\sampw\AppData\Local\Temp\lwjgl_sampw\3.3.2+13\x64\lwjgl_stb.dll
0x00007ffe70e10000 - 0x00007ffe70ecd000 	C:\WINDOWS\SYSTEM32\mscms.dll
0x00007ffe05bd0000 - 0x00007ffe05c1a000 	C:\WINDOWS\SYSTEM32\icm32.dll
0x00007ffe75110000 - 0x00007ffe7512b000 	C:\WINDOWS\SYSTEM32\CRYPTSP.dll
0x00007ffe74990000 - 0x00007ffe749c5000 	C:\WINDOWS\system32\rsaenh.dll
0x00007ffe74fa0000 - 0x00007ffe74fc8000 	C:\WINDOWS\SYSTEM32\USERENV.dll
0x00007ffe70dd0000 - 0x00007ffe70de9000 	C:\WINDOWS\SYSTEM32\dhcpcsvc6.DLL
0x00007ffe70d40000 - 0x00007ffe70d5f000 	C:\WINDOWS\SYSTEM32\dhcpcsvc.DLL
0x00007ffe647a0000 - 0x00007ffe647ae000 	C:\Users\sampw\.jdks\corretto-17.0.12\bin\sunmscapi.dll
0x00007ffe752c0000 - 0x00007ffe752ee000 	C:\WINDOWS\SYSTEM32\ncrypt.dll
0x00007ffe75280000 - 0x00007ffe752b7000 	C:\WINDOWS\SYSTEM32\NTASN1.dll
0x00007ffe65190000 - 0x00007ffe652de000 	C:\WINDOWS\SYSTEM32\textinputframework.dll
0x00007ffe6b8d0000 - 0x00007ffe6bc3d000 	C:\WINDOWS\SYSTEM32\CoreUIComponents.dll
0x00007ffe59be0000 - 0x00007ffe59c49000 	C:\WINDOWS\system32\Oleacc.dll
0x00007ffe63ce0000 - 0x00007ffe63d2b000 	C:\WINDOWS\system32\ApplicationTargetedFeatureDatabase.dll
0x00007ffe6f830000 - 0x00007ffe6faba000 	C:\Windows\System32\twinapi.appcore.dll

dbghelp: loaded successfully - version: 4.0.5 - missing functions: none
symbol engine: initialized successfully - sym options: 0x614 - pdb path: .;C:\Users\sampw\.jdks\corretto-17.0.12\bin;C:\WINDOWS\SYSTEM32;C:\WINDOWS\WinSxS\amd64_microsoft.windows.common-controls_6595b64144ccf1df_6.0.22621.3672_none_2713b9d173822955;C:\Users\sampw\.jdks\corretto-17.0.12\bin\server;C:\Program Files\JetBrains\IntelliJ IDEA Community Edition 2024.1.4\bin;C:\Users\sampw\AppData\Local\Temp\lwjgl_sampw\3.3.2+13\x64;C:\WINDOWS\System32\DriverStore\FileRepository\u0381040.inf_amd64_4455b7391a60ce8d\B380794

VM Arguments:
jvm_args: -javaagent:C:\Program Files\JetBrains\IntelliJ IDEA Community Edition 2024.1.4\lib\idea_rt.jar=60230:C:\Program Files\JetBrains\IntelliJ IDEA Community Edition 2024.1.4\bin -Dfile.encoding=UTF-8 
java_command: com.xbuilders.game.Main devmode
java_class_path (initial): C:\Local Files\github\Xbuilders\target\classes;C:\Users\sampw\.m2\repository\com\google\code\gson\gson\2.10.1\gson-2.10.1.jar;C:\Users\sampw\.m2\repository\org\lwjgl\lwjgl\3.3.2\lwjgl-3.3.2.jar;C:\Users\sampw\.m2\repository\org\lwjgl\lwjgl-assimp\3.3.2\lwjgl-assimp-3.3.2.jar;C:\Users\sampw\.m2\repository\org\lwjgl\lwjgl-bgfx\3.3.2\lwjgl-bgfx-3.3.2.jar;C:\Users\sampw\.m2\repository\org\lwjgl\lwjgl-cuda\3.3.2\lwjgl-cuda-3.3.2.jar;C:\Users\sampw\.m2\repository\org\lwjgl\lwjgl-egl\3.3.2\lwjgl-egl-3.3.2.jar;C:\Users\sampw\.m2\repository\org\lwjgl\lwjgl-fmod\3.3.2\lwjgl-fmod-3.3.2.jar;C:\Users\sampw\.m2\repository\org\lwjgl\lwjgl-freetype\3.3.2\lwjgl-freetype-3.3.2.jar;C:\Users\sampw\.m2\repository\org\lwjgl\lwjgl-glfw\3.3.2\lwjgl-glfw-3.3.2.jar;C:\Users\sampw\.m2\repository\org\lwjgl\lwjgl-harfbuzz\3.3.2\lwjgl-harfbuzz-3.3.2.jar;C:\Users\sampw\.m2\repository\org\lwjgl\lwjgl-hwloc\3.3.2\lwjgl-hwloc-3.3.2.jar;C:\Users\sampw\.m2\repository\org\lwjgl\lwjgl-jawt\3.3.2\lwjgl-jawt-3.3.2.jar;C:\Users\sampw\.m2\repository\org\lwjgl\lwjgl-jemalloc\3.3.2\lwjgl-jemalloc-3.3.2.jar;C:\Users\sampw\.m2\repository\org\lwjgl\lwjgl-ktx\3.3.2\lwjgl-ktx-3.3.2.jar;C:\Users\sampw\.m2\repository\org\lwjgl\lwjgl-libdivide\3.3.2\lwjgl-libdivide-3.3.2.jar;C:\Users\sampw\.m2\repository\org\lwjgl\lwjgl-llvm\3.3.2\lwjgl-llvm-3.3.2.jar;C:\Users\sampw\.m2\repository\org\lwjgl\lwjgl-lmdb\3.3.2\lwjgl-lmdb-3.3.2.jar;C:\Users\sampw\.m2\repository\org\lwjgl\lwjgl-lz4\3.3.2\lwjgl-lz4-3.3.2.jar;C:\Users\sampw\.m2\repository\org\lwjgl\lwjgl-meow\3.3.2\lwjgl-meow-3.3.2.jar;C:\Users\sampw\.m2\repository\org\lwjgl\lwjgl-meshoptimizer\3.3.2\lwjgl-meshoptimizer-3.3.2.jar;C:\Users\sampw\.m2\repository\org\lwjgl\lwjgl-nanovg\3.3.2\lwjgl-nanovg-3.3.2.jar;C:\Users\sampw\.m2\repository\org\lwjgl\lwjgl-nfd\3.3.2\lwjgl-nfd-3.3.2.jar;C:\Users\sampw\.m2\repository\org\lwjgl\lwjgl-nuklear\3.3.2\lwjgl-nuklear-3.3.2.jar;C:\Users\sampw\.m2\repository\org\lwjgl\lwjgl-odbc\3.3.2\lwjgl-odbc-3.3.2.jar;C
Launcher Type: SUN_STANDARD

[Global flags]
     intx CICompilerCount                          = 12                                        {product} {ergonomic}
     uint ConcGCThreads                            = 3                                         {product} {ergonomic}
     uint G1ConcRefinementThreads                  = 13                                        {product} {ergonomic}
   size_t G1HeapRegionSize                         = 2097152                                   {product} {ergonomic}
    uintx GCDrainStackTargetSize                   = 64                                        {product} {ergonomic}
   size_t InitialHeapSize                          = 257949696                                 {product} {ergonomic}
   size_t MarkStackSize                            = 4194304                                   {product} {ergonomic}
   size_t MaxHeapSize                              = 4114612224                                {product} {ergonomic}
   size_t MaxNewSize                               = 2468347904                                {product} {ergonomic}
   size_t MinHeapDeltaBytes                        = 2097152                                   {product} {ergonomic}
   size_t MinHeapSize                              = 8388608                                   {product} {ergonomic}
    uintx NonNMethodCodeHeapSize                   = 7602480                                {pd product} {ergonomic}
    uintx NonProfiledCodeHeapSize                  = 122027880                              {pd product} {ergonomic}
    uintx ProfiledCodeHeapSize                     = 122027880                              {pd product} {ergonomic}
    uintx ReservedCodeCacheSize                    = 251658240                              {pd product} {ergonomic}
     bool SegmentedCodeCache                       = true                                      {product} {ergonomic}
   size_t SoftMaxHeapSize                          = 4114612224                             {manageable} {ergonomic}
     bool UseCompressedClassPointers               = true                           {product lp64_product} {ergonomic}
     bool UseCompressedOops                        = true                           {product lp64_product} {ergonomic}
     bool UseG1GC                                  = true                                      {product} {ergonomic}
     bool UseLargePagesIndividualAllocation        = false                                  {pd product} {ergonomic}

Logging:
Log output configuration:
 #0: stdout all=warning uptime,level,tags
 #1: stderr all=off uptime,level,tags

Environment Variables:
JAVA_HOME=C:\Program Files\Java\jdk-17.0.1
PATH=C:\Program Files\Common Files\Oracle\Java\javapath;C:\WINDOWS\system32;C:\WINDOWS;C:\WINDOWS\System32\Wbem;C:\WINDOWS\System32\WindowsPowerShell\v1.0\;C:\WINDOWS\System32\OpenSSH\;C:\Program Files\PuTTY\;C:\Program Files\nodejs\;C:\Program Files\Java\jdk-16.0.1\bin;C:\Program Files\Apache Software Foundation\apache-maven-3.8.1\bin;C:\Program Files\dotnet\;C:\Program Files\HP\HP One Agent;C:\Program Files\Git\cmd;C:\Program Files (x86)\Windows Kits\10\Windows Performance Toolkit\;C:\Program Files\GitHub CLI\;C:\Users\sampw\AppData\Local\Microsoft\WindowsApps;C:\Users\sampw\AppData\Roaming\npm;C:\Program Files (x86)\mingw-w64\i686-8.1.0-posix-dwarf-rt_v6-rev0\mingw32\bin;C:\Users\sampw\anaconda3;C:\Program Files\heroku\bin;C:\Programs\Program Downloads\ffmpeg-N-102431-gf140239777-win64-gpl-shared\bin;C:\Users\sampw\AppData\Local\Packages\PythonSoftwareFoundation.Python.3.9_qbz5n2kfra8p0\LocalCache\local-packages\Python39\Scripts;C:\Programs\apache-ant-1.10.13\bin;C:\Program Files\Microsoft Visual Studio\2022\Community\Common7\IDE\CommonExtensions\Microsoft\CMake\CMake\bin\;C:\Program Files\JetBrains\IntelliJ IDEA Community Edition 2023.3.2\bin;;C:\Users\sampw\AppData\Local\Programs\Microsoft VS Code\bin;C:\Users\sampw\AppData\Local\GitHubDesktop\bin
USERNAME=sampw
OS=Windows_NT
PROCESSOR_IDENTIFIER=AMD64 Family 23 Model 104 Stepping 1, AuthenticAMD
TMP=C:\Users\sampw\AppData\Local\Temp
TEMP=C:\Users\sampw\AppData\Local\Temp



Periodic native trim disabled


---------------  S Y S T E M  ---------------

OS:
 Windows 11 , 64 bit Build 22621 (10.0.22621.3958)
OS uptime: 4 days 4:47 hours
Hyper-V role detected

CPU: total 16 (initial active 16) (16 cores per cpu, 2 threads per core) family 23 model 104 stepping 1 microcode 0x0, cx8, cmov, fxsr, ht, mmx, 3dnowpref, sse, sse2, sse3, ssse3, sse4a, sse4.1, sse4.2, popcnt, lzcnt, tsc, tscinvbit, avx, avx2, aes, clmul, bmi1, bmi2, adx, sha, fma, vzeroupper, clflush, clflushopt, hv
Processor Information for all 16 processors :
  Max Mhz: 1801, Current Mhz: 1801, Mhz Limit: 1801

Memory: 4k page, system-wide physical 15695M (7408M free)
TotalPageFile size 29477M (AvailPageFile size 14541M)
current process WorkingSet (physical memory assigned to process): 505M, peak: 525M
current process commit charge ("private bytes"): 920M, peak: 950M

vm_info: OpenJDK 64-Bit Server VM (17.0.12+7-LTS) for windows-amd64 JRE (17.0.12+7-LTS), built on Jul 10 2024 20:46:33 by "Administrator" with MS VC++ 16.10 / 16.11 (VS2019)

END.
