#
# A fatal error has been detected by the Java Runtime Environment:
#
#  EXCEPTION_ACCESS_VIOLATION (0xc0000005) at pc=0x00007ffaddc4e567, pid=5408, tid=11384
#
# JRE version: Java(TM) SE Runtime Environment (17.0.1+12) (build 17.0.1+12-LTS-39)
# Java VM: Java HotSpot(TM) 64-Bit Server VM (17.0.1+12-LTS-39, mixed mode, sharing, tiered, compressed oops, compressed class ptrs, g1 gc, windows-amd64)
# Problematic frame:
# C  [lwjgl_stb.dll+0x2e567]
#
# No core dump will be written. Minidumps are not enabled by default on client versions of Windows
#
# If you would like to submit a bug report, please visit:
#   https://bugreport.java.com/bugreport/crash.jsp
# The crash happened outside the Java Virtual Machine in native code.
# See problematic frame for where to report the bug.
#

---------------  S U M M A R Y ------------

Command Line: -XX:+ShowCodeDetailsInExceptionMessages com.xbuilders.game.Main

Host: AMD Ryzen 7 5700U with Radeon Graphics         , 16 cores, 15G,  Windows 10 , 64 bit Build 22621 (10.0.22621.3527)
Time: Mon May 13 22:01:34 2024 Mountain Daylight Time elapsed time: 10.243455 seconds (0d 0h 0m 10s)

---------------  T H R E A D  ---------------

Current thread (0x000001cd0f2888c0):  JavaThread "main" [_thread_in_native, id=11384, stack(0x0000009b36800000,0x0000009b36900000)]

Stack: [0x0000009b36800000,0x0000009b36900000],  sp=0x0000009b368fe240,  free space=1016k
Native frames: (J=compiled Java code, j=interpreted, Vv=VM code, C=native code)
C  [lwjgl_stb.dll+0x2e567]

Java frames: (J=compiled Java code, j=interpreted, Vv=VM code)
J 3035  org.lwjgl.stb.STBTruetype.nstbtt_GetPackedQuad(JIIIJJJI)V (0 bytes) @ 0x000001cd1e76369b [0x000001cd1e763620+0x000000000000007b]
J 3288 c2 org.lwjgl.nuklear.NkQueryFontGlyphCallbackI.callback(JJ)V (68 bytes) @ 0x000001cd1e82205c [0x000001cd1e821e00+0x000000000000025c]
v  ~StubRoutines::call_stub
J 3769  org.lwjgl.nuklear.Nuklear.nnk_convert(JJJJJ)I (0 bytes) @ 0x000001cd1e88fafe [0x000001cd1e88faa0+0x000000000000005e]
j  org.lwjgl.nuklear.Nuklear.nk_convert(Lorg/lwjgl/nuklear/NkContext;Lorg/lwjgl/nuklear/NkBuffer;Lorg/lwjgl/nuklear/NkBuffer;Lorg/lwjgl/nuklear/NkBuffer;Lorg/lwjgl/nuklear/NkConvertConfig;)I+35
J 3735 c1 com.xbuilders.window.NKWindow.NKrender(III)V (695 bytes) @ 0x000001cd178f907c [0x000001cd178f6aa0+0x00000000000025dc]
j  com.xbuilders.engine.ui.gameScene.GameUI.draw()V+130
j  com.xbuilders.engine.gameScene.GameScene.render()V+101
j  com.xbuilders.game.Main.render()V+9
j  com.xbuilders.game.Main.run()V+45
j  com.xbuilders.game.Main.main([Ljava/lang/String;)V+74
v  ~StubRoutines::call_stub

siginfo: EXCEPTION_ACCESS_VIOLATION (0xc0000005), reading address 0x000001cd3f6f3df4


Register to memory mapping:

RIP=0x00007ffaddc4e567 lwjgl_stb.dll
RAX=0xffffffffffffffe9 is an unknown value
RBX=0x000001cd3f6f3dec is an unknown value
RCX=0x000001cd3f6f4070 points into unknown readable memory: 0x000403fb000103f8 | f8 03 01 00 fb 03 04 00
RDX=0x0000000000000400 is an unknown value
RSP=0x0000009b368fe240 is pointing into the stack for thread: 0x000001cd0f2888c0
RBP=0x0000009b368fe380 is pointing into the stack for thread: 0x000001cd0f2888c0
RSI=0x000001cd33a7284c points into unknown readable memory: 00 00 00 00
RDI=0x000001cd33a72828 points into unknown readable memory: 0xbec00000bec00000 | 00 00 c0 be 00 00 c0 be
R8 =0x0000000000000400 is an unknown value
R9 =0x00000000ffffffe9 is an unknown value
R10=0x00007ffaddc50a20 lwjgl_stb.dll
R11=0x0 is NULL
R12=0x0 is NULL
R13=0x0000000000000009 is an unknown value
R14=0x0000009b368fe370 is pointing into the stack for thread: 0x000001cd0f2888c0
R15=0x000001cd0f2888c0 is a thread


Registers:
RAX=0xffffffffffffffe9, RBX=0x000001cd3f6f3dec, RCX=0x000001cd3f6f4070, RDX=0x0000000000000400
RSP=0x0000009b368fe240, RBP=0x0000009b368fe380, RSI=0x000001cd33a7284c, RDI=0x000001cd33a72828
R8 =0x0000000000000400, R9 =0x00000000ffffffe9, R10=0x00007ffaddc50a20, R11=0x0000000000000000
R12=0x0000000000000000, R13=0x0000000000000009, R14=0x0000009b368fe370, R15=0x000001cd0f2888c0
RIP=0x00007ffaddc4e567, EFLAGS=0x0000000000010246

Top of Stack: (sp=0x0000009b368fe240)
0x0000009b368fe240:   0000000000000015 0000000000000000
0x0000009b368fe250:   0000000000020000 00007ffaa49821b0
0x0000009b368fe260:   000000003f000000 0000000000000000
0x0000009b368fe270:   0000000041000000 0000000000000000
0x0000009b368fe280:   0000000000000000 0000000800000000
0x0000009b368fe290:   00000000ffffffe9 00007ffaddc50a6b
0x0000009b368fe2a0:   000001cd33a7284c 000001cd33a7284c
0x0000009b368fe2b0:   6f4d206c61696365 000001cd0f2888c0
0x0000009b368fe2c0:   000001cd33a7284c 000001cd33a72848
0x0000009b368fe2d0:   000001cd33a72828 00007ffa00000000
0x0000009b368fe2e0:   0000009b368fe370 000001cd1e76373b
0x0000009b368fe2f0:   000001cd3f7c4b20 000001cd33a7284c
0x0000009b368fe300:   0000000000000000 000001cd1e74e196
0x0000009b368fe310:   0000000000000400 00000000ffffffe9
0x0000009b368fe320:   000001cd33a7284c 000001cd33a72848
0x0000009b368fe330:   000001cd33a72828 0000000000000000 

Instructions: (pc=0x00007ffaddc4e567)
0x00007ffaddc4e467:   0f bf cf 0f af d1 f3 0f 5e d0 0f bf cf 66 03 d0
0x00007ffaddc4e477:   43 0f b6 44 1a 07 44 0f bf ca 43 0f b6 54 1a 06
0x00007ffaddc4e487:   0f af d1 0f bf cf 66 41 0f 6e c1 0f 5b c0 66 03
0x00007ffaddc4e497:   d0 43 0f b6 44 1a 09 44 0f bf c2 43 0f b6 54 1a
0x00007ffaddc4e4a7:   08 0f af d1 f3 0f 59 c2 66 41 0f 6e c8 0f 5b c9
0x00007ffaddc4e4b7:   66 03 d0 48 8b 84 24 f0 00 00 00 0f bf ca f3 0f
0x00007ffaddc4e4c7:   11 03 48 8b 9c 24 d0 00 00 00 66 0f 6e c1 0f 5b
0x00007ffaddc4e4d7:   c0 f3 0f 59 ca f3 0f 59 c2 f3 0f 11 08 48 8b 84
0x00007ffaddc4e4e7:   24 f8 00 00 00 f3 0f 11 00 48 81 c4 c0 00 00 00
0x00007ffaddc4e4f7:   5f c3 cc cc cc cc cc cc cc 48 89 5c 24 08 48 89
0x00007ffaddc4e507:   74 24 10 57 48 83 ec 50 48 8b b4 24 80 00 00 00
0x00007ffaddc4e517:   48 8b bc 24 90 00 00 00 44 0f 29 44 24 30 f3 44
0x00007ffaddc4e527:   0f 10 05 7e ce 03 00 f3 0f 10 0e 44 0f 29 4c 24
0x00007ffaddc4e537:   20 45 0f 28 c8 49 63 c1 48 6b d8 1c 66 0f 6e c2
0x00007ffaddc4e547:   0f 5b c0 48 03 d9 83 bc 24 98 00 00 00 00 f3 44
0x00007ffaddc4e557:   0f 5e c8 66 41 0f 6e c0 0f 5b c0 f3 44 0f 5e c0
0x00007ffaddc4e567:   f3 0f 10 43 08 f3 0f 58 c1 74 75 f3 0f 58 05 16
0x00007ffaddc4e577:   ce 03 00 0f 29 7c 24 40 0f 5a c0 e8 b1 cb 02 00
0x00007ffaddc4e587:   f3 0f 10 4b 0c 0f 57 ff f2 0f 2c c0 f3 0f 2a f8
0x00007ffaddc4e597:   48 8b 84 24 88 00 00 00 f3 0f 58 08 f3 0f 58 0d
0x00007ffaddc4e5a7:   e5 cd 03 00 0f 5a c1 e8 85 cb 02 00 f3 0f 11 3f
0x00007ffaddc4e5b7:   0f 57 c9 f2 0f 2c c0 f3 0f 2a c8 f3 0f 11 4f 04
0x00007ffaddc4e5c7:   f3 0f 58 7b 14 f3 0f 5c 7b 08 f3 0f 11 7f 10 f3
0x00007ffaddc4e5d7:   0f 58 4b 18 0f 28 7c 24 40 f3 0f 5c 4b 0c eb 31
0x00007ffaddc4e5e7:   48 8b 84 24 88 00 00 00 f3 0f 11 07 f3 0f 10 43
0x00007ffaddc4e5f7:   0c f3 0f 58 00 f3 0f 11 47 04 f3 0f 10 06 f3 0f
0x00007ffaddc4e607:   58 43 14 f3 0f 11 47 10 f3 0f 10 08 f3 0f 58 4b
0x00007ffaddc4e617:   18 f3 0f 11 4f 14 0f b7 03 66 0f 6e c0 0f 5b c0
0x00007ffaddc4e627:   f3 41 0f 59 c1 f3 0f 11 47 08 0f b7 43 02 66 0f
0x00007ffaddc4e637:   6e c8 0f 5b c9 f3 41 0f 59 c8 f3 0f 11 4f 0c 0f
0x00007ffaddc4e647:   b7 43 04 66 0f 6e c0 0f 5b c0 f3 41 0f 59 c1 44
0x00007ffaddc4e657:   0f 28 4c 24 20 f3 0f 11 47 18 0f b7 43 06 66 0f 


Stack slot to memory mapping:
stack at sp + 0 slots: 0x0000000000000015 is an unknown value
stack at sp + 1 slots: 0x0 is NULL
stack at sp + 2 slots: 0x0000000000020000 is an unknown value
stack at sp + 3 slots: 0x00007ffaa49821b0 atio6axx.dll
stack at sp + 4 slots: 0x000000003f000000 is an unknown value
stack at sp + 5 slots: 0x0 is NULL
stack at sp + 6 slots: 0x0000000041000000 is an unknown value
stack at sp + 7 slots: 0x0 is NULL


---------------  P R O C E S S  ---------------

Threads class SMR info:
_java_thread_list=0x000001cd43cac630, length=68, elements={
0x000001cd0f2888c0, 0x000001cd3245ac00, 0x000001cd3245b870, 0x000001cd324735a0,
0x000001cd32473e60, 0x000001cd32474720, 0x000001cd32474fe0, 0x000001cd3247a2a0,
0x000001cd3247ac50, 0x000001cd32488590, 0x000001cd331774a0, 0x000001cd33183510,
0x000001cd33b87c60, 0x000001cd33b88130, 0x000001cd33b8bc30, 0x000001cd351bb080,
0x000001cd3577daa0, 0x000001cd3531d560, 0x000001cd4c762c20, 0x000001cd4c7630f0,
0x000001cd4c7665e0, 0x000001cd4c764430, 0x000001cd4c7635c0, 0x000001cd4c767df0,
0x000001cd4c764900, 0x000001cd4c765770, 0x000001cd4c767450, 0x000001cd4c769ad0,
0x000001cd4c768c60, 0x000001cd4c764dd0, 0x000001cd4c762750, 0x000001cd4c769fa0,
0x000001cd4c766f80, 0x000001cd4c763a90, 0x000001cd4c7682c0, 0x000001cd4c7652a0,
0x000001cd4c769130, 0x000001cd4c763f60, 0x000001cd4c767920, 0x000001cd4c765c40,
0x000001cd4c769600, 0x000001cd44f3d880, 0x000001cd4c8ea970, 0x000001cd4c766110,
0x000001cd4c766ab0, 0x000001cd4c768790, 0x000001cd5e0e2810, 0x000001cd5e0e2340,
0x000001cd5e0dd170, 0x000001cd5e0dee50, 0x000001cd5e0e1000, 0x000001cd5e0db960,
0x000001cd5e0e14d0, 0x000001cd5e0dcca0, 0x000001cd5e0dbe30, 0x000001cd5e0de4b0,
0x000001cd5e0e0190, 0x000001cd5e0e19a0, 0x000001cd5e0df320, 0x000001cd5e0dd640,
0x000001cd5e0df7f0, 0x000001cd5e0dc300, 0x000001cd5e0e0660, 0x000001cd5e0e0b30,
0x000001cd5e0de980, 0x000001cd5e0ddfe0, 0x000001cd5e0dfcc0, 0x000001cd62af0380
}

Java Threads: ( => current thread )
=>0x000001cd0f2888c0 JavaThread "main" [_thread_in_native, id=11384, stack(0x0000009b36800000,0x0000009b36900000)]
  0x000001cd3245ac00 JavaThread "Reference Handler" daemon [_thread_blocked, id=24204, stack(0x0000009b36f00000,0x0000009b37000000)]
  0x000001cd3245b870 JavaThread "Finalizer" daemon [_thread_blocked, id=23348, stack(0x0000009b37000000,0x0000009b37100000)]
  0x000001cd324735a0 JavaThread "Signal Dispatcher" daemon [_thread_blocked, id=392, stack(0x0000009b37100000,0x0000009b37200000)]
  0x000001cd32473e60 JavaThread "Attach Listener" daemon [_thread_blocked, id=12696, stack(0x0000009b37200000,0x0000009b37300000)]
  0x000001cd32474720 JavaThread "Service Thread" daemon [_thread_blocked, id=20956, stack(0x0000009b37300000,0x0000009b37400000)]
  0x000001cd32474fe0 JavaThread "Monitor Deflation Thread" daemon [_thread_blocked, id=18996, stack(0x0000009b37400000,0x0000009b37500000)]
  0x000001cd3247a2a0 JavaThread "C2 CompilerThread0" daemon [_thread_blocked, id=6608, stack(0x0000009b37500000,0x0000009b37600000)]
  0x000001cd3247ac50 JavaThread "C1 CompilerThread0" daemon [_thread_blocked, id=10180, stack(0x0000009b37600000,0x0000009b37700000)]
  0x000001cd32488590 JavaThread "Sweeper thread" daemon [_thread_blocked, id=19112, stack(0x0000009b37700000,0x0000009b37800000)]
  0x000001cd331774a0 JavaThread "Notification Thread" daemon [_thread_blocked, id=17664, stack(0x0000009b37900000,0x0000009b37a00000)]
  0x000001cd33183510 JavaThread "Common-Cleaner" daemon [_thread_blocked, id=4980, stack(0x0000009b37b00000,0x0000009b37c00000)]
  0x000001cd33b87c60 JavaThread "Java2D Disposer" daemon [_thread_blocked, id=17336, stack(0x0000009b37f00000,0x0000009b38000000)]
  0x000001cd33b88130 JavaThread "AWT-Shutdown" [_thread_blocked, id=17112, stack(0x0000009b38000000,0x0000009b38100000)]
  0x000001cd33b8bc30 JavaThread "AWT-Windows" daemon [_thread_in_native, id=3852, stack(0x0000009b38100000,0x0000009b38200000)]
  0x000001cd351bb080 JavaThread "AWT-EventQueue-0" [_thread_blocked, id=19824, stack(0x0000009b37d00000,0x0000009b37e00000)]
  0x000001cd3577daa0 JavaThread "D3D Screen Updater" daemon [_thread_blocked, id=3792, stack(0x0000009b38e00000,0x0000009b38f00000)]
  0x000001cd3531d560 JavaThread "Generation Thread" daemon [_thread_blocked, id=1996, stack(0x0000009b37c00000,0x0000009b37d00000)]
  0x000001cd4c762c20 JavaThread "Generation Thread" daemon [_thread_blocked, id=22212, stack(0x0000009b39900000,0x0000009b39a00000)]
  0x000001cd4c7630f0 JavaThread "Generation Thread" daemon [_thread_blocked, id=9500, stack(0x0000009b39d00000,0x0000009b39e00000)]
  0x000001cd4c7665e0 JavaThread "Generation Thread" daemon [_thread_blocked, id=10904, stack(0x0000009b39e00000,0x0000009b39f00000)]
  0x000001cd4c764430 JavaThread "Generation Thread" daemon [_thread_blocked, id=21780, stack(0x0000009b39f00000,0x0000009b3a000000)]
  0x000001cd4c7635c0 JavaThread "Generation Thread" daemon [_thread_blocked, id=24232, stack(0x0000009b3a000000,0x0000009b3a100000)]
  0x000001cd4c767df0 JavaThread "Generation Thread" daemon [_thread_blocked, id=7904, stack(0x0000009b3a100000,0x0000009b3a200000)]
  0x000001cd4c764900 JavaThread "Generation Thread" daemon [_thread_blocked, id=22696, stack(0x0000009b3a200000,0x0000009b3a300000)]
  0x000001cd4c765770 JavaThread "Generation Thread" daemon [_thread_blocked, id=13516, stack(0x0000009b3a300000,0x0000009b3a400000)]
  0x000001cd4c767450 JavaThread "Generation Thread" daemon [_thread_blocked, id=11220, stack(0x0000009b3a400000,0x0000009b3a500000)]
  0x000001cd4c769ad0 JavaThread "Generation Thread" daemon [_thread_blocked, id=10916, stack(0x0000009b3a500000,0x0000009b3a600000)]
  0x000001cd4c768c60 JavaThread "Generation Thread" daemon [_thread_blocked, id=11660, stack(0x0000009b3a600000,0x0000009b3a700000)]
  0x000001cd4c764dd0 JavaThread "Generation Thread" daemon [_thread_blocked, id=17888, stack(0x0000009b3a700000,0x0000009b3a800000)]
  0x000001cd4c762750 JavaThread "Generation Thread" daemon [_thread_blocked, id=5544, stack(0x0000009b3a800000,0x0000009b3a900000)]
  0x000001cd4c769fa0 JavaThread "Generation Thread" daemon [_thread_blocked, id=4668, stack(0x0000009b3a900000,0x0000009b3aa00000)]
  0x000001cd4c766f80 JavaThread "Generation Thread" daemon [_thread_blocked, id=5188, stack(0x0000009b3aa00000,0x0000009b3ab00000)]
  0x000001cd4c763a90 JavaThread "Generation Thread" daemon [_thread_blocked, id=1260, stack(0x0000009b3ab00000,0x0000009b3ac00000)]
  0x000001cd4c7682c0 JavaThread "Generation Thread" daemon [_thread_blocked, id=5292, stack(0x0000009b3ac00000,0x0000009b3ad00000)]
  0x000001cd4c7652a0 JavaThread "Generation Thread" daemon [_thread_blocked, id=17304, stack(0x0000009b3ad00000,0x0000009b3ae00000)]
  0x000001cd4c769130 JavaThread "Generation Thread" daemon [_thread_blocked, id=3212, stack(0x0000009b3ae00000,0x0000009b3af00000)]
  0x000001cd4c763f60 JavaThread "Generation Thread" daemon [_thread_blocked, id=22036, stack(0x0000009b3af00000,0x0000009b3b000000)]
  0x000001cd4c767920 JavaThread "Generation Thread" daemon [_thread_blocked, id=11068, stack(0x0000009b3b000000,0x0000009b3b100000)]
  0x000001cd4c765c40 JavaThread "Generation Thread" daemon [_thread_blocked, id=14276, stack(0x0000009b3b100000,0x0000009b3b200000)]
  0x000001cd4c769600 JavaThread "Generation Thread" daemon [_thread_blocked, id=11576, stack(0x0000009b3b200000,0x0000009b3b300000)]
  0x000001cd44f3d880 JavaThread "C1 CompilerThread1" daemon [_thread_blocked, id=17864, stack(0x0000009b3b300000,0x0000009b3b400000)]
  0x000001cd4c8ea970 JavaThread "C1 CompilerThread2" daemon [_thread_blocked, id=2336, stack(0x0000009b3b400000,0x0000009b3b500000)]
  0x000001cd4c766110 JavaThread "Mesh Thread" daemon [_thread_blocked, id=19688, stack(0x0000009b3ba00000,0x0000009b3bb00000)]
  0x000001cd4c766ab0 JavaThread "Mesh Thread" daemon [_thread_blocked, id=11380, stack(0x0000009b3bb00000,0x0000009b3bc00000)]
  0x000001cd4c768790 JavaThread "Mesh Thread" daemon [_thread_blocked, id=1892, stack(0x0000009b3bc00000,0x0000009b3bd00000)]
  0x000001cd5e0e2810 JavaThread "Mesh Thread" daemon [_thread_blocked, id=12924, stack(0x0000009b3bd00000,0x0000009b3be00000)]
  0x000001cd5e0e2340 JavaThread "Mesh Thread" daemon [_thread_blocked, id=13944, stack(0x0000009b3be00000,0x0000009b3bf00000)]
  0x000001cd5e0dd170 JavaThread "Mesh Thread" daemon [_thread_blocked, id=2056, stack(0x0000009b3bf00000,0x0000009b3c000000)]
  0x000001cd5e0dee50 JavaThread "Mesh Thread" daemon [_thread_blocked, id=18228, stack(0x0000009b3c000000,0x0000009b3c100000)]
  0x000001cd5e0e1000 JavaThread "Mesh Thread" daemon [_thread_blocked, id=13688, stack(0x0000009b3c100000,0x0000009b3c200000)]
  0x000001cd5e0db960 JavaThread "Mesh Thread" daemon [_thread_blocked, id=9604, stack(0x0000009b3c200000,0x0000009b3c300000)]
  0x000001cd5e0e14d0 JavaThread "Mesh Thread" daemon [_thread_blocked, id=10976, stack(0x0000009b3c300000,0x0000009b3c400000)]
  0x000001cd5e0dcca0 JavaThread "Mesh Thread" daemon [_thread_blocked, id=14880, stack(0x0000009b3c400000,0x0000009b3c500000)]
  0x000001cd5e0dbe30 JavaThread "Mesh Thread" daemon [_thread_blocked, id=22876, stack(0x0000009b3c500000,0x0000009b3c600000)]
  0x000001cd5e0de4b0 JavaThread "Mesh Thread" daemon [_thread_blocked, id=1444, stack(0x0000009b3c600000,0x0000009b3c700000)]
  0x000001cd5e0e0190 JavaThread "Mesh Thread" daemon [_thread_blocked, id=23548, stack(0x0000009b3c700000,0x0000009b3c800000)]
  0x000001cd5e0e19a0 JavaThread "Mesh Thread" daemon [_thread_blocked, id=10516, stack(0x0000009b3c800000,0x0000009b3c900000)]
  0x000001cd5e0df320 JavaThread "Mesh Thread" daemon [_thread_blocked, id=15516, stack(0x0000009b3c900000,0x0000009b3ca00000)]
  0x000001cd5e0dd640 JavaThread "Mesh Thread" daemon [_thread_blocked, id=12640, stack(0x0000009b3ca00000,0x0000009b3cb00000)]
  0x000001cd5e0df7f0 JavaThread "Mesh Thread" daemon [_thread_blocked, id=11792, stack(0x0000009b3cb00000,0x0000009b3cc00000)]
  0x000001cd5e0dc300 JavaThread "Mesh Thread" daemon [_thread_blocked, id=7540, stack(0x0000009b3cc00000,0x0000009b3cd00000)]
  0x000001cd5e0e0660 JavaThread "Mesh Thread" daemon [_thread_blocked, id=21220, stack(0x0000009b3cd00000,0x0000009b3ce00000)]
  0x000001cd5e0e0b30 JavaThread "Mesh Thread" daemon [_thread_blocked, id=5972, stack(0x0000009b3ce00000,0x0000009b3cf00000)]
  0x000001cd5e0de980 JavaThread "Mesh Thread" daemon [_thread_blocked, id=19488, stack(0x0000009b3cf00000,0x0000009b3d000000)]
  0x000001cd5e0ddfe0 JavaThread "Mesh Thread" daemon [_thread_blocked, id=6908, stack(0x0000009b3d000000,0x0000009b3d100000)]
  0x000001cd5e0dfcc0 JavaThread "Mesh Thread" daemon [_thread_blocked, id=8260, stack(0x0000009b3d100000,0x0000009b3d200000)]
  0x000001cd62af0380 JavaThread "C1 CompilerThread3" daemon [_thread_blocked, id=14892, stack(0x0000009b3b700000,0x0000009b3b800000)]

Other Threads:
  0x000001cd32456100 VMThread "VM Thread" [stack: 0x0000009b36e00000,0x0000009b36f00000] [id=18464]
  0x000001cd0f2fbcf0 WatcherThread [stack: 0x0000009b37a00000,0x0000009b37b00000] [id=20840]
  0x000001cd0f2ddac0 GCTaskThread "GC Thread#0" [stack: 0x0000009b36900000,0x0000009b36a00000] [id=13292]
  0x000001cd3540ef80 GCTaskThread "GC Thread#1" [stack: 0x0000009b39000000,0x0000009b39100000] [id=6184]
  0x000001cd3540f230 GCTaskThread "GC Thread#2" [stack: 0x0000009b39100000,0x0000009b39200000] [id=22912]
  0x000001cd3540f8f0 GCTaskThread "GC Thread#3" [stack: 0x0000009b39200000,0x0000009b39300000] [id=21084]
  0x000001cd35410bd0 GCTaskThread "GC Thread#4" [stack: 0x0000009b39300000,0x0000009b39400000] [id=22764]
  0x000001cd3528cd20 GCTaskThread "GC Thread#5" [stack: 0x0000009b39400000,0x0000009b39500000] [id=20340]
  0x000001cd353e2210 GCTaskThread "GC Thread#6" [stack: 0x0000009b39500000,0x0000009b39600000] [id=23220]
  0x000001cd353cdc30 GCTaskThread "GC Thread#7" [stack: 0x0000009b39600000,0x0000009b39700000] [id=9796]
  0x000001cd353cdee0 GCTaskThread "GC Thread#8" [stack: 0x0000009b39700000,0x0000009b39800000] [id=15008]
  0x000001cd353ce5a0 GCTaskThread "GC Thread#9" [stack: 0x0000009b39800000,0x0000009b39900000] [id=7496]
  0x000001cd3efe6320 GCTaskThread "GC Thread#10" [stack: 0x0000009b39a00000,0x0000009b39b00000] [id=1360]
  0x000001cd3f686090 GCTaskThread "GC Thread#11" [stack: 0x0000009b39b00000,0x0000009b39c00000] [id=17564]
  0x000001cd3f684860 GCTaskThread "GC Thread#12" [stack: 0x0000009b39c00000,0x0000009b39d00000] [id=1440]
  0x000001cd0f2ede50 ConcurrentGCThread "G1 Main Marker" [stack: 0x0000009b36a00000,0x0000009b36b00000] [id=17732]
  0x000001cd0f2ee760 ConcurrentGCThread "G1 Conc#0" [stack: 0x0000009b36b00000,0x0000009b36c00000] [id=11536]
  0x000001cd44f0b7d0 ConcurrentGCThread "G1 Conc#1" [stack: 0x0000009b3d300000,0x0000009b3d400000] [id=13120]
  0x000001cd44f0a7b0 ConcurrentGCThread "G1 Conc#2" [stack: 0x0000009b3d400000,0x0000009b3d500000] [id=9716]
  0x000001cd0f33eb10 ConcurrentGCThread "G1 Refine#0" [stack: 0x0000009b36c00000,0x0000009b36d00000] [id=12028]
  0x000001cd32315640 ConcurrentGCThread "G1 Service" [stack: 0x0000009b36d00000,0x0000009b36e00000] [id=2176]

Threads with active compile tasks:

VM state: not at safepoint (normal execution)

VM Mutex/Monitor currently owned by a thread: None

Heap address: 0x000000070ac00000, size: 3924 MB, Compressed Oops mode: Zero based, Oop shift amount: 3

CDS archive(s) mapped at: [0x0000000800000000-0x0000000800bc0000-0x0000000800bc0000), size 12320768, SharedBaseAddress: 0x0000000800000000, ArchiveRelocationMode: 0.
Compressed class space mapped at: 0x0000000800c00000-0x0000000840c00000, reserved size: 1073741824
Narrow klass base: 0x0000000800000000, Narrow klass shift: 0, Narrow klass range: 0x100000000

GC Precious Log:
 CPUs: 16 total, 16 available
 Memory: 15695M
 Large Page Support: Disabled
 NUMA Support: Disabled
 Compressed Oops: Enabled (Zero based)
 Heap Region Size: 2M
 Heap Min Capacity: 8M
 Heap Initial Capacity: 246M
 Heap Max Capacity: 3924M
 Pre-touch: Disabled
 Parallel Workers: 13
 Concurrent Workers: 3
 Concurrent Refinement Workers: 13
 Periodic GC: Disabled

Heap:
 garbage-first heap   total 274432K, used 85317K [0x000000070ac00000, 0x0000000800000000)
  region size 2048K, 12 young (24576K), 8 survivors (16384K)
 Metaspace       used 21761K, committed 22144K, reserved 1073152K
  class space    used 1890K, committed 2048K, reserved 1048576K

Heap Regions: E=young(eden), S=young(survivor), O=old, HS=humongous(starts), HC=humongous(continues), CS=collection set, F=free, OA=open archive, CA=closed archive, TAMS=top-at-mark-start (previous, next)
|   0|0x000000070ac00000, 0x000000070ae00000, 0x000000070ae00000|100%| O|  |TAMS 0x000000070ae00000, 0x000000070ac00000| Untracked 
|   1|0x000000070ae00000, 0x000000070b000000, 0x000000070b000000|100%| O|  |TAMS 0x000000070b000000, 0x000000070ae00000| Untracked 
|   2|0x000000070b000000, 0x000000070b200000, 0x000000070b200000|100%| O|  |TAMS 0x000000070b200000, 0x000000070b000000| Untracked 
|   3|0x000000070b200000, 0x000000070b400000, 0x000000070b400000|100%| O|  |TAMS 0x000000070b400000, 0x000000070b200000| Untracked 
|   4|0x000000070b400000, 0x000000070b600000, 0x000000070b600000|100%| O|  |TAMS 0x000000070b600000, 0x000000070b400000| Untracked 
|   5|0x000000070b600000, 0x000000070b800000, 0x000000070b800000|100%| O|  |TAMS 0x000000070b800000, 0x000000070b600000| Untracked 
|   6|0x000000070b800000, 0x000000070ba00000, 0x000000070ba00000|100%| O|  |TAMS 0x000000070ba00000, 0x000000070b800000| Untracked 
|   7|0x000000070ba00000, 0x000000070bc00000, 0x000000070bc00000|100%| O|  |TAMS 0x000000070bc00000, 0x000000070ba00000| Complete 
|   8|0x000000070bc00000, 0x000000070be00000, 0x000000070be00000|100%| O|  |TAMS 0x000000070be00000, 0x000000070bc00000| Untracked 
|   9|0x000000070be00000, 0x000000070c000000, 0x000000070c000000|100%| O|  |TAMS 0x000000070c000000, 0x000000070be00000| Complete 
|  10|0x000000070c000000, 0x000000070c000000, 0x000000070c200000|  0%| F|  |TAMS 0x000000070c000000, 0x000000070c000000| Untracked 
|  11|0x000000070c200000, 0x000000070c400000, 0x000000070c400000|100%| O|  |TAMS 0x000000070c400000, 0x000000070c200000| Complete 
|  12|0x000000070c400000, 0x000000070c600000, 0x000000070c600000|100%| O|  |TAMS 0x000000070c600000, 0x000000070c400000| Untracked 
|  13|0x000000070c600000, 0x000000070c800000, 0x000000070c800000|100%| O|  |TAMS 0x000000070c800000, 0x000000070c600000| Untracked 
|  14|0x000000070c800000, 0x000000070ca00000, 0x000000070ca00000|100%| O|  |TAMS 0x000000070ca00000, 0x000000070c800000| Untracked 
|  15|0x000000070ca00000, 0x000000070cc00000, 0x000000070cc00000|100%| O|  |TAMS 0x000000070cc00000, 0x000000070ca00000| Untracked 
|  16|0x000000070cc00000, 0x000000070ce00000, 0x000000070ce00000|100%| O|  |TAMS 0x000000070ce00000, 0x000000070cc00000| Complete 
|  17|0x000000070ce00000, 0x000000070d000000, 0x000000070d000000|100%| O|  |TAMS 0x000000070d000000, 0x000000070ce00000| Complete 
|  18|0x000000070d000000, 0x000000070d200000, 0x000000070d200000|100%| O|  |TAMS 0x000000070d200000, 0x000000070d000000| Complete 
|  19|0x000000070d200000, 0x000000070d400000, 0x000000070d400000|100%| O|  |TAMS 0x000000070d400000, 0x000000070d200000| Complete 
|  20|0x000000070d400000, 0x000000070d600000, 0x000000070d600000|100%| O|  |TAMS 0x000000070d600000, 0x000000070d400000| Complete 
|  21|0x000000070d600000, 0x000000070d800000, 0x000000070d800000|100%| O|  |TAMS 0x000000070d800000, 0x000000070d600000| Complete 
|  22|0x000000070d800000, 0x000000070da00000, 0x000000070da00000|100%| O|  |TAMS 0x000000070da00000, 0x000000070d800000| Untracked 
|  23|0x000000070da00000, 0x000000070dc00000, 0x000000070dc00000|100%| O|  |TAMS 0x000000070dc00000, 0x000000070da00000| Untracked 
|  24|0x000000070dc00000, 0x000000070de00000, 0x000000070de00000|100%| O|  |TAMS 0x000000070de00000, 0x000000070dc00000| Untracked 
|  25|0x000000070de00000, 0x000000070e000000, 0x000000070e000000|100%| O|  |TAMS 0x000000070e000000, 0x000000070de00000| Untracked 
|  26|0x000000070e000000, 0x000000070e200000, 0x000000070e200000|100%| O|  |TAMS 0x000000070e200000, 0x000000070e000000| Untracked 
|  27|0x000000070e200000, 0x000000070e400000, 0x000000070e400000|100%| O|  |TAMS 0x000000070e400000, 0x000000070e200000| Untracked 
|  28|0x000000070e400000, 0x000000070e600000, 0x000000070e600000|100%| O|  |TAMS 0x000000070e600000, 0x000000070e400000| Untracked 
|  29|0x000000070e600000, 0x000000070e800000, 0x000000070e800000|100%| O|  |TAMS 0x000000070e800000, 0x000000070e600000| Untracked 
|  30|0x000000070e800000, 0x000000070ea00000, 0x000000070ea00000|100%| O|  |TAMS 0x000000070ea00000, 0x000000070e800000| Untracked 
|  31|0x000000070ea00000, 0x000000070eba1000, 0x000000070ec00000| 81%| O|  |TAMS 0x000000070eba1000, 0x000000070ea00000| Untracked 
|  32|0x000000070ec00000, 0x000000070ec00000, 0x000000070ee00000|  0%| F|  |TAMS 0x000000070ec00000, 0x000000070ec00000| Untracked 
|  33|0x000000070ee00000, 0x000000070ee00000, 0x000000070f000000|  0%| F|  |TAMS 0x000000070ee00000, 0x000000070ee00000| Untracked 
|  34|0x000000070f000000, 0x000000070f000000, 0x000000070f200000|  0%| F|  |TAMS 0x000000070f000000, 0x000000070f000000| Untracked 
|  35|0x000000070f200000, 0x000000070f200000, 0x000000070f400000|  0%| F|  |TAMS 0x000000070f200000, 0x000000070f200000| Untracked 
|  36|0x000000070f400000, 0x000000070f400000, 0x000000070f600000|  0%| F|  |TAMS 0x000000070f400000, 0x000000070f400000| Untracked 
|  37|0x000000070f600000, 0x000000070f600000, 0x000000070f800000|  0%| F|  |TAMS 0x000000070f600000, 0x000000070f600000| Untracked 
|  38|0x000000070f800000, 0x000000070f800000, 0x000000070fa00000|  0%| F|  |TAMS 0x000000070f800000, 0x000000070f800000| Untracked 
|  39|0x000000070fa00000, 0x000000070fa00000, 0x000000070fc00000|  0%| F|  |TAMS 0x000000070fa00000, 0x000000070fa00000| Untracked 
|  40|0x000000070fc00000, 0x000000070fc00000, 0x000000070fe00000|  0%| F|  |TAMS 0x000000070fc00000, 0x000000070fc00000| Untracked 
|  41|0x000000070fe00000, 0x000000070fe00000, 0x0000000710000000|  0%| F|  |TAMS 0x000000070fe00000, 0x000000070fe00000| Untracked 
|  42|0x0000000710000000, 0x0000000710000000, 0x0000000710200000|  0%| F|  |TAMS 0x0000000710000000, 0x0000000710000000| Untracked 
|  43|0x0000000710200000, 0x0000000710200000, 0x0000000710400000|  0%| F|  |TAMS 0x0000000710200000, 0x0000000710200000| Untracked 
|  44|0x0000000710400000, 0x0000000710400000, 0x0000000710600000|  0%| F|  |TAMS 0x0000000710400000, 0x0000000710400000| Untracked 
|  45|0x0000000710600000, 0x0000000710600000, 0x0000000710800000|  0%| F|  |TAMS 0x0000000710600000, 0x0000000710600000| Untracked 
|  46|0x0000000710800000, 0x0000000710800000, 0x0000000710a00000|  0%| F|  |TAMS 0x0000000710800000, 0x0000000710800000| Untracked 
|  47|0x0000000710a00000, 0x0000000710a00000, 0x0000000710c00000|  0%| F|  |TAMS 0x0000000710a00000, 0x0000000710a00000| Untracked 
|  48|0x0000000710c00000, 0x0000000710c00000, 0x0000000710e00000|  0%| F|  |TAMS 0x0000000710c00000, 0x0000000710c00000| Untracked 
|  49|0x0000000710e00000, 0x0000000710e00000, 0x0000000711000000|  0%| F|  |TAMS 0x0000000710e00000, 0x0000000710e00000| Untracked 
|  50|0x0000000711000000, 0x0000000711000000, 0x0000000711200000|  0%| F|  |TAMS 0x0000000711000000, 0x0000000711000000| Untracked 
|  51|0x0000000711200000, 0x0000000711200000, 0x0000000711400000|  0%| F|  |TAMS 0x0000000711200000, 0x0000000711200000| Untracked 
|  52|0x0000000711400000, 0x0000000711400000, 0x0000000711600000|  0%| F|  |TAMS 0x0000000711400000, 0x0000000711400000| Untracked 
|  53|0x0000000711600000, 0x0000000711600000, 0x0000000711800000|  0%| F|  |TAMS 0x0000000711600000, 0x0000000711600000| Untracked 
|  54|0x0000000711800000, 0x0000000711800000, 0x0000000711a00000|  0%| F|  |TAMS 0x0000000711800000, 0x0000000711800000| Untracked 
|  55|0x0000000711a00000, 0x0000000711a00000, 0x0000000711c00000|  0%| F|  |TAMS 0x0000000711a00000, 0x0000000711a00000| Untracked 
|  56|0x0000000711c00000, 0x0000000711c00000, 0x0000000711e00000|  0%| F|  |TAMS 0x0000000711c00000, 0x0000000711c00000| Untracked 
|  57|0x0000000711e00000, 0x0000000711e00000, 0x0000000712000000|  0%| F|  |TAMS 0x0000000711e00000, 0x0000000711e00000| Untracked 
|  58|0x0000000712000000, 0x0000000712000000, 0x0000000712200000|  0%| F|  |TAMS 0x0000000712000000, 0x0000000712000000| Untracked 
|  59|0x0000000712200000, 0x0000000712200000, 0x0000000712400000|  0%| F|  |TAMS 0x0000000712200000, 0x0000000712200000| Untracked 
|  60|0x0000000712400000, 0x0000000712400000, 0x0000000712600000|  0%| F|  |TAMS 0x0000000712400000, 0x0000000712400000| Untracked 
|  61|0x0000000712600000, 0x0000000712600000, 0x0000000712800000|  0%| F|  |TAMS 0x0000000712600000, 0x0000000712600000| Untracked 
|  62|0x0000000712800000, 0x0000000712800000, 0x0000000712a00000|  0%| F|  |TAMS 0x0000000712800000, 0x0000000712800000| Untracked 
|  63|0x0000000712a00000, 0x0000000712a00000, 0x0000000712c00000|  0%| F|  |TAMS 0x0000000712a00000, 0x0000000712a00000| Untracked 
|  64|0x0000000712c00000, 0x0000000712c00000, 0x0000000712e00000|  0%| F|  |TAMS 0x0000000712c00000, 0x0000000712c00000| Untracked 
|  65|0x0000000712e00000, 0x0000000712e00000, 0x0000000713000000|  0%| F|  |TAMS 0x0000000712e00000, 0x0000000712e00000| Untracked 
|  66|0x0000000713000000, 0x0000000713000000, 0x0000000713200000|  0%| F|  |TAMS 0x0000000713000000, 0x0000000713000000| Untracked 
|  67|0x0000000713200000, 0x0000000713200000, 0x0000000713400000|  0%| F|  |TAMS 0x0000000713200000, 0x0000000713200000| Untracked 
|  68|0x0000000713400000, 0x0000000713400000, 0x0000000713600000|  0%| F|  |TAMS 0x0000000713400000, 0x0000000713400000| Untracked 
|  69|0x0000000713600000, 0x0000000713600000, 0x0000000713800000|  0%| F|  |TAMS 0x0000000713600000, 0x0000000713600000| Untracked 
|  70|0x0000000713800000, 0x0000000713800000, 0x0000000713a00000|  0%| F|  |TAMS 0x0000000713800000, 0x0000000713800000| Untracked 
|  71|0x0000000713a00000, 0x0000000713a00000, 0x0000000713c00000|  0%| F|  |TAMS 0x0000000713a00000, 0x0000000713a00000| Untracked 
|  72|0x0000000713c00000, 0x0000000713c00000, 0x0000000713e00000|  0%| F|  |TAMS 0x0000000713c00000, 0x0000000713c00000| Untracked 
|  73|0x0000000713e00000, 0x0000000713e00000, 0x0000000714000000|  0%| F|  |TAMS 0x0000000713e00000, 0x0000000713e00000| Untracked 
|  74|0x0000000714000000, 0x0000000714000000, 0x0000000714200000|  0%| F|  |TAMS 0x0000000714000000, 0x0000000714000000| Untracked 
|  75|0x0000000714200000, 0x0000000714200000, 0x0000000714400000|  0%| F|  |TAMS 0x0000000714200000, 0x0000000714200000| Untracked 
|  76|0x0000000714400000, 0x0000000714400000, 0x0000000714600000|  0%| F|  |TAMS 0x0000000714400000, 0x0000000714400000| Untracked 
|  77|0x0000000714600000, 0x0000000714600000, 0x0000000714800000|  0%| F|  |TAMS 0x0000000714600000, 0x0000000714600000| Untracked 
|  78|0x0000000714800000, 0x0000000714800000, 0x0000000714a00000|  0%| F|  |TAMS 0x0000000714800000, 0x0000000714800000| Untracked 
|  79|0x0000000714a00000, 0x0000000714a00000, 0x0000000714c00000|  0%| F|  |TAMS 0x0000000714a00000, 0x0000000714a00000| Untracked 
|  80|0x0000000714c00000, 0x0000000714c00000, 0x0000000714e00000|  0%| F|  |TAMS 0x0000000714c00000, 0x0000000714c00000| Untracked 
|  81|0x0000000714e00000, 0x0000000714e00000, 0x0000000715000000|  0%| F|  |TAMS 0x0000000714e00000, 0x0000000714e00000| Untracked 
|  82|0x0000000715000000, 0x0000000715000000, 0x0000000715200000|  0%| F|  |TAMS 0x0000000715000000, 0x0000000715000000| Untracked 
|  83|0x0000000715200000, 0x0000000715200000, 0x0000000715400000|  0%| F|  |TAMS 0x0000000715200000, 0x0000000715200000| Untracked 
|  84|0x0000000715400000, 0x0000000715400000, 0x0000000715600000|  0%| F|  |TAMS 0x0000000715400000, 0x0000000715400000| Untracked 
|  85|0x0000000715600000, 0x0000000715600000, 0x0000000715800000|  0%| F|  |TAMS 0x0000000715600000, 0x0000000715600000| Untracked 
|  86|0x0000000715800000, 0x0000000715800000, 0x0000000715a00000|  0%| F|  |TAMS 0x0000000715800000, 0x0000000715800000| Untracked 
|  87|0x0000000715a00000, 0x0000000715a00000, 0x0000000715c00000|  0%| F|  |TAMS 0x0000000715a00000, 0x0000000715a00000| Untracked 
|  88|0x0000000715c00000, 0x0000000715c00000, 0x0000000715e00000|  0%| F|  |TAMS 0x0000000715c00000, 0x0000000715c00000| Untracked 
|  89|0x0000000715e00000, 0x0000000715e00000, 0x0000000716000000|  0%| F|  |TAMS 0x0000000715e00000, 0x0000000715e00000| Untracked 
|  90|0x0000000716000000, 0x0000000716000000, 0x0000000716200000|  0%| F|  |TAMS 0x0000000716000000, 0x0000000716000000| Untracked 
|  91|0x0000000716200000, 0x0000000716200000, 0x0000000716400000|  0%| F|  |TAMS 0x0000000716200000, 0x0000000716200000| Untracked 
|  92|0x0000000716400000, 0x0000000716400000, 0x0000000716600000|  0%| F|  |TAMS 0x0000000716400000, 0x0000000716400000| Untracked 
|  93|0x0000000716600000, 0x0000000716600000, 0x0000000716800000|  0%| F|  |TAMS 0x0000000716600000, 0x0000000716600000| Untracked 
|  94|0x0000000716800000, 0x0000000716800000, 0x0000000716a00000|  0%| F|  |TAMS 0x0000000716800000, 0x0000000716800000| Untracked 
|  95|0x0000000716a00000, 0x0000000716a00000, 0x0000000716c00000|  0%| F|  |TAMS 0x0000000716a00000, 0x0000000716a00000| Untracked 
|  96|0x0000000716c00000, 0x0000000716c00000, 0x0000000716e00000|  0%| F|  |TAMS 0x0000000716c00000, 0x0000000716c00000| Untracked 
|  97|0x0000000716e00000, 0x0000000716e00000, 0x0000000717000000|  0%| F|  |TAMS 0x0000000716e00000, 0x0000000716e00000| Untracked 
|  98|0x0000000717000000, 0x0000000717000000, 0x0000000717200000|  0%| F|  |TAMS 0x0000000717000000, 0x0000000717000000| Untracked 
|  99|0x0000000717200000, 0x0000000717200000, 0x0000000717400000|  0%| F|  |TAMS 0x0000000717200000, 0x0000000717200000| Untracked 
| 100|0x0000000717400000, 0x0000000717400000, 0x0000000717600000|  0%| F|  |TAMS 0x0000000717400000, 0x0000000717400000| Untracked 
| 101|0x0000000717600000, 0x0000000717600000, 0x0000000717800000|  0%| F|  |TAMS 0x0000000717600000, 0x0000000717600000| Untracked 
| 102|0x0000000717800000, 0x0000000717800000, 0x0000000717a00000|  0%| F|  |TAMS 0x0000000717800000, 0x0000000717800000| Untracked 
| 103|0x0000000717a00000, 0x0000000717a00000, 0x0000000717c00000|  0%| F|  |TAMS 0x0000000717a00000, 0x0000000717a00000| Untracked 
| 104|0x0000000717c00000, 0x0000000717c00000, 0x0000000717e00000|  0%| F|  |TAMS 0x0000000717c00000, 0x0000000717c00000| Untracked 
| 105|0x0000000717e00000, 0x0000000717e00000, 0x0000000718000000|  0%| F|  |TAMS 0x0000000717e00000, 0x0000000717e00000| Untracked 
| 106|0x0000000718000000, 0x0000000718000000, 0x0000000718200000|  0%| F|  |TAMS 0x0000000718000000, 0x0000000718000000| Untracked 
| 107|0x0000000718200000, 0x0000000718200000, 0x0000000718400000|  0%| F|  |TAMS 0x0000000718200000, 0x0000000718200000| Untracked 
| 108|0x0000000718400000, 0x0000000718400000, 0x0000000718600000|  0%| F|  |TAMS 0x0000000718400000, 0x0000000718400000| Untracked 
| 109|0x0000000718600000, 0x0000000718600000, 0x0000000718800000|  0%| F|  |TAMS 0x0000000718600000, 0x0000000718600000| Untracked 
| 110|0x0000000718800000, 0x0000000718800000, 0x0000000718a00000|  0%| F|  |TAMS 0x0000000718800000, 0x0000000718800000| Untracked 
| 111|0x0000000718a00000, 0x0000000718a00000, 0x0000000718c00000|  0%| F|  |TAMS 0x0000000718a00000, 0x0000000718a00000| Untracked 
| 112|0x0000000718c00000, 0x0000000718c00000, 0x0000000718e00000|  0%| F|  |TAMS 0x0000000718c00000, 0x0000000718c00000| Untracked 
| 113|0x0000000718e00000, 0x0000000718e00000, 0x0000000719000000|  0%| F|  |TAMS 0x0000000718e00000, 0x0000000718e00000| Untracked 
| 114|0x0000000719000000, 0x0000000719000000, 0x0000000719200000|  0%| F|  |TAMS 0x0000000719000000, 0x0000000719000000| Untracked 
| 115|0x0000000719200000, 0x0000000719200000, 0x0000000719400000|  0%| F|  |TAMS 0x0000000719200000, 0x0000000719200000| Untracked 
| 116|0x0000000719400000, 0x0000000719400000, 0x0000000719600000|  0%| F|  |TAMS 0x0000000719400000, 0x0000000719400000| Untracked 
| 117|0x0000000719600000, 0x0000000719600000, 0x0000000719800000|  0%| F|  |TAMS 0x0000000719600000, 0x0000000719600000| Untracked 
| 118|0x0000000719800000, 0x0000000719800000, 0x0000000719a00000|  0%| F|  |TAMS 0x0000000719800000, 0x0000000719800000| Untracked 
| 119|0x0000000719a00000, 0x0000000719a00000, 0x0000000719c00000|  0%| F|  |TAMS 0x0000000719a00000, 0x0000000719a00000| Untracked 
| 120|0x0000000719c00000, 0x0000000719c00000, 0x0000000719e00000|  0%| F|  |TAMS 0x0000000719c00000, 0x0000000719c00000| Untracked 
| 121|0x0000000719e00000, 0x0000000719e00000, 0x000000071a000000|  0%| F|  |TAMS 0x0000000719e00000, 0x0000000719e00000| Untracked 
| 122|0x000000071a000000, 0x000000071a0f9900, 0x000000071a200000| 48%| E|  |TAMS 0x000000071a000000, 0x000000071a000000| Complete 
| 123|0x000000071a200000, 0x000000071a400000, 0x000000071a400000|100%| E|CS|TAMS 0x000000071a200000, 0x000000071a200000| Complete 
| 124|0x000000071a400000, 0x000000071a600000, 0x000000071a600000|100%| E|CS|TAMS 0x000000071a400000, 0x000000071a400000| Complete 
| 390|0x000000073b800000, 0x000000073b9b0548, 0x000000073ba00000| 84%| S|CS|TAMS 0x000000073b800000, 0x000000073b800000| Complete 
| 391|0x000000073ba00000, 0x000000073bc00000, 0x000000073bc00000|100%| S|CS|TAMS 0x000000073ba00000, 0x000000073ba00000| Complete 
| 392|0x000000073bc00000, 0x000000073be00000, 0x000000073be00000|100%| S|CS|TAMS 0x000000073bc00000, 0x000000073bc00000| Complete 
| 393|0x000000073be00000, 0x000000073c000000, 0x000000073c000000|100%| S|CS|TAMS 0x000000073be00000, 0x000000073be00000| Complete 
| 394|0x000000073c000000, 0x000000073c200000, 0x000000073c200000|100%| S|CS|TAMS 0x000000073c000000, 0x000000073c000000| Complete 
| 395|0x000000073c200000, 0x000000073c400000, 0x000000073c400000|100%| S|CS|TAMS 0x000000073c200000, 0x000000073c200000| Complete 
| 396|0x000000073c400000, 0x000000073c600000, 0x000000073c600000|100%| S|CS|TAMS 0x000000073c400000, 0x000000073c400000| Complete 
| 397|0x000000073c600000, 0x000000073c800000, 0x000000073c800000|100%| S|CS|TAMS 0x000000073c600000, 0x000000073c600000| Complete 
| 438|0x0000000741800000, 0x0000000741a00000, 0x0000000741a00000|100%| E|CS|TAMS 0x0000000741800000, 0x0000000741800000| Complete 

Card table byte_map: [0x000001cd26aa0000,0x000001cd27250000] _byte_map_base: 0x000001cd2324a000

Marking Bits (Prev, Next): (CMBitMap*) 0x000001cd0f2de020, (CMBitMap*) 0x000001cd0f2ddfe0
 Prev Bits: [0x000001cd2b750000, 0x000001cd2f4a0000)
 Next Bits: [0x000001cd27a00000, 0x000001cd2b750000)

Polling page: 0x000001cd0d020000

Metaspace:

Usage:
  Non-class:     19.41 MB used.
      Class:      1.85 MB used.
       Both:     21.25 MB used.

Virtual space:
  Non-class space:       24.00 MB reserved,      19.62 MB ( 82%) committed,  3 nodes.
      Class space:        1.00 GB reserved,       2.00 MB ( <1%) committed,  1 nodes.
             Both:        1.02 GB reserved,      21.62 MB (  2%) committed. 

Chunk freelists:
   Non-Class:  3.99 MB
       Class:  1.95 MB
        Both:  5.94 MB

MaxMetaspaceSize: unlimited
CompressedClassSpaceSize: 1.00 GB
Initial GC threshold: 21.00 MB
Current GC threshold: 35.25 MB
CDS: on
MetaspaceReclaimPolicy: balanced
 - commit_granule_bytes: 65536.
 - commit_granule_words: 8192.
 - virtual_space_node_default_size: 1048576.
 - enlarge_chunks_in_place: 1.
 - new_chunks_are_fully_committed: 0.
 - uncommit_free_chunks: 1.
 - use_allocation_guard: 0.
 - handle_deallocations: 1.


Internal statistics:

num_allocs_failed_limit: 3.
num_arena_births: 404.
num_arena_deaths: 0.
num_vsnodes_births: 4.
num_vsnodes_deaths: 0.
num_space_committed: 344.
num_space_uncommitted: 0.
num_chunks_returned_to_freelist: 3.
num_chunks_taken_from_freelist: 881.
num_chunk_merges: 0.
num_chunk_splits: 565.
num_chunks_enlarged: 360.
num_purges: 0.
num_inconsistent_stats: 0.

CodeHeap 'non-profiled nmethods': size=119168Kb used=2793Kb max_used=2793Kb free=116374Kb
 bounds [0x000001cd1e610000, 0x000001cd1e8d0000, 0x000001cd25a70000]
CodeHeap 'profiled nmethods': size=119104Kb used=8286Kb max_used=8286Kb free=110817Kb
 bounds [0x000001cd171c0000, 0x000001cd179e0000, 0x000001cd1e610000]
CodeHeap 'non-nmethods': size=7488Kb used=3719Kb max_used=3782Kb free=3768Kb
 bounds [0x000001cd16a70000, 0x000001cd16ea0000, 0x000001cd171c0000]
 total_blobs=5806 nmethods=4221 adapters=1494
 compilation: enabled
              stopped_count=0, restarted_count=0
 full_count=0

Compilation events (20 events):
Event: 10.147 Thread 0x000001cd44f3d880 4233   !   3       org.lwjgl.nuklear.Nuklear::nk_button_text (54 bytes)
Event: 10.148 Thread 0x000001cd44f3d880 nmethod 4233 0x000001cd179d3110 code [0x000001cd179d3360, 0x000001cd179d3f38]
Event: 10.165 Thread 0x000001cd3247ac50 4235       3       java.lang.invoke.LambdaForm$MH/0x0000000800dc2400::linkToTargetMethod (11 bytes)
Event: 10.165 Thread 0x000001cd44f3d880 4236       3       java.lang.invoke.LambdaForm$MH/0x0000000800dc1c00::invoke (160 bytes)
Event: 10.165 Thread 0x000001cd62af0380 4237       3       java.lang.StringConcatHelper::mix (16 bytes)
Event: 10.165 Thread 0x000001cd4c8ea970 4238       3       java.lang.StringConcatHelper::prepend (22 bytes)
Event: 10.165 Thread 0x000001cd3247ac50 nmethod 4235 0x000001cd179d4390 code [0x000001cd179d4540, 0x000001cd179d4818]
Event: 10.165 Thread 0x000001cd3247ac50 4239       3       java.lang.StringConcatHelper::prepend (218 bytes)
Event: 10.165 Thread 0x000001cd4c8ea970 nmethod 4238 0x000001cd179d4910 code [0x000001cd179d4ac0, 0x000001cd179d4c58]
Event: 10.165 Thread 0x000001cd44f3d880 nmethod 4236 0x000001cd179d4d10 code [0x000001cd179d4fa0, 0x000001cd179d5e08]
Event: 10.165 Thread 0x000001cd62af0380 nmethod 4237 0x000001cd179d6290 code [0x000001cd179d6440, 0x000001cd179d66e8]
Event: 10.165 Thread 0x000001cd3247ac50 nmethod 4239 0x000001cd179d6810 code [0x000001cd179d69c0, 0x000001cd179d6db8]
Event: 10.179 Thread 0x000001cd62af0380 4240       3       com.xbuilders.window.BaseWindow::printDebugsEnabled (5 bytes)
Event: 10.179 Thread 0x000001cd62af0380 nmethod 4240 0x000001cd179d7010 code [0x000001cd179d71a0, 0x000001cd179d7298]
Event: 10.180 Thread 0x000001cd3247a2a0 4241       4       java.util.ArrayList::grow (60 bytes)
Event: 10.184 Thread 0x000001cd3247a2a0 nmethod 4241 0x000001cd1e8c9910 code [0x000001cd1e8c9aa0, 0x000001cd1e8ca0f8]
Event: 10.184 Thread 0x000001cd3247a2a0 4242       4       org.lwjgl.system.MemoryUtil::merge (9 bytes)
Event: 10.184 Thread 0x000001cd3247a2a0 nmethod 4242 0x000001cd1e8ca310 code [0x000001cd1e8ca480, 0x000001cd1e8ca4f8]
Event: 10.194 Thread 0x000001cd3247ac50 4243       3       org.joml.Vector3f::set (32 bytes)
Event: 10.195 Thread 0x000001cd3247ac50 nmethod 4243 0x000001cd179d7310 code [0x000001cd179d74c0, 0x000001cd179d7718]

GC Heap History (20 events):
Event: 6.250 GC heap before
{Heap before GC invocations=7 (full 0):
 garbage-first heap   total 251904K, used 178402K [0x000000070ac00000, 0x0000000800000000)
  region size 2048K, 72 young (147456K), 10 survivors (20480K)
 Metaspace       used 20819K, committed 21184K, reserved 1073152K
  class space    used 1816K, committed 1984K, reserved 1048576K
}
Event: 6.260 GC heap after
{Heap after GC invocations=8 (full 0):
 garbage-first heap   total 356352K, used 63294K [0x000000070ac00000, 0x0000000800000000)
  region size 2048K, 9 young (18432K), 9 survivors (18432K)
 Metaspace       used 20819K, committed 21184K, reserved 1073152K
  class space    used 1816K, committed 1984K, reserved 1048576K
}
Event: 6.387 GC heap before
{Heap before GC invocations=8 (full 0):
 garbage-first heap   total 356352K, used 255806K [0x000000070ac00000, 0x0000000800000000)
  region size 2048K, 104 young (212992K), 9 survivors (18432K)
 Metaspace       used 20819K, committed 21184K, reserved 1073152K
  class space    used 1816K, committed 1984K, reserved 1048576K
}
Event: 6.391 GC heap after
{Heap after GC invocations=9 (full 0):
 garbage-first heap   total 356352K, used 61564K [0x000000070ac00000, 0x0000000800000000)
  region size 2048K, 7 young (14336K), 7 survivors (14336K)
 Metaspace       used 20819K, committed 21184K, reserved 1073152K
  class space    used 1816K, committed 1984K, reserved 1048576K
}
Event: 6.468 GC heap before
{Heap before GC invocations=9 (full 0):
 garbage-first heap   total 356352K, used 258172K [0x000000070ac00000, 0x0000000800000000)
  region size 2048K, 104 young (212992K), 7 survivors (14336K)
 Metaspace       used 20819K, committed 21184K, reserved 1073152K
  class space    used 1816K, committed 1984K, reserved 1048576K
}
Event: 6.472 GC heap after
{Heap after GC invocations=10 (full 0):
 garbage-first heap   total 356352K, used 64292K [0x000000070ac00000, 0x0000000800000000)
  region size 2048K, 9 young (18432K), 9 survivors (18432K)
 Metaspace       used 20819K, committed 21184K, reserved 1073152K
  class space    used 1816K, committed 1984K, reserved 1048576K
}
Event: 6.538 GC heap before
{Heap before GC invocations=10 (full 0):
 garbage-first heap   total 356352K, used 256804K [0x000000070ac00000, 0x0000000800000000)
  region size 2048K, 104 young (212992K), 9 survivors (18432K)
 Metaspace       used 20827K, committed 21184K, reserved 1073152K
  class space    used 1816K, committed 1984K, reserved 1048576K
}
Event: 6.542 GC heap after
{Heap after GC invocations=11 (full 0):
 garbage-first heap   total 356352K, used 67976K [0x000000070ac00000, 0x0000000800000000)
  region size 2048K, 9 young (18432K), 9 survivors (18432K)
 Metaspace       used 20827K, committed 21184K, reserved 1073152K
  class space    used 1816K, committed 1984K, reserved 1048576K
}
Event: 6.598 GC heap before
{Heap before GC invocations=11 (full 0):
 garbage-first heap   total 356352K, used 260488K [0x000000070ac00000, 0x0000000800000000)
  region size 2048K, 104 young (212992K), 9 survivors (18432K)
 Metaspace       used 20827K, committed 21184K, reserved 1073152K
  class space    used 1816K, committed 1984K, reserved 1048576K
}
Event: 6.605 GC heap after
{Heap after GC invocations=12 (full 0):
 garbage-first heap   total 559104K, used 76095K [0x000000070ac00000, 0x0000000800000000)
  region size 2048K, 9 young (18432K), 9 survivors (18432K)
 Metaspace       used 20827K, committed 21184K, reserved 1073152K
  class space    used 1816K, committed 1984K, reserved 1048576K
}
Event: 6.703 GC heap before
{Heap before GC invocations=12 (full 0):
 garbage-first heap   total 559104K, used 389439K [0x000000070ac00000, 0x0000000800000000)
  region size 2048K, 163 young (333824K), 9 survivors (18432K)
 Metaspace       used 20827K, committed 21184K, reserved 1073152K
  class space    used 1816K, committed 1984K, reserved 1048576K
}
Event: 6.708 GC heap after
{Heap after GC invocations=13 (full 0):
 garbage-first heap   total 559104K, used 82239K [0x000000070ac00000, 0x0000000800000000)
  region size 2048K, 12 young (24576K), 12 survivors (24576K)
 Metaspace       used 20827K, committed 21184K, reserved 1073152K
  class space    used 1816K, committed 1984K, reserved 1048576K
}
Event: 6.774 GC heap before
{Heap before GC invocations=13 (full 0):
 garbage-first heap   total 559104K, used 389439K [0x000000070ac00000, 0x0000000800000000)
  region size 2048K, 163 young (333824K), 12 survivors (24576K)
 Metaspace       used 20835K, committed 21184K, reserved 1073152K
  class space    used 1816K, committed 1984K, reserved 1048576K
}
Event: 6.779 GC heap after
{Heap after GC invocations=14 (full 0):
 garbage-first heap   total 559104K, used 87549K [0x000000070ac00000, 0x0000000800000000)
  region size 2048K, 14 young (28672K), 14 survivors (28672K)
 Metaspace       used 20835K, committed 21184K, reserved 1073152K
  class space    used 1816K, committed 1984K, reserved 1048576K
}
Event: 6.904 GC heap before
{Heap before GC invocations=14 (full 0):
 garbage-first heap   total 559104K, used 390653K [0x000000070ac00000, 0x0000000800000000)
  region size 2048K, 163 young (333824K), 14 survivors (28672K)
 Metaspace       used 20836K, committed 21184K, reserved 1073152K
  class space    used 1816K, committed 1984K, reserved 1048576K
}
Event: 6.908 GC heap after
{Heap after GC invocations=15 (full 0):
 garbage-first heap   total 559104K, used 85308K [0x000000070ac00000, 0x0000000800000000)
  region size 2048K, 10 young (20480K), 10 survivors (20480K)
 Metaspace       used 20836K, committed 21184K, reserved 1073152K
  class space    used 1816K, committed 1984K, reserved 1048576K
}
Event: 6.998 GC heap before
{Heap before GC invocations=15 (full 0):
 garbage-first heap   total 559104K, used 396604K [0x000000070ac00000, 0x0000000800000000)
  region size 2048K, 163 young (333824K), 10 survivors (20480K)
 Metaspace       used 20836K, committed 21184K, reserved 1073152K
  class space    used 1816K, committed 1984K, reserved 1048576K
}
Event: 7.004 GC heap after
{Heap after GC invocations=16 (full 0):
 garbage-first heap   total 899072K, used 91780K [0x000000070ac00000, 0x0000000800000000)
  region size 2048K, 13 young (26624K), 13 survivors (26624K)
 Metaspace       used 20836K, committed 21184K, reserved 1073152K
  class space    used 1816K, committed 1984K, reserved 1048576K
}
Event: 8.203 GC heap before
{Heap before GC invocations=16 (full 0):
 garbage-first heap   total 899072K, used 173700K [0x000000070ac00000, 0x0000000800000000)
  region size 2048K, 54 young (110592K), 13 survivors (26624K)
 Metaspace       used 21137K, committed 21504K, reserved 1073152K
  class space    used 1850K, committed 2048K, reserved 1048576K
}
Event: 8.209 GC heap after
{Heap after GC invocations=17 (full 0):
 garbage-first heap   total 899072K, used 81221K [0x000000070ac00000, 0x0000000800000000)
  region size 2048K, 8 young (16384K), 8 survivors (16384K)
 Metaspace       used 21137K, committed 21504K, reserved 1073152K
  class space    used 1850K, committed 2048K, reserved 1048576K
}

Deoptimization events (20 events):
Event: 9.624 Thread 0x000001cd0f2888c0 DEOPT PACKING pc=0x000001cd1e86d70c sp=0x0000009b368fee10
Event: 9.624 Thread 0x000001cd0f2888c0 DEOPT UNPACKING pc=0x000001cd16ac23a3 sp=0x0000009b368feda8 mode 2
Event: 9.626 Thread 0x000001cd0f2888c0 Uncommon trap: trap_request=0xffffff45 fr.pc=0x000001cd1e88cd88 relative=0x0000000000000408
Event: 9.626 Thread 0x000001cd0f2888c0 Uncommon trap: reason=unstable_if action=reinterpret pc=0x000001cd1e88cd88 method=com.xbuilders.engine.world.World.lambda$9(Lorg/joml/Matrix4f;Lorg/joml/Matrix4f;Lorg/joml/Vector3f;Lcom/xbuilders/engine/world/chunk/Chunk;)V @ 5 c2
Event: 9.626 Thread 0x000001cd0f2888c0 DEOPT PACKING pc=0x000001cd1e88cd88 sp=0x0000009b368ff020
Event: 9.626 Thread 0x000001cd0f2888c0 DEOPT UNPACKING pc=0x000001cd16ac23a3 sp=0x0000009b368feef8 mode 2
Event: 9.626 Thread 0x000001cd0f2888c0 Uncommon trap: trap_request=0xffffff45 fr.pc=0x000001cd1e872158 relative=0x00000000000001f8
Event: 9.626 Thread 0x000001cd0f2888c0 Uncommon trap: reason=unstable_if action=reinterpret pc=0x000001cd1e872158 method=com.xbuilders.engine.world.World.lambda$9(Lorg/joml/Matrix4f;Lorg/joml/Matrix4f;Lorg/joml/Vector3f;Lcom/xbuilders/engine/world/chunk/Chunk;)V @ 5 c2
Event: 9.626 Thread 0x000001cd0f2888c0 DEOPT PACKING pc=0x000001cd1e872158 sp=0x0000009b368fefc0
Event: 9.626 Thread 0x000001cd0f2888c0 DEOPT UNPACKING pc=0x000001cd16ac23a3 sp=0x0000009b368feef0 mode 2
Event: 9.745 Thread 0x000001cd0f2888c0 Uncommon trap: trap_request=0xffffff45 fr.pc=0x000001cd1e8bc03c relative=0x000000000000045c
Event: 9.745 Thread 0x000001cd0f2888c0 Uncommon trap: reason=unstable_if action=reinterpret pc=0x000001cd1e8bc03c method=org.joml.FrustumIntersection.testAab(FFFFFF)Z @ 352 c2
Event: 9.745 Thread 0x000001cd0f2888c0 DEOPT PACKING pc=0x000001cd1e8bc03c sp=0x0000009b368fee10
Event: 9.745 Thread 0x000001cd0f2888c0 DEOPT UNPACKING pc=0x000001cd16ac23a3 sp=0x0000009b368fed98 mode 2
Event: 9.948 Thread 0x000001cd0f2888c0 Uncommon trap: trap_request=0xffffff45 fr.pc=0x000001cd1e8c4d78 relative=0x0000000000000518
Event: 9.948 Thread 0x000001cd0f2888c0 Uncommon trap: reason=unstable_if action=reinterpret pc=0x000001cd1e8c4d78 method=org.joml.FrustumIntersection.testAab(FFFFFF)Z @ 385 c2
Event: 9.948 Thread 0x000001cd0f2888c0 DEOPT PACKING pc=0x000001cd1e8c4d78 sp=0x0000009b368fef00
Event: 9.948 Thread 0x000001cd0f2888c0 DEOPT UNPACKING pc=0x000001cd16ac23a3 sp=0x0000009b368fee78 mode 2
Event: 10.030 Thread 0x000001cd0f2888c0 DEOPT PACKING pc=0x000001cd179bf1f2 sp=0x0000009b368ff000
Event: 10.030 Thread 0x000001cd0f2888c0 DEOPT UNPACKING pc=0x000001cd16ac2b43 sp=0x0000009b368fe4d8 mode 0

Classes unloaded (0 events):
No events

Classes redefined (0 events):
No events

Internal exceptions (20 events):
Event: 0.955 Thread 0x000001cd0f2888c0 Exception <a 'sun/nio/fs/WindowsException'{0x000000071a14d270}> (0x000000071a14d270) 
thrown [t:\workspace\open\src\hotspot\share\prims\jni.cpp, line 516]
Event: 0.958 Thread 0x000001cd0f2888c0 Exception <a 'sun/nio/fs/WindowsException'{0x000000071a160100}> (0x000000071a160100) 
thrown [t:\workspace\open\src\hotspot\share\prims\jni.cpp, line 516]
Event: 0.958 Thread 0x000001cd0f2888c0 Exception <a 'sun/nio/fs/WindowsException'{0x000000071a1603e0}> (0x000000071a1603e0) 
thrown [t:\workspace\open\src\hotspot\share\prims\jni.cpp, line 516]
Event: 1.055 Thread 0x000001cd0f2888c0 Exception <a 'sun/nio/fs/WindowsException'{0x0000000719a66fa8}> (0x0000000719a66fa8) 
thrown [t:\workspace\open\src\hotspot\share\prims\jni.cpp, line 516]
Event: 1.055 Thread 0x000001cd0f2888c0 Exception <a 'sun/nio/fs/WindowsException'{0x0000000719a67358}> (0x0000000719a67358) 
thrown [t:\workspace\open\src\hotspot\share\prims\jni.cpp, line 516]
Event: 1.062 Thread 0x000001cd0f2888c0 Exception <a 'java/lang/NoSuchMethodError'{0x0000000719a7aa40}: 'java.lang.Object java.lang.invoke.DirectMethodHandle$Holder.newInvokeSpecial(java.lang.Object, long)'> (0x0000000719a7aa40) 
thrown [t:\workspace\open\src\hotspot\share\interpreter\linkResolver.cpp, line 766]
Event: 1.101 Thread 0x000001cd0f2888c0 Exception <a 'sun/nio/fs/WindowsException'{0x0000000719ada098}> (0x0000000719ada098) 
thrown [t:\workspace\open\src\hotspot\share\prims\jni.cpp, line 516]
Event: 1.101 Thread 0x000001cd0f2888c0 Exception <a 'sun/nio/fs/WindowsException'{0x0000000719ada418}> (0x0000000719ada418) 
thrown [t:\workspace\open\src\hotspot\share\prims\jni.cpp, line 516]
Event: 1.107 Thread 0x000001cd0f2888c0 Exception <a 'java/lang/NoSuchMethodError'{0x0000000719ae53b8}: 'void java.lang.invoke.DirectMethodHandle$Holder.invokeStatic(java.lang.Object, long)'> (0x0000000719ae53b8) 
thrown [t:\workspace\open\src\hotspot\share\interpreter\linkResolver.cpp, line 766]
Event: 1.763 Thread 0x000001cd0f2888c0 Exception <a 'java/lang/NoSuchMethodError'{0x0000000719d1e460}: 'void java.lang.invoke.DirectMethodHandle$Holder.invokeStatic(java.lang.Object, int, java.lang.Object)'> (0x0000000719d1e460) 
thrown [t:\workspace\open\src\hotspot\share\interpreter\linkResolver.cpp, line 766]
Event: 3.533 Thread 0x000001cd0f2888c0 Exception <a 'java/lang/NoSuchMethodError'{0x0000000716004b68}: 'void java.lang.invoke.DirectMethodHandle$Holder.invokeStatic(java.lang.Object, java.lang.Object, int, int, int, java.lang.Object)'> (0x0000000716004b68) 
thrown [t:\workspace\open\src\hotspot\share\interpreter\linkResolver.cpp, line 766]
Event: 3.589 Thread 0x000001cd0f2888c0 Exception <a 'java/lang/NoSuchMethodError'{0x00000007161fbc50}: 'java.lang.Object java.lang.invoke.DirectMethodHandle$Holder.newInvokeSpecial(java.lang.Object, long, java.lang.Object, int)'> (0x00000007161fbc50) 
thrown [t:\workspace\open\src\hotspot\share\interpreter\linkResolver.cpp, line 766]
Event: 3.590 Thread 0x000001cd0f2888c0 Exception <a 'java/lang/NoSuchMethodError'{0x00000007161ff978}: 'java.lang.Object java.lang.invoke.DirectMethodHandle$Holder.invokeSpecial(java.lang.Object, java.lang.Object, long, java.lang.Object, int)'> (0x00000007161ff978) 
thrown [t:\workspace\open\src\hotspot\share\interpreter\linkResolver.cpp, line 766]
Event: 3.591 Thread 0x000001cd0f2888c0 Exception <a 'java/lang/NoSuchMethodError'{0x0000000715e097d8}: 'void java.lang.invoke.DirectMethodHandle$Holder.invokeStatic(java.lang.Object, java.lang.Object, java.lang.Object, int, int, int, java.lang.Object)'> (0x0000000715e097d8) 
thrown [t:\workspace\open\src\hotspot\share\interpreter\linkResolver.cpp, line 766]
Event: 3.606 Thread 0x000001cd0f2888c0 Exception <a 'java/lang/NoSuchMethodError'{0x0000000715e3cf38}: 'int java.lang.invoke.DirectMethodHandle$Holder.invokeStatic(java.lang.Object, long, int)'> (0x0000000715e3cf38) 
thrown [t:\workspace\open\src\hotspot\share\interpreter\linkResolver.cpp, line 766]
Event: 4.115 Thread 0x000001cd0f2888c0 Exception <a 'java/lang/NoSuchMethodError'{0x0000000715ab46e8}: 'void java.lang.invoke.DirectMethodHandle$Holder.invokeStatic(java.lang.Object, java.lang.Object, java.lang.Object)'> (0x0000000715ab46e8) 
thrown [t:\workspace\open\src\hotspot\share\interpreter\linkResolver.cpp, line 766]
Event: 4.761 Thread 0x000001cd0f2888c0 Exception <a 'java/lang/NoSuchMethodError'{0x0000000714af0780}: 'void java.lang.invoke.DirectMethodHandle$Holder.invokeStatic(java.lang.Object, java.lang.Object, java.lang.Object, java.lang.Object)'> (0x0000000714af0780) 
thrown [t:\workspace\open\src\hotspot\share\interpreter\linkResolver.cpp, line 766]
Event: 7.938 Thread 0x000001cd0f2888c0 Exception <a 'java/lang/NoSuchMethodError'{0x000000073ca28520}: 'void java.lang.invoke.DirectMethodHandle$Holder.invokeSpecial(java.lang.Object, java.lang.Object, java.lang.Object, java.lang.Object, java.lang.Object)'> (0x000000073ca28520) 
thrown [t:\workspace\open\src\hotspot\share\interpreter\linkResolver.cpp, line 766]
Event: 7.956 Thread 0x000001cd0f2888c0 Exception <a 'java/lang/NoSuchMethodError'{0x000000073cb702f0}: 'java.lang.Object java.lang.invoke.DirectMethodHandle$Holder.invokeStatic(java.lang.Object, float)'> (0x000000073cb702f0) 
thrown [t:\workspace\open\src\hotspot\share\interpreter\linkResolver.cpp, line 766]
Event: 7.958 Thread 0x000001cd0f2888c0 Exception <a 'java/lang/NoSuchMethodError'{0x000000073cb74ab8}: 'java.lang.Object java.lang.invoke.DirectMethodHandle$Holder.invokeSpecial(java.lang.Object, java.lang.Object, float)'> (0x000000073cb74ab8) 
thrown [t:\workspace\open\src\hotspot\share\interpreter\linkResolver.cpp, line 766]

VM Operations (20 events):
Event: 6.598 Executing VM operation: G1CollectForAllocation
Event: 6.606 Executing VM operation: G1CollectForAllocation done
Event: 6.703 Executing VM operation: G1CollectForAllocation
Event: 6.709 Executing VM operation: G1CollectForAllocation done
Event: 6.773 Executing VM operation: G1CollectForAllocation
Event: 6.780 Executing VM operation: G1CollectForAllocation done
Event: 6.904 Executing VM operation: G1CollectForAllocation
Event: 6.909 Executing VM operation: G1CollectForAllocation done
Event: 6.997 Executing VM operation: G1CollectForAllocation
Event: 7.005 Executing VM operation: G1CollectForAllocation done
Event: 7.943 Executing VM operation: HandshakeAllThreads
Event: 7.943 Executing VM operation: HandshakeAllThreads done
Event: 8.203 Executing VM operation: CollectForMetadataAllocation
Event: 8.209 Executing VM operation: CollectForMetadataAllocation done
Event: 8.223 Executing VM operation: G1Concurrent
Event: 8.226 Executing VM operation: G1Concurrent done
Event: 8.232 Executing VM operation: G1Concurrent
Event: 8.239 Executing VM operation: G1Concurrent done
Event: 9.254 Executing VM operation: Cleanup
Event: 9.254 Executing VM operation: Cleanup done

Events (20 events):
Event: 9.501 loading class java/text/BreakIterator$BreakIteratorCache
Event: 9.501 loading class java/text/BreakIterator$BreakIteratorCache done
Event: 9.503 Thread 0x000001cd62fcb460 Thread added: 0x000001cd62fcb460
Event: 9.507 Thread 0x000001cd62b7a1a0 Thread added: 0x000001cd62b7a1a0
Event: 9.522 Thread 0x000001cd5e6a8090 Thread added: 0x000001cd5e6a8090
Event: 9.535 Thread 0x000001cd443407e0 Thread added: 0x000001cd443407e0
Event: 9.537 Thread 0x000001cd33058610 Thread added: 0x000001cd33058610
Event: 9.617 loading class java/awt/MouseInfo
Event: 9.617 loading class java/awt/MouseInfo done
Event: 9.617 loading class sun/awt/windows/WMouseInfoPeer
Event: 9.617 loading class java/awt/peer/MouseInfoPeer
Event: 9.617 loading class java/awt/peer/MouseInfoPeer done
Event: 9.617 loading class sun/awt/windows/WMouseInfoPeer done
Event: 9.617 loading class java/awt/PointerInfo
Event: 9.617 loading class java/awt/PointerInfo done
Event: 9.844 Thread 0x000001cd33058610 Thread exited: 0x000001cd33058610
Event: 9.948 Thread 0x000001cd443407e0 Thread exited: 0x000001cd443407e0
Event: 9.948 Thread 0x000001cd5e6a8090 Thread exited: 0x000001cd5e6a8090
Event: 9.948 Thread 0x000001cd62b7a1a0 Thread exited: 0x000001cd62b7a1a0
Event: 9.950 Thread 0x000001cd62fcb460 Thread exited: 0x000001cd62fcb460


Dynamic libraries:
0x00007ff66f230000 - 0x00007ff66f240000 	C:\Program Files\Java\jdk-17.0.1\bin\java.exe
0x00007ffb238f0000 - 0x00007ffb23b07000 	C:\WINDOWS\SYSTEM32\ntdll.dll
0x00007ffb227b0000 - 0x00007ffb22874000 	C:\WINDOWS\System32\KERNEL32.DLL
0x00007ffb21010000 - 0x00007ffb213b7000 	C:\WINDOWS\System32\KERNELBASE.dll
0x00007ffb213f0000 - 0x00007ffb21501000 	C:\WINDOWS\System32\ucrtbase.dll
0x00007ffaae230000 - 0x00007ffaae248000 	C:\Program Files\Java\jdk-17.0.1\bin\jli.dll
0x00007ffac7700000 - 0x00007ffac771a000 	C:\Program Files\Java\jdk-17.0.1\bin\VCRUNTIME140.dll
0x00007ffb23630000 - 0x00007ffb236e2000 	C:\WINDOWS\System32\ADVAPI32.dll
0x00007ffb223a0000 - 0x00007ffb22447000 	C:\WINDOWS\System32\msvcrt.dll
0x00007ffb22680000 - 0x00007ffb22728000 	C:\WINDOWS\System32\sechost.dll
0x00007ffb213c0000 - 0x00007ffb213e8000 	C:\WINDOWS\System32\bcrypt.dll
0x00007ffb22560000 - 0x00007ffb22675000 	C:\WINDOWS\System32\RPCRT4.dll
0x00007ffb21d60000 - 0x00007ffb21f0e000 	C:\WINDOWS\System32\USER32.dll
0x00007ffb1ff70000 - 0x00007ffb20203000 	C:\WINDOWS\WinSxS\amd64_microsoft.windows.common-controls_6595b64144ccf1df_6.0.22621.3527_none_270e469b73872a76\COMCTL32.dll
0x00007ffb20ea0000 - 0x00007ffb20ec6000 	C:\WINDOWS\System32\win32u.dll
0x00007ffb21f10000 - 0x00007ffb21f39000 	C:\WINDOWS\System32\GDI32.dll
0x00007ffb20d80000 - 0x00007ffb20e99000 	C:\WINDOWS\System32\gdi32full.dll
0x00007ffb21580000 - 0x00007ffb2161a000 	C:\WINDOWS\System32\msvcp_win.dll
0x00007ffb15cf0000 - 0x00007ffb15cfa000 	C:\WINDOWS\SYSTEM32\VERSION.dll
0x00007ffb21d20000 - 0x00007ffb21d51000 	C:\WINDOWS\System32\IMM32.DLL
0x00007ffb0a2a0000 - 0x00007ffb0a2ac000 	C:\Program Files\Java\jdk-17.0.1\bin\vcruntime140_1.dll
0x00007ffaae1a0000 - 0x00007ffaae22d000 	C:\Program Files\Java\jdk-17.0.1\bin\msvcp140.dll
0x00007ffaad5e0000 - 0x00007ffaae19e000 	C:\Program Files\Java\jdk-17.0.1\bin\server\jvm.dll
0x00007ffb21c20000 - 0x00007ffb21c28000 	C:\WINDOWS\System32\PSAPI.DLL
0x00007ffb16800000 - 0x00007ffb16834000 	C:\WINDOWS\SYSTEM32\WINMM.dll
0x00007ffb062a0000 - 0x00007ffb062a9000 	C:\WINDOWS\SYSTEM32\WSOCK32.dll
0x00007ffb22730000 - 0x00007ffb227a1000 	C:\WINDOWS\System32\WS2_32.dll
0x00007ffb1f350000 - 0x00007ffb1f368000 	C:\WINDOWS\SYSTEM32\kernel.appcore.dll
0x00007ffb01a70000 - 0x00007ffb01a7a000 	C:\Program Files\Java\jdk-17.0.1\bin\jimage.dll
0x00007ffb20570000 - 0x00007ffb207a3000 	C:\WINDOWS\SYSTEM32\DBGHELP.DLL
0x00007ffb21f90000 - 0x00007ffb22318000 	C:\WINDOWS\System32\combase.dll
0x00007ffb21620000 - 0x00007ffb216f7000 	C:\WINDOWS\System32\OLEAUT32.dll
0x00007ffb20410000 - 0x00007ffb20442000 	C:\WINDOWS\SYSTEM32\dbgcore.DLL
0x00007ffb20f90000 - 0x00007ffb21009000 	C:\WINDOWS\System32\bcryptPrimitives.dll
0x00007ffaad5b0000 - 0x00007ffaad5d5000 	C:\Program Files\Java\jdk-17.0.1\bin\java.dll
0x00007ffaad4d0000 - 0x00007ffaad5a6000 	C:\Program Files\Java\jdk-17.0.1\bin\svml.dll
0x00007ffb22dd0000 - 0x00007ffb2362c000 	C:\WINDOWS\System32\SHELL32.dll
0x00007ffb1e120000 - 0x00007ffb1ea16000 	C:\WINDOWS\SYSTEM32\windows.storage.dll
0x00007ffb1dfe0000 - 0x00007ffb1e11e000 	C:\WINDOWS\SYSTEM32\wintypes.dll
0x00007ffb22880000 - 0x00007ffb22975000 	C:\WINDOWS\System32\SHCORE.dll
0x00007ffb21cc0000 - 0x00007ffb21d1e000 	C:\WINDOWS\System32\shlwapi.dll
0x00007ffb20b40000 - 0x00007ffb20b61000 	C:\WINDOWS\SYSTEM32\profapi.dll
0x00007ffaad4b0000 - 0x00007ffaad4c9000 	C:\Program Files\Java\jdk-17.0.1\bin\net.dll
0x00007ffb1ba10000 - 0x00007ffb1bb46000 	C:\WINDOWS\SYSTEM32\WINHTTP.dll
0x00007ffb1f7a0000 - 0x00007ffb1f809000 	C:\WINDOWS\system32\mswsock.dll
0x00007ffaad490000 - 0x00007ffaad4a5000 	C:\Program Files\Java\jdk-17.0.1\bin\nio.dll
0x00007ffaad470000 - 0x00007ffaad488000 	C:\Program Files\Java\jdk-17.0.1\bin\zip.dll
0x00007ffadfb60000 - 0x00007ffadfbda000 	C:\Users\sampw\AppData\Local\Temp\lwjgl_sampw\3.3.2+13\x64\lwjgl.dll
0x00007ffadf8f0000 - 0x00007ffadfb60000 	C:\Users\sampw\AppData\Local\Temp\lwjgl_sampw\3.3.2+13\x64\jemalloc.dll
0x00007ffb0a710000 - 0x00007ffb0a720000 	C:\Program Files\Java\jdk-17.0.1\bin\verify.dll
0x00007ffaad2e0000 - 0x00007ffaad46f000 	C:\Program Files\Java\jdk-17.0.1\bin\awt.dll
0x00007ffb19dd0000 - 0x00007ffb19e67000 	C:\WINDOWS\SYSTEM32\apphelp.dll
0x00007ffb1d940000 - 0x00007ffb1d96b000 	C:\WINDOWS\system32\DWMAPI.DLL
0x00007ffb1d170000 - 0x00007ffb1d21b000 	C:\WINDOWS\system32\uxtheme.dll
0x00007ffafb010000 - 0x00007ffafb110000 	C:\WINDOWS\system32\opengl32.dll
0x00007ffb0a2b0000 - 0x00007ffb0a2dd000 	C:\WINDOWS\SYSTEM32\GLU32.dll
0x00007ffb1d790000 - 0x00007ffb1d7c9000 	C:\WINDOWS\SYSTEM32\dxcore.dll
0x00007ffb229a0000 - 0x00007ffb22af3000 	C:\WINDOWS\System32\MSCTF.dll
0x00007ffb22b00000 - 0x00007ffb22ca5000 	C:\WINDOWS\System32\ole32.dll
0x00007ffafad50000 - 0x00007ffafaef9000 	C:\WINDOWS\system32\d3d9.dll
0x00007ffb14270000 - 0x00007ffb1442a000 	C:\WINDOWS\System32\DriverStore\FileRepository\u0381040.inf_amd64_4455b7391a60ce8d\B380794\aticfx64.dll
0x00007ffadd180000 - 0x00007ffadd1b4000 	C:\WINDOWS\System32\DriverStore\FileRepository\u0381040.inf_amd64_4455b7391a60ce8d\B380794\atiu9p64.dll
0x00007ffabba80000 - 0x00007ffabc7d6000 	C:\WINDOWS\System32\DriverStore\FileRepository\u0381040.inf_amd64_4455b7391a60ce8d\B380794\atiumd64.dll
0x000000006c580000 - 0x000000006d43f000 	C:\WINDOWS\System32\DriverStore\FileRepository\u0381040.inf_amd64_4455b7391a60ce8d\B380794\atiumd6a.dll
0x00007ffb21700000 - 0x00007ffb21b74000 	C:\WINDOWS\System32\SETUPAPI.dll
0x00007ffb20520000 - 0x00007ffb2056d000 	C:\WINDOWS\SYSTEM32\POWRPROF.dll
0x00007ffb203f0000 - 0x00007ffb20403000 	C:\WINDOWS\SYSTEM32\UMPDC.dll
0x00007ffb117e0000 - 0x00007ffb11810000 	C:\WINDOWS\SYSTEM32\amdihk64.dll
0x00007ffb175c0000 - 0x00007ffb1760a000 	C:\WINDOWS\SYSTEM32\directxdatabasehelper.dll
0x00007ffaad250000 - 0x00007ffaad2d9000 	C:\Program Files\Java\jdk-17.0.1\bin\freetype.dll
0x00007ffaad1a0000 - 0x00007ffaad248000 	C:\Program Files\Java\jdk-17.0.1\bin\fontmanager.dll
0x00007ffb22d20000 - 0x00007ffb22dd0000 	C:\WINDOWS\System32\clbcatq.dll
0x00007ffb1cf10000 - 0x00007ffb1d0c0000 	C:\WINDOWS\SYSTEM32\WindowsCodecs.dll
0x00007ffb02540000 - 0x00007ffb0259e000 	C:\WINDOWS\system32\dataexchange.dll
0x00007ffb1a280000 - 0x00007ffb1a50b000 	C:\WINDOWS\system32\twinapi.appcore.dll
0x00007ffadf860000 - 0x00007ffadf8e2000 	C:\Users\sampw\AppData\Local\Temp\lwjgl_sampw\3.3.2+13\x64\glfw.dll
0x00007ffb17010000 - 0x00007ffb1715b000 	C:\WINDOWS\SYSTEM32\textinputframework.dll
0x00007ffae2760000 - 0x00007ffae27a6000 	C:\WINDOWS\SYSTEM32\dinput8.dll
0x00007ffb05200000 - 0x00007ffb05211000 	C:\WINDOWS\SYSTEM32\xinput1_4.dll
0x00007ffb208c0000 - 0x00007ffb208ec000 	C:\WINDOWS\SYSTEM32\DEVOBJ.dll
0x00007ffb208f0000 - 0x00007ffb2093e000 	C:\WINDOWS\SYSTEM32\cfgmgr32.dll
0x00007ffb11ea0000 - 0x00007ffb120ac000 	C:\WINDOWS\SYSTEM32\inputhost.dll
0x00007ffb19890000 - 0x00007ffb199c3000 	C:\WINDOWS\SYSTEM32\CoreMessaging.dll
0x00007ffb02a20000 - 0x00007ffb02a89000 	C:\WINDOWS\system32\Oleacc.dll
0x00007ffb1fa30000 - 0x00007ffb1fa3c000 	C:\WINDOWS\SYSTEM32\CRYPTBASE.DLL
0x00007ffb0ae70000 - 0x00007ffb0aebb000 	C:\WINDOWS\system32\ApplicationTargetedFeatureDatabase.dll
0x00007ffb1aa30000 - 0x00007ffb1ab67000 	C:\Windows\System32\AppXDeploymentClient.dll
0x00007ffae2ec0000 - 0x00007ffae2eec000 	C:\WINDOWS\System32\DriverStore\FileRepository\u0381040.inf_amd64_4455b7391a60ce8d\B380794\atig6pxx.dll
0x00007ffaa1df0000 - 0x00007ffaa4c50000 	C:\WINDOWS\System32\DriverStore\FileRepository\u0381040.inf_amd64_4455b7391a60ce8d\B380794\atio6axx.dll
0x00007ffb1a100000 - 0x00007ffb1a125000 	C:\WINDOWS\SYSTEM32\dxva2.dll
0x00007ffadf1a0000 - 0x00007ffadf1df000 	C:\WINDOWS\System32\DriverStore\FileRepository\u0381040.inf_amd64_4455b7391a60ce8d\B380794\atig6txx.dll
0x00007ffadca60000 - 0x00007ffadcc30000 	C:\WINDOWS\SYSTEM32\atiadlxx.dll
0x00007ffb1dda0000 - 0x00007ffb1dea1000 	C:\WINDOWS\SYSTEM32\PROPSYS.dll
0x00007ffaf37d0000 - 0x00007ffaf3820000 	C:\WINDOWS\SYSTEM32\pdh.dll
0x00007ffb21510000 - 0x00007ffb2157b000 	C:\WINDOWS\System32\WINTRUST.dll
0x00007ffb20c10000 - 0x00007ffb20d77000 	C:\WINDOWS\System32\CRYPT32.dll
0x00007ffb1fad0000 - 0x00007ffb1fae2000 	C:\WINDOWS\SYSTEM32\MSASN1.dll
0x00007ffb17250000 - 0x00007ffb175bc000 	C:\WINDOWS\SYSTEM32\CoreUIComponents.dll
0x00007ffaddd30000 - 0x00007ffaddd8e000 	C:\Users\sampw\AppData\Local\Temp\lwjgl_sampw\3.3.2+13\x64\lwjgl_opengl.dll
0x00007ffaddcb0000 - 0x00007ffaddd23000 	C:\Users\sampw\AppData\Local\Temp\lwjgl_sampw\3.3.2+13\x64\lwjgl_nuklear.dll
0x00007ffaddc20000 - 0x00007ffaddca2000 	C:\Users\sampw\AppData\Local\Temp\lwjgl_sampw\3.3.2+13\x64\lwjgl_stb.dll
0x00007ffaf17f0000 - 0x00007ffaf18ad000 	C:\WINDOWS\SYSTEM32\mscms.dll
0x00007ffadf100000 - 0x00007ffadf149000 	C:\WINDOWS\SYSTEM32\icm32.dll
0x00007ffb10ec0000 - 0x00007ffb10ed7000 	C:\WINDOWS\system32\napinsp.dll
0x00007ffb10ea0000 - 0x00007ffb10ebb000 	C:\WINDOWS\system32\pnrpnsp.dll
0x00007ffb1ee60000 - 0x00007ffb1ef59000 	C:\WINDOWS\SYSTEM32\DNSAPI.dll
0x00007ffb1edf0000 - 0x00007ffb1ee1d000 	C:\WINDOWS\SYSTEM32\IPHLPAPI.DLL
0x00007ffb22390000 - 0x00007ffb22399000 	C:\WINDOWS\System32\NSI.dll
0x00007ffb10e80000 - 0x00007ffb10e91000 	C:\WINDOWS\System32\winrnr.dll
0x00007ffb1a680000 - 0x00007ffb1a695000 	C:\WINDOWS\system32\wshbth.dll
0x00007ffb10ac0000 - 0x00007ffb10ae1000 	C:\WINDOWS\system32\nlansp_c.dll
0x00007ffb1b200000 - 0x00007ffb1b20a000 	C:\Windows\System32\rasadhlp.dll
0x00007ffb1b140000 - 0x00007ffb1b1c3000 	C:\WINDOWS\System32\fwpuclnt.dll

dbghelp: loaded successfully - version: 4.0.5 - missing functions: none
symbol engine: initialized successfully - sym options: 0x614 - pdb path: .;C:\Program Files\Java\jdk-17.0.1\bin;C:\WINDOWS\SYSTEM32;C:\WINDOWS\WinSxS\amd64_microsoft.windows.common-controls_6595b64144ccf1df_6.0.22621.3527_none_270e469b73872a76;C:\Program Files\Java\jdk-17.0.1\bin\server;C:\Users\sampw\AppData\Local\Temp\lwjgl_sampw\3.3.2+13\x64;C:\WINDOWS\System32\DriverStore\FileRepository\u0381040.inf_amd64_4455b7391a60ce8d\B380794

VM Arguments:
jvm_args: -XX:+ShowCodeDetailsInExceptionMessages 
java_command: com.xbuilders.game.Main
java_class_path (initial): C:\Local Files\Java\Projects\Xbuilders3\target\classes;C:\Users\sampw\.m2\repository\com\google\code\gson\gson\2.10.1\gson-2.10.1.jar;C:\Users\sampw\.m2\repository\org\lwjgl\lwjgl\3.3.2\lwjgl-3.3.2.jar;C:\Users\sampw\.m2\repository\org\lwjgl\lwjgl-assimp\3.3.2\lwjgl-assimp-3.3.2.jar;C:\Users\sampw\.m2\repository\org\lwjgl\lwjgl-bgfx\3.3.2\lwjgl-bgfx-3.3.2.jar;C:\Users\sampw\.m2\repository\org\lwjgl\lwjgl-cuda\3.3.2\lwjgl-cuda-3.3.2.jar;C:\Users\sampw\.m2\repository\org\lwjgl\lwjgl-egl\3.3.2\lwjgl-egl-3.3.2.jar;C:\Users\sampw\.m2\repository\org\lwjgl\lwjgl-fmod\3.3.2\lwjgl-fmod-3.3.2.jar;C:\Users\sampw\.m2\repository\org\lwjgl\lwjgl-freetype\3.3.2\lwjgl-freetype-3.3.2.jar;C:\Users\sampw\.m2\repository\org\lwjgl\lwjgl-glfw\3.3.2\lwjgl-glfw-3.3.2.jar;C:\Users\sampw\.m2\repository\org\lwjgl\lwjgl-harfbuzz\3.3.2\lwjgl-harfbuzz-3.3.2.jar;C:\Users\sampw\.m2\repository\org\lwjgl\lwjgl-hwloc\3.3.2\lwjgl-hwloc-3.3.2.jar;C:\Users\sampw\.m2\repository\org\lwjgl\lwjgl-jawt\3.3.2\lwjgl-jawt-3.3.2.jar;C:\Users\sampw\.m2\repository\org\lwjgl\lwjgl-jemalloc\3.3.2\lwjgl-jemalloc-3.3.2.jar;C:\Users\sampw\.m2\repository\org\lwjgl\lwjgl-ktx\3.3.2\lwjgl-ktx-3.3.2.jar;C:\Users\sampw\.m2\repository\org\lwjgl\lwjgl-libdivide\3.3.2\lwjgl-libdivide-3.3.2.jar;C:\Users\sampw\.m2\repository\org\lwjgl\lwjgl-llvm\3.3.2\lwjgl-llvm-3.3.2.jar;C:\Users\sampw\.m2\repository\org\lwjgl\lwjgl-lmdb\3.3.2\lwjgl-lmdb-3.3.2.jar;C:\Users\sampw\.m2\repository\org\lwjgl\lwjgl-lz4\3.3.2\lwjgl-lz4-3.3.2.jar;C:\Users\sampw\.m2\repository\org\lwjgl\lwjgl-meow\3.3.2\lwjgl-meow-3.3.2.jar;C:\Users\sampw\.m2\repository\org\lwjgl\lwjgl-meshoptimizer\3.3.2\lwjgl-meshoptimizer-3.3.2.jar;C:\Users\sampw\.m2\repository\org\lwjgl\lwjgl-nanovg\3.3.2\lwjgl-nanovg-3.3.2.jar;C:\Users\sampw\.m2\repository\org\lwjgl\lwjgl-nfd\3.3.2\lwjgl-nfd-3.3.2.jar;C:\Users\sampw\.m2\repository\org\lwjgl\lwjgl-nuklear\3.3.2\lwjgl-nuklear-3.3.2.jar;C:\Users\sampw\.m2\repository\org\lwjgl\lwjgl-odbc\3.3.2\lwjgl-odbc-3.3
Launcher Type: SUN_STANDARD

[Global flags]
     intx CICompilerCount                          = 12                                        {product} {ergonomic}
     uint ConcGCThreads                            = 3                                         {product} {ergonomic}
     uint G1ConcRefinementThreads                  = 13                                        {product} {ergonomic}
   size_t G1HeapRegionSize                         = 2097152                                   {product} {ergonomic}
    uintx GCDrainStackTargetSize                   = 64                                        {product} {ergonomic}
   size_t InitialHeapSize                          = 257949696                                 {product} {ergonomic}
   size_t MarkStackSize                            = 4194304                                   {product} {ergonomic}
   size_t MaxHeapSize                              = 4114612224                                {product} {ergonomic}
   size_t MaxNewSize                               = 2468347904                                {product} {ergonomic}
   size_t MinHeapDeltaBytes                        = 2097152                                   {product} {ergonomic}
   size_t MinHeapSize                              = 8388608                                   {product} {ergonomic}
    uintx NonNMethodCodeHeapSize                   = 7602480                                {pd product} {ergonomic}
    uintx NonProfiledCodeHeapSize                  = 122027880                              {pd product} {ergonomic}
    uintx ProfiledCodeHeapSize                     = 122027880                              {pd product} {ergonomic}
    uintx ReservedCodeCacheSize                    = 251658240                              {pd product} {ergonomic}
     bool SegmentedCodeCache                       = true                                      {product} {ergonomic}
     bool ShowCodeDetailsInExceptionMessages       = true                                   {manageable} {command line}
   size_t SoftMaxHeapSize                          = 4114612224                             {manageable} {ergonomic}
     bool UseCompressedClassPointers               = true                           {product lp64_product} {ergonomic}
     bool UseCompressedOops                        = true                           {product lp64_product} {ergonomic}
     bool UseG1GC                                  = true                                      {product} {ergonomic}
     bool UseLargePagesIndividualAllocation        = false                                  {pd product} {ergonomic}

Logging:
Log output configuration:
 #0: stdout all=warning uptime,level,tags
 #1: stderr all=off uptime,level,tags

Environment Variables:
JAVA_HOME=C:\Program Files\Java\jdk-17.0.1
PATH=C:\Program Files\Common Files\Oracle\Java\javapath;C:\WINDOWS\system32;C:\WINDOWS;C:\WINDOWS\System32\Wbem;C:\WINDOWS\System32\WindowsPowerShell\v1.0\;C:\WINDOWS\System32\OpenSSH\;C:\Program Files\PuTTY\;C:\Program Files\nodejs\;C:\Program Files\Java\jdk-16.0.1\bin;C:\Program Files\Apache Software Foundation\apache-maven-3.8.1\bin;C:\Program Files\Git\cmd;C:\Program Files\dotnet\;C:\Program Files\HP\HP One Agent;C:\Users\sampw\AppData\Local\Microsoft\WindowsApps;C:\Users\sampw\AppData\Roaming\npm;C:\Program Files (x86)\mingw-w64\i686-8.1.0-posix-dwarf-rt_v6-rev0\mingw32\bin;C:\Users\sampw\anaconda3;C:\Program Files\heroku\bin;C:\Programs\Program Downloads\ffmpeg-N-102431-gf140239777-win64-gpl-shared\bin;C:\Users\sampw\AppData\Local\Packages\PythonSoftwareFoundation.Python.3.9_qbz5n2kfra8p0\LocalCache\local-packages\Python39\Scripts;C:\Programs\apache-ant-1.10.13\bin;C:\Program Files\Microsoft Visual Studio\2022\Community\Common7\IDE\CommonExtensions\Microsoft\CMake\CMake\bin\;C:\Program Files\JetBrains\IntelliJ IDEA Community Edition 2023.3.2\bin;;C:\Users\sampw\AppData\Local\Programs\Microsoft VS Code\bin
USERNAME=sampw
LANG=en_US.UTF-8
OS=Windows_NT
PROCESSOR_IDENTIFIER=AMD64 Family 23 Model 104 Stepping 1, AuthenticAMD



---------------  S Y S T E M  ---------------

OS:
 Windows 10 , 64 bit Build 22621 (10.0.22621.3527)
OS uptime: 6 days 13:05 hours
Hyper-V role detected

CPU: total 16 (initial active 16) (16 cores per cpu, 2 threads per core) family 23 model 104 stepping 1 microcode 0x0, cx8, cmov, fxsr, ht, mmx, 3dnowpref, sse, sse2, sse3, ssse3, sse4a, sse4.1, sse4.2, popcnt, lzcnt, tsc, tscinvbit, avx, avx2, aes, clmul, bmi1, bmi2, adx, sha, fma, vzeroupper, clflush, clflushopt, hv

Memory: 4k page, system-wide physical 15695M (7209M free)
TotalPageFile size 31391M (AvailPageFile size 19948M)
current process WorkingSet (physical memory assigned to process): 725M, peak: 1138M
current process commit charge ("private bytes"): 1131M, peak: 1806M

vm_info: Java HotSpot(TM) 64-Bit Server VM (17.0.1+12-LTS-39) for windows-amd64 JRE (17.0.1+12-LTS-39), built on Sep 27 2021 18:41:35 by "mach5one" with MS VC++ 16.8 (VS2019)

END.
