#
# A fatal error has been detected by the Java Runtime Environment:
#
#  EXCEPTION_ACCESS_VIOLATION (0xc0000005) at pc=0x00007ff81a12cbad, pid=11256, tid=4816
#
# JRE version: OpenJDK Runtime Environment Corretto-17.0.12.7.1 (17.0.12+7) (build 17.0.12+7-LTS)
# Java VM: OpenJDK 64-Bit Server VM Corretto-17.0.12.7.1 (17.0.12+7-LTS, mixed mode, sharing, tiered, compressed oops, compressed class ptrs, g1 gc, windows-amd64)
# Problematic frame:
# C  [lwjgl_nuklear.dll+0x1cbad]
#
# No core dump will be written. Minidumps are not enabled by default on client versions of Windows
#
# If you would like to submit a bug report, please visit:
#   https://github.com/corretto/corretto-17/issues/
# The crash happened outside the Java Virtual Machine in native code.
# See problematic frame for where to report the bug.
#

---------------  S U M M A R Y ------------

Command Line: -javaagent:C:\Program Files\JetBrains\IntelliJ IDEA Community Edition 2024.1.4\lib\idea_rt.jar=63989:C:\Program Files\JetBrains\IntelliJ IDEA Community Edition 2024.1.4\bin -Dfile.encoding=UTF-8 com.xbuilders.Main devmode loadWorldOnStartup

Host: AMD Ryzen 7 5700U with Radeon Graphics         , 16 cores, 15G,  Windows 11 , 64 bit Build 26100 (10.0.26100.2161)
Time: Sat Nov 23 16:47:21 2024 Mountain Standard Time elapsed time: 9.750573 seconds (0d 0h 0m 9s)

---------------  T H R E A D  ---------------

Current thread (0x000001552ca40f00):  JavaThread "main" [_thread_in_native, id=4816, stack(0x0000004b52000000,0x0000004b52100000)]

Stack: [0x0000004b52000000,0x0000004b52100000],  sp=0x0000004b520fef80,  free space=1019k
Native frames: (J=compiled Java code, j=interpreted, Vv=VM code, C=native code)
C  [lwjgl_nuklear.dll+0x1cbad]

Java frames: (J=compiled Java code, j=interpreted, Vv=VM code)
j  org.lwjgl.nuklear.Nuklear.nnk_group_end(J)V+0
j  org.lwjgl.nuklear.Nuklear.nk_group_end(Lorg/lwjgl/nuklear/NkContext;)V+4
j  com.xbuilders.engine.client.visuals.ui.gameScene.items.UI_ItemStackGrid.draw(Lorg/lwjgl/system/MemoryStack;Lorg/lwjgl/nuklear/NkContext;I)V+367
j  com.xbuilders.content.ui.CraftingUI.drawWindow(Lorg/lwjgl/system/MemoryStack;Lorg/lwjgl/nuklear/NkRect;)V+44
j  com.xbuilders.engine.client.visuals.ui.gameScene.items.UI_ItemWindow.draw(Lorg/lwjgl/system/MemoryStack;)V+160
j  com.xbuilders.content.ui.GameMenus.draw(Lorg/lwjgl/system/MemoryStack;)Z+34
j  com.xbuilders.content.XbuildersGame.uiDraw(Lorg/lwjgl/system/MemoryStack;)V+26
j  com.xbuilders.engine.client.visuals.ui.gameScene.GameUI.draw()V+95
j  com.xbuilders.engine.server.model.GameScene.render()V+177
j  com.xbuilders.engine.MainWindow.render()V+9
j  com.xbuilders.engine.MainWindow.<init>([Ljava/lang/String;)V+316
j  com.xbuilders.Main.main([Ljava/lang/String;)V+5
v  ~StubRoutines::call_stub

siginfo: EXCEPTION_ACCESS_VIOLATION (0xc0000005), reading address 0x0000000000000044


Registers:
RAX=0x0000004b520fefb0, RBX=0x00000155984ca8d0, RCX=0x0000000000000000, RDX=0x0000000000000010
RSP=0x0000004b520fef80, RBP=0x0000004b520ff080, RSI=0x00000155a2ac0610, RDI=0x00000155a2ac0010
R8 =0x00000000000000c8, R9 =0x00000000000000e0, R10=0x00007ff81a110000, R11=0x00007ff81a14c511
R12=0x0000000000000000, R13=0x0000015594d793c0, R14=0x00000155a2ac0678, R15=0x0000000000000000
RIP=0x00007ff81a12cbad, EFLAGS=0x0000000000010202


Register to memory mapping:

RIP=0x00007ff81a12cbad lwjgl_nuklear.dll
RAX=0x0000004b520fefb0 is pointing into the stack for thread: 0x000001552ca40f00
RBX=0x00000155984ca8d0 points into unknown readable memory: 0x0000000000000000 | 00 00 00 00 00 00 00 00
RCX=0x0 is NULL
RDX=0x0000000000000010 is an unknown value
RSP=0x0000004b520fef80 is pointing into the stack for thread: 0x000001552ca40f00
RBP=0x0000004b520ff080 is pointing into the stack for thread: 0x000001552ca40f00
RSI=0x00000155a2ac0610 points into unknown readable memory: 0xbf14e3fb000000e3 | e3 00 00 00 fb e3 14 bf
RDI=0x00000155a2ac0010 points into unknown readable memory: 0x0000006800000001 | 01 00 00 00 68 00 00 00
R8 =0x00000000000000c8 is an unknown value
R9 =0x00000000000000e0 is an unknown value
R10=0x00007ff81a110000 lwjgl_nuklear.dll
R11=0x00007ff81a14c511 lwjgl_nuklear.dll
R12=0x0 is NULL
R13={method} {0x0000015594d793c8} 'nnk_group_end' '(J)V' in 'org/lwjgl/nuklear/Nuklear'
R14=0x00000155a2ac0678 points into unknown readable memory: 0x00000155984ccc00 | 00 cc 4c 98 55 01 00 00
R15=0x0 is NULL


Top of Stack: (sp=0x0000004b520fef80)
0x0000004b520fef80:   00000155984ca8d0 0000004b520ff080
0x0000004b520fef90:   00000155a2ac0610 00000155a2ac0a10
0x0000004b520fefa0:   42de000043140000 44030000441c4000
0x0000004b520fefb0:   0000000000000000 0000000000000000
0x0000004b520fefc0:   0000000000000000 0000000000000000
0x0000004b520fefd0:   0000000000000000 0000000000000000
0x0000004b520fefe0:   0000000000000000 0000000000000000
0x0000004b520feff0:   0000000000000000 4310000000000068
0x0000004b520ff000:   441e400042aa0000 0000000044098000
0x0000004b520ff010:   0000000000000000 00000155984ccc00
0x0000004b520ff020:   42de000043140000 44030000441c4000
0x0000004b520ff030:   0000000000000001 0000000000000000
0x0000004b520ff040:   0000000000000000 00000000000007f8
0x0000004b520ff050:   00000000000007d8 00000155a2ac0010
0x0000004b520ff060:   0000000000000000 0000000000000000
0x0000004b520ff070:   0000000000000000 0000000000000000
0x0000004b520ff080:   0000000000000000 0000000000000000
0x0000004b520ff090:   0000000000000000 0000000000000000
0x0000004b520ff0a0:   0000000000000000 0000000000000000
0x0000004b520ff0b0:   0000000000000000 0000000000000000
0x0000004b520ff0c0:   0000000000000000 0000000000000000
0x0000004b520ff0d0:   0000000000000000 0000000000000000
0x0000004b520ff0e0:   0000000000000000 0000000000000000
0x0000004b520ff0f0:   0000000000000000 0000000000000000
0x0000004b520ff100:   0000000000000000 0000000000000000
0x0000004b520ff110:   0000000000000000 0000000000000000
0x0000004b520ff120:   0000000000000000 0000000000000000
0x0000004b520ff130:   0000000000000000 0000000000000000
0x0000004b520ff140:   0000000000000000 0000000000000000
0x0000004b520ff150:   0000000000000000 0000000000000000
0x0000004b520ff160:   0000000000000000 0000000000000000
0x0000004b520ff170:   0000000000000000 0000000000000000 

Instructions: (pc=0x00007ff81a12cbad)
0x00007ff81a12caad:   f3 0f 10 6f 08 f3 0f 5c ee f3 0f 11 6c 24 7c f3
0x00007ff81a12cabd:   0f 58 5f 10 f3 0f 11 5d 84 f3 0f 10 57 14 f3 0f
0x00007ff81a12cacd:   58 57 38 f3 0f 58 57 60 f3 0f 11 55 88 f6 47 04
0x00007ff81a12cadd:   01 74 3f f3 0f 5c 6f 3c f3 0f 11 6c 24 7c f3 0f
0x00007ff81a12caed:   5c 67 3c f3 0f 11 65 80 f3 0f 10 47 3c f3 0f 58
0x00007ff81a12cafd:   c0 f3 0f 58 c3 f3 0f 11 45 84 0f 28 d8 f3 0f 10
0x00007ff81a12cb0d:   4f 3c f3 0f 58 c9 f3 0f 58 ca f3 0f 11 4d 88 0f
0x00007ff81a12cb1d:   28 d1 f6 47 04 20 75 1a f3 0f 58 9b e4 22 00 00
0x00007ff81a12cb2d:   f3 0f 58 93 e8 22 00 00 f3 0f 11 5d 84 f3 0f 11
0x00007ff81a12cb3d:   55 88 48 8b 47 18 4c 8d 76 68 44 0f 28 cd f3 0f
0x00007ff81a12cb4d:   58 dd f3 0f 58 d4 44 0f 28 d4 8b 08 89 4d 8c 48
0x00007ff81a12cb5d:   8b 47 20 f3 0f 58 d6 0f 57 f6 8b 08 89 4d 90 8b
0x00007ff81a12cb6d:   47 04 89 44 24 78 48 8d 44 24 30 41 0f 10 06 0f
0x00007ff81a12cb7d:   11 45 98 41 0f 10 4e 10 0f 11 4d a8 41 0f 10 46
0x00007ff81a12cb8d:   20 0f 11 45 b8 41 0f 10 4e 30 48 89 7d d8 48 89
0x00007ff81a12cb9d:   b5 00 01 00 00 0f 11 4d c8 48 89 83 b8 45 00 00
0x00007ff81a12cbad:   f3 45 0f 10 47 44 f3 41 0f 10 7f 48 f3 45 0f 5f
0x00007ff81a12cbbd:   c8 f3 45 0f 58 47 4c f3 44 0f 5f d7 f3 41 0f 58
0x00007ff81a12cbcd:   7f 50 f3 44 0f 5d c3 f3 0f 5d fa f3 45 0f 5c c1
0x00007ff81a12cbdd:   f3 41 0f 5c fa 44 0f 2f c6 77 04 45 0f 57 c0 0f
0x00007ff81a12cbed:   2f fe 77 03 0f 57 ff ba 01 00 00 00 f3 44 0f 11
0x00007ff81a12cbfd:   4d a0 48 8d 4d 98 f3 44 0f 11 55 a4 f3 44 0f 11
0x00007ff81a12cc0d:   45 a8 f3 0f 11 7d ac 44 8d 42 1f e8 b3 6f fe ff
0x00007ff81a12cc1d:   48 8b d0 48 85 c0 74 2c f3 41 0f 2c c9 f3 44 0f
0x00007ff81a12cc2d:   5f c6 66 89 48 18 f3 0f 5f fe f3 41 0f 2c ca 66
0x00007ff81a12cc3d:   89 48 1a f3 41 0f 2c c8 66 89 48 1c f3 0f 2c c7
0x00007ff81a12cc4d:   66 89 42 1e 48 8b 83 b8 45 00 00 48 85 c0 74 43
0x00007ff81a12cc5d:   48 8b 88 a8 00 00 00 48 85 c9 74 2c 83 39 01 75
0x00007ff81a12cc6d:   09 f7 40 48 00 20 00 00 75 1e 48 8b cb e8 d1 a9
0x00007ff81a12cc7d:   ff ff 48 8b 93 b8 45 00 00 48 8b cb 48 8b 92 a8
0x00007ff81a12cc8d:   00 00 00 e8 9b 95 ff ff 48 c7 83 b8 45 00 00 00
0x00007ff81a12cc9d:   00 00 00 0f 10 45 98 41 0f 11 06 0f 10 4d a8 41 


Stack slot to memory mapping:
stack at sp + 0 slots: 0x00000155984ca8d0 points into unknown readable memory: 0x0000000000000000 | 00 00 00 00 00 00 00 00
stack at sp + 1 slots: 0x0000004b520ff080 is pointing into the stack for thread: 0x000001552ca40f00
stack at sp + 2 slots: 0x00000155a2ac0610 points into unknown readable memory: 0xbf14e3fb000000e3 | e3 00 00 00 fb e3 14 bf
stack at sp + 3 slots: 0x00000155a2ac0a10 points into unknown readable memory: 0x0000002000000002 | 02 00 00 00 20 00 00 00
stack at sp + 4 slots: 0x42de000043140000 is an unknown value
stack at sp + 5 slots: 0x44030000441c4000 is an unknown value
stack at sp + 6 slots: 0x0 is NULL
stack at sp + 7 slots: 0x0 is NULL


---------------  P R O C E S S  ---------------

Threads class SMR info:
_java_thread_list=0x00000155986536b0, length=36, elements={
0x000001552ca40f00, 0x0000015551ba2c10, 0x0000015551ba55e0, 0x0000015551bb5d30,
0x0000015551bb66f0, 0x0000015551bb70b0, 0x0000015551bb7a70, 0x0000015551bb8810,
0x0000015551bb92c0, 0x0000015551bc1cd0, 0x0000015593080130, 0x00000155932fcfc0,
0x00000155932fd4a0, 0x0000015593b21ac0, 0x0000015593d0e270, 0x00000155a713d590,
0x00000155937035e0, 0x00000155a6adf0e0, 0x00000155a7012590, 0x00000155a70143f0,
0x00000155a70134c0, 0x00000155a7013ee0, 0x00000155a7014900, 0x00000155a70139d0,
0x00000155a7012080, 0x00000155a7015320, 0x00000155a7014e10, 0x00000155a7015830,
0x00000155a7012aa0, 0x00000155a7012fb0, 0x00000155a71d38c0, 0x00000155a71d48b0,
0x00000155a71d6340, 0x00000155a71d6890, 0x00000155a71d5350, 0x00000155c479ae30
}

Java Threads: ( => current thread )
=>0x000001552ca40f00 JavaThread "main" [_thread_in_native, id=4816, stack(0x0000004b52000000,0x0000004b52100000)]
  0x0000015551ba2c10 JavaThread "Reference Handler" daemon [_thread_blocked, id=15912, stack(0x0000004b52700000,0x0000004b52800000)]
  0x0000015551ba55e0 JavaThread "Finalizer" daemon [_thread_blocked, id=4196, stack(0x0000004b52800000,0x0000004b52900000)]
  0x0000015551bb5d30 JavaThread "Signal Dispatcher" daemon [_thread_blocked, id=19220, stack(0x0000004b52900000,0x0000004b52a00000)]
  0x0000015551bb66f0 JavaThread "Attach Listener" daemon [_thread_blocked, id=13124, stack(0x0000004b52a00000,0x0000004b52b00000)]
  0x0000015551bb70b0 JavaThread "Service Thread" daemon [_thread_blocked, id=7092, stack(0x0000004b52b00000,0x0000004b52c00000)]
  0x0000015551bb7a70 JavaThread "Monitor Deflation Thread" daemon [_thread_blocked, id=3124, stack(0x0000004b52c00000,0x0000004b52d00000)]
  0x0000015551bb8810 JavaThread "C2 CompilerThread0" daemon [_thread_blocked, id=8584, stack(0x0000004b52d00000,0x0000004b52e00000)]
  0x0000015551bb92c0 JavaThread "C1 CompilerThread0" daemon [_thread_blocked, id=20488, stack(0x0000004b52e00000,0x0000004b52f00000)]
  0x0000015551bc1cd0 JavaThread "Sweeper thread" daemon [_thread_blocked, id=12076, stack(0x0000004b52f00000,0x0000004b53000000)]
  0x0000015593080130 JavaThread "Common-Cleaner" daemon [_thread_blocked, id=17320, stack(0x0000004b53000000,0x0000004b53100000)]
  0x00000155932fcfc0 JavaThread "Monitor Ctrl-Break" daemon [_thread_in_native, id=1040, stack(0x0000004b53500000,0x0000004b53600000)]
  0x00000155932fd4a0 JavaThread "Notification Thread" daemon [_thread_blocked, id=13016, stack(0x0000004b53600000,0x0000004b53700000)]
  0x0000015593b21ac0 JavaThread "Java2D Disposer" daemon [_thread_blocked, id=17544, stack(0x0000004b53800000,0x0000004b53900000)]
  0x0000015593d0e270 JavaThread "AWT-Windows" daemon [_thread_in_native, id=21228, stack(0x0000004b53a00000,0x0000004b53b00000)]
  0x00000155a713d590 JavaThread "Keep-Alive-Timer" daemon [_thread_blocked, id=6836, stack(0x0000004b55300000,0x0000004b55400000)]
  0x00000155937035e0 JavaThread "Generation Thread" daemon [_thread_blocked, id=19340, stack(0x0000004b55500000,0x0000004b55600000)]
  0x00000155a6adf0e0 JavaThread "Generation Thread" daemon [_thread_blocked, id=740, stack(0x0000004b55900000,0x0000004b55a00000)]
  0x00000155a7012590 JavaThread "Generation Thread" daemon [_thread_blocked, id=12708, stack(0x0000004b55a00000,0x0000004b55b00000)]
  0x00000155a70143f0 JavaThread "Generation Thread" daemon [_thread_blocked, id=17932, stack(0x0000004b55b00000,0x0000004b55c00000)]
  0x00000155a70134c0 JavaThread "Generation Thread" daemon [_thread_blocked, id=21236, stack(0x0000004b55c00000,0x0000004b55d00000)]
  0x00000155a7013ee0 JavaThread "Generation Thread" daemon [_thread_blocked, id=6960, stack(0x0000004b55d00000,0x0000004b55e00000)]
  0x00000155a7014900 JavaThread "Generation Thread" daemon [_thread_blocked, id=4180, stack(0x0000004b55e00000,0x0000004b55f00000)]
  0x00000155a70139d0 JavaThread "Generation Thread" daemon [_thread_blocked, id=10020, stack(0x0000004b55f00000,0x0000004b56000000)]
  0x00000155a7012080 JavaThread "Generation Thread" daemon [_thread_blocked, id=9156, stack(0x0000004b56000000,0x0000004b56100000)]
  0x00000155a7015320 JavaThread "Generation Thread" daemon [_thread_blocked, id=2868, stack(0x0000004b56100000,0x0000004b56200000)]
  0x00000155a7014e10 JavaThread "Generation Thread" daemon [_thread_blocked, id=3500, stack(0x0000004b56200000,0x0000004b56300000)]
  0x00000155a7015830 JavaThread "Generation Thread" daemon [_thread_blocked, id=9280, stack(0x0000004b56300000,0x0000004b56400000)]
  0x00000155a7012aa0 JavaThread "Light Thread" daemon [_thread_blocked, id=14952, stack(0x0000004b56600000,0x0000004b56700000)]
  0x00000155a7012fb0 JavaThread "Mesh Thread" daemon [_thread_blocked, id=14124, stack(0x0000004b56700000,0x0000004b56800000)]
  0x00000155a71d38c0 JavaThread "C1 CompilerThread1" daemon [_thread_blocked, id=10152, stack(0x0000004b53100000,0x0000004b53200000)]
  0x00000155a71d48b0 JavaThread "C1 CompilerThread2" daemon [_thread_blocked, id=17584, stack(0x0000004b53200000,0x0000004b53300000)]
  0x00000155a71d6340 JavaThread "C1 CompilerThread3" daemon [_thread_blocked, id=9924, stack(0x0000004b55100000,0x0000004b55200000)]
  0x00000155a71d6890 JavaThread "C2 CompilerThread1" daemon [_thread_blocked, id=5924, stack(0x0000004b56400000,0x0000004b56500000)]
  0x00000155a71d5350 JavaThread "C2 CompilerThread2" daemon [_thread_blocked, id=8428, stack(0x0000004b56500000,0x0000004b56600000)]
  0x00000155c479ae30 JavaThread "Player Mesh Thread" daemon [_thread_blocked, id=20492, stack(0x0000004b56800000,0x0000004b56900000)]

Other Threads:
  0x0000015551b9e260 VMThread "VM Thread" [stack: 0x0000004b52600000,0x0000004b52700000] [id=22008]
  0x0000015593399360 WatcherThread [stack: 0x0000004b53700000,0x0000004b53800000] [id=12120]
  0x000001552caacd10 GCTaskThread "GC Thread#0" [stack: 0x0000004b52100000,0x0000004b52200000] [id=1800]
  0x0000015598474ac0 GCTaskThread "GC Thread#1" [stack: 0x0000004b54800000,0x0000004b54900000] [id=9916]
  0x00000155984ca570 GCTaskThread "GC Thread#2" [stack: 0x0000004b54900000,0x0000004b54a00000] [id=18480]
  0x00000155984dcef0 GCTaskThread "GC Thread#3" [stack: 0x0000004b54a00000,0x0000004b54b00000] [id=22028]
  0x00000155984dd1b0 GCTaskThread "GC Thread#4" [stack: 0x0000004b54b00000,0x0000004b54c00000] [id=4308]
  0x00000155984e62c0 GCTaskThread "GC Thread#5" [stack: 0x0000004b54c00000,0x0000004b54d00000] [id=18604]
  0x0000015598542330 GCTaskThread "GC Thread#6" [stack: 0x0000004b54d00000,0x0000004b54e00000] [id=3472]
  0x00000155985430f0 GCTaskThread "GC Thread#7" [stack: 0x0000004b54e00000,0x0000004b54f00000] [id=1532]
  0x00000155985425f0 GCTaskThread "GC Thread#8" [stack: 0x0000004b54f00000,0x0000004b55000000] [id=2420]
  0x0000015598542070 GCTaskThread "GC Thread#9" [stack: 0x0000004b55000000,0x0000004b55100000] [id=18196]
  0x0000015598543930 GCTaskThread "GC Thread#10" [stack: 0x0000004b55600000,0x0000004b55700000] [id=20264]
  0x0000015598543bf0 GCTaskThread "GC Thread#11" [stack: 0x0000004b55700000,0x0000004b55800000] [id=10164]
  0x00000155a25e0550 GCTaskThread "GC Thread#12" [stack: 0x0000004b55800000,0x0000004b55900000] [id=4164]
  0x000001552cabe0b0 ConcurrentGCThread "G1 Main Marker" [stack: 0x0000004b52200000,0x0000004b52300000] [id=17472]
  0x000001552cabf6a0 ConcurrentGCThread "G1 Conc#0" [stack: 0x0000004b52300000,0x0000004b52400000] [id=19156]
  0x00000155a25df210 ConcurrentGCThread "G1 Conc#1" [stack: 0x0000004b53300000,0x0000004b53400000] [id=5264]
  0x00000155a25de190 ConcurrentGCThread "G1 Conc#2" [stack: 0x0000004b53400000,0x0000004b53500000] [id=22048]
  0x0000015551ad4ba0 ConcurrentGCThread "G1 Refine#0" [stack: 0x0000004b52400000,0x0000004b52500000] [id=22468]
  0x0000015551ad5370 ConcurrentGCThread "G1 Service" [stack: 0x0000004b52500000,0x0000004b52600000] [id=11456]

Threads with active compile tasks:

VM state: not at safepoint (normal execution)

VM Mutex/Monitor currently owned by a thread: None

Heap address: 0x000000070ac00000, size: 3924 MB, Compressed Oops mode: Zero based, Oop shift amount: 3

CDS archive(s) mapped at: [0x0000015552000000-0x0000015552bb0000-0x0000015552bb0000), size 12255232, SharedBaseAddress: 0x0000015552000000, ArchiveRelocationMode: 1.
Compressed class space mapped at: 0x0000015553000000-0x0000015593000000, reserved size: 1073741824
Narrow klass base: 0x0000015552000000, Narrow klass shift: 0, Narrow klass range: 0x100000000

GC Precious Log:
 CPUs: 16 total, 16 available
 Memory: 15695M
 Large Page Support: Disabled
 NUMA Support: Disabled
 Compressed Oops: Enabled (Zero based)
 Heap Region Size: 2M
 Heap Min Capacity: 8M
 Heap Initial Capacity: 246M
 Heap Max Capacity: 3924M
 Pre-touch: Disabled
 Parallel Workers: 13
 Concurrent Workers: 3
 Concurrent Refinement Workers: 13
 Periodic GC: Disabled

Heap:
 garbage-first heap   total 362496K, used 164317K [0x000000070ac00000, 0x0000000800000000)
  region size 2048K, 4 young (8192K), 1 survivors (2048K)
 Metaspace       used 32028K, committed 32448K, reserved 1114112K
  class space    used 3008K, committed 3200K, reserved 1048576K

Heap Regions: E=young(eden), S=young(survivor), O=old, HS=humongous(starts), HC=humongous(continues), CS=collection set, F=free, OA=open archive, CA=closed archive, TAMS=top-at-mark-start (previous, next)
|   0|0x000000070ac00000, 0x000000070ae00000, 0x000000070ae00000|100%| O|  |TAMS 0x000000070ae00000, 0x000000070ac00000| Untracked 
|   1|0x000000070ae00000, 0x000000070afcce30, 0x000000070b000000| 90%| O|  |TAMS 0x000000070afcce30, 0x000000070ae00000| Untracked 
|   2|0x000000070b000000, 0x000000070b1ffff0, 0x000000070b200000| 99%| O|  |TAMS 0x000000070b1ffff0, 0x000000070b000000| Untracked 
|   3|0x000000070b200000, 0x000000070b400000, 0x000000070b400000|100%| O|  |TAMS 0x000000070b400000, 0x000000070b200000| Untracked 
|   4|0x000000070b400000, 0x000000070b600000, 0x000000070b600000|100%| O|  |TAMS 0x000000070b600000, 0x000000070b400000| Untracked 
|   5|0x000000070b600000, 0x000000070b726780, 0x000000070b800000| 57%| O|  |TAMS 0x000000070b726780, 0x000000070b600000| Untracked 
|   6|0x000000070b800000, 0x000000070ba00000, 0x000000070ba00000|100%| O|  |TAMS 0x000000070ba00000, 0x000000070b800000| Untracked 
|   7|0x000000070ba00000, 0x000000070bc00000, 0x000000070bc00000|100%| O|  |TAMS 0x000000070bc00000, 0x000000070ba00000| Untracked 
|   8|0x000000070bc00000, 0x000000070be00000, 0x000000070be00000|100%| O|  |TAMS 0x000000070be00000, 0x000000070bc00000| Untracked 
|   9|0x000000070be00000, 0x000000070c000000, 0x000000070c000000|100%| O|  |TAMS 0x000000070c000000, 0x000000070be00000| Untracked 
|  10|0x000000070c000000, 0x000000070c200000, 0x000000070c200000|100%| O|  |TAMS 0x000000070c200000, 0x000000070c000000| Untracked 
|  11|0x000000070c200000, 0x000000070c400000, 0x000000070c400000|100%| O|  |TAMS 0x000000070c400000, 0x000000070c200000| Untracked 
|  12|0x000000070c400000, 0x000000070c600000, 0x000000070c600000|100%| O|  |TAMS 0x000000070c600000, 0x000000070c400000| Untracked 
|  13|0x000000070c600000, 0x000000070c76cc00, 0x000000070c800000| 71%| O|  |TAMS 0x000000070c76cc00, 0x000000070c600000| Untracked 
|  14|0x000000070c800000, 0x000000070ca00000, 0x000000070ca00000|100%| O|  |TAMS 0x000000070ca00000, 0x000000070c800000| Untracked 
|  15|0x000000070ca00000, 0x000000070cc00000, 0x000000070cc00000|100%| O|  |TAMS 0x000000070cc00000, 0x000000070ca00000| Untracked 
|  16|0x000000070cc00000, 0x000000070ce00000, 0x000000070ce00000|100%| O|  |TAMS 0x000000070ce00000, 0x000000070cc00000| Untracked 
|  17|0x000000070ce00000, 0x000000070d000000, 0x000000070d000000|100%| O|  |TAMS 0x000000070d000000, 0x000000070ce00000| Untracked 
|  18|0x000000070d000000, 0x000000070d200000, 0x000000070d200000|100%| O|  |TAMS 0x000000070d200000, 0x000000070d000000| Untracked 
|  19|0x000000070d200000, 0x000000070d400000, 0x000000070d400000|100%| O|  |TAMS 0x000000070d400000, 0x000000070d200000| Untracked 
|  20|0x000000070d400000, 0x000000070d600000, 0x000000070d600000|100%| O|  |TAMS 0x000000070d600000, 0x000000070d400000| Untracked 
|  21|0x000000070d600000, 0x000000070d800000, 0x000000070d800000|100%| O|  |TAMS 0x000000070d800000, 0x000000070d600000| Untracked 
|  22|0x000000070d800000, 0x000000070da00000, 0x000000070da00000|100%| O|  |TAMS 0x000000070da00000, 0x000000070d800000| Untracked 
|  23|0x000000070da00000, 0x000000070dc00000, 0x000000070dc00000|100%| O|  |TAMS 0x000000070dc00000, 0x000000070da00000| Untracked 
|  24|0x000000070dc00000, 0x000000070de00000, 0x000000070de00000|100%| O|  |TAMS 0x000000070de00000, 0x000000070dc00000| Untracked 
|  25|0x000000070de00000, 0x000000070e000000, 0x000000070e000000|100%| O|  |TAMS 0x000000070e000000, 0x000000070de00000| Untracked 
|  26|0x000000070e000000, 0x000000070e200000, 0x000000070e200000|100%| O|  |TAMS 0x000000070e200000, 0x000000070e000000| Untracked 
|  27|0x000000070e200000, 0x000000070e400000, 0x000000070e400000|100%| O|  |TAMS 0x000000070e400000, 0x000000070e200000| Untracked 
|  28|0x000000070e400000, 0x000000070e600000, 0x000000070e600000|100%| O|  |TAMS 0x000000070e600000, 0x000000070e400000| Untracked 
|  29|0x000000070e600000, 0x000000070e800000, 0x000000070e800000|100%| O|  |TAMS 0x000000070e800000, 0x000000070e600000| Untracked 
|  30|0x000000070e800000, 0x000000070ea00000, 0x000000070ea00000|100%| O|  |TAMS 0x000000070ea00000, 0x000000070e800000| Untracked 
|  31|0x000000070ea00000, 0x000000070ec00000, 0x000000070ec00000|100%| O|  |TAMS 0x000000070ebad600, 0x000000070ea00000| Untracked 
|  32|0x000000070ec00000, 0x000000070ee00000, 0x000000070ee00000|100%| O|  |TAMS 0x000000070ec00000, 0x000000070ec00000| Untracked 
|  33|0x000000070ee00000, 0x000000070f000000, 0x000000070f000000|100%| O|  |TAMS 0x000000070ee00000, 0x000000070ee00000| Untracked 
|  34|0x000000070f000000, 0x000000070f200000, 0x000000070f200000|100%| O|  |TAMS 0x000000070f000000, 0x000000070f000000| Untracked 
|  35|0x000000070f200000, 0x000000070f400000, 0x000000070f400000|100%| O|  |TAMS 0x000000070f200000, 0x000000070f200000| Untracked 
|  36|0x000000070f400000, 0x000000070f600000, 0x000000070f600000|100%| O|  |TAMS 0x000000070f400000, 0x000000070f400000| Untracked 
|  37|0x000000070f600000, 0x000000070f800000, 0x000000070f800000|100%| O|  |TAMS 0x000000070f600000, 0x000000070f600000| Untracked 
|  38|0x000000070f800000, 0x000000070fa00000, 0x000000070fa00000|100%| O|  |TAMS 0x000000070f800000, 0x000000070f800000| Untracked 
|  39|0x000000070fa00000, 0x000000070fc00000, 0x000000070fc00000|100%| O|  |TAMS 0x000000070fa00000, 0x000000070fa00000| Untracked 
|  40|0x000000070fc00000, 0x000000070fe00000, 0x000000070fe00000|100%| O|  |TAMS 0x000000070fc00000, 0x000000070fc00000| Untracked 
|  41|0x000000070fe00000, 0x0000000710000000, 0x0000000710000000|100%| O|  |TAMS 0x000000070fe00000, 0x000000070fe00000| Untracked 
|  42|0x0000000710000000, 0x0000000710200000, 0x0000000710200000|100%| O|  |TAMS 0x0000000710000000, 0x0000000710000000| Untracked 
|  43|0x0000000710200000, 0x0000000710400000, 0x0000000710400000|100%| O|  |TAMS 0x0000000710200000, 0x0000000710200000| Untracked 
|  44|0x0000000710400000, 0x0000000710600000, 0x0000000710600000|100%| O|  |TAMS 0x0000000710400000, 0x0000000710400000| Untracked 
|  45|0x0000000710600000, 0x0000000710800000, 0x0000000710800000|100%| O|  |TAMS 0x0000000710600000, 0x0000000710600000| Untracked 
|  46|0x0000000710800000, 0x0000000710a00000, 0x0000000710a00000|100%| O|  |TAMS 0x0000000710800000, 0x0000000710800000| Untracked 
|  47|0x0000000710a00000, 0x0000000710c00000, 0x0000000710c00000|100%| O|  |TAMS 0x0000000710a00000, 0x0000000710a00000| Untracked 
|  48|0x0000000710c00000, 0x0000000710e00000, 0x0000000710e00000|100%| O|  |TAMS 0x0000000710c00000, 0x0000000710c00000| Untracked 
|  49|0x0000000710e00000, 0x0000000710f6ba00, 0x0000000711000000| 71%| O|  |TAMS 0x0000000710e00000, 0x0000000710e00000| Untracked 
|  50|0x0000000711000000, 0x0000000711200000, 0x0000000711200000|100%| O|  |TAMS 0x0000000711000000, 0x0000000711000000| Untracked 
|  51|0x0000000711200000, 0x0000000711400000, 0x0000000711400000|100%| O|  |TAMS 0x0000000711200000, 0x0000000711200000| Untracked 
|  52|0x0000000711400000, 0x0000000711600000, 0x0000000711600000|100%| O|  |TAMS 0x0000000711400000, 0x0000000711400000| Untracked 
|  53|0x0000000711600000, 0x0000000711800000, 0x0000000711800000|100%| O|  |TAMS 0x0000000711600000, 0x0000000711600000| Untracked 
|  54|0x0000000711800000, 0x0000000711a00000, 0x0000000711a00000|100%| O|  |TAMS 0x0000000711800000, 0x0000000711800000| Untracked 
|  55|0x0000000711a00000, 0x0000000711c00000, 0x0000000711c00000|100%| O|  |TAMS 0x0000000711a00000, 0x0000000711a00000| Untracked 
|  56|0x0000000711c00000, 0x0000000711e00000, 0x0000000711e00000|100%| O|  |TAMS 0x0000000711c00000, 0x0000000711c00000| Untracked 
|  57|0x0000000711e00000, 0x0000000712000000, 0x0000000712000000|100%| O|  |TAMS 0x0000000711e00000, 0x0000000711e00000| Untracked 
|  58|0x0000000712000000, 0x0000000712200000, 0x0000000712200000|100%| O|  |TAMS 0x0000000712000000, 0x0000000712000000| Untracked 
|  59|0x0000000712200000, 0x0000000712400000, 0x0000000712400000|100%| O|  |TAMS 0x0000000712200000, 0x0000000712200000| Untracked 
|  60|0x0000000712400000, 0x0000000712600000, 0x0000000712600000|100%| O|  |TAMS 0x0000000712400000, 0x0000000712400000| Untracked 
|  61|0x0000000712600000, 0x0000000712800000, 0x0000000712800000|100%| O|  |TAMS 0x0000000712600000, 0x0000000712600000| Untracked 
|  62|0x0000000712800000, 0x0000000712a00000, 0x0000000712a00000|100%| O|  |TAMS 0x0000000712800000, 0x0000000712800000| Untracked 
|  63|0x0000000712a00000, 0x0000000712c00000, 0x0000000712c00000|100%| O|  |TAMS 0x0000000712a00000, 0x0000000712a00000| Untracked 
|  64|0x0000000712c00000, 0x0000000712e00000, 0x0000000712e00000|100%| O|  |TAMS 0x0000000712c00000, 0x0000000712c00000| Untracked 
|  65|0x0000000712e00000, 0x0000000713000000, 0x0000000713000000|100%| O|  |TAMS 0x0000000712e00000, 0x0000000712e00000| Untracked 
|  66|0x0000000713000000, 0x0000000713200000, 0x0000000713200000|100%| O|  |TAMS 0x0000000713000000, 0x0000000713000000| Untracked 
|  67|0x0000000713200000, 0x0000000713400000, 0x0000000713400000|100%| O|  |TAMS 0x0000000713200000, 0x0000000713200000| Untracked 
|  68|0x0000000713400000, 0x0000000713600000, 0x0000000713600000|100%| O|  |TAMS 0x0000000713400000, 0x0000000713400000| Untracked 
|  69|0x0000000713600000, 0x0000000713800000, 0x0000000713800000|100%| O|  |TAMS 0x0000000713600000, 0x0000000713600000| Untracked 
|  70|0x0000000713800000, 0x0000000713a00000, 0x0000000713a00000|100%| O|  |TAMS 0x0000000713800000, 0x0000000713800000| Untracked 
|  71|0x0000000713a00000, 0x0000000713c00000, 0x0000000713c00000|100%| O|  |TAMS 0x0000000713a00000, 0x0000000713a00000| Untracked 
|  72|0x0000000713c00000, 0x0000000713e00000, 0x0000000713e00000|100%| O|  |TAMS 0x0000000713c00000, 0x0000000713c00000| Untracked 
|  73|0x0000000713e00000, 0x0000000714000000, 0x0000000714000000|100%| O|  |TAMS 0x0000000713e00000, 0x0000000713e00000| Untracked 
|  74|0x0000000714000000, 0x0000000714200000, 0x0000000714200000|100%| O|  |TAMS 0x0000000714000000, 0x0000000714000000| Untracked 
|  75|0x0000000714200000, 0x0000000714400000, 0x0000000714400000|100%| O|  |TAMS 0x0000000714200000, 0x0000000714200000| Untracked 
|  76|0x0000000714400000, 0x0000000714600000, 0x0000000714600000|100%| O|  |TAMS 0x0000000714400000, 0x0000000714400000| Untracked 
|  77|0x0000000714600000, 0x0000000714800000, 0x0000000714800000|100%| O|  |TAMS 0x0000000714600000, 0x0000000714600000| Untracked 
|  78|0x0000000714800000, 0x0000000714876400, 0x0000000714a00000| 23%| O|  |TAMS 0x0000000714800000, 0x0000000714800000| Untracked 
|  79|0x0000000714a00000, 0x0000000714a00000, 0x0000000714c00000|  0%| F|  |TAMS 0x0000000714a00000, 0x0000000714a00000| Untracked 
|  80|0x0000000714c00000, 0x0000000714c00000, 0x0000000714e00000|  0%| F|  |TAMS 0x0000000714c00000, 0x0000000714c00000| Untracked 
|  81|0x0000000714e00000, 0x0000000714e00000, 0x0000000715000000|  0%| F|  |TAMS 0x0000000714e00000, 0x0000000714e00000| Untracked 
|  82|0x0000000715000000, 0x0000000715000000, 0x0000000715200000|  0%| F|  |TAMS 0x0000000715000000, 0x0000000715000000| Untracked 
|  83|0x0000000715200000, 0x0000000715200000, 0x0000000715400000|  0%| F|  |TAMS 0x0000000715200000, 0x0000000715200000| Untracked 
|  84|0x0000000715400000, 0x0000000715400000, 0x0000000715600000|  0%| F|  |TAMS 0x0000000715400000, 0x0000000715400000| Untracked 
|  85|0x0000000715600000, 0x0000000715600000, 0x0000000715800000|  0%| F|  |TAMS 0x0000000715600000, 0x0000000715600000| Untracked 
|  86|0x0000000715800000, 0x0000000715800000, 0x0000000715a00000|  0%| F|  |TAMS 0x0000000715800000, 0x0000000715800000| Untracked 
|  87|0x0000000715a00000, 0x0000000715a00000, 0x0000000715c00000|  0%| F|  |TAMS 0x0000000715a00000, 0x0000000715a00000| Untracked 
|  88|0x0000000715c00000, 0x0000000715c00000, 0x0000000715e00000|  0%| F|  |TAMS 0x0000000715c00000, 0x0000000715c00000| Untracked 
|  89|0x0000000715e00000, 0x0000000715e00000, 0x0000000716000000|  0%| F|  |TAMS 0x0000000715e00000, 0x0000000715e00000| Untracked 
|  90|0x0000000716000000, 0x0000000716000000, 0x0000000716200000|  0%| F|  |TAMS 0x0000000716000000, 0x0000000716000000| Untracked 
|  91|0x0000000716200000, 0x0000000716200000, 0x0000000716400000|  0%| F|  |TAMS 0x0000000716200000, 0x0000000716200000| Untracked 
|  92|0x0000000716400000, 0x0000000716400000, 0x0000000716600000|  0%| F|  |TAMS 0x0000000716400000, 0x0000000716400000| Untracked 
|  93|0x0000000716600000, 0x0000000716600000, 0x0000000716800000|  0%| F|  |TAMS 0x0000000716600000, 0x0000000716600000| Untracked 
|  94|0x0000000716800000, 0x0000000716800000, 0x0000000716a00000|  0%| F|  |TAMS 0x0000000716800000, 0x0000000716800000| Untracked 
|  95|0x0000000716a00000, 0x0000000716a00000, 0x0000000716c00000|  0%| F|  |TAMS 0x0000000716a00000, 0x0000000716a00000| Untracked 
|  96|0x0000000716c00000, 0x0000000716c00000, 0x0000000716e00000|  0%| F|  |TAMS 0x0000000716c00000, 0x0000000716c00000| Untracked 
|  97|0x0000000716e00000, 0x0000000716e00000, 0x0000000717000000|  0%| F|  |TAMS 0x0000000716e00000, 0x0000000716e00000| Untracked 
|  98|0x0000000717000000, 0x0000000717000000, 0x0000000717200000|  0%| F|  |TAMS 0x0000000717000000, 0x0000000717000000| Untracked 
|  99|0x0000000717200000, 0x0000000717200000, 0x0000000717400000|  0%| F|  |TAMS 0x0000000717200000, 0x0000000717200000| Untracked 
| 100|0x0000000717400000, 0x0000000717400000, 0x0000000717600000|  0%| F|  |TAMS 0x0000000717400000, 0x0000000717400000| Untracked 
| 101|0x0000000717600000, 0x0000000717600000, 0x0000000717800000|  0%| F|  |TAMS 0x0000000717600000, 0x0000000717600000| Untracked 
| 102|0x0000000717800000, 0x0000000717800000, 0x0000000717a00000|  0%| F|  |TAMS 0x0000000717800000, 0x0000000717800000| Untracked 
| 103|0x0000000717a00000, 0x0000000717a00000, 0x0000000717c00000|  0%| F|  |TAMS 0x0000000717a00000, 0x0000000717a00000| Untracked 
| 104|0x0000000717c00000, 0x0000000717c00000, 0x0000000717e00000|  0%| F|  |TAMS 0x0000000717c00000, 0x0000000717c00000| Untracked 
| 105|0x0000000717e00000, 0x0000000717e00000, 0x0000000718000000|  0%| F|  |TAMS 0x0000000717e00000, 0x0000000717e00000| Untracked 
| 106|0x0000000718000000, 0x0000000718000000, 0x0000000718200000|  0%| F|  |TAMS 0x0000000718000000, 0x0000000718000000| Untracked 
| 107|0x0000000718200000, 0x0000000718200000, 0x0000000718400000|  0%| F|  |TAMS 0x0000000718200000, 0x0000000718200000| Untracked 
| 108|0x0000000718400000, 0x0000000718400000, 0x0000000718600000|  0%| F|  |TAMS 0x0000000718400000, 0x0000000718400000| Untracked 
| 109|0x0000000718600000, 0x0000000718600000, 0x0000000718800000|  0%| F|  |TAMS 0x0000000718600000, 0x0000000718600000| Untracked 
| 110|0x0000000718800000, 0x0000000718800000, 0x0000000718a00000|  0%| F|  |TAMS 0x0000000718800000, 0x0000000718800000| Untracked 
| 111|0x0000000718a00000, 0x0000000718a00000, 0x0000000718c00000|  0%| F|  |TAMS 0x0000000718a00000, 0x0000000718a00000| Untracked 
| 112|0x0000000718c00000, 0x0000000718c00000, 0x0000000718e00000|  0%| F|  |TAMS 0x0000000718c00000, 0x0000000718c00000| Untracked 
| 113|0x0000000718e00000, 0x0000000718e00000, 0x0000000719000000|  0%| F|  |TAMS 0x0000000718e00000, 0x0000000718e00000| Untracked 
| 114|0x0000000719000000, 0x0000000719000000, 0x0000000719200000|  0%| F|  |TAMS 0x0000000719000000, 0x0000000719000000| Untracked 
| 115|0x0000000719200000, 0x0000000719200000, 0x0000000719400000|  0%| F|  |TAMS 0x0000000719200000, 0x0000000719200000| Untracked 
| 116|0x0000000719400000, 0x0000000719400000, 0x0000000719600000|  0%| F|  |TAMS 0x0000000719400000, 0x0000000719400000| Untracked 
| 117|0x0000000719600000, 0x0000000719600000, 0x0000000719800000|  0%| F|  |TAMS 0x0000000719600000, 0x0000000719600000| Untracked 
| 118|0x0000000719800000, 0x0000000719800000, 0x0000000719a00000|  0%| F|  |TAMS 0x0000000719800000, 0x0000000719800000| Untracked 
| 119|0x0000000719a00000, 0x0000000719a00000, 0x0000000719c00000|  0%| F|  |TAMS 0x0000000719a00000, 0x0000000719a00000| Untracked 
| 120|0x0000000719c00000, 0x0000000719c00000, 0x0000000719e00000|  0%| F|  |TAMS 0x0000000719c00000, 0x0000000719c00000| Untracked 
| 121|0x0000000719e00000, 0x0000000719e00000, 0x000000071a000000|  0%| F|  |TAMS 0x0000000719e00000, 0x0000000719e00000| Untracked 
| 122|0x000000071a000000, 0x000000071a000000, 0x000000071a200000|  0%| F|  |TAMS 0x000000071a000000, 0x000000071a000000| Untracked 
| 123|0x000000071a200000, 0x000000071a200000, 0x000000071a400000|  0%| F|  |TAMS 0x000000071a200000, 0x000000071a200000| Untracked 
| 124|0x000000071a400000, 0x000000071a400000, 0x000000071a600000|  0%| F|  |TAMS 0x000000071a400000, 0x000000071a400000| Untracked 
| 125|0x000000071a600000, 0x000000071a600000, 0x000000071a800000|  0%| F|  |TAMS 0x000000071a600000, 0x000000071a600000| Untracked 
| 126|0x000000071a800000, 0x000000071a800000, 0x000000071aa00000|  0%| F|  |TAMS 0x000000071a800000, 0x000000071a800000| Untracked 
| 127|0x000000071aa00000, 0x000000071aa00000, 0x000000071ac00000|  0%| F|  |TAMS 0x000000071aa00000, 0x000000071aa00000| Untracked 
| 128|0x000000071ac00000, 0x000000071ac00000, 0x000000071ae00000|  0%| F|  |TAMS 0x000000071ac00000, 0x000000071ac00000| Untracked 
| 129|0x000000071ae00000, 0x000000071ae00000, 0x000000071b000000|  0%| F|  |TAMS 0x000000071ae00000, 0x000000071ae00000| Untracked 
| 130|0x000000071b000000, 0x000000071b000000, 0x000000071b200000|  0%| F|  |TAMS 0x000000071b000000, 0x000000071b000000| Untracked 
| 131|0x000000071b200000, 0x000000071b200000, 0x000000071b400000|  0%| F|  |TAMS 0x000000071b200000, 0x000000071b200000| Untracked 
| 132|0x000000071b400000, 0x000000071b400000, 0x000000071b600000|  0%| F|  |TAMS 0x000000071b400000, 0x000000071b400000| Untracked 
| 133|0x000000071b600000, 0x000000071b600000, 0x000000071b800000|  0%| F|  |TAMS 0x000000071b600000, 0x000000071b600000| Untracked 
| 134|0x000000071b800000, 0x000000071b800000, 0x000000071ba00000|  0%| F|  |TAMS 0x000000071b800000, 0x000000071b800000| Untracked 
| 135|0x000000071ba00000, 0x000000071ba00000, 0x000000071bc00000|  0%| F|  |TAMS 0x000000071ba00000, 0x000000071ba00000| Untracked 
| 136|0x000000071bc00000, 0x000000071bc00000, 0x000000071be00000|  0%| F|  |TAMS 0x000000071bc00000, 0x000000071bc00000| Untracked 
| 137|0x000000071be00000, 0x000000071be00000, 0x000000071c000000|  0%| F|  |TAMS 0x000000071be00000, 0x000000071be00000| Untracked 
| 138|0x000000071c000000, 0x000000071c000000, 0x000000071c200000|  0%| F|  |TAMS 0x000000071c000000, 0x000000071c000000| Untracked 
| 139|0x000000071c200000, 0x000000071c200000, 0x000000071c400000|  0%| F|  |TAMS 0x000000071c200000, 0x000000071c200000| Untracked 
| 140|0x000000071c400000, 0x000000071c400000, 0x000000071c600000|  0%| F|  |TAMS 0x000000071c400000, 0x000000071c400000| Untracked 
| 141|0x000000071c600000, 0x000000071c600000, 0x000000071c800000|  0%| F|  |TAMS 0x000000071c600000, 0x000000071c600000| Untracked 
| 142|0x000000071c800000, 0x000000071c800000, 0x000000071ca00000|  0%| F|  |TAMS 0x000000071c800000, 0x000000071c800000| Untracked 
| 143|0x000000071ca00000, 0x000000071ca00000, 0x000000071cc00000|  0%| F|  |TAMS 0x000000071ca00000, 0x000000071ca00000| Untracked 
| 144|0x000000071cc00000, 0x000000071cc00000, 0x000000071ce00000|  0%| F|  |TAMS 0x000000071cc00000, 0x000000071cc00000| Untracked 
| 145|0x000000071ce00000, 0x000000071ce00000, 0x000000071d000000|  0%| F|  |TAMS 0x000000071ce00000, 0x000000071ce00000| Untracked 
| 146|0x000000071d000000, 0x000000071d000000, 0x000000071d200000|  0%| F|  |TAMS 0x000000071d000000, 0x000000071d000000| Untracked 
| 147|0x000000071d200000, 0x000000071d200000, 0x000000071d400000|  0%| F|  |TAMS 0x000000071d200000, 0x000000071d200000| Untracked 
| 148|0x000000071d400000, 0x000000071d400000, 0x000000071d600000|  0%| F|  |TAMS 0x000000071d400000, 0x000000071d400000| Untracked 
| 149|0x000000071d600000, 0x000000071d600000, 0x000000071d800000|  0%| F|  |TAMS 0x000000071d600000, 0x000000071d600000| Untracked 
| 150|0x000000071d800000, 0x000000071d835670, 0x000000071da00000| 10%| S|CS|TAMS 0x000000071d800000, 0x000000071d800000| Complete 
| 151|0x000000071da00000, 0x000000071da00000, 0x000000071dc00000|  0%| F|  |TAMS 0x000000071da00000, 0x000000071da00000| Untracked 
| 152|0x000000071dc00000, 0x000000071dc00000, 0x000000071de00000|  0%| F|  |TAMS 0x000000071dc00000, 0x000000071dc00000| Untracked 
| 153|0x000000071de00000, 0x000000071de00000, 0x000000071e000000|  0%| F|  |TAMS 0x000000071de00000, 0x000000071de00000| Untracked 
| 154|0x000000071e000000, 0x000000071e000000, 0x000000071e200000|  0%| F|  |TAMS 0x000000071e000000, 0x000000071e000000| Untracked 
| 155|0x000000071e200000, 0x000000071e200000, 0x000000071e400000|  0%| F|  |TAMS 0x000000071e200000, 0x000000071e200000| Untracked 
| 156|0x000000071e400000, 0x000000071e400000, 0x000000071e600000|  0%| F|  |TAMS 0x000000071e400000, 0x000000071e400000| Untracked 
| 157|0x000000071e600000, 0x000000071e600000, 0x000000071e800000|  0%| F|  |TAMS 0x000000071e600000, 0x000000071e600000| Untracked 
| 158|0x000000071e800000, 0x000000071e800000, 0x000000071ea00000|  0%| F|  |TAMS 0x000000071e800000, 0x000000071e800000| Untracked 
| 159|0x000000071ea00000, 0x000000071ea00000, 0x000000071ec00000|  0%| F|  |TAMS 0x000000071ea00000, 0x000000071ea00000| Untracked 
| 160|0x000000071ec00000, 0x000000071ec00000, 0x000000071ee00000|  0%| F|  |TAMS 0x000000071ec00000, 0x000000071ec00000| Untracked 
| 161|0x000000071ee00000, 0x000000071ee00000, 0x000000071f000000|  0%| F|  |TAMS 0x000000071ee00000, 0x000000071ee00000| Untracked 
| 162|0x000000071f000000, 0x000000071f000000, 0x000000071f200000|  0%| F|  |TAMS 0x000000071f000000, 0x000000071f000000| Untracked 
| 163|0x000000071f200000, 0x000000071f200000, 0x000000071f400000|  0%| F|  |TAMS 0x000000071f200000, 0x000000071f200000| Untracked 
| 164|0x000000071f400000, 0x000000071f400000, 0x000000071f600000|  0%| F|  |TAMS 0x000000071f400000, 0x000000071f400000| Untracked 
| 165|0x000000071f600000, 0x000000071f600000, 0x000000071f800000|  0%| F|  |TAMS 0x000000071f600000, 0x000000071f600000| Untracked 
| 166|0x000000071f800000, 0x000000071f800000, 0x000000071fa00000|  0%| F|  |TAMS 0x000000071f800000, 0x000000071f800000| Untracked 
| 167|0x000000071fa00000, 0x000000071fa00000, 0x000000071fc00000|  0%| F|  |TAMS 0x000000071fa00000, 0x000000071fa00000| Untracked 
| 168|0x000000071fc00000, 0x000000071fc00000, 0x000000071fe00000|  0%| F|  |TAMS 0x000000071fc00000, 0x000000071fc00000| Untracked 
| 169|0x000000071fe00000, 0x000000071fe00000, 0x0000000720000000|  0%| F|  |TAMS 0x000000071fe00000, 0x000000071fe00000| Untracked 
| 170|0x0000000720000000, 0x0000000720000000, 0x0000000720200000|  0%| F|  |TAMS 0x0000000720000000, 0x0000000720000000| Untracked 
| 171|0x0000000720200000, 0x0000000720200000, 0x0000000720400000|  0%| F|  |TAMS 0x0000000720200000, 0x0000000720200000| Untracked 
| 172|0x0000000720400000, 0x0000000720400000, 0x0000000720600000|  0%| F|  |TAMS 0x0000000720400000, 0x0000000720400000| Untracked 
| 173|0x0000000720600000, 0x00000007207e0268, 0x0000000720800000| 93%| E|  |TAMS 0x0000000720600000, 0x0000000720600000| Complete 
| 174|0x0000000720800000, 0x0000000720a00000, 0x0000000720a00000|100%| E|CS|TAMS 0x0000000720800000, 0x0000000720800000| Complete 
| 181|0x0000000721600000, 0x0000000721800000, 0x0000000721800000|100%| E|CS|TAMS 0x0000000721600000, 0x0000000721600000| Complete 
|1961|0x00000007ffe00000, 0x0000000800000000, 0x0000000800000000|100%| O|  |TAMS 0x0000000800000000, 0x00000007ffe00000| Untracked 

Card table byte_map: [0x00000155464b0000,0x0000015546c60000] _byte_map_base: 0x0000015542c5a000

Marking Bits (Prev, Next): (CMBitMap*) 0x000001552caae240, (CMBitMap*) 0x000001552caae280
 Prev Bits: [0x0000015547410000, 0x000001554b160000)
 Next Bits: [0x000001554b160000, 0x000001554eeb0000)

Polling page: 0x000001552caf0000

Metaspace:

Usage:
  Non-class:     28.34 MB used.
      Class:      2.94 MB used.
       Both:     31.28 MB used.

Virtual space:
  Non-class space:       64.00 MB reserved,      28.56 MB ( 45%) committed,  1 nodes.
      Class space:        1.00 GB reserved,       3.12 MB ( <1%) committed,  1 nodes.
             Both:        1.06 GB reserved,      31.69 MB (  3%) committed. 

Chunk freelists:
   Non-Class:  2.55 MB
       Class:  12.90 MB
        Both:  15.45 MB

MaxMetaspaceSize: unlimited
CompressedClassSpaceSize: 1.00 GB
Initial GC threshold: 21.00 MB
Current GC threshold: 51.25 MB
CDS: on
MetaspaceReclaimPolicy: balanced
 - commit_granule_bytes: 65536.
 - commit_granule_words: 8192.
 - virtual_space_node_default_size: 8388608.
 - enlarge_chunks_in_place: 1.
 - new_chunks_are_fully_committed: 0.
 - uncommit_free_chunks: 1.
 - use_allocation_guard: 0.
 - handle_deallocations: 1.


Internal statistics:

num_allocs_failed_limit: 3.
num_arena_births: 548.
num_arena_deaths: 0.
num_vsnodes_births: 2.
num_vsnodes_deaths: 0.
num_space_committed: 505.
num_space_uncommitted: 0.
num_chunks_returned_to_freelist: 3.
num_chunks_taken_from_freelist: 1266.
num_chunk_merges: 3.
num_chunk_splits: 869.
num_chunks_enlarged: 597.
num_inconsistent_stats: 0.

CodeHeap 'non-profiled nmethods': size=119168Kb used=2532Kb max_used=2532Kb free=116635Kb
 bounds [0x000001553d9e0000, 0x000001553dc60000, 0x0000015544e40000]
CodeHeap 'profiled nmethods': size=119104Kb used=8137Kb max_used=9354Kb free=110966Kb
 bounds [0x0000015535e40000, 0x0000015536770000, 0x000001553d290000]
CodeHeap 'non-nmethods': size=7488Kb used=3729Kb max_used=3813Kb free=3758Kb
 bounds [0x000001553d290000, 0x000001553d650000, 0x000001553d9e0000]
 total_blobs=5810 nmethods=4221 adapters=1498
 compilation: enabled
              stopped_count=0, restarted_count=0
 full_count=0

Compilation events (20 events):
Event: 9.663 Thread 0x00000155a71d5350 nmethod 4993 0x000001553dba3090 code [0x000001553dba3200, 0x000001553dba3258]
Event: 9.663 Thread 0x00000155a71d6890 nmethod 4992 0x000001553dba2d90 code [0x000001553dba2f00, 0x000001553dba2f58]
Event: 9.663 Thread 0x0000015551bb8810 nmethod 4986 0x000001553dba2710 code [0x000001553dba28a0, 0x000001553dba2a88]
Event: 9.675 Thread 0x0000015551bb8810 4994       4       org.lwjgl.stb.STBTTAlignedQuad::ns1 (14 bytes)
Event: 9.675 Thread 0x00000155a71d5350 4995       4       org.lwjgl.stb.STBTTAlignedQuad::nt1 (14 bytes)
Event: 9.676 Thread 0x00000155a71d5350 nmethod 4995 0x000001553dba2410 code [0x000001553dba2580, 0x000001553dba25d8]
Event: 9.676 Thread 0x0000015551bb8810 nmethod 4994 0x000001553dba2110 code [0x000001553dba2280, 0x000001553dba22d8]
Event: 9.689 Thread 0x00000155a71d5350 4996       4       com.xbuilders.engine.utils.math.AABB::setPosAndSize (33 bytes)
Event: 9.690 Thread 0x00000155a71d5350 nmethod 4996 0x000001553dba1d90 code [0x000001553dba1f00, 0x000001553dba1ff8]
Event: 9.707 Thread 0x00000155a71d5350 4998       4       java.lang.StringConcatHelper::mix (27 bytes)
Event: 9.707 Thread 0x00000155a71d38c0 4999       3       java.lang.StringConcatHelper::mix (16 bytes)
Event: 9.707 Thread 0x0000015551bb92c0 5000       3       java.lang.StringConcatHelper::prepend (22 bytes)
Event: 9.707 Thread 0x00000155a71d6340 5001       3       java.lang.StringConcatHelper::prepend (218 bytes)
Event: 9.707 Thread 0x00000155a71d6890 5002       4       java.lang.AbstractStringBuilder::isLatin1 (19 bytes)
Event: 9.708 Thread 0x0000015551bb92c0 nmethod 5000 0x00000155363b2910 code [0x00000155363b2ac0, 0x00000155363b2c58]
Event: 9.708 Thread 0x00000155a71d38c0 nmethod 4999 0x0000015536271810 code [0x00000155362719c0, 0x0000015536271c68]
Event: 9.709 Thread 0x00000155a71d6340 nmethod 5001 0x0000015536022490 code [0x0000015536022640, 0x0000015536022a38]
Event: 9.709 Thread 0x00000155a71d6890 nmethod 5002 0x000001553dba1690 code [0x000001553dba1800, 0x000001553dba1898]
Event: 9.709 Thread 0x00000155a71d5350 nmethod 4998 0x000001553dba1310 code [0x000001553dba1480, 0x000001553dba1538]
Event: 9.728 Thread 0x0000015551bb8810 5003   !   4       com.xbuilders.engine.client.visuals.rendering.chunk.meshers.Chunk_NaiveMesher::compute (799 bytes)

GC Heap History (20 events):
Event: 5.607 GC heap before
{Heap before GC invocations=5 (full 0):
 garbage-first heap   total 49152K, used 13890K [0x000000070ac00000, 0x0000000800000000)
  region size 2048K, 3 young (6144K), 2 survivors (4096K)
 Metaspace       used 30994K, committed 31296K, reserved 1114112K
  class space    used 2917K, committed 3072K, reserved 1048576K
}
Event: 5.629 GC heap after
{Heap after GC invocations=6 (full 1):
 garbage-first heap   total 49152K, used 13261K [0x000000070ac00000, 0x0000000800000000)
  region size 2048K, 0 young (0K), 0 survivors (0K)
 Metaspace       used 30994K, committed 31296K, reserved 1114112K
  class space    used 2917K, committed 3072K, reserved 1048576K
}
Event: 5.681 GC heap before
{Heap before GC invocations=6 (full 1):
 garbage-first heap   total 49152K, used 29645K [0x000000070ac00000, 0x0000000800000000)
  region size 2048K, 9 young (18432K), 0 survivors (0K)
 Metaspace       used 31142K, committed 31424K, reserved 1114112K
  class space    used 2934K, committed 3072K, reserved 1048576K
}
Event: 5.686 GC heap after
{Heap after GC invocations=7 (full 1):
 garbage-first heap   total 51200K, used 30813K [0x000000070ac00000, 0x0000000800000000)
  region size 2048K, 2 young (4096K), 2 survivors (4096K)
 Metaspace       used 31142K, committed 31424K, reserved 1114112K
  class space    used 2934K, committed 3072K, reserved 1048576K
}
Event: 5.691 GC heap before
{Heap before GC invocations=7 (full 1):
 garbage-first heap   total 51200K, used 32861K [0x000000070ac00000, 0x0000000800000000)
  region size 2048K, 4 young (8192K), 2 survivors (4096K)
 Metaspace       used 31147K, committed 31424K, reserved 1114112K
  class space    used 2934K, committed 3072K, reserved 1048576K
}
Event: 5.693 GC heap after
{Heap after GC invocations=8 (full 1):
 garbage-first heap   total 51200K, used 35141K [0x000000070ac00000, 0x0000000800000000)
  region size 2048K, 1 young (2048K), 1 survivors (2048K)
 Metaspace       used 31147K, committed 31424K, reserved 1114112K
  class space    used 2934K, committed 3072K, reserved 1048576K
}
Event: 5.700 GC heap before
{Heap before GC invocations=8 (full 1):
 garbage-first heap   total 51200K, used 35141K [0x000000070ac00000, 0x0000000800000000)
  region size 2048K, 2 young (4096K), 1 survivors (2048K)
 Metaspace       used 31151K, committed 31488K, reserved 1114112K
  class space    used 2934K, committed 3072K, reserved 1048576K
}
Event: 5.702 GC heap after
{Heap after GC invocations=9 (full 1):
 garbage-first heap   total 151552K, used 37122K [0x000000070ac00000, 0x0000000800000000)
  region size 2048K, 1 young (2048K), 1 survivors (2048K)
 Metaspace       used 31151K, committed 31488K, reserved 1114112K
  class space    used 2934K, committed 3072K, reserved 1048576K
}
Event: 5.754 GC heap before
{Heap before GC invocations=10 (full 1):
 garbage-first heap   total 143360K, used 69890K [0x000000070ac00000, 0x0000000800000000)
  region size 2048K, 18 young (36864K), 1 survivors (2048K)
 Metaspace       used 31190K, committed 31552K, reserved 1114112K
  class space    used 2934K, committed 3072K, reserved 1048576K
}
Event: 5.765 GC heap after
{Heap after GC invocations=11 (full 1):
 garbage-first heap   total 143360K, used 71733K [0x000000070ac00000, 0x0000000800000000)
  region size 2048K, 3 young (6144K), 3 survivors (6144K)
 Metaspace       used 31190K, committed 31552K, reserved 1114112K
  class space    used 2934K, committed 3072K, reserved 1048576K
}
Event: 5.784 GC heap before
{Heap before GC invocations=11 (full 1):
 garbage-first heap   total 143360K, used 86069K [0x000000070ac00000, 0x0000000800000000)
  region size 2048K, 11 young (22528K), 3 survivors (6144K)
 Metaspace       used 31281K, committed 31616K, reserved 1114112K
  class space    used 2939K, committed 3072K, reserved 1048576K
}
Event: 5.791 GC heap after
{Heap after GC invocations=12 (full 1):
 garbage-first heap   total 143360K, used 87782K [0x000000070ac00000, 0x0000000800000000)
  region size 2048K, 2 young (4096K), 2 survivors (4096K)
 Metaspace       used 31281K, committed 31616K, reserved 1114112K
  class space    used 2939K, committed 3072K, reserved 1048576K
}
Event: 5.799 GC heap before
{Heap before GC invocations=12 (full 1):
 garbage-first heap   total 143360K, used 95974K [0x000000070ac00000, 0x0000000800000000)
  region size 2048K, 7 young (14336K), 2 survivors (4096K)
 Metaspace       used 31284K, committed 31616K, reserved 1114112K
  class space    used 2939K, committed 3072K, reserved 1048576K
}
Event: 5.803 GC heap after
{Heap after GC invocations=13 (full 1):
 garbage-first heap   total 143360K, used 97507K [0x000000070ac00000, 0x0000000800000000)
  region size 2048K, 1 young (2048K), 1 survivors (2048K)
 Metaspace       used 31284K, committed 31616K, reserved 1114112K
  class space    used 2939K, committed 3072K, reserved 1048576K
}
Event: 5.817 GC heap before
{Heap before GC invocations=13 (full 1):
 garbage-first heap   total 143360K, used 101603K [0x000000070ac00000, 0x0000000800000000)
  region size 2048K, 4 young (8192K), 1 survivors (2048K)
 Metaspace       used 31286K, committed 31616K, reserved 1114112K
  class space    used 2939K, committed 3072K, reserved 1048576K
}
Event: 5.822 GC heap after
{Heap after GC invocations=14 (full 1):
 garbage-first heap   total 374784K, used 104238K [0x000000070ac00000, 0x0000000800000000)
  region size 2048K, 1 young (2048K), 1 survivors (2048K)
 Metaspace       used 31286K, committed 31616K, reserved 1114112K
  class space    used 2939K, committed 3072K, reserved 1048576K
}
Event: 6.727 GC heap before
{Heap before GC invocations=15 (full 1):
 garbage-first heap   total 362496K, used 180014K [0x000000070ac00000, 0x0000000800000000)
  region size 2048K, 38 young (77824K), 1 survivors (2048K)
 Metaspace       used 31451K, committed 31744K, reserved 1114112K
  class space    used 2945K, committed 3072K, reserved 1048576K
}
Event: 6.741 GC heap after
{Heap after GC invocations=16 (full 1):
 garbage-first heap   total 362496K, used 159791K [0x000000070ac00000, 0x0000000800000000)
  region size 2048K, 5 young (10240K), 5 survivors (10240K)
 Metaspace       used 31451K, committed 31744K, reserved 1114112K
  class space    used 2945K, committed 3072K, reserved 1048576K
}
Event: 8.824 GC heap before
{Heap before GC invocations=16 (full 1):
 garbage-first heap   total 362496K, used 210991K [0x000000070ac00000, 0x0000000800000000)
  region size 2048K, 30 young (61440K), 5 survivors (10240K)
 Metaspace       used 31801K, committed 32192K, reserved 1114112K
  class space    used 2986K, committed 3200K, reserved 1048576K
}
Event: 8.829 GC heap after
{Heap after GC invocations=17 (full 1):
 garbage-first heap   total 362496K, used 160221K [0x000000070ac00000, 0x0000000800000000)
  region size 2048K, 1 young (2048K), 1 survivors (2048K)
 Metaspace       used 31801K, committed 32192K, reserved 1114112K
  class space    used 2986K, committed 3200K, reserved 1048576K
}

Dll operation events (17 events):
Event: 0.010 Loaded shared library C:\Users\sampw\.jdks\corretto-17.0.12\bin\java.dll
Event: 0.029 Loaded shared library C:\Users\sampw\.jdks\corretto-17.0.12\bin\jsvml.dll
Event: 0.138 Loaded shared library C:\Users\sampw\.jdks\corretto-17.0.12\bin\zip.dll
Event: 0.140 Loaded shared library C:\Users\sampw\.jdks\corretto-17.0.12\bin\instrument.dll
Event: 0.147 Loaded shared library C:\Users\sampw\.jdks\corretto-17.0.12\bin\net.dll
Event: 0.149 Loaded shared library C:\Users\sampw\.jdks\corretto-17.0.12\bin\nio.dll
Event: 0.152 Loaded shared library C:\Users\sampw\.jdks\corretto-17.0.12\bin\zip.dll
Event: 0.260 Loaded shared library C:\Program Files\JetBrains\IntelliJ IDEA Community Edition 2024.1.4\bin\breakgen64.dll
Event: 0.274 Loaded shared library C:\Users\sampw\.jdks\corretto-17.0.12\bin\extnet.dll
Event: 0.308 Loaded shared library C:\Users\sampw\.jdks\corretto-17.0.12\bin\jimage.dll
Event: 0.330 Loaded shared library C:\Users\sampw\AppData\Local\Temp\lwjgl_sampw\3.3.2+13\x64\lwjgl.dll
Event: 0.456 Loaded shared library C:\Users\sampw\.jdks\corretto-17.0.12\bin\awt.dll
Event: 0.753 Loaded shared library C:\Users\sampw\.jdks\corretto-17.0.12\bin\verify.dll
Event: 1.285 Loaded shared library C:\Users\sampw\AppData\Local\Temp\lwjgl_sampw\3.3.2+13\x64\lwjgl_opengl.dll
Event: 1.401 Loaded shared library C:\Users\sampw\AppData\Local\Temp\lwjgl_sampw\3.3.2+13\x64\lwjgl_nuklear.dll
Event: 1.425 Loaded shared library C:\Users\sampw\AppData\Local\Temp\lwjgl_sampw\3.3.2+13\x64\lwjgl_stb.dll
Event: 5.153 Loaded shared library C:\Users\sampw\.jdks\corretto-17.0.12\bin\sunmscapi.dll

Deoptimization events (20 events):
Event: 9.141 Thread 0x000001552ca40f00 DEOPT PACKING pc=0x000001553dc559b8 sp=0x0000004b520ff3c0
Event: 9.141 Thread 0x000001552ca40f00 DEOPT UNPACKING pc=0x000001553d2e69a3 sp=0x0000004b520ff2b0 mode 2
Event: 9.174 Thread 0x000001552ca40f00 Uncommon trap: trap_request=0xffffff45 fr.pc=0x000001553daa7164 relative=0x0000000000000704
Event: 9.174 Thread 0x000001552ca40f00 Uncommon trap: reason=unstable_if action=reinterpret pc=0x000001553daa7164 method=org.joml.FrustumIntersection.testAab(FFFFFF)Z @ 385 c2
Event: 9.174 Thread 0x000001552ca40f00 DEOPT PACKING pc=0x000001553daa7164 sp=0x0000004b520ff350
Event: 9.174 Thread 0x000001552ca40f00 DEOPT UNPACKING pc=0x000001553d2e69a3 sp=0x0000004b520ff2c8 mode 2
Event: 9.375 Thread 0x000001552ca40f00 DEOPT PACKING pc=0x00000155363074f2 sp=0x0000004b520ff4a0
Event: 9.375 Thread 0x000001552ca40f00 DEOPT UNPACKING pc=0x000001553d2e7143 sp=0x0000004b520fe978 mode 0
Event: 9.638 Thread 0x000001552ca40f00 Uncommon trap: trap_request=0xffffff45 fr.pc=0x000001553da03e58 relative=0x0000000000000758
Event: 9.638 Thread 0x000001552ca40f00 Uncommon trap: reason=unstable_if action=reinterpret pc=0x000001553da03e58 method=com.xbuilders.window.nuklear.NKFontUtils.lambda$TTF_assignToNewTexture$1(Lorg/lwjgl/stb/STBTTPackedchar$Buffer;Lorg/lwjgl/stb/STBTTFontinfo;IFFJFJII)V @ 40 c2
Event: 9.638 Thread 0x000001552ca40f00 DEOPT PACKING pc=0x000001553da03e58 sp=0x0000004b520fe950
Event: 9.638 Thread 0x000001552ca40f00 DEOPT UNPACKING pc=0x000001553d2e69a3 sp=0x0000004b520fe7b8 mode 2
Event: 9.728 Thread 0x00000155c479ae30 Uncommon trap: trap_request=0xffffffc6 fr.pc=0x000001553da9c1b4 relative=0x0000000000001714
Event: 9.728 Thread 0x00000155c479ae30 Uncommon trap: reason=bimorphic_or_optimized_type_check action=maybe_recompile pc=0x000001553da9c1b4 method=com.xbuilders.engine.client.visuals.rendering.chunk.meshers.Chunk_NaiveMesher.compute(Lcom/xbuilders/engine/rendering/VertexSet;Lcom/xbuilders/engine/rendering/Ve
Event: 9.728 Thread 0x00000155c479ae30 DEOPT PACKING pc=0x000001553da9c1b4 sp=0x0000004b568ff0b0
Event: 9.728 Thread 0x00000155c479ae30 DEOPT UNPACKING pc=0x000001553d2e69a3 sp=0x0000004b568ff038 mode 2
Event: 9.728 Thread 0x00000155c479ae30 Uncommon trap: trap_request=0xffffffc6 fr.pc=0x000001553da57fe8 relative=0x0000000000001108
Event: 9.728 Thread 0x00000155c479ae30 Uncommon trap: reason=bimorphic_or_optimized_type_check action=maybe_recompile pc=0x000001553da57fe8 method=com.xbuilders.engine.client.visuals.rendering.chunk.meshers.Chunk_NaiveMesher.compute(Lcom/xbuilders/engine/rendering/VertexSet;Lcom/xbuilders/engine/rendering/Ve
Event: 9.728 Thread 0x00000155c479ae30 DEOPT PACKING pc=0x000001553da57fe8 sp=0x0000004b568ff090
Event: 9.728 Thread 0x00000155c479ae30 DEOPT UNPACKING pc=0x000001553d2e69a3 sp=0x0000004b568ff038 mode 2

Classes loaded (20 events):
Event: 6.380 Loading class java/text/DigitList$1
Event: 6.380 Loading class java/text/DigitList$1 done
Event: 8.659 Loading class java/util/concurrent/Executors$DefaultThreadFactory
Event: 8.659 Loading class java/util/concurrent/Executors$DefaultThreadFactory done
Event: 8.669 Loading class java/math/MathContext
Event: 8.669 Loading class java/math/MathContext done
Event: 8.713 Loading class java/lang/Math$RandomNumberGeneratorHolder
Event: 8.713 Loading class java/lang/Math$RandomNumberGeneratorHolder done
Event: 9.076 Loading class java/awt/MouseInfo
Event: 9.076 Loading class java/awt/MouseInfo done
Event: 9.076 Loading class sun/awt/windows/WMouseInfoPeer
Event: 9.076 Loading class java/awt/peer/MouseInfoPeer
Event: 9.076 Loading class java/awt/peer/MouseInfoPeer done
Event: 9.076 Loading class sun/awt/windows/WMouseInfoPeer done
Event: 9.076 Loading class java/awt/PointerInfo
Event: 9.077 Loading class java/awt/PointerInfo done
Event: 9.722 Loading class sun/reflect/generics/tree/ArrayTypeSignature
Event: 9.722 Loading class sun/reflect/generics/tree/ArrayTypeSignature done
Event: 9.725 Loading class java/io/UnsupportedEncodingException
Event: 9.725 Loading class java/io/UnsupportedEncodingException done

Classes unloaded (0 events):
No events

Classes redefined (0 events):
No events

Internal exceptions (20 events):
Event: 4.802 Thread 0x000001552ca40f00 Exception <a 'java/lang/NoSuchMethodError'{0x000000070d1d9028}: 'void java.lang.invoke.DirectMethodHandle$Holder.invokeStatic(java.lang.Object, java.lang.Object, java.lang.Object, int, int, int)'> (0x000000070d1d9028) 
thrown [s\src\hotspot\share\interpreter\linkResolver.cpp, line 759]
Event: 4.883 Thread 0x000001552ca40f00 Exception <a 'java/lang/NoSuchMethodError'{0x000000070ccb06c8}: 'int java.lang.invoke.DirectMethodHandle$Holder.invokeStatic(java.lang.Object, long, int)'> (0x000000070ccb06c8) 
thrown [s\src\hotspot\share\interpreter\linkResolver.cpp, line 759]
Event: 4.991 Thread 0x000001552ca40f00 Exception <a 'sun/nio/fs/WindowsException'{0x000000070cb76980}> (0x000000070cb76980) 
thrown [s\src\hotspot\share\prims\jni.cpp, line 516]
Event: 5.000 Thread 0x000001552ca40f00 Exception <a 'java/lang/NoSuchMethodError'{0x000000070cb9c968}: 'int java.lang.invoke.DirectMethodHandle$Holder.invokeStaticInit(java.lang.Object, java.lang.Object, java.lang.Object, java.lang.Object)'> (0x000000070cb9c968) 
thrown [s\src\hotspot\share\interpreter\linkResolver.cpp, line 759]
Event: 5.001 Thread 0x000001552ca40f00 Exception <a 'java/lang/NoSuchMethodError'{0x000000070cba5f30}: 'java.lang.Object java.lang.invoke.DirectMethodHandle$Holder.invokeInterface(java.lang.Object, java.lang.Object)'> (0x000000070cba5f30) 
thrown [s\src\hotspot\share\interpreter\linkResolver.cpp, line 759]
Event: 5.001 Thread 0x000001552ca40f00 Exception <a 'java/lang/IncompatibleClassChangeError'{0x000000070cba9728}: Found class java.lang.Object, but interface was expected> (0x000000070cba9728) 
thrown [s\src\hotspot\share\interpreter\linkResolver.cpp, line 826]
Event: 5.002 Thread 0x000001552ca40f00 Exception <a 'java/lang/NoSuchMethodError'{0x000000070cbac9e8}: 'void java.lang.invoke.DirectMethodHandle$Holder.invokeStaticInit(java.lang.Object, java.lang.Object)'> (0x000000070cbac9e8) 
thrown [s\src\hotspot\share\interpreter\linkResolver.cpp, line 759]
Event: 5.002 Thread 0x000001552ca40f00 Exception <a 'java/lang/NoSuchMethodError'{0x000000070cbb26f0}: 'int java.lang.invoke.DirectMethodHandle$Holder.invokeStaticInit(java.lang.Object, java.lang.Object)'> (0x000000070cbb26f0) 
thrown [s\src\hotspot\share\interpreter\linkResolver.cpp, line 759]
Event: 5.131 Thread 0x000001552ca40f00 Exception <a 'java/lang/NoSuchMethodError'{0x000000070c22bef8}: 'java.lang.Object java.lang.invoke.DirectMethodHandle$Holder.invokeStaticInit(java.lang.Object, java.lang.Object, int, int, int, int)'> (0x000000070c22bef8) 
thrown [s\src\hotspot\share\interpreter\linkResolver.cpp, line 759]
Event: 5.324 Thread 0x000001552ca40f00 Implicit null exception at 0x000001553dbaac0c to 0x000001553dbaadbe
Event: 5.606 Thread 0x000001552ca40f00 Exception <a 'java/lang/NoSuchMethodError'{0x000000071a1b2538}: 'java.lang.Object java.lang.invoke.DirectMethodHandle$Holder.invokeVirtual(java.lang.Object, java.lang.Object, java.lang.Object, java.lang.Object)'> (0x000000071a1b2538) 
thrown [s\src\hotspot\share\interpreter\linkResolver.cpp, line 759]
Event: 5.949 Thread 0x000001552ca40f00 Exception <a 'java/lang/NoSuchMethodError'{0x000000071d375fb0}: 'void java.lang.invoke.DirectMethodHandle$Holder.invokeStatic(java.lang.Object, java.lang.Object, java.lang.Object, java.lang.Object)'> (0x000000071d375fb0) 
thrown [s\src\hotspot\share\interpreter\linkResolver.cpp, line 759]
Event: 8.697 Thread 0x000001552ca40f00 Exception <a 'java/lang/NoSuchMethodError'{0x000000071e9ee648}: 'java.lang.Object java.lang.invoke.DirectMethodHandle$Holder.newInvokeSpecial(java.lang.Object, java.lang.Object, java.lang.Object, int)'> (0x000000071e9ee648) 
thrown [s\src\hotspot\share\interpreter\linkResolver.cpp, line 759]
Event: 8.697 Thread 0x000001552ca40f00 Exception <a 'java/lang/NoSuchMethodError'{0x000000071e9f2780}: 'java.lang.Object java.lang.invoke.DirectMethodHandle$Holder.invokeSpecial(java.lang.Object, java.lang.Object, java.lang.Object, java.lang.Object, int)'> (0x000000071e9f2780) 
thrown [s\src\hotspot\share\interpreter\linkResolver.cpp, line 759]
Event: 8.697 Thread 0x000001552ca40f00 Exception <a 'java/lang/NoSuchMethodError'{0x000000071e9f60a0}: 'java.lang.Object java.lang.invoke.Invokers$Holder.linkToTargetMethod(java.lang.Object, java.lang.Object, int, java.lang.Object)'> (0x000000071e9f60a0) 
thrown [s\src\hotspot\share\interpreter\linkResolver.cpp, line 759]
Event: 8.717 Thread 0x000001552ca40f00 Exception <a 'java/lang/NoSuchMethodError'{0x000000071dde15c8}: 'java.lang.Object java.lang.invoke.DirectMethodHandle$Holder.invokeStatic(java.lang.Object, float)'> (0x000000071dde15c8) 
thrown [s\src\hotspot\share\interpreter\linkResolver.cpp, line 759]
Event: 8.717 Thread 0x000001552ca40f00 Exception <a 'java/lang/NoSuchMethodError'{0x000000071dde5c58}: 'java.lang.Object java.lang.invoke.DirectMethodHandle$Holder.invokeSpecial(java.lang.Object, java.lang.Object, float)'> (0x000000071dde5c58) 
thrown [s\src\hotspot\share\interpreter\linkResolver.cpp, line 759]
Event: 8.718 Thread 0x000001552ca40f00 Exception <a 'java/lang/NoSuchMethodError'{0x000000071ddf51d8}: 'java.lang.Object java.lang.invoke.DirectMethodHandle$Holder.invokeSpecial(java.lang.Object, java.lang.Object, java.lang.Object, java.lang.Object, float)'> (0x000000071ddf51d8) 
thrown [s\src\hotspot\share\interpreter\linkResolver.cpp, line 759]
Event: 9.631 Thread 0x000001552ca40f00 Exception <a 'java/lang/NoSuchMethodError'{0x0000000720910d48}: 'java.lang.Object java.lang.invoke.DirectMethodHandle$Holder.invokeSpecial(java.lang.Object, java.lang.Object, int, int, int, int)'> (0x0000000720910d48) 
thrown [s\src\hotspot\share\interpreter\linkResolver.cpp, line 759]
Event: 9.631 Thread 0x000001552ca40f00 Exception <a 'java/lang/NoSuchMethodError'{0x00000007209140e0}: 'java.lang.Object java.lang.invoke.Invokers$Holder.linkToTargetMethod(int, int, int, int, java.lang.Object)'> (0x00000007209140e0) 
thrown [s\src\hotspot\share\interpreter\linkResolver.cpp, line 759]

VM Operations (20 events):
Event: 5.823 Executing VM operation: G1PauseRemark
Event: 5.828 Executing VM operation: G1PauseRemark done
Event: 5.833 Executing VM operation: G1PauseCleanup
Event: 5.833 Executing VM operation: G1PauseCleanup done
Event: 5.897 Executing VM operation: HandshakeAllThreads
Event: 5.897 Executing VM operation: HandshakeAllThreads done
Event: 5.956 Executing VM operation: HandshakeAllThreads
Event: 5.956 Executing VM operation: HandshakeAllThreads done
Event: 5.963 Executing VM operation: HandshakeAllThreads
Event: 5.963 Executing VM operation: HandshakeAllThreads done
Event: 6.727 Executing VM operation: G1CollectForAllocation
Event: 6.741 Executing VM operation: G1CollectForAllocation done
Event: 7.752 Executing VM operation: Cleanup
Event: 7.752 Executing VM operation: Cleanup done
Event: 8.754 Executing VM operation: Cleanup
Event: 8.754 Executing VM operation: Cleanup done
Event: 8.824 Executing VM operation: G1CollectForAllocation
Event: 8.829 Executing VM operation: G1CollectForAllocation done
Event: 9.724 Executing VM operation: HandshakeAllThreads
Event: 9.725 Executing VM operation: HandshakeAllThreads done

Events (20 events):
Event: 6.034 Thread 0x00000155a71d6340 Thread added: 0x00000155a71d6340
Event: 6.531 Thread 0x00000155a71d6340 Thread exited: 0x00000155a71d6340
Event: 7.244 Thread 0x00000155a71d38c0 Thread exited: 0x00000155a71d38c0
Event: 7.244 Thread 0x00000155a71d6de0 Thread exited: 0x00000155a71d6de0
Event: 7.244 Thread 0x00000155a71d5df0 Thread exited: 0x00000155a71d5df0
Event: 7.976 Thread 0x00000155a22c1d20 Thread exited: 0x00000155a22c1d20
Event: 8.669 Thread 0x0000015593178930 Thread exited: 0x0000015593178930
Event: 8.669 Thread 0x0000015593133820 Thread exited: 0x0000015593133820
Event: 8.699 Thread 0x00000155a71d38c0 Thread added: 0x00000155a71d38c0
Event: 8.699 Thread 0x00000155a71d48b0 Thread added: 0x00000155a71d48b0
Event: 8.699 Thread 0x00000155a71d6340 Thread added: 0x00000155a71d6340
Event: 8.701 Thread 0x00000155a71d6890 Thread added: 0x00000155a71d6890
Event: 8.706 Thread 0x00000155a71d4e00 Thread added: 0x00000155a71d4e00
Event: 8.762 Thread 0x00000155a71d5350 Thread added: 0x00000155a71d5350
Event: 8.762 Thread 0x00000155a71d3e10 Thread added: 0x00000155a71d3e10
Event: 9.206 Thread 0x00000155a71d3e10 Thread exited: 0x00000155a71d3e10
Event: 9.206 Thread 0x00000155a71d5350 Thread exited: 0x00000155a71d5350
Event: 9.441 Thread 0x00000155a71d4e00 Thread exited: 0x00000155a71d4e00
Event: 9.660 Thread 0x00000155a71d5350 Thread added: 0x00000155a71d5350
Event: 9.727 Thread 0x00000155c479ae30 Thread added: 0x00000155c479ae30


Dynamic libraries:
0x00007ff634580000 - 0x00007ff63458e000 	C:\Users\sampw\.jdks\corretto-17.0.12\bin\java.exe
0x00007ff86cb20000 - 0x00007ff86cd83000 	C:\WINDOWS\SYSTEM32\ntdll.dll
0x00007ff86be20000 - 0x00007ff86bee8000 	C:\WINDOWS\System32\KERNEL32.DLL
0x00007ff86a320000 - 0x00007ff86a6d1000 	C:\WINDOWS\System32\KERNELBASE.dll
0x00007ff869f10000 - 0x00007ff86a05b000 	C:\WINDOWS\System32\ucrtbase.dll
0x00007ff864370000 - 0x00007ff86438b000 	C:\Users\sampw\.jdks\corretto-17.0.12\bin\VCRUNTIME140.dll
0x00007ff860230000 - 0x00007ff860247000 	C:\Users\sampw\.jdks\corretto-17.0.12\bin\jli.dll
0x00007ff86b550000 - 0x00007ff86b718000 	C:\WINDOWS\System32\USER32.dll
0x00007ff86a230000 - 0x00007ff86a257000 	C:\WINDOWS\System32\win32u.dll
0x00007ff84a650000 - 0x00007ff84a8e0000 	C:\WINDOWS\WinSxS\amd64_microsoft.windows.common-controls_6595b64144ccf1df_6.0.26100.2161_none_3e0cadb0e33078e1\COMCTL32.dll
0x00007ff86c0f0000 - 0x00007ff86c11a000 	C:\WINDOWS\System32\GDI32.dll
0x00007ff86c250000 - 0x00007ff86c2f9000 	C:\WINDOWS\System32\msvcrt.dll
0x00007ff86a100000 - 0x00007ff86a225000 	C:\WINDOWS\System32\gdi32full.dll
0x00007ff86a860000 - 0x00007ff86a903000 	C:\WINDOWS\System32\msvcp_win.dll
0x00007ff86bfc0000 - 0x00007ff86bfef000 	C:\WINDOWS\System32\IMM32.DLL
0x00007ff8668d0000 - 0x00007ff8668dc000 	C:\Users\sampw\.jdks\corretto-17.0.12\bin\vcruntime140_1.dll
0x00007ff8495b0000 - 0x00007ff84963d000 	C:\Users\sampw\.jdks\corretto-17.0.12\bin\msvcp140.dll
0x00007fffd2480000 - 0x00007fffd30ea000 	C:\Users\sampw\.jdks\corretto-17.0.12\bin\server\jvm.dll
0x00007ff86b9b0000 - 0x00007ff86ba64000 	C:\WINDOWS\System32\ADVAPI32.dll
0x00007ff86b900000 - 0x00007ff86b9a6000 	C:\WINDOWS\System32\sechost.dll
0x00007ff86b720000 - 0x00007ff86b836000 	C:\WINDOWS\System32\RPCRT4.dll
0x00007ff86c1d0000 - 0x00007ff86c244000 	C:\WINDOWS\System32\WS2_32.dll
0x00007ff868bd0000 - 0x00007ff868c1e000 	C:\WINDOWS\SYSTEM32\POWRPROF.dll
0x00007ff85fd60000 - 0x00007ff85fd96000 	C:\WINDOWS\SYSTEM32\WINMM.dll
0x00007ff85fda0000 - 0x00007ff85fdab000 	C:\WINDOWS\SYSTEM32\VERSION.dll
0x00007ff868bb0000 - 0x00007ff868bc4000 	C:\WINDOWS\SYSTEM32\UMPDC.dll
0x00007ff868e70000 - 0x00007ff868e8a000 	C:\WINDOWS\SYSTEM32\kernel.appcore.dll
0x00007ff864350000 - 0x00007ff86435a000 	C:\Users\sampw\.jdks\corretto-17.0.12\bin\jimage.dll
0x00007ff8676d0000 - 0x00007ff867911000 	C:\WINDOWS\SYSTEM32\DBGHELP.DLL
0x00007ff86ba70000 - 0x00007ff86bded000 	C:\WINDOWS\System32\combase.dll
0x00007ff86c000000 - 0x00007ff86c0d6000 	C:\WINDOWS\System32\OLEAUT32.dll
0x00007ff84f960000 - 0x00007ff84f999000 	C:\WINDOWS\SYSTEM32\dbgcore.DLL
0x00007ff86a060000 - 0x00007ff86a0f9000 	C:\WINDOWS\System32\bcryptPrimitives.dll
0x00007ff8602f0000 - 0x00007ff8602fe000 	C:\Users\sampw\.jdks\corretto-17.0.12\bin\instrument.dll
0x00007ff860130000 - 0x00007ff860155000 	C:\Users\sampw\.jdks\corretto-17.0.12\bin\java.dll
0x00007ff83a110000 - 0x00007ff83a1e7000 	C:\Users\sampw\.jdks\corretto-17.0.12\bin\jsvml.dll
0x00007ff86c3d0000 - 0x00007ff86cacf000 	C:\WINDOWS\System32\SHELL32.dll
0x00007ff867c40000 - 0x00007ff86846d000 	C:\WINDOWS\SYSTEM32\windows.storage.dll
0x00007ff86b3e0000 - 0x00007ff86b4b3000 	C:\WINDOWS\System32\SHCORE.dll
0x00007ff86c360000 - 0x00007ff86c3bd000 	C:\WINDOWS\System32\shlwapi.dll
0x00007ff869e20000 - 0x00007ff869e4e000 	C:\WINDOWS\SYSTEM32\profapi.dll
0x00007ff85db20000 - 0x00007ff85db38000 	C:\Users\sampw\.jdks\corretto-17.0.12\bin\zip.dll
0x00007ff85fbc0000 - 0x00007ff85fbd9000 	C:\Users\sampw\.jdks\corretto-17.0.12\bin\net.dll
0x00007ff864c60000 - 0x00007ff864d86000 	C:\WINDOWS\SYSTEM32\WINHTTP.dll
0x00007ff869370000 - 0x00007ff8693d8000 	C:\WINDOWS\system32\mswsock.dll
0x00007ff85db40000 - 0x00007ff85db56000 	C:\Users\sampw\.jdks\corretto-17.0.12\bin\nio.dll
0x00007ff850180000 - 0x00007ff85019a000 	C:\Program Files\JetBrains\IntelliJ IDEA Community Edition 2024.1.4\bin\breakgen64.dll
0x00007ff84b9a0000 - 0x00007ff84b9a9000 	C:\Users\sampw\.jdks\corretto-17.0.12\bin\extnet.dll
0x00007ff82a780000 - 0x00007ff82a7fa000 	C:\Users\sampw\AppData\Local\Temp\lwjgl_sampw\3.3.2+13\x64\lwjgl.dll
0x00007ff808cb0000 - 0x00007ff808f20000 	C:\Users\sampw\AppData\Local\Temp\lwjgl_sampw\3.3.2+13\x64\jemalloc.dll
0x00007ff82a510000 - 0x00007ff82a6a0000 	C:\Users\sampw\.jdks\corretto-17.0.12\bin\awt.dll
0x00007ff863fa0000 - 0x00007ff86403c000 	C:\WINDOWS\SYSTEM32\apphelp.dll
0x00007ff866fa0000 - 0x00007ff866fce000 	C:\WINDOWS\system32\DWMAPI.DLL
0x00007ff866c50000 - 0x00007ff866cfd000 	C:\WINDOWS\system32\uxtheme.dll
0x00007ff80f690000 - 0x00007ff80f79c000 	C:\WINDOWS\system32\opengl32.dll
0x00007ff8196e0000 - 0x00007ff81970d000 	C:\WINDOWS\SYSTEM32\GLU32.dll
0x00007ff8670b0000 - 0x00007ff8670f5000 	C:\WINDOWS\SYSTEM32\dxcore.dll
0x00007ff86b280000 - 0x00007ff86b3db000 	C:\WINDOWS\System32\MSCTF.dll
0x00007ff86a990000 - 0x00007ff86ab29000 	C:\WINDOWS\System32\ole32.dll
0x00007ff8305e0000 - 0x00007ff830786000 	C:\WINDOWS\system32\d3d9.dll
0x00007ff85fdb0000 - 0x00007ff85ff6a000 	C:\WINDOWS\System32\DriverStore\FileRepository\u0381040.inf_amd64_4455b7391a60ce8d\B380794\aticfx64.dll
0x00007ff860460000 - 0x00007ff860494000 	C:\WINDOWS\System32\DriverStore\FileRepository\u0381040.inf_amd64_4455b7391a60ce8d\B380794\atiu9p64.dll
0x00007ff810d40000 - 0x00007ff811a96000 	C:\WINDOWS\System32\DriverStore\FileRepository\u0381040.inf_amd64_4455b7391a60ce8d\B380794\atiumd64.dll
0x000000006e330000 - 0x000000006f1ef000 	C:\WINDOWS\System32\DriverStore\FileRepository\u0381040.inf_amd64_4455b7391a60ce8d\B380794\atiumd6a.dll
0x00007ff86adf0000 - 0x00007ff86b275000 	C:\WINDOWS\System32\SETUPAPI.dll
0x00007ff85da60000 - 0x00007ff85da90000 	C:\WINDOWS\SYSTEM32\amdihk64.dll
0x00007ff866dc0000 - 0x00007ff866e1c000 	C:\WINDOWS\SYSTEM32\directxdatabasehelper.dll
0x00007ff8495a0000 - 0x00007ff8495b0000 	C:\Users\sampw\.jdks\corretto-17.0.12\bin\verify.dll
0x00007ff81a190000 - 0x00007ff81a212000 	C:\Users\sampw\AppData\Local\Temp\lwjgl_sampw\3.3.2+13\x64\glfw.dll
0x00007ff82a730000 - 0x00007ff82a77b000 	C:\WINDOWS\SYSTEM32\dinput8.dll
0x00007ff836eb0000 - 0x00007ff836ec2000 	C:\WINDOWS\SYSTEM32\xinput1_4.dll
0x00007ff869b80000 - 0x00007ff869bdf000 	C:\WINDOWS\SYSTEM32\cfgmgr32.dll
0x00007ff869bf0000 - 0x00007ff869c1d000 	C:\WINDOWS\SYSTEM32\DEVOBJ.dll
0x00007ff84fb10000 - 0x00007ff84fcec000 	C:\WINDOWS\SYSTEM32\inputhost.dll
0x00007ff863880000 - 0x00007ff8639a5000 	C:\WINDOWS\SYSTEM32\CoreMessaging.dll
0x00007ff869630000 - 0x00007ff86963c000 	C:\WINDOWS\SYSTEM32\CRYPTBASE.DLL
0x00007ffff9600000 - 0x00007ffff9618000 	C:\WINDOWS\system32\napinsp.dll
0x00007ff8688a0000 - 0x00007ff8689c5000 	C:\WINDOWS\SYSTEM32\DNSAPI.dll
0x00007ff868810000 - 0x00007ff868841000 	C:\WINDOWS\SYSTEM32\IPHLPAPI.DLL
0x00007ff86c0e0000 - 0x00007ff86c0ea000 	C:\WINDOWS\System32\NSI.dll
0x00007ffff95e0000 - 0x00007ffff95f2000 	C:\WINDOWS\System32\winrnr.dll
0x00007ffff95b0000 - 0x00007ffff95d2000 	C:\WINDOWS\system32\nlansp_c.dll
0x00007ff8639b0000 - 0x00007ff8639c6000 	C:\WINDOWS\system32\wshbth.dll
0x00007ff864e30000 - 0x00007ff864e3b000 	C:\Windows\System32\rasadhlp.dll
0x00007ff865600000 - 0x00007ff865686000 	C:\WINDOWS\System32\fwpuclnt.dll
0x00007ff85bf00000 - 0x00007ff85bf1a000 	C:\WINDOWS\SYSTEM32\windows.staterepositorycore.dll
0x00007ff82a410000 - 0x00007ff82a43c000 	C:\WINDOWS\System32\DriverStore\FileRepository\u0381040.inf_amd64_4455b7391a60ce8d\B380794\atig6pxx.dll
0x00007fffc3350000 - 0x00007fffc61b0000 	C:\WINDOWS\System32\DriverStore\FileRepository\u0381040.inf_amd64_4455b7391a60ce8d\B380794\atio6axx.dll
0x00007ff825a90000 - 0x00007ff825ab6000 	C:\WINDOWS\SYSTEM32\dxva2.dll
0x00007ff81b5d0000 - 0x00007ff81b60f000 	C:\WINDOWS\System32\DriverStore\FileRepository\u0381040.inf_amd64_4455b7391a60ce8d\B380794\atig6txx.dll
0x00007ff81f7d0000 - 0x00007ff81f9a0000 	C:\WINDOWS\SYSTEM32\atiadlxx.dll
0x00007ff86b8f0000 - 0x00007ff86b8f8000 	C:\WINDOWS\System32\PSAPI.DLL
0x00007ff856cd0000 - 0x00007ff856d26000 	C:\WINDOWS\SYSTEM32\pdh.dll
0x00007ff867930000 - 0x00007ff867a24000 	C:\WINDOWS\SYSTEM32\PROPSYS.dll
0x00007ff86a910000 - 0x00007ff86a98a000 	C:\WINDOWS\System32\WINTRUST.dll
0x00007ff86a6e0000 - 0x00007ff86a856000 	C:\WINDOWS\System32\CRYPT32.dll
0x00007ff869680000 - 0x00007ff869693000 	C:\WINDOWS\SYSTEM32\MSASN1.dll
0x00007ff825ad0000 - 0x00007ff825b2e000 	C:\Users\sampw\AppData\Local\Temp\lwjgl_sampw\3.3.2+13\x64\lwjgl_opengl.dll
0x00007ff81a110000 - 0x00007ff81a183000 	C:\Users\sampw\AppData\Local\Temp\lwjgl_sampw\3.3.2+13\x64\lwjgl_nuklear.dll
0x00007ff810a30000 - 0x00007ff810ab2000 	C:\Users\sampw\AppData\Local\Temp\lwjgl_sampw\3.3.2+13\x64\lwjgl_stb.dll
0x00007ff8650d0000 - 0x00007ff865190000 	C:\WINDOWS\SYSTEM32\mscms.dll
0x00007ff847680000 - 0x00007ff8476c9000 	C:\WINDOWS\SYSTEM32\icm32.dll
0x00007ff869610000 - 0x00007ff86962c000 	C:\WINDOWS\SYSTEM32\CRYPTSP.dll
0x00007ff868dd0000 - 0x00007ff868e08000 	C:\WINDOWS\system32\rsaenh.dll
0x00007ff869410000 - 0x00007ff86943b000 	C:\WINDOWS\SYSTEM32\USERENV.dll
0x00007ff869850000 - 0x00007ff869876000 	C:\WINDOWS\SYSTEM32\bcrypt.dll
0x00007ff8653c0000 - 0x00007ff8653de000 	C:\WINDOWS\SYSTEM32\dhcpcsvc6.DLL
0x00007ff865320000 - 0x00007ff865345000 	C:\WINDOWS\SYSTEM32\dhcpcsvc.DLL
0x00007ff84f730000 - 0x00007ff84f73e000 	C:\Users\sampw\.jdks\corretto-17.0.12\bin\sunmscapi.dll
0x00007ff869810000 - 0x00007ff869840000 	C:\WINDOWS\SYSTEM32\ncrypt.dll
0x00007ff8697c0000 - 0x00007ff8697ff000 	C:\WINDOWS\SYSTEM32\NTASN1.dll
0x00007ff85ccb0000 - 0x00007ff85cdf5000 	C:\WINDOWS\SYSTEM32\textinputframework.dll
0x00007ff860ab0000 - 0x00007ff860d93000 	C:\WINDOWS\SYSTEM32\CoreUIComponents.dll
0x00007ff865890000 - 0x00007ff8659f8000 	C:\WINDOWS\SYSTEM32\wintypes.dll
0x00007ff849cc0000 - 0x00007ff849d3c000 	C:\WINDOWS\system32\Oleacc.dll
0x00007ff86c120000 - 0x00007ff86c1c8000 	C:\WINDOWS\System32\clbcatq.dll
0x00007ff84d230000 - 0x00007ff84d27f000 	C:\WINDOWS\system32\ApplicationTargetedFeatureDatabase.dll
0x00007ff85c8b0000 - 0x00007ff85cae7000 	C:\Windows\System32\twinapi.appcore.dll

dbghelp: loaded successfully - version: 4.0.5 - missing functions: none
symbol engine: initialized successfully - sym options: 0x614 - pdb path: .;C:\Users\sampw\.jdks\corretto-17.0.12\bin;C:\WINDOWS\SYSTEM32;C:\WINDOWS\WinSxS\amd64_microsoft.windows.common-controls_6595b64144ccf1df_6.0.26100.2161_none_3e0cadb0e33078e1;C:\Users\sampw\.jdks\corretto-17.0.12\bin\server;C:\Program Files\JetBrains\IntelliJ IDEA Community Edition 2024.1.4\bin;C:\Users\sampw\AppData\Local\Temp\lwjgl_sampw\3.3.2+13\x64;C:\WINDOWS\System32\DriverStore\FileRepository\u0381040.inf_amd64_4455b7391a60ce8d\B380794

VM Arguments:
jvm_args: -javaagent:C:\Program Files\JetBrains\IntelliJ IDEA Community Edition 2024.1.4\lib\idea_rt.jar=63989:C:\Program Files\JetBrains\IntelliJ IDEA Community Edition 2024.1.4\bin -Dfile.encoding=UTF-8 
java_command: com.xbuilders.Main devmode loadWorldOnStartup
java_class_path (initial): C:\Local Files\github\Xbuilders\target\classes;C:\Users\sampw\.m2\repository\com\fasterxml\jackson\dataformat\jackson-dataformat-smile\2.18.1\jackson-dataformat-smile-2.18.1.jar;C:\Users\sampw\.m2\repository\com\fasterxml\jackson\core\jackson-core\2.18.1\jackson-core-2.18.1.jar;C:\Users\sampw\.m2\repository\com\fasterxml\jackson\core\jackson-databind\2.18.1\jackson-databind-2.18.1.jar;C:\Users\sampw\.m2\repository\com\fasterxml\jackson\core\jackson-annotations\2.18.1\jackson-annotations-2.18.1.jar;C:\Users\sampw\.m2\repository\com\google\code\gson\gson\2.10.1\gson-2.10.1.jar;C:\Users\sampw\.m2\repository\org\lwjgl\lwjgl\3.3.2\lwjgl-3.3.2.jar;C:\Users\sampw\.m2\repository\org\lwjgl\lwjgl-assimp\3.3.2\lwjgl-assimp-3.3.2.jar;C:\Users\sampw\.m2\repository\org\lwjgl\lwjgl-bgfx\3.3.2\lwjgl-bgfx-3.3.2.jar;C:\Users\sampw\.m2\repository\org\lwjgl\lwjgl-cuda\3.3.2\lwjgl-cuda-3.3.2.jar;C:\Users\sampw\.m2\repository\org\lwjgl\lwjgl-egl\3.3.2\lwjgl-egl-3.3.2.jar;C:\Users\sampw\.m2\repository\org\lwjgl\lwjgl-fmod\3.3.2\lwjgl-fmod-3.3.2.jar;C:\Users\sampw\.m2\repository\org\lwjgl\lwjgl-freetype\3.3.2\lwjgl-freetype-3.3.2.jar;C:\Users\sampw\.m2\repository\org\lwjgl\lwjgl-glfw\3.3.2\lwjgl-glfw-3.3.2.jar;C:\Users\sampw\.m2\repository\org\lwjgl\lwjgl-harfbuzz\3.3.2\lwjgl-harfbuzz-3.3.2.jar;C:\Users\sampw\.m2\repository\org\lwjgl\lwjgl-hwloc\3.3.2\lwjgl-hwloc-3.3.2.jar;C:\Users\sampw\.m2\repository\org\lwjgl\lwjgl-jawt\3.3.2\lwjgl-jawt-3.3.2.jar;C:\Users\sampw\.m2\repository\org\lwjgl\lwjgl-jemalloc\3.3.2\lwjgl-jemalloc-3.3.2.jar;C:\Users\sampw\.m2\repository\org\lwjgl\lwjgl-ktx\3.3.2\lwjgl-ktx-3.3.2.jar;C:\Users\sampw\.m2\repository\org\lwjgl\lwjgl-libdivide\3.3.2\lwjgl-libdivide-3.3.2.jar;C:\Users\sampw\.m2\repository\org\lwjgl\lwjgl-llvm\3.3.2\lwjgl-llvm-3.3.2.jar;C:\Users\sampw\.m2\repository\org\lwjgl\lwjgl-lmdb\3.3.2\lwjgl-lmdb-3.3.2.jar;C:\Users\sampw\.m2\repository\org\lwjgl\lwjgl-lz4\3.3.2\lwjgl-lz4-3.3.2.jar;C:\Users\sampw\.m2\repository\org\lwjgl
Launcher Type: SUN_STANDARD

[Global flags]
     intx CICompilerCount                          = 12                                        {product} {ergonomic}
     uint ConcGCThreads                            = 3                                         {product} {ergonomic}
     uint G1ConcRefinementThreads                  = 13                                        {product} {ergonomic}
   size_t G1HeapRegionSize                         = 2097152                                   {product} {ergonomic}
    uintx GCDrainStackTargetSize                   = 64                                        {product} {ergonomic}
   size_t InitialHeapSize                          = 257949696                                 {product} {ergonomic}
   size_t MarkStackSize                            = 4194304                                   {product} {ergonomic}
   size_t MaxHeapSize                              = 4114612224                                {product} {ergonomic}
   size_t MaxNewSize                               = 2468347904                                {product} {ergonomic}
   size_t MinHeapDeltaBytes                        = 2097152                                   {product} {ergonomic}
   size_t MinHeapSize                              = 8388608                                   {product} {ergonomic}
    uintx NonNMethodCodeHeapSize                   = 7602480                                {pd product} {ergonomic}
    uintx NonProfiledCodeHeapSize                  = 122027880                              {pd product} {ergonomic}
    uintx ProfiledCodeHeapSize                     = 122027880                              {pd product} {ergonomic}
    uintx ReservedCodeCacheSize                    = 251658240                              {pd product} {ergonomic}
     bool SegmentedCodeCache                       = true                                      {product} {ergonomic}
   size_t SoftMaxHeapSize                          = 4114612224                             {manageable} {ergonomic}
     bool UseCompressedClassPointers               = true                           {product lp64_product} {ergonomic}
     bool UseCompressedOops                        = true                           {product lp64_product} {ergonomic}
     bool UseG1GC                                  = true                                      {product} {ergonomic}
     bool UseLargePagesIndividualAllocation        = false                                  {pd product} {ergonomic}

Logging:
Log output configuration:
 #0: stdout all=warning uptime,level,tags
 #1: stderr all=off uptime,level,tags

Environment Variables:
JAVA_HOME=C:\Program Files\Java\jdk-17.0.1
PATH=C:\Program Files\Common Files\Oracle\Java\javapath;C:\WINDOWS\system32;C:\WINDOWS;C:\WINDOWS\System32\Wbem;C:\WINDOWS\System32\WindowsPowerShell\v1.0\;C:\WINDOWS\System32\OpenSSH\;C:\Program Files\PuTTY\;C:\Program Files\nodejs\;C:\Program Files\Java\jdk-16.0.1\bin;C:\Program Files\Apache Software Foundation\apache-maven-3.8.1\bin;C:\Program Files\dotnet\;C:\Program Files\HP\HP One Agent;C:\Program Files\Git\cmd;C:\Program Files (x86)\Windows Kits\10\Windows Performance Toolkit\;C:\Program Files\GitHub CLI\;%SystemRoot%\system32;%SystemRoot%;%SystemRoot%\System32\Wbem;%SYSTEMROOT%\System32\WindowsPowerShell\v1.0\;%SYSTEMROOT%\System32\OpenSSH\;C:\Users\sampw\AppData\Local\Microsoft\WindowsApps;C:\Users\sampw\AppData\Roaming\npm;C:\Program Files (x86)\mingw-w64\i686-8.1.0-posix-dwarf-rt_v6-rev0\mingw32\bin;C:\Users\sampw\anaconda3;C:\Program Files\heroku\bin;C:\Programs\Program Downloads\ffmpeg-N-102431-gf140239777-win64-gpl-shared\bin;C:\Users\sampw\AppData\Local\Packages\PythonSoftwareFoundation.Python.3.9_qbz5n2kfra8p0\LocalCache\local-packages\Python39\Scripts;C:\Programs\apache-ant-1.10.13\bin;C:\Program Files\Microsoft Visual Studio\2022\Community\Common7\IDE\CommonExtensions\Microsoft\CMake\CMake\bin\;C:\Program Files\JetBrains\IntelliJ IDEA Community Edition 2023.3.2\bin;;C:\Users\sampw\AppData\Local\Programs\Microsoft VS Code\bin;C:\Users\sampw\AppData\Local\GitHubDesktop\bin;
USERNAME=sampw
OS=Windows_NT
PROCESSOR_IDENTIFIER=AMD64 Family 23 Model 104 Stepping 1, AuthenticAMD
TMP=C:\Users\sampw\AppData\Local\Temp
TEMP=C:\Users\sampw\AppData\Local\Temp



Periodic native trim disabled


---------------  S Y S T E M  ---------------

OS:
 Windows 11 , 64 bit Build 26100 (10.0.26100.2161)
OS uptime: 2 days 7:35 hours
Hyper-V role detected

CPU: total 16 (initial active 16) (16 cores per cpu, 2 threads per core) family 23 model 104 stepping 1 microcode 0x8608103, cx8, cmov, fxsr, ht, mmx, 3dnowpref, sse, sse2, sse3, ssse3, sse4a, sse4.1, sse4.2, popcnt, lzcnt, tsc, tscinvbit, avx, avx2, aes, clmul, bmi1, bmi2, adx, sha, fma, vzeroupper, clflush, clflushopt, hv
Processor Information for all 16 processors :
  Max Mhz: 1801, Current Mhz: 1801, Mhz Limit: 1801

Memory: 4k page, system-wide physical 15695M (3980M free)
TotalPageFile size 31055M (AvailPageFile size 13050M)
current process WorkingSet (physical memory assigned to process): 587M, peak: 606M
current process commit charge ("private bytes"): 1012M, peak: 1025M

vm_info: OpenJDK 64-Bit Server VM (17.0.12+7-LTS) for windows-amd64 JRE (17.0.12+7-LTS), built on Jul 10 2024 20:46:33 by "Administrator" with MS VC++ 16.10 / 16.11 (VS2019)

END.
