#
# A fatal error has been detected by the Java Runtime Environment:
#
#  EXCEPTION_ACCESS_VIOLATION (0xc0000005) at pc=0x00007ff9b551d2f0, pid=3740, tid=2092
#
# JRE version: OpenJDK Runtime Environment Corretto-17.0.11.9.1 (17.0.11+9) (build 17.0.11+9-LTS)
# Java VM: OpenJDK 64-Bit Server VM Corretto-17.0.11.9.1 (17.0.11+9-LTS, mixed mode, sharing, tiered, compressed oops, compressed class ptrs, g1 gc, windows-amd64)
# Problematic frame:
# C  [lwjgl_stb.dll+0xd2f0]
#
# No core dump will be written. Minidumps are not enabled by default on client versions of Windows
#
# If you would like to submit a bug report, please visit:
#   https://github.com/corretto/corretto-17/issues/
# The crash happened outside the Java Virtual Machine in native code.
# See problematic frame for where to report the bug.
#

---------------  S U M M A R Y ------------

Command Line: -javaagent:C:\Users\Patron\Downloads\lib\idea_rt.jar=54461:C:\Users\Patron\Downloads\bin -Dfile.encoding=UTF-8 com.xbuilders.game.Main

Host: Intel(R) Core(TM) i5-9500 CPU @ 3.00GHz, 6 cores, 7G,  Windows 10 , 64 bit Build 19041 (10.0.19041.3636)
Time: Mon Jul 15 11:07:26 2024 Mountain Daylight Time elapsed time: 1.993663 seconds (0d 0h 0m 1s)

---------------  T H R E A D  ---------------

Current thread (0x000002123bc156d0):  JavaThread "main" [_thread_in_native, id=2092, stack(0x000000d76e500000,0x000000d76e600000)]

Stack: [0x000000d76e500000,0x000000d76e600000],  sp=0x000000d76e5fed20,  free space=1019k
Native frames: (J=compiled Java code, j=interpreted, Vv=VM code, C=native code)
C  [lwjgl_stb.dll+0xd2f0]

Java frames: (J=compiled Java code, j=interpreted, Vv=VM code)
j  org.lwjgl.stb.STBImage.nstbi_load_from_memory(JIJJJI)J+0
j  org.lwjgl.stb.STBImage.stbi_load_from_memory(Ljava/nio/ByteBuffer;Ljava/nio/IntBuffer;Ljava/nio/IntBuffer;Ljava/nio/IntBuffer;I)Ljava/nio/ByteBuffer;+43
j  com.xbuilders.window.utils.texture.TextureUtils.loadTexture(Ljava/awt/image/BufferedImage;Z)Lcom/xbuilders/window/utils/texture/Texture;+68
j  com.xbuilders.engine.items.block.Block.initTextureAndIcon(Lcom/xbuilders/engine/items/block/BlockArrayTexture;Ljava/io/File;Ljava/io/File;I)V+167
j  com.xbuilders.engine.items.BlockList.setItems([Lcom/xbuilders/engine/items/block/Block;)V+87
j  com.xbuilders.engine.items.ItemList.setAllItems([Lcom/xbuilders/engine/items/block/Block;[Lcom/xbuilders/engine/items/EntityLink;[Lcom/xbuilders/engine/items/Tool;)V+4
j  com.xbuilders.game.MyGame.initialize(Lcom/xbuilders/window/NKWindow;)V+1640
j  com.xbuilders.game.Main.init()V+59
j  com.xbuilders.game.Main.<init>()V+256
j  com.xbuilders.game.Main.main([Ljava/lang/String;)V+222
v  ~StubRoutines::call_stub

siginfo: EXCEPTION_ACCESS_VIOLATION (0xc0000005), reading address 0x0000000000000010


Registers:
RAX=0x0000000000000010, RBX=0x000000d76e5feea0, RCX=0x000000d76e5feea0, RDX=0x000002129f4b94dc
RSP=0x000000d76e5fed20, RBP=0x0000000000000000, RSI=0x00007ff9b5578318, RDI=0x0000000000000000
R8 =0x000002129f4b94d8, R9 =0x000002129f4b94d4, R10=0x000002124ac4d6b2, R11=0x000000d76e5fef88
R12=0x000002129f4b94dc, R13=0x0000000000000008, R14=0x000002129f4b94d4, R15=0x000002129f4b94d8
RIP=0x00007ff9b551d2f0, EFLAGS=0x0000000000010297


Register to memory mapping:

RIP=0x00007ff9b551d2f0 lwjgl_stb.dll
RAX=0x0000000000000010 is an unknown value
RBX=0x000000d76e5feea0 is pointing into the stack for thread: 0x000002123bc156d0
RCX=0x000000d76e5feea0 is pointing into the stack for thread: 0x000002123bc156d0
RDX=0x000002129f4b94dc points into unknown readable memory: 80 00 00 00
RSP=0x000000d76e5fed20 is pointing into the stack for thread: 0x000002123bc156d0
RBP=0x0 is NULL
RSI=0x00007ff9b5578318 lwjgl_stb.dll
RDI=0x0 is NULL
R8 =0x000002129f4b94d8 points into unknown readable memory: 0x0000008000000080 | 80 00 00 00 80 00 00 00
R9 =0x000002129f4b94d4 points into unknown readable memory: 04 00 00 00
R10=0x000002124ac4d6b2 is at code_begin+946 in an Interpreter codelet
method entry point (kind = native)  [0x000002124ac4d300, 0x000002124ac4dc80]  2432 bytes
R11=0x000000d76e5fef88 is pointing into the stack for thread: 0x000002123bc156d0
R12=0x000002129f4b94dc points into unknown readable memory: 80 00 00 00
R13=0x0000000000000008 is an unknown value
R14=0x000002129f4b94d4 points into unknown readable memory: 04 00 00 00
R15=0x000002129f4b94d8 points into unknown readable memory: 0x0000008000000080 | 80 00 00 00 80 00 00 00


Top of Stack: (sp=0x000000d76e5fed20)
0x000000d76e5fed20:   000002129bd75968 000002123bc156d0
0x000000d76e5fed30:   0000000000000000 00007ff98987046b
0x000000d76e5fed40:   000000d76e5feea0 00007ff9b5513b4a
0x000000d76e5fed50:   000002129bd61e70 0000000000000004
0x000000d76e5fed60:   000002123bc156d0 00007ff989873527
0x000000d76e5fed70:   0000000000000000 00007ff989555fab
0x000000d76e5fed80:   000000d76e5fedb9 000002129bd61fc8
0x000000d76e5fed90:   0000000000000100 00007ff989555fab
0x000000d76e5feda0:   000002123bc156d0 00000000000000b8
0x000000d76e5fedb0:   000002129bd7738c 0000000000000000
0x000000d76e5fedc0:   000002129f4b94d4 0000000000000004
0x000000d76e5fedd0:   000002129f4b94dc 000002129f4b94d8
0x000000d76e5fede0:   0000000000000120 00007ff9b55142dc
0x000000d76e5fedf0:   0000000000000000 000002129bd61e70
0x000000d76e5fee00:   000000d76e5ff050 000002129f4b94d4
0x000000d76e5fee10:   0000021200000004 000000d76e5fee30
0x000000d76e5fee20:   0000000000000008 00000000000000b8
0x000000d76e5fee30:   0000000000000008 0000021200000000
0x000000d76e5fee40:   000002123bc156d0 000000d76e5ff0b8
0x000000d76e5fee50:   000002129bd61e70 0000000000000000
0x000000d76e5fee60:   000002129bd61e70 00007ff9b5526bec
0x000000d76e5fee70:   000000d76e5ff128 000002124ac5a5bd
0x000000d76e5fee80:   000002124ac48e10 000000d700000000
0x000000d76e5fee90:   000000d700000004 000000d76e5ff128
0x000000d76e5feea0:   000000d76e5ff128 000002124ac5a5bd
0x000000d76e5feeb0:   0000000000000000 000000d700000000
0x000000d76e5feec0:   000000d76e5ff198 000000d76e5ff128
0x000000d76e5feed0:   0000021200000000 000002129bd61fc8
0x000000d76e5feee0:   000002123bc156d0 000002129bd61fc8
0x000000d76e5feef0:   000002123bc156d0 fffffffe00000000
0x000000d76e5fef00:   0000000000000000 0000000000000000
0x000000d76e5fef10:   000002123bc156d0 0000021243ae0444 

Instructions: (pc=0x00007ff9b551d2f0)
0x00007ff9b551d1f0:   cf eb 05 4c 89 54 24 20 41 8b c1 83 e9 02 41 c1
0x00007ff9b551d200:   e9 02 44 89 4c 24 34 89 4c 24 30 83 e0 03 75 0c
0x00007ff9b551d210:   48 8d 4c 24 20 e8 b6 f8 ff ff eb 5d 83 f8 03 0f
0x00007ff9b551d220:   84 85 00 00 00 83 f8 01 75 37 41 b8 20 01 00 00
0x00007ff9b551d230:   48 8d 15 f9 ac 05 00 48 8d 4c 24 54 e8 1f ee ff
0x00007ff9b551d240:   ff 85 c0 74 65 41 b8 20 00 00 00 48 8d 15 7e b0
0x00007ff9b551d250:   05 00 48 8d 8c 24 38 08 00 00 e8 01 ee ff ff eb
0x00007ff9b551d260:   0a 48 8d 4c 24 20 e8 75 f5 ff ff 85 c0 74 3b 48
0x00007ff9b551d270:   8d 4c 24 20 e8 d7 f2 ff ff 85 c0 74 2d 85 db 75
0x00007ff9b551d280:   18 44 8b 4c 24 34 8b 4c 24 30 4c 8b 54 24 28 4c
0x00007ff9b551d290:   8b 44 24 20 e9 c7 fe ff ff 8b 44 24 38 2b 44 24
0x00007ff9b551d2a0:   40 48 81 c4 20 10 00 00 5b c3 b8 ff ff ff ff 48
0x00007ff9b551d2b0:   81 c4 20 10 00 00 5b c3 cc cc cc cc cc cc cc cc
0x00007ff9b551d2c0:   48 89 5c 24 08 48 89 74 24 10 57 48 83 ec 20 48
0x00007ff9b551d2d0:   8b d9 48 8d 35 3f b0 05 00 33 ff 0f 1f 44 00 00
0x00007ff9b551d2e0:   48 8b 83 c0 00 00 00 48 3b 83 c8 00 00 00 73 0f
0x00007ff9b551d2f0:   0f b6 08 48 ff c0 48 89 83 c0 00 00 00 eb 26 83
0x00007ff9b551d300:   7b 30 00 74 1e 48 8b cb e8 23 82 ff ff 48 8b 83
0x00007ff9b551d310:   c0 00 00 00 0f b6 08 48 ff c0 48 89 83 c0 00 00
0x00007ff9b551d320:   00 eb 02 32 c9 3a 0c 37 75 1e 48 ff c7 48 83 ff
0x00007ff9b551d330:   08 7c ad b8 01 00 00 00 48 8b 5c 24 30 48 8b 74
0x00007ff9b551d340:   24 38 48 83 c4 20 5f c3 65 48 8b 04 25 58 00 00
0x00007ff9b551d350:   00 8b 0d f9 e1 06 00 48 8b 5c 24 30 48 8b 74 24
0x00007ff9b551d360:   38 ba 20 00 00 00 48 8b 0c c8 48 8d 05 ff d8 05
0x00007ff9b551d370:   00 48 89 04 0a 33 c0 48 83 c4 20 5f c3 cc cc cc
0x00007ff9b551d380:   48 89 5c 24 10 44 89 4c 24 20 55 56 57 41 54 41
0x00007ff9b551d390:   55 41 56 41 57 48 81 ec a0 00 00 00 45 33 e4 48
0x00007ff9b551d3a0:   8b f1 8b 8c 24 00 01 00 00 45 8b d4 83 bc 24 10
0x00007ff9b551d3b0:   01 00 00 10 45 8b f9 41 8b e8 89 4c 24 30 48 8b
0x00007ff9b551d3c0:   06 41 0f 94 c2 44 8b 84 24 08 01 00 00 41 ff c2
0x00007ff9b551d3d0:   41 8b fa 48 8b da 41 0f af f9 4c 63 70 08 45 8b
0x00007ff9b551d3e0:   ee 44 89 74 24 20 45 0f af ea 44 8b cf 44 0f af 


Stack slot to memory mapping:
stack at sp + 0 slots: 0x000002129bd75968 is pointing into metadata
stack at sp + 1 slots: 0x000002123bc156d0 is a thread
stack at sp + 2 slots: 0x0 is NULL
stack at sp + 3 slots: 0x00007ff98987046b jvm.dll
stack at sp + 4 slots: 0x000000d76e5feea0 is pointing into the stack for thread: 0x000002123bc156d0
stack at sp + 5 slots: 0x00007ff9b5513b4a lwjgl_stb.dll
stack at sp + 6 slots: {method} {0x000002129bd61e78} 'nstbi_load_from_memory' '(JIJJJI)J' in 'org/lwjgl/stb/STBImage'
stack at sp + 7 slots: 0x0000000000000004 is an unknown value


---------------  P R O C E S S  ---------------

Threads class SMR info:
_java_thread_list=0x00000212a1a11650, length=16, elements={
0x000002123bc156d0, 0x0000021259a7f190, 0x0000021259a80820, 0x0000021259a936d0,
0x0000021259a960a0, 0x0000021259a96a60, 0x0000021259a9dd40, 0x0000021259a9eae0,
0x0000021259aa75a0, 0x0000021259ab9ba0, 0x0000021259cc2910, 0x000002129f0a6f90,
0x000002129f353700, 0x000002129f4a2ed0, 0x000002129f4c0cf0, 0x00000212a1deb980
}

Java Threads: ( => current thread )
=>0x000002123bc156d0 JavaThread "main" [_thread_in_native, id=2092, stack(0x000000d76e500000,0x000000d76e600000)]
  0x0000021259a7f190 JavaThread "Reference Handler" daemon [_thread_blocked, id=11336, stack(0x000000d76ec00000,0x000000d76ed00000)]
  0x0000021259a80820 JavaThread "Finalizer" daemon [_thread_blocked, id=6756, stack(0x000000d76ed00000,0x000000d76ee00000)]
  0x0000021259a936d0 JavaThread "Signal Dispatcher" daemon [_thread_blocked, id=11468, stack(0x000000d76ee00000,0x000000d76ef00000)]
  0x0000021259a960a0 JavaThread "Attach Listener" daemon [_thread_blocked, id=6328, stack(0x000000d76ef00000,0x000000d76f000000)]
  0x0000021259a96a60 JavaThread "Service Thread" daemon [_thread_blocked, id=5668, stack(0x000000d76f000000,0x000000d76f100000)]
  0x0000021259a9dd40 JavaThread "Monitor Deflation Thread" daemon [_thread_blocked, id=7372, stack(0x000000d76f100000,0x000000d76f200000)]
  0x0000021259a9eae0 JavaThread "C2 CompilerThread0" daemon [_thread_blocked, id=4472, stack(0x000000d76f200000,0x000000d76f300000)]
  0x0000021259aa75a0 JavaThread "C1 CompilerThread0" daemon [_thread_blocked, id=2656, stack(0x000000d76f300000,0x000000d76f400000)]
  0x0000021259ab9ba0 JavaThread "Sweeper thread" daemon [_thread_blocked, id=520, stack(0x000000d76f400000,0x000000d76f500000)]
  0x0000021259cc2910 JavaThread "Common-Cleaner" daemon [_thread_blocked, id=3736, stack(0x000000d76f500000,0x000000d76f600000)]
  0x000002129f0a6f90 JavaThread "Monitor Ctrl-Break" daemon [_thread_in_native, id=1280, stack(0x000000d76f700000,0x000000d76f800000)]
  0x000002129f353700 JavaThread "Notification Thread" daemon [_thread_blocked, id=5772, stack(0x000000d76f800000,0x000000d76f900000)]
  0x000002129f4a2ed0 JavaThread "Java2D Disposer" daemon [_thread_blocked, id=9260, stack(0x000000d76fa00000,0x000000d76fb00000)]
  0x000002129f4c0cf0 JavaThread "AWT-Windows" daemon [_thread_in_native, id=2648, stack(0x000000d76fc00000,0x000000d76fd00000)]
  0x00000212a1deb980 JavaThread "C2 CompilerThread1" daemon [_thread_blocked, id=11064, stack(0x000000d76fb00000,0x000000d76fc00000)]

Other Threads:
  0x0000021259a7bcd0 VMThread "VM Thread" [stack: 0x000000d76eb00000,0x000000d76ec00000] [id=6596]
  0x000002129f386080 WatcherThread [stack: 0x000000d76f900000,0x000000d76fa00000] [id=7216]
  0x000002123bc6c9f0 GCTaskThread "GC Thread#0" [stack: 0x000000d76e600000,0x000000d76e700000] [id=6812]
  0x00000212a1156520 GCTaskThread "GC Thread#1" [stack: 0x000000d76fe00000,0x000000d76ff00000] [id=3576]
  0x00000212a10a2d20 GCTaskThread "GC Thread#2" [stack: 0x000000d76ff00000,0x000000d770000000] [id=11940]
  0x00000212a10a2fe0 GCTaskThread "GC Thread#3" [stack: 0x000000d770000000,0x000000d770100000] [id=10272]
  0x00000212a10bd010 GCTaskThread "GC Thread#4" [stack: 0x000000d770100000,0x000000d770200000] [id=10940]
  0x00000212a10bd6e0 GCTaskThread "GC Thread#5" [stack: 0x000000d770200000,0x000000d770300000] [id=7524]
  0x000002123bc7d300 ConcurrentGCThread "G1 Main Marker" [stack: 0x000000d76e700000,0x000000d76e800000] [id=1836]
  0x000002123bc7e4c0 ConcurrentGCThread "G1 Conc#0" [stack: 0x000000d76e800000,0x000000d76e900000] [id=5936]
  0x000002123bcae200 ConcurrentGCThread "G1 Refine#0" [stack: 0x000000d76e900000,0x000000d76ea00000] [id=7388]
  0x00000212a1137380 ConcurrentGCThread "G1 Refine#1" [stack: 0x000000d770300000,0x000000d770400000] [id=7540]
  0x000002123bcaec30 ConcurrentGCThread "G1 Service" [stack: 0x000000d76ea00000,0x000000d76eb00000] [id=7264]

Threads with active compile tasks:

VM state: not at safepoint (normal execution)

VM Mutex/Monitor currently owned by a thread: None

Heap address: 0x0000000083200000, size: 1998 MB, Compressed Oops mode: 32-bit

CDS archive(s) mapped at: [0x000002125a000000-0x000002125abb0000-0x000002125abb0000), size 12255232, SharedBaseAddress: 0x000002125a000000, ArchiveRelocationMode: 1.
Compressed class space mapped at: 0x000002125b000000-0x000002129b000000, reserved size: 1073741824
Narrow klass base: 0x000002125a000000, Narrow klass shift: 0, Narrow klass range: 0x100000000

GC Precious Log:
 CPUs: 6 total, 6 available
 Memory: 7987M
 Large Page Support: Disabled
 NUMA Support: Disabled
 Compressed Oops: Enabled (32-bit)
 Heap Region Size: 1M
 Heap Min Capacity: 8M
 Heap Initial Capacity: 126M
 Heap Max Capacity: 1998M
 Pre-touch: Disabled
 Parallel Workers: 6
 Concurrent Workers: 2
 Concurrent Refinement Workers: 6
 Periodic GC: Disabled

Heap:
 garbage-first heap   total 129024K, used 50117K [0x0000000083200000, 0x0000000100000000)
  region size 1024K, 46 young (47104K), 1 survivors (1024K)
 Metaspace       used 17254K, committed 17536K, reserved 1114112K
  class space    used 1540K, committed 1664K, reserved 1048576K

Heap Regions: E=young(eden), S=young(survivor), O=old, HS=humongous(starts), HC=humongous(continues), CS=collection set, F=free, OA=open archive, CA=closed archive, TAMS=top-at-mark-start (previous, next)
|   0|0x0000000083200000, 0x0000000083300000, 0x0000000083300000|100%| O|  |TAMS 0x0000000083200000, 0x0000000083200000| Untracked 
|   1|0x0000000083300000, 0x0000000083400000, 0x0000000083400000|100%| O|  |TAMS 0x0000000083300000, 0x0000000083300000| Untracked 
|   2|0x0000000083400000, 0x0000000083500000, 0x0000000083500000|100%| O|  |TAMS 0x0000000083400000, 0x0000000083400000| Untracked 
|   3|0x0000000083500000, 0x0000000083600000, 0x0000000083600000|100%| O|  |TAMS 0x0000000083500000, 0x0000000083500000| Untracked 
|   4|0x0000000083600000, 0x0000000083700000, 0x0000000083700000|100%| O|  |TAMS 0x0000000083600000, 0x0000000083600000| Untracked 
|   5|0x0000000083700000, 0x000000008370f800, 0x0000000083800000|  6%| O|  |TAMS 0x0000000083700000, 0x0000000083700000| Untracked 
|   6|0x0000000083800000, 0x0000000083800000, 0x0000000083900000|  0%| F|  |TAMS 0x0000000083800000, 0x0000000083800000| Untracked 
|   7|0x0000000083900000, 0x0000000083900000, 0x0000000083a00000|  0%| F|  |TAMS 0x0000000083900000, 0x0000000083900000| Untracked 
|   8|0x0000000083a00000, 0x0000000083a00000, 0x0000000083b00000|  0%| F|  |TAMS 0x0000000083a00000, 0x0000000083a00000| Untracked 
|   9|0x0000000083b00000, 0x0000000083b00000, 0x0000000083c00000|  0%| F|  |TAMS 0x0000000083b00000, 0x0000000083b00000| Untracked 
|  10|0x0000000083c00000, 0x0000000083c00000, 0x0000000083d00000|  0%| F|  |TAMS 0x0000000083c00000, 0x0000000083c00000| Untracked 
|  11|0x0000000083d00000, 0x0000000083d00000, 0x0000000083e00000|  0%| F|  |TAMS 0x0000000083d00000, 0x0000000083d00000| Untracked 
|  12|0x0000000083e00000, 0x0000000083e00000, 0x0000000083f00000|  0%| F|  |TAMS 0x0000000083e00000, 0x0000000083e00000| Untracked 
|  13|0x0000000083f00000, 0x0000000083f00000, 0x0000000084000000|  0%| F|  |TAMS 0x0000000083f00000, 0x0000000083f00000| Untracked 
|  14|0x0000000084000000, 0x0000000084000000, 0x0000000084100000|  0%| F|  |TAMS 0x0000000084000000, 0x0000000084000000| Untracked 
|  15|0x0000000084100000, 0x0000000084100000, 0x0000000084200000|  0%| F|  |TAMS 0x0000000084100000, 0x0000000084100000| Untracked 
|  16|0x0000000084200000, 0x0000000084200000, 0x0000000084300000|  0%| F|  |TAMS 0x0000000084200000, 0x0000000084200000| Untracked 
|  17|0x0000000084300000, 0x0000000084300000, 0x0000000084400000|  0%| F|  |TAMS 0x0000000084300000, 0x0000000084300000| Untracked 
|  18|0x0000000084400000, 0x0000000084400000, 0x0000000084500000|  0%| F|  |TAMS 0x0000000084400000, 0x0000000084400000| Untracked 
|  19|0x0000000084500000, 0x0000000084500000, 0x0000000084600000|  0%| F|  |TAMS 0x0000000084500000, 0x0000000084500000| Untracked 
|  20|0x0000000084600000, 0x0000000084600000, 0x0000000084700000|  0%| F|  |TAMS 0x0000000084600000, 0x0000000084600000| Untracked 
|  21|0x0000000084700000, 0x0000000084700000, 0x0000000084800000|  0%| F|  |TAMS 0x0000000084700000, 0x0000000084700000| Untracked 
|  22|0x0000000084800000, 0x0000000084800000, 0x0000000084900000|  0%| F|  |TAMS 0x0000000084800000, 0x0000000084800000| Untracked 
|  23|0x0000000084900000, 0x0000000084900000, 0x0000000084a00000|  0%| F|  |TAMS 0x0000000084900000, 0x0000000084900000| Untracked 
|  24|0x0000000084a00000, 0x0000000084a00000, 0x0000000084b00000|  0%| F|  |TAMS 0x0000000084a00000, 0x0000000084a00000| Untracked 
|  25|0x0000000084b00000, 0x0000000084b00000, 0x0000000084c00000|  0%| F|  |TAMS 0x0000000084b00000, 0x0000000084b00000| Untracked 
|  26|0x0000000084c00000, 0x0000000084c00000, 0x0000000084d00000|  0%| F|  |TAMS 0x0000000084c00000, 0x0000000084c00000| Untracked 
|  27|0x0000000084d00000, 0x0000000084d00000, 0x0000000084e00000|  0%| F|  |TAMS 0x0000000084d00000, 0x0000000084d00000| Untracked 
|  28|0x0000000084e00000, 0x0000000084e00000, 0x0000000084f00000|  0%| F|  |TAMS 0x0000000084e00000, 0x0000000084e00000| Untracked 
|  29|0x0000000084f00000, 0x0000000084f00000, 0x0000000085000000|  0%| F|  |TAMS 0x0000000084f00000, 0x0000000084f00000| Untracked 
|  30|0x0000000085000000, 0x0000000085000000, 0x0000000085100000|  0%| F|  |TAMS 0x0000000085000000, 0x0000000085000000| Untracked 
|  31|0x0000000085100000, 0x0000000085100000, 0x0000000085200000|  0%| F|  |TAMS 0x0000000085100000, 0x0000000085100000| Untracked 
|  32|0x0000000085200000, 0x0000000085200000, 0x0000000085300000|  0%| F|  |TAMS 0x0000000085200000, 0x0000000085200000| Untracked 
|  33|0x0000000085300000, 0x0000000085300000, 0x0000000085400000|  0%| F|  |TAMS 0x0000000085300000, 0x0000000085300000| Untracked 
|  34|0x0000000085400000, 0x0000000085400000, 0x0000000085500000|  0%| F|  |TAMS 0x0000000085400000, 0x0000000085400000| Untracked 
|  35|0x0000000085500000, 0x0000000085500000, 0x0000000085600000|  0%| F|  |TAMS 0x0000000085500000, 0x0000000085500000| Untracked 
|  36|0x0000000085600000, 0x0000000085600000, 0x0000000085700000|  0%| F|  |TAMS 0x0000000085600000, 0x0000000085600000| Untracked 
|  37|0x0000000085700000, 0x0000000085700000, 0x0000000085800000|  0%| F|  |TAMS 0x0000000085700000, 0x0000000085700000| Untracked 
|  38|0x0000000085800000, 0x0000000085800000, 0x0000000085900000|  0%| F|  |TAMS 0x0000000085800000, 0x0000000085800000| Untracked 
|  39|0x0000000085900000, 0x0000000085900000, 0x0000000085a00000|  0%| F|  |TAMS 0x0000000085900000, 0x0000000085900000| Untracked 
|  40|0x0000000085a00000, 0x0000000085a00000, 0x0000000085b00000|  0%| F|  |TAMS 0x0000000085a00000, 0x0000000085a00000| Untracked 
|  41|0x0000000085b00000, 0x0000000085b00000, 0x0000000085c00000|  0%| F|  |TAMS 0x0000000085b00000, 0x0000000085b00000| Untracked 
|  42|0x0000000085c00000, 0x0000000085c00000, 0x0000000085d00000|  0%| F|  |TAMS 0x0000000085c00000, 0x0000000085c00000| Untracked 
|  43|0x0000000085d00000, 0x0000000085d00000, 0x0000000085e00000|  0%| F|  |TAMS 0x0000000085d00000, 0x0000000085d00000| Untracked 
|  44|0x0000000085e00000, 0x0000000085e00000, 0x0000000085f00000|  0%| F|  |TAMS 0x0000000085e00000, 0x0000000085e00000| Untracked 
|  45|0x0000000085f00000, 0x0000000085f00000, 0x0000000086000000|  0%| F|  |TAMS 0x0000000085f00000, 0x0000000085f00000| Untracked 
|  46|0x0000000086000000, 0x0000000086000000, 0x0000000086100000|  0%| F|  |TAMS 0x0000000086000000, 0x0000000086000000| Untracked 
|  47|0x0000000086100000, 0x0000000086100000, 0x0000000086200000|  0%| F|  |TAMS 0x0000000086100000, 0x0000000086100000| Untracked 
|  48|0x0000000086200000, 0x0000000086200000, 0x0000000086300000|  0%| F|  |TAMS 0x0000000086200000, 0x0000000086200000| Untracked 
|  49|0x0000000086300000, 0x0000000086300000, 0x0000000086400000|  0%| F|  |TAMS 0x0000000086300000, 0x0000000086300000| Untracked 
|  50|0x0000000086400000, 0x0000000086400000, 0x0000000086500000|  0%| F|  |TAMS 0x0000000086400000, 0x0000000086400000| Untracked 
|  51|0x0000000086500000, 0x0000000086500000, 0x0000000086600000|  0%| F|  |TAMS 0x0000000086500000, 0x0000000086500000| Untracked 
|  52|0x0000000086600000, 0x0000000086600000, 0x0000000086700000|  0%| F|  |TAMS 0x0000000086600000, 0x0000000086600000| Untracked 
|  53|0x0000000086700000, 0x0000000086700000, 0x0000000086800000|  0%| F|  |TAMS 0x0000000086700000, 0x0000000086700000| Untracked 
|  54|0x0000000086800000, 0x0000000086800000, 0x0000000086900000|  0%| F|  |TAMS 0x0000000086800000, 0x0000000086800000| Untracked 
|  55|0x0000000086900000, 0x0000000086900000, 0x0000000086a00000|  0%| F|  |TAMS 0x0000000086900000, 0x0000000086900000| Untracked 
|  56|0x0000000086a00000, 0x0000000086a00000, 0x0000000086b00000|  0%| F|  |TAMS 0x0000000086a00000, 0x0000000086a00000| Untracked 
|  57|0x0000000086b00000, 0x0000000086b00000, 0x0000000086c00000|  0%| F|  |TAMS 0x0000000086b00000, 0x0000000086b00000| Untracked 
|  58|0x0000000086c00000, 0x0000000086c00000, 0x0000000086d00000|  0%| F|  |TAMS 0x0000000086c00000, 0x0000000086c00000| Untracked 
|  59|0x0000000086d00000, 0x0000000086d00000, 0x0000000086e00000|  0%| F|  |TAMS 0x0000000086d00000, 0x0000000086d00000| Untracked 
|  60|0x0000000086e00000, 0x0000000086e00000, 0x0000000086f00000|  0%| F|  |TAMS 0x0000000086e00000, 0x0000000086e00000| Untracked 
|  61|0x0000000086f00000, 0x0000000086f00000, 0x0000000087000000|  0%| F|  |TAMS 0x0000000086f00000, 0x0000000086f00000| Untracked 
|  62|0x0000000087000000, 0x0000000087000000, 0x0000000087100000|  0%| F|  |TAMS 0x0000000087000000, 0x0000000087000000| Untracked 
|  63|0x0000000087100000, 0x0000000087100000, 0x0000000087200000|  0%| F|  |TAMS 0x0000000087100000, 0x0000000087100000| Untracked 
|  64|0x0000000087200000, 0x0000000087200000, 0x0000000087300000|  0%| F|  |TAMS 0x0000000087200000, 0x0000000087200000| Untracked 
|  65|0x0000000087300000, 0x0000000087300000, 0x0000000087400000|  0%| F|  |TAMS 0x0000000087300000, 0x0000000087300000| Untracked 
|  66|0x0000000087400000, 0x0000000087400000, 0x0000000087500000|  0%| F|  |TAMS 0x0000000087400000, 0x0000000087400000| Untracked 
|  67|0x0000000087500000, 0x0000000087500000, 0x0000000087600000|  0%| F|  |TAMS 0x0000000087500000, 0x0000000087500000| Untracked 
|  68|0x0000000087600000, 0x0000000087600000, 0x0000000087700000|  0%| F|  |TAMS 0x0000000087600000, 0x0000000087600000| Untracked 
|  69|0x0000000087700000, 0x0000000087700000, 0x0000000087800000|  0%| F|  |TAMS 0x0000000087700000, 0x0000000087700000| Untracked 
|  70|0x0000000087800000, 0x0000000087800000, 0x0000000087900000|  0%| F|  |TAMS 0x0000000087800000, 0x0000000087800000| Untracked 
|  71|0x0000000087900000, 0x0000000087900000, 0x0000000087a00000|  0%| F|  |TAMS 0x0000000087900000, 0x0000000087900000| Untracked 
|  72|0x0000000087a00000, 0x0000000087a00000, 0x0000000087b00000|  0%| F|  |TAMS 0x0000000087a00000, 0x0000000087a00000| Untracked 
|  73|0x0000000087b00000, 0x0000000087b00000, 0x0000000087c00000|  0%| F|  |TAMS 0x0000000087b00000, 0x0000000087b00000| Untracked 
|  74|0x0000000087c00000, 0x0000000087c00000, 0x0000000087d00000|  0%| F|  |TAMS 0x0000000087c00000, 0x0000000087c00000| Untracked 
|  75|0x0000000087d00000, 0x0000000087d00000, 0x0000000087e00000|  0%| F|  |TAMS 0x0000000087d00000, 0x0000000087d00000| Untracked 
|  76|0x0000000087e00000, 0x0000000087e00000, 0x0000000087f00000|  0%| F|  |TAMS 0x0000000087e00000, 0x0000000087e00000| Untracked 
|  77|0x0000000087f00000, 0x0000000087f00000, 0x0000000088000000|  0%| F|  |TAMS 0x0000000087f00000, 0x0000000087f00000| Untracked 
|  78|0x0000000088000000, 0x0000000088000000, 0x0000000088100000|  0%| F|  |TAMS 0x0000000088000000, 0x0000000088000000| Untracked 
|  79|0x0000000088100000, 0x0000000088100000, 0x0000000088200000|  0%| F|  |TAMS 0x0000000088100000, 0x0000000088100000| Untracked 
|  80|0x0000000088200000, 0x0000000088300000, 0x0000000088300000|100%| E|  |TAMS 0x0000000088200000, 0x0000000088200000| Complete 
|  81|0x0000000088300000, 0x0000000088400000, 0x0000000088400000|100%| E|CS|TAMS 0x0000000088300000, 0x0000000088300000| Complete 
|  82|0x0000000088400000, 0x0000000088500000, 0x0000000088500000|100%| E|CS|TAMS 0x0000000088400000, 0x0000000088400000| Complete 
|  83|0x0000000088500000, 0x0000000088600000, 0x0000000088600000|100%| E|CS|TAMS 0x0000000088500000, 0x0000000088500000| Complete 
|  84|0x0000000088600000, 0x0000000088700000, 0x0000000088700000|100%| E|CS|TAMS 0x0000000088600000, 0x0000000088600000| Complete 
|  85|0x0000000088700000, 0x0000000088800000, 0x0000000088800000|100%| E|CS|TAMS 0x0000000088700000, 0x0000000088700000| Complete 
|  86|0x0000000088800000, 0x0000000088900000, 0x0000000088900000|100%| E|CS|TAMS 0x0000000088800000, 0x0000000088800000| Complete 
|  87|0x0000000088900000, 0x0000000088a00000, 0x0000000088a00000|100%| E|CS|TAMS 0x0000000088900000, 0x0000000088900000| Complete 
|  88|0x0000000088a00000, 0x0000000088b00000, 0x0000000088b00000|100%| E|CS|TAMS 0x0000000088a00000, 0x0000000088a00000| Complete 
|  89|0x0000000088b00000, 0x0000000088c00000, 0x0000000088c00000|100%| E|CS|TAMS 0x0000000088b00000, 0x0000000088b00000| Complete 
|  90|0x0000000088c00000, 0x0000000088d00000, 0x0000000088d00000|100%| E|  |TAMS 0x0000000088c00000, 0x0000000088c00000| Complete 
|  91|0x0000000088d00000, 0x0000000088e00000, 0x0000000088e00000|100%| E|CS|TAMS 0x0000000088d00000, 0x0000000088d00000| Complete 
|  92|0x0000000088e00000, 0x0000000088f00000, 0x0000000088f00000|100%| E|CS|TAMS 0x0000000088e00000, 0x0000000088e00000| Complete 
|  93|0x0000000088f00000, 0x0000000089000000, 0x0000000089000000|100%| E|CS|TAMS 0x0000000088f00000, 0x0000000088f00000| Complete 
|  94|0x0000000089000000, 0x0000000089100000, 0x0000000089100000|100%| E|CS|TAMS 0x0000000089000000, 0x0000000089000000| Complete 
|  95|0x0000000089100000, 0x0000000089200000, 0x0000000089200000|100%| E|CS|TAMS 0x0000000089100000, 0x0000000089100000| Complete 
|  96|0x0000000089200000, 0x0000000089300000, 0x0000000089300000|100%| E|CS|TAMS 0x0000000089200000, 0x0000000089200000| Complete 
|  97|0x0000000089300000, 0x0000000089400000, 0x0000000089400000|100%| E|CS|TAMS 0x0000000089300000, 0x0000000089300000| Complete 
|  98|0x0000000089400000, 0x0000000089500000, 0x0000000089500000|100%| E|CS|TAMS 0x0000000089400000, 0x0000000089400000| Complete 
|  99|0x0000000089500000, 0x0000000089600000, 0x0000000089600000|100%| E|CS|TAMS 0x0000000089500000, 0x0000000089500000| Complete 
| 100|0x0000000089600000, 0x0000000089700000, 0x0000000089700000|100%| E|CS|TAMS 0x0000000089600000, 0x0000000089600000| Complete 
| 101|0x0000000089700000, 0x0000000089800000, 0x0000000089800000|100%| E|CS|TAMS 0x0000000089700000, 0x0000000089700000| Complete 
| 102|0x0000000089800000, 0x0000000089900000, 0x0000000089900000|100%| E|CS|TAMS 0x0000000089800000, 0x0000000089800000| Complete 
| 103|0x0000000089900000, 0x0000000089a00000, 0x0000000089a00000|100%| E|CS|TAMS 0x0000000089900000, 0x0000000089900000| Complete 
| 104|0x0000000089a00000, 0x0000000089b00000, 0x0000000089b00000|100%| E|CS|TAMS 0x0000000089a00000, 0x0000000089a00000| Complete 
| 105|0x0000000089b00000, 0x0000000089be1f60, 0x0000000089c00000| 88%| S|CS|TAMS 0x0000000089b00000, 0x0000000089b00000| Complete 
| 106|0x0000000089c00000, 0x0000000089d00000, 0x0000000089d00000|100%| E|CS|TAMS 0x0000000089c00000, 0x0000000089c00000| Complete 
| 107|0x0000000089d00000, 0x0000000089e00000, 0x0000000089e00000|100%| E|CS|TAMS 0x0000000089d00000, 0x0000000089d00000| Complete 
| 108|0x0000000089e00000, 0x0000000089f00000, 0x0000000089f00000|100%| E|CS|TAMS 0x0000000089e00000, 0x0000000089e00000| Complete 
| 109|0x0000000089f00000, 0x000000008a000000, 0x000000008a000000|100%| E|CS|TAMS 0x0000000089f00000, 0x0000000089f00000| Complete 
| 110|0x000000008a000000, 0x000000008a100000, 0x000000008a100000|100%| E|CS|TAMS 0x000000008a000000, 0x000000008a000000| Complete 
| 111|0x000000008a100000, 0x000000008a200000, 0x000000008a200000|100%| E|CS|TAMS 0x000000008a100000, 0x000000008a100000| Complete 
| 112|0x000000008a200000, 0x000000008a300000, 0x000000008a300000|100%| E|CS|TAMS 0x000000008a200000, 0x000000008a200000| Complete 
| 113|0x000000008a300000, 0x000000008a400000, 0x000000008a400000|100%| E|CS|TAMS 0x000000008a300000, 0x000000008a300000| Complete 
| 114|0x000000008a400000, 0x000000008a500000, 0x000000008a500000|100%| E|CS|TAMS 0x000000008a400000, 0x000000008a400000| Complete 
| 115|0x000000008a500000, 0x000000008a600000, 0x000000008a600000|100%| E|CS|TAMS 0x000000008a500000, 0x000000008a500000| Complete 
| 116|0x000000008a600000, 0x000000008a700000, 0x000000008a700000|100%| E|CS|TAMS 0x000000008a600000, 0x000000008a600000| Complete 
| 117|0x000000008a700000, 0x000000008a800000, 0x000000008a800000|100%| E|CS|TAMS 0x000000008a700000, 0x000000008a700000| Complete 
| 118|0x000000008a800000, 0x000000008a900000, 0x000000008a900000|100%| E|CS|TAMS 0x000000008a800000, 0x000000008a800000| Complete 
| 119|0x000000008a900000, 0x000000008aa00000, 0x000000008aa00000|100%| E|CS|TAMS 0x000000008a900000, 0x000000008a900000| Complete 
| 120|0x000000008aa00000, 0x000000008ab00000, 0x000000008ab00000|100%| E|CS|TAMS 0x000000008aa00000, 0x000000008aa00000| Complete 
| 121|0x000000008ab00000, 0x000000008ac00000, 0x000000008ac00000|100%| E|CS|TAMS 0x000000008ab00000, 0x000000008ab00000| Complete 
| 122|0x000000008ac00000, 0x000000008ad00000, 0x000000008ad00000|100%| E|CS|TAMS 0x000000008ac00000, 0x000000008ac00000| Complete 
| 123|0x000000008ad00000, 0x000000008ae00000, 0x000000008ae00000|100%| E|CS|TAMS 0x000000008ad00000, 0x000000008ad00000| Complete 
| 124|0x000000008ae00000, 0x000000008af00000, 0x000000008af00000|100%| E|CS|TAMS 0x000000008ae00000, 0x000000008ae00000| Complete 
| 125|0x000000008af00000, 0x000000008b000000, 0x000000008b000000|100%| E|CS|TAMS 0x000000008af00000, 0x000000008af00000| Complete 

Card table byte_map: [0x0000021252c10000,0x0000021253000000] _byte_map_base: 0x00000212527f7000

Marking Bits (Prev, Next): (CMBitMap*) 0x000002123bc6d010, (CMBitMap*) 0x000002123bc6d050
 Prev Bits: [0x00000212533f0000, 0x0000021255328000)
 Next Bits: [0x0000021255330000, 0x0000021257268000)

Polling page: 0x000002123b240000

Metaspace:

Usage:
  Non-class:     15.35 MB used.
      Class:      1.50 MB used.
       Both:     16.85 MB used.

Virtual space:
  Non-class space:       64.00 MB reserved,      15.50 MB ( 24%) committed,  1 nodes.
      Class space:        1.00 GB reserved,       1.62 MB ( <1%) committed,  1 nodes.
             Both:        1.06 GB reserved,      17.12 MB (  2%) committed. 

Chunk freelists:
   Non-Class:  351.00 KB
       Class:  14.38 MB
        Both:  14.73 MB

MaxMetaspaceSize: unlimited
CompressedClassSpaceSize: 1.00 GB
Initial GC threshold: 21.00 MB
Current GC threshold: 21.00 MB
CDS: on
MetaspaceReclaimPolicy: balanced
 - commit_granule_bytes: 65536.
 - commit_granule_words: 8192.
 - virtual_space_node_default_size: 8388608.
 - enlarge_chunks_in_place: 1.
 - new_chunks_are_fully_committed: 0.
 - uncommit_free_chunks: 1.
 - use_allocation_guard: 0.
 - handle_deallocations: 1.


Internal statistics:

num_allocs_failed_limit: 0.
num_arena_births: 252.
num_arena_deaths: 0.
num_vsnodes_births: 2.
num_vsnodes_deaths: 0.
num_space_committed: 272.
num_space_uncommitted: 0.
num_chunks_returned_to_freelist: 0.
num_chunks_taken_from_freelist: 584.
num_chunk_merges: 0.
num_chunk_splits: 378.
num_chunks_enlarged: 253.
num_inconsistent_stats: 0.

CodeHeap 'non-profiled nmethods': size=120000Kb used=932Kb max_used=932Kb free=119067Kb
 bounds [0x000002124b1e0000, 0x000002124b450000, 0x0000021252710000]
CodeHeap 'profiled nmethods': size=120000Kb used=4539Kb max_used=4539Kb free=115460Kb
 bounds [0x0000021243710000, 0x0000021243b80000, 0x000002124ac40000]
CodeHeap 'non-nmethods': size=5760Kb used=1923Kb max_used=1959Kb free=3836Kb
 bounds [0x000002124ac40000, 0x000002124aeb0000, 0x000002124b1e0000]
 total_blobs=3775 nmethods=2328 adapters=1359
 compilation: enabled
              stopped_count=0, restarted_count=0
 full_count=0

Compilation events (20 events):
Event: 1.919 Thread 0x00000212a1deb980 2318 %     4       com.xbuilders.engine.items.ItemGroup::setList @ 179 (263 bytes)
Event: 1.920 Thread 0x0000021259a9eae0 nmethod 2179 0x000002124b2c2510 code [0x000002124b2c2680, 0x000002124b2c2cf8]
Event: 1.920 Thread 0x0000021259a9eae0 2320       4       java.util.regex.Pattern::compile (500 bytes)
Event: 1.927 Thread 0x0000021259aa75a0 2322   !   3       jdk.internal.reflect.ReflectionFactory::checkInitted (100 bytes)
Event: 1.927 Thread 0x0000021259aa75a0 nmethod 2322 0x0000021243b7b610 code [0x0000021243b7b920, 0x0000021243b7c968]
Event: 1.927 Thread 0x0000021259aa75a0 2323       3       java.lang.reflect.ReflectAccess::getRoot (5 bytes)
Event: 1.927 Thread 0x0000021259aa75a0 nmethod 2323 0x0000021243b7ce10 code [0x0000021243b7cfc0, 0x0000021243b7d188]
Event: 1.927 Thread 0x0000021259aa75a0 2325       3       java.util.ArrayList::isEmpty (13 bytes)
Event: 1.927 Thread 0x0000021259aa75a0 nmethod 2325 0x0000021243b7d290 code [0x0000021243b7d420, 0x0000021243b7d598]
Event: 1.928 Thread 0x00000212a1deb980 nmethod 2318% 0x000002124b2c3090 code [0x000002124b2c32a0, 0x000002124b2c3bc0]
Event: 1.928 Thread 0x00000212a1deb980 2321       4       java.util.regex.Pattern::newSlice (181 bytes)
Event: 1.933 Thread 0x0000021259aa75a0 2326       3       sun.security.provider.DigestBase::engineUpdate (189 bytes)
Event: 1.934 Thread 0x0000021259aa75a0 nmethod 2326 0x0000021243b7d610 code [0x0000021243b7d880, 0x0000021243b7e558]
Event: 1.934 Thread 0x0000021259aa75a0 2327       3       java.security.MessageDigest$Delegate::engineUpdate (11 bytes)
Event: 1.934 Thread 0x0000021259aa75a0 nmethod 2327 0x0000021243b7e890 code [0x0000021243b7ea40, 0x0000021243b7ec08]
Event: 1.934 Thread 0x00000212a1deb980 nmethod 2321 0x000002124b2c4290 code [0x000002124b2c4440, 0x000002124b2c49d8]
Event: 1.956 Thread 0x00000212a1deb980 2329       4       jdk.internal.misc.Unsafe::putIntUnaligned (14 bytes)
Event: 1.956 Thread 0x00000212a1deb980 nmethod 2329 0x000002124b2c4f90 code [0x000002124b2c5100, 0x000002124b2c5198]
Event: 1.962 Thread 0x00000212a1deb980 2330       4       javax.imageio.stream.ImageInputStreamImpl::checkClosed (18 bytes)
Event: 1.962 Thread 0x00000212a1deb980 nmethod 2330 0x000002124b2c5290 code [0x000002124b2c5400, 0x000002124b2c5498]

GC Heap History (4 events):
Event: 0.632 GC heap before
{Heap before GC invocations=0 (full 0):
 garbage-first heap   total 129024K, used 21504K [0x0000000083200000, 0x0000000100000000)
  region size 1024K, 21 young (21504K), 0 survivors (0K)
 Metaspace       used 11230K, committed 11456K, reserved 1114112K
  class space    used 1184K, committed 1280K, reserved 1048576K
}
Event: 0.636 GC heap after
{Heap after GC invocations=1 (full 0):
 garbage-first heap   total 129024K, used 5056K [0x0000000083200000, 0x0000000100000000)
  region size 1024K, 3 young (3072K), 3 survivors (3072K)
 Metaspace       used 11230K, committed 11456K, reserved 1114112K
  class space    used 1184K, committed 1280K, reserved 1048576K
}
Event: 1.331 GC heap before
{Heap before GC invocations=1 (full 0):
 garbage-first heap   total 129024K, used 24512K [0x0000000083200000, 0x0000000100000000)
  region size 1024K, 23 young (23552K), 3 survivors (3072K)
 Metaspace       used 15905K, committed 16064K, reserved 1114112K
  class space    used 1401K, committed 1472K, reserved 1048576K
}
Event: 1.334 GC heap after
{Heap after GC invocations=2 (full 0):
 garbage-first heap   total 129024K, used 6085K [0x0000000083200000, 0x0000000100000000)
  region size 1024K, 1 young (1024K), 1 survivors (1024K)
 Metaspace       used 15905K, committed 16064K, reserved 1114112K
  class space    used 1401K, committed 1472K, reserved 1048576K
}

Dll operation events (16 events):
Event: 0.016 Loaded shared library C:\Users\Patron\.jdks\corretto-17.0.11\bin\java.dll
Event: 0.032 Loaded shared library C:\Users\Patron\.jdks\corretto-17.0.11\bin\jsvml.dll
Event: 0.143 Loaded shared library C:\Users\Patron\.jdks\corretto-17.0.11\bin\zip.dll
Event: 0.144 Loaded shared library C:\Users\Patron\.jdks\corretto-17.0.11\bin\instrument.dll
Event: 0.151 Loaded shared library C:\Users\Patron\.jdks\corretto-17.0.11\bin\net.dll
Event: 0.155 Loaded shared library C:\Users\Patron\.jdks\corretto-17.0.11\bin\nio.dll
Event: 0.157 Loaded shared library C:\Users\Patron\.jdks\corretto-17.0.11\bin\zip.dll
Event: 0.228 Loaded shared library C:\Users\Patron\Downloads\bin\breakgen64.dll
Event: 0.239 Loaded shared library C:\Users\Patron\.jdks\corretto-17.0.11\bin\extnet.dll
Event: 0.261 Loaded shared library C:\Users\Patron\.jdks\corretto-17.0.11\bin\jimage.dll
Event: 0.281 Loaded shared library C:\Users\Patron\AppData\Local\Temp\lwjgl_Patron\3.3.2+13\x64\lwjgl.dll
Event: 0.373 Loaded shared library C:\Users\Patron\.jdks\corretto-17.0.11\bin\awt.dll
Event: 0.547 Loaded shared library C:\Users\Patron\.jdks\corretto-17.0.11\bin\verify.dll
Event: 1.012 Loaded shared library C:\Users\Patron\AppData\Local\Temp\lwjgl_Patron\3.3.2+13\x64\lwjgl_opengl.dll
Event: 1.102 Loaded shared library C:\Users\Patron\AppData\Local\Temp\lwjgl_Patron\3.3.2+13\x64\lwjgl_nuklear.dll
Event: 1.133 Loaded shared library C:\Users\Patron\AppData\Local\Temp\lwjgl_Patron\3.3.2+13\x64\lwjgl_stb.dll

Deoptimization events (20 events):
Event: 1.857 Thread 0x000002123bc156d0 Uncommon trap: trap_request=0xffffffde fr.pc=0x000002124b2a3fb8 relative=0x00000000000004d8
Event: 1.857 Thread 0x000002123bc156d0 Uncommon trap: reason=class_check action=maybe_recompile pc=0x000002124b2a3fb8 method=java.util.regex.Matcher.search(I)Z @ 121 c2
Event: 1.857 Thread 0x000002123bc156d0 DEOPT PACKING pc=0x000002124b2a3fb8 sp=0x000000d76e5ff0b0
Event: 1.857 Thread 0x000002123bc156d0 DEOPT UNPACKING pc=0x000002124ac969a3 sp=0x000000d76e5ff080 mode 2
Event: 1.927 Thread 0x000002123bc156d0 Uncommon trap: trap_request=0xffffff45 fr.pc=0x000002124b2be778 relative=0x0000000000000078
Event: 1.927 Thread 0x000002123bc156d0 Uncommon trap: reason=unstable_if action=reinterpret pc=0x000002124b2be778 method=java.lang.StringLatin1.trim([B)Ljava/lang/String; @ 7 c2
Event: 1.927 Thread 0x000002123bc156d0 DEOPT PACKING pc=0x000002124b2be778 sp=0x000000d76e5fd490
Event: 1.927 Thread 0x000002123bc156d0 DEOPT UNPACKING pc=0x000002124ac969a3 sp=0x000000d76e5fd420 mode 2
Event: 1.952 Thread 0x000002123bc156d0 Uncommon trap: trap_request=0xffffff45 fr.pc=0x000002124b253f40 relative=0x0000000000001d00
Event: 1.952 Thread 0x000002123bc156d0 Uncommon trap: reason=unstable_if action=reinterpret pc=0x000002124b253f40 method=java.io.WinNTFileSystem.normalize(Ljava/lang/String;)Ljava/lang/String; @ 128 c2
Event: 1.952 Thread 0x000002123bc156d0 DEOPT PACKING pc=0x000002124b253f40 sp=0x000000d76e5fd970
Event: 1.952 Thread 0x000002123bc156d0 DEOPT UNPACKING pc=0x000002124ac969a3 sp=0x000000d76e5fd958 mode 2
Event: 1.953 Thread 0x000002123bc156d0 Uncommon trap: trap_request=0xffffff54 fr.pc=0x000002124b28b570 relative=0x0000000000000070
Event: 1.953 Thread 0x000002123bc156d0 Uncommon trap: reason=speculate_null_assert action=make_not_entrant pc=0x000002124b28b570 method=jdk.internal.misc.Unsafe.putIntUnaligned(Ljava/lang/Object;JIZ)V @ 10 c2
Event: 1.953 Thread 0x000002123bc156d0 DEOPT PACKING pc=0x000002124b28b570 sp=0x000000d76e5fd800
Event: 1.953 Thread 0x000002123bc156d0 DEOPT UNPACKING pc=0x000002124ac969a3 sp=0x000000d76e5fd790 mode 2
Event: 1.962 Thread 0x000002123bc156d0 Uncommon trap: trap_request=0xffffff45 fr.pc=0x000002124b2803b8 relative=0x0000000000000498
Event: 1.962 Thread 0x000002123bc156d0 Uncommon trap: reason=unstable_if action=reinterpret pc=0x000002124b2803b8 method=sun.awt.image.ByteInterleavedRaster.getByteData(IIII[B)[B @ 97 c2
Event: 1.962 Thread 0x000002123bc156d0 DEOPT PACKING pc=0x000002124b2803b8 sp=0x000000d76e5febc0
Event: 1.962 Thread 0x000002123bc156d0 DEOPT UNPACKING pc=0x000002124ac969a3 sp=0x000000d76e5feb30 mode 2

Classes unloaded (0 events):
No events

Classes redefined (0 events):
No events

Internal exceptions (20 events):
Event: 0.464 Thread 0x000002123bc156d0 Exception <a 'java/lang/ClassNotFoundException'{0x000000008a11c6e0}: com/sun/swing/internal/plaf/basic/resources/spi/basicProvider> (0x000000008a11c6e0) 
thrown [s\src\hotspot\share\classfile\systemDictionary.cpp, line 256]
Event: 0.470 Thread 0x000002123bc156d0 Implicit null exception at 0x000002124b203b8f to 0x000002124b203f88
Event: 0.470 Thread 0x000002123bc156d0 Implicit null exception at 0x000002124b20c68f to 0x000002124b20ca60
Event: 0.738 Thread 0x000002123bc156d0 Exception <a 'sun/nio/fs/WindowsException'{0x000000008ad73108}> (0x000000008ad73108) 
thrown [s\src\hotspot\share\prims\jni.cpp, line 516]
Event: 0.738 Thread 0x000002123bc156d0 Exception <a 'sun/nio/fs/WindowsException'{0x000000008ad73480}> (0x000000008ad73480) 
thrown [s\src\hotspot\share\prims\jni.cpp, line 516]
Event: 1.009 Thread 0x000002123bc156d0 Exception <a 'sun/nio/fs/WindowsException'{0x000000008adccc18}> (0x000000008adccc18) 
thrown [s\src\hotspot\share\prims\jni.cpp, line 516]
Event: 1.009 Thread 0x000002123bc156d0 Exception <a 'sun/nio/fs/WindowsException'{0x000000008adccfc8}> (0x000000008adccfc8) 
thrown [s\src\hotspot\share\prims\jni.cpp, line 516]
Event: 1.015 Thread 0x000002123bc156d0 Exception <a 'sun/nio/fs/WindowsException'{0x000000008addff28}> (0x000000008addff28) 
thrown [s\src\hotspot\share\prims\jni.cpp, line 516]
Event: 1.015 Thread 0x000002123bc156d0 Exception <a 'sun/nio/fs/WindowsException'{0x000000008ade0218}> (0x000000008ade0218) 
thrown [s\src\hotspot\share\prims\jni.cpp, line 516]
Event: 1.100 Thread 0x000002123bc156d0 Exception <a 'sun/nio/fs/WindowsException'{0x000000008a8f0430}> (0x000000008a8f0430) 
thrown [s\src\hotspot\share\prims\jni.cpp, line 516]
Event: 1.100 Thread 0x000002123bc156d0 Exception <a 'sun/nio/fs/WindowsException'{0x000000008a8f07f0}> (0x000000008a8f07f0) 
thrown [s\src\hotspot\share\prims\jni.cpp, line 516]
Event: 1.106 Thread 0x000002123bc156d0 Exception <a 'java/lang/NoSuchMethodError'{0x000000008a73bb58}: 'java.lang.Object java.lang.invoke.DirectMethodHandle$Holder.newInvokeSpecial(java.lang.Object, long)'> (0x000000008a73bb58) 
thrown [s\src\hotspot\share\interpreter\linkResolver.cpp, line 759]
Event: 1.131 Thread 0x000002123bc156d0 Exception <a 'sun/nio/fs/WindowsException'{0x000000008a7904e0}> (0x000000008a7904e0) 
thrown [s\src\hotspot\share\prims\jni.cpp, line 516]
Event: 1.131 Thread 0x000002123bc156d0 Exception <a 'sun/nio/fs/WindowsException'{0x000000008a790870}> (0x000000008a790870) 
thrown [s\src\hotspot\share\prims\jni.cpp, line 516]
Event: 1.138 Thread 0x000002123bc156d0 Exception <a 'java/lang/NoSuchMethodError'{0x000000008a79b600}: 'void java.lang.invoke.DirectMethodHandle$Holder.invokeStatic(java.lang.Object, long)'> (0x000000008a79b600) 
thrown [s\src\hotspot\share\interpreter\linkResolver.cpp, line 759]
Event: 1.661 Thread 0x000002123bc156d0 Exception <a 'java/lang/NoSuchMethodError'{0x000000008a4a86e0}: 'void java.lang.invoke.DirectMethodHandle$Holder.invokeStatic(java.lang.Object, int, java.lang.Object)'> (0x000000008a4a86e0) 
thrown [s\src\hotspot\share\interpreter\linkResolver.cpp, line 759]
Event: 1.878 Thread 0x000002123bc156d0 Exception <a 'java/lang/NoSuchMethodError'{0x0000000088394d58}: 'void java.lang.invoke.DirectMethodHandle$Holder.invokeSpecial(java.lang.Object, java.lang.Object, java.lang.Object, java.lang.Object, java.lang.Object)'> (0x0000000088394d58) 
thrown [s\src\hotspot\share\interpreter\linkResolver.cpp, line 759]
Event: 1.896 Thread 0x000002123bc156d0 Exception <a 'java/lang/NoSuchMethodError'{0x0000000088236de8}: 'void java.lang.invoke.DirectMethodHandle$Holder.invokeStatic(java.lang.Object, java.lang.Object, int)'> (0x0000000088236de8) 
thrown [s\src\hotspot\share\interpreter\linkResolver.cpp, line 759]
Event: 1.928 Thread 0x000002123bc156d0 Exception <a 'java/lang/NoSuchMethodError'{0x00000000882d2c00}: 'java.lang.Object java.lang.invoke.DirectMethodHandle$Holder.invokeStaticInit(java.lang.Object, int, int, int, int)'> (0x00000000882d2c00) 
thrown [s\src\hotspot\share\interpreter\linkResolver.cpp, line 759]
Event: 1.954 Thread 0x000002123bc156d0 Exception <a 'java/lang/NoSuchMethodError'{0x00000000882e86f8}: 'java.lang.Object java.lang.invoke.DirectMethodHandle$Holder.invokeStaticInit(java.lang.Object, java.lang.Object, int, int, int, int)'> (0x00000000882e86f8) 
thrown [s\src\hotspot\share\interpreter\linkResolver.cpp, line 759]

VM Operations (20 events):
Event: 0.278 Executing VM operation: HandshakeAllThreads
Event: 0.278 Executing VM operation: HandshakeAllThreads done
Event: 0.484 Executing VM operation: HandshakeAllThreads
Event: 0.484 Executing VM operation: HandshakeAllThreads done
Event: 0.542 Executing VM operation: HandshakeAllThreads
Event: 0.542 Executing VM operation: HandshakeAllThreads done
Event: 0.549 Executing VM operation: ICBufferFull
Event: 0.549 Executing VM operation: ICBufferFull done
Event: 0.631 Executing VM operation: G1CollectForAllocation
Event: 0.636 Executing VM operation: G1CollectForAllocation done
Event: 1.331 Executing VM operation: G1CollectForAllocation
Event: 1.334 Executing VM operation: G1CollectForAllocation done
Event: 1.854 Executing VM operation: HandshakeAllThreads
Event: 1.855 Executing VM operation: HandshakeAllThreads done
Event: 1.920 Executing VM operation: ICBufferFull
Event: 1.920 Executing VM operation: ICBufferFull done
Event: 1.925 Executing VM operation: HandshakeAllThreads
Event: 1.925 Executing VM operation: HandshakeAllThreads done
Event: 1.958 Executing VM operation: HandshakeAllThreads
Event: 1.958 Executing VM operation: HandshakeAllThreads done

Events (20 events):
Event: 1.958 loading class javax/imageio/ImageIO$CanEncodeImageAndFormatFilter
Event: 1.958 loading class javax/imageio/ImageIO$CanEncodeImageAndFormatFilter done
Event: 1.958 loading class javax/imageio/ImageIO$ImageWriterIterator
Event: 1.958 loading class javax/imageio/ImageIO$ImageWriterIterator done
Event: 1.958 loading class com/sun/imageio/plugins/png/PNGImageWriter
Event: 1.959 loading class com/sun/imageio/plugins/png/PNGImageWriter done
Event: 1.959 loading class com/sun/imageio/plugins/png/RowFilter
Event: 1.959 loading class com/sun/imageio/plugins/png/RowFilter done
Event: 1.959 loading class javax/imageio/IIOImage
Event: 1.959 loading class javax/imageio/IIOImage done
Event: 1.959 loading class com/sun/imageio/plugins/png/ChunkStream
Event: 1.960 loading class com/sun/imageio/plugins/png/ChunkStream done
Event: 1.960 loading class com/sun/imageio/plugins/png/CRC
Event: 1.960 loading class com/sun/imageio/plugins/png/CRC done
Event: 1.960 loading class com/sun/imageio/plugins/png/IDATOutputStream
Event: 1.960 loading class com/sun/imageio/plugins/png/IDATOutputStream done
Event: 1.961 loading class java/util/zip/Deflater
Event: 1.961 loading class java/util/zip/Deflater done
Event: 1.962 loading class java/util/zip/Deflater$DeflaterZStreamRef
Event: 1.962 loading class java/util/zip/Deflater$DeflaterZStreamRef done


Dynamic libraries:
0x00007ff6d9870000 - 0x00007ff6d987e000 	C:\Users\Patron\.jdks\corretto-17.0.11\bin\java.exe
0x00007ff9d6730000 - 0x00007ff9d6928000 	C:\WINDOWS\SYSTEM32\ntdll.dll
0x00007ff9d58a0000 - 0x00007ff9d595d000 	C:\WINDOWS\System32\KERNEL32.DLL
0x00007ff9d3fa0000 - 0x00007ff9d4296000 	C:\WINDOWS\System32\KERNELBASE.dll
0x00007ff9d14b0000 - 0x00007ff9d1540000 	C:\WINDOWS\SYSTEM32\apphelp.dll
0x00007ff9d4540000 - 0x00007ff9d4640000 	C:\WINDOWS\System32\ucrtbase.dll
0x00007ff9ce9a0000 - 0x00007ff9ce9bb000 	C:\Users\Patron\.jdks\corretto-17.0.11\bin\VCRUNTIME140.dll
0x00007ff9d1690000 - 0x00007ff9d16a7000 	C:\Users\Patron\.jdks\corretto-17.0.11\bin\jli.dll
0x00007ff9d5d40000 - 0x00007ff9d5edf000 	C:\WINDOWS\System32\USER32.dll
0x00007ff9b6700000 - 0x00007ff9b699a000 	C:\WINDOWS\WinSxS\amd64_microsoft.windows.common-controls_6595b64144ccf1df_6.0.19041.4355_none_60b8b9eb71f62e16\COMCTL32.dll
0x00007ff9d3de0000 - 0x00007ff9d3e02000 	C:\WINDOWS\System32\win32u.dll
0x00007ff9d5ee0000 - 0x00007ff9d5f7e000 	C:\WINDOWS\System32\msvcrt.dll
0x00007ff9d4d00000 - 0x00007ff9d4d2b000 	C:\WINDOWS\System32\GDI32.dll
0x00007ff9d4640000 - 0x00007ff9d4757000 	C:\WINDOWS\System32\gdi32full.dll
0x00007ff9d42d0000 - 0x00007ff9d436d000 	C:\WINDOWS\System32\msvcp_win.dll
0x00007ff9d4900000 - 0x00007ff9d4932000 	C:\WINDOWS\System32\IMM32.DLL
0x000002123b250000 - 0x000002123b264000 	C:\WINDOWS\System32\umppc18511.dll
0x000002123b2b0000 - 0x000002123b2c2000 	C:\WINDOWS\System32\CsXumd64_18511.dll
0x00007ff9ce040000 - 0x00007ff9ce04c000 	C:\Users\Patron\.jdks\corretto-17.0.11\bin\vcruntime140_1.dll
0x00007ff9cdfb0000 - 0x00007ff9ce03d000 	C:\Users\Patron\.jdks\corretto-17.0.11\bin\msvcp140.dll
0x00007ff989310000 - 0x00007ff989f72000 	C:\Users\Patron\.jdks\corretto-17.0.11\bin\server\jvm.dll
0x00007ff9d5710000 - 0x00007ff9d57c0000 	C:\WINDOWS\System32\ADVAPI32.dll
0x00007ff9d5c30000 - 0x00007ff9d5cd0000 	C:\WINDOWS\System32\sechost.dll
0x00007ff9d5a20000 - 0x00007ff9d5b43000 	C:\WINDOWS\System32\RPCRT4.dll
0x00007ff9d42a0000 - 0x00007ff9d42c7000 	C:\WINDOWS\System32\bcrypt.dll
0x00007ff9d3b80000 - 0x00007ff9d3bcb000 	C:\WINDOWS\SYSTEM32\POWRPROF.dll
0x00007ff9c92b0000 - 0x00007ff9c92b9000 	C:\WINDOWS\SYSTEM32\WSOCK32.dll
0x00007ff9d5030000 - 0x00007ff9d509b000 	C:\WINDOWS\System32\WS2_32.dll
0x00007ff9c8350000 - 0x00007ff9c8377000 	C:\WINDOWS\SYSTEM32\WINMM.dll
0x00007ff9cebd0000 - 0x00007ff9cebda000 	C:\WINDOWS\SYSTEM32\VERSION.dll
0x00007ff9d3b60000 - 0x00007ff9d3b72000 	C:\WINDOWS\SYSTEM32\UMPDC.dll
0x00007ff9d1c80000 - 0x00007ff9d1c92000 	C:\WINDOWS\SYSTEM32\kernel.appcore.dll
0x00007ff9cdfa0000 - 0x00007ff9cdfaa000 	C:\Users\Patron\.jdks\corretto-17.0.11\bin\jimage.dll
0x00007ff9c4a50000 - 0x00007ff9c4c34000 	C:\WINDOWS\SYSTEM32\DBGHELP.DLL
0x00007ff9c4780000 - 0x00007ff9c47b4000 	C:\WINDOWS\SYSTEM32\dbgcore.DLL
0x00007ff9d3e60000 - 0x00007ff9d3ee2000 	C:\WINDOWS\System32\bcryptPrimitives.dll
0x00007ff9cdf30000 - 0x00007ff9cdf3e000 	C:\Users\Patron\.jdks\corretto-17.0.11\bin\instrument.dll
0x00007ff9cdf70000 - 0x00007ff9cdf95000 	C:\Users\Patron\.jdks\corretto-17.0.11\bin\java.dll
0x00007ff9bcd60000 - 0x00007ff9bce37000 	C:\Users\Patron\.jdks\corretto-17.0.11\bin\jsvml.dll
0x00007ff9d5f80000 - 0x00007ff9d66eb000 	C:\WINDOWS\System32\SHELL32.dll
0x00007ff9d1e80000 - 0x00007ff9d261d000 	C:\WINDOWS\SYSTEM32\windows.storage.dll
0x00007ff9d4940000 - 0x00007ff9d4c93000 	C:\WINDOWS\System32\combase.dll
0x00007ff9d3730000 - 0x00007ff9d375e000 	C:\WINDOWS\SYSTEM32\Wldp.dll
0x00007ff9d5640000 - 0x00007ff9d570d000 	C:\WINDOWS\System32\OLEAUT32.dll
0x00007ff9d5970000 - 0x00007ff9d5a1d000 	C:\WINDOWS\System32\SHCORE.dll
0x00007ff9d4810000 - 0x00007ff9d4865000 	C:\WINDOWS\System32\shlwapi.dll
0x00007ff9d3d10000 - 0x00007ff9d3d34000 	C:\WINDOWS\SYSTEM32\profapi.dll
0x00007ff9cd3a0000 - 0x00007ff9cd3b8000 	C:\Users\Patron\.jdks\corretto-17.0.11\bin\zip.dll
0x00007ff9cdf50000 - 0x00007ff9cdf69000 	C:\Users\Patron\.jdks\corretto-17.0.11\bin\net.dll
0x00007ff9ce770000 - 0x00007ff9ce87a000 	C:\WINDOWS\SYSTEM32\WINHTTP.dll
0x00007ff9d3490000 - 0x00007ff9d34fa000 	C:\WINDOWS\system32\mswsock.dll
0x00007ff9cdf10000 - 0x00007ff9cdf26000 	C:\Users\Patron\.jdks\corretto-17.0.11\bin\nio.dll
0x00007ff9c9150000 - 0x00007ff9c916a000 	C:\Users\Patron\Downloads\bin\breakgen64.dll
0x00007ff9caf10000 - 0x00007ff9caf19000 	C:\Users\Patron\.jdks\corretto-17.0.11\bin\extnet.dll
0x00007ff9b7af0000 - 0x00007ff9b7b6a000 	C:\Users\Patron\AppData\Local\Temp\lwjgl_Patron\3.3.2+13\x64\lwjgl.dll
0x00007ff99d790000 - 0x00007ff99da00000 	C:\Users\Patron\AppData\Local\Temp\lwjgl_Patron\3.3.2+13\x64\jemalloc.dll
0x00007ff9b7080000 - 0x00007ff9b7210000 	C:\Users\Patron\.jdks\corretto-17.0.11\bin\awt.dll
0x00007ff9d1aa0000 - 0x00007ff9d1acf000 	C:\WINDOWS\system32\DWMAPI.DLL
0x00007ff9d17b0000 - 0x00007ff9d184e000 	C:\WINDOWS\system32\uxtheme.dll
0x00007ff9af040000 - 0x00007ff9af165000 	C:\WINDOWS\system32\opengl32.dll
0x00007ff9af7e0000 - 0x00007ff9af80c000 	C:\WINDOWS\SYSTEM32\GLU32.dll
0x00007ff9d4ef0000 - 0x00007ff9d5004000 	C:\WINDOWS\System32\MSCTF.dll
0x00007ff9d5510000 - 0x00007ff9d563b000 	C:\WINDOWS\System32\ole32.dll
0x00007ff9caef0000 - 0x00007ff9caf00000 	C:\Users\Patron\.jdks\corretto-17.0.11\bin\verify.dll
0x00007ff9c9790000 - 0x00007ff9c97a7000 	C:\WINDOWS\system32\napinsp.dll
0x00007ff9ca720000 - 0x00007ff9ca73b000 	C:\WINDOWS\system32\pnrpnsp.dll
0x00007ff9ca700000 - 0x00007ff9ca715000 	C:\WINDOWS\system32\wshbth.dll
0x00007ff9ce590000 - 0x00007ff9ce5ad000 	C:\WINDOWS\system32\NLAapi.dll
0x00007ff9d3170000 - 0x00007ff9d31ab000 	C:\WINDOWS\SYSTEM32\IPHLPAPI.DLL
0x00007ff9d31b0000 - 0x00007ff9d327b000 	C:\WINDOWS\SYSTEM32\DNSAPI.dll
0x00007ff9d5d30000 - 0x00007ff9d5d38000 	C:\WINDOWS\System32\NSI.dll
0x00007ff9ca850000 - 0x00007ff9ca862000 	C:\WINDOWS\System32\winrnr.dll
0x00007ff9cbd90000 - 0x00007ff9cbd9a000 	C:\Windows\System32\rasadhlp.dll
0x00007ff9cc0d0000 - 0x00007ff9cc150000 	C:\WINDOWS\System32\fwpuclnt.dll
0x00007ff9b63c0000 - 0x00007ff9b6442000 	C:\Users\Patron\AppData\Local\Temp\lwjgl_Patron\3.3.2+13\x64\glfw.dll
0x00007ff9bd860000 - 0x00007ff9bd8a5000 	C:\WINDOWS\SYSTEM32\dinput8.dll
0x00007ff9c8330000 - 0x00007ff9c8341000 	C:\WINDOWS\SYSTEM32\xinput1_4.dll
0x00007ff9d3e10000 - 0x00007ff9d3e5e000 	C:\WINDOWS\System32\cfgmgr32.dll
0x00007ff9d3a90000 - 0x00007ff9d3ac3000 	C:\WINDOWS\SYSTEM32\DEVOBJ.dll
0x00007ff9b55a0000 - 0x00007ff9b56f2000 	C:\WINDOWS\SYSTEM32\inputhost.dll
0x00007ff9d1240000 - 0x00007ff9d1332000 	C:\WINDOWS\SYSTEM32\CoreMessaging.dll
0x00007ff9cf250000 - 0x00007ff9cf346000 	C:\WINDOWS\SYSTEM32\PROPSYS.dll
0x00007ff9d0810000 - 0x00007ff9d0967000 	C:\WINDOWS\SYSTEM32\wintypes.dll
0x00007ff9d0ee0000 - 0x00007ff9d123b000 	C:\WINDOWS\SYSTEM32\CoreUIComponents.dll
0x00007ff9d2ef0000 - 0x00007ff9d2f23000 	C:\WINDOWS\SYSTEM32\ntmarta.dll
0x00007ff9d4760000 - 0x00007ff9d4809000 	C:\WINDOWS\System32\clbcatq.dll
0x00007ff9cbe40000 - 0x00007ff9cbf43000 	C:\Windows\System32\AppXDeploymentClient.dll
0x00007ff96eb20000 - 0x00007ff96fb4f000 	C:\WINDOWS\System32\DriverStore\FileRepository\iigd_dch.inf_amd64_fbef37f5b63dca79\ig9icd64.dll
0x00007ff9d2660000 - 0x00007ff9d2752000 	C:\WINDOWS\system32\dxgi.dll
0x00007ff994f30000 - 0x00007ff99520a000 	C:\WINDOWS\System32\DriverStore\FileRepository\iigd_dch.inf_amd64_fbef37f5b63dca79\igdml64.dll
0x00007ff9c4350000 - 0x00007ff9c4739000 	C:\WINDOWS\System32\DriverStore\FileRepository\iigd_dch.inf_amd64_fbef37f5b63dca79\igdgmm64.dll
0x00007ff9bfbd0000 - 0x00007ff9c3307000 	C:\WINDOWS\System32\DriverStore\FileRepository\iigd_dch.inf_amd64_fbef37f5b63dca79\igc64.dll
0x00007ff9ba3b0000 - 0x00007ff9ba40e000 	C:\Users\Patron\AppData\Local\Temp\lwjgl_Patron\3.3.2+13\x64\lwjgl_opengl.dll
0x00007ff9b5740000 - 0x00007ff9b57b3000 	C:\Users\Patron\AppData\Local\Temp\lwjgl_Patron\3.3.2+13\x64\lwjgl_nuklear.dll
0x00007ff9b5510000 - 0x00007ff9b5592000 	C:\Users\Patron\AppData\Local\Temp\lwjgl_Patron\3.3.2+13\x64\lwjgl_stb.dll
0x00007ff9cf350000 - 0x00007ff9cf3fe000 	C:\WINDOWS\SYSTEM32\mscms.dll
0x00007ff9d3cc0000 - 0x00007ff9d3cee000 	C:\WINDOWS\SYSTEM32\USERENV.dll
0x00007ff9cf0d0000 - 0x00007ff9cf0e1000 	C:\WINDOWS\SYSTEM32\ColorAdapterClient.dll
0x00007ff9bdce0000 - 0x00007ff9bdd23000 	C:\WINDOWS\SYSTEM32\icm32.dll
0x00007ff9d3690000 - 0x00007ff9d36a8000 	C:\WINDOWS\SYSTEM32\CRYPTSP.dll
0x00007ff9d2db0000 - 0x00007ff9d2de4000 	C:\WINDOWS\system32\rsaenh.dll
0x00007ff9d3680000 - 0x00007ff9d368c000 	C:\WINDOWS\SYSTEM32\CRYPTBASE.dll
0x00007ff9ce4b0000 - 0x00007ff9ce4c7000 	C:\WINDOWS\SYSTEM32\dhcpcsvc6.DLL
0x00007ff9ce320000 - 0x00007ff9ce33d000 	C:\WINDOWS\SYSTEM32\dhcpcsvc.DLL

dbghelp: loaded successfully - version: 4.0.5 - missing functions: none
symbol engine: initialized successfully - sym options: 0x614 - pdb path: .;C:\Users\Patron\.jdks\corretto-17.0.11\bin;C:\WINDOWS\SYSTEM32;C:\WINDOWS\WinSxS\amd64_microsoft.windows.common-controls_6595b64144ccf1df_6.0.19041.4355_none_60b8b9eb71f62e16;C:\Users\Patron\.jdks\corretto-17.0.11\bin\server;C:\Users\Patron\Downloads\bin;C:\Users\Patron\AppData\Local\Temp\lwjgl_Patron\3.3.2+13\x64;C:\WINDOWS\System32\DriverStore\FileRepository\iigd_dch.inf_amd64_fbef37f5b63dca79

VM Arguments:
jvm_args: -javaagent:C:\Users\Patron\Downloads\lib\idea_rt.jar=54461:C:\Users\Patron\Downloads\bin -Dfile.encoding=UTF-8 
java_command: com.xbuilders.game.Main
java_class_path (initial): C:\Users\Patron\Documents\XBuilders\target\classes;C:\Users\Patron\.m2\repository\com\google\code\gson\gson\2.10.1\gson-2.10.1.jar;C:\Users\Patron\.m2\repository\org\lwjgl\lwjgl\3.3.2\lwjgl-3.3.2.jar;C:\Users\Patron\.m2\repository\org\lwjgl\lwjgl-assimp\3.3.2\lwjgl-assimp-3.3.2.jar;C:\Users\Patron\.m2\repository\org\lwjgl\lwjgl-bgfx\3.3.2\lwjgl-bgfx-3.3.2.jar;C:\Users\Patron\.m2\repository\org\lwjgl\lwjgl-cuda\3.3.2\lwjgl-cuda-3.3.2.jar;C:\Users\Patron\.m2\repository\org\lwjgl\lwjgl-egl\3.3.2\lwjgl-egl-3.3.2.jar;C:\Users\Patron\.m2\repository\org\lwjgl\lwjgl-fmod\3.3.2\lwjgl-fmod-3.3.2.jar;C:\Users\Patron\.m2\repository\org\lwjgl\lwjgl-freetype\3.3.2\lwjgl-freetype-3.3.2.jar;C:\Users\Patron\.m2\repository\org\lwjgl\lwjgl-glfw\3.3.2\lwjgl-glfw-3.3.2.jar;C:\Users\Patron\.m2\repository\org\lwjgl\lwjgl-harfbuzz\3.3.2\lwjgl-harfbuzz-3.3.2.jar;C:\Users\Patron\.m2\repository\org\lwjgl\lwjgl-hwloc\3.3.2\lwjgl-hwloc-3.3.2.jar;C:\Users\Patron\.m2\repository\org\lwjgl\lwjgl-jawt\3.3.2\lwjgl-jawt-3.3.2.jar;C:\Users\Patron\.m2\repository\org\lwjgl\lwjgl-jemalloc\3.3.2\lwjgl-jemalloc-3.3.2.jar;C:\Users\Patron\.m2\repository\org\lwjgl\lwjgl-ktx\3.3.2\lwjgl-ktx-3.3.2.jar;C:\Users\Patron\.m2\repository\org\lwjgl\lwjgl-libdivide\3.3.2\lwjgl-libdivide-3.3.2.jar;C:\Users\Patron\.m2\repository\org\lwjgl\lwjgl-llvm\3.3.2\lwjgl-llvm-3.3.2.jar;C:\Users\Patron\.m2\repository\org\lwjgl\lwjgl-lmdb\3.3.2\lwjgl-lmdb-3.3.2.jar;C:\Users\Patron\.m2\repository\org\lwjgl\lwjgl-lz4\3.3.2\lwjgl-lz4-3.3.2.jar;C:\Users\Patron\.m2\repository\org\lwjgl\lwjgl-meow\3.3.2\lwjgl-meow-3.3.2.jar;C:\Users\Patron\.m2\repository\org\lwjgl\lwjgl-meshoptimizer\3.3.2\lwjgl-meshoptimizer-3.3.2.jar;C:\Users\Patron\.m2\repository\org\lwjgl\lwjgl-nanovg\3.3.2\lwjgl-nanovg-3.3.2.jar;C:\Users\Patron\.m2\repository\org\lwjgl\lwjgl-nfd\3.3.2\lwjgl-nfd-3.3.2.jar;C:\Users\Patron\.m2\repository\org\lwjgl\lwjgl-nuklear\3.3.2\lwjgl-nuklear-3.3.2.jar;C:\Users\Patron\.m2\repository\org\lwjgl\lwjgl-odbc\
Launcher Type: SUN_STANDARD

[Global flags]
     intx CICompilerCount                          = 3                                         {product} {ergonomic}
     uint ConcGCThreads                            = 2                                         {product} {ergonomic}
     uint G1ConcRefinementThreads                  = 6                                         {product} {ergonomic}
   size_t G1HeapRegionSize                         = 1048576                                   {product} {ergonomic}
    uintx GCDrainStackTargetSize                   = 64                                        {product} {ergonomic}
   size_t InitialHeapSize                          = 132120576                                 {product} {ergonomic}
   size_t MarkStackSize                            = 4194304                                   {product} {ergonomic}
   size_t MaxHeapSize                              = 2095054848                                {product} {ergonomic}
   size_t MaxNewSize                               = 1256194048                                {product} {ergonomic}
   size_t MinHeapDeltaBytes                        = 1048576                                   {product} {ergonomic}
   size_t MinHeapSize                              = 8388608                                   {product} {ergonomic}
    uintx NonNMethodCodeHeapSize                   = 5832780                                {pd product} {ergonomic}
    uintx NonProfiledCodeHeapSize                  = 122912730                              {pd product} {ergonomic}
    uintx ProfiledCodeHeapSize                     = 122912730                              {pd product} {ergonomic}
    uintx ReservedCodeCacheSize                    = 251658240                              {pd product} {ergonomic}
     bool SegmentedCodeCache                       = true                                      {product} {ergonomic}
   size_t SoftMaxHeapSize                          = 2095054848                             {manageable} {ergonomic}
     bool UseCompressedClassPointers               = true                           {product lp64_product} {ergonomic}
     bool UseCompressedOops                        = true                           {product lp64_product} {ergonomic}
     bool UseG1GC                                  = true                                      {product} {ergonomic}
     bool UseLargePagesIndividualAllocation        = false                                  {pd product} {ergonomic}

Logging:
Log output configuration:
 #0: stdout all=warning uptime,level,tags
 #1: stderr all=off uptime,level,tags

Environment Variables:
JAVA_HOME=C:\Program Files\Eclipse Adoptium\jre-8.0.412.8-hotspot\
PATH=C:\Program Files\Eclipse Adoptium\jre-8.0.412.8-hotspot\bin;C:\WINDOWS\system32;C:\WINDOWS;C:\WINDOWS\System32\Wbem;C:\WINDOWS\System32\WindowsPowerShell\v1.0\;C:\WINDOWS\System32\OpenSSH\;:\Program Files\Novell\ZENworks;C:\Program Files (x86)\InstallShield\AdminStudio\5.5\ConflictSolver;C:\Users\Patron\AppData\Local\Microsoft\WindowsApps;
USERNAME=Patron
OS=Windows_NT
PROCESSOR_IDENTIFIER=Intel64 Family 6 Model 158 Stepping 10, GenuineIntel
TMP=C:\Users\Patron\AppData\Local\Temp
TEMP=C:\Users\Patron\AppData\Local\Temp



Periodic native trim disabled


---------------  S Y S T E M  ---------------

OS:
 Windows 10 , 64 bit Build 19041 (10.0.19041.3636)
OS uptime: 0 days 3:01 hours

CPU: total 6 (initial active 6) (6 cores per cpu, 1 threads per core) family 6 model 158 stepping 10 microcode 0xf4, cx8, cmov, fxsr, mmx, 3dnowpref, sse, sse2, sse3, ssse3, sse4.1, sse4.2, popcnt, lzcnt, tsc, tscinvbit, avx, avx2, aes, erms, clmul, bmi1, bmi2, rtm, adx, fma, vzeroupper, clflush, clflushopt
Processor Information for all 6 processors :
  Max Mhz: 3000, Current Mhz: 3000, Mhz Limit: 3000

Memory: 4k page, system-wide physical 7987M (693M free)
TotalPageFile size 11479M (AvailPageFile size 1913M)
current process WorkingSet (physical memory assigned to process): 261M, peak: 264M
current process commit charge ("private bytes"): 364M, peak: 368M

vm_info: OpenJDK 64-Bit Server VM (17.0.11+9-LTS) for windows-amd64 JRE (17.0.11+9-LTS), built on Apr 10 2024 22:12:24 by "Administrator" with MS VC++ 16.10 / 16.11 (VS2019)

END.
