#
# A fatal error has been detected by the Java Runtime Environment:
#
#  EXCEPTION_ACCESS_VIOLATION (0xc0000005) at pc=0x00007ffa475ecbad, pid=7220, tid=24996
#
# JRE version: OpenJDK Runtime Environment Corretto-17.0.11.9.1 (17.0.11+9) (build 17.0.11+9-LTS)
# Java VM: OpenJDK 64-Bit Server VM Corretto-17.0.11.9.1 (17.0.11+9-LTS, mixed mode, sharing, tiered, compressed oops, compressed class ptrs, g1 gc, windows-amd64)
# Problematic frame:
# C  [lwjgl_nuklear.dll+0x1cbad]
#
# No core dump will be written. Minidumps are not enabled by default on client versions of Windows
#
# If you would like to submit a bug report, please visit:
#   https://github.com/corretto/corretto-17/issues/
# The crash happened outside the Java Virtual Machine in native code.
# See problematic frame for where to report the bug.
#

---------------  S U M M A R Y ------------

Command Line: -javaagent:C:\Program Files\JetBrains\IntelliJ IDEA Community Edition 2024.1\lib\idea_rt.jar=49184:C:\Program Files\JetBrains\IntelliJ IDEA Community Edition 2024.1\bin -Dfile.encoding=UTF-8 com.xbuilders.Main devmode loadWorldOnStartup

Host: Intel(R) Core(TM) i5-3570K CPU @ 3.40GHz, 4 cores, 15G,  Windows 10 , 64 bit Build 19041 (10.0.19041.4717)
Time: Sat Feb 22 15:40:25 2025 Mountain Standard Time elapsed time: 13.514210 seconds (0d 0h 0m 13s)

---------------  T H R E A D  ---------------

Current thread (0x000002142d158710):  JavaThread "main" [_thread_in_native, id=24996, stack(0x0000004997700000,0x0000004997800000)]

Stack: [0x0000004997700000,0x0000004997800000],  sp=0x00000049977fea20,  free space=1018k
Native frames: (J=compiled Java code, j=interpreted, Vv=VM code, C=native code)
C  [lwjgl_nuklear.dll+0x1cbad]

Java frames: (J=compiled Java code, j=interpreted, Vv=VM code)
j  org.lwjgl.nuklear.Nuklear.nnk_group_end(J)V+0
j  org.lwjgl.nuklear.Nuklear.nk_group_end(Lorg/lwjgl/nuklear/NkContext;)V+4
j  com.xbuilders.content.vanilla.ui.UI_RecipeIndex.drawWindow(Lorg/lwjgl/system/MemoryStack;Lorg/lwjgl/nuklear/NkRect;)V+240
j  com.xbuilders.engine.client.visuals.gameScene.items.UI_ItemWindow.draw(Lorg/lwjgl/system/MemoryStack;)V+157
j  com.xbuilders.content.vanilla.ui.GameMenus.draw(Lorg/lwjgl/system/MemoryStack;)Z+38
j  com.xbuilders.content.vanilla.XbuildersGame.uiDraw(Lorg/lwjgl/system/MemoryStack;)Z+5
j  com.xbuilders.engine.client.visuals.gameScene.GameUI.draw()V+101
j  com.xbuilders.engine.client.visuals.gameScene.GameScene.render()V+197
j  com.xbuilders.engine.client.ClientWindow.render()V+15
j  com.xbuilders.engine.client.ClientWindow.<init>([Ljava/lang/String;)V+316
j  com.xbuilders.Main.main([Ljava/lang/String;)V+5
v  ~StubRoutines::call_stub

siginfo: EXCEPTION_ACCESS_VIOLATION (0xc0000005), reading address 0x0000000000000044


Registers:
RAX=0x00000049977fea50, RBX=0x0000021495db92c0, RCX=0x0000000000000000, RDX=0x0000000000000010
RSP=0x00000049977fea20, RBP=0x00000049977feb20, RSI=0x00000214a1c20810, RDI=0x00000214a1c20210
R8 =0x00000000000000c8, R9 =0x00000000000000e0, R10=0x00007ffa475d0000, R11=0x00007ffa4760c511
R12=0x0000000000000000, R13=0x0000021492041c90, R14=0x00000214a1c20878, R15=0x0000000000000000
RIP=0x00007ffa475ecbad, EFLAGS=0x0000000000010202


Register to memory mapping:

RIP=0x00007ffa475ecbad lwjgl_nuklear.dll
RAX=0x00000049977fea50 is pointing into the stack for thread: 0x000002142d158710
RBX=0x0000021495db92c0 points into unknown readable memory: 0x0000000000000000 | 00 00 00 00 00 00 00 00
RCX=0x0 is NULL
RDX=0x0000000000000010 is an unknown value
RSP=0x00000049977fea20 is pointing into the stack for thread: 0x000002142d158710
RBP=0x00000049977feb20 is pointing into the stack for thread: 0x000002142d158710
RSI=0x00000214a1c20810 points into unknown readable memory: 0x584c654900000116 | 16 01 00 00 49 65 4c 58
RDI=0x00000214a1c20210 points into unknown readable memory: 0x0000046800000001 | 01 00 00 00 68 04 00 00
R8 =0x00000000000000c8 is an unknown value
R9 =0x00000000000000e0 is an unknown value
R10=0x00007ffa475d0000 lwjgl_nuklear.dll
R11=0x00007ffa4760c511 lwjgl_nuklear.dll
R12=0x0 is NULL
R13={method} {0x0000021492041c98} 'nnk_group_end' '(J)V' in 'org/lwjgl/nuklear/Nuklear'
R14=0x00000214a1c20878 points into unknown readable memory: 0x0000021495dbb5f0 | f0 b5 db 95 14 02 00 00
R15=0x0 is NULL


Top of Stack: (sp=0x00000049977fea20)
0x00000049977fea20:   000002149150c8a0 00000049977fea28
0x00000049977fea30:   0000000000000000 00000049977fea98
0x00000049977fea40:   00000214920a0000 0000000000000000
0x00000049977fea50:   0000000000000000 0000000000000000
0x00000049977fea60:   0000000000000000 0000000000000000
0x00000049977fea70:   0000000000000000 0000000000000000
0x00000049977fea80:   0000000000000000 0000000000000000
0x00000049977fea90:   0000000000000000 4311000000000468
0x00000049977feaa0:   441d800042b40000 0000000044070000
0x00000049977feab0:   0000000000000000 0000021495dbb5f0
0x00000049977feac0:   42e8000043150000 44008000441b8000
0x00000049977fead0:   0000000000000001 0000000000000000
0x00000049977feae0:   0000000000000000 0000000000000bc8
0x00000049977feaf0:   0000000000000ba8 00000214a1c20210
0x00000049977feb00:   0000000000000000 0000000000000000
0x00000049977feb10:   0000000000000000 0000000000000000
0x00000049977feb20:   0000000000000000 0000000000000000
0x00000049977feb30:   0000000000000000 0000000000000000
0x00000049977feb40:   0000000000000000 0000000000000000
0x00000049977feb50:   0000000000000000 0000000000000000
0x00000049977feb60:   0000000000000000 0000000000000000
0x00000049977feb70:   0000000000000000 0000000000000000
0x00000049977feb80:   0000000000000000 0000000000000000
0x00000049977feb90:   0000000000000000 0000000000000000
0x00000049977feba0:   0000000000000000 0000000000000000
0x00000049977febb0:   0000000000000000 0000000000000000
0x00000049977febc0:   0000000000000000 0000000000000000
0x00000049977febd0:   0000000000000000 0000000000000000
0x00000049977febe0:   0000000000000000 0000000000000000
0x00000049977febf0:   0000000000000000 0000000000000000
0x00000049977fec00:   0000000000000000 0000000000000000
0x00000049977fec10:   0000000000000000 0000000000000000 

Instructions: (pc=0x00007ffa475ecbad)
0x00007ffa475ecaad:   f3 0f 10 6f 08 f3 0f 5c ee f3 0f 11 6c 24 7c f3
0x00007ffa475ecabd:   0f 58 5f 10 f3 0f 11 5d 84 f3 0f 10 57 14 f3 0f
0x00007ffa475ecacd:   58 57 38 f3 0f 58 57 60 f3 0f 11 55 88 f6 47 04
0x00007ffa475ecadd:   01 74 3f f3 0f 5c 6f 3c f3 0f 11 6c 24 7c f3 0f
0x00007ffa475ecaed:   5c 67 3c f3 0f 11 65 80 f3 0f 10 47 3c f3 0f 58
0x00007ffa475ecafd:   c0 f3 0f 58 c3 f3 0f 11 45 84 0f 28 d8 f3 0f 10
0x00007ffa475ecb0d:   4f 3c f3 0f 58 c9 f3 0f 58 ca f3 0f 11 4d 88 0f
0x00007ffa475ecb1d:   28 d1 f6 47 04 20 75 1a f3 0f 58 9b e4 22 00 00
0x00007ffa475ecb2d:   f3 0f 58 93 e8 22 00 00 f3 0f 11 5d 84 f3 0f 11
0x00007ffa475ecb3d:   55 88 48 8b 47 18 4c 8d 76 68 44 0f 28 cd f3 0f
0x00007ffa475ecb4d:   58 dd f3 0f 58 d4 44 0f 28 d4 8b 08 89 4d 8c 48
0x00007ffa475ecb5d:   8b 47 20 f3 0f 58 d6 0f 57 f6 8b 08 89 4d 90 8b
0x00007ffa475ecb6d:   47 04 89 44 24 78 48 8d 44 24 30 41 0f 10 06 0f
0x00007ffa475ecb7d:   11 45 98 41 0f 10 4e 10 0f 11 4d a8 41 0f 10 46
0x00007ffa475ecb8d:   20 0f 11 45 b8 41 0f 10 4e 30 48 89 7d d8 48 89
0x00007ffa475ecb9d:   b5 00 01 00 00 0f 11 4d c8 48 89 83 b8 45 00 00
0x00007ffa475ecbad:   f3 45 0f 10 47 44 f3 41 0f 10 7f 48 f3 45 0f 5f
0x00007ffa475ecbbd:   c8 f3 45 0f 58 47 4c f3 44 0f 5f d7 f3 41 0f 58
0x00007ffa475ecbcd:   7f 50 f3 44 0f 5d c3 f3 0f 5d fa f3 45 0f 5c c1
0x00007ffa475ecbdd:   f3 41 0f 5c fa 44 0f 2f c6 77 04 45 0f 57 c0 0f
0x00007ffa475ecbed:   2f fe 77 03 0f 57 ff ba 01 00 00 00 f3 44 0f 11
0x00007ffa475ecbfd:   4d a0 48 8d 4d 98 f3 44 0f 11 55 a4 f3 44 0f 11
0x00007ffa475ecc0d:   45 a8 f3 0f 11 7d ac 44 8d 42 1f e8 b3 6f fe ff
0x00007ffa475ecc1d:   48 8b d0 48 85 c0 74 2c f3 41 0f 2c c9 f3 44 0f
0x00007ffa475ecc2d:   5f c6 66 89 48 18 f3 0f 5f fe f3 41 0f 2c ca 66
0x00007ffa475ecc3d:   89 48 1a f3 41 0f 2c c8 66 89 48 1c f3 0f 2c c7
0x00007ffa475ecc4d:   66 89 42 1e 48 8b 83 b8 45 00 00 48 85 c0 74 43
0x00007ffa475ecc5d:   48 8b 88 a8 00 00 00 48 85 c9 74 2c 83 39 01 75
0x00007ffa475ecc6d:   09 f7 40 48 00 20 00 00 75 1e 48 8b cb e8 d1 a9
0x00007ffa475ecc7d:   ff ff 48 8b 93 b8 45 00 00 48 8b cb 48 8b 92 a8
0x00007ffa475ecc8d:   00 00 00 e8 9b 95 ff ff 48 c7 83 b8 45 00 00 00
0x00007ffa475ecc9d:   00 00 00 0f 10 45 98 41 0f 11 06 0f 10 4d a8 41 


Stack slot to memory mapping:
stack at sp + 0 slots: 0x000002149150c8a0 is pointing into metadata
stack at sp + 1 slots: 0x00000049977fea28 is pointing into the stack for thread: 0x000002142d158710
stack at sp + 2 slots: 0x0 is NULL
stack at sp + 3 slots: 0x00000049977fea98 is pointing into the stack for thread: 0x000002142d158710
stack at sp + 4 slots: 0x00000214920a0000 is pointing into metadata
stack at sp + 5 slots: 0x0 is NULL
stack at sp + 6 slots: 0x0 is NULL
stack at sp + 7 slots: 0x0 is NULL


---------------  P R O C E S S  ---------------

Threads class SMR info:
_java_thread_list=0x00000214b9e35100, length=30, elements={
0x000002142d158710, 0x000002144f917cb0, 0x000002144f9191e0, 0x000002144f926880,
0x000002144f927510, 0x000002144f929590, 0x000002144f92a600, 0x000002144f92e790,
0x000002144fa49ca0, 0x000002144faa74a0, 0x000002144fb1d450, 0x0000021495245160,
0x0000021495245640, 0x000002149587aa70, 0x00000214959069e0, 0x000002149616e560,
0x000002149616bce0, 0x000002149616d120, 0x000002149616c1f0, 0x000002149616c700,
0x000002149616cc10, 0x000002149616d630, 0x000002149616db40, 0x000002149616e050,
0x00000214963e0ec0, 0x00000214963e3230, 0x00000214963dff90, 0x00000214963e2810,
0x00000214963e3740, 0x00000214963e4670
}

Java Threads: ( => current thread )
=>0x000002142d158710 JavaThread "main" [_thread_in_native, id=24996, stack(0x0000004997700000,0x0000004997800000)]
  0x000002144f917cb0 JavaThread "Reference Handler" daemon [_thread_blocked, id=5388, stack(0x0000004997e00000,0x0000004997f00000)]
  0x000002144f9191e0 JavaThread "Finalizer" daemon [_thread_blocked, id=1956, stack(0x0000004997f00000,0x0000004998000000)]
  0x000002144f926880 JavaThread "Signal Dispatcher" daemon [_thread_blocked, id=20904, stack(0x0000004998000000,0x0000004998100000)]
  0x000002144f927510 JavaThread "Attach Listener" daemon [_thread_blocked, id=24436, stack(0x0000004998100000,0x0000004998200000)]
  0x000002144f929590 JavaThread "Service Thread" daemon [_thread_blocked, id=25324, stack(0x0000004998200000,0x0000004998300000)]
  0x000002144f92a600 JavaThread "Monitor Deflation Thread" daemon [_thread_blocked, id=18832, stack(0x0000004998300000,0x0000004998400000)]
  0x000002144f92e790 JavaThread "C2 CompilerThread0" daemon [_thread_blocked, id=19780, stack(0x0000004998400000,0x0000004998500000)]
  0x000002144fa49ca0 JavaThread "C1 CompilerThread0" daemon [_thread_blocked, id=11572, stack(0x0000004998500000,0x0000004998600000)]
  0x000002144faa74a0 JavaThread "Sweeper thread" daemon [_thread_blocked, id=22392, stack(0x0000004998600000,0x0000004998700000)]
  0x000002144fb1d450 JavaThread "Common-Cleaner" daemon [_thread_blocked, id=10736, stack(0x0000004998700000,0x0000004998800000)]
  0x0000021495245160 JavaThread "Monitor Ctrl-Break" daemon [_thread_in_native, id=6348, stack(0x0000004998900000,0x0000004998a00000)]
  0x0000021495245640 JavaThread "Notification Thread" daemon [_thread_blocked, id=6560, stack(0x0000004998a00000,0x0000004998b00000)]
  0x000002149587aa70 JavaThread "Java2D Disposer" daemon [_thread_blocked, id=19540, stack(0x0000004998f00000,0x0000004999000000)]
  0x00000214959069e0 JavaThread "AWT-Windows" daemon [_thread_in_native, id=15528, stack(0x0000004999100000,0x0000004999200000)]
  0x000002149616e560 JavaThread "Generation Thread" daemon [_thread_blocked, id=3704, stack(0x0000004999f00000,0x000000499a000000)]
  0x000002149616bce0 JavaThread "Generation Thread" daemon [_thread_blocked, id=19484, stack(0x000000499a000000,0x000000499a100000)]
  0x000002149616d120 JavaThread "Generation Thread" daemon [_thread_blocked, id=25392, stack(0x000000499a100000,0x000000499a200000)]
  0x000002149616c1f0 JavaThread "Generation Thread" daemon [_thread_blocked, id=11688, stack(0x000000499a200000,0x000000499a300000)]
  0x000002149616c700 JavaThread "Generation Thread" daemon [_thread_blocked, id=15712, stack(0x000000499a300000,0x000000499a400000)]
  0x000002149616cc10 JavaThread "Generation Thread" daemon [_thread_blocked, id=10280, stack(0x000000499a400000,0x000000499a500000)]
  0x000002149616d630 JavaThread "Generation Thread" daemon [_thread_blocked, id=24844, stack(0x000000499a500000,0x000000499a600000)]
  0x000002149616db40 JavaThread "Generation Thread" daemon [_thread_blocked, id=13976, stack(0x000000499a600000,0x000000499a700000)]
  0x000002149616e050 JavaThread "Generation Thread" daemon [_thread_blocked, id=19084, stack(0x000000499a700000,0x000000499a800000)]
  0x00000214963e0ec0 JavaThread "Generation Thread" daemon [_thread_blocked, id=25108, stack(0x000000499a800000,0x000000499a900000)]
  0x00000214963e3230 JavaThread "Generation Thread" daemon [_thread_blocked, id=18952, stack(0x000000499a900000,0x000000499aa00000)]
  0x00000214963dff90 JavaThread "Generation Thread" daemon [_thread_blocked, id=9896, stack(0x000000499aa00000,0x000000499ab00000)]
  0x00000214963e2810 JavaThread "Light Thread" daemon [_thread_blocked, id=22656, stack(0x000000499ab00000,0x000000499ac00000)]
  0x00000214963e3740 JavaThread "Mesh Thread" daemon [_thread_blocked, id=1400, stack(0x000000499ac00000,0x000000499ad00000)]
  0x00000214963e4670 JavaThread "Timer-0" [_thread_blocked, id=24884, stack(0x0000004999b00000,0x0000004999c00000)]

Other Threads:
  0x000002144f911d30 VMThread "VM Thread" [stack: 0x0000004997d00000,0x0000004997e00000] [id=19860]
  0x000002149523bd60 WatcherThread [stack: 0x0000004998b00000,0x0000004998c00000] [id=18868]
  0x000002142d1c3f40 GCTaskThread "GC Thread#0" [stack: 0x0000004997800000,0x0000004997900000] [id=20528]
  0x000002149526c9f0 GCTaskThread "GC Thread#1" [stack: 0x0000004998c00000,0x0000004998d00000] [id=17704]
  0x00000214955d02b0 GCTaskThread "GC Thread#2" [stack: 0x0000004998d00000,0x0000004998e00000] [id=24668]
  0x00000214955d0570 GCTaskThread "GC Thread#3" [stack: 0x0000004998e00000,0x0000004998f00000] [id=22620]
  0x000002142d1d4cb0 ConcurrentGCThread "G1 Main Marker" [stack: 0x0000004997900000,0x0000004997a00000] [id=20056]
  0x000002142d1d5ec0 ConcurrentGCThread "G1 Conc#0" [stack: 0x0000004997a00000,0x0000004997b00000] [id=8956]
  0x000002142d1fcff0 ConcurrentGCThread "G1 Refine#0" [stack: 0x0000004997b00000,0x0000004997c00000] [id=12576]
  0x0000021495185be0 ConcurrentGCThread "G1 Refine#1" [stack: 0x0000004999e00000,0x0000004999f00000] [id=14524]
  0x000002142d1fd930 ConcurrentGCThread "G1 Service" [stack: 0x0000004997c00000,0x0000004997d00000] [id=10256]

Threads with active compile tasks:

VM state: not at safepoint (normal execution)

VM Mutex/Monitor currently owned by a thread: None

Heap address: 0x0000000700e00000, size: 4082 MB, Compressed Oops mode: Zero based, Oop shift amount: 3

CDS archive(s) mapped at: [0x0000021450000000-0x0000021450bb0000-0x0000021450bb0000), size 12255232, SharedBaseAddress: 0x0000021450000000, ArchiveRelocationMode: 1.
Compressed class space mapped at: 0x0000021451000000-0x0000021491000000, reserved size: 1073741824
Narrow klass base: 0x0000021450000000, Narrow klass shift: 0, Narrow klass range: 0x100000000

GC Precious Log:
 CPUs: 4 total, 4 available
 Memory: 16327M
 Large Page Support: Disabled
 NUMA Support: Disabled
 Compressed Oops: Enabled (Zero based)
 Heap Region Size: 2M
 Heap Min Capacity: 8M
 Heap Initial Capacity: 256M
 Heap Max Capacity: 4082M
 Pre-touch: Disabled
 Parallel Workers: 4
 Concurrent Workers: 1
 Concurrent Refinement Workers: 4
 Periodic GC: Disabled

Heap:
 garbage-first heap   total 374784K, used 159216K [0x0000000700e00000, 0x0000000800000000)
  region size 2048K, 27 young (55296K), 1 survivors (2048K)
 Metaspace       used 33753K, committed 34112K, reserved 1114112K
  class space    used 3211K, committed 3392K, reserved 1048576K

Heap Regions: E=young(eden), S=young(survivor), O=old, HS=humongous(starts), HC=humongous(continues), CS=collection set, F=free, OA=open archive, CA=closed archive, TAMS=top-at-mark-start (previous, next)
|   0|0x0000000700e00000, 0x0000000701000000, 0x0000000701000000|100%| O|  |TAMS 0x0000000701000000, 0x0000000700e00000| Untracked 
|   1|0x0000000701000000, 0x00000007011bf970, 0x0000000701200000| 87%| O|  |TAMS 0x00000007011bf970, 0x0000000701000000| Untracked 
|   2|0x0000000701200000, 0x0000000701400000, 0x0000000701400000|100%| O|  |TAMS 0x0000000701400000, 0x0000000701200000| Untracked 
|   3|0x0000000701400000, 0x0000000701600000, 0x0000000701600000|100%| O|  |TAMS 0x0000000701600000, 0x0000000701400000| Untracked 
|   4|0x0000000701600000, 0x0000000701800000, 0x0000000701800000|100%| O|  |TAMS 0x0000000701800000, 0x0000000701600000| Untracked 
|   5|0x0000000701800000, 0x00000007019e49d0, 0x0000000701a00000| 94%| O|  |TAMS 0x00000007019e49d0, 0x0000000701800000| Untracked 
|   6|0x0000000701a00000, 0x0000000701c00000, 0x0000000701c00000|100%| O|  |TAMS 0x0000000701c00000, 0x0000000701a00000| Untracked 
|   7|0x0000000701c00000, 0x0000000701e00000, 0x0000000701e00000|100%| O|  |TAMS 0x0000000701e00000, 0x0000000701c00000| Untracked 
|   8|0x0000000701e00000, 0x0000000702000000, 0x0000000702000000|100%| O|  |TAMS 0x0000000702000000, 0x0000000701e00000| Untracked 
|   9|0x0000000702000000, 0x0000000702200000, 0x0000000702200000|100%| O|  |TAMS 0x0000000702200000, 0x0000000702000000| Untracked 
|  10|0x0000000702200000, 0x0000000702400000, 0x0000000702400000|100%| O|  |TAMS 0x0000000702400000, 0x0000000702200000| Untracked 
|  11|0x0000000702400000, 0x0000000702600000, 0x0000000702600000|100%| O|  |TAMS 0x0000000702600000, 0x0000000702400000| Untracked 
|  12|0x0000000702600000, 0x0000000702800000, 0x0000000702800000|100%| O|  |TAMS 0x0000000702600000, 0x0000000702600000| Untracked 
|  13|0x0000000702800000, 0x0000000702a00000, 0x0000000702a00000|100%| O|  |TAMS 0x0000000702a00000, 0x0000000702800000| Untracked 
|  14|0x0000000702a00000, 0x0000000702c00000, 0x0000000702c00000|100%| O|  |TAMS 0x0000000702c00000, 0x0000000702a00000| Untracked 
|  15|0x0000000702c00000, 0x0000000702e00000, 0x0000000702e00000|100%| O|  |TAMS 0x0000000702e00000, 0x0000000702c00000| Untracked 
|  16|0x0000000702e00000, 0x0000000703000000, 0x0000000703000000|100%| O|  |TAMS 0x0000000703000000, 0x0000000702e00000| Untracked 
|  17|0x0000000703000000, 0x0000000703200000, 0x0000000703200000|100%| O|  |TAMS 0x0000000703200000, 0x0000000703000000| Untracked 
|  18|0x0000000703200000, 0x0000000703400000, 0x0000000703400000|100%| O|  |TAMS 0x0000000703400000, 0x0000000703200000| Untracked 
|  19|0x0000000703400000, 0x0000000703600000, 0x0000000703600000|100%| O|  |TAMS 0x0000000703600000, 0x0000000703400000| Untracked 
|  20|0x0000000703600000, 0x0000000703800000, 0x0000000703800000|100%| O|  |TAMS 0x0000000703800000, 0x0000000703600000| Untracked 
|  21|0x0000000703800000, 0x0000000703a00000, 0x0000000703a00000|100%| O|  |TAMS 0x0000000703a00000, 0x0000000703800000| Untracked 
|  22|0x0000000703a00000, 0x0000000703c00000, 0x0000000703c00000|100%| O|  |TAMS 0x0000000703c00000, 0x0000000703a00000| Untracked 
|  23|0x0000000703c00000, 0x0000000703e00000, 0x0000000703e00000|100%| O|  |TAMS 0x0000000703e00000, 0x0000000703c00000| Untracked 
|  24|0x0000000703e00000, 0x0000000704000000, 0x0000000704000000|100%| O|  |TAMS 0x0000000704000000, 0x0000000703e00000| Untracked 
|  25|0x0000000704000000, 0x0000000704200000, 0x0000000704200000|100%| O|  |TAMS 0x0000000704200000, 0x0000000704000000| Untracked 
|  26|0x0000000704200000, 0x0000000704400000, 0x0000000704400000|100%| O|  |TAMS 0x0000000704400000, 0x0000000704200000| Untracked 
|  27|0x0000000704400000, 0x0000000704600000, 0x0000000704600000|100%| O|  |TAMS 0x0000000704600000, 0x0000000704400000| Untracked 
|  28|0x0000000704600000, 0x0000000704800000, 0x0000000704800000|100%| O|  |TAMS 0x0000000704800000, 0x0000000704600000| Untracked 
|  29|0x0000000704800000, 0x0000000704a00000, 0x0000000704a00000|100%| O|  |TAMS 0x0000000704a00000, 0x0000000704800000| Untracked 
|  30|0x0000000704a00000, 0x0000000704c00000, 0x0000000704c00000|100%| O|  |TAMS 0x0000000704a00000, 0x0000000704a00000| Untracked 
|  31|0x0000000704c00000, 0x0000000704e00000, 0x0000000704e00000|100%| O|  |TAMS 0x0000000704c00000, 0x0000000704c00000| Untracked 
|  32|0x0000000704e00000, 0x0000000705000000, 0x0000000705000000|100%| O|  |TAMS 0x0000000704e00000, 0x0000000704e00000| Untracked 
|  33|0x0000000705000000, 0x0000000705200000, 0x0000000705200000|100%| O|  |TAMS 0x0000000705000000, 0x0000000705000000| Untracked 
|  34|0x0000000705200000, 0x0000000705400000, 0x0000000705400000|100%| O|  |TAMS 0x0000000705400000, 0x0000000705200000| Untracked 
|  35|0x0000000705400000, 0x0000000705600000, 0x0000000705600000|100%| O|  |TAMS 0x0000000705600000, 0x0000000705400000| Untracked 
|  36|0x0000000705600000, 0x0000000705800000, 0x0000000705800000|100%| O|  |TAMS 0x0000000705800000, 0x0000000705600000| Untracked 
|  37|0x0000000705800000, 0x0000000705a00000, 0x0000000705a00000|100%| O|  |TAMS 0x0000000705a00000, 0x0000000705800000| Untracked 
|  38|0x0000000705a00000, 0x0000000705c00000, 0x0000000705c00000|100%| O|  |TAMS 0x0000000705a61600, 0x0000000705a00000| Untracked 
|  39|0x0000000705c00000, 0x0000000705e00000, 0x0000000705e00000|100%| O|  |TAMS 0x0000000705c00000, 0x0000000705c00000| Untracked 
|  40|0x0000000705e00000, 0x0000000706000000, 0x0000000706000000|100%| O|  |TAMS 0x0000000705e00000, 0x0000000705e00000| Untracked 
|  41|0x0000000706000000, 0x0000000706200000, 0x0000000706200000|100%| O|  |TAMS 0x0000000706000000, 0x0000000706000000| Untracked 
|  42|0x0000000706200000, 0x0000000706400000, 0x0000000706400000|100%| O|  |TAMS 0x0000000706200000, 0x0000000706200000| Untracked 
|  43|0x0000000706400000, 0x0000000706600000, 0x0000000706600000|100%| O|  |TAMS 0x0000000706400000, 0x0000000706400000| Untracked 
|  44|0x0000000706600000, 0x0000000706800000, 0x0000000706800000|100%| O|  |TAMS 0x0000000706600000, 0x0000000706600000| Untracked 
|  45|0x0000000706800000, 0x0000000706a00000, 0x0000000706a00000|100%| O|  |TAMS 0x0000000706800000, 0x0000000706800000| Untracked 
|  46|0x0000000706a00000, 0x0000000706bd7e00, 0x0000000706c00000| 92%| O|  |TAMS 0x0000000706a00000, 0x0000000706a00000| Untracked 
|  47|0x0000000706c00000, 0x0000000706c00000, 0x0000000706e00000|  0%| F|  |TAMS 0x0000000706c00000, 0x0000000706c00000| Untracked 
|  48|0x0000000706e00000, 0x0000000706e00000, 0x0000000707000000|  0%| F|  |TAMS 0x0000000706e00000, 0x0000000706e00000| Untracked 
|  49|0x0000000707000000, 0x0000000707000000, 0x0000000707200000|  0%| F|  |TAMS 0x0000000707000000, 0x0000000707000000| Untracked 
|  50|0x0000000707200000, 0x0000000707200000, 0x0000000707400000|  0%| F|  |TAMS 0x0000000707200000, 0x0000000707200000| Untracked 
|  51|0x0000000707400000, 0x0000000707400000, 0x0000000707600000|  0%| F|  |TAMS 0x0000000707400000, 0x0000000707400000| Untracked 
|  52|0x0000000707600000, 0x0000000707600000, 0x0000000707800000|  0%| F|  |TAMS 0x0000000707600000, 0x0000000707600000| Untracked 
|  53|0x0000000707800000, 0x0000000707800000, 0x0000000707a00000|  0%| F|  |TAMS 0x0000000707800000, 0x0000000707800000| Untracked 
|  54|0x0000000707a00000, 0x0000000707a00000, 0x0000000707c00000|  0%| F|  |TAMS 0x0000000707a00000, 0x0000000707a00000| Untracked 
|  55|0x0000000707c00000, 0x0000000707c00000, 0x0000000707e00000|  0%| F|  |TAMS 0x0000000707c00000, 0x0000000707c00000| Untracked 
|  56|0x0000000707e00000, 0x0000000707e00000, 0x0000000708000000|  0%| F|  |TAMS 0x0000000707e00000, 0x0000000707e00000| Untracked 
|  57|0x0000000708000000, 0x0000000708000000, 0x0000000708200000|  0%| F|  |TAMS 0x0000000708000000, 0x0000000708000000| Untracked 
|  58|0x0000000708200000, 0x0000000708200000, 0x0000000708400000|  0%| F|  |TAMS 0x0000000708200000, 0x0000000708200000| Untracked 
|  59|0x0000000708400000, 0x0000000708400000, 0x0000000708600000|  0%| F|  |TAMS 0x0000000708400000, 0x0000000708400000| Untracked 
|  60|0x0000000708600000, 0x0000000708600000, 0x0000000708800000|  0%| F|  |TAMS 0x0000000708600000, 0x0000000708600000| Untracked 
|  61|0x0000000708800000, 0x0000000708800000, 0x0000000708a00000|  0%| F|  |TAMS 0x0000000708800000, 0x0000000708800000| Untracked 
|  62|0x0000000708a00000, 0x0000000708a00000, 0x0000000708c00000|  0%| F|  |TAMS 0x0000000708a00000, 0x0000000708a00000| Untracked 
|  63|0x0000000708c00000, 0x0000000708c00000, 0x0000000708e00000|  0%| F|  |TAMS 0x0000000708c00000, 0x0000000708c00000| Untracked 
|  64|0x0000000708e00000, 0x0000000708e00000, 0x0000000709000000|  0%| F|  |TAMS 0x0000000708e00000, 0x0000000708e00000| Untracked 
|  65|0x0000000709000000, 0x0000000709000000, 0x0000000709200000|  0%| F|  |TAMS 0x0000000709000000, 0x0000000709000000| Untracked 
|  66|0x0000000709200000, 0x0000000709200000, 0x0000000709400000|  0%| F|  |TAMS 0x0000000709200000, 0x0000000709200000| Untracked 
|  67|0x0000000709400000, 0x0000000709400000, 0x0000000709600000|  0%| F|  |TAMS 0x0000000709400000, 0x0000000709400000| Untracked 
|  68|0x0000000709600000, 0x0000000709600000, 0x0000000709800000|  0%| F|  |TAMS 0x0000000709600000, 0x0000000709600000| Untracked 
|  69|0x0000000709800000, 0x0000000709800000, 0x0000000709a00000|  0%| F|  |TAMS 0x0000000709800000, 0x0000000709800000| Untracked 
|  70|0x0000000709a00000, 0x0000000709a00000, 0x0000000709c00000|  0%| F|  |TAMS 0x0000000709a00000, 0x0000000709a00000| Untracked 
|  71|0x0000000709c00000, 0x0000000709c00000, 0x0000000709e00000|  0%| F|  |TAMS 0x0000000709c00000, 0x0000000709c00000| Untracked 
|  72|0x0000000709e00000, 0x0000000709e00000, 0x000000070a000000|  0%| F|  |TAMS 0x0000000709e00000, 0x0000000709e00000| Untracked 
|  73|0x000000070a000000, 0x000000070a000000, 0x000000070a200000|  0%| F|  |TAMS 0x000000070a000000, 0x000000070a000000| Untracked 
|  74|0x000000070a200000, 0x000000070a200000, 0x000000070a400000|  0%| F|  |TAMS 0x000000070a200000, 0x000000070a200000| Untracked 
|  75|0x000000070a400000, 0x000000070a400000, 0x000000070a600000|  0%| F|  |TAMS 0x000000070a400000, 0x000000070a400000| Untracked 
|  76|0x000000070a600000, 0x000000070a600000, 0x000000070a800000|  0%| F|  |TAMS 0x000000070a600000, 0x000000070a600000| Untracked 
|  77|0x000000070a800000, 0x000000070a800000, 0x000000070aa00000|  0%| F|  |TAMS 0x000000070a800000, 0x000000070a800000| Untracked 
|  78|0x000000070aa00000, 0x000000070aa00000, 0x000000070ac00000|  0%| F|  |TAMS 0x000000070aa00000, 0x000000070aa00000| Untracked 
|  79|0x000000070ac00000, 0x000000070ac00000, 0x000000070ae00000|  0%| F|  |TAMS 0x000000070ac00000, 0x000000070ac00000| Untracked 
|  80|0x000000070ae00000, 0x000000070ae00000, 0x000000070b000000|  0%| F|  |TAMS 0x000000070ae00000, 0x000000070ae00000| Untracked 
|  81|0x000000070b000000, 0x000000070b000000, 0x000000070b200000|  0%| F|  |TAMS 0x000000070b000000, 0x000000070b000000| Untracked 
|  82|0x000000070b200000, 0x000000070b200000, 0x000000070b400000|  0%| F|  |TAMS 0x000000070b200000, 0x000000070b200000| Untracked 
|  83|0x000000070b400000, 0x000000070b400000, 0x000000070b600000|  0%| F|  |TAMS 0x000000070b400000, 0x000000070b400000| Untracked 
|  84|0x000000070b600000, 0x000000070b600000, 0x000000070b800000|  0%| F|  |TAMS 0x000000070b600000, 0x000000070b600000| Untracked 
|  85|0x000000070b800000, 0x000000070b800000, 0x000000070ba00000|  0%| F|  |TAMS 0x000000070b800000, 0x000000070b800000| Untracked 
|  86|0x000000070ba00000, 0x000000070ba00000, 0x000000070bc00000|  0%| F|  |TAMS 0x000000070ba00000, 0x000000070ba00000| Untracked 
|  87|0x000000070bc00000, 0x000000070bc00000, 0x000000070be00000|  0%| F|  |TAMS 0x000000070bc00000, 0x000000070bc00000| Untracked 
|  88|0x000000070be00000, 0x000000070c000000, 0x000000070c000000|100%| S|CS|TAMS 0x000000070be00000, 0x000000070be00000| Complete 
|  89|0x000000070c000000, 0x000000070c000000, 0x000000070c200000|  0%| F|  |TAMS 0x000000070c000000, 0x000000070c000000| Untracked 
|  90|0x000000070c200000, 0x000000070c200000, 0x000000070c400000|  0%| F|  |TAMS 0x000000070c200000, 0x000000070c200000| Untracked 
|  91|0x000000070c400000, 0x000000070c400000, 0x000000070c600000|  0%| F|  |TAMS 0x000000070c400000, 0x000000070c400000| Untracked 
|  92|0x000000070c600000, 0x000000070c600000, 0x000000070c800000|  0%| F|  |TAMS 0x000000070c600000, 0x000000070c600000| Untracked 
|  93|0x000000070c800000, 0x000000070c800000, 0x000000070ca00000|  0%| F|  |TAMS 0x000000070c800000, 0x000000070c800000| Untracked 
|  94|0x000000070ca00000, 0x000000070ca00000, 0x000000070cc00000|  0%| F|  |TAMS 0x000000070ca00000, 0x000000070ca00000| Untracked 
|  95|0x000000070cc00000, 0x000000070cc00000, 0x000000070ce00000|  0%| F|  |TAMS 0x000000070cc00000, 0x000000070cc00000| Untracked 
|  96|0x000000070ce00000, 0x000000070ce00000, 0x000000070d000000|  0%| F|  |TAMS 0x000000070ce00000, 0x000000070ce00000| Untracked 
|  97|0x000000070d000000, 0x000000070d000000, 0x000000070d200000|  0%| F|  |TAMS 0x000000070d000000, 0x000000070d000000| Untracked 
|  98|0x000000070d200000, 0x000000070d200000, 0x000000070d400000|  0%| F|  |TAMS 0x000000070d200000, 0x000000070d200000| Untracked 
|  99|0x000000070d400000, 0x000000070d400000, 0x000000070d600000|  0%| F|  |TAMS 0x000000070d400000, 0x000000070d400000| Untracked 
| 100|0x000000070d600000, 0x000000070d600000, 0x000000070d800000|  0%| F|  |TAMS 0x000000070d600000, 0x000000070d600000| Untracked 
| 101|0x000000070d800000, 0x000000070d800000, 0x000000070da00000|  0%| F|  |TAMS 0x000000070d800000, 0x000000070d800000| Untracked 
| 102|0x000000070da00000, 0x000000070da00000, 0x000000070dc00000|  0%| F|  |TAMS 0x000000070da00000, 0x000000070da00000| Untracked 
| 103|0x000000070dc00000, 0x000000070dc00000, 0x000000070de00000|  0%| F|  |TAMS 0x000000070dc00000, 0x000000070dc00000| Untracked 
| 104|0x000000070de00000, 0x000000070de00000, 0x000000070e000000|  0%| F|  |TAMS 0x000000070de00000, 0x000000070de00000| Untracked 
| 105|0x000000070e000000, 0x000000070e000000, 0x000000070e200000|  0%| F|  |TAMS 0x000000070e000000, 0x000000070e000000| Untracked 
| 106|0x000000070e200000, 0x000000070e200000, 0x000000070e400000|  0%| F|  |TAMS 0x000000070e200000, 0x000000070e200000| Untracked 
| 107|0x000000070e400000, 0x000000070e400000, 0x000000070e600000|  0%| F|  |TAMS 0x000000070e400000, 0x000000070e400000| Untracked 
| 108|0x000000070e600000, 0x000000070e600000, 0x000000070e800000|  0%| F|  |TAMS 0x000000070e600000, 0x000000070e600000| Untracked 
| 109|0x000000070e800000, 0x000000070e800000, 0x000000070ea00000|  0%| F|  |TAMS 0x000000070e800000, 0x000000070e800000| Untracked 
| 110|0x000000070ea00000, 0x000000070ea00000, 0x000000070ec00000|  0%| F|  |TAMS 0x000000070ea00000, 0x000000070ea00000| Untracked 
| 111|0x000000070ec00000, 0x000000070ec00000, 0x000000070ee00000|  0%| F|  |TAMS 0x000000070ec00000, 0x000000070ec00000| Untracked 
| 112|0x000000070ee00000, 0x000000070ee00000, 0x000000070f000000|  0%| F|  |TAMS 0x000000070ee00000, 0x000000070ee00000| Untracked 
| 113|0x000000070f000000, 0x000000070f000000, 0x000000070f200000|  0%| F|  |TAMS 0x000000070f000000, 0x000000070f000000| Untracked 
| 114|0x000000070f200000, 0x000000070f200000, 0x000000070f400000|  0%| F|  |TAMS 0x000000070f200000, 0x000000070f200000| Untracked 
| 115|0x000000070f400000, 0x000000070f400000, 0x000000070f600000|  0%| F|  |TAMS 0x000000070f400000, 0x000000070f400000| Untracked 
| 116|0x000000070f600000, 0x000000070f600000, 0x000000070f800000|  0%| F|  |TAMS 0x000000070f600000, 0x000000070f600000| Untracked 
| 117|0x000000070f800000, 0x000000070f800000, 0x000000070fa00000|  0%| F|  |TAMS 0x000000070f800000, 0x000000070f800000| Untracked 
| 118|0x000000070fa00000, 0x000000070fa00000, 0x000000070fc00000|  0%| F|  |TAMS 0x000000070fa00000, 0x000000070fa00000| Untracked 
| 119|0x000000070fc00000, 0x000000070fc00000, 0x000000070fe00000|  0%| F|  |TAMS 0x000000070fc00000, 0x000000070fc00000| Untracked 
| 120|0x000000070fe00000, 0x000000070fe00000, 0x0000000710000000|  0%| F|  |TAMS 0x000000070fe00000, 0x000000070fe00000| Untracked 
| 121|0x0000000710000000, 0x0000000710000000, 0x0000000710200000|  0%| F|  |TAMS 0x0000000710000000, 0x0000000710000000| Untracked 
| 122|0x0000000710200000, 0x0000000710200000, 0x0000000710400000|  0%| F|  |TAMS 0x0000000710200000, 0x0000000710200000| Untracked 
| 123|0x0000000710400000, 0x0000000710400000, 0x0000000710600000|  0%| F|  |TAMS 0x0000000710400000, 0x0000000710400000| Untracked 
| 124|0x0000000710600000, 0x0000000710600000, 0x0000000710800000|  0%| F|  |TAMS 0x0000000710600000, 0x0000000710600000| Untracked 
| 125|0x0000000710800000, 0x0000000710800000, 0x0000000710a00000|  0%| F|  |TAMS 0x0000000710800000, 0x0000000710800000| Untracked 
| 126|0x0000000710a00000, 0x0000000710a00000, 0x0000000710c00000|  0%| F|  |TAMS 0x0000000710a00000, 0x0000000710a00000| Untracked 
| 127|0x0000000710c00000, 0x0000000710c00000, 0x0000000710e00000|  0%| F|  |TAMS 0x0000000710c00000, 0x0000000710c00000| Untracked 
| 128|0x0000000710e00000, 0x0000000710e00000, 0x0000000711000000|  0%| F|  |TAMS 0x0000000710e00000, 0x0000000710e00000| Untracked 
| 129|0x0000000711000000, 0x0000000711000000, 0x0000000711200000|  0%| F|  |TAMS 0x0000000711000000, 0x0000000711000000| Untracked 
| 130|0x0000000711200000, 0x0000000711200000, 0x0000000711400000|  0%| F|  |TAMS 0x0000000711200000, 0x0000000711200000| Untracked 
| 131|0x0000000711400000, 0x0000000711400000, 0x0000000711600000|  0%| F|  |TAMS 0x0000000711400000, 0x0000000711400000| Untracked 
| 132|0x0000000711600000, 0x0000000711600000, 0x0000000711800000|  0%| F|  |TAMS 0x0000000711600000, 0x0000000711600000| Untracked 
| 133|0x0000000711800000, 0x0000000711800000, 0x0000000711a00000|  0%| F|  |TAMS 0x0000000711800000, 0x0000000711800000| Untracked 
| 134|0x0000000711a00000, 0x0000000711a00000, 0x0000000711c00000|  0%| F|  |TAMS 0x0000000711a00000, 0x0000000711a00000| Untracked 
| 135|0x0000000711c00000, 0x0000000711c00000, 0x0000000711e00000|  0%| F|  |TAMS 0x0000000711c00000, 0x0000000711c00000| Untracked 
| 136|0x0000000711e00000, 0x0000000711e00000, 0x0000000712000000|  0%| F|  |TAMS 0x0000000711e00000, 0x0000000711e00000| Untracked 
| 137|0x0000000712000000, 0x0000000712000000, 0x0000000712200000|  0%| F|  |TAMS 0x0000000712000000, 0x0000000712000000| Untracked 
| 138|0x0000000712200000, 0x0000000712200000, 0x0000000712400000|  0%| F|  |TAMS 0x0000000712200000, 0x0000000712200000| Untracked 
| 139|0x0000000712400000, 0x0000000712400000, 0x0000000712600000|  0%| F|  |TAMS 0x0000000712400000, 0x0000000712400000| Untracked 
| 140|0x0000000712600000, 0x0000000712600000, 0x0000000712800000|  0%| F|  |TAMS 0x0000000712600000, 0x0000000712600000| Untracked 
| 141|0x0000000712800000, 0x0000000712800000, 0x0000000712a00000|  0%| F|  |TAMS 0x0000000712800000, 0x0000000712800000| Untracked 
| 142|0x0000000712a00000, 0x0000000712a00000, 0x0000000712c00000|  0%| F|  |TAMS 0x0000000712a00000, 0x0000000712a00000| Untracked 
| 143|0x0000000712c00000, 0x0000000712c00000, 0x0000000712e00000|  0%| F|  |TAMS 0x0000000712c00000, 0x0000000712c00000| Untracked 
| 144|0x0000000712e00000, 0x0000000712e00000, 0x0000000713000000|  0%| F|  |TAMS 0x0000000712e00000, 0x0000000712e00000| Untracked 
| 145|0x0000000713000000, 0x0000000713000000, 0x0000000713200000|  0%| F|  |TAMS 0x0000000713000000, 0x0000000713000000| Untracked 
| 146|0x0000000713200000, 0x0000000713200000, 0x0000000713400000|  0%| F|  |TAMS 0x0000000713200000, 0x0000000713200000| Untracked 
| 147|0x0000000713400000, 0x0000000713400000, 0x0000000713600000|  0%| F|  |TAMS 0x0000000713400000, 0x0000000713400000| Untracked 
| 148|0x0000000713600000, 0x0000000713600000, 0x0000000713800000|  0%| F|  |TAMS 0x0000000713600000, 0x0000000713600000| Untracked 
| 149|0x0000000713800000, 0x0000000713800000, 0x0000000713a00000|  0%| F|  |TAMS 0x0000000713800000, 0x0000000713800000| Untracked 
| 150|0x0000000713a00000, 0x0000000713a00000, 0x0000000713c00000|  0%| F|  |TAMS 0x0000000713a00000, 0x0000000713a00000| Untracked 
| 151|0x0000000713c00000, 0x0000000713c00000, 0x0000000713e00000|  0%| F|  |TAMS 0x0000000713c00000, 0x0000000713c00000| Untracked 
| 152|0x0000000713e00000, 0x0000000713fec050, 0x0000000714000000| 96%| E|  |TAMS 0x0000000713e00000, 0x0000000713e00000| Complete 
| 153|0x0000000714000000, 0x0000000714200000, 0x0000000714200000|100%| E|CS|TAMS 0x0000000714000000, 0x0000000714000000| Complete 
| 154|0x0000000714200000, 0x0000000714400000, 0x0000000714400000|100%| E|CS|TAMS 0x0000000714200000, 0x0000000714200000| Complete 
| 155|0x0000000714400000, 0x0000000714600000, 0x0000000714600000|100%| E|CS|TAMS 0x0000000714400000, 0x0000000714400000| Complete 
| 156|0x0000000714600000, 0x0000000714800000, 0x0000000714800000|100%| E|CS|TAMS 0x0000000714600000, 0x0000000714600000| Complete 
| 157|0x0000000714800000, 0x0000000714a00000, 0x0000000714a00000|100%| E|CS|TAMS 0x0000000714800000, 0x0000000714800000| Complete 
| 158|0x0000000714a00000, 0x0000000714c00000, 0x0000000714c00000|100%| E|CS|TAMS 0x0000000714a00000, 0x0000000714a00000| Complete 
| 159|0x0000000714c00000, 0x0000000714e00000, 0x0000000714e00000|100%| E|CS|TAMS 0x0000000714c00000, 0x0000000714c00000| Complete 
| 160|0x0000000714e00000, 0x0000000715000000, 0x0000000715000000|100%| E|CS|TAMS 0x0000000714e00000, 0x0000000714e00000| Complete 
| 161|0x0000000715000000, 0x0000000715200000, 0x0000000715200000|100%| E|CS|TAMS 0x0000000715000000, 0x0000000715000000| Complete 
| 162|0x0000000715200000, 0x0000000715400000, 0x0000000715400000|100%| E|CS|TAMS 0x0000000715200000, 0x0000000715200000| Complete 
| 163|0x0000000715400000, 0x0000000715600000, 0x0000000715600000|100%| E|CS|TAMS 0x0000000715400000, 0x0000000715400000| Complete 
| 164|0x0000000715600000, 0x0000000715800000, 0x0000000715800000|100%| E|CS|TAMS 0x0000000715600000, 0x0000000715600000| Complete 
| 165|0x0000000715800000, 0x0000000715a00000, 0x0000000715a00000|100%| E|CS|TAMS 0x0000000715800000, 0x0000000715800000| Complete 
| 166|0x0000000715a00000, 0x0000000715c00000, 0x0000000715c00000|100%| E|CS|TAMS 0x0000000715a00000, 0x0000000715a00000| Complete 
| 167|0x0000000715c00000, 0x0000000715e00000, 0x0000000715e00000|100%| E|CS|TAMS 0x0000000715c00000, 0x0000000715c00000| Complete 
| 168|0x0000000715e00000, 0x0000000716000000, 0x0000000716000000|100%| E|CS|TAMS 0x0000000715e00000, 0x0000000715e00000| Complete 
| 169|0x0000000716000000, 0x0000000716200000, 0x0000000716200000|100%| E|CS|TAMS 0x0000000716000000, 0x0000000716000000| Complete 
| 170|0x0000000716200000, 0x0000000716400000, 0x0000000716400000|100%| E|CS|TAMS 0x0000000716200000, 0x0000000716200000| Complete 
| 171|0x0000000716400000, 0x0000000716600000, 0x0000000716600000|100%| E|CS|TAMS 0x0000000716400000, 0x0000000716400000| Complete 
| 172|0x0000000716600000, 0x0000000716800000, 0x0000000716800000|100%| E|CS|TAMS 0x0000000716600000, 0x0000000716600000| Complete 
| 173|0x0000000716800000, 0x0000000716a00000, 0x0000000716a00000|100%| E|CS|TAMS 0x0000000716800000, 0x0000000716800000| Complete 
| 174|0x0000000716a00000, 0x0000000716c00000, 0x0000000716c00000|100%| E|CS|TAMS 0x0000000716a00000, 0x0000000716a00000| Complete 
| 175|0x0000000716c00000, 0x0000000716e00000, 0x0000000716e00000|100%| E|CS|TAMS 0x0000000716c00000, 0x0000000716c00000| Complete 
| 176|0x0000000716e00000, 0x0000000717000000, 0x0000000717000000|100%| E|CS|TAMS 0x0000000716e00000, 0x0000000716e00000| Complete 
| 177|0x0000000717000000, 0x0000000717200000, 0x0000000717200000|100%| E|CS|TAMS 0x0000000717000000, 0x0000000717000000| Complete 
|2036|0x00000007ff600000, 0x00000007ff800000, 0x00000007ff800000|100%| O|  |TAMS 0x00000007ff800000, 0x00000007ff600000| Untracked 
|2037|0x00000007ff800000, 0x00000007ffa00000, 0x00000007ffa00000|100%| O|  |TAMS 0x00000007ffa00000, 0x00000007ff800000| Untracked 
|2038|0x00000007ffa00000, 0x00000007ffc00000, 0x00000007ffc00000|100%| O|  |TAMS 0x00000007ffc00000, 0x00000007ffa00000| Untracked 
|2039|0x00000007ffc00000, 0x00000007ffe00000, 0x00000007ffe00000|100%| O|  |TAMS 0x00000007ffe00000, 0x00000007ffc00000| Untracked 
|2040|0x00000007ffe00000, 0x0000000800000000, 0x0000000800000000|100%| O|  |TAMS 0x0000000800000000, 0x00000007ffe00000| Untracked 

Card table byte_map: [0x0000021444460000,0x0000021444c60000] _byte_map_base: 0x0000021440c59000

Marking Bits (Prev, Next): (CMBitMap*) 0x000002142d1c4470, (CMBitMap*) 0x000002142d1c44b0
 Prev Bits: [0x0000021445460000, 0x0000021449428000)
 Next Bits: [0x0000021449430000, 0x000002144d3f8000)

Polling page: 0x000002142c900000

Metaspace:

Usage:
  Non-class:     29.83 MB used.
      Class:      3.14 MB used.
       Both:     32.96 MB used.

Virtual space:
  Non-class space:       64.00 MB reserved,      30.00 MB ( 47%) committed,  1 nodes.
      Class space:        1.00 GB reserved,       3.31 MB ( <1%) committed,  1 nodes.
             Both:        1.06 GB reserved,      33.31 MB (  3%) committed. 

Chunk freelists:
   Non-Class:  1.95 MB
       Class:  12.63 MB
        Both:  14.58 MB

MaxMetaspaceSize: unlimited
CompressedClassSpaceSize: 1.00 GB
Initial GC threshold: 21.00 MB
Current GC threshold: 54.06 MB
CDS: on
MetaspaceReclaimPolicy: balanced
 - commit_granule_bytes: 65536.
 - commit_granule_words: 8192.
 - virtual_space_node_default_size: 8388608.
 - enlarge_chunks_in_place: 1.
 - new_chunks_are_fully_committed: 0.
 - uncommit_free_chunks: 1.
 - use_allocation_guard: 0.
 - handle_deallocations: 1.


Internal statistics:

num_allocs_failed_limit: 3.
num_arena_births: 482.
num_arena_deaths: 0.
num_vsnodes_births: 2.
num_vsnodes_deaths: 0.
num_space_committed: 531.
num_space_uncommitted: 0.
num_chunks_returned_to_freelist: 3.
num_chunks_taken_from_freelist: 1237.
num_chunk_merges: 0.
num_chunk_splits: 842.
num_chunks_enlarged: 609.
num_inconsistent_stats: 0.

CodeHeap 'non-profiled nmethods': size=120000Kb used=3280Kb max_used=3280Kb free=116719Kb
 bounds [0x000002143c730000, 0x000002143ca70000, 0x0000021443c60000]
CodeHeap 'profiled nmethods': size=120000Kb used=8830Kb max_used=8830Kb free=111170Kb
 bounds [0x0000021434c60000, 0x0000021435500000, 0x000002143c190000]
CodeHeap 'non-nmethods': size=5760Kb used=2032Kb max_used=2073Kb free=3727Kb
 bounds [0x000002143c190000, 0x000002143c400000, 0x000002143c730000]
 total_blobs=6316 nmethods=4734 adapters=1494
 compilation: enabled
              stopped_count=0, restarted_count=0
 full_count=0

Compilation events (20 events):
Event: 13.485 Thread 0x000002144fa49ca0 nmethod 5517 0x00000214354f6b10 code [0x00000214354f6cc0, 0x00000214354f6fc8]
Event: 13.485 Thread 0x000002144fa49ca0 5518       3       java.util.ArrayList::indexOf (11 bytes)
Event: 13.486 Thread 0x000002144fa49ca0 nmethod 5518 0x00000214354f7090 code [0x00000214354f7220, 0x00000214354f73e8]
Event: 13.486 Thread 0x000002144fa49ca0 5520       3       java.io.BufferedWriter::min (9 bytes)
Event: 13.486 Thread 0x000002144fa49ca0 nmethod 5520 0x00000214354f7490 code [0x00000214354f7620, 0x00000214354f7798]
Event: 13.486 Thread 0x000002144f92e790 nmethod 5516 0x000002143ca62710 code [0x000002143ca628a0, 0x000002143ca62cd8]
Event: 13.486 Thread 0x000002144fa49ca0 5522       3       java.lang.invoke.TypeConvertingMethodAdapter::cast (42 bytes)
Event: 13.487 Thread 0x000002144fa49ca0 nmethod 5522 0x00000214354f7810 code [0x00000214354f7a00, 0x00000214354f7e88]
Event: 13.487 Thread 0x000002144fa49ca0 5523   !   3       java.lang.invoke.BoundMethodHandle$Species_L::copyWithExtendL (31 bytes)
Event: 13.487 Thread 0x000002144fa49ca0 nmethod 5523 0x00000214354f8010 code [0x00000214354f8240, 0x00000214354f8d88]
Event: 13.487 Thread 0x000002144fa49ca0 5524       3       java.lang.invoke.ClassSpecializer$SpeciesData::transformHelper (56 bytes)
Event: 13.488 Thread 0x000002144fa49ca0 nmethod 5524 0x00000214354f9090 code [0x00000214354f9320, 0x00000214354fa3a8]
Event: 13.488 Thread 0x000002144fa49ca0 5525       3       java.lang.invoke.MethodHandles::argumentsWithCombiner (130 bytes)
Event: 13.488 Thread 0x000002144fa49ca0 nmethod 5525 0x00000214354fa810 code [0x00000214354faac0, 0x00000214354fb998]
Event: 13.489 Thread 0x000002144fa49ca0 5529       3       java.lang.invoke.StringConcatFactory::parseRecipe (198 bytes)
Event: 13.491 Thread 0x000002144fa49ca0 nmethod 5529 0x00000214354fc010 code [0x00000214354fc480, 0x00000214354fe9d8]
Event: 13.491 Thread 0x000002144fa49ca0 5528       1       java.lang.invoke.MethodHandleImpl$AsVarargsCollector::getTarget (5 bytes)
Event: 13.491 Thread 0x000002144fa49ca0 nmethod 5528 0x000002143ca63810 code [0x000002143ca639a0, 0x000002143ca63a78]
Event: 13.499 Thread 0x000002144f92e790 5530       4       org.lwjgl.system.MemoryUtil::merge (9 bytes)
Event: 13.499 Thread 0x000002144f92e790 nmethod 5530 0x000002143ca63b10 code [0x000002143ca63c80, 0x000002143ca63cf8]

GC Heap History (20 events):
Event: 7.651 GC heap before
{Heap before GC invocations=19 (full 0):
 garbage-first heap   total 40960K, used 30790K [0x0000000700e00000, 0x0000000800000000)
  region size 2048K, 11 young (22528K), 1 survivors (2048K)
 Metaspace       used 25245K, committed 25536K, reserved 1114112K
  class space    used 2384K, committed 2496K, reserved 1048576K
}
Event: 7.656 GC heap after
{Heap after GC invocations=20 (full 0):
 garbage-first heap   total 40960K, used 13513K [0x0000000700e00000, 0x0000000800000000)
  region size 2048K, 2 young (4096K), 2 survivors (4096K)
 Metaspace       used 25245K, committed 25536K, reserved 1114112K
  class space    used 2384K, committed 2496K, reserved 1048576K
}
Event: 8.301 GC heap before
{Heap before GC invocations=20 (full 0):
 garbage-first heap   total 40960K, used 29897K [0x0000000700e00000, 0x0000000800000000)
  region size 2048K, 10 young (20480K), 2 survivors (4096K)
 Metaspace       used 32603K, committed 32960K, reserved 1114112K
  class space    used 3115K, committed 3264K, reserved 1048576K
}
Event: 8.308 GC heap after
{Heap after GC invocations=21 (full 0):
 garbage-first heap   total 40960K, used 16145K [0x0000000700e00000, 0x0000000800000000)
  region size 2048K, 2 young (4096K), 2 survivors (4096K)
 Metaspace       used 32603K, committed 32960K, reserved 1114112K
  class space    used 3115K, committed 3264K, reserved 1048576K
}
Event: 8.366 GC heap before
{Heap before GC invocations=21 (full 0):
 garbage-first heap   total 40960K, used 16145K [0x0000000700e00000, 0x0000000800000000)
  region size 2048K, 3 young (6144K), 2 survivors (4096K)
 Metaspace       used 32688K, committed 33024K, reserved 1114112K
  class space    used 3128K, committed 3264K, reserved 1048576K
}
Event: 8.387 GC heap after
{Heap after GC invocations=22 (full 1):
 garbage-first heap   total 40960K, used 16016K [0x0000000700e00000, 0x0000000800000000)
  region size 2048K, 0 young (0K), 0 survivors (0K)
 Metaspace       used 32688K, committed 33024K, reserved 1114112K
  class space    used 3128K, committed 3264K, reserved 1048576K
}
Event: 8.437 GC heap before
{Heap before GC invocations=22 (full 1):
 garbage-first heap   total 40960K, used 30352K [0x0000000700e00000, 0x0000000800000000)
  region size 2048K, 8 young (16384K), 0 survivors (0K)
 Metaspace       used 32883K, committed 33152K, reserved 1114112K
  class space    used 3148K, committed 3264K, reserved 1048576K
}
Event: 8.443 GC heap after
{Heap after GC invocations=23 (full 1):
 garbage-first heap   total 49152K, used 31279K [0x0000000700e00000, 0x0000000800000000)
  region size 2048K, 1 young (2048K), 1 survivors (2048K)
 Metaspace       used 32883K, committed 33152K, reserved 1114112K
  class space    used 3148K, committed 3264K, reserved 1048576K
}
Event: 8.517 GC heap before
{Heap before GC invocations=23 (full 1):
 garbage-first heap   total 49152K, used 33327K [0x0000000700e00000, 0x0000000800000000)
  region size 2048K, 2 young (4096K), 1 survivors (2048K)
 Metaspace       used 32933K, committed 33216K, reserved 1114112K
  class space    used 3150K, committed 3264K, reserved 1048576K
}
Event: 8.519 GC heap after
{Heap after GC invocations=24 (full 1):
 garbage-first heap   total 155648K, used 31810K [0x0000000700e00000, 0x0000000800000000)
  region size 2048K, 1 young (2048K), 1 survivors (2048K)
 Metaspace       used 32933K, committed 33216K, reserved 1114112K
  class space    used 3150K, committed 3264K, reserved 1048576K
}
Event: 8.731 GC heap before
{Heap before GC invocations=25 (full 1):
 garbage-first heap   total 137216K, used 87106K [0x0000000700e00000, 0x0000000800000000)
  region size 2048K, 29 young (59392K), 1 survivors (2048K)
 Metaspace       used 33027K, committed 33344K, reserved 1114112K
  class space    used 3150K, committed 3264K, reserved 1048576K
}
Event: 8.743 GC heap after
{Heap after GC invocations=26 (full 1):
 garbage-first heap   total 139264K, used 76993K [0x0000000700e00000, 0x0000000800000000)
  region size 2048K, 4 young (8192K), 4 survivors (8192K)
 Metaspace       used 33027K, committed 33344K, reserved 1114112K
  class space    used 3150K, committed 3264K, reserved 1048576K
}
Event: 8.745 GC heap before
{Heap before GC invocations=26 (full 1):
 garbage-first heap   total 139264K, used 76993K [0x0000000700e00000, 0x0000000800000000)
  region size 2048K, 5 young (10240K), 4 survivors (8192K)
 Metaspace       used 33027K, committed 33344K, reserved 1114112K
  class space    used 3150K, committed 3264K, reserved 1048576K
}
Event: 8.748 GC heap after
{Heap after GC invocations=27 (full 1):
 garbage-first heap   total 139264K, used 79894K [0x0000000700e00000, 0x0000000800000000)
  region size 2048K, 1 young (2048K), 1 survivors (2048K)
 Metaspace       used 33027K, committed 33344K, reserved 1114112K
  class space    used 3150K, committed 3264K, reserved 1048576K
}
Event: 8.775 GC heap before
{Heap before GC invocations=27 (full 1):
 garbage-first heap   total 139264K, used 96278K [0x0000000700e00000, 0x0000000800000000)
  region size 2048K, 9 young (18432K), 1 survivors (2048K)
 Metaspace       used 33039K, committed 33344K, reserved 1114112K
  class space    used 3150K, committed 3264K, reserved 1048576K
}
Event: 8.778 GC heap after
{Heap after GC invocations=28 (full 1):
 garbage-first heap   total 139264K, used 96353K [0x0000000700e00000, 0x0000000800000000)
  region size 2048K, 2 young (4096K), 2 survivors (4096K)
 Metaspace       used 33039K, committed 33344K, reserved 1114112K
  class space    used 3150K, committed 3264K, reserved 1048576K
}
Event: 8.788 GC heap before
{Heap before GC invocations=28 (full 1):
 garbage-first heap   total 139264K, used 100449K [0x0000000700e00000, 0x0000000800000000)
  region size 2048K, 5 young (10240K), 2 survivors (4096K)
 Metaspace       used 33039K, committed 33344K, reserved 1114112K
  class space    used 3150K, committed 3264K, reserved 1048576K
}
Event: 8.790 GC heap after
{Heap after GC invocations=29 (full 1):
 garbage-first heap   total 139264K, used 103439K [0x0000000700e00000, 0x0000000800000000)
  region size 2048K, 1 young (2048K), 1 survivors (2048K)
 Metaspace       used 33039K, committed 33344K, reserved 1114112K
  class space    used 3150K, committed 3264K, reserved 1048576K
}
Event: 8.795 GC heap before
{Heap before GC invocations=29 (full 1):
 garbage-first heap   total 139264K, used 105487K [0x0000000700e00000, 0x0000000800000000)
  region size 2048K, 3 young (6144K), 1 survivors (2048K)
 Metaspace       used 33039K, committed 33344K, reserved 1114112K
  class space    used 3150K, committed 3264K, reserved 1048576K
}
Event: 8.797 GC heap after
{Heap after GC invocations=30 (full 1):
 garbage-first heap   total 374784K, used 108016K [0x0000000700e00000, 0x0000000800000000)
  region size 2048K, 1 young (2048K), 1 survivors (2048K)
 Metaspace       used 33039K, committed 33344K, reserved 1114112K
  class space    used 3150K, committed 3264K, reserved 1048576K
}

Dll operation events (17 events):
Event: 0.009 Loaded shared library C:\Users\Samuel.Walker-1\.jdks\corretto-17.0.11\bin\java.dll
Event: 0.029 Loaded shared library C:\Users\Samuel.Walker-1\.jdks\corretto-17.0.11\bin\jsvml.dll
Event: 0.156 Loaded shared library C:\Users\Samuel.Walker-1\.jdks\corretto-17.0.11\bin\zip.dll
Event: 0.158 Loaded shared library C:\Users\Samuel.Walker-1\.jdks\corretto-17.0.11\bin\instrument.dll
Event: 0.164 Loaded shared library C:\Users\Samuel.Walker-1\.jdks\corretto-17.0.11\bin\net.dll
Event: 0.165 Loaded shared library C:\Users\Samuel.Walker-1\.jdks\corretto-17.0.11\bin\nio.dll
Event: 0.169 Loaded shared library C:\Users\Samuel.Walker-1\.jdks\corretto-17.0.11\bin\zip.dll
Event: 0.277 Loaded shared library C:\Program Files\JetBrains\IntelliJ IDEA Community Edition 2024.1\bin\breakgen64.dll
Event: 0.293 Loaded shared library C:\Users\Samuel.Walker-1\.jdks\corretto-17.0.11\bin\extnet.dll
Event: 0.328 Loaded shared library C:\Users\Samuel.Walker-1\.jdks\corretto-17.0.11\bin\jimage.dll
Event: 0.352 Loaded shared library C:\Users\Samuel.Walker-1\AppData\Local\Temp\lwjgl_Samuel\3.3.2+13\x64\lwjgl.dll
Event: 0.503 Loaded shared library C:\Users\Samuel.Walker-1\.jdks\corretto-17.0.11\bin\awt.dll
Event: 0.837 Loaded shared library C:\Users\Samuel.Walker-1\.jdks\corretto-17.0.11\bin\verify.dll
Event: 1.559 Loaded shared library C:\Users\Samuel.Walker-1\AppData\Local\Temp\lwjgl_Samuel\3.3.2+13\x64\lwjgl_opengl.dll
Event: 1.679 Loaded shared library C:\Users\Samuel.Walker-1\AppData\Local\Temp\lwjgl_Samuel\3.3.2+13\x64\lwjgl_nuklear.dll
Event: 1.707 Loaded shared library C:\Users\Samuel.Walker-1\AppData\Local\Temp\lwjgl_Samuel\3.3.2+13\x64\lwjgl_stb.dll
Event: 7.929 Loaded shared library C:\Users\Samuel.Walker-1\.jdks\corretto-17.0.11\bin\sunmscapi.dll

Deoptimization events (20 events):
Event: 13.013 Thread 0x00000214963e4670 DEOPT PACKING pc=0x00000214354cc5aa sp=0x0000004999bff370
Event: 13.013 Thread 0x00000214963e4670 DEOPT UNPACKING pc=0x000002143c1e7143 sp=0x0000004999bfe880 mode 0
Event: 13.015 Thread 0x00000214963e4670 DEOPT PACKING pc=0x00000214354cc5aa sp=0x0000004999bff370
Event: 13.015 Thread 0x00000214963e4670 DEOPT UNPACKING pc=0x000002143c1e7143 sp=0x0000004999bfe880 mode 0
Event: 13.016 Thread 0x00000214963e4670 DEOPT PACKING pc=0x00000214354cc5aa sp=0x0000004999bff370
Event: 13.016 Thread 0x00000214963e4670 DEOPT UNPACKING pc=0x000002143c1e7143 sp=0x0000004999bfe880 mode 0
Event: 13.017 Thread 0x00000214963e4670 DEOPT PACKING pc=0x00000214354cc5aa sp=0x0000004999bff370
Event: 13.017 Thread 0x00000214963e4670 DEOPT UNPACKING pc=0x000002143c1e7143 sp=0x0000004999bfe880 mode 0
Event: 13.018 Thread 0x00000214963e4670 DEOPT PACKING pc=0x00000214354cc5aa sp=0x0000004999bff370
Event: 13.018 Thread 0x00000214963e4670 DEOPT UNPACKING pc=0x000002143c1e7143 sp=0x0000004999bfe880 mode 0
Event: 13.020 Thread 0x00000214963e4670 DEOPT PACKING pc=0x00000214354cc5aa sp=0x0000004999bff370
Event: 13.020 Thread 0x00000214963e4670 DEOPT UNPACKING pc=0x000002143c1e7143 sp=0x0000004999bfe880 mode 0
Event: 13.499 Thread 0x000002142d158710 Uncommon trap: trap_request=0xffffff66 fr.pc=0x000002143ca52778 relative=0x0000000000000058
Event: 13.499 Thread 0x000002142d158710 Uncommon trap: reason=speculate_class_check action=maybe_recompile pc=0x000002143ca52778 method=java.lang.invoke.Invokers$Holder.linkToTargetMethod(Ljava/lang/Object;ILjava/lang/Object;)Ljava/lang/Object; @ 1 c2
Event: 13.499 Thread 0x000002142d158710 DEOPT PACKING pc=0x000002143ca52778 sp=0x00000049977feaa0
Event: 13.499 Thread 0x000002142d158710 DEOPT UNPACKING pc=0x000002143c1e69a3 sp=0x00000049977fea28 mode 2
Event: 13.499 Thread 0x000002142d158710 Uncommon trap: trap_request=0xffffff66 fr.pc=0x000002143ca52778 relative=0x0000000000000058
Event: 13.499 Thread 0x000002142d158710 Uncommon trap: reason=speculate_class_check action=maybe_recompile pc=0x000002143ca52778 method=java.lang.invoke.Invokers$Holder.linkToTargetMethod(Ljava/lang/Object;ILjava/lang/Object;)Ljava/lang/Object; @ 1 c2
Event: 13.499 Thread 0x000002142d158710 DEOPT PACKING pc=0x000002143ca52778 sp=0x00000049977feaa0
Event: 13.499 Thread 0x000002142d158710 DEOPT UNPACKING pc=0x000002143c1e69a3 sp=0x00000049977fea28 mode 2

Classes unloaded (0 events):
No events

Classes redefined (0 events):
No events

Internal exceptions (20 events):
Event: 7.588 Thread 0x000002142d158710 Exception <a 'java/lang/NoSuchMethodError'{0x00000007022f5690}: 'int java.lang.invoke.DirectMethodHandle$Holder.invokeStatic(java.lang.Object, long, int)'> (0x00000007022f5690) 
thrown [s\src\hotspot\share\interpreter\linkResolver.cpp, line 759]
Event: 7.635 Thread 0x000002142d158710 Exception <a 'java/lang/NoSuchMethodError'{0x00000007023b5730}: 'void java.lang.invoke.DirectMethodHandle$Holder.invokeSpecial(java.lang.Object, java.lang.Object, int, int, int, java.lang.Object)'> (0x00000007023b5730) 
thrown [s\src\hotspot\share\interpreter\linkResolver.cpp, line 759]
Event: 7.808 Thread 0x000002142d158710 Exception <a 'sun/nio/fs/WindowsException'{0x000000070be45550}> (0x000000070be45550) 
thrown [s\src\hotspot\share\prims\jni.cpp, line 516]
Event: 7.815 Thread 0x000002142d158710 Exception <a 'java/lang/NoSuchMethodError'{0x000000070be69b30}: 'int java.lang.invoke.DirectMethodHandle$Holder.invokeStatic(java.lang.Object, java.lang.Object, java.lang.Object, java.lang.Object)'> (0x000000070be69b30) 
thrown [s\src\hotspot\share\interpreter\linkResolver.cpp, line 759]
Event: 7.815 Thread 0x000002142d158710 Exception <a 'java/lang/NoSuchMethodError'{0x000000070be6d338}: 'int java.lang.invoke.DirectMethodHandle$Holder.invokeStaticInit(java.lang.Object, java.lang.Object, java.lang.Object, java.lang.Object)'> (0x000000070be6d338) 
thrown [s\src\hotspot\share\interpreter\linkResolver.cpp, line 759]
Event: 7.816 Thread 0x000002142d158710 Exception <a 'java/lang/NoSuchMethodError'{0x000000070be768c8}: 'java.lang.Object java.lang.invoke.DirectMethodHandle$Holder.invokeInterface(java.lang.Object, java.lang.Object)'> (0x000000070be768c8) 
thrown [s\src\hotspot\share\interpreter\linkResolver.cpp, line 759]
Event: 7.816 Thread 0x000002142d158710 Exception <a 'java/lang/IncompatibleClassChangeError'{0x000000070be7a0c0}: Found class java.lang.Object, but interface was expected> (0x000000070be7a0c0) 
thrown [s\src\hotspot\share\interpreter\linkResolver.cpp, line 826]
Event: 7.816 Thread 0x000002142d158710 Exception <a 'java/lang/NoSuchMethodError'{0x000000070be7d390}: 'void java.lang.invoke.DirectMethodHandle$Holder.invokeStaticInit(java.lang.Object, java.lang.Object)'> (0x000000070be7d390) 
thrown [s\src\hotspot\share\interpreter\linkResolver.cpp, line 759]
Event: 7.817 Thread 0x000002142d158710 Exception <a 'java/lang/NoSuchMethodError'{0x000000070be83168}: 'int java.lang.invoke.DirectMethodHandle$Holder.invokeStaticInit(java.lang.Object, java.lang.Object)'> (0x000000070be83168) 
thrown [s\src\hotspot\share\interpreter\linkResolver.cpp, line 759]
Event: 8.104 Thread 0x000002142d158710 Implicit null exception at 0x000002143c7b0d8c to 0x000002143c7b0f4d
Event: 8.289 Thread 0x000002142d158710 Exception <a 'java/lang/NoSuchMethodError'{0x00000007027b0d20}: 'void java.lang.invoke.DirectMethodHandle$Holder.invokeStatic(java.lang.Object, java.lang.Object, java.lang.Object, java.lang.Object)'> (0x00000007027b0d20) 
thrown [s\src\hotspot\share\interpreter\linkResolver.cpp, line 759]
Event: 8.366 Thread 0x000002142d158710 Exception <a 'java/lang/NoSuchMethodError'{0x0000000710c6f740}: 'java.lang.Object java.lang.invoke.DirectMethodHandle$Holder.invokeVirtual(java.lang.Object, java.lang.Object, java.lang.Object, java.lang.Object)'> (0x0000000710c6f740) 
thrown [s\src\hotspot\share\interpreter\linkResolver.cpp, line 759]
Event: 9.349 Thread 0x00000214963e3740 Implicit null exception at 0x000002143c9c73b6 to 0x000002143c9c7441
Event: 11.580 Thread 0x000002142d158710 Exception <a 'java/lang/NoSuchMethodError'{0x000000071443ee28}: 'void java.lang.invoke.DirectMethodHandle$Holder.invokeSpecial(java.lang.Object, java.lang.Object, int, java.lang.Object)'> (0x000000071443ee28) 
thrown [s\src\hotspot\share\interpreter\linkResolver.cpp, line 759]
Event: 11.587 Thread 0x000002142d158710 Exception <a 'java/lang/NoSuchMethodError'{0x0000000714473300}: 'java.lang.Object java.lang.invoke.DirectMethodHandle$Holder.newInvokeSpecial(java.lang.Object, java.lang.Object, java.lang.Object, int)'> (0x0000000714473300) 
thrown [s\src\hotspot\share\interpreter\linkResolver.cpp, line 759]
Event: 11.587 Thread 0x000002142d158710 Exception <a 'java/lang/NoSuchMethodError'{0x0000000714477438}: 'java.lang.Object java.lang.invoke.DirectMethodHandle$Holder.invokeSpecial(java.lang.Object, java.lang.Object, java.lang.Object, java.lang.Object, int)'> (0x0000000714477438) 
thrown [s\src\hotspot\share\interpreter\linkResolver.cpp, line 759]
Event: 11.588 Thread 0x000002142d158710 Exception <a 'java/lang/NoSuchMethodError'{0x000000071447ad58}: 'java.lang.Object java.lang.invoke.Invokers$Holder.linkToTargetMethod(java.lang.Object, java.lang.Object, int, java.lang.Object)'> (0x000000071447ad58) 
thrown [s\src\hotspot\share\interpreter\linkResolver.cpp, line 759]
Event: 11.614 Thread 0x000002142d158710 Exception <a 'java/lang/NoSuchMethodError'{0x00000007144ed7a0}: 'java.lang.Object java.lang.invoke.DirectMethodHandle$Holder.invokeStatic(java.lang.Object, float)'> (0x00000007144ed7a0) 
thrown [s\src\hotspot\share\interpreter\linkResolver.cpp, line 759]
Event: 11.618 Thread 0x000002142d158710 Exception <a 'java/lang/NoSuchMethodError'{0x0000000714528b60}: 'java.lang.Object java.lang.invoke.DirectMethodHandle$Holder.invokeSpecial(java.lang.Object, java.lang.Object, float)'> (0x0000000714528b60) 
thrown [s\src\hotspot\share\interpreter\linkResolver.cpp, line 759]
Event: 13.486 Thread 0x000002142d158710 Exception <a 'java/lang/NoSuchMethodError'{0x0000000713ea6508}: 'void java.lang.invoke.DirectMethodHandle$Holder.invokeStatic(java.lang.Object, java.lang.Object, java.lang.Object)'> (0x0000000713ea6508) 
thrown [s\src\hotspot\share\interpreter\linkResolver.cpp, line 759]

VM Operations (20 events):
Event: 8.795 Executing VM operation: G1CollectForAllocation
Event: 8.797 Executing VM operation: G1CollectForAllocation done
Event: 8.810 Executing VM operation: G1PauseRemark
Event: 8.813 Executing VM operation: G1PauseRemark done
Event: 8.825 Executing VM operation: G1PauseCleanup
Event: 8.825 Executing VM operation: G1PauseCleanup done
Event: 9.840 Executing VM operation: Cleanup
Event: 9.840 Executing VM operation: Cleanup done
Event: 10.841 Executing VM operation: Cleanup
Event: 10.841 Executing VM operation: Cleanup done
Event: 11.538 Executing VM operation: HandshakeAllThreads
Event: 11.539 Executing VM operation: HandshakeAllThreads done
Event: 11.609 Executing VM operation: HandshakeAllThreads
Event: 11.609 Executing VM operation: HandshakeAllThreads done
Event: 11.612 Executing VM operation: HandshakeAllThreads
Event: 11.612 Executing VM operation: HandshakeAllThreads done
Event: 12.623 Executing VM operation: Cleanup
Event: 12.623 Executing VM operation: Cleanup done
Event: 13.485 Executing VM operation: HandshakeAllThreads
Event: 13.485 Executing VM operation: HandshakeAllThreads done

Events (20 events):
Event: 11.609 loading class java/io/UnsupportedEncodingException
Event: 11.609 loading class java/io/UnsupportedEncodingException done
Event: 11.610 loading class java/lang/Math$RandomNumberGeneratorHolder
Event: 11.610 loading class java/lang/Math$RandomNumberGeneratorHolder done
Event: 11.995 Thread 0x00000214b0e22e60 Thread exited: 0x00000214b0e22e60
Event: 12.096 loading class java/awt/MouseInfo
Event: 12.096 loading class java/awt/MouseInfo done
Event: 12.096 loading class sun/awt/windows/WMouseInfoPeer
Event: 12.096 loading class java/awt/peer/MouseInfoPeer
Event: 12.096 loading class java/awt/peer/MouseInfoPeer done
Event: 12.096 loading class sun/awt/windows/WMouseInfoPeer done
Event: 12.096 loading class java/awt/PointerInfo
Event: 12.096 loading class java/awt/PointerInfo done
Event: 13.261 loading class sun/security/ssl/Alert
Event: 13.261 loading class sun/security/ssl/Alert done
Event: 13.262 loading class sun/security/ssl/Alert$AlertConsumer
Event: 13.262 loading class sun/security/ssl/Alert$AlertConsumer done
Event: 13.262 loading class sun/security/ssl/Alert$Level
Event: 13.262 loading class sun/security/ssl/Alert$Level done
Event: 13.268 Thread 0x000002149616b7d0 Thread exited: 0x000002149616b7d0


Dynamic libraries:
0x00007ff7fabc0000 - 0x00007ff7fabce000 	C:\Users\Samuel.Walker-1\.jdks\corretto-17.0.11\bin\java.exe
0x00007ffa711f0000 - 0x00007ffa713e8000 	C:\WINDOWS\SYSTEM32\ntdll.dll
0x00007ffa70d20000 - 0x00007ffa70de1000 	C:\WINDOWS\System32\KERNEL32.DLL
0x00007ffa6eef0000 - 0x00007ffa6f1ed000 	C:\WINDOWS\System32\KERNELBASE.dll
0x00007ffa6eab0000 - 0x00007ffa6ebb0000 	C:\WINDOWS\System32\ucrtbase.dll
0x00007ffa61700000 - 0x00007ffa61717000 	C:\Users\Samuel.Walker-1\.jdks\corretto-17.0.11\bin\jli.dll
0x00007ffa64010000 - 0x00007ffa6402b000 	C:\Users\Samuel.Walker-1\.jdks\corretto-17.0.11\bin\VCRUNTIME140.dll
0x00007ffa70f00000 - 0x00007ffa7109d000 	C:\WINDOWS\System32\USER32.dll
0x00007ffa6ed10000 - 0x00007ffa6ed32000 	C:\WINDOWS\System32\win32u.dll
0x00007ffa703b0000 - 0x00007ffa703db000 	C:\WINDOWS\System32\GDI32.dll
0x00007ffa618c0000 - 0x00007ffa61b5a000 	C:\WINDOWS\WinSxS\amd64_microsoft.windows.common-controls_6595b64144ccf1df_6.0.19041.4355_none_60b8b9eb71f62e16\COMCTL32.dll
0x00007ffa6ed40000 - 0x00007ffa6ee57000 	C:\WINDOWS\System32\gdi32full.dll
0x00007ffa6e8a0000 - 0x00007ffa6e93d000 	C:\WINDOWS\System32\msvcp_win.dll
0x00007ffa706d0000 - 0x00007ffa7076e000 	C:\WINDOWS\System32\msvcrt.dll
0x00007ffa710a0000 - 0x00007ffa710cf000 	C:\WINDOWS\System32\IMM32.DLL
0x00007ffa682d0000 - 0x00007ffa682dc000 	C:\Users\Samuel.Walker-1\.jdks\corretto-17.0.11\bin\vcruntime140_1.dll
0x00007ffa5fc00000 - 0x00007ffa5fc8d000 	C:\Users\Samuel.Walker-1\.jdks\corretto-17.0.11\bin\msvcp140.dll
0x00007ffa11df0000 - 0x00007ffa12a52000 	C:\Users\Samuel.Walker-1\.jdks\corretto-17.0.11\bin\server\jvm.dll
0x00007ffa70e50000 - 0x00007ffa70f00000 	C:\WINDOWS\System32\ADVAPI32.dll
0x00007ffa6f7c0000 - 0x00007ffa6f860000 	C:\WINDOWS\System32\sechost.dll
0x00007ffa6f4f0000 - 0x00007ffa6f613000 	C:\WINDOWS\System32\RPCRT4.dll
0x00007ffa6f1f0000 - 0x00007ffa6f217000 	C:\WINDOWS\System32\bcrypt.dll
0x00007ffa6e320000 - 0x00007ffa6e36b000 	C:\WINDOWS\SYSTEM32\POWRPROF.dll
0x00007ffa596a0000 - 0x00007ffa596a9000 	C:\WINDOWS\SYSTEM32\WSOCK32.dll
0x00007ffa70840000 - 0x00007ffa708ab000 	C:\WINDOWS\System32\WS2_32.dll
0x00007ffa64f20000 - 0x00007ffa64f47000 	C:\WINDOWS\SYSTEM32\WINMM.dll
0x00007ffa69180000 - 0x00007ffa6918a000 	C:\WINDOWS\SYSTEM32\VERSION.dll
0x00007ffa6e210000 - 0x00007ffa6e222000 	C:\WINDOWS\SYSTEM32\UMPDC.dll
0x00007ffa6c700000 - 0x00007ffa6c712000 	C:\WINDOWS\SYSTEM32\kernel.appcore.dll
0x00007ffa64220000 - 0x00007ffa6422a000 	C:\Users\Samuel.Walker-1\.jdks\corretto-17.0.11\bin\jimage.dll
0x00007ffa620d0000 - 0x00007ffa622b4000 	C:\WINDOWS\SYSTEM32\DBGHELP.DLL
0x00007ffa62050000 - 0x00007ffa62084000 	C:\WINDOWS\SYSTEM32\dbgcore.DLL
0x00007ffa6ee60000 - 0x00007ffa6eee2000 	C:\WINDOWS\System32\bcryptPrimitives.dll
0x00007ffa617c0000 - 0x00007ffa617ce000 	C:\Users\Samuel.Walker-1\.jdks\corretto-17.0.11\bin\instrument.dll
0x00007ffa615e0000 - 0x00007ffa61605000 	C:\Users\Samuel.Walker-1\.jdks\corretto-17.0.11\bin\java.dll
0x00007ffa48a80000 - 0x00007ffa48b57000 	C:\Users\Samuel.Walker-1\.jdks\corretto-17.0.11\bin\jsvml.dll
0x00007ffa6f880000 - 0x00007ffa6ffef000 	C:\WINDOWS\System32\SHELL32.dll
0x00007ffa6c900000 - 0x00007ffa6d09f000 	C:\WINDOWS\SYSTEM32\windows.storage.dll
0x00007ffa70050000 - 0x00007ffa703a3000 	C:\WINDOWS\System32\combase.dll
0x00007ffa6e170000 - 0x00007ffa6e19e000 	C:\WINDOWS\SYSTEM32\Wldp.dll
0x00007ffa6f280000 - 0x00007ffa6f34d000 	C:\WINDOWS\System32\OLEAUT32.dll
0x00007ffa70770000 - 0x00007ffa7081d000 	C:\WINDOWS\System32\SHCORE.dll
0x00007ffa6f220000 - 0x00007ffa6f275000 	C:\WINDOWS\System32\shlwapi.dll
0x00007ffa6e7d0000 - 0x00007ffa6e7f4000 	C:\WINDOWS\SYSTEM32\profapi.dll
0x00007ffa61170000 - 0x00007ffa61188000 	C:\Users\Samuel.Walker-1\.jdks\corretto-17.0.11\bin\zip.dll
0x00007ffa616e0000 - 0x00007ffa616f9000 	C:\Users\Samuel.Walker-1\.jdks\corretto-17.0.11\bin\net.dll
0x00007ffa67f80000 - 0x00007ffa6808d000 	C:\WINDOWS\SYSTEM32\WINHTTP.dll
0x00007ffa6df50000 - 0x00007ffa6dfba000 	C:\WINDOWS\system32\mswsock.dll
0x00007ffa61240000 - 0x00007ffa61256000 	C:\Users\Samuel.Walker-1\.jdks\corretto-17.0.11\bin\nio.dll
0x00007ffa61150000 - 0x00007ffa6116a000 	C:\Program Files\JetBrains\IntelliJ IDEA Community Edition 2024.1\bin\breakgen64.dll
0x00007ffa607a0000 - 0x00007ffa607a9000 	C:\Users\Samuel.Walker-1\.jdks\corretto-17.0.11\bin\extnet.dll
0x00007ffa4e8f0000 - 0x00007ffa4e96a000 	C:\Users\Samuel.Walker-1\AppData\Local\Temp\lwjgl_Samuel\3.3.2+13\x64\lwjgl.dll
0x00007ffa3c530000 - 0x00007ffa3c7a0000 	C:\Users\SAMUEL~1.WAL\AppData\Local\Temp\lwjgl_Samuel\3.3.2+13\x64\jemalloc.dll
0x00007ffa3a980000 - 0x00007ffa3ab10000 	C:\Users\Samuel.Walker-1\.jdks\corretto-17.0.11\bin\awt.dll
0x00007ffa6b5e0000 - 0x00007ffa6b674000 	C:\WINDOWS\SYSTEM32\apphelp.dll
0x00007ffa6c400000 - 0x00007ffa6c42f000 	C:\WINDOWS\system32\DWMAPI.DLL
0x00007ffa6c210000 - 0x00007ffa6c2ae000 	C:\WINDOWS\system32\uxtheme.dll
0x00007ffa43a50000 - 0x00007ffa43b78000 	C:\WINDOWS\system32\opengl32.dll
0x00007ffa682e0000 - 0x00007ffa6830c000 	C:\WINDOWS\SYSTEM32\GLU32.dll
0x00007ffa6f3d0000 - 0x00007ffa6f4e4000 	C:\WINDOWS\System32\MSCTF.dll
0x00007ffa6f690000 - 0x00007ffa6f7bb000 	C:\WINDOWS\System32\ole32.dll
0x00007ffa39460000 - 0x00007ffa39630000 	C:\WINDOWS\system32\d3d9.dll
0x00007ffa64f50000 - 0x00007ffa6512b000 	C:\WINDOWS\System32\DriverStore\FileRepository\c0360470.inf_amd64_b06c374aee20d185\B360357\aticfx64.dll
0x00007ffa5b6c0000 - 0x00007ffa5b6f3000 	C:\WINDOWS\System32\DriverStore\FileRepository\c0360470.inf_amd64_b06c374aee20d185\B360357\atiu9p64.dll
0x00007ffa10640000 - 0x00007ffa112d6000 	C:\WINDOWS\System32\DriverStore\FileRepository\c0360470.inf_amd64_b06c374aee20d185\B360357\atiumd64.dll
0x0000000066810000 - 0x0000000067689000 	C:\WINDOWS\System32\DriverStore\FileRepository\c0360470.inf_amd64_b06c374aee20d185\B360357\atiumd6a.dll
0x00007ffa62640000 - 0x00007ffa6266f000 	C:\WINDOWS\SYSTEM32\amdihk64.dll
0x00007ffa68f50000 - 0x00007ffa68f8b000 	C:\WINDOWS\SYSTEM32\dxcore.dll
0x00007ffa6ea60000 - 0x00007ffa6eaae000 	C:\WINDOWS\System32\cfgmgr32.dll
0x00007ffa60170000 - 0x00007ffa60180000 	C:\Users\Samuel.Walker-1\.jdks\corretto-17.0.11\bin\verify.dll
0x00007ffa489f0000 - 0x00007ffa48a72000 	C:\Users\SAMUEL~1.WAL\AppData\Local\Temp\lwjgl_Samuel\3.3.2+13\x64\glfw.dll
0x00007ffa5b5d0000 - 0x00007ffa5b615000 	C:\WINDOWS\SYSTEM32\dinput8.dll
0x00007ffa5fb00000 - 0x00007ffa5fb11000 	C:\WINDOWS\SYSTEM32\xinput1_4.dll
0x00007ffa6e620000 - 0x00007ffa6e653000 	C:\WINDOWS\SYSTEM32\DEVOBJ.dll
0x00007ffa60230000 - 0x00007ffa60382000 	C:\WINDOWS\SYSTEM32\inputhost.dll
0x00007ffa6ad00000 - 0x00007ffa6adf2000 	C:\WINDOWS\SYSTEM32\CoreMessaging.dll
0x00007ffa6b0c0000 - 0x00007ffa6b217000 	C:\WINDOWS\SYSTEM32\wintypes.dll
0x00007ffa6b9f0000 - 0x00007ffa6bae6000 	C:\WINDOWS\SYSTEM32\PROPSYS.dll
0x00007ffa6a850000 - 0x00007ffa6abab000 	C:\WINDOWS\SYSTEM32\CoreUIComponents.dll
0x00007ffa6d9b0000 - 0x00007ffa6d9e3000 	C:\WINDOWS\SYSTEM32\ntmarta.dll
0x00007ffa5a460000 - 0x00007ffa5a477000 	C:\WINDOWS\system32\napinsp.dll
0x00007ffa59d20000 - 0x00007ffa59d3b000 	C:\WINDOWS\system32\pnrpnsp.dll
0x00007ffa6ae00000 - 0x00007ffa6ae15000 	C:\WINDOWS\system32\wshbth.dll
0x00007ffa681b0000 - 0x00007ffa681cd000 	C:\WINDOWS\system32\NLAapi.dll
0x00007ffa6dc50000 - 0x00007ffa6dc8b000 	C:\WINDOWS\SYSTEM32\IPHLPAPI.DLL
0x00007ffa6dc90000 - 0x00007ffa6dd5a000 	C:\WINDOWS\SYSTEM32\DNSAPI.dll
0x00007ffa6f620000 - 0x00007ffa6f628000 	C:\WINDOWS\System32\NSI.dll
0x00007ffa59c00000 - 0x00007ffa59c12000 	C:\WINDOWS\System32\winrnr.dll
0x00007ffa64620000 - 0x00007ffa6462a000 	C:\Windows\System32\rasadhlp.dll
0x00007ffa66a10000 - 0x00007ffa66a90000 	C:\WINDOWS\System32\fwpuclnt.dll
0x00007ffa70620000 - 0x00007ffa706c9000 	C:\WINDOWS\System32\clbcatq.dll
0x00007ffa66d60000 - 0x00007ffa66e62000 	C:\Windows\System32\AppXDeploymentClient.dll
0x00007ffa577c0000 - 0x00007ffa577ea000 	C:\WINDOWS\System32\DriverStore\FileRepository\c0360470.inf_amd64_b06c374aee20d185\B360357\atig6pxx.dll
0x00007ffa0d950000 - 0x00007ffa10637000 	C:\WINDOWS\System32\DriverStore\FileRepository\c0360470.inf_amd64_b06c374aee20d185\B360357\atio6axx.dll
0x00007ffa708b0000 - 0x00007ffa70d1e000 	C:\WINDOWS\System32\SETUPAPI.dll
0x00007ffa5ff20000 - 0x00007ffa5ff44000 	C:\WINDOWS\SYSTEM32\dxva2.dll
0x00007ffa55030000 - 0x00007ffa5506c000 	C:\WINDOWS\System32\DriverStore\FileRepository\c0360470.inf_amd64_b06c374aee20d185\B360357\atig6txx.dll
0x00007ffa31e60000 - 0x00007ffa32019000 	C:\WINDOWS\SYSTEM32\atiadlxx.dll
0x00007ffa6f870000 - 0x00007ffa6f878000 	C:\WINDOWS\System32\PSAPI.DLL
0x00007ffa6e9f0000 - 0x00007ffa6ea59000 	C:\WINDOWS\System32\WINTRUST.dll
0x00007ffa6ebb0000 - 0x00007ffa6ed0e000 	C:\WINDOWS\System32\CRYPT32.dll
0x00007ffa6e570000 - 0x00007ffa6e582000 	C:\WINDOWS\SYSTEM32\MSASN1.dll
0x00007ffa4c5a0000 - 0x00007ffa4c5fe000 	C:\Users\Samuel.Walker-1\AppData\Local\Temp\lwjgl_Samuel\3.3.2+13\x64\lwjgl_opengl.dll
0x00007ffa475d0000 - 0x00007ffa47643000 	C:\Users\Samuel.Walker-1\AppData\Local\Temp\lwjgl_Samuel\3.3.2+13\x64\lwjgl_nuklear.dll
0x00007ffa44790000 - 0x00007ffa44812000 	C:\Users\Samuel.Walker-1\AppData\Local\Temp\lwjgl_Samuel\3.3.2+13\x64\lwjgl_stb.dll
0x00007ffa676f0000 - 0x00007ffa6779e000 	C:\WINDOWS\SYSTEM32\mscms.dll
0x00007ffa6e740000 - 0x00007ffa6e76e000 	C:\WINDOWS\SYSTEM32\USERENV.dll
0x00007ffa676d0000 - 0x00007ffa676e1000 	C:\WINDOWS\SYSTEM32\ColorAdapterClient.dll
0x00007ffa68a90000 - 0x00007ffa68ad6000 	C:\WINDOWS\SYSTEM32\icm32.dll
0x00007ffa6e530000 - 0x00007ffa6e548000 	C:\WINDOWS\SYSTEM32\CRYPTSP.dll
0x00007ffa6d890000 - 0x00007ffa6d8c4000 	C:\WINDOWS\system32\rsaenh.dll
0x00007ffa6e0e0000 - 0x00007ffa6e0ec000 	C:\WINDOWS\SYSTEM32\CRYPTBASE.dll
0x00007ffa67580000 - 0x00007ffa67597000 	C:\WINDOWS\SYSTEM32\dhcpcsvc6.DLL
0x00007ffa675d0000 - 0x00007ffa675ed000 	C:\WINDOWS\SYSTEM32\dhcpcsvc.DLL
0x00007ffa6a4b0000 - 0x00007ffa6a4c4000 	C:\WINDOWS\system32\Wtsapi32.dll
0x00007ffa6d510000 - 0x00007ffa6d56b000 	C:\WINDOWS\SYSTEM32\WINSTA.dll
0x00007ffa60790000 - 0x00007ffa6079e000 	C:\Users\Samuel.Walker-1\.jdks\corretto-17.0.11\bin\sunmscapi.dll
0x00007ffa6e1e0000 - 0x00007ffa6e209000 	C:\WINDOWS\SYSTEM32\ncrypt.dll
0x00007ffa6e1a0000 - 0x00007ffa6e1db000 	C:\WINDOWS\SYSTEM32\NTASN1.dll
0x00007ffa60390000 - 0x00007ffa60489000 	C:\WINDOWS\SYSTEM32\textinputframework.dll

dbghelp: loaded successfully - version: 4.0.5 - missing functions: none
symbol engine: initialized successfully - sym options: 0x614 - pdb path: .;C:\Users\Samuel.Walker-1\.jdks\corretto-17.0.11\bin;C:\WINDOWS\SYSTEM32;C:\WINDOWS\WinSxS\amd64_microsoft.windows.common-controls_6595b64144ccf1df_6.0.19041.4355_none_60b8b9eb71f62e16;C:\Users\Samuel.Walker-1\.jdks\corretto-17.0.11\bin\server;C:\Program Files\JetBrains\IntelliJ IDEA Community Edition 2024.1\bin;C:\Users\Samuel.Walker-1\AppData\Local\Temp\lwjgl_Samuel\3.3.2+13\x64;C:\Users\SAMUEL~1.WAL\AppData\Local\Temp\lwjgl_Samuel\3.3.2+13\x64;C:\WINDOWS\System32\DriverStore\FileRepository\c0360470.inf_amd64_b06c374aee20d185\B360357

VM Arguments:
jvm_args: -javaagent:C:\Program Files\JetBrains\IntelliJ IDEA Community Edition 2024.1\lib\idea_rt.jar=49184:C:\Program Files\JetBrains\IntelliJ IDEA Community Edition 2024.1\bin -Dfile.encoding=UTF-8 
java_command: com.xbuilders.Main devmode loadWorldOnStartup
java_class_path (initial): D:\xbuilders\target\classes;C:\Users\Samuel.Walker-1\.m2\repository\com\esotericsoftware\kryo\5.6.2\kryo-5.6.2.jar;C:\Users\Samuel.Walker-1\.m2\repository\com\esotericsoftware\reflectasm\1.11.9\reflectasm-1.11.9.jar;C:\Users\Samuel.Walker-1\.m2\repository\org\objenesis\objenesis\3.4\objenesis-3.4.jar;C:\Users\Samuel.Walker-1\.m2\repository\com\esotericsoftware\minlog\1.3.1\minlog-1.3.1.jar;C:\Users\Samuel.Walker-1\.m2\repository\io\netty\netty-all\4.1.116.Final\netty-all-4.1.116.Final.jar;C:\Users\Samuel.Walker-1\.m2\repository\io\netty\netty-buffer\4.1.116.Final\netty-buffer-4.1.116.Final.jar;C:\Users\Samuel.Walker-1\.m2\repository\io\netty\netty-codec\4.1.116.Final\netty-codec-4.1.116.Final.jar;C:\Users\Samuel.Walker-1\.m2\repository\io\netty\netty-codec-dns\4.1.116.Final\netty-codec-dns-4.1.116.Final.jar;C:\Users\Samuel.Walker-1\.m2\repository\io\netty\netty-codec-haproxy\4.1.116.Final\netty-codec-haproxy-4.1.116.Final.jar;C:\Users\Samuel.Walker-1\.m2\repository\io\netty\netty-codec-http\4.1.116.Final\netty-codec-http-4.1.116.Final.jar;C:\Users\Samuel.Walker-1\.m2\repository\io\netty\netty-codec-http2\4.1.116.Final\netty-codec-http2-4.1.116.Final.jar;C:\Users\Samuel.Walker-1\.m2\repository\io\netty\netty-codec-memcache\4.1.116.Final\netty-codec-memcache-4.1.116.Final.jar;C:\Users\Samuel.Walker-1\.m2\repository\io\netty\netty-codec-mqtt\4.1.116.Final\netty-codec-mqtt-4.1.116.Final.jar;C:\Users\Samuel.Walker-1\.m2\repository\io\netty\netty-codec-redis\4.1.116.Final\netty-codec-redis-4.1.116.Final.jar;C:\Users\Samuel.Walker-1\.m2\repository\io\netty\netty-codec-smtp\4.1.116.Final\netty-codec-smtp-4.1.116.Final.jar;C:\Users\Samuel.Walker-1\.m2\repository\io\netty\netty-codec-socks\4.1.116.Final\netty-codec-socks-4.1.116.Final.jar;C:\Users\Samuel.Walker-1\.m2\repository\io\netty\netty-codec-stomp\4.1.116.Final\netty-codec-stomp-4.1.116.Final.jar;C:\Users\Samuel.Walker-1\.m2\repository\io\netty\netty-codec-xml\4.1.116.Final\netty-codec-xml-
Launcher Type: SUN_STANDARD

[Global flags]
     intx CICompilerCount                          = 3                                         {product} {ergonomic}
     uint ConcGCThreads                            = 1                                         {product} {ergonomic}
     uint G1ConcRefinementThreads                  = 4                                         {product} {ergonomic}
   size_t G1HeapRegionSize                         = 2097152                                   {product} {ergonomic}
    uintx GCDrainStackTargetSize                   = 64                                        {product} {ergonomic}
   size_t InitialHeapSize                          = 268435456                                 {product} {ergonomic}
   size_t MarkStackSize                            = 4194304                                   {product} {ergonomic}
   size_t MaxHeapSize                              = 4280287232                                {product} {ergonomic}
   size_t MaxNewSize                               = 2566914048                                {product} {ergonomic}
   size_t MinHeapDeltaBytes                        = 2097152                                   {product} {ergonomic}
   size_t MinHeapSize                              = 8388608                                   {product} {ergonomic}
    uintx NonNMethodCodeHeapSize                   = 5832780                                {pd product} {ergonomic}
    uintx NonProfiledCodeHeapSize                  = 122912730                              {pd product} {ergonomic}
    uintx ProfiledCodeHeapSize                     = 122912730                              {pd product} {ergonomic}
    uintx ReservedCodeCacheSize                    = 251658240                              {pd product} {ergonomic}
     bool SegmentedCodeCache                       = true                                      {product} {ergonomic}
   size_t SoftMaxHeapSize                          = 4280287232                             {manageable} {ergonomic}
     bool UseCompressedClassPointers               = true                           {product lp64_product} {ergonomic}
     bool UseCompressedOops                        = true                           {product lp64_product} {ergonomic}
     bool UseG1GC                                  = true                                      {product} {ergonomic}
     bool UseLargePagesIndividualAllocation        = false                                  {pd product} {ergonomic}

Logging:
Log output configuration:
 #0: stdout all=warning uptime,level,tags
 #1: stderr all=off uptime,level,tags

Environment Variables:
JAVA_HOME=C:\Program Files\Java\jdk1.8.0_221
PATH=C:\Program Files\Common Files\Oracle\Java\javapath;C:\Program Files (x86)\AMD APP\bin\x86_64;C:\Program Files (x86)\AMD APP\bin\x86;C:\WINDOWS\system32;C:\WINDOWS;C:\WINDOWS\System32\Wbem;C:\WINDOWS\System32\WindowsPowerShell\v1.0\;C:\Program Files (x86)\Microsoft ASP.NET\ASP.NET Web Pages\v1.0\;C:\Program Files\Microsoft SQL Server\110\Tools\Binn\;C:\Program Files (x86)\Microsoft SQL Server\110\Tools\Binn\;C:\Program Files (x86)\Microsoft SQL Server\110\DTS\Binn\;C:\Program Files (x86)\Microsoft SQL Server\110\Tools\Binn\ManagementStudio\;C:\Program Files (x86)\ATI Technologies\ATI.ACE\Core-Static;C:\Program Files\Microsoft\Web Platform Installer\;C:\Program Files\Microsoft SQL Server\120\Tools\Binn\;C:\Program Files (x86)\QuickTime\QTSystem\;C:\Program Files (x86)\AMD\ATI.ACE\Core-Static;C:\Program Files (x86)\Skype\Phone\;C:\Program Files (x86)\Heroku\bin;C:\Program Files (x86)\git\cmd;C:\Program Files\Microsoft SQL Server\130\Tools\Binn\;C:\Program Files\dotnet\;C:\Program Files (x86)\IVI Foundation\VISA\WinNT\Bin;C:\WINDOWS\System32\OpenSSH\;C:\Program Files\Microsoft VS Code\bin;C:\Program Files\nodejs\;C:\Program Files\Java\jdk1.8.0_221\bin;C:\Program Files\heroku\bin;C:\Program Files\PuTTY\;C:\Program Files\Docker\Docker\resources\bin;C:\Program Files (x86)\Windows Kits\10\Windows Performance Toolkit\;C:\Program Files\Git\cmd;C:\Users\Samuel.Walker-1\AppData\Local\Microsoft\WindowsApps;C:\Users\Samuel.Walker-1\AppData\Local\GitHubDesktop\bin
USERNAME=Samuel
OS=Windows_NT
PROCESSOR_IDENTIFIER=Intel64 Family 6 Model 58 Stepping 9, GenuineIntel
TMP=C:\Users\SAMUEL~1.WAL\AppData\Local\Temp
TEMP=C:\Users\SAMUEL~1.WAL\AppData\Local\Temp



Periodic native trim disabled


---------------  S Y S T E M  ---------------

OS:
 Windows 10 , 64 bit Build 19041 (10.0.19041.4717)
OS uptime: 10 days 19:16 hours
Hyper-V role detected

CPU: total 4 (initial active 4) (4 cores per cpu, 1 threads per core) family 6 model 58 stepping 9 microcode 0x21, cx8, cmov, fxsr, mmx, sse, sse2, sse3, ssse3, sse4.1, sse4.2, popcnt, tsc, tscinvbit, avx, aes, erms, clmul, vzeroupper, clflush, hv
Processor Information for all 4 processors :
  Max Mhz: 3401, Current Mhz: 3401, Mhz Limit: 3401

Memory: 4k page, system-wide physical 16327M (6422M free)
TotalPageFile size 18759M (AvailPageFile size 3994M)
current process WorkingSet (physical memory assigned to process): 479M, peak: 481M
current process commit charge ("private bytes"): 907M, peak: 916M

vm_info: OpenJDK 64-Bit Server VM (17.0.11+9-LTS) for windows-amd64 JRE (17.0.11+9-LTS), built on Apr 10 2024 22:12:24 by "Administrator" with MS VC++ 16.10 / 16.11 (VS2019)

END.
