#
# A fatal error has been detected by the Java Runtime Environment:
#
#  EXCEPTION_ACCESS_VIOLATION (0xc0000005) at pc=0x00007ffae2e8cefc, pid=2004, tid=4884
#
# JRE version: OpenJDK Runtime Environment Corretto-17.0.11.9.1 (17.0.11+9) (build 17.0.11+9-LTS)
# Java VM: OpenJDK 64-Bit Server VM Corretto-17.0.11.9.1 (17.0.11+9-LTS, mixed mode, sharing, tiered, compressed oops, compressed class ptrs, g1 gc, windows-amd64)
# Problematic frame:
# C  [lwjgl_opengl.dll+0xcefc]
#
# No core dump will be written. Minidumps are not enabled by default on client versions of Windows
#
# If you would like to submit a bug report, please visit:
#   https://github.com/corretto/corretto-17/issues/
# The crash happened outside the Java Virtual Machine in native code.
# See problematic frame for where to report the bug.
#

---------------  S U M M A R Y ------------

Command Line: -javaagent:C:\Program Files\JetBrains\IntelliJ IDEA Community Edition 2024.1.4\lib\idea_rt.jar=58051:C:\Program Files\JetBrains\IntelliJ IDEA Community Edition 2024.1.4\bin -Dfile.encoding=UTF-8 com.xbuilders.game.Main

Host: AMD Ryzen 7 5700U with Radeon Graphics         , 16 cores, 15G,  Windows 11 , 64 bit Build 22621 (10.0.22621.3672)
Time: Tue Jul  2 14:35:14 2024 Mountain Daylight Time elapsed time: 1.657975 seconds (0d 0h 0m 1s)

---------------  T H R E A D  ---------------

Current thread (0x00000267ef32b140):  JavaThread "main" [_thread_in_native, id=4884, stack(0x000000f609e00000,0x000000f609f00000)]

Stack: [0x000000f609e00000,0x000000f609f00000],  sp=0x000000f609efd298,  free space=1012k
Native frames: (J=compiled Java code, j=interpreted, Vv=VM code, C=native code)
C  [lwjgl_opengl.dll+0xcefc]

Java frames: (J=compiled Java code, j=interpreted, Vv=VM code)
j  org.lwjgl.opengl.GL11C.glViewport(IIII)V+0
j  org.lwjgl.opengl.GL11.glViewport(IIII)V+4
j  com.xbuilders.window.BaseWindow$1.invoke(JII)V+16
j  org.lwjgl.glfw.GLFWFramebufferSizeCallbackI.callback(JJ)V+34
v  ~StubRoutines::call_stub
j  org.lwjgl.system.JNI.invokePV(JIIJ)V+0
j  org.lwjgl.glfw.GLFW.glfwSetWindowSize(JII)V+21
j  com.xbuilders.window.BaseWindow.startWindow(Ljava/lang/String;ZII)V+171
j  com.xbuilders.window.NKWindow.startWindow(Ljava/lang/String;ZII)V+6
j  com.xbuilders.game.Main.<init>()V+125
j  com.xbuilders.game.Main.main([Ljava/lang/String;)V+128
v  ~StubRoutines::call_stub

siginfo: EXCEPTION_ACCESS_VIOLATION (0xc0000005), reading address 0x0000000000000a78


Registers:
RAX=0x00000267d4b5b400, RBX=0x00000267d5b7be98, RCX=0x0000000000000000, RDX=0x0000000000000000
RSP=0x000000f609efd298, RBP=0x000000f609efd330, RSI=0x0000000000006ac4, RDI=0x0000000000000110
R8 =0x0000000000000780, R9 =0x0000000000000438, R10=0x0000000000000000, R11=0x0000000719c81118
R12=0x0000000000000000, R13=0x00000267d5b7be90, R14=0x000000f609efd368, R15=0x00000267ef32b140
RIP=0x00007ffae2e8cefc, EFLAGS=0x0000000000010202


Register to memory mapping:

RIP=0x00007ffae2e8cefc lwjgl_opengl.dll
RAX=0x00000267d4b5b400 points into unknown readable memory: 0x0000000000000000 | 00 00 00 00 00 00 00 00
RBX={method} {0x00000267d5b7bea0} 'glViewport' '(IIII)V' in 'org/lwjgl/opengl/GL11C'
RCX=0x0 is NULL
RDX=0x0 is NULL
RSP=0x000000f609efd298 is pointing into the stack for thread: 0x00000267ef32b140
RBP=0x000000f609efd330 is pointing into the stack for thread: 0x00000267ef32b140
RSI=0x0000000000006ac4 is an unknown value
RDI=0x0000000000000110 is an unknown value
R8 =0x0000000000000780 is an unknown value
R9 =0x0000000000000438 is an unknown value
R10=0x0 is NULL
R11=0x0000000719c81118 is an oop: java.lang.Class 
{0x0000000719c81118} - klass: 'java/lang/Class'
 - ---- fields (total size 116 words):
 - private volatile transient 'classRedefinedCount' 'I' @12  0
 - private volatile transient 'cachedConstructor' 'Ljava/lang/reflect/Constructor;' @40  NULL (0)
 - private transient 'name' 'Ljava/lang/String;' @44  "org.lwjgl.opengl.GL11C"{0x0000000719c814c8} (e3390299)
 - private transient 'module' 'Ljava/lang/Module;' @48  a 'java/lang/Module'{0x0000000718a77a00} (e314ef40)
 - private final 'classLoader' 'Ljava/lang/ClassLoader;' @52  a 'jdk/internal/loader/ClassLoaders$AppClassLoader'{0x0000000718a00038} (e3140007)
 - private transient 'classData' 'Ljava/lang/Object;' @56  NULL (0)
 - private transient 'packageName' 'Ljava/lang/String;' @60  "org.lwjgl.opengl"{0x000000071a1cc580} (e34398b0)
 - private final 'componentType' 'Ljava/lang/Class;' @64  NULL (0)
 - private volatile transient 'reflectionData' 'Ljava/lang/ref/SoftReference;' @68  NULL (0)
 - private volatile transient 'genericInfo' 'Lsun/reflect/generics/repository/ClassRepository;' @72  NULL (0)
 - private volatile transient 'enumConstants' '[Ljava/lang/Object;' @76  NULL (0)
 - private volatile transient 'enumConstantDirectory' 'Ljava/util/Map;' @80  NULL (0)
 - private volatile transient 'annotationData' 'Ljava/lang/Class$AnnotationData;' @84  NULL (0)
 - private volatile transient 'annotationType' 'Lsun/reflect/annotation/AnnotationType;' @88  NULL (0)
 - transient 'classValueMap' 'Ljava/lang/ClassValue$ClassValueMap;' @92  NULL (0)
 - signature: Lorg/lwjgl/opengl/GL11C;
 - fake entry for mirror: 'org/lwjgl/opengl/GL11C'
 - fake entry for array: NULL
 - fake entry for oop_size: 116
 - fake entry for static_oop_field_count: 0
 - public static final 'GL_NEVER' 'I' @112  512 (200)
 - public static final 'GL_LESS' 'I' @116  513 (201)
 - public static final 'GL_EQUAL' 'I' @120  514 (202)
 - public static final 'GL_LEQUAL' 'I' @124  515 (203)
 - public static final 'GL_GREATER' 'I' @128  516 (204)
 - public static final 'GL_NOTEQUAL' 'I' @132  517 (205)
 - public static final 'GL_GEQUAL' 'I' @136  518 (206)
 - public static final 'GL_ALWAYS' 'I' @140  519 (207)
 - public static final 'GL_DEPTH_BUFFER_BIT' 'I' @144  256 (100)
 - public static final 'GL_STENCIL_BUFFER_BIT' 'I' @148  1024 (400)
 - public static final 'GL_COLOR_BUFFER_BIT' 'I' @152  16384 (4000)
 - public static final 'GL_POINTS' 'I' @156  0
 - public static final 'GL_LINES' 'I' @160  1
 - public static final 'GL_LINE_LOOP' 'I' @164  2
 - public static final 'GL_LINE_STRIP' 'I' @168  3
 - public static final 'GL_TRIANGLES' 'I' @172  4
 - public static final 'GL_TRIANGLE_STRIP' 'I' @176  5
 - public static final 'GL_TRIANGLE_FAN' 'I' @180  6
 - public static final 'GL_QUADS' 'I' @184  7
 - public static final 'GL_ZERO' 'I' @188  0
 - public static final 'GL_ONE' 'I' @192  1
 - public static final 'GL_SRC_COLOR' 'I' @196  768 (300)
 - public static final 'GL_ONE_MINUS_SRC_COLOR' 'I' @200  769 (301)
 - public static final 'GL_SRC_ALPHA' 'I' @204  770 (302)
 - public static final 'GL_ONE_MINUS_SRC_ALPHA' 'I' @208  771 (303)
 - public static final 'GL_DST_ALPHA' 'I' @212  772 (304)
 - public static final 'GL_ONE_MINUS_DST_ALPHA' 'I' @216  773 (305)
 - public static final 'GL_DST_COLOR' 'I' @220  774 (306)
 - public static final 'GL_ONE_MINUS_DST_COLOR' 'I' @224  775 (307)
 - public static final 'GL_SRC_ALPHA_SATURATE' 'I' @228  776 (308)
 - public static final 'GL_TRUE' 'I' @232  1
 - public static final 'GL_FALSE' 'I' @236  0
 - public static final 'GL_BYTE' 'I' @240  5120 (1400)
 - public static final 'GL_UNSIGNED_BYTE' 'I' @244  5121 (1401)
 - public static final 'GL_SHORT' 'I' @248  5122 (1402)
 - public static final 'GL_UNSIGNED_SHORT' 'I' @252  5123 (1403)
 - public static final 'GL_INT' 'I' @256  5124 (1404)
 - public static final 'GL_UNSIGNED_INT' 'I' @260  5125 (1405)
 - public static final 'GL_FLOAT' 'I' @264  5126 (1406)
 - public static final 'GL_DOUBLE' 'I' @268  5130 (140a)
 - public static final 'GL_NONE' 'I' @272  0
 - public static final 'GL_FRONT_LEFT' 'I' @276  1024 (400)
 - public static final 'GL_FRONT_RIGHT' 'I' @280  1025 (401)
 - public static final 'GL_BACK_LEFT' 'I' @284  1026 (402)
 - public static final 'GL_BACK_RIGHT' 'I' @288  1027 (403)
 - public static final 'GL_FRONT' 'I' @292  1028 (404)
 - public static final 'GL_BACK' 'I' @296  1029 (405)
 - public static final 'GL_LEFT' 'I' @300  1030 (406)
 - public static final 'GL_RIGHT' 'I' @304  1031 (407)
 - public static final 'GL_FRONT_AND_BACK' 'I' @308  1032 (408)
 - public static final 'GL_NO_ERROR' 'I' @312  0
 - public static final 'GL_INVALID_ENUM' 'I' @316  1280 (500)
 - public static final 'GL_INVALID_VALUE' 'I' @320  1281 (501)
 - public static final 'GL_INVALID_OPERATION' 'I' @324  1282 (502)
 - public static final 'GL_STACK_OVERFLOW' 'I' @328  1283 (503)
 - public static final 'GL_STACK_UNDERFLOW' 'I' @332  1284 (504)
 - public static final 'GL_OUT_OF_MEMORY' 'I' @336  1285 (505)
 - public static final 'GL_CW' 'I' @340  2304 (900)
 - public static final 'GL_CCW' 'I' @344  2305 (901)
 - public static final 'GL_POINT_SIZE' 'I' @348  2833 (b11)
 - public static final 'GL_POINT_SIZE_RANGE' 'I' @352  2834 (b12)
 - public static final 'GL_POINT_SIZE_GRANULARITY' 'I' @356  2835 (b13)
 - public static final 'GL_LINE_SMOOTH' 'I' @360  2848 (b20)
 - public static final 'GL_LINE_WIDTH' 'I' @364  2849 (b21)
 - public static final 'GL_LINE_WIDTH_RANGE' 'I' @368  2850 (b22)
 - public static final 'GL_LINE_WIDTH_GRANULARITY' 'I' @372  2851 (b23)
 - public static final 'GL_POLYGON_MODE' 'I' @376  2880 (b40)
 - public static final 'GL_POLYGON_SMOOTH' 'I' @380  2881 (b41)
 - public static final 'GL_CULL_FACE' 'I' @384  2884 (b44)
 - public static final 'GL_CULL_FACE_MODE' 'I' @388  2885 (b45)
 - public static final 'GL_FRONT_FACE' 'I' @392  2886 (b46)
 - public static final 'GL_DEPTH_RANGE' 'I' @396  2928 (b70)
 - public static final 'GL_DEPTH_TEST' 'I' @400  2929 (b71)
 - public static final 'GL_DEPTH_WRITEMASK' 'I' @404  2930 (b72)
 - public static final 'GL_DEPTH_CLEAR_VALUE' 'I' @408  2931 (b73)
 - public static final 'GL_DEPTH_FUNC' 'I' @412  2932 (b74)
 - public static final 'GL_STENCIL_TEST' 'I' @416  2960 (b90)
 - public static final 'GL_STENCIL_CLEAR_VALUE' 'I' @420  2961 (b91)
 - public static final 'GL_STENCIL_FUNC' 'I' @424  2962 (b92)
 - public static final 'GL_STENCIL_VALUE_MASK' 'I' @428  2963 (b93)
 - public static final 'GL_STENCIL_FAIL' 'I' @432  2964 (b94)
 - public static final 'GL_STENCIL_PASS_DEPTH_FAIL' 'I' @436  2965 (b95)
 - public static final 'GL_STENCIL_PASS_DEPTH_PASS' 'I' @440  2966 (b96)
 - public static final 'GL_STENCIL_REF' 'I' @444  2967 (b97)
 - public static final 'GL_STENCIL_WRITEMASK' 'I' @448  2968 (b98)
 - public static final 'GL_VIEWPORT' 'I' @452  2978 (ba2)
 - public static final 'GL_DITHER' 'I' @456  3024 (bd0)
 - public static final 'GL_BLEND_DST' 'I' @460  3040 (be0)
 - public static final 'GL_BLEND_SRC' 'I' @464  3041 (be1)
 - public static final 'GL_BLEND' 'I' @468  3042 (be2)
 - public static final 'GL_LOGIC_OP_MODE' 'I' @472  3056 (bf0)
 - public static final 'GL_COLOR_LOGIC_OP' 'I' @476  3058 (bf2)
 - public static final 'GL_DRAW_BUFFER' 'I' @480  3073 (c01)
 - public static final 'GL_READ_BUFFER' 'I' @484  3074 (c02)
 - public static final 'GL_SCISSOR_BOX' 'I' @488  3088 (c10)
 - public static final 'GL_SCISSOR_TEST' 'I' @492  3089 (c11)
 - public static final 'GL_COLOR_CLEAR_VALUE' 'I' @496  3106 (c22)
 - public static final 'GL_COLOR_WRITEMASK' 'I' @500  3107 (c23)
 - public static final 'GL_DOUBLEBUFFER' 'I' @504  3122 (c32)
 - public static final 'GL_STEREO' 'I' @508  3123 (c33)
 - public static final 'GL_LINE_SMOOTH_HINT' 'I' @512  3154 (c52)
 - public static final 'GL_POLYGON_SMOOTH_HINT' 'I' @516  3155 (c53)
 - public static final 'GL_UNPACK_SWAP_BYTES' 'I' @520  3312 (cf0)
 - public static final 'GL_UNPACK_LSB_FIRST' 'I' @524  3313 (cf1)
 - public static final 'GL_UNPACK_ROW_LENGTH' 'I' @528  3314 (cf2)
 - public static final 'GL_UNPACK_SKIP_ROWS' 'I' @532  3315 (cf3)
 - public static final 'GL_UNPACK_SKIP_PIXELS' 'I' @536  3316 (cf4)
 - public static final 'GL_UNPACK_ALIGNMENT' 'I' @540  3317 (cf5)
 - public static final 'GL_PACK_SWAP_BYTES' 'I' @544  3328 (d00)
 - public static final 'GL_PACK_LSB_FIRST' 'I' @548  3329 (d01)
 - public static final 'GL_PACK_ROW_LENGTH' 'I' @552  3330 (d02)
 - public static final 'GL_PACK_SKIP_ROWS' 'I' @556  3331 (d03)
 - public static final 'GL_PACK_SKIP_PIXELS' 'I' @560  3332 (d04)
 - public static final 'GL_PACK_ALIGNMENT' 'I' @564  3333 (d05)
 - public static final 'GL_MAX_TEXTURE_SIZE' 'I' @568  3379 (d33)
 - public static final 'GL_MAX_VIEWPORT_DIMS' 'I' @572  3386 (d3a)
 - public static final 'GL_SUBPIXEL_BITS' 'I' @576  3408 (d50)
 - public static final 'GL_TEXTURE_1D' 'I' @580  3552 (de0)
 - public static final 'GL_TEXTURE_2D' 'I' @584  3553 (de1)
 - public static final 'GL_TEXTURE_WIDTH' 'I' @588  4096 (1000)
 - public static final 'GL_TEXTURE_HEIGHT' 'I' @592  4097 (1001)
 - public static final 'GL_TEXTURE_INTERNAL_FORMAT' 'I' @596  4099 (1003)
 - public static final 'GL_TEXTURE_BORDER_COLOR' 'I' @600  4100 (1004)
 - public static final 'GL_DONT_CARE' 'I' @604  4352 (1100)
 - public static final 'GL_FASTEST' 'I' @608  4353 (1101)
 - public static final 'GL_NICEST' 'I' @612  4354 (1102)
 - public static final 'GL_CLEAR' 'I' @616  5376 (1500)
 - public static final 'GL_AND' 'I' @620  5377 (1501)
 - public static final 'GL_AND_REVERSE' 'I' @624  5378 (1502)
 - public static final 'GL_COPY' 'I' @628  5379 (1503)
 - public static final 'GL_AND_INVERTED' 'I' @632  5380 (1504)
 - public static final 'GL_NOOP' 'I' @636  5381 (1505)
 - public static final 'GL_XOR' 'I' @640  5382 (1506)
 - public static final 'GL_OR' 'I' @644  5383 (1507)
 - public static final 'GL_NOR' 'I' @648  5384 (1508)
 - public static final 'GL_EQUIV' 'I' @652  5385 (1509)
 - public static final 'GL_INVERT' 'I' @656  5386 (150a)
 - public static final 'GL_OR_REVERSE' 'I' @660  5387 (150b)
 - public static final 'GL_COPY_INVERTED' 'I' @664  5388 (150c)
 - public static final 'GL_OR_INVERTED' 'I' @668  5389 (150d)
 - public static final 'GL_NAND' 'I' @672  5390 (150e)
 - public static final 'GL_SET' 'I' @676  5391 (150f)
 - public static final 'GL_TEXTURE' 'I' @680  5890 (1702)
 - public static final 'GL_COLOR' 'I' @684  6144 (1800)
 - public static final 'GL_DEPTH' 'I' @688  6145 (1801)
 - public static final 'GL_STENCIL' 'I' @692  6146 (1802)
 - public static final 'GL_STENCIL_INDEX' 'I' @696  6401 (1901)
 - public static final 'GL_DEPTH_COMPONENT' 'I' @700  6402 (1902)
 - public static final 'GL_RED' 'I' @704  6403 (1903)
 - public static final 'GL_GREEN' 'I' @708  6404 (1904)
 - public static final 'GL_BLUE' 'I' @712  6405 (1905)
 - public static final 'GL_ALPHA' 'I' @716  6406 (1906)
 - public static final 'GL_RGB' 'I' @720  6407 (1907)
 - public static final 'GL_RGBA' 'I' @724  6408 (1908)
 - public static final 'GL_POINT' 'I' @728  6912 (1b00)
 - public static final 'GL_LINE' 'I' @732  6913 (1b01)
 - public static final 'GL_FILL' 'I' @736  6914 (1b02)
 - public static final 'GL_KEEP' 'I' @740  7680 (1e00)
 - public static final 'GL_REPLACE' 'I' @744  7681 (1e01)
 - public static final 'GL_INCR' 'I' @748  7682 (1e02)
 - public static final 'GL_DECR' 'I' @752  7683 (1e03)
 - public static final 'GL_VENDOR' 'I' @756  7936 (1f00)
 - public static final 'GL_RENDERER' 'I' @760  7937 (1f01)
 - public static final 'GL_VERSION' 'I' @764  7938 (1f02)
 - public static final 'GL_EXTENSIONS' 'I' @768  7939 (1f03)
 - public static final 'GL_NEAREST' 'I' @772  9728 (2600)
 - public static final 'GL_LINEAR' 'I' @776  9729 (2601)
 - public static final 'GL_NEAREST_MIPMAP_NEAREST' 'I' @780  9984 (2700)
 - public static final 'GL_LINEAR_MIPMAP_NEAREST' 'I' @784  9985 (2701)
 - public static final 'GL_NEAREST_MIPMAP_LINEAR' 'I' @788  9986 (2702)
 - public static final 'GL_LINEAR_MIPMAP_LINEAR' 'I' @792  9987 (2703)
 - public static final 'GL_TEXTURE_MAG_FILTER' 'I' @796  10240 (2800)
 - public static final 'GL_TEXTURE_MIN_FILTER' 'I' @800  10241 (2801)
 - public static final 'GL_TEXTURE_WRAP_S' 'I' @804  10242 (2802)
 - public static final 'GL_TEXTURE_WRAP_T' 'I' @808  10243 (2803)
 - public static final 'GL_REPEAT' 'I' @812  10497 (2901)
 - public static final 'GL_POLYGON_OFFSET_FACTOR' 'I' @816  32824 (8038)
 - public static final 'GL_POLYGON_OFFSET_UNITS' 'I' @820  10752 (2a00)
 - public static final 'GL_POLYGON_OFFSET_POINT' 'I' @824  10753 (2a01)
 - public static final 'GL_POLYGON_OFFSET_LINE' 'I' @828  10754 (2a02)
 - public static final 'GL_POLYGON_OFFSET_FILL' 'I' @832  32823 (8037)
 - public static final 'GL_R3_G3_B2' 'I' @836  10768 (2a10)
 - public static final 'GL_RGB4' 'I' @840  32847 (804f)
 - public static final 'GL_RGB5' 'I' @844  32848 (8050)
 - public static final 'GL_RGB8' 'I' @848  32849 (8051)
 - public static final 'GL_RGB10' 'I' @852  32850 (8052)
 - public static final 'GL_RGB12' 'I' @856  32851 (8053)
 - public static final 'GL_RGB16' 'I' @860  32852 (8054)
 - public static final 'GL_RGBA2' 'I' @864  32853 (8055)
 - public static final 'GL_RGBA4' 'I' @868  32854 (8056)
 - public static final 'GL_RGB5_A1' 'I' @872  32855 (8057)
 - public static final 'GL_RGBA8' 'I' @876  32856 (8058)
 - public static final 'GL_RGB10_A2' 'I' @880  32857 (8059)
 - public static final 'GL_RGBA12' 'I' @884  32858 (805a)
 - public static final 'GL_RGBA16' 'I' @888  32859 (805b)
 - public static final 'GL_TEXTURE_RED_SIZE' 'I' @892  32860 (805c)
 - public static final 'GL_TEXTURE_GREEN_SIZE' 'I' @896  32861 (805d)
 - public static final 'GL_TEXTURE_BLUE_SIZE' 'I' @900  32862 (805e)
 - public static final 'GL_TEXTURE_ALPHA_SIZE' 'I' @904  32863 (805f)
 - public static final 'GL_PROXY_TEXTURE_1D' 'I' @908  32867 (8063)
 - public static final 'GL_PROXY_TEXTURE_2D' 'I' @912  32868 (8064)
 - public static final 'GL_TEXTURE_BINDING_1D' 'I' @916  32872 (8068)
 - public static final 'GL_TEXTURE_BINDING_2D' 'I' @920  32873 (8069)
 - public static final 'GL_VERTEX_ARRAY' 'I' @924  32884 (8074)
R12=0x0 is NULL
R13=0x00000267d5b7be90 is pointing into metadata
R14=0x000000f609efd368 is pointing into the stack for thread: 0x00000267ef32b140
R15=0x00000267ef32b140 is a thread


Top of Stack: (sp=0x000000f609efd298)
0x000000f609efd298:   000002678745d6e1 00000267d5b7be98
0x000000f609efd2a8:   0000000718b72ba8 0000000000000110
0x000000f609efd2b8:   000002678745d412 0000026700000780
0x000000f609efd2c8:   0000000000000438 0000000000006ac4
0x000000f609efd2d8:   0000000718b522d0 000002678745d3b6
0x000000f609efd2e8:   000000f609efd2e8 00000267d5b7be90
0x000000f609efd2f8:   000000f609efd368 00000267d5b7f0f0
0x000000f609efd308:   0000000000000000 0000000719c81118
0x000000f609efd318:   00000267d5b7be98 0000000000000000
0x000000f609efd328:   000000f609efd350 000000f609efd3b8
0x000000f609efd338:   0000026787459520 0000000719c81118
0x000000f609efd348:   000002678745aff8 0000000000000438
0x000000f609efd358:   0000000000000780 0000000000000000
0x000000f609efd368:   0000000000000000 000000f609efd370
0x000000f609efd378:   00000267d5b5a8ec 000000f609efd3e0
0x000000f609efd388:   00000267d5b68000 0000000000000000
0x000000f609efd398:   000000071a1efe60 00000267d5b5a938
0x000000f609efd3a8:   000000f609efd350 000000f609efd3c8
0x000000f609efd3b8:   000000f609efd430 0000026787459520
0x000000f609efd3c8:   0000000000000438 0000000000000780
0x000000f609efd3d8:   0000000000000000 0000000000000000
0x000000f609efd3e8:   000000f609efd3e8 00000267d5414560
0x000000f609efd3f8:   000000f609efd460 00000267d5b301f8
0x000000f609efd408:   0000000000000000 0000000718bc4318
0x000000f609efd418:   00000267d54145b0 000000f609efd3c8
0x000000f609efd428:   000000f609efd440 000000f609efd4b0
0x000000f609efd438:   00000267874599a6 0000000000000438
0x000000f609efd448:   0000000000000780 00000267d93a0cd0
0x000000f609efd458:   0000000000000000 000000071a1c8c18
0x000000f609efd468:   000000f609efd468 00000267d541199a
0x000000f609efd478:   000000f609efd4e0 00000267d5b17e00
0x000000f609efd488:   0000000000000000 0000000718bcac58 

Instructions: (pc=0x00007ffae2e8cefc)
0x00007ffae2e8cdfc:   cc cc cc cc 48 8b 01 45 8b d8 4c 8b 44 24 28 41
0x00007ffae2e8ce0c:   8b d1 41 8b cb 4c 8b 50 18 49 ff a2 88 09 00 00
0x00007ffae2e8ce1c:   cc cc cc cc 40 53 48 83 ec 40 48 8b 01 41 8b d8
0x00007ffae2e8ce2c:   44 8b 44 24 70 41 8b d1 44 8b 4c 24 78 8b cb 4c
0x00007ffae2e8ce3c:   8b 50 18 48 8b 84 24 90 00 00 00 48 89 44 24 30
0x00007ffae2e8ce4c:   8b 84 24 88 00 00 00 89 44 24 28 8b 84 24 80 00
0x00007ffae2e8ce5c:   00 00 89 44 24 20 41 ff 92 90 09 00 00 48 83 c4
0x00007ffae2e8ce6c:   40 5b c3 cc 40 53 48 83 ec 50 48 8b 01 41 8b d8
0x00007ffae2e8ce7c:   44 8b 84 24 80 00 00 00 41 8b d1 44 8b 8c 24 88
0x00007ffae2e8ce8c:   00 00 00 8b cb 4c 8b 50 18 48 8b 84 24 b0 00 00
0x00007ffae2e8ce9c:   00 48 89 44 24 40 8b 84 24 a8 00 00 00 89 44 24
0x00007ffae2e8ceac:   38 8b 84 24 a0 00 00 00 89 44 24 30 8b 84 24 98
0x00007ffae2e8cebc:   00 00 00 89 44 24 28 8b 84 24 90 00 00 00 89 44
0x00007ffae2e8cecc:   24 20 41 ff 92 98 09 00 00 48 83 c4 50 5b c3 cc
0x00007ffae2e8cedc:   cc cc cc cc 40 53 48 8b 01 41 8b d8 44 8b 44 24
0x00007ffae2e8ceec:   30 41 8b d1 44 8b 4c 24 38 8b cb 4c 8b 50 18 5b
0x00007ffae2e8cefc:   49 ff a2 78 0a 00 00 cc cc cc cc cc cc cc cc cc
0x00007ffae2e8cf0c:   cc cc cc cc 40 53 48 83 ec 50 48 8b 01 41 8b d8
0x00007ffae2e8cf1c:   44 8b 84 24 80 00 00 00 41 8b d1 44 8b 8c 24 88
0x00007ffae2e8cf2c:   00 00 00 8b cb 4c 8b 50 18 48 8b 84 24 b8 00 00
0x00007ffae2e8cf3c:   00 48 89 44 24 48 8b 84 24 b0 00 00 00 89 44 24
0x00007ffae2e8cf4c:   40 8b 84 24 a8 00 00 00 89 44 24 38 8b 84 24 a0
0x00007ffae2e8cf5c:   00 00 00 89 44 24 30 8b 84 24 98 00 00 00 89 44
0x00007ffae2e8cf6c:   24 28 8b 84 24 90 00 00 00 89 44 24 20 41 ff 92
0x00007ffae2e8cf7c:   80 0a 00 00 48 83 c4 50 5b c3 cc cc cc cc cc cc
0x00007ffae2e8cf8c:   cc cc cc cc 40 53 48 83 ec 60 48 8b 01 41 8b d8
0x00007ffae2e8cf9c:   44 8b 84 24 90 00 00 00 41 8b d1 44 8b 8c 24 98
0x00007ffae2e8cfac:   00 00 00 8b cb 4c 8b 50 18 48 8b 84 24 d0 00 00
0x00007ffae2e8cfbc:   00 48 89 44 24 50 8b 84 24 c8 00 00 00 89 44 24
0x00007ffae2e8cfcc:   48 8b 84 24 c0 00 00 00 89 44 24 40 8b 84 24 b8
0x00007ffae2e8cfdc:   00 00 00 89 44 24 38 8b 84 24 b0 00 00 00 89 44
0x00007ffae2e8cfec:   24 30 8b 84 24 a8 00 00 00 89 44 24 28 8b 84 24 


Stack slot to memory mapping:
stack at sp + 0 slots: 0x000002678745d6e1 is at code_begin+993 in an Interpreter codelet
method entry point (kind = native)  [0x000002678745d300, 0x000002678745dc80]  2432 bytes
stack at sp + 1 slots: {method} {0x00000267d5b7bea0} 'glViewport' '(IIII)V' in 'org/lwjgl/opengl/GL11C'
stack at sp + 2 slots: 0x0000000718b72ba8 is an oop: org.lwjgl.system.MemoryStack 
{0x0000000718b72ba8} - klass: 'org/lwjgl/system/MemoryStack'
 - ---- fields (total size 5 words):
 - protected 'address' 'J' @16  2644971545120 (d496e220 267)
 - private final 'size' 'I' @12  65536 (10000)
 - private 'pointer' 'I' @24  65536 (10000)
 - protected 'frameIndex' 'I' @28  0
 - private final 'container' 'Ljava/nio/ByteBuffer;' @32  a 'java/nio/DirectByteBuffer'{0x0000000718b72bd0} (e316e57a)
 - private 'frames' '[I' @36  [I{0x0000000718b72c10} (e316e582)
stack at sp + 3 slots: 0x0000000000000110 is an unknown value
stack at sp + 4 slots: 0x000002678745d412 is at code_begin+274 in an Interpreter codelet
method entry point (kind = native)  [0x000002678745d300, 0x000002678745dc80]  2432 bytes
stack at sp + 5 slots: 0x0000026700000780 is an unknown value
stack at sp + 6 slots: 0x0000000000000438 is an unknown value
stack at sp + 7 slots: 0x0000000000006ac4 is an unknown value


---------------  P R O C E S S  ---------------

Threads class SMR info:
_java_thread_list=0x00000267e304cfa0, length=20, elements={
0x00000267ef32b140, 0x00000267d4013f30, 0x00000267d4014bb0, 0x00000267d4022d70,
0x00000267d40248a0, 0x00000267d4025260, 0x00000267d4025c20, 0x00000267d402a9d0,
0x00000267d402b480, 0x00000267d402be80, 0x00000267d4115f00, 0x00000267d4141420,
0x00000267d4141940, 0x00000267d4153e50, 0x00000267d466d590, 0x00000267d466de70,
0x00000267d9061290, 0x00000267d4984660, 0x00000267d4985d70, 0x00000267d9365010
}

Java Threads: ( => current thread )
=>0x00000267ef32b140 JavaThread "main" [_thread_in_native, id=4884, stack(0x000000f609e00000,0x000000f609f00000)]
  0x00000267d4013f30 JavaThread "Reference Handler" daemon [_thread_blocked, id=23364, stack(0x000000f60a500000,0x000000f60a600000)]
  0x00000267d4014bb0 JavaThread "Finalizer" daemon [_thread_blocked, id=4632, stack(0x000000f60a600000,0x000000f60a700000)]
  0x00000267d4022d70 JavaThread "Signal Dispatcher" daemon [_thread_blocked, id=11596, stack(0x000000f60a700000,0x000000f60a800000)]
  0x00000267d40248a0 JavaThread "Attach Listener" daemon [_thread_blocked, id=8696, stack(0x000000f60a800000,0x000000f60a900000)]
  0x00000267d4025260 JavaThread "Service Thread" daemon [_thread_blocked, id=14104, stack(0x000000f60a900000,0x000000f60aa00000)]
  0x00000267d4025c20 JavaThread "Monitor Deflation Thread" daemon [_thread_blocked, id=15428, stack(0x000000f60aa00000,0x000000f60ab00000)]
  0x00000267d402a9d0 JavaThread "C2 CompilerThread0" daemon [_thread_blocked, id=13580, stack(0x000000f60ab00000,0x000000f60ac00000)]
  0x00000267d402b480 JavaThread "C1 CompilerThread0" daemon [_thread_blocked, id=1364, stack(0x000000f60ac00000,0x000000f60ad00000)]
  0x00000267d402be80 JavaThread "Sweeper thread" daemon [_thread_blocked, id=30152, stack(0x000000f60ad00000,0x000000f60ae00000)]
  0x00000267d4115f00 JavaThread "Common-Cleaner" daemon [_thread_blocked, id=14956, stack(0x000000f60ae00000,0x000000f60af00000)]
  0x00000267d4141420 JavaThread "C1 CompilerThread1" daemon [_thread_blocked, id=18884, stack(0x000000f60af00000,0x000000f60b000000)]
  0x00000267d4141940 JavaThread "C1 CompilerThread2" daemon [_thread_blocked, id=13268, stack(0x000000f60b000000,0x000000f60b100000)]
  0x00000267d4153e50 JavaThread "C1 CompilerThread3" daemon [_thread_blocked, id=23100, stack(0x000000f60b100000,0x000000f60b200000)]
  0x00000267d466d590 JavaThread "Monitor Ctrl-Break" daemon [_thread_in_native, id=15892, stack(0x000000f60b400000,0x000000f60b500000)]
  0x00000267d466de70 JavaThread "Notification Thread" daemon [_thread_blocked, id=22468, stack(0x000000f60b500000,0x000000f60b600000)]
  0x00000267d9061290 JavaThread "Java2D Disposer" daemon [_thread_blocked, id=7440, stack(0x000000f60b700000,0x000000f60b800000)]
  0x00000267d4984660 JavaThread "AWT-Shutdown" [_thread_blocked, id=28624, stack(0x000000f60b800000,0x000000f60b900000)]
  0x00000267d4985d70 JavaThread "AWT-Windows" daemon [_thread_in_native, id=29584, stack(0x000000f60b900000,0x000000f60ba00000)]
  0x00000267d9365010 JavaThread "AWT-EventQueue-0" [_thread_blocked, id=16088, stack(0x000000f60b300000,0x000000f60b400000)]

Other Threads:
  0x00000267d400d410 VMThread "VM Thread" [stack: 0x000000f60a400000,0x000000f60a500000] [id=24032]
  0x00000267d43fecb0 WatcherThread [stack: 0x000000f60b600000,0x000000f60b700000] [id=8632]
  0x00000267ef393b90 GCTaskThread "GC Thread#0" [stack: 0x000000f609f00000,0x000000f60a000000] [id=27012]
  0x00000267d9424b50 GCTaskThread "GC Thread#1" [stack: 0x000000f60c600000,0x000000f60c700000] [id=16308]
  0x00000267d9424e10 GCTaskThread "GC Thread#2" [stack: 0x000000f60c700000,0x000000f60c800000] [id=13716]
  0x00000267d94250d0 GCTaskThread "GC Thread#3" [stack: 0x000000f60c800000,0x000000f60c900000] [id=20964]
  0x00000267d93d5660 GCTaskThread "GC Thread#4" [stack: 0x000000f60c900000,0x000000f60ca00000] [id=5944]
  0x00000267d93d5920 GCTaskThread "GC Thread#5" [stack: 0x000000f60ca00000,0x000000f60cb00000] [id=31656]
  0x00000267d94d9560 GCTaskThread "GC Thread#6" [stack: 0x000000f60cb00000,0x000000f60cc00000] [id=9692]
  0x00000267d94d9c30 GCTaskThread "GC Thread#7" [stack: 0x000000f60cc00000,0x000000f60cd00000] [id=20524]
  0x00000267d9454390 GCTaskThread "GC Thread#8" [stack: 0x000000f60cd00000,0x000000f60ce00000] [id=16900]
  0x00000267d9456660 GCTaskThread "GC Thread#9" [stack: 0x000000f60ce00000,0x000000f60cf00000] [id=4120]
  0x00000267ef3a4020 ConcurrentGCThread "G1 Main Marker" [stack: 0x000000f60a000000,0x000000f60a100000] [id=23304]
  0x00000267ef3a4a40 ConcurrentGCThread "G1 Conc#0" [stack: 0x000000f60a100000,0x000000f60a200000] [id=25396]
  0x00000267ef3ce860 ConcurrentGCThread "G1 Refine#0" [stack: 0x000000f60a200000,0x000000f60a300000] [id=9832]
  0x00000267ff529500 ConcurrentGCThread "G1 Service" [stack: 0x000000f60a300000,0x000000f60a400000] [id=21784]

Threads with active compile tasks:

VM state: not at safepoint (normal execution)

VM Mutex/Monitor currently owned by a thread: None

Heap address: 0x000000070ac00000, size: 3924 MB, Compressed Oops mode: Zero based, Oop shift amount: 3

CDS archive(s) mapped at: [0x0000026793000000-0x0000026793bb0000-0x0000026793bb0000), size 12255232, SharedBaseAddress: 0x0000026793000000, ArchiveRelocationMode: 1.
Compressed class space mapped at: 0x0000026794000000-0x00000267d4000000, reserved size: 1073741824
Narrow klass base: 0x0000026793000000, Narrow klass shift: 0, Narrow klass range: 0x100000000

GC Precious Log:
 CPUs: 16 total, 16 available
 Memory: 15695M
 Large Page Support: Disabled
 NUMA Support: Disabled
 Compressed Oops: Enabled (Zero based)
 Heap Region Size: 2M
 Heap Min Capacity: 8M
 Heap Initial Capacity: 246M
 Heap Max Capacity: 3924M
 Pre-touch: Disabled
 Parallel Workers: 13
 Concurrent Workers: 3
 Concurrent Refinement Workers: 13
 Periodic GC: Disabled

Heap:
 garbage-first heap   total 251904K, used 6790K [0x000000070ac00000, 0x0000000800000000)
  region size 2048K, 5 young (10240K), 2 survivors (4096K)
 Metaspace       used 12555K, committed 12672K, reserved 1114112K
  class space    used 1215K, committed 1280K, reserved 1048576K

Heap Regions: E=young(eden), S=young(survivor), O=old, HS=humongous(starts), HC=humongous(continues), CS=collection set, F=free, OA=open archive, CA=closed archive, TAMS=top-at-mark-start (previous, next)
|   0|0x000000070ac00000, 0x000000070aca1800, 0x000000070ae00000| 31%| O|  |TAMS 0x000000070ac00000, 0x000000070ac00000| Untracked 
|   1|0x000000070ae00000, 0x000000070ae00000, 0x000000070b000000|  0%| F|  |TAMS 0x000000070ae00000, 0x000000070ae00000| Untracked 
|   2|0x000000070b000000, 0x000000070b000000, 0x000000070b200000|  0%| F|  |TAMS 0x000000070b000000, 0x000000070b000000| Untracked 
|   3|0x000000070b200000, 0x000000070b200000, 0x000000070b400000|  0%| F|  |TAMS 0x000000070b200000, 0x000000070b200000| Untracked 
|   4|0x000000070b400000, 0x000000070b400000, 0x000000070b600000|  0%| F|  |TAMS 0x000000070b400000, 0x000000070b400000| Untracked 
|   5|0x000000070b600000, 0x000000070b600000, 0x000000070b800000|  0%| F|  |TAMS 0x000000070b600000, 0x000000070b600000| Untracked 
|   6|0x000000070b800000, 0x000000070b800000, 0x000000070ba00000|  0%| F|  |TAMS 0x000000070b800000, 0x000000070b800000| Untracked 
|   7|0x000000070ba00000, 0x000000070ba00000, 0x000000070bc00000|  0%| F|  |TAMS 0x000000070ba00000, 0x000000070ba00000| Untracked 
|   8|0x000000070bc00000, 0x000000070bc00000, 0x000000070be00000|  0%| F|  |TAMS 0x000000070bc00000, 0x000000070bc00000| Untracked 
|   9|0x000000070be00000, 0x000000070be00000, 0x000000070c000000|  0%| F|  |TAMS 0x000000070be00000, 0x000000070be00000| Untracked 
|  10|0x000000070c000000, 0x000000070c000000, 0x000000070c200000|  0%| F|  |TAMS 0x000000070c000000, 0x000000070c000000| Untracked 
|  11|0x000000070c200000, 0x000000070c200000, 0x000000070c400000|  0%| F|  |TAMS 0x000000070c200000, 0x000000070c200000| Untracked 
|  12|0x000000070c400000, 0x000000070c400000, 0x000000070c600000|  0%| F|  |TAMS 0x000000070c400000, 0x000000070c400000| Untracked 
|  13|0x000000070c600000, 0x000000070c600000, 0x000000070c800000|  0%| F|  |TAMS 0x000000070c600000, 0x000000070c600000| Untracked 
|  14|0x000000070c800000, 0x000000070c800000, 0x000000070ca00000|  0%| F|  |TAMS 0x000000070c800000, 0x000000070c800000| Untracked 
|  15|0x000000070ca00000, 0x000000070ca00000, 0x000000070cc00000|  0%| F|  |TAMS 0x000000070ca00000, 0x000000070ca00000| Untracked 
|  16|0x000000070cc00000, 0x000000070cc00000, 0x000000070ce00000|  0%| F|  |TAMS 0x000000070cc00000, 0x000000070cc00000| Untracked 
|  17|0x000000070ce00000, 0x000000070ce00000, 0x000000070d000000|  0%| F|  |TAMS 0x000000070ce00000, 0x000000070ce00000| Untracked 
|  18|0x000000070d000000, 0x000000070d000000, 0x000000070d200000|  0%| F|  |TAMS 0x000000070d000000, 0x000000070d000000| Untracked 
|  19|0x000000070d200000, 0x000000070d200000, 0x000000070d400000|  0%| F|  |TAMS 0x000000070d200000, 0x000000070d200000| Untracked 
|  20|0x000000070d400000, 0x000000070d400000, 0x000000070d600000|  0%| F|  |TAMS 0x000000070d400000, 0x000000070d400000| Untracked 
|  21|0x000000070d600000, 0x000000070d600000, 0x000000070d800000|  0%| F|  |TAMS 0x000000070d600000, 0x000000070d600000| Untracked 
|  22|0x000000070d800000, 0x000000070d800000, 0x000000070da00000|  0%| F|  |TAMS 0x000000070d800000, 0x000000070d800000| Untracked 
|  23|0x000000070da00000, 0x000000070da00000, 0x000000070dc00000|  0%| F|  |TAMS 0x000000070da00000, 0x000000070da00000| Untracked 
|  24|0x000000070dc00000, 0x000000070dc00000, 0x000000070de00000|  0%| F|  |TAMS 0x000000070dc00000, 0x000000070dc00000| Untracked 
|  25|0x000000070de00000, 0x000000070de00000, 0x000000070e000000|  0%| F|  |TAMS 0x000000070de00000, 0x000000070de00000| Untracked 
|  26|0x000000070e000000, 0x000000070e000000, 0x000000070e200000|  0%| F|  |TAMS 0x000000070e000000, 0x000000070e000000| Untracked 
|  27|0x000000070e200000, 0x000000070e200000, 0x000000070e400000|  0%| F|  |TAMS 0x000000070e200000, 0x000000070e200000| Untracked 
|  28|0x000000070e400000, 0x000000070e400000, 0x000000070e600000|  0%| F|  |TAMS 0x000000070e400000, 0x000000070e400000| Untracked 
|  29|0x000000070e600000, 0x000000070e600000, 0x000000070e800000|  0%| F|  |TAMS 0x000000070e600000, 0x000000070e600000| Untracked 
|  30|0x000000070e800000, 0x000000070e800000, 0x000000070ea00000|  0%| F|  |TAMS 0x000000070e800000, 0x000000070e800000| Untracked 
|  31|0x000000070ea00000, 0x000000070ea00000, 0x000000070ec00000|  0%| F|  |TAMS 0x000000070ea00000, 0x000000070ea00000| Untracked 
|  32|0x000000070ec00000, 0x000000070ec00000, 0x000000070ee00000|  0%| F|  |TAMS 0x000000070ec00000, 0x000000070ec00000| Untracked 
|  33|0x000000070ee00000, 0x000000070ee00000, 0x000000070f000000|  0%| F|  |TAMS 0x000000070ee00000, 0x000000070ee00000| Untracked 
|  34|0x000000070f000000, 0x000000070f000000, 0x000000070f200000|  0%| F|  |TAMS 0x000000070f000000, 0x000000070f000000| Untracked 
|  35|0x000000070f200000, 0x000000070f200000, 0x000000070f400000|  0%| F|  |TAMS 0x000000070f200000, 0x000000070f200000| Untracked 
|  36|0x000000070f400000, 0x000000070f400000, 0x000000070f600000|  0%| F|  |TAMS 0x000000070f400000, 0x000000070f400000| Untracked 
|  37|0x000000070f600000, 0x000000070f600000, 0x000000070f800000|  0%| F|  |TAMS 0x000000070f600000, 0x000000070f600000| Untracked 
|  38|0x000000070f800000, 0x000000070f800000, 0x000000070fa00000|  0%| F|  |TAMS 0x000000070f800000, 0x000000070f800000| Untracked 
|  39|0x000000070fa00000, 0x000000070fa00000, 0x000000070fc00000|  0%| F|  |TAMS 0x000000070fa00000, 0x000000070fa00000| Untracked 
|  40|0x000000070fc00000, 0x000000070fc00000, 0x000000070fe00000|  0%| F|  |TAMS 0x000000070fc00000, 0x000000070fc00000| Untracked 
|  41|0x000000070fe00000, 0x000000070fe00000, 0x0000000710000000|  0%| F|  |TAMS 0x000000070fe00000, 0x000000070fe00000| Untracked 
|  42|0x0000000710000000, 0x0000000710000000, 0x0000000710200000|  0%| F|  |TAMS 0x0000000710000000, 0x0000000710000000| Untracked 
|  43|0x0000000710200000, 0x0000000710200000, 0x0000000710400000|  0%| F|  |TAMS 0x0000000710200000, 0x0000000710200000| Untracked 
|  44|0x0000000710400000, 0x0000000710400000, 0x0000000710600000|  0%| F|  |TAMS 0x0000000710400000, 0x0000000710400000| Untracked 
|  45|0x0000000710600000, 0x0000000710600000, 0x0000000710800000|  0%| F|  |TAMS 0x0000000710600000, 0x0000000710600000| Untracked 
|  46|0x0000000710800000, 0x0000000710800000, 0x0000000710a00000|  0%| F|  |TAMS 0x0000000710800000, 0x0000000710800000| Untracked 
|  47|0x0000000710a00000, 0x0000000710a00000, 0x0000000710c00000|  0%| F|  |TAMS 0x0000000710a00000, 0x0000000710a00000| Untracked 
|  48|0x0000000710c00000, 0x0000000710c00000, 0x0000000710e00000|  0%| F|  |TAMS 0x0000000710c00000, 0x0000000710c00000| Untracked 
|  49|0x0000000710e00000, 0x0000000710e00000, 0x0000000711000000|  0%| F|  |TAMS 0x0000000710e00000, 0x0000000710e00000| Untracked 
|  50|0x0000000711000000, 0x0000000711000000, 0x0000000711200000|  0%| F|  |TAMS 0x0000000711000000, 0x0000000711000000| Untracked 
|  51|0x0000000711200000, 0x0000000711200000, 0x0000000711400000|  0%| F|  |TAMS 0x0000000711200000, 0x0000000711200000| Untracked 
|  52|0x0000000711400000, 0x0000000711400000, 0x0000000711600000|  0%| F|  |TAMS 0x0000000711400000, 0x0000000711400000| Untracked 
|  53|0x0000000711600000, 0x0000000711600000, 0x0000000711800000|  0%| F|  |TAMS 0x0000000711600000, 0x0000000711600000| Untracked 
|  54|0x0000000711800000, 0x0000000711800000, 0x0000000711a00000|  0%| F|  |TAMS 0x0000000711800000, 0x0000000711800000| Untracked 
|  55|0x0000000711a00000, 0x0000000711a00000, 0x0000000711c00000|  0%| F|  |TAMS 0x0000000711a00000, 0x0000000711a00000| Untracked 
|  56|0x0000000711c00000, 0x0000000711c00000, 0x0000000711e00000|  0%| F|  |TAMS 0x0000000711c00000, 0x0000000711c00000| Untracked 
|  57|0x0000000711e00000, 0x0000000711e00000, 0x0000000712000000|  0%| F|  |TAMS 0x0000000711e00000, 0x0000000711e00000| Untracked 
|  58|0x0000000712000000, 0x0000000712000000, 0x0000000712200000|  0%| F|  |TAMS 0x0000000712000000, 0x0000000712000000| Untracked 
|  59|0x0000000712200000, 0x0000000712200000, 0x0000000712400000|  0%| F|  |TAMS 0x0000000712200000, 0x0000000712200000| Untracked 
|  60|0x0000000712400000, 0x0000000712400000, 0x0000000712600000|  0%| F|  |TAMS 0x0000000712400000, 0x0000000712400000| Untracked 
|  61|0x0000000712600000, 0x0000000712600000, 0x0000000712800000|  0%| F|  |TAMS 0x0000000712600000, 0x0000000712600000| Untracked 
|  62|0x0000000712800000, 0x0000000712800000, 0x0000000712a00000|  0%| F|  |TAMS 0x0000000712800000, 0x0000000712800000| Untracked 
|  63|0x0000000712a00000, 0x0000000712a00000, 0x0000000712c00000|  0%| F|  |TAMS 0x0000000712a00000, 0x0000000712a00000| Untracked 
|  64|0x0000000712c00000, 0x0000000712c00000, 0x0000000712e00000|  0%| F|  |TAMS 0x0000000712c00000, 0x0000000712c00000| Untracked 
|  65|0x0000000712e00000, 0x0000000712e00000, 0x0000000713000000|  0%| F|  |TAMS 0x0000000712e00000, 0x0000000712e00000| Untracked 
|  66|0x0000000713000000, 0x0000000713000000, 0x0000000713200000|  0%| F|  |TAMS 0x0000000713000000, 0x0000000713000000| Untracked 
|  67|0x0000000713200000, 0x0000000713200000, 0x0000000713400000|  0%| F|  |TAMS 0x0000000713200000, 0x0000000713200000| Untracked 
|  68|0x0000000713400000, 0x0000000713400000, 0x0000000713600000|  0%| F|  |TAMS 0x0000000713400000, 0x0000000713400000| Untracked 
|  69|0x0000000713600000, 0x0000000713600000, 0x0000000713800000|  0%| F|  |TAMS 0x0000000713600000, 0x0000000713600000| Untracked 
|  70|0x0000000713800000, 0x0000000713800000, 0x0000000713a00000|  0%| F|  |TAMS 0x0000000713800000, 0x0000000713800000| Untracked 
|  71|0x0000000713a00000, 0x0000000713a00000, 0x0000000713c00000|  0%| F|  |TAMS 0x0000000713a00000, 0x0000000713a00000| Untracked 
|  72|0x0000000713c00000, 0x0000000713c00000, 0x0000000713e00000|  0%| F|  |TAMS 0x0000000713c00000, 0x0000000713c00000| Untracked 
|  73|0x0000000713e00000, 0x0000000713e00000, 0x0000000714000000|  0%| F|  |TAMS 0x0000000713e00000, 0x0000000713e00000| Untracked 
|  74|0x0000000714000000, 0x0000000714000000, 0x0000000714200000|  0%| F|  |TAMS 0x0000000714000000, 0x0000000714000000| Untracked 
|  75|0x0000000714200000, 0x0000000714200000, 0x0000000714400000|  0%| F|  |TAMS 0x0000000714200000, 0x0000000714200000| Untracked 
|  76|0x0000000714400000, 0x0000000714400000, 0x0000000714600000|  0%| F|  |TAMS 0x0000000714400000, 0x0000000714400000| Untracked 
|  77|0x0000000714600000, 0x0000000714600000, 0x0000000714800000|  0%| F|  |TAMS 0x0000000714600000, 0x0000000714600000| Untracked 
|  78|0x0000000714800000, 0x0000000714800000, 0x0000000714a00000|  0%| F|  |TAMS 0x0000000714800000, 0x0000000714800000| Untracked 
|  79|0x0000000714a00000, 0x0000000714a00000, 0x0000000714c00000|  0%| F|  |TAMS 0x0000000714a00000, 0x0000000714a00000| Untracked 
|  80|0x0000000714c00000, 0x0000000714c00000, 0x0000000714e00000|  0%| F|  |TAMS 0x0000000714c00000, 0x0000000714c00000| Untracked 
|  81|0x0000000714e00000, 0x0000000714e00000, 0x0000000715000000|  0%| F|  |TAMS 0x0000000714e00000, 0x0000000714e00000| Untracked 
|  82|0x0000000715000000, 0x0000000715000000, 0x0000000715200000|  0%| F|  |TAMS 0x0000000715000000, 0x0000000715000000| Untracked 
|  83|0x0000000715200000, 0x0000000715200000, 0x0000000715400000|  0%| F|  |TAMS 0x0000000715200000, 0x0000000715200000| Untracked 
|  84|0x0000000715400000, 0x0000000715400000, 0x0000000715600000|  0%| F|  |TAMS 0x0000000715400000, 0x0000000715400000| Untracked 
|  85|0x0000000715600000, 0x0000000715600000, 0x0000000715800000|  0%| F|  |TAMS 0x0000000715600000, 0x0000000715600000| Untracked 
|  86|0x0000000715800000, 0x0000000715800000, 0x0000000715a00000|  0%| F|  |TAMS 0x0000000715800000, 0x0000000715800000| Untracked 
|  87|0x0000000715a00000, 0x0000000715a00000, 0x0000000715c00000|  0%| F|  |TAMS 0x0000000715a00000, 0x0000000715a00000| Untracked 
|  88|0x0000000715c00000, 0x0000000715c00000, 0x0000000715e00000|  0%| F|  |TAMS 0x0000000715c00000, 0x0000000715c00000| Untracked 
|  89|0x0000000715e00000, 0x0000000715e00000, 0x0000000716000000|  0%| F|  |TAMS 0x0000000715e00000, 0x0000000715e00000| Untracked 
|  90|0x0000000716000000, 0x0000000716000000, 0x0000000716200000|  0%| F|  |TAMS 0x0000000716000000, 0x0000000716000000| Untracked 
|  91|0x0000000716200000, 0x0000000716200000, 0x0000000716400000|  0%| F|  |TAMS 0x0000000716200000, 0x0000000716200000| Untracked 
|  92|0x0000000716400000, 0x0000000716400000, 0x0000000716600000|  0%| F|  |TAMS 0x0000000716400000, 0x0000000716400000| Untracked 
|  93|0x0000000716600000, 0x0000000716600000, 0x0000000716800000|  0%| F|  |TAMS 0x0000000716600000, 0x0000000716600000| Untracked 
|  94|0x0000000716800000, 0x0000000716800000, 0x0000000716a00000|  0%| F|  |TAMS 0x0000000716800000, 0x0000000716800000| Untracked 
|  95|0x0000000716a00000, 0x0000000716a00000, 0x0000000716c00000|  0%| F|  |TAMS 0x0000000716a00000, 0x0000000716a00000| Untracked 
|  96|0x0000000716c00000, 0x0000000716c00000, 0x0000000716e00000|  0%| F|  |TAMS 0x0000000716c00000, 0x0000000716c00000| Untracked 
|  97|0x0000000716e00000, 0x0000000716e00000, 0x0000000717000000|  0%| F|  |TAMS 0x0000000716e00000, 0x0000000716e00000| Untracked 
|  98|0x0000000717000000, 0x0000000717000000, 0x0000000717200000|  0%| F|  |TAMS 0x0000000717000000, 0x0000000717000000| Untracked 
|  99|0x0000000717200000, 0x0000000717200000, 0x0000000717400000|  0%| F|  |TAMS 0x0000000717200000, 0x0000000717200000| Untracked 
| 100|0x0000000717400000, 0x0000000717400000, 0x0000000717600000|  0%| F|  |TAMS 0x0000000717400000, 0x0000000717400000| Untracked 
| 101|0x0000000717600000, 0x0000000717600000, 0x0000000717800000|  0%| F|  |TAMS 0x0000000717600000, 0x0000000717600000| Untracked 
| 102|0x0000000717800000, 0x0000000717800000, 0x0000000717a00000|  0%| F|  |TAMS 0x0000000717800000, 0x0000000717800000| Untracked 
| 103|0x0000000717a00000, 0x0000000717a00000, 0x0000000717c00000|  0%| F|  |TAMS 0x0000000717a00000, 0x0000000717a00000| Untracked 
| 104|0x0000000717c00000, 0x0000000717c00000, 0x0000000717e00000|  0%| F|  |TAMS 0x0000000717c00000, 0x0000000717c00000| Untracked 
| 105|0x0000000717e00000, 0x0000000717e00000, 0x0000000718000000|  0%| F|  |TAMS 0x0000000717e00000, 0x0000000717e00000| Untracked 
| 106|0x0000000718000000, 0x0000000718000000, 0x0000000718200000|  0%| F|  |TAMS 0x0000000718000000, 0x0000000718000000| Untracked 
| 107|0x0000000718200000, 0x0000000718200000, 0x0000000718400000|  0%| F|  |TAMS 0x0000000718200000, 0x0000000718200000| Untracked 
| 108|0x0000000718400000, 0x0000000718400000, 0x0000000718600000|  0%| F|  |TAMS 0x0000000718400000, 0x0000000718400000| Untracked 
| 109|0x0000000718600000, 0x0000000718600000, 0x0000000718800000|  0%| F|  |TAMS 0x0000000718600000, 0x0000000718600000| Untracked 
| 110|0x0000000718800000, 0x0000000718a00000, 0x0000000718a00000|100%| S|CS|TAMS 0x0000000718800000, 0x0000000718800000| Complete 
| 111|0x0000000718a00000, 0x0000000718c00000, 0x0000000718c00000|100%| S|CS|TAMS 0x0000000718a00000, 0x0000000718a00000| Complete 
| 112|0x0000000718c00000, 0x0000000718c00000, 0x0000000718e00000|  0%| F|  |TAMS 0x0000000718c00000, 0x0000000718c00000| Untracked 
| 113|0x0000000718e00000, 0x0000000718e00000, 0x0000000719000000|  0%| F|  |TAMS 0x0000000718e00000, 0x0000000718e00000| Untracked 
| 114|0x0000000719000000, 0x0000000719000000, 0x0000000719200000|  0%| F|  |TAMS 0x0000000719000000, 0x0000000719000000| Untracked 
| 115|0x0000000719200000, 0x0000000719200000, 0x0000000719400000|  0%| F|  |TAMS 0x0000000719200000, 0x0000000719200000| Untracked 
| 116|0x0000000719400000, 0x0000000719400000, 0x0000000719600000|  0%| F|  |TAMS 0x0000000719400000, 0x0000000719400000| Untracked 
| 117|0x0000000719600000, 0x0000000719600000, 0x0000000719800000|  0%| F|  |TAMS 0x0000000719600000, 0x0000000719600000| Untracked 
| 118|0x0000000719800000, 0x0000000719800000, 0x0000000719a00000|  0%| F|  |TAMS 0x0000000719800000, 0x0000000719800000| Untracked 
| 119|0x0000000719a00000, 0x0000000719a00000, 0x0000000719c00000|  0%| F|  |TAMS 0x0000000719a00000, 0x0000000719a00000| Untracked 
| 120|0x0000000719c00000, 0x0000000719ce6c38, 0x0000000719e00000| 45%| E|  |TAMS 0x0000000719c00000, 0x0000000719c00000| Complete 
| 121|0x0000000719e00000, 0x000000071a000000, 0x000000071a000000|100%| E|  |TAMS 0x0000000719e00000, 0x0000000719e00000| Complete 
| 122|0x000000071a000000, 0x000000071a200000, 0x000000071a200000|100%| E|CS|TAMS 0x000000071a000000, 0x000000071a000000| Complete 

Card table byte_map: [0x00000267f7e70000,0x00000267f8620000] _byte_map_base: 0x00000267f461a000

Marking Bits (Prev, Next): (CMBitMap*) 0x00000267ef3941b0, (CMBitMap*) 0x00000267ef3941f0
 Prev Bits: [0x00000267f8dd0000, 0x00000267fcb20000)
 Next Bits: [0x000002678f000000, 0x0000026792d50000)

Polling page: 0x00000267eead0000

Metaspace:

Usage:
  Non-class:     11.07 MB used.
      Class:      1.19 MB used.
       Both:     12.26 MB used.

Virtual space:
  Non-class space:       64.00 MB reserved,      11.12 MB ( 17%) committed,  1 nodes.
      Class space:        1.00 GB reserved,       1.25 MB ( <1%) committed,  1 nodes.
             Both:        1.06 GB reserved,      12.38 MB (  1%) committed. 

Chunk freelists:
   Non-Class:  4.50 MB
       Class:  14.58 MB
        Both:  19.08 MB

MaxMetaspaceSize: unlimited
CompressedClassSpaceSize: 1.00 GB
Initial GC threshold: 21.00 MB
Current GC threshold: 21.00 MB
CDS: on
MetaspaceReclaimPolicy: balanced
 - commit_granule_bytes: 65536.
 - commit_granule_words: 8192.
 - virtual_space_node_default_size: 8388608.
 - enlarge_chunks_in_place: 1.
 - new_chunks_are_fully_committed: 0.
 - uncommit_free_chunks: 1.
 - use_allocation_guard: 0.
 - handle_deallocations: 1.


Internal statistics:

num_allocs_failed_limit: 0.
num_arena_births: 150.
num_arena_deaths: 0.
num_vsnodes_births: 2.
num_vsnodes_deaths: 0.
num_space_committed: 198.
num_space_uncommitted: 0.
num_chunks_returned_to_freelist: 0.
num_chunks_taken_from_freelist: 344.
num_chunk_merges: 0.
num_chunk_splits: 231.
num_chunks_enlarged: 151.
num_inconsistent_stats: 0.

CodeHeap 'non-profiled nmethods': size=119168Kb used=456Kb max_used=456Kb free=118711Kb
 bounds [0x0000026787ba0000, 0x0000026787e10000, 0x000002678f000000]
CodeHeap 'profiled nmethods': size=119104Kb used=2713Kb max_used=2713Kb free=116390Kb
 bounds [0x0000026780000000, 0x00000267802b0000, 0x0000026787450000]
CodeHeap 'non-nmethods': size=7488Kb used=3411Kb max_used=3424Kb free=4076Kb
 bounds [0x0000026787450000, 0x00000267877b0000, 0x0000026787ba0000]
 total_blobs=2688 nmethods=1502 adapters=1096
 compilation: enabled
              stopped_count=0, restarted_count=0
 full_count=0

Compilation events (20 events):
Event: 1.643 Thread 0x00000267d4141940 1495       3       java.nio.Buffer::checkScope (16 bytes)
Event: 1.643 Thread 0x00000267d402b480 1496       3       java.nio.ByteBuffer::put (124 bytes)
Event: 1.643 Thread 0x00000267d4153e50 nmethod 1493 0x00000267802a0c90 code [0x00000267802a0e40, 0x00000267802a1028]
Event: 1.643 Thread 0x00000267d4153e50 1497   !   3       java.nio.ByteBuffer::putBuffer (142 bytes)
Event: 1.644 Thread 0x00000267d4141940 nmethod 1495 0x00000267802a1110 code [0x00000267802a12e0, 0x00000267802a1658]
Event: 1.644 Thread 0x00000267d4141940 1498       1       sun.nio.fs.WindowsFileSystem::provider (5 bytes)
Event: 1.644 Thread 0x00000267d402b480 nmethod 1496 0x00000267802a1790 code [0x00000267802a19c0, 0x00000267802a2268]
Event: 1.644 Thread 0x00000267d4141940 nmethod 1498 0x0000026787c11b90 code [0x0000026787c11d20, 0x0000026787c11df8]
Event: 1.644 Thread 0x00000267d4141420 nmethod 1494 0x00000267802a2510 code [0x00000267802a26e0, 0x00000267802a2b08]
Event: 1.644 Thread 0x00000267d4153e50 nmethod 1497 0x00000267802a2c90 code [0x00000267802a2f40, 0x00000267802a3d78]
Event: 1.644 Thread 0x00000267d4153e50 1499       3       jdk.internal.jimage.ImageLocation::verify (218 bytes)
Event: 1.645 Thread 0x00000267d4153e50 nmethod 1499 0x00000267802a4590 code [0x00000267802a4840, 0x00000267802a55b8]
Event: 1.646 Thread 0x00000267d4153e50 1500       3       sun.nio.ch.IOUtil::read (14 bytes)
Event: 1.646 Thread 0x00000267d4153e50 nmethod 1500 0x00000267802a5b10 code [0x00000267802a5ca0, 0x00000267802a5dc8]
Event: 1.648 Thread 0x00000267d4153e50 1501       3       sun.misc.Unsafe::putLong (11 bytes)
Event: 1.648 Thread 0x00000267d4141420 1502       3       org.lwjgl.system.MemoryUtil::memPutAddress (29 bytes)
Event: 1.648 Thread 0x00000267d402a9d0 1503       4       java.lang.Integer::toUnsignedLong (7 bytes)
Event: 1.648 Thread 0x00000267d4153e50 nmethod 1501 0x00000267802a5e90 code [0x00000267802a6020, 0x00000267802a6138]
Event: 1.648 Thread 0x00000267d4141420 nmethod 1502 0x00000267802a6210 code [0x00000267802a63c0, 0x00000267802a65b8]
Event: 1.648 Thread 0x00000267d402a9d0 nmethod 1503 0x0000026787c11e90 code [0x0000026787c12000, 0x0000026787c12058]

GC Heap History (2 events):
Event: 0.820 GC heap before
{Heap before GC invocations=0 (full 0):
 garbage-first heap   total 251904K, used 20480K [0x000000070ac00000, 0x0000000800000000)
  region size 2048K, 11 young (22528K), 0 survivors (0K)
 Metaspace       used 11224K, committed 11392K, reserved 1114112K
  class space    used 1147K, committed 1216K, reserved 1048576K
}
Event: 0.824 GC heap after
{Heap after GC invocations=1 (full 0):
 garbage-first heap   total 251904K, used 4742K [0x000000070ac00000, 0x0000000800000000)
  region size 2048K, 2 young (4096K), 2 survivors (4096K)
 Metaspace       used 11224K, committed 11392K, reserved 1114112K
  class space    used 1147K, committed 1216K, reserved 1048576K
}

Dll operation events (14 events):
Event: 0.008 Loaded shared library C:\Users\sampw\.jdks\corretto-17.0.11\bin\java.dll
Event: 0.025 Loaded shared library C:\Users\sampw\.jdks\corretto-17.0.11\bin\jsvml.dll
Event: 0.125 Loaded shared library C:\Users\sampw\.jdks\corretto-17.0.11\bin\zip.dll
Event: 0.128 Loaded shared library C:\Users\sampw\.jdks\corretto-17.0.11\bin\instrument.dll
Event: 0.134 Loaded shared library C:\Users\sampw\.jdks\corretto-17.0.11\bin\net.dll
Event: 0.136 Loaded shared library C:\Users\sampw\.jdks\corretto-17.0.11\bin\nio.dll
Event: 0.139 Loaded shared library C:\Users\sampw\.jdks\corretto-17.0.11\bin\zip.dll
Event: 0.236 Loaded shared library C:\Program Files\JetBrains\IntelliJ IDEA Community Edition 2024.1.4\bin\breakgen64.dll
Event: 0.246 Loaded shared library C:\Users\sampw\.jdks\corretto-17.0.11\bin\extnet.dll
Event: 0.295 Loaded shared library C:\Users\sampw\.jdks\corretto-17.0.11\bin\jimage.dll
Event: 0.317 Loaded shared library C:\Users\sampw\AppData\Local\Temp\lwjgl_sampw\3.3.2+13\x64\lwjgl.dll
Event: 0.431 Loaded shared library C:\Users\sampw\.jdks\corretto-17.0.11\bin\awt.dll
Event: 0.701 Loaded shared library C:\Users\sampw\.jdks\corretto-17.0.11\bin\verify.dll
Event: 1.644 Loaded shared library C:\Users\sampw\AppData\Local\Temp\lwjgl_sampw\3.3.2+13\x64\lwjgl_opengl.dll

Deoptimization events (20 events):
Event: 0.653 Thread 0x00000267ef32b140 DEOPT PACKING pc=0x0000026787baddac sp=0x000000f609efe3b0
Event: 0.653 Thread 0x00000267ef32b140 DEOPT UNPACKING pc=0x00000267874a69a3 sp=0x000000f609efe358 mode 2
Event: 0.653 Thread 0x00000267ef32b140 Uncommon trap: trap_request=0xffffffde fr.pc=0x0000026787baddac relative=0x00000000000001ac
Event: 0.653 Thread 0x00000267ef32b140 Uncommon trap: reason=class_check action=maybe_recompile pc=0x0000026787baddac method=java.lang.String.equals(Ljava/lang/Object;)Z @ 8 c2
Event: 0.653 Thread 0x00000267ef32b140 DEOPT PACKING pc=0x0000026787baddac sp=0x000000f609efe330
Event: 0.653 Thread 0x00000267ef32b140 DEOPT UNPACKING pc=0x00000267874a69a3 sp=0x000000f609efe2d8 mode 2
Event: 0.676 Thread 0x00000267ef32b140 Uncommon trap: trap_request=0xffffff45 fr.pc=0x0000026787bd4844 relative=0x0000000000000184
Event: 0.676 Thread 0x00000267ef32b140 Uncommon trap: reason=unstable_if action=reinterpret pc=0x0000026787bd4844 method=java.lang.invoke.VarHandle.checkExactAccessMode(Ljava/lang/invoke/VarHandle$AccessDescriptor;)V @ 4 c2
Event: 0.676 Thread 0x00000267ef32b140 DEOPT PACKING pc=0x0000026787bd4844 sp=0x000000f609efea40
Event: 0.676 Thread 0x00000267ef32b140 DEOPT UNPACKING pc=0x00000267874a69a3 sp=0x000000f609efe980 mode 2
Event: 0.696 Thread 0x00000267ef32b140 Uncommon trap: trap_request=0xffffff45 fr.pc=0x0000026787bfae48 relative=0x0000000000000048
Event: 0.696 Thread 0x00000267ef32b140 Uncommon trap: reason=unstable_if action=reinterpret pc=0x0000026787bfae48 method=java.lang.CharacterData.of(I)Ljava/lang/CharacterData; @ 4 c2
Event: 0.696 Thread 0x00000267ef32b140 DEOPT PACKING pc=0x0000026787bfae48 sp=0x000000f609efe5b0
Event: 0.696 Thread 0x00000267ef32b140 DEOPT UNPACKING pc=0x00000267874a69a3 sp=0x000000f609efe550 mode 2
Event: 0.707 Thread 0x00000267ef32b140 DEOPT PACKING pc=0x0000026780048a65 sp=0x000000f609efce40
Event: 0.707 Thread 0x00000267ef32b140 DEOPT UNPACKING pc=0x00000267874a7143 sp=0x000000f609efc290 mode 0
Event: 0.883 Thread 0x00000267ef32b140 Uncommon trap: trap_request=0xffffff6e fr.pc=0x0000026787bfd52c relative=0x000000000000040c
Event: 0.883 Thread 0x00000267ef32b140 Uncommon trap: reason=loop_limit_check action=maybe_recompile pc=0x0000026787bfd52c method=java.lang.StringLatin1.indexOf([BI[BII)I @ 37 c2
Event: 0.884 Thread 0x00000267ef32b140 DEOPT PACKING pc=0x0000026787bfd52c sp=0x000000f609efde90
Event: 0.884 Thread 0x00000267ef32b140 DEOPT UNPACKING pc=0x00000267874a69a3 sp=0x000000f609efddf0 mode 2

Classes unloaded (0 events):
No events

Classes redefined (0 events):
No events

Internal exceptions (20 events):
Event: 0.392 Thread 0x00000267ef32b140 Exception <a 'sun/nio/fs/WindowsException'{0x00000007197e44e8}> (0x00000007197e44e8) 
thrown [s\src\hotspot\share\prims\jni.cpp, line 516]
Event: 0.392 Thread 0x00000267ef32b140 Exception <a 'sun/nio/fs/WindowsException'{0x00000007197e4878}> (0x00000007197e4878) 
thrown [s\src\hotspot\share\prims\jni.cpp, line 516]
Event: 0.412 Thread 0x00000267ef32b140 Exception <a 'java/lang/NoSuchMethodError'{0x0000000719458960}: 'void java.lang.invoke.DirectMethodHandle$Holder.invokeStatic(java.lang.Object, long, long)'> (0x0000000719458960) 
thrown [s\src\hotspot\share\interpreter\linkResolver.cpp, line 759]
Event: 0.412 Thread 0x00000267ef32b140 Exception <a 'java/lang/NoSuchMethodError'{0x000000071945bef0}: 'void java.lang.invoke.DirectMethodHandle$Holder.invokeStaticInit(java.lang.Object, long, long)'> (0x000000071945bef0) 
thrown [s\src\hotspot\share\interpreter\linkResolver.cpp, line 759]
Event: 0.427 Thread 0x00000267ef32b140 Exception <a 'java/lang/ClassNotFoundException'{0x000000071948a3e0}: sun/awt/resources/spi/awtProvider> (0x000000071948a3e0) 
thrown [s\src\hotspot\share\classfile\systemDictionary.cpp, line 256]
Event: 0.442 Thread 0x00000267ef32b140 Exception <a 'java/io/FileNotFoundException'{0x00000007194d1ee8}> (0x00000007194d1ee8) 
thrown [s\src\hotspot\share\prims\jni.cpp, line 516]
Event: 0.448 Thread 0x00000267ef32b140 Exception <a 'java/io/FileNotFoundException'{0x00000007194ff060}> (0x00000007194ff060) 
thrown [s\src\hotspot\share\prims\jni.cpp, line 516]
Event: 0.562 Thread 0x00000267ef32b140 Exception <a 'java/lang/NoSuchMethodError'{0x0000000719221b20}: 'java.lang.Object java.lang.invoke.DirectMethodHandle$Holder.newInvokeSpecial(java.lang.Object, java.lang.Object, java.lang.Object, java.lang.Object, java.lang.Object)'> (0x0000000719221b20) 
thrown [s\src\hotspot\share\interpreter\linkResolver.cpp, line 759]
Event: 0.563 Thread 0x00000267ef32b140 Exception <a 'java/lang/NoSuchMethodError'{0x000000071922d4e8}: 'java.lang.Object java.lang.invoke.DirectMethodHandle$Holder.invokeStatic(java.lang.Object, int, java.lang.Object, java.lang.Object, java.lang.Object, java.lang.Object)'> (0x000000071922d4e8) 
thrown [s\src\hotspot\share\interpreter\linkResolver.cpp, line 759]
Event: 0.569 Thread 0x00000267ef32b140 Exception <a 'java/lang/NoSuchMethodError'{0x0000000719253080}: 'java.lang.Object java.lang.invoke.DirectMethodHandle$Holder.invokeStatic(java.lang.Object, int, java.lang.Object)'> (0x0000000719253080) 
thrown [s\src\hotspot\share\interpreter\linkResolver.cpp, line 759]
Event: 0.598 Thread 0x00000267ef32b140 Exception <a 'java/lang/ClassNotFoundException'{0x000000071930e990}: com/sun/swing/internal/plaf/metal/resources/spi/metalProvider> (0x000000071930e990) 
thrown [s\src\hotspot\share\classfile\systemDictionary.cpp, line 256]
Event: 0.599 Thread 0x00000267ef32b140 Exception <a 'java/lang/ClassNotFoundException'{0x0000000719312808}: com/sun/swing/internal/plaf/basic/resources/spi/basicProvider> (0x0000000719312808) 
thrown [s\src\hotspot\share\classfile\systemDictionary.cpp, line 256]
Event: 0.605 Thread 0x00000267ef32b140 Implicit null exception at 0x0000026787bc6a90 to 0x0000026787bc6e44
Event: 0.605 Thread 0x00000267ef32b140 Implicit null exception at 0x0000026787bc1010 to 0x0000026787bc13b4
Event: 0.888 Thread 0x00000267ef32b140 Exception <a 'sun/nio/fs/WindowsException'{0x000000071a1ac000}> (0x000000071a1ac000) 
thrown [s\src\hotspot\share\prims\jni.cpp, line 516]
Event: 0.888 Thread 0x00000267ef32b140 Exception <a 'sun/nio/fs/WindowsException'{0x000000071a1ac360}> (0x000000071a1ac360) 
thrown [s\src\hotspot\share\prims\jni.cpp, line 516]
Event: 1.642 Thread 0x00000267ef32b140 Exception <a 'sun/nio/fs/WindowsException'{0x0000000719c3d288}> (0x0000000719c3d288) 
thrown [s\src\hotspot\share\prims\jni.cpp, line 516]
Event: 1.643 Thread 0x00000267ef32b140 Exception <a 'sun/nio/fs/WindowsException'{0x0000000719c3d630}> (0x0000000719c3d630) 
thrown [s\src\hotspot\share\prims\jni.cpp, line 516]
Event: 1.647 Thread 0x00000267ef32b140 Exception <a 'sun/nio/fs/WindowsException'{0x0000000719c503a8}> (0x0000000719c503a8) 
thrown [s\src\hotspot\share\prims\jni.cpp, line 516]
Event: 1.647 Thread 0x00000267ef32b140 Exception <a 'sun/nio/fs/WindowsException'{0x0000000719c50688}> (0x0000000719c50688) 
thrown [s\src\hotspot\share\prims\jni.cpp, line 516]

VM Operations (18 events):
Event: 0.239 Executing VM operation: HandshakeAllThreads
Event: 0.239 Executing VM operation: HandshakeAllThreads done
Event: 0.285 Executing VM operation: HandshakeAllThreads
Event: 0.285 Executing VM operation: HandshakeAllThreads done
Event: 0.309 Executing VM operation: HandshakeAllThreads
Event: 0.309 Executing VM operation: HandshakeAllThreads done
Event: 0.623 Executing VM operation: HandshakeAllThreads
Event: 0.623 Executing VM operation: HandshakeAllThreads done
Event: 0.687 Executing VM operation: HandshakeAllThreads
Event: 0.687 Executing VM operation: HandshakeAllThreads done
Event: 0.696 Executing VM operation: HandshakeAllThreads
Event: 0.696 Executing VM operation: HandshakeAllThreads done
Event: 0.752 Executing VM operation: ICBufferFull
Event: 0.752 Executing VM operation: ICBufferFull done
Event: 0.819 Executing VM operation: G1CollectForAllocation
Event: 0.825 Executing VM operation: G1CollectForAllocation done
Event: 1.038 Executing VM operation: HandshakeAllThreads
Event: 1.038 Executing VM operation: HandshakeAllThreads done

Events (20 events):
Event: 1.042 loading class sun/util/resources/TimeZoneNamesBundle done
Event: 1.042 loading class sun/util/resources/cldr/TimeZoneNames done
Event: 1.042 loading class sun/util/resources/cldr/TimeZoneNames_en
Event: 1.043 loading class sun/util/resources/cldr/TimeZoneNames_en done
Event: 1.043 loading class sun/util/resources/cldr/TimeZoneNames_en_US
Event: 1.043 loading class sun/util/resources/cldr/TimeZoneNames_en_US done
Event: 1.047 Thread 0x00000267e28fe330 Thread added: 0x00000267e28fe330
Event: 1.266 Thread 0x00000267e28fe330 Thread exited: 0x00000267e28fe330
Event: 1.266 loading class java/awt/MenuComponent
Event: 1.267 loading class java/awt/MenuComponent done
Event: 1.267 loading class java/awt/TrayIcon
Event: 1.267 loading class java/awt/TrayIcon done
Event: 1.283 loading class java/util/WeakHashMap$KeyIterator
Event: 1.283 loading class java/util/WeakHashMap$HashIterator
Event: 1.283 loading class java/util/WeakHashMap$HashIterator done
Event: 1.283 loading class java/util/WeakHashMap$KeyIterator done
Event: 1.442 loading class javax/swing/RepaintManager$DisplayChangedRunnable
Event: 1.442 loading class javax/swing/RepaintManager$DisplayChangedRunnable done
Event: 1.639 loading class jdk/internal/misc/ScopedMemoryAccess$Scope
Event: 1.639 loading class jdk/internal/misc/ScopedMemoryAccess$Scope done


Dynamic libraries:
0x00007ff7a0f00000 - 0x00007ff7a0f0e000 	C:\Users\sampw\.jdks\corretto-17.0.11\bin\java.exe
0x00007ffb00eb0000 - 0x00007ffb010c7000 	C:\WINDOWS\SYSTEM32\ntdll.dll
0x00007ffb001e0000 - 0x00007ffb002a4000 	C:\WINDOWS\System32\KERNEL32.DLL
0x00007ffafe840000 - 0x00007ffafebed000 	C:\WINDOWS\System32\KERNELBASE.dll
0x00007ffafe5b0000 - 0x00007ffafe6c1000 	C:\WINDOWS\System32\ucrtbase.dll
0x00007ffaf9310000 - 0x00007ffaf9327000 	C:\Users\sampw\.jdks\corretto-17.0.11\bin\jli.dll
0x00007ffaf8be0000 - 0x00007ffaf8bfb000 	C:\Users\sampw\.jdks\corretto-17.0.11\bin\VCRUNTIME140.dll
0x00007ffb002b0000 - 0x00007ffb0045e000 	C:\WINDOWS\System32\USER32.dll
0x00007ffafe750000 - 0x00007ffafe776000 	C:\WINDOWS\System32\win32u.dll
0x00007ffaf4580000 - 0x00007ffaf4813000 	C:\WINDOWS\WinSxS\amd64_microsoft.windows.common-controls_6595b64144ccf1df_6.0.22621.3672_none_2713b9d173822955\COMCTL32.dll
0x00007ffafff80000 - 0x00007ffafffa9000 	C:\WINDOWS\System32\GDI32.dll
0x00007ffafe210000 - 0x00007ffafe329000 	C:\WINDOWS\System32\gdi32full.dll
0x00007ffaff000000 - 0x00007ffaff0a7000 	C:\WINDOWS\System32\msvcrt.dll
0x00007ffafe330000 - 0x00007ffafe3ca000 	C:\WINDOWS\System32\msvcp_win.dll
0x00007ffb00480000 - 0x00007ffb004b1000 	C:\WINDOWS\System32\IMM32.DLL
0x00007ffafaee0000 - 0x00007ffafaeec000 	C:\Users\sampw\.jdks\corretto-17.0.11\bin\vcruntime140_1.dll
0x00007ffaf7c60000 - 0x00007ffaf7ced000 	C:\Users\sampw\.jdks\corretto-17.0.11\bin\msvcp140.dll
0x00007ffab1530000 - 0x00007ffab2192000 	C:\Users\sampw\.jdks\corretto-17.0.11\bin\server\jvm.dll
0x00007ffaffa00000 - 0x00007ffaffab2000 	C:\WINDOWS\System32\ADVAPI32.dll
0x00007ffb00130000 - 0x00007ffb001d9000 	C:\WINDOWS\System32\sechost.dll
0x00007ffafe1e0000 - 0x00007ffafe208000 	C:\WINDOWS\System32\bcrypt.dll
0x00007ffafffb0000 - 0x00007ffb000c4000 	C:\WINDOWS\System32\RPCRT4.dll
0x00007ffaf7690000 - 0x00007ffaf7699000 	C:\WINDOWS\SYSTEM32\WSOCK32.dll
0x00007ffafd070000 - 0x00007ffafd0bd000 	C:\WINDOWS\SYSTEM32\POWRPROF.dll
0x00007ffaf2430000 - 0x00007ffaf2464000 	C:\WINDOWS\SYSTEM32\WINMM.dll
0x00007ffaf4900000 - 0x00007ffaf490a000 	C:\WINDOWS\SYSTEM32\VERSION.dll
0x00007ffafef80000 - 0x00007ffafeff1000 	C:\WINDOWS\System32\WS2_32.dll
0x00007ffafd050000 - 0x00007ffafd063000 	C:\WINDOWS\SYSTEM32\UMPDC.dll
0x00007ffafd300000 - 0x00007ffafd318000 	C:\WINDOWS\SYSTEM32\kernel.appcore.dll
0x00007ffafaec0000 - 0x00007ffafaeca000 	C:\Users\sampw\.jdks\corretto-17.0.11\bin\jimage.dll
0x00007ffafbbe0000 - 0x00007ffafbe12000 	C:\WINDOWS\SYSTEM32\DBGHELP.DLL
0x00007ffafebf0000 - 0x00007ffafef78000 	C:\WINDOWS\System32\combase.dll
0x00007ffb00680000 - 0x00007ffb00757000 	C:\WINDOWS\System32\OLEAUT32.dll
0x00007ffaf2630000 - 0x00007ffaf2662000 	C:\WINDOWS\SYSTEM32\dbgcore.DLL
0x00007ffafe6d0000 - 0x00007ffafe74b000 	C:\WINDOWS\System32\bcryptPrimitives.dll
0x00007ffaf8e90000 - 0x00007ffaf8e9e000 	C:\Users\sampw\.jdks\corretto-17.0.11\bin\instrument.dll
0x00007ffaf7e90000 - 0x00007ffaf7eb5000 	C:\Users\sampw\.jdks\corretto-17.0.11\bin\java.dll
0x00007ffae7330000 - 0x00007ffae7407000 	C:\Users\sampw\.jdks\corretto-17.0.11\bin\jsvml.dll
0x00007ffaff0b0000 - 0x00007ffaff90f000 	C:\WINDOWS\System32\SHELL32.dll
0x00007ffafc100000 - 0x00007ffafc9fc000 	C:\WINDOWS\SYSTEM32\windows.storage.dll
0x00007ffafbfc0000 - 0x00007ffafc0ff000 	C:\WINDOWS\SYSTEM32\wintypes.dll
0x00007ffaffac0000 - 0x00007ffaffbb4000 	C:\WINDOWS\System32\SHCORE.dll
0x00007ffaff910000 - 0x00007ffaff96e000 	C:\WINDOWS\System32\shlwapi.dll
0x00007ffafe110000 - 0x00007ffafe131000 	C:\WINDOWS\SYSTEM32\profapi.dll
0x00007ffaf7c40000 - 0x00007ffaf7c58000 	C:\Users\sampw\.jdks\corretto-17.0.11\bin\zip.dll
0x00007ffaf7d50000 - 0x00007ffaf7d69000 	C:\Users\sampw\.jdks\corretto-17.0.11\bin\net.dll
0x00007ffaf9a40000 - 0x00007ffaf9b76000 	C:\WINDOWS\SYSTEM32\WINHTTP.dll
0x00007ffafd770000 - 0x00007ffafd7d9000 	C:\WINDOWS\system32\mswsock.dll
0x00007ffaf7d30000 - 0x00007ffaf7d46000 	C:\Users\sampw\.jdks\corretto-17.0.11\bin\nio.dll
0x00007ffaf7290000 - 0x00007ffaf72aa000 	C:\Program Files\JetBrains\IntelliJ IDEA Community Edition 2024.1.4\bin\breakgen64.dll
0x00007ffaf7280000 - 0x00007ffaf7289000 	C:\Users\sampw\.jdks\corretto-17.0.11\bin\extnet.dll
0x00007ffae36a0000 - 0x00007ffae371a000 	C:\Users\sampw\AppData\Local\Temp\lwjgl_sampw\3.3.2+13\x64\lwjgl.dll
0x00007ffabde70000 - 0x00007ffabe0e0000 	C:\Users\sampw\AppData\Local\Temp\lwjgl_sampw\3.3.2+13\x64\jemalloc.dll
0x00007ffab2c90000 - 0x00007ffab2e20000 	C:\Users\sampw\.jdks\corretto-17.0.11\bin\awt.dll
0x00007ffaf75f0000 - 0x00007ffaf7687000 	C:\WINDOWS\SYSTEM32\apphelp.dll
0x00007ffafb380000 - 0x00007ffafb3ab000 	C:\WINDOWS\system32\DWMAPI.DLL
0x00007ffafb100000 - 0x00007ffafb1af000 	C:\WINDOWS\system32\uxtheme.dll
0x00007ffa929c0000 - 0x00007ffa92ac0000 	C:\WINDOWS\system32\opengl32.dll
0x00007ffac7fd0000 - 0x00007ffac7ffd000 	C:\WINDOWS\SYSTEM32\GLU32.dll
0x00007ffafb440000 - 0x00007ffafb479000 	C:\WINDOWS\SYSTEM32\dxcore.dll
0x00007ffaffc40000 - 0x00007ffaffd93000 	C:\WINDOWS\System32\MSCTF.dll
0x00007ffaffdd0000 - 0x00007ffafff75000 	C:\WINDOWS\System32\ole32.dll
0x00007ffabb110000 - 0x00007ffabb2b8000 	C:\WINDOWS\system32\d3d9.dll
0x00007ffaf2470000 - 0x00007ffaf262a000 	C:\WINDOWS\System32\DriverStore\FileRepository\u0381040.inf_amd64_4455b7391a60ce8d\B380794\aticfx64.dll
0x00007ffa91bc0000 - 0x00007ffa91bf4000 	C:\WINDOWS\System32\DriverStore\FileRepository\u0381040.inf_amd64_4455b7391a60ce8d\B380794\atiu9p64.dll
0x00007ffa8ff90000 - 0x00007ffa90ce6000 	C:\WINDOWS\System32\DriverStore\FileRepository\u0381040.inf_amd64_4455b7391a60ce8d\B380794\atiumd64.dll
0x000000006e220000 - 0x000000006f0df000 	C:\WINDOWS\System32\DriverStore\FileRepository\u0381040.inf_amd64_4455b7391a60ce8d\B380794\atiumd6a.dll
0x00007ffb00760000 - 0x00007ffb00bd4000 	C:\WINDOWS\System32\SETUPAPI.dll
0x00007ffaf3e40000 - 0x00007ffaf3e70000 	C:\WINDOWS\SYSTEM32\amdihk64.dll
0x00007ffaf4db0000 - 0x00007ffaf4df9000 	C:\WINDOWS\SYSTEM32\directxdatabasehelper.dll
0x00007ffaf4540000 - 0x00007ffaf4550000 	C:\Users\sampw\.jdks\corretto-17.0.11\bin\verify.dll
0x00007ffae2ee0000 - 0x00007ffae2f62000 	C:\Users\sampw\AppData\Local\Temp\lwjgl_sampw\3.3.2+13\x64\glfw.dll
0x00007ffaecc40000 - 0x00007ffaecc86000 	C:\WINDOWS\SYSTEM32\dinput8.dll
0x00007ffaf44b0000 - 0x00007ffaf44c1000 	C:\WINDOWS\SYSTEM32\xinput1_4.dll
0x00007ffafdec0000 - 0x00007ffafdf0e000 	C:\WINDOWS\SYSTEM32\cfgmgr32.dll
0x00007ffafde90000 - 0x00007ffafdebc000 	C:\WINDOWS\SYSTEM32\DEVOBJ.dll
0x00007ffae7ce0000 - 0x00007ffae7eee000 	C:\WINDOWS\SYSTEM32\inputhost.dll
0x00007ffaf7090000 - 0x00007ffaf71c3000 	C:\WINDOWS\SYSTEM32\CoreMessaging.dll
0x00007ffafd9d0000 - 0x00007ffafd9dc000 	C:\WINDOWS\SYSTEM32\CRYPTBASE.DLL
0x00007ffb00bf0000 - 0x00007ffb00ca0000 	C:\WINDOWS\System32\clbcatq.dll
0x00007ffaf8d20000 - 0x00007ffaf8e62000 	C:\Windows\System32\AppXDeploymentClient.dll
0x00007ffabccc0000 - 0x00007ffabccec000 	C:\WINDOWS\System32\DriverStore\FileRepository\u0381040.inf_amd64_4455b7391a60ce8d\B380794\atig6pxx.dll
0x00007ffa6fad0000 - 0x00007ffa72930000 	C:\WINDOWS\System32\DriverStore\FileRepository\u0381040.inf_amd64_4455b7391a60ce8d\B380794\atio6axx.dll
0x00007ffaf7d90000 - 0x00007ffaf7db5000 	C:\WINDOWS\SYSTEM32\dxva2.dll
0x00007ffab2e20000 - 0x00007ffab2e5f000 	C:\WINDOWS\System32\DriverStore\FileRepository\u0381040.inf_amd64_4455b7391a60ce8d\B380794\atig6txx.dll
0x00007ffa89c30000 - 0x00007ffa89e00000 	C:\WINDOWS\SYSTEM32\atiadlxx.dll
0x00007ffb00be0000 - 0x00007ffb00be8000 	C:\WINDOWS\System32\PSAPI.DLL
0x00007ffafbe30000 - 0x00007ffafbf30000 	C:\WINDOWS\SYSTEM32\PROPSYS.dll
0x00007ffadfaf0000 - 0x00007ffadfb40000 	C:\WINDOWS\SYSTEM32\pdh.dll
0x00007ffafe3d0000 - 0x00007ffafe43b000 	C:\WINDOWS\System32\WINTRUST.dll
0x00007ffafe440000 - 0x00007ffafe5a7000 	C:\WINDOWS\System32\CRYPT32.dll
0x00007ffafda30000 - 0x00007ffafda42000 	C:\WINDOWS\SYSTEM32\MSASN1.dll
0x00007ffaec2b0000 - 0x00007ffaec3fe000 	C:\WINDOWS\SYSTEM32\textinputframework.dll
0x00007ffaf3f70000 - 0x00007ffaf42dd000 	C:\WINDOWS\SYSTEM32\CoreUIComponents.dll
0x00007ffaec5a0000 - 0x00007ffaec609000 	C:\WINDOWS\system32\Oleacc.dll
0x00007ffae2e80000 - 0x00007ffae2ede000 	C:\Users\sampw\AppData\Local\Temp\lwjgl_sampw\3.3.2+13\x64\lwjgl_opengl.dll

dbghelp: loaded successfully - version: 4.0.5 - missing functions: none
symbol engine: initialized successfully - sym options: 0x614 - pdb path: .;C:\Users\sampw\.jdks\corretto-17.0.11\bin;C:\WINDOWS\SYSTEM32;C:\WINDOWS\WinSxS\amd64_microsoft.windows.common-controls_6595b64144ccf1df_6.0.22621.3672_none_2713b9d173822955;C:\Users\sampw\.jdks\corretto-17.0.11\bin\server;C:\Program Files\JetBrains\IntelliJ IDEA Community Edition 2024.1.4\bin;C:\Users\sampw\AppData\Local\Temp\lwjgl_sampw\3.3.2+13\x64;C:\WINDOWS\System32\DriverStore\FileRepository\u0381040.inf_amd64_4455b7391a60ce8d\B380794

VM Arguments:
jvm_args: -javaagent:C:\Program Files\JetBrains\IntelliJ IDEA Community Edition 2024.1.4\lib\idea_rt.jar=58051:C:\Program Files\JetBrains\IntelliJ IDEA Community Edition 2024.1.4\bin -Dfile.encoding=UTF-8 
java_command: com.xbuilders.game.Main
java_class_path (initial): C:\Local Files\github\Xbuilders\target\classes;C:\Users\sampw\.m2\repository\com\google\code\gson\gson\2.10.1\gson-2.10.1.jar;C:\Users\sampw\.m2\repository\org\lwjgl\lwjgl\3.3.2\lwjgl-3.3.2.jar;C:\Users\sampw\.m2\repository\org\lwjgl\lwjgl-assimp\3.3.2\lwjgl-assimp-3.3.2.jar;C:\Users\sampw\.m2\repository\org\lwjgl\lwjgl-bgfx\3.3.2\lwjgl-bgfx-3.3.2.jar;C:\Users\sampw\.m2\repository\org\lwjgl\lwjgl-cuda\3.3.2\lwjgl-cuda-3.3.2.jar;C:\Users\sampw\.m2\repository\org\lwjgl\lwjgl-egl\3.3.2\lwjgl-egl-3.3.2.jar;C:\Users\sampw\.m2\repository\org\lwjgl\lwjgl-fmod\3.3.2\lwjgl-fmod-3.3.2.jar;C:\Users\sampw\.m2\repository\org\lwjgl\lwjgl-freetype\3.3.2\lwjgl-freetype-3.3.2.jar;C:\Users\sampw\.m2\repository\org\lwjgl\lwjgl-glfw\3.3.2\lwjgl-glfw-3.3.2.jar;C:\Users\sampw\.m2\repository\org\lwjgl\lwjgl-harfbuzz\3.3.2\lwjgl-harfbuzz-3.3.2.jar;C:\Users\sampw\.m2\repository\org\lwjgl\lwjgl-hwloc\3.3.2\lwjgl-hwloc-3.3.2.jar;C:\Users\sampw\.m2\repository\org\lwjgl\lwjgl-jawt\3.3.2\lwjgl-jawt-3.3.2.jar;C:\Users\sampw\.m2\repository\org\lwjgl\lwjgl-jemalloc\3.3.2\lwjgl-jemalloc-3.3.2.jar;C:\Users\sampw\.m2\repository\org\lwjgl\lwjgl-ktx\3.3.2\lwjgl-ktx-3.3.2.jar;C:\Users\sampw\.m2\repository\org\lwjgl\lwjgl-libdivide\3.3.2\lwjgl-libdivide-3.3.2.jar;C:\Users\sampw\.m2\repository\org\lwjgl\lwjgl-llvm\3.3.2\lwjgl-llvm-3.3.2.jar;C:\Users\sampw\.m2\repository\org\lwjgl\lwjgl-lmdb\3.3.2\lwjgl-lmdb-3.3.2.jar;C:\Users\sampw\.m2\repository\org\lwjgl\lwjgl-lz4\3.3.2\lwjgl-lz4-3.3.2.jar;C:\Users\sampw\.m2\repository\org\lwjgl\lwjgl-meow\3.3.2\lwjgl-meow-3.3.2.jar;C:\Users\sampw\.m2\repository\org\lwjgl\lwjgl-meshoptimizer\3.3.2\lwjgl-meshoptimizer-3.3.2.jar;C:\Users\sampw\.m2\repository\org\lwjgl\lwjgl-nanovg\3.3.2\lwjgl-nanovg-3.3.2.jar;C:\Users\sampw\.m2\repository\org\lwjgl\lwjgl-nfd\3.3.2\lwjgl-nfd-3.3.2.jar;C:\Users\sampw\.m2\repository\org\lwjgl\lwjgl-nuklear\3.3.2\lwjgl-nuklear-3.3.2.jar;C:\Users\sampw\.m2\repository\org\lwjgl\lwjgl-odbc\3.3.2\lwjgl-odbc-3.3.2.jar;C
Launcher Type: SUN_STANDARD

[Global flags]
     intx CICompilerCount                          = 12                                        {product} {ergonomic}
     uint ConcGCThreads                            = 3                                         {product} {ergonomic}
     uint G1ConcRefinementThreads                  = 13                                        {product} {ergonomic}
   size_t G1HeapRegionSize                         = 2097152                                   {product} {ergonomic}
    uintx GCDrainStackTargetSize                   = 64                                        {product} {ergonomic}
   size_t InitialHeapSize                          = 257949696                                 {product} {ergonomic}
   size_t MarkStackSize                            = 4194304                                   {product} {ergonomic}
   size_t MaxHeapSize                              = 4114612224                                {product} {ergonomic}
   size_t MaxNewSize                               = 2468347904                                {product} {ergonomic}
   size_t MinHeapDeltaBytes                        = 2097152                                   {product} {ergonomic}
   size_t MinHeapSize                              = 8388608                                   {product} {ergonomic}
    uintx NonNMethodCodeHeapSize                   = 7602480                                {pd product} {ergonomic}
    uintx NonProfiledCodeHeapSize                  = 122027880                              {pd product} {ergonomic}
    uintx ProfiledCodeHeapSize                     = 122027880                              {pd product} {ergonomic}
    uintx ReservedCodeCacheSize                    = 251658240                              {pd product} {ergonomic}
     bool SegmentedCodeCache                       = true                                      {product} {ergonomic}
   size_t SoftMaxHeapSize                          = 4114612224                             {manageable} {ergonomic}
     bool UseCompressedClassPointers               = true                           {product lp64_product} {ergonomic}
     bool UseCompressedOops                        = true                           {product lp64_product} {ergonomic}
     bool UseG1GC                                  = true                                      {product} {ergonomic}
     bool UseLargePagesIndividualAllocation        = false                                  {pd product} {ergonomic}

Logging:
Log output configuration:
 #0: stdout all=warning uptime,level,tags
 #1: stderr all=off uptime,level,tags

Environment Variables:
JAVA_HOME=C:\Program Files\Java\jdk-17.0.1
PATH=C:\Program Files\Common Files\Oracle\Java\javapath;C:\WINDOWS\system32;C:\WINDOWS;C:\WINDOWS\System32\Wbem;C:\WINDOWS\System32\WindowsPowerShell\v1.0\;C:\WINDOWS\System32\OpenSSH\;C:\Program Files\PuTTY\;C:\Program Files\nodejs\;C:\Program Files\Java\jdk-16.0.1\bin;C:\Program Files\Apache Software Foundation\apache-maven-3.8.1\bin;C:\Program Files\dotnet\;C:\Program Files\HP\HP One Agent;C:\Program Files\Git\cmd;C:\Program Files (x86)\Windows Kits\10\Windows Performance Toolkit\;C:\Program Files\GitHub CLI\;C:\Users\sampw\AppData\Local\Microsoft\WindowsApps;C:\Users\sampw\AppData\Roaming\npm;C:\Program Files (x86)\mingw-w64\i686-8.1.0-posix-dwarf-rt_v6-rev0\mingw32\bin;C:\Users\sampw\anaconda3;C:\Program Files\heroku\bin;C:\Programs\Program Downloads\ffmpeg-N-102431-gf140239777-win64-gpl-shared\bin;C:\Users\sampw\AppData\Local\Packages\PythonSoftwareFoundation.Python.3.9_qbz5n2kfra8p0\LocalCache\local-packages\Python39\Scripts;C:\Programs\apache-ant-1.10.13\bin;C:\Program Files\Microsoft Visual Studio\2022\Community\Common7\IDE\CommonExtensions\Microsoft\CMake\CMake\bin\;C:\Program Files\JetBrains\IntelliJ IDEA Community Edition 2023.3.2\bin;;C:\Users\sampw\AppData\Local\Programs\Microsoft VS Code\bin;C:\Users\sampw\AppData\Local\GitHubDesktop\bin
USERNAME=sampw
OS=Windows_NT
PROCESSOR_IDENTIFIER=AMD64 Family 23 Model 104 Stepping 1, AuthenticAMD
TMP=C:\Users\sampw\AppData\Local\Temp
TEMP=C:\Users\sampw\AppData\Local\Temp



Periodic native trim disabled


---------------  S Y S T E M  ---------------

OS:
 Windows 11 , 64 bit Build 22621 (10.0.22621.3672)
OS uptime: 5 days 20:05 hours
Hyper-V role detected

CPU: total 16 (initial active 16) (16 cores per cpu, 2 threads per core) family 23 model 104 stepping 1 microcode 0x0, cx8, cmov, fxsr, ht, mmx, 3dnowpref, sse, sse2, sse3, ssse3, sse4a, sse4.1, sse4.2, popcnt, lzcnt, tsc, tscinvbit, avx, avx2, aes, clmul, bmi1, bmi2, adx, sha, fma, vzeroupper, clflush, clflushopt, hv
Processor Information for all 16 processors :
  Max Mhz: 1801, Current Mhz: 1801, Mhz Limit: 1801

Memory: 4k page, system-wide physical 15695M (2795M free)
TotalPageFile size 31391M (AvailPageFile size 13143M)
current process WorkingSet (physical memory assigned to process): 139M, peak: 145M
current process commit charge ("private bytes"): 477M, peak: 479M

vm_info: OpenJDK 64-Bit Server VM (17.0.11+9-LTS) for windows-amd64 JRE (17.0.11+9-LTS), built on Apr 10 2024 22:12:24 by "Administrator" with MS VC++ 16.10 / 16.11 (VS2019)

END.
