#
# A fatal error has been detected by the Java Runtime Environment:
#
#  EXCEPTION_ACCESS_VIOLATION (0xc0000005) at pc=0x00007ffae2bacefc, pid=26836, tid=3788
#
# JRE version: OpenJDK Runtime Environment Corretto-17.0.11.9.1 (17.0.11+9) (build 17.0.11+9-LTS)
# Java VM: OpenJDK 64-Bit Server VM Corretto-17.0.11.9.1 (17.0.11+9-LTS, mixed mode, sharing, tiered, compressed oops, compressed class ptrs, g1 gc, windows-amd64)
# Problematic frame:
# C  [lwjgl_opengl.dll+0xcefc]
#
# No core dump will be written. Minidumps are not enabled by default on client versions of Windows
#
# If you would like to submit a bug report, please visit:
#   https://github.com/corretto/corretto-17/issues/
# The crash happened outside the Java Virtual Machine in native code.
# See problematic frame for where to report the bug.
#

---------------  S U M M A R Y ------------

Command Line: -javaagent:C:\Program Files\JetBrains\IntelliJ IDEA Community Edition 2024.1.4\lib\idea_rt.jar=55572:C:\Program Files\JetBrains\IntelliJ IDEA Community Edition 2024.1.4\bin -Dfile.encoding=UTF-8 com.xbuilders.game.Main

Host: AMD Ryzen 7 5700U with Radeon Graphics         , 16 cores, 15G,  Windows 11 , 64 bit Build 22621 (10.0.22621.3672)
Time: Tue Jul  2 14:31:49 2024 Mountain Daylight Time elapsed time: 1.694364 seconds (0d 0h 0m 1s)

---------------  T H R E A D  ---------------

Current thread (0x0000016919a691e0):  JavaThread "main" [_thread_in_native, id=3788, stack(0x0000001de4100000,0x0000001de4200000)]

Stack: [0x0000001de4100000,0x0000001de4200000],  sp=0x0000001de41fd4d8,  free space=1013k
Native frames: (J=compiled Java code, j=interpreted, Vv=VM code, C=native code)
C  [lwjgl_opengl.dll+0xcefc]

Java frames: (J=compiled Java code, j=interpreted, Vv=VM code)
j  org.lwjgl.opengl.GL11C.glViewport(IIII)V+0
j  org.lwjgl.opengl.GL11.glViewport(IIII)V+4
j  com.xbuilders.window.BaseWindow$1.invoke(JII)V+16
j  org.lwjgl.glfw.GLFWFramebufferSizeCallbackI.callback(JJ)V+34
v  ~StubRoutines::call_stub
j  org.lwjgl.system.JNI.invokePV(JIIJ)V+0
j  org.lwjgl.glfw.GLFW.glfwSetWindowSize(JII)V+21
j  com.xbuilders.window.BaseWindow.startWindow(Ljava/lang/String;ZII)V+171
j  com.xbuilders.window.NKWindow.startWindow(Ljava/lang/String;ZII)V+6
j  com.xbuilders.game.Main.<init>()V+195
j  com.xbuilders.game.Main.main([Ljava/lang/String;)V+128
v  ~StubRoutines::call_stub

siginfo: EXCEPTION_ACCESS_VIOLATION (0xc0000005), reading address 0x0000000000000a78


Registers:
RAX=0x000001697eb5fa50, RBX=0x0000016900b80390, RCX=0x0000000000000000, RDX=0x0000000000000000
RSP=0x0000001de41fd4d8, RBP=0x0000001de41fd570, RSI=0x0000000000006bcc, RDI=0x0000000000000110
R8 =0x0000000000000640, R9 =0x0000000000000384, R10=0x0000000000000000, R11=0x0000000719ffd950
R12=0x0000000000000000, R13=0x0000016900b74fe0, R14=0x0000001de41fd5a8, R15=0x0000016919a691e0
RIP=0x00007ffae2bacefc, EFLAGS=0x0000000000010202


Register to memory mapping:

RIP=0x00007ffae2bacefc lwjgl_opengl.dll
RAX=0x000001697eb5fa50 points into unknown readable memory: 0x0000000000000000 | 00 00 00 00 00 00 00 00
RBX={method} {0x0000016900b80398} 'glViewport' '(IIII)V' in 'org/lwjgl/opengl/GL11C'
RCX=0x0 is NULL
RDX=0x0 is NULL
RSP=0x0000001de41fd4d8 is pointing into the stack for thread: 0x0000016919a691e0
RBP=0x0000001de41fd570 is pointing into the stack for thread: 0x0000016919a691e0
RSI=0x0000000000006bcc is an unknown value
RDI=0x0000000000000110 is an unknown value
R8 =0x0000000000000640 is an unknown value
R9 =0x0000000000000384 is an unknown value
R10=0x0 is NULL
R11=0x0000000719ffd950 is an oop: java.lang.Class 
{0x0000000719ffd950} - klass: 'java/lang/Class'
 - ---- fields (total size 116 words):
 - private volatile transient 'classRedefinedCount' 'I' @12  0
 - private volatile transient 'cachedConstructor' 'Ljava/lang/reflect/Constructor;' @40  NULL (0)
 - private transient 'name' 'Ljava/lang/String;' @44  "org.lwjgl.opengl.GL11C"{0x0000000719ffdd00} (e33ffba0)
 - private transient 'module' 'Ljava/lang/Module;' @48  a 'java/lang/Module'{0x0000000718a6e078} (e314dc0f)
 - private final 'classLoader' 'Ljava/lang/ClassLoader;' @52  a 'jdk/internal/loader/ClassLoaders$AppClassLoader'{0x0000000718a00000} (e3140000)
 - private transient 'classData' 'Ljava/lang/Object;' @56  NULL (0)
 - private transient 'packageName' 'Ljava/lang/String;' @60  "org.lwjgl.opengl"{0x000000071a146138} (e3428c27)
 - private final 'componentType' 'Ljava/lang/Class;' @64  NULL (0)
 - private volatile transient 'reflectionData' 'Ljava/lang/ref/SoftReference;' @68  NULL (0)
 - private volatile transient 'genericInfo' 'Lsun/reflect/generics/repository/ClassRepository;' @72  NULL (0)
 - private volatile transient 'enumConstants' '[Ljava/lang/Object;' @76  NULL (0)
 - private volatile transient 'enumConstantDirectory' 'Ljava/util/Map;' @80  NULL (0)
 - private volatile transient 'annotationData' 'Ljava/lang/Class$AnnotationData;' @84  NULL (0)
 - private volatile transient 'annotationType' 'Lsun/reflect/annotation/AnnotationType;' @88  NULL (0)
 - transient 'classValueMap' 'Ljava/lang/ClassValue$ClassValueMap;' @92  NULL (0)
 - signature: Lorg/lwjgl/opengl/GL11C;
 - fake entry for mirror: 'org/lwjgl/opengl/GL11C'
 - fake entry for array: NULL
 - fake entry for oop_size: 116
 - fake entry for static_oop_field_count: 0
 - public static final 'GL_NEVER' 'I' @112  512 (200)
 - public static final 'GL_LESS' 'I' @116  513 (201)
 - public static final 'GL_EQUAL' 'I' @120  514 (202)
 - public static final 'GL_LEQUAL' 'I' @124  515 (203)
 - public static final 'GL_GREATER' 'I' @128  516 (204)
 - public static final 'GL_NOTEQUAL' 'I' @132  517 (205)
 - public static final 'GL_GEQUAL' 'I' @136  518 (206)
 - public static final 'GL_ALWAYS' 'I' @140  519 (207)
 - public static final 'GL_DEPTH_BUFFER_BIT' 'I' @144  256 (100)
 - public static final 'GL_STENCIL_BUFFER_BIT' 'I' @148  1024 (400)
 - public static final 'GL_COLOR_BUFFER_BIT' 'I' @152  16384 (4000)
 - public static final 'GL_POINTS' 'I' @156  0
 - public static final 'GL_LINES' 'I' @160  1
 - public static final 'GL_LINE_LOOP' 'I' @164  2
 - public static final 'GL_LINE_STRIP' 'I' @168  3
 - public static final 'GL_TRIANGLES' 'I' @172  4
 - public static final 'GL_TRIANGLE_STRIP' 'I' @176  5
 - public static final 'GL_TRIANGLE_FAN' 'I' @180  6
 - public static final 'GL_QUADS' 'I' @184  7
 - public static final 'GL_ZERO' 'I' @188  0
 - public static final 'GL_ONE' 'I' @192  1
 - public static final 'GL_SRC_COLOR' 'I' @196  768 (300)
 - public static final 'GL_ONE_MINUS_SRC_COLOR' 'I' @200  769 (301)
 - public static final 'GL_SRC_ALPHA' 'I' @204  770 (302)
 - public static final 'GL_ONE_MINUS_SRC_ALPHA' 'I' @208  771 (303)
 - public static final 'GL_DST_ALPHA' 'I' @212  772 (304)
 - public static final 'GL_ONE_MINUS_DST_ALPHA' 'I' @216  773 (305)
 - public static final 'GL_DST_COLOR' 'I' @220  774 (306)
 - public static final 'GL_ONE_MINUS_DST_COLOR' 'I' @224  775 (307)
 - public static final 'GL_SRC_ALPHA_SATURATE' 'I' @228  776 (308)
 - public static final 'GL_TRUE' 'I' @232  1
 - public static final 'GL_FALSE' 'I' @236  0
 - public static final 'GL_BYTE' 'I' @240  5120 (1400)
 - public static final 'GL_UNSIGNED_BYTE' 'I' @244  5121 (1401)
 - public static final 'GL_SHORT' 'I' @248  5122 (1402)
 - public static final 'GL_UNSIGNED_SHORT' 'I' @252  5123 (1403)
 - public static final 'GL_INT' 'I' @256  5124 (1404)
 - public static final 'GL_UNSIGNED_INT' 'I' @260  5125 (1405)
 - public static final 'GL_FLOAT' 'I' @264  5126 (1406)
 - public static final 'GL_DOUBLE' 'I' @268  5130 (140a)
 - public static final 'GL_NONE' 'I' @272  0
 - public static final 'GL_FRONT_LEFT' 'I' @276  1024 (400)
 - public static final 'GL_FRONT_RIGHT' 'I' @280  1025 (401)
 - public static final 'GL_BACK_LEFT' 'I' @284  1026 (402)
 - public static final 'GL_BACK_RIGHT' 'I' @288  1027 (403)
 - public static final 'GL_FRONT' 'I' @292  1028 (404)
 - public static final 'GL_BACK' 'I' @296  1029 (405)
 - public static final 'GL_LEFT' 'I' @300  1030 (406)
 - public static final 'GL_RIGHT' 'I' @304  1031 (407)
 - public static final 'GL_FRONT_AND_BACK' 'I' @308  1032 (408)
 - public static final 'GL_NO_ERROR' 'I' @312  0
 - public static final 'GL_INVALID_ENUM' 'I' @316  1280 (500)
 - public static final 'GL_INVALID_VALUE' 'I' @320  1281 (501)
 - public static final 'GL_INVALID_OPERATION' 'I' @324  1282 (502)
 - public static final 'GL_STACK_OVERFLOW' 'I' @328  1283 (503)
 - public static final 'GL_STACK_UNDERFLOW' 'I' @332  1284 (504)
 - public static final 'GL_OUT_OF_MEMORY' 'I' @336  1285 (505)
 - public static final 'GL_CW' 'I' @340  2304 (900)
 - public static final 'GL_CCW' 'I' @344  2305 (901)
 - public static final 'GL_POINT_SIZE' 'I' @348  2833 (b11)
 - public static final 'GL_POINT_SIZE_RANGE' 'I' @352  2834 (b12)
 - public static final 'GL_POINT_SIZE_GRANULARITY' 'I' @356  2835 (b13)
 - public static final 'GL_LINE_SMOOTH' 'I' @360  2848 (b20)
 - public static final 'GL_LINE_WIDTH' 'I' @364  2849 (b21)
 - public static final 'GL_LINE_WIDTH_RANGE' 'I' @368  2850 (b22)
 - public static final 'GL_LINE_WIDTH_GRANULARITY' 'I' @372  2851 (b23)
 - public static final 'GL_POLYGON_MODE' 'I' @376  2880 (b40)
 - public static final 'GL_POLYGON_SMOOTH' 'I' @380  2881 (b41)
 - public static final 'GL_CULL_FACE' 'I' @384  2884 (b44)
 - public static final 'GL_CULL_FACE_MODE' 'I' @388  2885 (b45)
 - public static final 'GL_FRONT_FACE' 'I' @392  2886 (b46)
 - public static final 'GL_DEPTH_RANGE' 'I' @396  2928 (b70)
 - public static final 'GL_DEPTH_TEST' 'I' @400  2929 (b71)
 - public static final 'GL_DEPTH_WRITEMASK' 'I' @404  2930 (b72)
 - public static final 'GL_DEPTH_CLEAR_VALUE' 'I' @408  2931 (b73)
 - public static final 'GL_DEPTH_FUNC' 'I' @412  2932 (b74)
 - public static final 'GL_STENCIL_TEST' 'I' @416  2960 (b90)
 - public static final 'GL_STENCIL_CLEAR_VALUE' 'I' @420  2961 (b91)
 - public static final 'GL_STENCIL_FUNC' 'I' @424  2962 (b92)
 - public static final 'GL_STENCIL_VALUE_MASK' 'I' @428  2963 (b93)
 - public static final 'GL_STENCIL_FAIL' 'I' @432  2964 (b94)
 - public static final 'GL_STENCIL_PASS_DEPTH_FAIL' 'I' @436  2965 (b95)
 - public static final 'GL_STENCIL_PASS_DEPTH_PASS' 'I' @440  2966 (b96)
 - public static final 'GL_STENCIL_REF' 'I' @444  2967 (b97)
 - public static final 'GL_STENCIL_WRITEMASK' 'I' @448  2968 (b98)
 - public static final 'GL_VIEWPORT' 'I' @452  2978 (ba2)
 - public static final 'GL_DITHER' 'I' @456  3024 (bd0)
 - public static final 'GL_BLEND_DST' 'I' @460  3040 (be0)
 - public static final 'GL_BLEND_SRC' 'I' @464  3041 (be1)
 - public static final 'GL_BLEND' 'I' @468  3042 (be2)
 - public static final 'GL_LOGIC_OP_MODE' 'I' @472  3056 (bf0)
 - public static final 'GL_COLOR_LOGIC_OP' 'I' @476  3058 (bf2)
 - public static final 'GL_DRAW_BUFFER' 'I' @480  3073 (c01)
 - public static final 'GL_READ_BUFFER' 'I' @484  3074 (c02)
 - public static final 'GL_SCISSOR_BOX' 'I' @488  3088 (c10)
 - public static final 'GL_SCISSOR_TEST' 'I' @492  3089 (c11)
 - public static final 'GL_COLOR_CLEAR_VALUE' 'I' @496  3106 (c22)
 - public static final 'GL_COLOR_WRITEMASK' 'I' @500  3107 (c23)
 - public static final 'GL_DOUBLEBUFFER' 'I' @504  3122 (c32)
 - public static final 'GL_STEREO' 'I' @508  3123 (c33)
 - public static final 'GL_LINE_SMOOTH_HINT' 'I' @512  3154 (c52)
 - public static final 'GL_POLYGON_SMOOTH_HINT' 'I' @516  3155 (c53)
 - public static final 'GL_UNPACK_SWAP_BYTES' 'I' @520  3312 (cf0)
 - public static final 'GL_UNPACK_LSB_FIRST' 'I' @524  3313 (cf1)
 - public static final 'GL_UNPACK_ROW_LENGTH' 'I' @528  3314 (cf2)
 - public static final 'GL_UNPACK_SKIP_ROWS' 'I' @532  3315 (cf3)
 - public static final 'GL_UNPACK_SKIP_PIXELS' 'I' @536  3316 (cf4)
 - public static final 'GL_UNPACK_ALIGNMENT' 'I' @540  3317 (cf5)
 - public static final 'GL_PACK_SWAP_BYTES' 'I' @544  3328 (d00)
 - public static final 'GL_PACK_LSB_FIRST' 'I' @548  3329 (d01)
 - public static final 'GL_PACK_ROW_LENGTH' 'I' @552  3330 (d02)
 - public static final 'GL_PACK_SKIP_ROWS' 'I' @556  3331 (d03)
 - public static final 'GL_PACK_SKIP_PIXELS' 'I' @560  3332 (d04)
 - public static final 'GL_PACK_ALIGNMENT' 'I' @564  3333 (d05)
 - public static final 'GL_MAX_TEXTURE_SIZE' 'I' @568  3379 (d33)
 - public static final 'GL_MAX_VIEWPORT_DIMS' 'I' @572  3386 (d3a)
 - public static final 'GL_SUBPIXEL_BITS' 'I' @576  3408 (d50)
 - public static final 'GL_TEXTURE_1D' 'I' @580  3552 (de0)
 - public static final 'GL_TEXTURE_2D' 'I' @584  3553 (de1)
 - public static final 'GL_TEXTURE_WIDTH' 'I' @588  4096 (1000)
 - public static final 'GL_TEXTURE_HEIGHT' 'I' @592  4097 (1001)
 - public static final 'GL_TEXTURE_INTERNAL_FORMAT' 'I' @596  4099 (1003)
 - public static final 'GL_TEXTURE_BORDER_COLOR' 'I' @600  4100 (1004)
 - public static final 'GL_DONT_CARE' 'I' @604  4352 (1100)
 - public static final 'GL_FASTEST' 'I' @608  4353 (1101)
 - public static final 'GL_NICEST' 'I' @612  4354 (1102)
 - public static final 'GL_CLEAR' 'I' @616  5376 (1500)
 - public static final 'GL_AND' 'I' @620  5377 (1501)
 - public static final 'GL_AND_REVERSE' 'I' @624  5378 (1502)
 - public static final 'GL_COPY' 'I' @628  5379 (1503)
 - public static final 'GL_AND_INVERTED' 'I' @632  5380 (1504)
 - public static final 'GL_NOOP' 'I' @636  5381 (1505)
 - public static final 'GL_XOR' 'I' @640  5382 (1506)
 - public static final 'GL_OR' 'I' @644  5383 (1507)
 - public static final 'GL_NOR' 'I' @648  5384 (1508)
 - public static final 'GL_EQUIV' 'I' @652  5385 (1509)
 - public static final 'GL_INVERT' 'I' @656  5386 (150a)
 - public static final 'GL_OR_REVERSE' 'I' @660  5387 (150b)
 - public static final 'GL_COPY_INVERTED' 'I' @664  5388 (150c)
 - public static final 'GL_OR_INVERTED' 'I' @668  5389 (150d)
 - public static final 'GL_NAND' 'I' @672  5390 (150e)
 - public static final 'GL_SET' 'I' @676  5391 (150f)
 - public static final 'GL_TEXTURE' 'I' @680  5890 (1702)
 - public static final 'GL_COLOR' 'I' @684  6144 (1800)
 - public static final 'GL_DEPTH' 'I' @688  6145 (1801)
 - public static final 'GL_STENCIL' 'I' @692  6146 (1802)
 - public static final 'GL_STENCIL_INDEX' 'I' @696  6401 (1901)
 - public static final 'GL_DEPTH_COMPONENT' 'I' @700  6402 (1902)
 - public static final 'GL_RED' 'I' @704  6403 (1903)
 - public static final 'GL_GREEN' 'I' @708  6404 (1904)
 - public static final 'GL_BLUE' 'I' @712  6405 (1905)
 - public static final 'GL_ALPHA' 'I' @716  6406 (1906)
 - public static final 'GL_RGB' 'I' @720  6407 (1907)
 - public static final 'GL_RGBA' 'I' @724  6408 (1908)
 - public static final 'GL_POINT' 'I' @728  6912 (1b00)
 - public static final 'GL_LINE' 'I' @732  6913 (1b01)
 - public static final 'GL_FILL' 'I' @736  6914 (1b02)
 - public static final 'GL_KEEP' 'I' @740  7680 (1e00)
 - public static final 'GL_REPLACE' 'I' @744  7681 (1e01)
 - public static final 'GL_INCR' 'I' @748  7682 (1e02)
 - public static final 'GL_DECR' 'I' @752  7683 (1e03)
 - public static final 'GL_VENDOR' 'I' @756  7936 (1f00)
 - public static final 'GL_RENDERER' 'I' @760  7937 (1f01)
 - public static final 'GL_VERSION' 'I' @764  7938 (1f02)
 - public static final 'GL_EXTENSIONS' 'I' @768  7939 (1f03)
 - public static final 'GL_NEAREST' 'I' @772  9728 (2600)
 - public static final 'GL_LINEAR' 'I' @776  9729 (2601)
 - public static final 'GL_NEAREST_MIPMAP_NEAREST' 'I' @780  9984 (2700)
 - public static final 'GL_LINEAR_MIPMAP_NEAREST' 'I' @784  9985 (2701)
 - public static final 'GL_NEAREST_MIPMAP_LINEAR' 'I' @788  9986 (2702)
 - public static final 'GL_LINEAR_MIPMAP_LINEAR' 'I' @792  9987 (2703)
 - public static final 'GL_TEXTURE_MAG_FILTER' 'I' @796  10240 (2800)
 - public static final 'GL_TEXTURE_MIN_FILTER' 'I' @800  10241 (2801)
 - public static final 'GL_TEXTURE_WRAP_S' 'I' @804  10242 (2802)
 - public static final 'GL_TEXTURE_WRAP_T' 'I' @808  10243 (2803)
 - public static final 'GL_REPEAT' 'I' @812  10497 (2901)
 - public static final 'GL_POLYGON_OFFSET_FACTOR' 'I' @816  32824 (8038)
 - public static final 'GL_POLYGON_OFFSET_UNITS' 'I' @820  10752 (2a00)
 - public static final 'GL_POLYGON_OFFSET_POINT' 'I' @824  10753 (2a01)
 - public static final 'GL_POLYGON_OFFSET_LINE' 'I' @828  10754 (2a02)
 - public static final 'GL_POLYGON_OFFSET_FILL' 'I' @832  32823 (8037)
 - public static final 'GL_R3_G3_B2' 'I' @836  10768 (2a10)
 - public static final 'GL_RGB4' 'I' @840  32847 (804f)
 - public static final 'GL_RGB5' 'I' @844  32848 (8050)
 - public static final 'GL_RGB8' 'I' @848  32849 (8051)
 - public static final 'GL_RGB10' 'I' @852  32850 (8052)
 - public static final 'GL_RGB12' 'I' @856  32851 (8053)
 - public static final 'GL_RGB16' 'I' @860  32852 (8054)
 - public static final 'GL_RGBA2' 'I' @864  32853 (8055)
 - public static final 'GL_RGBA4' 'I' @868  32854 (8056)
 - public static final 'GL_RGB5_A1' 'I' @872  32855 (8057)
 - public static final 'GL_RGBA8' 'I' @876  32856 (8058)
 - public static final 'GL_RGB10_A2' 'I' @880  32857 (8059)
 - public static final 'GL_RGBA12' 'I' @884  32858 (805a)
 - public static final 'GL_RGBA16' 'I' @888  32859 (805b)
 - public static final 'GL_TEXTURE_RED_SIZE' 'I' @892  32860 (805c)
 - public static final 'GL_TEXTURE_GREEN_SIZE' 'I' @896  32861 (805d)
 - public static final 'GL_TEXTURE_BLUE_SIZE' 'I' @900  32862 (805e)
 - public static final 'GL_TEXTURE_ALPHA_SIZE' 'I' @904  32863 (805f)
 - public static final 'GL_PROXY_TEXTURE_1D' 'I' @908  32867 (8063)
 - public static final 'GL_PROXY_TEXTURE_2D' 'I' @912  32868 (8064)
 - public static final 'GL_TEXTURE_BINDING_1D' 'I' @916  32872 (8068)
 - public static final 'GL_TEXTURE_BINDING_2D' 'I' @920  32873 (8069)
 - public static final 'GL_VERTEX_ARRAY' 'I' @924  32884 (8074)
R12=0x0 is NULL
R13=0x0000016900b74fe0 is pointing into metadata
R14=0x0000001de41fd5a8 is pointing into the stack for thread: 0x0000016919a691e0
R15=0x0000016919a691e0 is a thread


Top of Stack: (sp=0x0000001de41fd4d8)
0x0000001de41fd4d8:   00000169289cd6e1 0000016900b80390
0x0000001de41fd4e8:   0000000718a3f9e0 0000000000000110
0x0000001de41fd4f8:   00000169289cd412 0000016900000640
0x0000001de41fd508:   0000000000000384 0000000000006bcc
0x0000001de41fd518:   0000000718a6df88 00000169289cd3b6
0x0000001de41fd528:   0000001de41fd528 0000016900b74fe0
0x0000001de41fd538:   0000001de41fd5a8 0000016900b835b0
0x0000001de41fd548:   0000000000000000 0000000719ffd950
0x0000001de41fd558:   0000016900b80390 0000000000000000
0x0000001de41fd568:   0000001de41fd590 0000001de41fd5f8
0x0000001de41fd578:   00000169289c9520 0000000719ffd950
0x0000001de41fd588:   00000169289caff8 0000000000000384
0x0000001de41fd598:   0000000000000640 0000000000000000
0x0000001de41fd5a8:   0000000000000000 0000001de41fd5b0
0x0000001de41fd5b8:   0000016900b5eb14 0000001de41fd620
0x0000001de41fd5c8:   0000016900b69898 0000000000000000
0x0000001de41fd5d8:   000000071a1521f8 0000016900b5eb60
0x0000001de41fd5e8:   0000001de41fd590 0000001de41fd608
0x0000001de41fd5f8:   0000001de41fd670 00000169289c9520
0x0000001de41fd608:   0000000000000384 0000000000000640
0x0000001de41fd618:   0000000000000000 0000000000000000
0x0000001de41fd628:   0000001de41fd628 0000016900417758
0x0000001de41fd638:   0000001de41fd6a0 0000016900b34538
0x0000001de41fd648:   0000000000000000 000000071886c9f0
0x0000001de41fd658:   00000169004177a8 0000001de41fd608
0x0000001de41fd668:   0000001de41fd680 0000001de41fd6f0
0x0000001de41fd678:   00000169289c99a6 0000000000000384
0x0000001de41fd688:   0000000000000640 000001697e5a58d0
0x0000001de41fd698:   0000000000000000 000000071a1427d0
0x0000001de41fd6a8:   0000001de41fd6a8 0000016900414b92
0x0000001de41fd6b8:   0000001de41fd720 0000016900b33ed0
0x0000001de41fd6c8:   0000000000000000 000000071886cd30 

Instructions: (pc=0x00007ffae2bacefc)
0x00007ffae2bacdfc:   cc cc cc cc 48 8b 01 45 8b d8 4c 8b 44 24 28 41
0x00007ffae2bace0c:   8b d1 41 8b cb 4c 8b 50 18 49 ff a2 88 09 00 00
0x00007ffae2bace1c:   cc cc cc cc 40 53 48 83 ec 40 48 8b 01 41 8b d8
0x00007ffae2bace2c:   44 8b 44 24 70 41 8b d1 44 8b 4c 24 78 8b cb 4c
0x00007ffae2bace3c:   8b 50 18 48 8b 84 24 90 00 00 00 48 89 44 24 30
0x00007ffae2bace4c:   8b 84 24 88 00 00 00 89 44 24 28 8b 84 24 80 00
0x00007ffae2bace5c:   00 00 89 44 24 20 41 ff 92 90 09 00 00 48 83 c4
0x00007ffae2bace6c:   40 5b c3 cc 40 53 48 83 ec 50 48 8b 01 41 8b d8
0x00007ffae2bace7c:   44 8b 84 24 80 00 00 00 41 8b d1 44 8b 8c 24 88
0x00007ffae2bace8c:   00 00 00 8b cb 4c 8b 50 18 48 8b 84 24 b0 00 00
0x00007ffae2bace9c:   00 48 89 44 24 40 8b 84 24 a8 00 00 00 89 44 24
0x00007ffae2baceac:   38 8b 84 24 a0 00 00 00 89 44 24 30 8b 84 24 98
0x00007ffae2bacebc:   00 00 00 89 44 24 28 8b 84 24 90 00 00 00 89 44
0x00007ffae2bacecc:   24 20 41 ff 92 98 09 00 00 48 83 c4 50 5b c3 cc
0x00007ffae2bacedc:   cc cc cc cc 40 53 48 8b 01 41 8b d8 44 8b 44 24
0x00007ffae2baceec:   30 41 8b d1 44 8b 4c 24 38 8b cb 4c 8b 50 18 5b
0x00007ffae2bacefc:   49 ff a2 78 0a 00 00 cc cc cc cc cc cc cc cc cc
0x00007ffae2bacf0c:   cc cc cc cc 40 53 48 83 ec 50 48 8b 01 41 8b d8
0x00007ffae2bacf1c:   44 8b 84 24 80 00 00 00 41 8b d1 44 8b 8c 24 88
0x00007ffae2bacf2c:   00 00 00 8b cb 4c 8b 50 18 48 8b 84 24 b8 00 00
0x00007ffae2bacf3c:   00 48 89 44 24 48 8b 84 24 b0 00 00 00 89 44 24
0x00007ffae2bacf4c:   40 8b 84 24 a8 00 00 00 89 44 24 38 8b 84 24 a0
0x00007ffae2bacf5c:   00 00 00 89 44 24 30 8b 84 24 98 00 00 00 89 44
0x00007ffae2bacf6c:   24 28 8b 84 24 90 00 00 00 89 44 24 20 41 ff 92
0x00007ffae2bacf7c:   80 0a 00 00 48 83 c4 50 5b c3 cc cc cc cc cc cc
0x00007ffae2bacf8c:   cc cc cc cc 40 53 48 83 ec 60 48 8b 01 41 8b d8
0x00007ffae2bacf9c:   44 8b 84 24 90 00 00 00 41 8b d1 44 8b 8c 24 98
0x00007ffae2bacfac:   00 00 00 8b cb 4c 8b 50 18 48 8b 84 24 d0 00 00
0x00007ffae2bacfbc:   00 48 89 44 24 50 8b 84 24 c8 00 00 00 89 44 24
0x00007ffae2bacfcc:   48 8b 84 24 c0 00 00 00 89 44 24 40 8b 84 24 b8
0x00007ffae2bacfdc:   00 00 00 89 44 24 38 8b 84 24 b0 00 00 00 89 44
0x00007ffae2bacfec:   24 30 8b 84 24 a8 00 00 00 89 44 24 28 8b 84 24 


Stack slot to memory mapping:
stack at sp + 0 slots: 0x00000169289cd6e1 is at code_begin+993 in an Interpreter codelet
method entry point (kind = native)  [0x00000169289cd300, 0x00000169289cdc80]  2432 bytes
stack at sp + 1 slots: {method} {0x0000016900b80398} 'glViewport' '(IIII)V' in 'org/lwjgl/opengl/GL11C'
stack at sp + 2 slots: 0x0000000718a3f9e0 is an oop: org.lwjgl.system.MemoryStack 
{0x0000000718a3f9e0} - klass: 'org/lwjgl/system/MemoryStack'
 - ---- fields (total size 5 words):
 - protected 'address' 'J' @16  1552607608480 (7e9ffea0 169)
 - private final 'size' 'I' @12  65536 (10000)
 - private 'pointer' 'I' @24  65536 (10000)
 - protected 'frameIndex' 'I' @28  0
 - private final 'container' 'Ljava/nio/ByteBuffer;' @32  a 'java/nio/DirectByteBuffer'{0x0000000718a3fa08} (e3147f41)
 - private 'frames' '[I' @36  [I{0x0000000718a3fa48} (e3147f49)
stack at sp + 3 slots: 0x0000000000000110 is an unknown value
stack at sp + 4 slots: 0x00000169289cd412 is at code_begin+274 in an Interpreter codelet
method entry point (kind = native)  [0x00000169289cd300, 0x00000169289cdc80]  2432 bytes
stack at sp + 5 slots: 0x0000016900000640 is pointing into metadata
stack at sp + 6 slots: 0x0000000000000384 is an unknown value
stack at sp + 7 slots: 0x0000000000006bcc is an unknown value


---------------  P R O C E S S  ---------------

Threads class SMR info:
_java_thread_list=0x000001697f169c00, length=21, elements={
0x0000016919a691e0, 0x000001693cb0e920, 0x000001693cb0f5a0, 0x000001693cb1f950,
0x000001693cb20310, 0x000001693cb20cd0, 0x000001693cb21eb0, 0x000001693cb2ac70,
0x000001693cb2b720, 0x000001697e089fc0, 0x000001697e1769b0, 0x000001697e17bfd0,
0x000001697e17d7d0, 0x000001697e3d0430, 0x000001697e85f160, 0x000001697ecd45a0,
0x000001697eaa64d0, 0x000001697ed3dd40, 0x000001697f0541c0, 0x000001690c77fff0,
0x000001690cecaed0
}

Java Threads: ( => current thread )
=>0x0000016919a691e0 JavaThread "main" [_thread_in_native, id=3788, stack(0x0000001de4100000,0x0000001de4200000)]
  0x000001693cb0e920 JavaThread "Reference Handler" daemon [_thread_blocked, id=19144, stack(0x0000001de4800000,0x0000001de4900000)]
  0x000001693cb0f5a0 JavaThread "Finalizer" daemon [_thread_blocked, id=4364, stack(0x0000001de4900000,0x0000001de4a00000)]
  0x000001693cb1f950 JavaThread "Signal Dispatcher" daemon [_thread_blocked, id=6404, stack(0x0000001de4a00000,0x0000001de4b00000)]
  0x000001693cb20310 JavaThread "Attach Listener" daemon [_thread_blocked, id=26200, stack(0x0000001de4b00000,0x0000001de4c00000)]
  0x000001693cb20cd0 JavaThread "Service Thread" daemon [_thread_blocked, id=28552, stack(0x0000001de4c00000,0x0000001de4d00000)]
  0x000001693cb21eb0 JavaThread "Monitor Deflation Thread" daemon [_thread_blocked, id=15164, stack(0x0000001de4d00000,0x0000001de4e00000)]
  0x000001693cb2ac70 JavaThread "C2 CompilerThread0" daemon [_thread_blocked, id=21356, stack(0x0000001de4e00000,0x0000001de4f00000)]
  0x000001693cb2b720 JavaThread "C1 CompilerThread0" daemon [_thread_blocked, id=24516, stack(0x0000001de4f00000,0x0000001de5000000)]
  0x000001697e089fc0 JavaThread "Sweeper thread" daemon [_thread_blocked, id=13908, stack(0x0000001de5000000,0x0000001de5100000)]
  0x000001697e1769b0 JavaThread "Common-Cleaner" daemon [_thread_blocked, id=14984, stack(0x0000001de5100000,0x0000001de5200000)]
  0x000001697e17bfd0 JavaThread "C1 CompilerThread1" daemon [_thread_blocked, id=12600, stack(0x0000001de5200000,0x0000001de5300000)]
  0x000001697e17d7d0 JavaThread "C1 CompilerThread2" daemon [_thread_blocked, id=20832, stack(0x0000001de5300000,0x0000001de5400000)]
  0x000001697e3d0430 JavaThread "Monitor Ctrl-Break" daemon [_thread_in_native, id=28796, stack(0x0000001de5600000,0x0000001de5700000)]
  0x000001697e85f160 JavaThread "Notification Thread" daemon [_thread_blocked, id=16092, stack(0x0000001de5700000,0x0000001de5800000)]
  0x000001697ecd45a0 JavaThread "Java2D Disposer" daemon [_thread_blocked, id=18368, stack(0x0000001de5900000,0x0000001de5a00000)]
  0x000001697eaa64d0 JavaThread "AWT-Shutdown" [_thread_blocked, id=5156, stack(0x0000001de5a00000,0x0000001de5b00000)]
  0x000001697ed3dd40 JavaThread "AWT-Windows" daemon [_thread_in_native, id=13032, stack(0x0000001de5b00000,0x0000001de5c00000)]
  0x000001697f0541c0 JavaThread "AWT-EventQueue-0" [_thread_blocked, id=14180, stack(0x0000001de5400000,0x0000001de5500000)]
  0x000001690c77fff0 JavaThread "C1 CompilerThread3" daemon [_thread_blocked, id=29380, stack(0x0000001de7200000,0x0000001de7300000)]
  0x000001690cecaed0 JavaThread "C2 CompilerThread1" daemon [_thread_blocked, id=360, stack(0x0000001de7300000,0x0000001de7400000)]

Other Threads:
  0x000001693cb09e10 VMThread "VM Thread" [stack: 0x0000001de4700000,0x0000001de4800000] [id=9340]
  0x000001697e2f8320 WatcherThread [stack: 0x0000001de5800000,0x0000001de5900000] [id=5640]
  0x0000016919ad3080 GCTaskThread "GC Thread#0" [stack: 0x0000001de4200000,0x0000001de4300000] [id=21120]
  0x000001697ed44b60 GCTaskThread "GC Thread#1" [stack: 0x0000001de5500000,0x0000001de5600000] [id=12120]
  0x000001697ed445e0 GCTaskThread "GC Thread#2" [stack: 0x0000001de6800000,0x0000001de6900000] [id=18364]
  0x000001697ed45920 GCTaskThread "GC Thread#3" [stack: 0x0000001de6900000,0x0000001de6a00000] [id=24072]
  0x000001697ed448a0 GCTaskThread "GC Thread#4" [stack: 0x0000001de6a00000,0x0000001de6b00000] [id=31416]
  0x000001697ed44e20 GCTaskThread "GC Thread#5" [stack: 0x0000001de6b00000,0x0000001de6c00000] [id=31980]
  0x000001697ed43da0 GCTaskThread "GC Thread#6" [stack: 0x0000001de6c00000,0x0000001de6d00000] [id=23564]
  0x000001697ed44060 GCTaskThread "GC Thread#7" [stack: 0x0000001de6d00000,0x0000001de6e00000] [id=29608]
  0x000001697ed453a0 GCTaskThread "GC Thread#8" [stack: 0x0000001de6e00000,0x0000001de6f00000] [id=16976]
  0x000001697ed45660 GCTaskThread "GC Thread#9" [stack: 0x0000001de6f00000,0x0000001de7000000] [id=1380]
  0x0000016919ae3510 ConcurrentGCThread "G1 Main Marker" [stack: 0x0000001de4300000,0x0000001de4400000] [id=15148]
  0x0000016919ae3f30 ConcurrentGCThread "G1 Conc#0" [stack: 0x0000001de4400000,0x0000001de4500000] [id=31064]
  0x000001693ca43850 ConcurrentGCThread "G1 Refine#0" [stack: 0x0000001de4500000,0x0000001de4600000] [id=1308]
  0x000001693ca45190 ConcurrentGCThread "G1 Service" [stack: 0x0000001de4600000,0x0000001de4700000] [id=17840]

Threads with active compile tasks:

VM state: not at safepoint (normal execution)

VM Mutex/Monitor currently owned by a thread: None

Heap address: 0x000000070ac00000, size: 3924 MB, Compressed Oops mode: Zero based, Oop shift amount: 3

CDS archive(s) mapped at: [0x000001693d000000-0x000001693dbb0000-0x000001693dbb0000), size 12255232, SharedBaseAddress: 0x000001693d000000, ArchiveRelocationMode: 1.
Compressed class space mapped at: 0x000001693e000000-0x000001697e000000, reserved size: 1073741824
Narrow klass base: 0x000001693d000000, Narrow klass shift: 0, Narrow klass range: 0x100000000

GC Precious Log:
 CPUs: 16 total, 16 available
 Memory: 15695M
 Large Page Support: Disabled
 NUMA Support: Disabled
 Compressed Oops: Enabled (Zero based)
 Heap Region Size: 2M
 Heap Min Capacity: 8M
 Heap Initial Capacity: 246M
 Heap Max Capacity: 3924M
 Pre-touch: Disabled
 Parallel Workers: 13
 Concurrent Workers: 3
 Concurrent Refinement Workers: 13
 Periodic GC: Disabled

Heap:
 garbage-first heap   total 251904K, used 8677K [0x000000070ac00000, 0x0000000800000000)
  region size 2048K, 5 young (10240K), 2 survivors (4096K)
 Metaspace       used 12565K, committed 12736K, reserved 1114112K
  class space    used 1217K, committed 1280K, reserved 1048576K

Heap Regions: E=young(eden), S=young(survivor), O=old, HS=humongous(starts), HC=humongous(continues), CS=collection set, F=free, OA=open archive, CA=closed archive, TAMS=top-at-mark-start (previous, next)
|   0|0x000000070ac00000, 0x000000070ac79600, 0x000000070ae00000| 23%| O|  |TAMS 0x000000070ac00000, 0x000000070ac00000| Untracked 
|   1|0x000000070ae00000, 0x000000070ae00000, 0x000000070b000000|  0%| F|  |TAMS 0x000000070ae00000, 0x000000070ae00000| Untracked 
|   2|0x000000070b000000, 0x000000070b000000, 0x000000070b200000|  0%| F|  |TAMS 0x000000070b000000, 0x000000070b000000| Untracked 
|   3|0x000000070b200000, 0x000000070b200000, 0x000000070b400000|  0%| F|  |TAMS 0x000000070b200000, 0x000000070b200000| Untracked 
|   4|0x000000070b400000, 0x000000070b400000, 0x000000070b600000|  0%| F|  |TAMS 0x000000070b400000, 0x000000070b400000| Untracked 
|   5|0x000000070b600000, 0x000000070b600000, 0x000000070b800000|  0%| F|  |TAMS 0x000000070b600000, 0x000000070b600000| Untracked 
|   6|0x000000070b800000, 0x000000070b800000, 0x000000070ba00000|  0%| F|  |TAMS 0x000000070b800000, 0x000000070b800000| Untracked 
|   7|0x000000070ba00000, 0x000000070ba00000, 0x000000070bc00000|  0%| F|  |TAMS 0x000000070ba00000, 0x000000070ba00000| Untracked 
|   8|0x000000070bc00000, 0x000000070bc00000, 0x000000070be00000|  0%| F|  |TAMS 0x000000070bc00000, 0x000000070bc00000| Untracked 
|   9|0x000000070be00000, 0x000000070be00000, 0x000000070c000000|  0%| F|  |TAMS 0x000000070be00000, 0x000000070be00000| Untracked 
|  10|0x000000070c000000, 0x000000070c000000, 0x000000070c200000|  0%| F|  |TAMS 0x000000070c000000, 0x000000070c000000| Untracked 
|  11|0x000000070c200000, 0x000000070c200000, 0x000000070c400000|  0%| F|  |TAMS 0x000000070c200000, 0x000000070c200000| Untracked 
|  12|0x000000070c400000, 0x000000070c400000, 0x000000070c600000|  0%| F|  |TAMS 0x000000070c400000, 0x000000070c400000| Untracked 
|  13|0x000000070c600000, 0x000000070c600000, 0x000000070c800000|  0%| F|  |TAMS 0x000000070c600000, 0x000000070c600000| Untracked 
|  14|0x000000070c800000, 0x000000070c800000, 0x000000070ca00000|  0%| F|  |TAMS 0x000000070c800000, 0x000000070c800000| Untracked 
|  15|0x000000070ca00000, 0x000000070ca00000, 0x000000070cc00000|  0%| F|  |TAMS 0x000000070ca00000, 0x000000070ca00000| Untracked 
|  16|0x000000070cc00000, 0x000000070cc00000, 0x000000070ce00000|  0%| F|  |TAMS 0x000000070cc00000, 0x000000070cc00000| Untracked 
|  17|0x000000070ce00000, 0x000000070ce00000, 0x000000070d000000|  0%| F|  |TAMS 0x000000070ce00000, 0x000000070ce00000| Untracked 
|  18|0x000000070d000000, 0x000000070d000000, 0x000000070d200000|  0%| F|  |TAMS 0x000000070d000000, 0x000000070d000000| Untracked 
|  19|0x000000070d200000, 0x000000070d200000, 0x000000070d400000|  0%| F|  |TAMS 0x000000070d200000, 0x000000070d200000| Untracked 
|  20|0x000000070d400000, 0x000000070d400000, 0x000000070d600000|  0%| F|  |TAMS 0x000000070d400000, 0x000000070d400000| Untracked 
|  21|0x000000070d600000, 0x000000070d600000, 0x000000070d800000|  0%| F|  |TAMS 0x000000070d600000, 0x000000070d600000| Untracked 
|  22|0x000000070d800000, 0x000000070d800000, 0x000000070da00000|  0%| F|  |TAMS 0x000000070d800000, 0x000000070d800000| Untracked 
|  23|0x000000070da00000, 0x000000070da00000, 0x000000070dc00000|  0%| F|  |TAMS 0x000000070da00000, 0x000000070da00000| Untracked 
|  24|0x000000070dc00000, 0x000000070dc00000, 0x000000070de00000|  0%| F|  |TAMS 0x000000070dc00000, 0x000000070dc00000| Untracked 
|  25|0x000000070de00000, 0x000000070de00000, 0x000000070e000000|  0%| F|  |TAMS 0x000000070de00000, 0x000000070de00000| Untracked 
|  26|0x000000070e000000, 0x000000070e000000, 0x000000070e200000|  0%| F|  |TAMS 0x000000070e000000, 0x000000070e000000| Untracked 
|  27|0x000000070e200000, 0x000000070e200000, 0x000000070e400000|  0%| F|  |TAMS 0x000000070e200000, 0x000000070e200000| Untracked 
|  28|0x000000070e400000, 0x000000070e400000, 0x000000070e600000|  0%| F|  |TAMS 0x000000070e400000, 0x000000070e400000| Untracked 
|  29|0x000000070e600000, 0x000000070e600000, 0x000000070e800000|  0%| F|  |TAMS 0x000000070e600000, 0x000000070e600000| Untracked 
|  30|0x000000070e800000, 0x000000070e800000, 0x000000070ea00000|  0%| F|  |TAMS 0x000000070e800000, 0x000000070e800000| Untracked 
|  31|0x000000070ea00000, 0x000000070ea00000, 0x000000070ec00000|  0%| F|  |TAMS 0x000000070ea00000, 0x000000070ea00000| Untracked 
|  32|0x000000070ec00000, 0x000000070ec00000, 0x000000070ee00000|  0%| F|  |TAMS 0x000000070ec00000, 0x000000070ec00000| Untracked 
|  33|0x000000070ee00000, 0x000000070ee00000, 0x000000070f000000|  0%| F|  |TAMS 0x000000070ee00000, 0x000000070ee00000| Untracked 
|  34|0x000000070f000000, 0x000000070f000000, 0x000000070f200000|  0%| F|  |TAMS 0x000000070f000000, 0x000000070f000000| Untracked 
|  35|0x000000070f200000, 0x000000070f200000, 0x000000070f400000|  0%| F|  |TAMS 0x000000070f200000, 0x000000070f200000| Untracked 
|  36|0x000000070f400000, 0x000000070f400000, 0x000000070f600000|  0%| F|  |TAMS 0x000000070f400000, 0x000000070f400000| Untracked 
|  37|0x000000070f600000, 0x000000070f600000, 0x000000070f800000|  0%| F|  |TAMS 0x000000070f600000, 0x000000070f600000| Untracked 
|  38|0x000000070f800000, 0x000000070f800000, 0x000000070fa00000|  0%| F|  |TAMS 0x000000070f800000, 0x000000070f800000| Untracked 
|  39|0x000000070fa00000, 0x000000070fa00000, 0x000000070fc00000|  0%| F|  |TAMS 0x000000070fa00000, 0x000000070fa00000| Untracked 
|  40|0x000000070fc00000, 0x000000070fc00000, 0x000000070fe00000|  0%| F|  |TAMS 0x000000070fc00000, 0x000000070fc00000| Untracked 
|  41|0x000000070fe00000, 0x000000070fe00000, 0x0000000710000000|  0%| F|  |TAMS 0x000000070fe00000, 0x000000070fe00000| Untracked 
|  42|0x0000000710000000, 0x0000000710000000, 0x0000000710200000|  0%| F|  |TAMS 0x0000000710000000, 0x0000000710000000| Untracked 
|  43|0x0000000710200000, 0x0000000710200000, 0x0000000710400000|  0%| F|  |TAMS 0x0000000710200000, 0x0000000710200000| Untracked 
|  44|0x0000000710400000, 0x0000000710400000, 0x0000000710600000|  0%| F|  |TAMS 0x0000000710400000, 0x0000000710400000| Untracked 
|  45|0x0000000710600000, 0x0000000710600000, 0x0000000710800000|  0%| F|  |TAMS 0x0000000710600000, 0x0000000710600000| Untracked 
|  46|0x0000000710800000, 0x0000000710800000, 0x0000000710a00000|  0%| F|  |TAMS 0x0000000710800000, 0x0000000710800000| Untracked 
|  47|0x0000000710a00000, 0x0000000710a00000, 0x0000000710c00000|  0%| F|  |TAMS 0x0000000710a00000, 0x0000000710a00000| Untracked 
|  48|0x0000000710c00000, 0x0000000710c00000, 0x0000000710e00000|  0%| F|  |TAMS 0x0000000710c00000, 0x0000000710c00000| Untracked 
|  49|0x0000000710e00000, 0x0000000710e00000, 0x0000000711000000|  0%| F|  |TAMS 0x0000000710e00000, 0x0000000710e00000| Untracked 
|  50|0x0000000711000000, 0x0000000711000000, 0x0000000711200000|  0%| F|  |TAMS 0x0000000711000000, 0x0000000711000000| Untracked 
|  51|0x0000000711200000, 0x0000000711200000, 0x0000000711400000|  0%| F|  |TAMS 0x0000000711200000, 0x0000000711200000| Untracked 
|  52|0x0000000711400000, 0x0000000711400000, 0x0000000711600000|  0%| F|  |TAMS 0x0000000711400000, 0x0000000711400000| Untracked 
|  53|0x0000000711600000, 0x0000000711600000, 0x0000000711800000|  0%| F|  |TAMS 0x0000000711600000, 0x0000000711600000| Untracked 
|  54|0x0000000711800000, 0x0000000711800000, 0x0000000711a00000|  0%| F|  |TAMS 0x0000000711800000, 0x0000000711800000| Untracked 
|  55|0x0000000711a00000, 0x0000000711a00000, 0x0000000711c00000|  0%| F|  |TAMS 0x0000000711a00000, 0x0000000711a00000| Untracked 
|  56|0x0000000711c00000, 0x0000000711c00000, 0x0000000711e00000|  0%| F|  |TAMS 0x0000000711c00000, 0x0000000711c00000| Untracked 
|  57|0x0000000711e00000, 0x0000000711e00000, 0x0000000712000000|  0%| F|  |TAMS 0x0000000711e00000, 0x0000000711e00000| Untracked 
|  58|0x0000000712000000, 0x0000000712000000, 0x0000000712200000|  0%| F|  |TAMS 0x0000000712000000, 0x0000000712000000| Untracked 
|  59|0x0000000712200000, 0x0000000712200000, 0x0000000712400000|  0%| F|  |TAMS 0x0000000712200000, 0x0000000712200000| Untracked 
|  60|0x0000000712400000, 0x0000000712400000, 0x0000000712600000|  0%| F|  |TAMS 0x0000000712400000, 0x0000000712400000| Untracked 
|  61|0x0000000712600000, 0x0000000712600000, 0x0000000712800000|  0%| F|  |TAMS 0x0000000712600000, 0x0000000712600000| Untracked 
|  62|0x0000000712800000, 0x0000000712800000, 0x0000000712a00000|  0%| F|  |TAMS 0x0000000712800000, 0x0000000712800000| Untracked 
|  63|0x0000000712a00000, 0x0000000712a00000, 0x0000000712c00000|  0%| F|  |TAMS 0x0000000712a00000, 0x0000000712a00000| Untracked 
|  64|0x0000000712c00000, 0x0000000712c00000, 0x0000000712e00000|  0%| F|  |TAMS 0x0000000712c00000, 0x0000000712c00000| Untracked 
|  65|0x0000000712e00000, 0x0000000712e00000, 0x0000000713000000|  0%| F|  |TAMS 0x0000000712e00000, 0x0000000712e00000| Untracked 
|  66|0x0000000713000000, 0x0000000713000000, 0x0000000713200000|  0%| F|  |TAMS 0x0000000713000000, 0x0000000713000000| Untracked 
|  67|0x0000000713200000, 0x0000000713200000, 0x0000000713400000|  0%| F|  |TAMS 0x0000000713200000, 0x0000000713200000| Untracked 
|  68|0x0000000713400000, 0x0000000713400000, 0x0000000713600000|  0%| F|  |TAMS 0x0000000713400000, 0x0000000713400000| Untracked 
|  69|0x0000000713600000, 0x0000000713600000, 0x0000000713800000|  0%| F|  |TAMS 0x0000000713600000, 0x0000000713600000| Untracked 
|  70|0x0000000713800000, 0x0000000713800000, 0x0000000713a00000|  0%| F|  |TAMS 0x0000000713800000, 0x0000000713800000| Untracked 
|  71|0x0000000713a00000, 0x0000000713a00000, 0x0000000713c00000|  0%| F|  |TAMS 0x0000000713a00000, 0x0000000713a00000| Untracked 
|  72|0x0000000713c00000, 0x0000000713c00000, 0x0000000713e00000|  0%| F|  |TAMS 0x0000000713c00000, 0x0000000713c00000| Untracked 
|  73|0x0000000713e00000, 0x0000000713e00000, 0x0000000714000000|  0%| F|  |TAMS 0x0000000713e00000, 0x0000000713e00000| Untracked 
|  74|0x0000000714000000, 0x0000000714000000, 0x0000000714200000|  0%| F|  |TAMS 0x0000000714000000, 0x0000000714000000| Untracked 
|  75|0x0000000714200000, 0x0000000714200000, 0x0000000714400000|  0%| F|  |TAMS 0x0000000714200000, 0x0000000714200000| Untracked 
|  76|0x0000000714400000, 0x0000000714400000, 0x0000000714600000|  0%| F|  |TAMS 0x0000000714400000, 0x0000000714400000| Untracked 
|  77|0x0000000714600000, 0x0000000714600000, 0x0000000714800000|  0%| F|  |TAMS 0x0000000714600000, 0x0000000714600000| Untracked 
|  78|0x0000000714800000, 0x0000000714800000, 0x0000000714a00000|  0%| F|  |TAMS 0x0000000714800000, 0x0000000714800000| Untracked 
|  79|0x0000000714a00000, 0x0000000714a00000, 0x0000000714c00000|  0%| F|  |TAMS 0x0000000714a00000, 0x0000000714a00000| Untracked 
|  80|0x0000000714c00000, 0x0000000714c00000, 0x0000000714e00000|  0%| F|  |TAMS 0x0000000714c00000, 0x0000000714c00000| Untracked 
|  81|0x0000000714e00000, 0x0000000714e00000, 0x0000000715000000|  0%| F|  |TAMS 0x0000000714e00000, 0x0000000714e00000| Untracked 
|  82|0x0000000715000000, 0x0000000715000000, 0x0000000715200000|  0%| F|  |TAMS 0x0000000715000000, 0x0000000715000000| Untracked 
|  83|0x0000000715200000, 0x0000000715200000, 0x0000000715400000|  0%| F|  |TAMS 0x0000000715200000, 0x0000000715200000| Untracked 
|  84|0x0000000715400000, 0x0000000715400000, 0x0000000715600000|  0%| F|  |TAMS 0x0000000715400000, 0x0000000715400000| Untracked 
|  85|0x0000000715600000, 0x0000000715600000, 0x0000000715800000|  0%| F|  |TAMS 0x0000000715600000, 0x0000000715600000| Untracked 
|  86|0x0000000715800000, 0x0000000715800000, 0x0000000715a00000|  0%| F|  |TAMS 0x0000000715800000, 0x0000000715800000| Untracked 
|  87|0x0000000715a00000, 0x0000000715a00000, 0x0000000715c00000|  0%| F|  |TAMS 0x0000000715a00000, 0x0000000715a00000| Untracked 
|  88|0x0000000715c00000, 0x0000000715c00000, 0x0000000715e00000|  0%| F|  |TAMS 0x0000000715c00000, 0x0000000715c00000| Untracked 
|  89|0x0000000715e00000, 0x0000000715e00000, 0x0000000716000000|  0%| F|  |TAMS 0x0000000715e00000, 0x0000000715e00000| Untracked 
|  90|0x0000000716000000, 0x0000000716000000, 0x0000000716200000|  0%| F|  |TAMS 0x0000000716000000, 0x0000000716000000| Untracked 
|  91|0x0000000716200000, 0x0000000716200000, 0x0000000716400000|  0%| F|  |TAMS 0x0000000716200000, 0x0000000716200000| Untracked 
|  92|0x0000000716400000, 0x0000000716400000, 0x0000000716600000|  0%| F|  |TAMS 0x0000000716400000, 0x0000000716400000| Untracked 
|  93|0x0000000716600000, 0x0000000716600000, 0x0000000716800000|  0%| F|  |TAMS 0x0000000716600000, 0x0000000716600000| Untracked 
|  94|0x0000000716800000, 0x0000000716800000, 0x0000000716a00000|  0%| F|  |TAMS 0x0000000716800000, 0x0000000716800000| Untracked 
|  95|0x0000000716a00000, 0x0000000716a00000, 0x0000000716c00000|  0%| F|  |TAMS 0x0000000716a00000, 0x0000000716a00000| Untracked 
|  96|0x0000000716c00000, 0x0000000716c00000, 0x0000000716e00000|  0%| F|  |TAMS 0x0000000716c00000, 0x0000000716c00000| Untracked 
|  97|0x0000000716e00000, 0x0000000716e00000, 0x0000000717000000|  0%| F|  |TAMS 0x0000000716e00000, 0x0000000716e00000| Untracked 
|  98|0x0000000717000000, 0x0000000717000000, 0x0000000717200000|  0%| F|  |TAMS 0x0000000717000000, 0x0000000717000000| Untracked 
|  99|0x0000000717200000, 0x0000000717200000, 0x0000000717400000|  0%| F|  |TAMS 0x0000000717200000, 0x0000000717200000| Untracked 
| 100|0x0000000717400000, 0x0000000717400000, 0x0000000717600000|  0%| F|  |TAMS 0x0000000717400000, 0x0000000717400000| Untracked 
| 101|0x0000000717600000, 0x0000000717600000, 0x0000000717800000|  0%| F|  |TAMS 0x0000000717600000, 0x0000000717600000| Untracked 
| 102|0x0000000717800000, 0x0000000717800000, 0x0000000717a00000|  0%| F|  |TAMS 0x0000000717800000, 0x0000000717800000| Untracked 
| 103|0x0000000717a00000, 0x0000000717a00000, 0x0000000717c00000|  0%| F|  |TAMS 0x0000000717a00000, 0x0000000717a00000| Untracked 
| 104|0x0000000717c00000, 0x0000000717c00000, 0x0000000717e00000|  0%| F|  |TAMS 0x0000000717c00000, 0x0000000717c00000| Untracked 
| 105|0x0000000717e00000, 0x0000000717e00000, 0x0000000718000000|  0%| F|  |TAMS 0x0000000717e00000, 0x0000000717e00000| Untracked 
| 106|0x0000000718000000, 0x0000000718000000, 0x0000000718200000|  0%| F|  |TAMS 0x0000000718000000, 0x0000000718000000| Untracked 
| 107|0x0000000718200000, 0x0000000718200000, 0x0000000718400000|  0%| F|  |TAMS 0x0000000718200000, 0x0000000718200000| Untracked 
| 108|0x0000000718400000, 0x0000000718400000, 0x0000000718600000|  0%| F|  |TAMS 0x0000000718400000, 0x0000000718400000| Untracked 
| 109|0x0000000718600000, 0x0000000718600000, 0x0000000718800000|  0%| F|  |TAMS 0x0000000718600000, 0x0000000718600000| Untracked 
| 110|0x0000000718800000, 0x0000000718a00000, 0x0000000718a00000|100%| S|CS|TAMS 0x0000000718800000, 0x0000000718800000| Complete 
| 111|0x0000000718a00000, 0x0000000718c00000, 0x0000000718c00000|100%| S|CS|TAMS 0x0000000718a00000, 0x0000000718a00000| Complete 
| 112|0x0000000718c00000, 0x0000000718c00000, 0x0000000718e00000|  0%| F|  |TAMS 0x0000000718c00000, 0x0000000718c00000| Untracked 
| 113|0x0000000718e00000, 0x0000000718e00000, 0x0000000719000000|  0%| F|  |TAMS 0x0000000718e00000, 0x0000000718e00000| Untracked 
| 114|0x0000000719000000, 0x0000000719000000, 0x0000000719200000|  0%| F|  |TAMS 0x0000000719000000, 0x0000000719000000| Untracked 
| 115|0x0000000719200000, 0x0000000719200000, 0x0000000719400000|  0%| F|  |TAMS 0x0000000719200000, 0x0000000719200000| Untracked 
| 116|0x0000000719400000, 0x0000000719400000, 0x0000000719600000|  0%| F|  |TAMS 0x0000000719400000, 0x0000000719400000| Untracked 
| 117|0x0000000719600000, 0x0000000719600000, 0x0000000719800000|  0%| F|  |TAMS 0x0000000719600000, 0x0000000719600000| Untracked 
| 118|0x0000000719800000, 0x0000000719800000, 0x0000000719a00000|  0%| F|  |TAMS 0x0000000719800000, 0x0000000719800000| Untracked 
| 119|0x0000000719a00000, 0x0000000719a00000, 0x0000000719c00000|  0%| F|  |TAMS 0x0000000719a00000, 0x0000000719a00000| Untracked 
| 120|0x0000000719c00000, 0x0000000719c156b8, 0x0000000719e00000|  4%| E|  |TAMS 0x0000000719c00000, 0x0000000719c00000| Complete 
| 121|0x0000000719e00000, 0x000000071a000000, 0x000000071a000000|100%| E|CS|TAMS 0x0000000719e00000, 0x0000000719e00000| Complete 
| 122|0x000000071a000000, 0x000000071a200000, 0x000000071a200000|100%| E|CS|TAMS 0x000000071a000000, 0x000000071a000000| Complete 

Card table byte_map: [0x00000169315b0000,0x0000016931d60000] _byte_map_base: 0x000001692dd5a000

Marking Bits (Prev, Next): (CMBitMap*) 0x0000016919ad36a0, (CMBitMap*) 0x0000016919ad36e0
 Prev Bits: [0x0000016932510000, 0x0000016936260000)
 Next Bits: [0x0000016936260000, 0x0000016939fb0000)

Polling page: 0x00000169179a0000

Metaspace:

Usage:
  Non-class:     11.08 MB used.
      Class:      1.19 MB used.
       Both:     12.27 MB used.

Virtual space:
  Non-class space:       64.00 MB reserved,      11.19 MB ( 17%) committed,  1 nodes.
      Class space:        1.00 GB reserved,       1.25 MB ( <1%) committed,  1 nodes.
             Both:        1.06 GB reserved,      12.44 MB (  1%) committed. 

Chunk freelists:
   Non-Class:  4.47 MB
       Class:  14.58 MB
        Both:  19.05 MB

MaxMetaspaceSize: unlimited
CompressedClassSpaceSize: 1.00 GB
Initial GC threshold: 21.00 MB
Current GC threshold: 21.00 MB
CDS: on
MetaspaceReclaimPolicy: balanced
 - commit_granule_bytes: 65536.
 - commit_granule_words: 8192.
 - virtual_space_node_default_size: 8388608.
 - enlarge_chunks_in_place: 1.
 - new_chunks_are_fully_committed: 0.
 - uncommit_free_chunks: 1.
 - use_allocation_guard: 0.
 - handle_deallocations: 1.


Internal statistics:

num_allocs_failed_limit: 0.
num_arena_births: 150.
num_arena_deaths: 0.
num_vsnodes_births: 2.
num_vsnodes_deaths: 0.
num_space_committed: 199.
num_space_uncommitted: 0.
num_chunks_returned_to_freelist: 0.
num_chunks_taken_from_freelist: 347.
num_chunk_merges: 0.
num_chunk_splits: 230.
num_chunks_enlarged: 151.
num_inconsistent_stats: 0.

CodeHeap 'non-profiled nmethods': size=119168Kb used=463Kb max_used=463Kb free=118704Kb
 bounds [0x0000016929110000, 0x0000016929380000, 0x0000016930570000]
CodeHeap 'profiled nmethods': size=119104Kb used=2692Kb max_used=2692Kb free=116411Kb
 bounds [0x0000016921570000, 0x0000016921820000, 0x00000169289c0000]
CodeHeap 'non-nmethods': size=7488Kb used=3413Kb max_used=3433Kb free=4074Kb
 bounds [0x00000169289c0000, 0x0000016928d20000, 0x0000016929110000]
 total_blobs=2684 nmethods=1496 adapters=1098
 compilation: enabled
              stopped_count=0, restarted_count=0
 full_count=0

Compilation events (20 events):
Event: 1.674 Thread 0x000001693cb2b720 nmethod 1487 0x000001692180e790 code [0x000001692180e920, 0x000001692180ea38]
Event: 1.677 Thread 0x000001697e17bfd0 1491       3       sun.nio.ch.Util$BufferCache::get (164 bytes)
Event: 1.677 Thread 0x000001693cb2b720 1490   !   3       sun.nio.ch.ChannelInputStream::read (95 bytes)
Event: 1.677 Thread 0x000001693cb2b720 nmethod 1490 0x000001692180eb10 code [0x000001692180ed60, 0x000001692180f6e8]
Event: 1.678 Thread 0x000001697e17bfd0 nmethod 1491 0x000001692180fb10 code [0x000001692180fd40, 0x0000016921810778]
Event: 1.679 Thread 0x000001697e17bfd0 1492       1       java.util.Collections$EmptyIterator::hasNext (2 bytes)
Event: 1.679 Thread 0x000001697e17bfd0 nmethod 1492 0x0000016929181490 code [0x0000016929181620, 0x00000169291816f8]
Event: 1.681 Thread 0x000001697e17bfd0 1493       3       sun.misc.Unsafe::putLong (11 bytes)
Event: 1.681 Thread 0x000001690c77fff0 1494       3       org.lwjgl.system.MemoryUtil::memPutAddress (29 bytes)
Event: 1.681 Thread 0x000001697e17bfd0 nmethod 1493 0x0000016921810a90 code [0x0000016921810c20, 0x0000016921810d38]
Event: 1.681 Thread 0x000001690c77fff0 nmethod 1494 0x0000016921810e10 code [0x0000016921810fc0, 0x00000169218111b8]
Event: 1.681 Thread 0x000001690cecaed0 1463       4       java.nio.Buffer::scope (17 bytes)
Event: 1.682 Thread 0x000001693cb2ac70 nmethod 1460 0x0000016929181790 code [0x00000169291819a0, 0x00000169291828f0]
Event: 1.682 Thread 0x000001693cb2ac70 1464   !   4       jdk.internal.misc.ScopedMemoryAccess::getByte (20 bytes)
Event: 1.682 Thread 0x000001690cecaed0 nmethod 1463 0x0000016929183190 code [0x0000016929183300, 0x0000016929183398]
Event: 1.682 Thread 0x000001690cecaed0 1495       4       java.lang.Integer::toUnsignedLong (7 bytes)
Event: 1.683 Thread 0x000001693cb2ac70 nmethod 1464 0x0000016929183490 code [0x0000016929183600, 0x00000169291836b8]
Event: 1.683 Thread 0x000001690cecaed0 nmethod 1495 0x0000016929183790 code [0x0000016929183900, 0x0000016929183958]
Event: 1.683 Thread 0x000001693cb2ac70 1496       4       sun.misc.Unsafe::putLong (11 bytes)
Event: 1.684 Thread 0x000001693cb2ac70 nmethod 1496 0x0000016929183a90 code [0x0000016929183c00, 0x0000016929183c98]

GC Heap History (2 events):
Event: 0.856 GC heap before
{Heap before GC invocations=0 (full 0):
 garbage-first heap   total 251904K, used 22528K [0x000000070ac00000, 0x0000000800000000)
  region size 2048K, 11 young (22528K), 0 survivors (0K)
 Metaspace       used 11646K, committed 11840K, reserved 1114112K
  class space    used 1164K, committed 1280K, reserved 1048576K
}
Event: 0.860 GC heap after
{Heap after GC invocations=1 (full 0):
 garbage-first heap   total 251904K, used 4581K [0x000000070ac00000, 0x0000000800000000)
  region size 2048K, 2 young (4096K), 2 survivors (4096K)
 Metaspace       used 11646K, committed 11840K, reserved 1114112K
  class space    used 1164K, committed 1280K, reserved 1048576K
}

Dll operation events (14 events):
Event: 0.007 Loaded shared library C:\Users\sampw\.jdks\corretto-17.0.11\bin\java.dll
Event: 0.021 Loaded shared library C:\Users\sampw\.jdks\corretto-17.0.11\bin\jsvml.dll
Event: 0.114 Loaded shared library C:\Users\sampw\.jdks\corretto-17.0.11\bin\zip.dll
Event: 0.116 Loaded shared library C:\Users\sampw\.jdks\corretto-17.0.11\bin\instrument.dll
Event: 0.121 Loaded shared library C:\Users\sampw\.jdks\corretto-17.0.11\bin\net.dll
Event: 0.123 Loaded shared library C:\Users\sampw\.jdks\corretto-17.0.11\bin\nio.dll
Event: 0.126 Loaded shared library C:\Users\sampw\.jdks\corretto-17.0.11\bin\zip.dll
Event: 0.218 Loaded shared library C:\Program Files\JetBrains\IntelliJ IDEA Community Edition 2024.1.4\bin\breakgen64.dll
Event: 0.229 Loaded shared library C:\Users\sampw\.jdks\corretto-17.0.11\bin\extnet.dll
Event: 0.265 Loaded shared library C:\Users\sampw\.jdks\corretto-17.0.11\bin\jimage.dll
Event: 0.285 Loaded shared library C:\Users\sampw\AppData\Local\Temp\lwjgl_sampw\3.3.2+13\x64\lwjgl.dll
Event: 0.395 Loaded shared library C:\Users\sampw\.jdks\corretto-17.0.11\bin\awt.dll
Event: 0.692 Loaded shared library C:\Users\sampw\.jdks\corretto-17.0.11\bin\verify.dll
Event: 1.674 Loaded shared library C:\Users\sampw\AppData\Local\Temp\lwjgl_sampw\3.3.2+13\x64\lwjgl_opengl.dll

Deoptimization events (20 events):
Event: 0.647 Thread 0x0000016919a691e0 DEOPT PACKING pc=0x000001692911e02c sp=0x0000001de41fe600
Event: 0.647 Thread 0x0000016919a691e0 DEOPT UNPACKING pc=0x0000016928a169a3 sp=0x0000001de41fe5a8 mode 2
Event: 0.647 Thread 0x0000016919a691e0 Uncommon trap: trap_request=0xffffffde fr.pc=0x000001692911e02c relative=0x00000000000001ac
Event: 0.647 Thread 0x0000016919a691e0 Uncommon trap: reason=class_check action=maybe_recompile pc=0x000001692911e02c method=java.lang.String.equals(Ljava/lang/Object;)Z @ 8 c2
Event: 0.647 Thread 0x0000016919a691e0 DEOPT PACKING pc=0x000001692911e02c sp=0x0000001de41fe580
Event: 0.647 Thread 0x0000016919a691e0 DEOPT UNPACKING pc=0x0000016928a169a3 sp=0x0000001de41fe528 mode 2
Event: 0.667 Thread 0x0000016919a691e0 Uncommon trap: trap_request=0xffffff45 fr.pc=0x0000016929143cc4 relative=0x0000000000000184
Event: 0.667 Thread 0x0000016919a691e0 Uncommon trap: reason=unstable_if action=reinterpret pc=0x0000016929143cc4 method=java.lang.invoke.VarHandle.checkExactAccessMode(Ljava/lang/invoke/VarHandle$AccessDescriptor;)V @ 4 c2
Event: 0.667 Thread 0x0000016919a691e0 DEOPT PACKING pc=0x0000016929143cc4 sp=0x0000001de41fec90
Event: 0.667 Thread 0x0000016919a691e0 DEOPT UNPACKING pc=0x0000016928a169a3 sp=0x0000001de41febd0 mode 2
Event: 0.687 Thread 0x0000016919a691e0 Uncommon trap: trap_request=0xffffff45 fr.pc=0x000001692916adc8 relative=0x0000000000000048
Event: 0.687 Thread 0x0000016919a691e0 Uncommon trap: reason=unstable_if action=reinterpret pc=0x000001692916adc8 method=java.lang.CharacterData.of(I)Ljava/lang/CharacterData; @ 4 c2
Event: 0.687 Thread 0x0000016919a691e0 DEOPT PACKING pc=0x000001692916adc8 sp=0x0000001de41fe800
Event: 0.687 Thread 0x0000016919a691e0 DEOPT UNPACKING pc=0x0000016928a169a3 sp=0x0000001de41fe7a0 mode 2
Event: 0.699 Thread 0x0000016919a691e0 DEOPT PACKING pc=0x00000169215babe5 sp=0x0000001de41fd080
Event: 0.699 Thread 0x0000016919a691e0 DEOPT UNPACKING pc=0x0000016928a17143 sp=0x0000001de41fc4d0 mode 0
Event: 0.887 Thread 0x0000016919a691e0 Uncommon trap: trap_request=0xffffff6e fr.pc=0x000001692916d1ac relative=0x000000000000040c
Event: 0.887 Thread 0x0000016919a691e0 Uncommon trap: reason=loop_limit_check action=maybe_recompile pc=0x000001692916d1ac method=java.lang.StringLatin1.indexOf([BI[BII)I @ 37 c2
Event: 0.887 Thread 0x0000016919a691e0 DEOPT PACKING pc=0x000001692916d1ac sp=0x0000001de41fe0d0
Event: 0.887 Thread 0x0000016919a691e0 DEOPT UNPACKING pc=0x0000016928a169a3 sp=0x0000001de41fe030 mode 2

Classes unloaded (0 events):
No events

Classes redefined (0 events):
No events

Internal exceptions (20 events):
Event: 0.356 Thread 0x0000016919a691e0 Exception <a 'sun/nio/fs/WindowsException'{0x00000007197ae5f0}> (0x00000007197ae5f0) 
thrown [s\src\hotspot\share\prims\jni.cpp, line 516]
Event: 0.376 Thread 0x0000016919a691e0 Exception <a 'java/lang/NoSuchMethodError'{0x00000007194234f0}: 'void java.lang.invoke.DirectMethodHandle$Holder.invokeStatic(java.lang.Object, long, long)'> (0x00000007194234f0) 
thrown [s\src\hotspot\share\interpreter\linkResolver.cpp, line 759]
Event: 0.376 Thread 0x0000016919a691e0 Exception <a 'java/lang/NoSuchMethodError'{0x0000000719426a80}: 'void java.lang.invoke.DirectMethodHandle$Holder.invokeStaticInit(java.lang.Object, long, long)'> (0x0000000719426a80) 
thrown [s\src\hotspot\share\interpreter\linkResolver.cpp, line 759]
Event: 0.390 Thread 0x0000016919a691e0 Exception <a 'java/lang/ClassNotFoundException'{0x0000000719453c90}: sun/awt/resources/spi/awtProvider> (0x0000000719453c90) 
thrown [s\src\hotspot\share\classfile\systemDictionary.cpp, line 256]
Event: 0.405 Thread 0x0000016919a691e0 Exception <a 'java/io/FileNotFoundException'{0x000000071949b9e8}> (0x000000071949b9e8) 
thrown [s\src\hotspot\share\prims\jni.cpp, line 516]
Event: 0.410 Thread 0x0000016919a691e0 Exception <a 'java/io/FileNotFoundException'{0x00000007194c88e8}> (0x00000007194c88e8) 
thrown [s\src\hotspot\share\prims\jni.cpp, line 516]
Event: 0.539 Thread 0x0000016919a691e0 Exception <a 'java/lang/NoSuchMethodError'{0x00000007195eb238}: 'java.lang.Object java.lang.invoke.DirectMethodHandle$Holder.newInvokeSpecial(java.lang.Object, java.lang.Object, java.lang.Object, java.lang.Object, java.lang.Object)'> (0x00000007195eb238) 
thrown [s\src\hotspot\share\interpreter\linkResolver.cpp, line 759]
Event: 0.541 Thread 0x0000016919a691e0 Exception <a 'java/lang/NoSuchMethodError'{0x00000007195f6c00}: 'java.lang.Object java.lang.invoke.DirectMethodHandle$Holder.invokeStatic(java.lang.Object, int, java.lang.Object, java.lang.Object, java.lang.Object, java.lang.Object)'> (0x00000007195f6c00) 
thrown [s\src\hotspot\share\interpreter\linkResolver.cpp, line 759]
Event: 0.549 Thread 0x0000016919a691e0 Exception <a 'java/lang/NoSuchMethodError'{0x000000071921cde0}: 'java.lang.Object java.lang.invoke.DirectMethodHandle$Holder.invokeStatic(java.lang.Object, int, java.lang.Object)'> (0x000000071921cde0) 
thrown [s\src\hotspot\share\interpreter\linkResolver.cpp, line 759]
Event: 0.585 Thread 0x0000016919a691e0 Exception <a 'java/lang/ClassNotFoundException'{0x00000007192d8498}: com/sun/swing/internal/plaf/metal/resources/spi/metalProvider> (0x00000007192d8498) 
thrown [s\src\hotspot\share\classfile\systemDictionary.cpp, line 256]
Event: 0.586 Thread 0x0000016919a691e0 Exception <a 'java/lang/ClassNotFoundException'{0x00000007192dc310}: com/sun/swing/internal/plaf/basic/resources/spi/basicProvider> (0x00000007192dc310) 
thrown [s\src\hotspot\share\classfile\systemDictionary.cpp, line 256]
Event: 0.596 Thread 0x0000016919a691e0 Implicit null exception at 0x0000016929130e8e to 0x000001692913126c
Event: 0.596 Thread 0x0000016919a691e0 Implicit null exception at 0x000001692912c90e to 0x000001692912cce4
Event: 0.596 Thread 0x0000016919a691e0 Implicit null exception at 0x000001692914200f to 0x0000016929142089
Event: 0.891 Thread 0x0000016919a691e0 Exception <a 'sun/nio/fs/WindowsException'{0x000000071a11dba0}> (0x000000071a11dba0) 
thrown [s\src\hotspot\share\prims\jni.cpp, line 516]
Event: 0.891 Thread 0x0000016919a691e0 Exception <a 'sun/nio/fs/WindowsException'{0x000000071a11df00}> (0x000000071a11df00) 
thrown [s\src\hotspot\share\prims\jni.cpp, line 516]
Event: 1.672 Thread 0x0000016919a691e0 Exception <a 'sun/nio/fs/WindowsException'{0x0000000719fce7e8}> (0x0000000719fce7e8) 
thrown [s\src\hotspot\share\prims\jni.cpp, line 516]
Event: 1.672 Thread 0x0000016919a691e0 Exception <a 'sun/nio/fs/WindowsException'{0x0000000719fceb90}> (0x0000000719fceb90) 
thrown [s\src\hotspot\share\prims\jni.cpp, line 516]
Event: 1.679 Thread 0x0000016919a691e0 Exception <a 'sun/nio/fs/WindowsException'{0x0000000719fe1908}> (0x0000000719fe1908) 
thrown [s\src\hotspot\share\prims\jni.cpp, line 516]
Event: 1.679 Thread 0x0000016919a691e0 Exception <a 'sun/nio/fs/WindowsException'{0x0000000719fe1be8}> (0x0000000719fe1be8) 
thrown [s\src\hotspot\share\prims\jni.cpp, line 516]

VM Operations (20 events):
Event: 0.103 Executing VM operation: HandshakeAllThreads
Event: 0.103 Executing VM operation: HandshakeAllThreads done
Event: 0.221 Executing VM operation: HandshakeAllThreads
Event: 0.221 Executing VM operation: HandshakeAllThreads done
Event: 0.257 Executing VM operation: HandshakeAllThreads
Event: 0.257 Executing VM operation: HandshakeAllThreads done
Event: 0.277 Executing VM operation: HandshakeAllThreads
Event: 0.277 Executing VM operation: HandshakeAllThreads done
Event: 0.617 Executing VM operation: HandshakeAllThreads
Event: 0.617 Executing VM operation: HandshakeAllThreads done
Event: 0.678 Executing VM operation: HandshakeAllThreads
Event: 0.678 Executing VM operation: HandshakeAllThreads done
Event: 0.680 Executing VM operation: ICBufferFull
Event: 0.680 Executing VM operation: ICBufferFull done
Event: 0.687 Executing VM operation: HandshakeAllThreads
Event: 0.687 Executing VM operation: HandshakeAllThreads done
Event: 0.855 Executing VM operation: G1CollectForAllocation
Event: 0.860 Executing VM operation: G1CollectForAllocation done
Event: 1.036 Executing VM operation: HandshakeAllThreads
Event: 1.036 Executing VM operation: HandshakeAllThreads done

Events (20 events):
Event: 1.041 loading class sun/util/resources/TimeZoneNamesBundle done
Event: 1.041 loading class sun/util/resources/cldr/TimeZoneNames done
Event: 1.041 loading class sun/util/resources/cldr/TimeZoneNames_en
Event: 1.042 loading class sun/util/resources/cldr/TimeZoneNames_en done
Event: 1.042 loading class sun/util/resources/cldr/TimeZoneNames_en_US
Event: 1.042 loading class sun/util/resources/cldr/TimeZoneNames_en_US done
Event: 1.267 loading class java/awt/MenuComponent
Event: 1.267 loading class java/awt/MenuComponent done
Event: 1.267 loading class java/awt/TrayIcon
Event: 1.268 loading class java/awt/TrayIcon done
Event: 1.284 loading class java/util/WeakHashMap$KeyIterator
Event: 1.284 loading class java/util/WeakHashMap$HashIterator
Event: 1.284 loading class java/util/WeakHashMap$HashIterator done
Event: 1.284 loading class java/util/WeakHashMap$KeyIterator done
Event: 1.458 loading class javax/swing/RepaintManager$DisplayChangedRunnable
Event: 1.459 loading class javax/swing/RepaintManager$DisplayChangedRunnable done
Event: 1.669 loading class jdk/internal/misc/ScopedMemoryAccess$Scope
Event: 1.669 loading class jdk/internal/misc/ScopedMemoryAccess$Scope done
Event: 1.671 Thread 0x000001690c77fff0 Thread added: 0x000001690c77fff0
Event: 1.681 Thread 0x000001690cecaed0 Thread added: 0x000001690cecaed0


Dynamic libraries:
0x00007ff7a0f00000 - 0x00007ff7a0f0e000 	C:\Users\sampw\.jdks\corretto-17.0.11\bin\java.exe
0x00007ffb00eb0000 - 0x00007ffb010c7000 	C:\WINDOWS\SYSTEM32\ntdll.dll
0x00007ffb001e0000 - 0x00007ffb002a4000 	C:\WINDOWS\System32\KERNEL32.DLL
0x00007ffafe840000 - 0x00007ffafebed000 	C:\WINDOWS\System32\KERNELBASE.dll
0x00007ffafe5b0000 - 0x00007ffafe6c1000 	C:\WINDOWS\System32\ucrtbase.dll
0x00007ffaf9310000 - 0x00007ffaf9327000 	C:\Users\sampw\.jdks\corretto-17.0.11\bin\jli.dll
0x00007ffaf8be0000 - 0x00007ffaf8bfb000 	C:\Users\sampw\.jdks\corretto-17.0.11\bin\VCRUNTIME140.dll
0x00007ffb002b0000 - 0x00007ffb0045e000 	C:\WINDOWS\System32\USER32.dll
0x00007ffaf4580000 - 0x00007ffaf4813000 	C:\WINDOWS\WinSxS\amd64_microsoft.windows.common-controls_6595b64144ccf1df_6.0.22621.3672_none_2713b9d173822955\COMCTL32.dll
0x00007ffafe750000 - 0x00007ffafe776000 	C:\WINDOWS\System32\win32u.dll
0x00007ffaff000000 - 0x00007ffaff0a7000 	C:\WINDOWS\System32\msvcrt.dll
0x00007ffafff80000 - 0x00007ffafffa9000 	C:\WINDOWS\System32\GDI32.dll
0x00007ffafe210000 - 0x00007ffafe329000 	C:\WINDOWS\System32\gdi32full.dll
0x00007ffafe330000 - 0x00007ffafe3ca000 	C:\WINDOWS\System32\msvcp_win.dll
0x00007ffb00480000 - 0x00007ffb004b1000 	C:\WINDOWS\System32\IMM32.DLL
0x00007ffafaee0000 - 0x00007ffafaeec000 	C:\Users\sampw\.jdks\corretto-17.0.11\bin\vcruntime140_1.dll
0x00007ffaf7c60000 - 0x00007ffaf7ced000 	C:\Users\sampw\.jdks\corretto-17.0.11\bin\msvcp140.dll
0x00007ffab1530000 - 0x00007ffab2192000 	C:\Users\sampw\.jdks\corretto-17.0.11\bin\server\jvm.dll
0x00007ffaffa00000 - 0x00007ffaffab2000 	C:\WINDOWS\System32\ADVAPI32.dll
0x00007ffb00130000 - 0x00007ffb001d9000 	C:\WINDOWS\System32\sechost.dll
0x00007ffafe1e0000 - 0x00007ffafe208000 	C:\WINDOWS\System32\bcrypt.dll
0x00007ffafffb0000 - 0x00007ffb000c4000 	C:\WINDOWS\System32\RPCRT4.dll
0x00007ffaf7690000 - 0x00007ffaf7699000 	C:\WINDOWS\SYSTEM32\WSOCK32.dll
0x00007ffaf2430000 - 0x00007ffaf2464000 	C:\WINDOWS\SYSTEM32\WINMM.dll
0x00007ffafef80000 - 0x00007ffafeff1000 	C:\WINDOWS\System32\WS2_32.dll
0x00007ffafd070000 - 0x00007ffafd0bd000 	C:\WINDOWS\SYSTEM32\POWRPROF.dll
0x00007ffaf4900000 - 0x00007ffaf490a000 	C:\WINDOWS\SYSTEM32\VERSION.dll
0x00007ffafd050000 - 0x00007ffafd063000 	C:\WINDOWS\SYSTEM32\UMPDC.dll
0x00007ffafd300000 - 0x00007ffafd318000 	C:\WINDOWS\SYSTEM32\kernel.appcore.dll
0x00007ffafaec0000 - 0x00007ffafaeca000 	C:\Users\sampw\.jdks\corretto-17.0.11\bin\jimage.dll
0x00007ffafbbe0000 - 0x00007ffafbe12000 	C:\WINDOWS\SYSTEM32\DBGHELP.DLL
0x00007ffafebf0000 - 0x00007ffafef78000 	C:\WINDOWS\System32\combase.dll
0x00007ffb00680000 - 0x00007ffb00757000 	C:\WINDOWS\System32\OLEAUT32.dll
0x00007ffaf2630000 - 0x00007ffaf2662000 	C:\WINDOWS\SYSTEM32\dbgcore.DLL
0x00007ffafe6d0000 - 0x00007ffafe74b000 	C:\WINDOWS\System32\bcryptPrimitives.dll
0x00007ffaf8e90000 - 0x00007ffaf8e9e000 	C:\Users\sampw\.jdks\corretto-17.0.11\bin\instrument.dll
0x00007ffaf7e90000 - 0x00007ffaf7eb5000 	C:\Users\sampw\.jdks\corretto-17.0.11\bin\java.dll
0x00007ffae7330000 - 0x00007ffae7407000 	C:\Users\sampw\.jdks\corretto-17.0.11\bin\jsvml.dll
0x00007ffaff0b0000 - 0x00007ffaff90f000 	C:\WINDOWS\System32\SHELL32.dll
0x00007ffafc100000 - 0x00007ffafc9fc000 	C:\WINDOWS\SYSTEM32\windows.storage.dll
0x00007ffafbfc0000 - 0x00007ffafc0ff000 	C:\WINDOWS\SYSTEM32\wintypes.dll
0x00007ffaffac0000 - 0x00007ffaffbb4000 	C:\WINDOWS\System32\SHCORE.dll
0x00007ffaff910000 - 0x00007ffaff96e000 	C:\WINDOWS\System32\shlwapi.dll
0x00007ffafe110000 - 0x00007ffafe131000 	C:\WINDOWS\SYSTEM32\profapi.dll
0x00007ffaf7c40000 - 0x00007ffaf7c58000 	C:\Users\sampw\.jdks\corretto-17.0.11\bin\zip.dll
0x00007ffaf7d50000 - 0x00007ffaf7d69000 	C:\Users\sampw\.jdks\corretto-17.0.11\bin\net.dll
0x00007ffaf9a40000 - 0x00007ffaf9b76000 	C:\WINDOWS\SYSTEM32\WINHTTP.dll
0x00007ffafd770000 - 0x00007ffafd7d9000 	C:\WINDOWS\system32\mswsock.dll
0x00007ffaf7d30000 - 0x00007ffaf7d46000 	C:\Users\sampw\.jdks\corretto-17.0.11\bin\nio.dll
0x00007ffaf7290000 - 0x00007ffaf72aa000 	C:\Program Files\JetBrains\IntelliJ IDEA Community Edition 2024.1.4\bin\breakgen64.dll
0x00007ffaf7240000 - 0x00007ffaf7249000 	C:\Users\sampw\.jdks\corretto-17.0.11\bin\extnet.dll
0x00007ffae36a0000 - 0x00007ffae371a000 	C:\Users\sampw\AppData\Local\Temp\lwjgl_sampw\3.3.2+13\x64\lwjgl.dll
0x00007ffabde70000 - 0x00007ffabe0e0000 	C:\Users\sampw\AppData\Local\Temp\lwjgl_sampw\3.3.2+13\x64\jemalloc.dll
0x00007ffac77c0000 - 0x00007ffac7950000 	C:\Users\sampw\.jdks\corretto-17.0.11\bin\awt.dll
0x00007ffaf75f0000 - 0x00007ffaf7687000 	C:\WINDOWS\SYSTEM32\apphelp.dll
0x00007ffafb380000 - 0x00007ffafb3ab000 	C:\WINDOWS\system32\DWMAPI.DLL
0x00007ffafb100000 - 0x00007ffafb1af000 	C:\WINDOWS\system32\uxtheme.dll
0x00007ffa929c0000 - 0x00007ffa92ac0000 	C:\WINDOWS\system32\opengl32.dll
0x00007ffac7fd0000 - 0x00007ffac7ffd000 	C:\WINDOWS\SYSTEM32\GLU32.dll
0x00007ffafb440000 - 0x00007ffafb479000 	C:\WINDOWS\SYSTEM32\dxcore.dll
0x00007ffaffc40000 - 0x00007ffaffd93000 	C:\WINDOWS\System32\MSCTF.dll
0x00007ffaffdd0000 - 0x00007ffafff75000 	C:\WINDOWS\System32\ole32.dll
0x00007ffabb110000 - 0x00007ffabb2b8000 	C:\WINDOWS\system32\d3d9.dll
0x00007ffaf2470000 - 0x00007ffaf262a000 	C:\WINDOWS\System32\DriverStore\FileRepository\u0381040.inf_amd64_4455b7391a60ce8d\B380794\aticfx64.dll
0x00007ffa91bc0000 - 0x00007ffa91bf4000 	C:\WINDOWS\System32\DriverStore\FileRepository\u0381040.inf_amd64_4455b7391a60ce8d\B380794\atiu9p64.dll
0x00007ffa8ff90000 - 0x00007ffa90ce6000 	C:\WINDOWS\System32\DriverStore\FileRepository\u0381040.inf_amd64_4455b7391a60ce8d\B380794\atiumd64.dll
0x000000006e220000 - 0x000000006f0df000 	C:\WINDOWS\System32\DriverStore\FileRepository\u0381040.inf_amd64_4455b7391a60ce8d\B380794\atiumd6a.dll
0x00007ffb00760000 - 0x00007ffb00bd4000 	C:\WINDOWS\System32\SETUPAPI.dll
0x00007ffaf3e40000 - 0x00007ffaf3e70000 	C:\WINDOWS\SYSTEM32\amdihk64.dll
0x00007ffaf4db0000 - 0x00007ffaf4df9000 	C:\WINDOWS\SYSTEM32\directxdatabasehelper.dll
0x00007ffaf4540000 - 0x00007ffaf4550000 	C:\Users\sampw\.jdks\corretto-17.0.11\bin\verify.dll
0x00007ffae2d40000 - 0x00007ffae2dc2000 	C:\Users\sampw\AppData\Local\Temp\lwjgl_sampw\3.3.2+13\x64\glfw.dll
0x00007ffae3650000 - 0x00007ffae3696000 	C:\WINDOWS\SYSTEM32\dinput8.dll
0x00007ffaf0430000 - 0x00007ffaf0441000 	C:\WINDOWS\SYSTEM32\xinput1_4.dll
0x00007ffafdec0000 - 0x00007ffafdf0e000 	C:\WINDOWS\SYSTEM32\cfgmgr32.dll
0x00007ffafde90000 - 0x00007ffafdebc000 	C:\WINDOWS\SYSTEM32\DEVOBJ.dll
0x00007ffae7ce0000 - 0x00007ffae7eee000 	C:\WINDOWS\SYSTEM32\inputhost.dll
0x00007ffaf7090000 - 0x00007ffaf71c3000 	C:\WINDOWS\SYSTEM32\CoreMessaging.dll
0x00007ffafd9d0000 - 0x00007ffafd9dc000 	C:\WINDOWS\SYSTEM32\CRYPTBASE.DLL
0x00007ffb00bf0000 - 0x00007ffb00ca0000 	C:\WINDOWS\System32\clbcatq.dll
0x00007ffaf8d20000 - 0x00007ffaf8e62000 	C:\Windows\System32\AppXDeploymentClient.dll
0x00007ffabccc0000 - 0x00007ffabccec000 	C:\WINDOWS\System32\DriverStore\FileRepository\u0381040.inf_amd64_4455b7391a60ce8d\B380794\atig6pxx.dll
0x00007ffa6fad0000 - 0x00007ffa72930000 	C:\WINDOWS\System32\DriverStore\FileRepository\u0381040.inf_amd64_4455b7391a60ce8d\B380794\atio6axx.dll
0x00007ffaf7d90000 - 0x00007ffaf7db5000 	C:\WINDOWS\SYSTEM32\dxva2.dll
0x00007ffab2e20000 - 0x00007ffab2e5f000 	C:\WINDOWS\System32\DriverStore\FileRepository\u0381040.inf_amd64_4455b7391a60ce8d\B380794\atig6txx.dll
0x00007ffa89c30000 - 0x00007ffa89e00000 	C:\WINDOWS\SYSTEM32\atiadlxx.dll
0x00007ffb00be0000 - 0x00007ffb00be8000 	C:\WINDOWS\System32\PSAPI.DLL
0x00007ffafbe30000 - 0x00007ffafbf30000 	C:\WINDOWS\SYSTEM32\PROPSYS.dll
0x00007ffadfaf0000 - 0x00007ffadfb40000 	C:\WINDOWS\SYSTEM32\pdh.dll
0x00007ffafe3d0000 - 0x00007ffafe43b000 	C:\WINDOWS\System32\WINTRUST.dll
0x00007ffafe440000 - 0x00007ffafe5a7000 	C:\WINDOWS\System32\CRYPT32.dll
0x00007ffafda30000 - 0x00007ffafda42000 	C:\WINDOWS\SYSTEM32\MSASN1.dll
0x00007ffaec2b0000 - 0x00007ffaec3fe000 	C:\WINDOWS\SYSTEM32\textinputframework.dll
0x00007ffaec5a0000 - 0x00007ffaec609000 	C:\WINDOWS\system32\Oleacc.dll
0x00007ffae2ba0000 - 0x00007ffae2bfe000 	C:\Users\sampw\AppData\Local\Temp\lwjgl_sampw\3.3.2+13\x64\lwjgl_opengl.dll

dbghelp: loaded successfully - version: 4.0.5 - missing functions: none
symbol engine: initialized successfully - sym options: 0x614 - pdb path: .;C:\Users\sampw\.jdks\corretto-17.0.11\bin;C:\WINDOWS\SYSTEM32;C:\WINDOWS\WinSxS\amd64_microsoft.windows.common-controls_6595b64144ccf1df_6.0.22621.3672_none_2713b9d173822955;C:\Users\sampw\.jdks\corretto-17.0.11\bin\server;C:\Program Files\JetBrains\IntelliJ IDEA Community Edition 2024.1.4\bin;C:\Users\sampw\AppData\Local\Temp\lwjgl_sampw\3.3.2+13\x64;C:\WINDOWS\System32\DriverStore\FileRepository\u0381040.inf_amd64_4455b7391a60ce8d\B380794

VM Arguments:
jvm_args: -javaagent:C:\Program Files\JetBrains\IntelliJ IDEA Community Edition 2024.1.4\lib\idea_rt.jar=55572:C:\Program Files\JetBrains\IntelliJ IDEA Community Edition 2024.1.4\bin -Dfile.encoding=UTF-8 
java_command: com.xbuilders.game.Main
java_class_path (initial): C:\Local Files\github\Xbuilders\target\classes;C:\Users\sampw\.m2\repository\com\google\code\gson\gson\2.10.1\gson-2.10.1.jar;C:\Users\sampw\.m2\repository\org\lwjgl\lwjgl\3.3.2\lwjgl-3.3.2.jar;C:\Users\sampw\.m2\repository\org\lwjgl\lwjgl-assimp\3.3.2\lwjgl-assimp-3.3.2.jar;C:\Users\sampw\.m2\repository\org\lwjgl\lwjgl-bgfx\3.3.2\lwjgl-bgfx-3.3.2.jar;C:\Users\sampw\.m2\repository\org\lwjgl\lwjgl-cuda\3.3.2\lwjgl-cuda-3.3.2.jar;C:\Users\sampw\.m2\repository\org\lwjgl\lwjgl-egl\3.3.2\lwjgl-egl-3.3.2.jar;C:\Users\sampw\.m2\repository\org\lwjgl\lwjgl-fmod\3.3.2\lwjgl-fmod-3.3.2.jar;C:\Users\sampw\.m2\repository\org\lwjgl\lwjgl-freetype\3.3.2\lwjgl-freetype-3.3.2.jar;C:\Users\sampw\.m2\repository\org\lwjgl\lwjgl-glfw\3.3.2\lwjgl-glfw-3.3.2.jar;C:\Users\sampw\.m2\repository\org\lwjgl\lwjgl-harfbuzz\3.3.2\lwjgl-harfbuzz-3.3.2.jar;C:\Users\sampw\.m2\repository\org\lwjgl\lwjgl-hwloc\3.3.2\lwjgl-hwloc-3.3.2.jar;C:\Users\sampw\.m2\repository\org\lwjgl\lwjgl-jawt\3.3.2\lwjgl-jawt-3.3.2.jar;C:\Users\sampw\.m2\repository\org\lwjgl\lwjgl-jemalloc\3.3.2\lwjgl-jemalloc-3.3.2.jar;C:\Users\sampw\.m2\repository\org\lwjgl\lwjgl-ktx\3.3.2\lwjgl-ktx-3.3.2.jar;C:\Users\sampw\.m2\repository\org\lwjgl\lwjgl-libdivide\3.3.2\lwjgl-libdivide-3.3.2.jar;C:\Users\sampw\.m2\repository\org\lwjgl\lwjgl-llvm\3.3.2\lwjgl-llvm-3.3.2.jar;C:\Users\sampw\.m2\repository\org\lwjgl\lwjgl-lmdb\3.3.2\lwjgl-lmdb-3.3.2.jar;C:\Users\sampw\.m2\repository\org\lwjgl\lwjgl-lz4\3.3.2\lwjgl-lz4-3.3.2.jar;C:\Users\sampw\.m2\repository\org\lwjgl\lwjgl-meow\3.3.2\lwjgl-meow-3.3.2.jar;C:\Users\sampw\.m2\repository\org\lwjgl\lwjgl-meshoptimizer\3.3.2\lwjgl-meshoptimizer-3.3.2.jar;C:\Users\sampw\.m2\repository\org\lwjgl\lwjgl-nanovg\3.3.2\lwjgl-nanovg-3.3.2.jar;C:\Users\sampw\.m2\repository\org\lwjgl\lwjgl-nfd\3.3.2\lwjgl-nfd-3.3.2.jar;C:\Users\sampw\.m2\repository\org\lwjgl\lwjgl-nuklear\3.3.2\lwjgl-nuklear-3.3.2.jar;C:\Users\sampw\.m2\repository\org\lwjgl\lwjgl-odbc\3.3.2\lwjgl-odbc-3.3.2.jar;C
Launcher Type: SUN_STANDARD

[Global flags]
     intx CICompilerCount                          = 12                                        {product} {ergonomic}
     uint ConcGCThreads                            = 3                                         {product} {ergonomic}
     uint G1ConcRefinementThreads                  = 13                                        {product} {ergonomic}
   size_t G1HeapRegionSize                         = 2097152                                   {product} {ergonomic}
    uintx GCDrainStackTargetSize                   = 64                                        {product} {ergonomic}
   size_t InitialHeapSize                          = 257949696                                 {product} {ergonomic}
   size_t MarkStackSize                            = 4194304                                   {product} {ergonomic}
   size_t MaxHeapSize                              = 4114612224                                {product} {ergonomic}
   size_t MaxNewSize                               = 2468347904                                {product} {ergonomic}
   size_t MinHeapDeltaBytes                        = 2097152                                   {product} {ergonomic}
   size_t MinHeapSize                              = 8388608                                   {product} {ergonomic}
    uintx NonNMethodCodeHeapSize                   = 7602480                                {pd product} {ergonomic}
    uintx NonProfiledCodeHeapSize                  = 122027880                              {pd product} {ergonomic}
    uintx ProfiledCodeHeapSize                     = 122027880                              {pd product} {ergonomic}
    uintx ReservedCodeCacheSize                    = 251658240                              {pd product} {ergonomic}
     bool SegmentedCodeCache                       = true                                      {product} {ergonomic}
   size_t SoftMaxHeapSize                          = 4114612224                             {manageable} {ergonomic}
     bool UseCompressedClassPointers               = true                           {product lp64_product} {ergonomic}
     bool UseCompressedOops                        = true                           {product lp64_product} {ergonomic}
     bool UseG1GC                                  = true                                      {product} {ergonomic}
     bool UseLargePagesIndividualAllocation        = false                                  {pd product} {ergonomic}

Logging:
Log output configuration:
 #0: stdout all=warning uptime,level,tags
 #1: stderr all=off uptime,level,tags

Environment Variables:
JAVA_HOME=C:\Program Files\Java\jdk-17.0.1
PATH=C:\Program Files\Common Files\Oracle\Java\javapath;C:\WINDOWS\system32;C:\WINDOWS;C:\WINDOWS\System32\Wbem;C:\WINDOWS\System32\WindowsPowerShell\v1.0\;C:\WINDOWS\System32\OpenSSH\;C:\Program Files\PuTTY\;C:\Program Files\nodejs\;C:\Program Files\Java\jdk-16.0.1\bin;C:\Program Files\Apache Software Foundation\apache-maven-3.8.1\bin;C:\Program Files\dotnet\;C:\Program Files\HP\HP One Agent;C:\Program Files\Git\cmd;C:\Program Files (x86)\Windows Kits\10\Windows Performance Toolkit\;C:\Program Files\GitHub CLI\;C:\Users\sampw\AppData\Local\Microsoft\WindowsApps;C:\Users\sampw\AppData\Roaming\npm;C:\Program Files (x86)\mingw-w64\i686-8.1.0-posix-dwarf-rt_v6-rev0\mingw32\bin;C:\Users\sampw\anaconda3;C:\Program Files\heroku\bin;C:\Programs\Program Downloads\ffmpeg-N-102431-gf140239777-win64-gpl-shared\bin;C:\Users\sampw\AppData\Local\Packages\PythonSoftwareFoundation.Python.3.9_qbz5n2kfra8p0\LocalCache\local-packages\Python39\Scripts;C:\Programs\apache-ant-1.10.13\bin;C:\Program Files\Microsoft Visual Studio\2022\Community\Common7\IDE\CommonExtensions\Microsoft\CMake\CMake\bin\;C:\Program Files\JetBrains\IntelliJ IDEA Community Edition 2023.3.2\bin;;C:\Users\sampw\AppData\Local\Programs\Microsoft VS Code\bin;C:\Users\sampw\AppData\Local\GitHubDesktop\bin
USERNAME=sampw
OS=Windows_NT
PROCESSOR_IDENTIFIER=AMD64 Family 23 Model 104 Stepping 1, AuthenticAMD
TMP=C:\Users\sampw\AppData\Local\Temp
TEMP=C:\Users\sampw\AppData\Local\Temp



Periodic native trim disabled


---------------  S Y S T E M  ---------------

OS:
 Windows 11 , 64 bit Build 22621 (10.0.22621.3672)
OS uptime: 5 days 20:01 hours
Hyper-V role detected

CPU: total 16 (initial active 16) (16 cores per cpu, 2 threads per core) family 23 model 104 stepping 1 microcode 0x0, cx8, cmov, fxsr, ht, mmx, 3dnowpref, sse, sse2, sse3, ssse3, sse4a, sse4.1, sse4.2, popcnt, lzcnt, tsc, tscinvbit, avx, avx2, aes, clmul, bmi1, bmi2, adx, sha, fma, vzeroupper, clflush, clflushopt, hv
Processor Information for all 16 processors :
  Max Mhz: 1801, Current Mhz: 1801, Mhz Limit: 1801

Memory: 4k page, system-wide physical 15695M (2773M free)
TotalPageFile size 31391M (AvailPageFile size 13076M)
current process WorkingSet (physical memory assigned to process): 139M, peak: 144M
current process commit charge ("private bytes"): 471M, peak: 471M

vm_info: OpenJDK 64-Bit Server VM (17.0.11+9-LTS) for windows-amd64 JRE (17.0.11+9-LTS), built on Apr 10 2024 22:12:24 by "Administrator" with MS VC++ 16.10 / 16.11 (VS2019)

END.
