#
# A fatal error has been detected by the Java Runtime Environment:
#
#  EXCEPTION_ACCESS_VIOLATION (0xc0000005) at pc=0x00007ffa475ecbad, pid=18776, tid=8260
#
# JRE version: OpenJDK Runtime Environment Corretto-17.0.11.9.1 (17.0.11+9) (build 17.0.11+9-LTS)
# Java VM: OpenJDK 64-Bit Server VM Corretto-17.0.11.9.1 (17.0.11+9-LTS, mixed mode, sharing, tiered, compressed oops, compressed class ptrs, g1 gc, windows-amd64)
# Problematic frame:
# C  [lwjgl_nuklear.dll+0x1cbad]
#
# No core dump will be written. Minidumps are not enabled by default on client versions of Windows
#
# If you would like to submit a bug report, please visit:
#   https://github.com/corretto/corretto-17/issues/
# The crash happened outside the Java Virtual Machine in native code.
# See problematic frame for where to report the bug.
#

---------------  S U M M A R Y ------------

Command Line: -javaagent:C:\Program Files\JetBrains\IntelliJ IDEA Community Edition 2024.1\lib\idea_rt.jar=49168:C:\Program Files\JetBrains\IntelliJ IDEA Community Edition 2024.1\bin -Dfile.encoding=UTF-8 com.xbuilders.Main devmode loadWorldOnStartup

Host: Intel(R) Core(TM) i5-3570K CPU @ 3.40GHz, 4 cores, 15G,  Windows 10 , 64 bit Build 19041 (10.0.19041.4717)
Time: Sat Feb 22 15:40:03 2025 Mountain Standard Time elapsed time: 14.935672 seconds (0d 0h 0m 14s)

---------------  T H R E A D  ---------------

Current thread (0x00000247591f7110):  JavaThread "main" [_thread_in_native, id=8260, stack(0x000000aa6ef00000,0x000000aa6f000000)]

Stack: [0x000000aa6ef00000,0x000000aa6f000000],  sp=0x000000aa6effed40,  free space=1019k
Native frames: (J=compiled Java code, j=interpreted, Vv=VM code, C=native code)
C  [lwjgl_nuklear.dll+0x1cbad]

Java frames: (J=compiled Java code, j=interpreted, Vv=VM code)
j  org.lwjgl.nuklear.Nuklear.nnk_group_end(J)V+0
j  org.lwjgl.nuklear.Nuklear.nk_group_end(Lorg/lwjgl/nuklear/NkContext;)V+4
j  com.xbuilders.engine.client.visuals.gameScene.items.UI_ItemGrid.draw(Lorg/lwjgl/system/MemoryStack;Lorg/lwjgl/nuklear/NkContext;I)V+201
j  com.xbuilders.content.vanilla.ui.RecipeDrawingUtils.drawRecipe(Lorg/lwjgl/nuklear/NkContext;Lcom/xbuilders/engine/server/recipes/crafting/CraftingRecipe;I)V+103
j  com.xbuilders.engine.server.recipes.crafting.CraftingRecipe.drawRecipe(Lorg/lwjgl/nuklear/NkContext;I)V+3
j  com.xbuilders.engine.client.visuals.RecipeDisplay.drawRecipe(Lorg/lwjgl/nuklear/NkContext;I)V+49
j  com.xbuilders.content.vanilla.ui.UI_RecipeIndex.lambda$drawWindow$1(Lcom/xbuilders/engine/client/visuals/RecipeDisplay;)V+30
j  com.xbuilders.content.vanilla.ui.UI_RecipeIndex$$Lambda$447+0x0000024701353700.accept(Ljava/lang/Object;)V+8
J 5438 c2 java.util.ArrayList.forEach(Ljava/util/function/Consumer;)V java.base@17.0.11 (74 bytes) @ 0x000002476a2f04f0 [0x000002476a2f0420+0x00000000000000d0]
j  com.xbuilders.content.vanilla.ui.UI_RecipeIndex.drawWindow(Lorg/lwjgl/system/MemoryStack;Lorg/lwjgl/nuklear/NkRect;)V+233
j  com.xbuilders.engine.client.visuals.gameScene.items.UI_ItemWindow.draw(Lorg/lwjgl/system/MemoryStack;)V+157
j  com.xbuilders.content.vanilla.ui.GameMenus.draw(Lorg/lwjgl/system/MemoryStack;)Z+38
j  com.xbuilders.content.vanilla.XbuildersGame.uiDraw(Lorg/lwjgl/system/MemoryStack;)Z+5
j  com.xbuilders.engine.client.visuals.gameScene.GameUI.draw()V+101
j  com.xbuilders.engine.client.visuals.gameScene.GameScene.render()V+197
j  com.xbuilders.engine.client.ClientWindow.render()V+15
j  com.xbuilders.engine.client.ClientWindow.<init>([Ljava/lang/String;)V+316
j  com.xbuilders.Main.main([Ljava/lang/String;)V+5
v  ~StubRoutines::call_stub

siginfo: EXCEPTION_ACCESS_VIOLATION (0xc0000005), reading address 0x0000000000000044


Registers:
RAX=0x000000aa6effed70, RBX=0x000002477eb133e0, RCX=0x0000000000000000, RDX=0x0000000000000010
RSP=0x000000aa6effed40, RBP=0x000000aa6effee40, RSI=0x000002474a5f0810, RDI=0x000002474a5f0410
R8 =0x00000000000000c8, R9 =0x00000000000000e0, R10=0x00007ffa475d0000, R11=0x00007ffa4760c511
R12=0x0000000000000000, R13=0x0000024742045c90, R14=0x000002474a5f0878, R15=0x0000000000000000
RIP=0x00007ffa475ecbad, EFLAGS=0x0000000000010202


Register to memory mapping:

RIP=0x00007ffa475ecbad lwjgl_nuklear.dll
RAX=0x000000aa6effed70 is pointing into the stack for thread: 0x00000247591f7110
RBX=0x000002477eb133e0 points into unknown readable memory: 0x0000000000000000 | 00 00 00 00 00 00 00 00
RCX=0x0 is NULL
RDX=0x0000000000000010 is an unknown value
RSP=0x000000aa6effed40 is pointing into the stack for thread: 0x00000247591f7110
RBP=0x000000aa6effee40 is pointing into the stack for thread: 0x00000247591f7110
RSI=0x000002474a5f0810 points into unknown readable memory: 0x584c654900000151 | 51 01 00 00 49 65 4c 58
RDI=0x000002474a5f0410 points into unknown readable memory: 0x0000046800000001 | 01 00 00 00 68 04 00 00
R8 =0x00000000000000c8 is an unknown value
R9 =0x00000000000000e0 is an unknown value
R10=0x00007ffa475d0000 lwjgl_nuklear.dll
R11=0x00007ffa4760c511 lwjgl_nuklear.dll
R12=0x0 is NULL
R13={method} {0x0000024742045c98} 'nnk_group_end' '(J)V' in 'org/lwjgl/nuklear/Nuklear'
R14=0x000002474a5f0878 points into unknown readable memory: 0x000002477eb15710 | 10 57 b1 7e 47 02 00 00
R15=0x0 is NULL


Top of Stack: (sp=0x000000aa6effed40)
0x000000aa6effed40:   000000aa6effee28 000000aa6effecf8
0x000000aa6effed50:   000000aa6effed39 0000000800000005
0x000000aa6effed60:   0000024741411500 0000000000000000
0x000000aa6effed70:   0000000000000000 0000000000000000
0x000000aa6effed80:   0000000000000000 0000000000000000
0x000000aa6effed90:   0000000000000000 0000000000000000
0x000000aa6effeda0:   0000000000000000 0000000000000000
0x000000aa6effedb0:   0000000000000000 4311000000000468
0x000000aa6effedc0:   441d800042b40000 0000000044070000
0x000000aa6effedd0:   0000000000000000 000002477eb15710
0x000000aa6effede0:   42e8000043150000 44008000441b8000
0x000000aa6effedf0:   0000000000000001 0000000000000000
0x000000aa6effee00:   0000000000000000 0000000000000548
0x000000aa6effee10:   0000000000000500 000002474a5f0410
0x000000aa6effee20:   0000000000000000 0000000000000000
0x000000aa6effee30:   0000000000000000 0000000000000000
0x000000aa6effee40:   0000000000000000 0000000000000000
0x000000aa6effee50:   0000000000000000 0000000000000000
0x000000aa6effee60:   0000000000000000 0000000000000000
0x000000aa6effee70:   0000000000000000 0000000000000000
0x000000aa6effee80:   0000000000000000 0000000000000000
0x000000aa6effee90:   0000000000000000 0000000000000000
0x000000aa6effeea0:   0000000000000000 0000000000000000
0x000000aa6effeeb0:   0000000000000000 0000000000000000
0x000000aa6effeec0:   0000000000000000 0000000000000000
0x000000aa6effeed0:   0000000000000000 0000000000000000
0x000000aa6effeee0:   0000000000000000 0000000000000000
0x000000aa6effeef0:   0000000000000000 0000000000000000
0x000000aa6effef00:   0000000000000000 0000000000000000
0x000000aa6effef10:   0000000000000000 0000000000000000
0x000000aa6effef20:   0000000000000000 0000000000000000
0x000000aa6effef30:   0000000000000000 0000000000000000 

Instructions: (pc=0x00007ffa475ecbad)
0x00007ffa475ecaad:   f3 0f 10 6f 08 f3 0f 5c ee f3 0f 11 6c 24 7c f3
0x00007ffa475ecabd:   0f 58 5f 10 f3 0f 11 5d 84 f3 0f 10 57 14 f3 0f
0x00007ffa475ecacd:   58 57 38 f3 0f 58 57 60 f3 0f 11 55 88 f6 47 04
0x00007ffa475ecadd:   01 74 3f f3 0f 5c 6f 3c f3 0f 11 6c 24 7c f3 0f
0x00007ffa475ecaed:   5c 67 3c f3 0f 11 65 80 f3 0f 10 47 3c f3 0f 58
0x00007ffa475ecafd:   c0 f3 0f 58 c3 f3 0f 11 45 84 0f 28 d8 f3 0f 10
0x00007ffa475ecb0d:   4f 3c f3 0f 58 c9 f3 0f 58 ca f3 0f 11 4d 88 0f
0x00007ffa475ecb1d:   28 d1 f6 47 04 20 75 1a f3 0f 58 9b e4 22 00 00
0x00007ffa475ecb2d:   f3 0f 58 93 e8 22 00 00 f3 0f 11 5d 84 f3 0f 11
0x00007ffa475ecb3d:   55 88 48 8b 47 18 4c 8d 76 68 44 0f 28 cd f3 0f
0x00007ffa475ecb4d:   58 dd f3 0f 58 d4 44 0f 28 d4 8b 08 89 4d 8c 48
0x00007ffa475ecb5d:   8b 47 20 f3 0f 58 d6 0f 57 f6 8b 08 89 4d 90 8b
0x00007ffa475ecb6d:   47 04 89 44 24 78 48 8d 44 24 30 41 0f 10 06 0f
0x00007ffa475ecb7d:   11 45 98 41 0f 10 4e 10 0f 11 4d a8 41 0f 10 46
0x00007ffa475ecb8d:   20 0f 11 45 b8 41 0f 10 4e 30 48 89 7d d8 48 89
0x00007ffa475ecb9d:   b5 00 01 00 00 0f 11 4d c8 48 89 83 b8 45 00 00
0x00007ffa475ecbad:   f3 45 0f 10 47 44 f3 41 0f 10 7f 48 f3 45 0f 5f
0x00007ffa475ecbbd:   c8 f3 45 0f 58 47 4c f3 44 0f 5f d7 f3 41 0f 58
0x00007ffa475ecbcd:   7f 50 f3 44 0f 5d c3 f3 0f 5d fa f3 45 0f 5c c1
0x00007ffa475ecbdd:   f3 41 0f 5c fa 44 0f 2f c6 77 04 45 0f 57 c0 0f
0x00007ffa475ecbed:   2f fe 77 03 0f 57 ff ba 01 00 00 00 f3 44 0f 11
0x00007ffa475ecbfd:   4d a0 48 8d 4d 98 f3 44 0f 11 55 a4 f3 44 0f 11
0x00007ffa475ecc0d:   45 a8 f3 0f 11 7d ac 44 8d 42 1f e8 b3 6f fe ff
0x00007ffa475ecc1d:   48 8b d0 48 85 c0 74 2c f3 41 0f 2c c9 f3 44 0f
0x00007ffa475ecc2d:   5f c6 66 89 48 18 f3 0f 5f fe f3 41 0f 2c ca 66
0x00007ffa475ecc3d:   89 48 1a f3 41 0f 2c c8 66 89 48 1c f3 0f 2c c7
0x00007ffa475ecc4d:   66 89 42 1e 48 8b 83 b8 45 00 00 48 85 c0 74 43
0x00007ffa475ecc5d:   48 8b 88 a8 00 00 00 48 85 c9 74 2c 83 39 01 75
0x00007ffa475ecc6d:   09 f7 40 48 00 20 00 00 75 1e 48 8b cb e8 d1 a9
0x00007ffa475ecc7d:   ff ff 48 8b 93 b8 45 00 00 48 8b cb 48 8b 92 a8
0x00007ffa475ecc8d:   00 00 00 e8 9b 95 ff ff 48 c7 83 b8 45 00 00 00
0x00007ffa475ecc9d:   00 00 00 0f 10 45 98 41 0f 11 06 0f 10 4d a8 41 


Stack slot to memory mapping:
stack at sp + 0 slots: 0x000000aa6effee28 is pointing into the stack for thread: 0x00000247591f7110
stack at sp + 1 slots: 0x000000aa6effecf8 is pointing into the stack for thread: 0x00000247591f7110
stack at sp + 2 slots: 0x000000aa6effed39 is pointing into the stack for thread: 0x00000247591f7110
stack at sp + 3 slots: 0x0000000800000005 is an unknown value
stack at sp + 4 slots: 0x0000024741411500 is pointing into metadata
stack at sp + 5 slots: 0x0 is NULL
stack at sp + 6 slots: 0x0 is NULL
stack at sp + 7 slots: 0x0 is NULL


Compiled method (c2)   15033 5438       4       java.util.ArrayList::forEach (74 bytes)
 total in heap  [0x000002476a2f0290,0x000002476a2f07b8] = 1320
 relocation     [0x000002476a2f03e8,0x000002476a2f0410] = 40
 main code      [0x000002476a2f0420,0x000002476a2f0600] = 480
 stub code      [0x000002476a2f0600,0x000002476a2f0618] = 24
 metadata       [0x000002476a2f0618,0x000002476a2f0630] = 24
 scopes data    [0x000002476a2f0630,0x000002476a2f06f8] = 200
 scopes pcs     [0x000002476a2f06f8,0x000002476a2f0788] = 144
 dependencies   [0x000002476a2f0788,0x000002476a2f0790] = 8
 handler table  [0x000002476a2f0790,0x000002476a2f07a8] = 24
 nul chk table  [0x000002476a2f07a8,0x000002476a2f07b8] = 16

[Constant Pool (empty)]

[MachCode]
[Entry Point]
  # {method} {0x000002470042f430} 'forEach' '(Ljava/util/function/Consumer;)V' in 'java/util/ArrayList'
  # this:     rdx:rdx   = 'java/util/ArrayList'
  # parm0:    r8:r8     = 'java/util/function/Consumer'
  #           [sp+0x50]  (sp of caller)
  0x000002476a2f0420: 448b 5208 | 49bb 0000 | 0000 4702 | 0000 4d03 | d349 3bc2 

  0x000002476a2f0434: ;   {runtime_call ic_miss_stub}
  0x000002476a2f0434: 0f85 460c | 76ff 6690 | 0f1f 4000 
[Verified Entry Point]
  0x000002476a2f0440: 8984 2400 | 90ff ff55 | 4883 ec40 | 4c8b d24d | 85c0 0f84 | 1c01 0000 | 488b da8b | 4a14 448b 
  0x000002476a2f0460: 4a0c 448b | 5a10 418b | 54cc 0c49 | 8d3c cc33 | ed45 8bd1 | eb26 6666 | 0f1f 8400 | 0000 0000 
  0x000002476a2f0480: 4c8b 4424 | 108b 4c24 | 1844 8b4c | 240c 448b | 5c24 088b | 5424 1c48 | 8b7c 2420 | 413b eb0f 
  0x000002476a2f04a0: 8d93 0000 | 003b ea0f | 83a3 0000 | 0089 5424 | 1c44 895c | 2408 4489 | 4c24 0c89 | 4c24 1848 
  0x000002476a2f04c0: 891c 244c | 8944 2410 | 448b 54af | 1048 897c | 2420 4d8b | c249 c1e0 | 0348 8b54 | 2410 6666 
  0x000002476a2f04e0: 9048 b880 | 5a4f 5747 

  0x000002476a2f04e8: ;   {virtual_call}
  0x000002476a2f04e8: 0200 00e8 

  0x000002476a2f04ec: ; ImmutableOopMap {[0]=Oop [16]=Oop [24]=NarrowOop [32]=Oop }
                      ;*invokeinterface accept {reexecute=0 rethrow=0 return_oop=0}
                      ; - java.util.ArrayList::forEach@46 (line 1511)
  0x000002476a2f04ec: a0da 80ff | 4d8b 9f58 | 0300 0048 | 8b1c 2444 | 8b53 0cff 

  0x000002476a2f0500: ; ImmutableOopMap {rbx=Oop [16]=Oop [24]=NarrowOop [32]=Oop }
                      ;*goto {reexecute=1 rethrow=0 return_oop=0}
                      ; - (reexecute) java.util.ArrayList::forEach@54 (line 1510)
                      ;   {poll}
  0x000002476a2f0500: c541 8503 | 443b 5424 | 0c0f 8471 | ffff ffba | 45ff ffff | 4889 4424 | f88b 4424 | 0889 4424 
  0x000002476a2f0520: 0448 8b44 | 24f8 4489 | 5424 0848 | 895c 2420 

  0x000002476a2f0530: ;   {runtime_call UncommonTrapBlob}
  0x000002476a2f0530: 6666 90e8 

  0x000002476a2f0534: ; ImmutableOopMap {[16]=Oop [24]=NarrowOop [32]=Oop }
                      ;*if_icmpne {reexecute=1 rethrow=0 return_oop=0}
                      ; - (reexecute) java.util.ArrayList::forEach@29 (line 1510)
  0x000002476a2f0534: c863 76ff | 453b d175 | 4f48 83c4 

  0x000002476a2f0540: ;   {poll_return}
  0x000002476a2f0540: 405d 493b | a750 0300 | 000f 8785 | 0000 00c3 | bae4 ffff | ff44 890c | 2444 895c | 2404 4889 
  0x000002476a2f0560: 5c24 104c | 8944 2420 | 894c 2428 

  0x000002476a2f056c: ;   {runtime_call UncommonTrapBlob}
  0x000002476a2f056c: 6666 90e8 

  0x000002476a2f0570: ; ImmutableOopMap {[16]=Oop [32]=Oop [40]=NarrowOop }
                      ;*aaload {reexecute=0 rethrow=0 return_oop=0}
                      ; - java.util.ArrayList::elementAt@2 (line 416)
                      ; - java.util.ArrayList::forEach@43 (line 1511)
  0x000002476a2f0570: 8c63 76ff | ba45 ffff | ff49 8bea | 4c89 4424 | 084c 8944 

  0x000002476a2f0584: ;   {runtime_call UncommonTrapBlob}
  0x000002476a2f0584: 2410 90e8 

  0x000002476a2f0588: ; ImmutableOopMap {rbp=Oop [8]=Oop [16]=Oop }
                      ;*ifnonnull {reexecute=1 rethrow=0 return_oop=0}
                      ; - (reexecute) java.util.Objects::requireNonNull@1 (line 208)
                      ; - java.util.ArrayList::forEach@1 (line 1506)
  0x000002476a2f0588: 7463 76ff | ba45 ffff | ff41 8bea | 4489 0c24 

  0x000002476a2f0598: ;   {runtime_call UncommonTrapBlob}
  0x000002476a2f0598: 6666 90e8 

  0x000002476a2f059c: ; ImmutableOopMap {}
                      ;*if_icmpeq {reexecute=1 rethrow=0 return_oop=0}
                      ; - (reexecute) java.util.ArrayList::forEach@62 (line 1512)
  0x000002476a2f059c: 6063 76ff | 488b d048 | 83c4 405d 

  0x000002476a2f05a8: ;   {runtime_call _rethrow_Java}
  0x000002476a2f05a8: e953 d680 | ffba beff | ffff 4489 | 1c24 4489 | 4c24 0444 | 894c 2408 | 4c89 5424 | 104c 8944 
  0x000002476a2f05c8: 2418 894c 

  0x000002476a2f05cc: ;   {runtime_call UncommonTrapBlob}
  0x000002476a2f05cc: 240c 90e8 

  0x000002476a2f05d0: ; ImmutableOopMap {[12]=NarrowOop [16]=Oop [24]=Oop }
                      ;*if_icmpne {reexecute=1 rethrow=0 return_oop=0}
                      ; - (reexecute) java.util.ArrayList::forEach@29 (line 1510)
  0x000002476a2f05d0: 2c63 76ff 

  0x000002476a2f05d4: ;   {internal_word}
  0x000002476a2f05d4: 49ba 4205 | 2f6a 4702 | 0000 4d89 | 9768 0300 

  0x000002476a2f05e4: ;   {runtime_call SafepointBlob}
  0x000002476a2f05e4: 00e9 1674 | 76ff f4f4 | f4f4 f4f4 | f4f4 f4f4 | f4f4 f4f4 | f4f4 f4f4 | f4f4 f4f4 
[Exception Handler]
  0x000002476a2f0600: ;   {no_reloc}
  0x000002476a2f0600: e9fb 5777 | ffe8 0000 | 0000 4883 

  0x000002476a2f060c: ;   {runtime_call DeoptimizationBlob}
  0x000002476a2f060c: 2c24 05e9 | 8c66 76ff | f4f4 f4f4 
[/MachCode]


---------------  P R O C E S S  ---------------

Threads class SMR info:
_java_thread_list=0x00000247574f4eb0, length=30, elements={
0x00000247591f7110, 0x000002477d917640, 0x000002477d918c60, 0x000002477d925a10,
0x000002477d926890, 0x000002477d928a00, 0x000002477d92b3d0, 0x000002477d92c0c0,
0x000002477da4d7e0, 0x000002477dabb3b0, 0x000002477d900b40, 0x000002477e0feca0,
0x000002477e0ff180, 0x000002477e738ae0, 0x000002477e745ab0, 0x0000024753a3c8f0,
0x0000024753a3ce00, 0x0000024753a3afa0, 0x0000024753a3b4b0, 0x0000024753a3d820,
0x0000024753a3d310, 0x0000024753a3a070, 0x0000024753a3a580, 0x0000024753a3aa90,
0x0000024753a3b9c0, 0x0000024753a3bed0, 0x00000247570c6bf0, 0x00000247570c61d0,
0x00000247570c3950, 0x00000247570c0bc0
}

Java Threads: ( => current thread )
=>0x00000247591f7110 JavaThread "main" [_thread_in_native, id=8260, stack(0x000000aa6ef00000,0x000000aa6f000000)]
  0x000002477d917640 JavaThread "Reference Handler" daemon [_thread_blocked, id=3948, stack(0x000000aa6f600000,0x000000aa6f700000)]
  0x000002477d918c60 JavaThread "Finalizer" daemon [_thread_blocked, id=8672, stack(0x000000aa6f700000,0x000000aa6f800000)]
  0x000002477d925a10 JavaThread "Signal Dispatcher" daemon [_thread_blocked, id=12688, stack(0x000000aa6f800000,0x000000aa6f900000)]
  0x000002477d926890 JavaThread "Attach Listener" daemon [_thread_blocked, id=2828, stack(0x000000aa6f900000,0x000000aa6fa00000)]
  0x000002477d928a00 JavaThread "Service Thread" daemon [_thread_blocked, id=1204, stack(0x000000aa6fa00000,0x000000aa6fb00000)]
  0x000002477d92b3d0 JavaThread "Monitor Deflation Thread" daemon [_thread_blocked, id=23928, stack(0x000000aa6fb00000,0x000000aa6fc00000)]
  0x000002477d92c0c0 JavaThread "C2 CompilerThread0" daemon [_thread_blocked, id=18740, stack(0x000000aa6fc00000,0x000000aa6fd00000)]
  0x000002477da4d7e0 JavaThread "C1 CompilerThread0" daemon [_thread_blocked, id=5892, stack(0x000000aa6fd00000,0x000000aa6fe00000)]
  0x000002477dabb3b0 JavaThread "Sweeper thread" daemon [_thread_blocked, id=10356, stack(0x000000aa6fe00000,0x000000aa6ff00000)]
  0x000002477d900b40 JavaThread "Common-Cleaner" daemon [_thread_blocked, id=18904, stack(0x000000aa6ff00000,0x000000aa70000000)]
  0x000002477e0feca0 JavaThread "Monitor Ctrl-Break" daemon [_thread_in_native, id=8528, stack(0x000000aa70200000,0x000000aa70300000)]
  0x000002477e0ff180 JavaThread "Notification Thread" daemon [_thread_blocked, id=13260, stack(0x000000aa70300000,0x000000aa70400000)]
  0x000002477e738ae0 JavaThread "Java2D Disposer" daemon [_thread_blocked, id=5140, stack(0x000000aa70800000,0x000000aa70900000)]
  0x000002477e745ab0 JavaThread "AWT-Windows" daemon [_thread_in_native, id=19016, stack(0x000000aa70a00000,0x000000aa70b00000)]
  0x0000024753a3c8f0 JavaThread "Generation Thread" daemon [_thread_blocked, id=8880, stack(0x000000aa71600000,0x000000aa71700000)]
  0x0000024753a3ce00 JavaThread "Generation Thread" daemon [_thread_blocked, id=1680, stack(0x000000aa71700000,0x000000aa71800000)]
  0x0000024753a3afa0 JavaThread "Generation Thread" daemon [_thread_blocked, id=23824, stack(0x000000aa71800000,0x000000aa71900000)]
  0x0000024753a3b4b0 JavaThread "Generation Thread" daemon [_thread_blocked, id=7628, stack(0x000000aa71900000,0x000000aa71a00000)]
  0x0000024753a3d820 JavaThread "Generation Thread" daemon [_thread_blocked, id=18992, stack(0x000000aa71a00000,0x000000aa71b00000)]
  0x0000024753a3d310 JavaThread "Generation Thread" daemon [_thread_blocked, id=7044, stack(0x000000aa71b00000,0x000000aa71c00000)]
  0x0000024753a3a070 JavaThread "Generation Thread" daemon [_thread_blocked, id=13676, stack(0x000000aa71c00000,0x000000aa71d00000)]
  0x0000024753a3a580 JavaThread "Generation Thread" daemon [_thread_blocked, id=25204, stack(0x000000aa71d00000,0x000000aa71e00000)]
  0x0000024753a3aa90 JavaThread "Generation Thread" daemon [_thread_blocked, id=19936, stack(0x000000aa71e00000,0x000000aa71f00000)]
  0x0000024753a3b9c0 JavaThread "Generation Thread" daemon [_thread_blocked, id=19408, stack(0x000000aa71f00000,0x000000aa72000000)]
  0x0000024753a3bed0 JavaThread "Generation Thread" daemon [_thread_blocked, id=14452, stack(0x000000aa72000000,0x000000aa72100000)]
  0x00000247570c6bf0 JavaThread "Generation Thread" daemon [_thread_blocked, id=1944, stack(0x000000aa72100000,0x000000aa72200000)]
  0x00000247570c61d0 JavaThread "Light Thread" daemon [_thread_blocked, id=20900, stack(0x000000aa72400000,0x000000aa72500000)]
  0x00000247570c3950 JavaThread "Mesh Thread" daemon [_thread_blocked, id=21760, stack(0x000000aa72500000,0x000000aa72600000)]
  0x00000247570c0bc0 JavaThread "Timer-0" [_thread_blocked, id=24688, stack(0x000000aa72200000,0x000000aa72300000)]

Other Threads:
  0x000002477d910e80 VMThread "VM Thread" [stack: 0x000000aa6f500000,0x000000aa6f600000] [id=22328]
  0x000002477e4b28e0 WatcherThread [stack: 0x000000aa70400000,0x000000aa70500000] [id=19336]
  0x0000024759261ad0 GCTaskThread "GC Thread#0" [stack: 0x000000aa6f000000,0x000000aa6f100000] [id=15596]
  0x000002477de147b0 GCTaskThread "GC Thread#1" [stack: 0x000000aa70500000,0x000000aa70600000] [id=22380]
  0x000002477e2c24c0 GCTaskThread "GC Thread#2" [stack: 0x000000aa70600000,0x000000aa70700000] [id=9572]
  0x000002477de05ad0 GCTaskThread "GC Thread#3" [stack: 0x000000aa70700000,0x000000aa70800000] [id=25332]
  0x0000024759272930 ConcurrentGCThread "G1 Main Marker" [stack: 0x000000aa6f100000,0x000000aa6f200000] [id=9456]
  0x0000024759273350 ConcurrentGCThread "G1 Conc#0" [stack: 0x000000aa6f200000,0x000000aa6f300000] [id=13344]
  0x000002475929d010 ConcurrentGCThread "G1 Refine#0" [stack: 0x000000aa6f300000,0x000000aa6f400000] [id=13068]
  0x000002477eb95840 ConcurrentGCThread "G1 Refine#1" [stack: 0x000000aa72300000,0x000000aa72400000] [id=14640]
  0x000002475929da40 ConcurrentGCThread "G1 Service" [stack: 0x000000aa6f400000,0x000000aa6f500000] [id=19740]

Threads with active compile tasks:

VM state: not at safepoint (normal execution)

VM Mutex/Monitor currently owned by a thread: None

Heap address: 0x0000000700e00000, size: 4082 MB, Compressed Oops mode: Zero based, Oop shift amount: 3

CDS archive(s) mapped at: [0x0000024700000000-0x0000024700bb0000-0x0000024700bb0000), size 12255232, SharedBaseAddress: 0x0000024700000000, ArchiveRelocationMode: 1.
Compressed class space mapped at: 0x0000024701000000-0x0000024741000000, reserved size: 1073741824
Narrow klass base: 0x0000024700000000, Narrow klass shift: 0, Narrow klass range: 0x100000000

GC Precious Log:
 CPUs: 4 total, 4 available
 Memory: 16327M
 Large Page Support: Disabled
 NUMA Support: Disabled
 Compressed Oops: Enabled (Zero based)
 Heap Region Size: 2M
 Heap Min Capacity: 8M
 Heap Initial Capacity: 256M
 Heap Max Capacity: 4082M
 Pre-touch: Disabled
 Parallel Workers: 4
 Concurrent Workers: 1
 Concurrent Refinement Workers: 4
 Periodic GC: Disabled

Heap:
 garbage-first heap   total 389120K, used 156432K [0x0000000700e00000, 0x0000000800000000)
  region size 2048K, 17 young (34816K), 1 survivors (2048K)
 Metaspace       used 33773K, committed 34176K, reserved 1114112K
  class space    used 3211K, committed 3392K, reserved 1048576K

Heap Regions: E=young(eden), S=young(survivor), O=old, HS=humongous(starts), HC=humongous(continues), CS=collection set, F=free, OA=open archive, CA=closed archive, TAMS=top-at-mark-start (previous, next)
|   0|0x0000000700e00000, 0x0000000701000000, 0x0000000701000000|100%| O|  |TAMS 0x0000000701000000, 0x0000000700e00000| Untracked 
|   1|0x0000000701000000, 0x00000007011ffff0, 0x0000000701200000| 99%| O|  |TAMS 0x00000007011ffff0, 0x0000000701000000| Untracked 
|   2|0x0000000701200000, 0x0000000701400000, 0x0000000701400000|100%| O|  |TAMS 0x0000000701400000, 0x0000000701200000| Untracked 
|   3|0x0000000701400000, 0x0000000701600000, 0x0000000701600000|100%| O|  |TAMS 0x0000000701600000, 0x0000000701400000| Untracked 
|   4|0x0000000701600000, 0x0000000701800000, 0x0000000701800000|100%| O|  |TAMS 0x0000000701800000, 0x0000000701600000| Untracked 
|   5|0x0000000701800000, 0x00000007019fffe0, 0x0000000701a00000| 99%| O|  |TAMS 0x00000007019fffe0, 0x0000000701800000| Untracked 
|   6|0x0000000701a00000, 0x0000000701a71c60, 0x0000000701c00000| 22%| O|  |TAMS 0x0000000701a71c60, 0x0000000701a00000| Untracked 
|   7|0x0000000701c00000, 0x0000000701e00000, 0x0000000701e00000|100%| O|  |TAMS 0x0000000701e00000, 0x0000000701c00000| Untracked 
|   8|0x0000000701e00000, 0x0000000702000000, 0x0000000702000000|100%| O|  |TAMS 0x0000000702000000, 0x0000000701e00000| Untracked 
|   9|0x0000000702000000, 0x0000000702200000, 0x0000000702200000|100%| O|  |TAMS 0x0000000702200000, 0x0000000702000000| Untracked 
|  10|0x0000000702200000, 0x00000007023262e0, 0x0000000702400000| 57%| O|  |TAMS 0x00000007023262e0, 0x0000000702200000| Untracked 
|  11|0x0000000702400000, 0x0000000702600000, 0x0000000702600000|100%| O|  |TAMS 0x0000000702600000, 0x0000000702400000| Untracked 
|  12|0x0000000702600000, 0x0000000702800000, 0x0000000702800000|100%| O|  |TAMS 0x0000000702800000, 0x0000000702600000| Untracked 
|  13|0x0000000702800000, 0x0000000702a00000, 0x0000000702a00000|100%| O|  |TAMS 0x0000000702a00000, 0x0000000702800000| Untracked 
|  14|0x0000000702a00000, 0x0000000702c00000, 0x0000000702c00000|100%| O|  |TAMS 0x0000000702c00000, 0x0000000702a00000| Untracked 
|  15|0x0000000702c00000, 0x0000000702e00000, 0x0000000702e00000|100%| O|  |TAMS 0x0000000702e00000, 0x0000000702c00000| Untracked 
|  16|0x0000000702e00000, 0x0000000703000000, 0x0000000703000000|100%| O|  |TAMS 0x0000000703000000, 0x0000000702e00000| Untracked 
|  17|0x0000000703000000, 0x0000000703200000, 0x0000000703200000|100%| O|  |TAMS 0x0000000703200000, 0x0000000703000000| Untracked 
|  18|0x0000000703200000, 0x0000000703400000, 0x0000000703400000|100%| O|  |TAMS 0x0000000703400000, 0x0000000703200000| Untracked 
|  19|0x0000000703400000, 0x0000000703600000, 0x0000000703600000|100%| O|  |TAMS 0x0000000703600000, 0x0000000703400000| Untracked 
|  20|0x0000000703600000, 0x0000000703800000, 0x0000000703800000|100%| O|  |TAMS 0x0000000703800000, 0x0000000703600000| Untracked 
|  21|0x0000000703800000, 0x0000000703a00000, 0x0000000703a00000|100%| O|  |TAMS 0x0000000703a00000, 0x0000000703800000| Untracked 
|  22|0x0000000703a00000, 0x0000000703c00000, 0x0000000703c00000|100%| O|  |TAMS 0x0000000703c00000, 0x0000000703a00000| Untracked 
|  23|0x0000000703c00000, 0x0000000703e00000, 0x0000000703e00000|100%| O|  |TAMS 0x0000000703e00000, 0x0000000703c00000| Untracked 
|  24|0x0000000703e00000, 0x0000000704000000, 0x0000000704000000|100%| O|  |TAMS 0x0000000704000000, 0x0000000703e00000| Untracked 
|  25|0x0000000704000000, 0x0000000704200000, 0x0000000704200000|100%| O|  |TAMS 0x0000000704200000, 0x0000000704000000| Untracked 
|  26|0x0000000704200000, 0x0000000704400000, 0x0000000704400000|100%| O|  |TAMS 0x0000000704400000, 0x0000000704200000| Untracked 
|  27|0x0000000704400000, 0x0000000704600000, 0x0000000704600000|100%| O|  |TAMS 0x0000000704600000, 0x0000000704400000| Untracked 
|  28|0x0000000704600000, 0x0000000704800000, 0x0000000704800000|100%| O|  |TAMS 0x0000000704800000, 0x0000000704600000| Untracked 
|  29|0x0000000704800000, 0x0000000704a00000, 0x0000000704a00000|100%| O|  |TAMS 0x0000000704a00000, 0x0000000704800000| Untracked 
|  30|0x0000000704a00000, 0x0000000704c00000, 0x0000000704c00000|100%| O|  |TAMS 0x0000000704c00000, 0x0000000704a00000| Untracked 
|  31|0x0000000704c00000, 0x0000000704e00000, 0x0000000704e00000|100%| O|  |TAMS 0x0000000704e00000, 0x0000000704c00000| Untracked 
|  32|0x0000000704e00000, 0x0000000705000000, 0x0000000705000000|100%| O|  |TAMS 0x0000000705000000, 0x0000000704e00000| Untracked 
|  33|0x0000000705000000, 0x0000000705200000, 0x0000000705200000|100%| O|  |TAMS 0x000000070514f600, 0x0000000705000000| Untracked 
|  34|0x0000000705200000, 0x0000000705400000, 0x0000000705400000|100%| O|  |TAMS 0x0000000705200000, 0x0000000705200000| Untracked 
|  35|0x0000000705400000, 0x0000000705600000, 0x0000000705600000|100%| O|  |TAMS 0x0000000705400000, 0x0000000705400000| Untracked 
|  36|0x0000000705600000, 0x0000000705800000, 0x0000000705800000|100%| O|  |TAMS 0x0000000705600000, 0x0000000705600000| Untracked 
|  37|0x0000000705800000, 0x0000000705a00000, 0x0000000705a00000|100%| O|  |TAMS 0x0000000705800000, 0x0000000705800000| Untracked 
|  38|0x0000000705a00000, 0x0000000705c00000, 0x0000000705c00000|100%| O|  |TAMS 0x0000000705a00000, 0x0000000705a00000| Untracked 
|  39|0x0000000705c00000, 0x0000000705e00000, 0x0000000705e00000|100%| O|  |TAMS 0x0000000705c00000, 0x0000000705c00000| Untracked 
|  40|0x0000000705e00000, 0x0000000706000000, 0x0000000706000000|100%| O|  |TAMS 0x0000000705e00000, 0x0000000705e00000| Untracked 
|  41|0x0000000706000000, 0x0000000706200000, 0x0000000706200000|100%| O|  |TAMS 0x0000000706000000, 0x0000000706000000| Untracked 
|  42|0x0000000706200000, 0x0000000706400000, 0x0000000706400000|100%| O|  |TAMS 0x0000000706200000, 0x0000000706200000| Untracked 
|  43|0x0000000706400000, 0x0000000706600000, 0x0000000706600000|100%| O|  |TAMS 0x0000000706400000, 0x0000000706400000| Untracked 
|  44|0x0000000706600000, 0x0000000706800000, 0x0000000706800000|100%| O|  |TAMS 0x0000000706600000, 0x0000000706600000| Untracked 
|  45|0x0000000706800000, 0x0000000706a00000, 0x0000000706a00000|100%| O|  |TAMS 0x0000000706800000, 0x0000000706800000| Untracked 
|  46|0x0000000706a00000, 0x0000000706c00000, 0x0000000706c00000|100%| O|  |TAMS 0x0000000706a00000, 0x0000000706a00000| Untracked 
|  47|0x0000000706c00000, 0x0000000706e00000, 0x0000000706e00000|100%| O|  |TAMS 0x0000000706c00000, 0x0000000706c00000| Untracked 
|  48|0x0000000706e00000, 0x0000000707000000, 0x0000000707000000|100%| O|  |TAMS 0x0000000706e00000, 0x0000000706e00000| Untracked 
|  49|0x0000000707000000, 0x0000000707200000, 0x0000000707200000|100%| O|  |TAMS 0x0000000707000000, 0x0000000707000000| Untracked 
|  50|0x0000000707200000, 0x0000000707400000, 0x0000000707400000|100%| O|  |TAMS 0x0000000707200000, 0x0000000707200000| Untracked 
|  51|0x0000000707400000, 0x0000000707600000, 0x0000000707600000|100%| O|  |TAMS 0x0000000707400000, 0x0000000707400000| Untracked 
|  52|0x0000000707600000, 0x0000000707800000, 0x0000000707800000|100%| O|  |TAMS 0x0000000707600000, 0x0000000707600000| Untracked 
|  53|0x0000000707800000, 0x0000000707a00000, 0x0000000707a00000|100%| O|  |TAMS 0x0000000707800000, 0x0000000707800000| Untracked 
|  54|0x0000000707a00000, 0x0000000707c00000, 0x0000000707c00000|100%| O|  |TAMS 0x0000000707a00000, 0x0000000707a00000| Untracked 
|  55|0x0000000707c00000, 0x0000000707e00000, 0x0000000707e00000|100%| O|  |TAMS 0x0000000707c00000, 0x0000000707c00000| Untracked 
|  56|0x0000000707e00000, 0x0000000708000000, 0x0000000708000000|100%| O|  |TAMS 0x0000000707e00000, 0x0000000707e00000| Untracked 
|  57|0x0000000708000000, 0x0000000708200000, 0x0000000708200000|100%| O|  |TAMS 0x0000000708000000, 0x0000000708000000| Untracked 
|  58|0x0000000708200000, 0x000000070832c400, 0x0000000708400000| 58%| O|  |TAMS 0x0000000708200000, 0x0000000708200000| Untracked 
|  59|0x0000000708400000, 0x0000000708400000, 0x0000000708600000|  0%| F|  |TAMS 0x0000000708400000, 0x0000000708400000| Untracked 
|  60|0x0000000708600000, 0x0000000708600000, 0x0000000708800000|  0%| F|  |TAMS 0x0000000708600000, 0x0000000708600000| Untracked 
|  61|0x0000000708800000, 0x0000000708800000, 0x0000000708a00000|  0%| F|  |TAMS 0x0000000708800000, 0x0000000708800000| Untracked 
|  62|0x0000000708a00000, 0x0000000708a00000, 0x0000000708c00000|  0%| F|  |TAMS 0x0000000708a00000, 0x0000000708a00000| Untracked 
|  63|0x0000000708c00000, 0x0000000708c00000, 0x0000000708e00000|  0%| F|  |TAMS 0x0000000708c00000, 0x0000000708c00000| Untracked 
|  64|0x0000000708e00000, 0x0000000708e00000, 0x0000000709000000|  0%| F|  |TAMS 0x0000000708e00000, 0x0000000708e00000| Untracked 
|  65|0x0000000709000000, 0x0000000709000000, 0x0000000709200000|  0%| F|  |TAMS 0x0000000709000000, 0x0000000709000000| Untracked 
|  66|0x0000000709200000, 0x0000000709200000, 0x0000000709400000|  0%| F|  |TAMS 0x0000000709200000, 0x0000000709200000| Untracked 
|  67|0x0000000709400000, 0x0000000709400000, 0x0000000709600000|  0%| F|  |TAMS 0x0000000709400000, 0x0000000709400000| Untracked 
|  68|0x0000000709600000, 0x0000000709600000, 0x0000000709800000|  0%| F|  |TAMS 0x0000000709600000, 0x0000000709600000| Untracked 
|  69|0x0000000709800000, 0x0000000709800000, 0x0000000709a00000|  0%| F|  |TAMS 0x0000000709800000, 0x0000000709800000| Untracked 
|  70|0x0000000709a00000, 0x0000000709a00000, 0x0000000709c00000|  0%| F|  |TAMS 0x0000000709a00000, 0x0000000709a00000| Untracked 
|  71|0x0000000709c00000, 0x0000000709c00000, 0x0000000709e00000|  0%| F|  |TAMS 0x0000000709c00000, 0x0000000709c00000| Untracked 
|  72|0x0000000709e00000, 0x0000000709e00000, 0x000000070a000000|  0%| F|  |TAMS 0x0000000709e00000, 0x0000000709e00000| Untracked 
|  73|0x000000070a000000, 0x000000070a000000, 0x000000070a200000|  0%| F|  |TAMS 0x000000070a000000, 0x000000070a000000| Untracked 
|  74|0x000000070a200000, 0x000000070a200000, 0x000000070a400000|  0%| F|  |TAMS 0x000000070a200000, 0x000000070a200000| Untracked 
|  75|0x000000070a400000, 0x000000070a400000, 0x000000070a600000|  0%| F|  |TAMS 0x000000070a400000, 0x000000070a400000| Untracked 
|  76|0x000000070a600000, 0x000000070a600000, 0x000000070a800000|  0%| F|  |TAMS 0x000000070a600000, 0x000000070a600000| Untracked 
|  77|0x000000070a800000, 0x000000070a800000, 0x000000070aa00000|  0%| F|  |TAMS 0x000000070a800000, 0x000000070a800000| Untracked 
|  78|0x000000070aa00000, 0x000000070aa00000, 0x000000070ac00000|  0%| F|  |TAMS 0x000000070aa00000, 0x000000070aa00000| Untracked 
|  79|0x000000070ac00000, 0x000000070ac00000, 0x000000070ae00000|  0%| F|  |TAMS 0x000000070ac00000, 0x000000070ac00000| Untracked 
|  80|0x000000070ae00000, 0x000000070ae00000, 0x000000070b000000|  0%| F|  |TAMS 0x000000070ae00000, 0x000000070ae00000| Untracked 
|  81|0x000000070b000000, 0x000000070b000000, 0x000000070b200000|  0%| F|  |TAMS 0x000000070b000000, 0x000000070b000000| Untracked 
|  82|0x000000070b200000, 0x000000070b200000, 0x000000070b400000|  0%| F|  |TAMS 0x000000070b200000, 0x000000070b200000| Untracked 
|  83|0x000000070b400000, 0x000000070b400000, 0x000000070b600000|  0%| F|  |TAMS 0x000000070b400000, 0x000000070b400000| Untracked 
|  84|0x000000070b600000, 0x000000070b600000, 0x000000070b800000|  0%| F|  |TAMS 0x000000070b600000, 0x000000070b600000| Untracked 
|  85|0x000000070b800000, 0x000000070b800000, 0x000000070ba00000|  0%| F|  |TAMS 0x000000070b800000, 0x000000070b800000| Untracked 
|  86|0x000000070ba00000, 0x000000070ba00000, 0x000000070bc00000|  0%| F|  |TAMS 0x000000070ba00000, 0x000000070ba00000| Untracked 
|  87|0x000000070bc00000, 0x000000070bc00000, 0x000000070be00000|  0%| F|  |TAMS 0x000000070bc00000, 0x000000070bc00000| Untracked 
|  88|0x000000070be00000, 0x000000070c000000, 0x000000070c000000|100%| S|CS|TAMS 0x000000070be00000, 0x000000070be00000| Complete 
|  89|0x000000070c000000, 0x000000070c000000, 0x000000070c200000|  0%| F|  |TAMS 0x000000070c000000, 0x000000070c000000| Untracked 
|  90|0x000000070c200000, 0x000000070c200000, 0x000000070c400000|  0%| F|  |TAMS 0x000000070c200000, 0x000000070c200000| Untracked 
|  91|0x000000070c400000, 0x000000070c400000, 0x000000070c600000|  0%| F|  |TAMS 0x000000070c400000, 0x000000070c400000| Untracked 
|  92|0x000000070c600000, 0x000000070c600000, 0x000000070c800000|  0%| F|  |TAMS 0x000000070c600000, 0x000000070c600000| Untracked 
|  93|0x000000070c800000, 0x000000070c800000, 0x000000070ca00000|  0%| F|  |TAMS 0x000000070c800000, 0x000000070c800000| Untracked 
|  94|0x000000070ca00000, 0x000000070ca00000, 0x000000070cc00000|  0%| F|  |TAMS 0x000000070ca00000, 0x000000070ca00000| Untracked 
|  95|0x000000070cc00000, 0x000000070cc00000, 0x000000070ce00000|  0%| F|  |TAMS 0x000000070cc00000, 0x000000070cc00000| Untracked 
|  96|0x000000070ce00000, 0x000000070ce00000, 0x000000070d000000|  0%| F|  |TAMS 0x000000070ce00000, 0x000000070ce00000| Untracked 
|  97|0x000000070d000000, 0x000000070d000000, 0x000000070d200000|  0%| F|  |TAMS 0x000000070d000000, 0x000000070d000000| Untracked 
|  98|0x000000070d200000, 0x000000070d200000, 0x000000070d400000|  0%| F|  |TAMS 0x000000070d200000, 0x000000070d200000| Untracked 
|  99|0x000000070d400000, 0x000000070d400000, 0x000000070d600000|  0%| F|  |TAMS 0x000000070d400000, 0x000000070d400000| Untracked 
| 100|0x000000070d600000, 0x000000070d600000, 0x000000070d800000|  0%| F|  |TAMS 0x000000070d600000, 0x000000070d600000| Untracked 
| 101|0x000000070d800000, 0x000000070d800000, 0x000000070da00000|  0%| F|  |TAMS 0x000000070d800000, 0x000000070d800000| Untracked 
| 102|0x000000070da00000, 0x000000070da00000, 0x000000070dc00000|  0%| F|  |TAMS 0x000000070da00000, 0x000000070da00000| Untracked 
| 103|0x000000070dc00000, 0x000000070dc00000, 0x000000070de00000|  0%| F|  |TAMS 0x000000070dc00000, 0x000000070dc00000| Untracked 
| 104|0x000000070de00000, 0x000000070de00000, 0x000000070e000000|  0%| F|  |TAMS 0x000000070de00000, 0x000000070de00000| Untracked 
| 105|0x000000070e000000, 0x000000070e000000, 0x000000070e200000|  0%| F|  |TAMS 0x000000070e000000, 0x000000070e000000| Untracked 
| 106|0x000000070e200000, 0x000000070e200000, 0x000000070e400000|  0%| F|  |TAMS 0x000000070e200000, 0x000000070e200000| Untracked 
| 107|0x000000070e400000, 0x000000070e400000, 0x000000070e600000|  0%| F|  |TAMS 0x000000070e400000, 0x000000070e400000| Untracked 
| 108|0x000000070e600000, 0x000000070e600000, 0x000000070e800000|  0%| F|  |TAMS 0x000000070e600000, 0x000000070e600000| Untracked 
| 109|0x000000070e800000, 0x000000070e800000, 0x000000070ea00000|  0%| F|  |TAMS 0x000000070e800000, 0x000000070e800000| Untracked 
| 110|0x000000070ea00000, 0x000000070ea00000, 0x000000070ec00000|  0%| F|  |TAMS 0x000000070ea00000, 0x000000070ea00000| Untracked 
| 111|0x000000070ec00000, 0x000000070ec00000, 0x000000070ee00000|  0%| F|  |TAMS 0x000000070ec00000, 0x000000070ec00000| Untracked 
| 112|0x000000070ee00000, 0x000000070ee00000, 0x000000070f000000|  0%| F|  |TAMS 0x000000070ee00000, 0x000000070ee00000| Untracked 
| 113|0x000000070f000000, 0x000000070f000000, 0x000000070f200000|  0%| F|  |TAMS 0x000000070f000000, 0x000000070f000000| Untracked 
| 114|0x000000070f200000, 0x000000070f200000, 0x000000070f400000|  0%| F|  |TAMS 0x000000070f200000, 0x000000070f200000| Untracked 
| 115|0x000000070f400000, 0x000000070f400000, 0x000000070f600000|  0%| F|  |TAMS 0x000000070f400000, 0x000000070f400000| Untracked 
| 116|0x000000070f600000, 0x000000070f600000, 0x000000070f800000|  0%| F|  |TAMS 0x000000070f600000, 0x000000070f600000| Untracked 
| 117|0x000000070f800000, 0x000000070f800000, 0x000000070fa00000|  0%| F|  |TAMS 0x000000070f800000, 0x000000070f800000| Untracked 
| 118|0x000000070fa00000, 0x000000070fa00000, 0x000000070fc00000|  0%| F|  |TAMS 0x000000070fa00000, 0x000000070fa00000| Untracked 
| 119|0x000000070fc00000, 0x000000070fc00000, 0x000000070fe00000|  0%| F|  |TAMS 0x000000070fc00000, 0x000000070fc00000| Untracked 
| 120|0x000000070fe00000, 0x000000070fe00000, 0x0000000710000000|  0%| F|  |TAMS 0x000000070fe00000, 0x000000070fe00000| Untracked 
| 121|0x0000000710000000, 0x0000000710000000, 0x0000000710200000|  0%| F|  |TAMS 0x0000000710000000, 0x0000000710000000| Untracked 
| 122|0x0000000710200000, 0x0000000710200000, 0x0000000710400000|  0%| F|  |TAMS 0x0000000710200000, 0x0000000710200000| Untracked 
| 123|0x0000000710400000, 0x0000000710400000, 0x0000000710600000|  0%| F|  |TAMS 0x0000000710400000, 0x0000000710400000| Untracked 
| 124|0x0000000710600000, 0x0000000710600000, 0x0000000710800000|  0%| F|  |TAMS 0x0000000710600000, 0x0000000710600000| Untracked 
| 125|0x0000000710800000, 0x0000000710800000, 0x0000000710a00000|  0%| F|  |TAMS 0x0000000710800000, 0x0000000710800000| Untracked 
| 126|0x0000000710a00000, 0x0000000710a00000, 0x0000000710c00000|  0%| F|  |TAMS 0x0000000710a00000, 0x0000000710a00000| Untracked 
| 127|0x0000000710c00000, 0x0000000710c00000, 0x0000000710e00000|  0%| F|  |TAMS 0x0000000710c00000, 0x0000000710c00000| Untracked 
| 128|0x0000000710e00000, 0x0000000710e00000, 0x0000000711000000|  0%| F|  |TAMS 0x0000000710e00000, 0x0000000710e00000| Untracked 
| 129|0x0000000711000000, 0x0000000711000000, 0x0000000711200000|  0%| F|  |TAMS 0x0000000711000000, 0x0000000711000000| Untracked 
| 130|0x0000000711200000, 0x0000000711200000, 0x0000000711400000|  0%| F|  |TAMS 0x0000000711200000, 0x0000000711200000| Untracked 
| 131|0x0000000711400000, 0x0000000711400000, 0x0000000711600000|  0%| F|  |TAMS 0x0000000711400000, 0x0000000711400000| Untracked 
| 132|0x0000000711600000, 0x0000000711600000, 0x0000000711800000|  0%| F|  |TAMS 0x0000000711600000, 0x0000000711600000| Untracked 
| 133|0x0000000711800000, 0x0000000711800000, 0x0000000711a00000|  0%| F|  |TAMS 0x0000000711800000, 0x0000000711800000| Untracked 
| 134|0x0000000711a00000, 0x0000000711a00000, 0x0000000711c00000|  0%| F|  |TAMS 0x0000000711a00000, 0x0000000711a00000| Untracked 
| 135|0x0000000711c00000, 0x0000000711c00000, 0x0000000711e00000|  0%| F|  |TAMS 0x0000000711c00000, 0x0000000711c00000| Untracked 
| 136|0x0000000711e00000, 0x0000000711e00000, 0x0000000712000000|  0%| F|  |TAMS 0x0000000711e00000, 0x0000000711e00000| Untracked 
| 137|0x0000000712000000, 0x0000000712000000, 0x0000000712200000|  0%| F|  |TAMS 0x0000000712000000, 0x0000000712000000| Untracked 
| 138|0x0000000712200000, 0x0000000712200000, 0x0000000712400000|  0%| F|  |TAMS 0x0000000712200000, 0x0000000712200000| Untracked 
| 139|0x0000000712400000, 0x0000000712400000, 0x0000000712600000|  0%| F|  |TAMS 0x0000000712400000, 0x0000000712400000| Untracked 
| 140|0x0000000712600000, 0x0000000712600000, 0x0000000712800000|  0%| F|  |TAMS 0x0000000712600000, 0x0000000712600000| Untracked 
| 141|0x0000000712800000, 0x0000000712800000, 0x0000000712a00000|  0%| F|  |TAMS 0x0000000712800000, 0x0000000712800000| Untracked 
| 142|0x0000000712a00000, 0x0000000712a00000, 0x0000000712c00000|  0%| F|  |TAMS 0x0000000712a00000, 0x0000000712a00000| Untracked 
| 143|0x0000000712c00000, 0x0000000712c00000, 0x0000000712e00000|  0%| F|  |TAMS 0x0000000712c00000, 0x0000000712c00000| Untracked 
| 144|0x0000000712e00000, 0x0000000712e00000, 0x0000000713000000|  0%| F|  |TAMS 0x0000000712e00000, 0x0000000712e00000| Untracked 
| 145|0x0000000713000000, 0x0000000713000000, 0x0000000713200000|  0%| F|  |TAMS 0x0000000713000000, 0x0000000713000000| Untracked 
| 146|0x0000000713200000, 0x0000000713200000, 0x0000000713400000|  0%| F|  |TAMS 0x0000000713200000, 0x0000000713200000| Untracked 
| 147|0x0000000713400000, 0x0000000713400000, 0x0000000713600000|  0%| F|  |TAMS 0x0000000713400000, 0x0000000713400000| Untracked 
| 148|0x0000000713600000, 0x0000000713600000, 0x0000000713800000|  0%| F|  |TAMS 0x0000000713600000, 0x0000000713600000| Untracked 
| 149|0x0000000713800000, 0x0000000713800000, 0x0000000713a00000|  0%| F|  |TAMS 0x0000000713800000, 0x0000000713800000| Untracked 
| 150|0x0000000713a00000, 0x0000000713a00000, 0x0000000713c00000|  0%| F|  |TAMS 0x0000000713a00000, 0x0000000713a00000| Untracked 
| 151|0x0000000713c00000, 0x0000000713c00000, 0x0000000713e00000|  0%| F|  |TAMS 0x0000000713c00000, 0x0000000713c00000| Untracked 
| 152|0x0000000713e00000, 0x0000000713e00000, 0x0000000714000000|  0%| F|  |TAMS 0x0000000713e00000, 0x0000000713e00000| Untracked 
| 153|0x0000000714000000, 0x0000000714000000, 0x0000000714200000|  0%| F|  |TAMS 0x0000000714000000, 0x0000000714000000| Untracked 
| 154|0x0000000714200000, 0x0000000714200000, 0x0000000714400000|  0%| F|  |TAMS 0x0000000714200000, 0x0000000714200000| Untracked 
| 155|0x0000000714400000, 0x0000000714400000, 0x0000000714600000|  0%| F|  |TAMS 0x0000000714400000, 0x0000000714400000| Untracked 
| 156|0x0000000714600000, 0x0000000714600000, 0x0000000714800000|  0%| F|  |TAMS 0x0000000714600000, 0x0000000714600000| Untracked 
| 157|0x0000000714800000, 0x0000000714800000, 0x0000000714a00000|  0%| F|  |TAMS 0x0000000714800000, 0x0000000714800000| Untracked 
| 158|0x0000000714a00000, 0x0000000714a00000, 0x0000000714c00000|  0%| F|  |TAMS 0x0000000714a00000, 0x0000000714a00000| Untracked 
| 159|0x0000000714c00000, 0x0000000714c00000, 0x0000000714e00000|  0%| F|  |TAMS 0x0000000714c00000, 0x0000000714c00000| Untracked 
| 160|0x0000000714e00000, 0x0000000714e00000, 0x0000000715000000|  0%| F|  |TAMS 0x0000000714e00000, 0x0000000714e00000| Untracked 
| 161|0x0000000715000000, 0x0000000715000000, 0x0000000715200000|  0%| F|  |TAMS 0x0000000715000000, 0x0000000715000000| Untracked 
| 162|0x0000000715200000, 0x0000000715200000, 0x0000000715400000|  0%| F|  |TAMS 0x0000000715200000, 0x0000000715200000| Untracked 
| 163|0x0000000715400000, 0x0000000715400000, 0x0000000715600000|  0%| F|  |TAMS 0x0000000715400000, 0x0000000715400000| Untracked 
| 164|0x0000000715600000, 0x0000000715600000, 0x0000000715800000|  0%| F|  |TAMS 0x0000000715600000, 0x0000000715600000| Untracked 
| 165|0x0000000715800000, 0x0000000715800000, 0x0000000715a00000|  0%| F|  |TAMS 0x0000000715800000, 0x0000000715800000| Untracked 
| 166|0x0000000715a00000, 0x0000000715a00000, 0x0000000715c00000|  0%| F|  |TAMS 0x0000000715a00000, 0x0000000715a00000| Untracked 
| 167|0x0000000715c00000, 0x0000000715c00000, 0x0000000715e00000|  0%| F|  |TAMS 0x0000000715c00000, 0x0000000715c00000| Untracked 
| 168|0x0000000715e00000, 0x0000000715e00000, 0x0000000716000000|  0%| F|  |TAMS 0x0000000715e00000, 0x0000000715e00000| Untracked 
| 169|0x0000000716000000, 0x0000000716000000, 0x0000000716200000|  0%| F|  |TAMS 0x0000000716000000, 0x0000000716000000| Untracked 
| 170|0x0000000716200000, 0x0000000716200000, 0x0000000716400000|  0%| F|  |TAMS 0x0000000716200000, 0x0000000716200000| Untracked 
| 171|0x0000000716400000, 0x0000000716600000, 0x0000000716600000|100%| E|  |TAMS 0x0000000716400000, 0x0000000716400000| Complete 
| 172|0x0000000716600000, 0x0000000716800000, 0x0000000716800000|100%| E|CS|TAMS 0x0000000716600000, 0x0000000716600000| Complete 
| 173|0x0000000716800000, 0x0000000716a00000, 0x0000000716a00000|100%| E|CS|TAMS 0x0000000716800000, 0x0000000716800000| Complete 
| 174|0x0000000716a00000, 0x0000000716c00000, 0x0000000716c00000|100%| E|CS|TAMS 0x0000000716a00000, 0x0000000716a00000| Complete 
| 175|0x0000000716c00000, 0x0000000716e00000, 0x0000000716e00000|100%| E|CS|TAMS 0x0000000716c00000, 0x0000000716c00000| Complete 
| 176|0x0000000716e00000, 0x0000000717000000, 0x0000000717000000|100%| E|CS|TAMS 0x0000000716e00000, 0x0000000716e00000| Complete 
| 177|0x0000000717000000, 0x0000000717200000, 0x0000000717200000|100%| E|CS|TAMS 0x0000000717000000, 0x0000000717000000| Complete 
| 178|0x0000000717200000, 0x0000000717400000, 0x0000000717400000|100%| E|CS|TAMS 0x0000000717200000, 0x0000000717200000| Complete 
| 179|0x0000000717400000, 0x0000000717600000, 0x0000000717600000|100%| E|CS|TAMS 0x0000000717400000, 0x0000000717400000| Complete 
| 180|0x0000000717600000, 0x0000000717800000, 0x0000000717800000|100%| E|CS|TAMS 0x0000000717600000, 0x0000000717600000| Complete 
| 181|0x0000000717800000, 0x0000000717a00000, 0x0000000717a00000|100%| E|CS|TAMS 0x0000000717800000, 0x0000000717800000| Complete 
| 182|0x0000000717a00000, 0x0000000717c00000, 0x0000000717c00000|100%| E|CS|TAMS 0x0000000717a00000, 0x0000000717a00000| Complete 
| 183|0x0000000717c00000, 0x0000000717e00000, 0x0000000717e00000|100%| E|CS|TAMS 0x0000000717c00000, 0x0000000717c00000| Complete 
| 184|0x0000000717e00000, 0x0000000718000000, 0x0000000718000000|100%| E|CS|TAMS 0x0000000717e00000, 0x0000000717e00000| Complete 
| 185|0x0000000718000000, 0x0000000718200000, 0x0000000718200000|100%| E|CS|TAMS 0x0000000718000000, 0x0000000718000000| Complete 
| 186|0x0000000718200000, 0x0000000718400000, 0x0000000718400000|100%| E|CS|TAMS 0x0000000718200000, 0x0000000718200000| Complete 
|2038|0x00000007ffa00000, 0x00000007ffc00000, 0x00000007ffc00000|100%| O|  |TAMS 0x00000007ffc00000, 0x00000007ffa00000| Untracked 
|2039|0x00000007ffc00000, 0x00000007ffe00000, 0x00000007ffe00000|100%| O|  |TAMS 0x00000007ffe00000, 0x00000007ffc00000| Untracked 
|2040|0x00000007ffe00000, 0x0000000800000000, 0x0000000800000000|100%| O|  |TAMS 0x0000000800000000, 0x00000007ffe00000| Untracked 

Card table byte_map: [0x0000024772300000,0x0000024772b00000] _byte_map_base: 0x000002476eaf9000

Marking Bits (Prev, Next): (CMBitMap*) 0x00000247592620f0, (CMBitMap*) 0x0000024759262130
 Prev Bits: [0x0000024773300000, 0x00000247772c8000)
 Next Bits: [0x00000247772d0000, 0x000002477b298000)

Polling page: 0x00000247592a0000

Metaspace:

Usage:
  Non-class:     29.85 MB used.
      Class:      3.14 MB used.
       Both:     32.98 MB used.

Virtual space:
  Non-class space:       64.00 MB reserved,      30.06 MB ( 47%) committed,  1 nodes.
      Class space:        1.00 GB reserved,       3.31 MB ( <1%) committed,  1 nodes.
             Both:        1.06 GB reserved,      33.38 MB (  3%) committed. 

Chunk freelists:
   Non-Class:  1.82 MB
       Class:  12.63 MB
        Both:  14.44 MB

MaxMetaspaceSize: unlimited
CompressedClassSpaceSize: 1.00 GB
Initial GC threshold: 21.00 MB
Current GC threshold: 54.19 MB
CDS: on
MetaspaceReclaimPolicy: balanced
 - commit_granule_bytes: 65536.
 - commit_granule_words: 8192.
 - virtual_space_node_default_size: 8388608.
 - enlarge_chunks_in_place: 1.
 - new_chunks_are_fully_committed: 0.
 - uncommit_free_chunks: 1.
 - use_allocation_guard: 0.
 - handle_deallocations: 1.


Internal statistics:

num_allocs_failed_limit: 3.
num_arena_births: 482.
num_arena_deaths: 0.
num_vsnodes_births: 2.
num_vsnodes_deaths: 0.
num_space_committed: 532.
num_space_uncommitted: 0.
num_chunks_returned_to_freelist: 3.
num_chunks_taken_from_freelist: 1243.
num_chunk_merges: 0.
num_chunk_splits: 841.
num_chunks_enlarged: 605.
num_inconsistent_stats: 0.

CodeHeap 'non-profiled nmethods': size=120000Kb used=3462Kb max_used=3462Kb free=116537Kb
 bounds [0x0000024769fa0000, 0x000002476a310000, 0x00000247714d0000]
CodeHeap 'profiled nmethods': size=120000Kb used=8827Kb max_used=8827Kb free=111172Kb
 bounds [0x00000247624d0000, 0x0000024762d70000, 0x0000024769a00000]
CodeHeap 'non-nmethods': size=5760Kb used=2037Kb max_used=2094Kb free=3722Kb
 bounds [0x0000024769a00000, 0x0000024769c70000, 0x0000024769fa0000]
 total_blobs=6317 nmethods=4734 adapters=1494
 compilation: enabled
              stopped_count=0, restarted_count=0
 full_count=0

Compilation events (20 events):
Event: 14.906 Thread 0x000002477da4d7e0 nmethod 5527 0x0000024762d65b10 code [0x0000024762d65cc0, 0x0000024762d65fc8]
Event: 14.906 Thread 0x000002477da4d7e0 5529       3       java.util.ArrayList::indexOfRange (71 bytes)
Event: 14.907 Thread 0x000002477da4d7e0 nmethod 5529 0x0000024762d66090 code [0x0000024762d66260, 0x0000024762d66728]
Event: 14.907 Thread 0x000002477da4d7e0 5528       3       java.util.ArrayList::indexOf (11 bytes)
Event: 14.907 Thread 0x000002477da4d7e0 nmethod 5528 0x0000024762d66910 code [0x0000024762d66aa0, 0x0000024762d66c68]
Event: 14.907 Thread 0x000002477da4d7e0 5530       3       java.io.BufferedWriter::min (9 bytes)
Event: 14.907 Thread 0x000002477da4d7e0 nmethod 5530 0x0000024762d66d10 code [0x0000024762d66ea0, 0x0000024762d67018]
Event: 14.907 Thread 0x000002477d92c0c0 nmethod 5526 0x000002476a300210 code [0x000002476a3003a0, 0x000002476a3007d8]
Event: 14.908 Thread 0x000002477da4d7e0 5532   !   3       java.lang.invoke.BoundMethodHandle$Species_L::copyWithExtendL (31 bytes)
Event: 14.908 Thread 0x000002477da4d7e0 nmethod 5532 0x0000024762d67090 code [0x0000024762d672c0, 0x0000024762d67e08]
Event: 14.908 Thread 0x000002477da4d7e0 5533       3       java.lang.invoke.ClassSpecializer$SpeciesData::transformHelper (56 bytes)
Event: 14.909 Thread 0x000002477da4d7e0 nmethod 5533 0x0000024762d68110 code [0x0000024762d683a0, 0x0000024762d69428]
Event: 14.909 Thread 0x000002477da4d7e0 5534       3       java.lang.invoke.MethodHandles::argumentsWithCombiner (130 bytes)
Event: 14.909 Thread 0x000002477da4d7e0 nmethod 5534 0x0000024762d69890 code [0x0000024762d69b40, 0x0000024762d6aa18]
Event: 14.910 Thread 0x000002477da4d7e0 5538       3       java.lang.invoke.StringConcatFactory::parseRecipe (198 bytes)
Event: 14.912 Thread 0x000002477da4d7e0 nmethod 5538 0x0000024762d6b090 code [0x0000024762d6b500, 0x0000024762d6da58]
Event: 14.912 Thread 0x000002477da4d7e0 5539       3       org.lwjgl.nuklear.NkStyleButton::padding (8 bytes)
Event: 14.912 Thread 0x000002477da4d7e0 nmethod 5539 0x0000024762d6e890 code [0x0000024762d6ea40, 0x0000024762d6ede8]
Event: 14.912 Thread 0x000002477da4d7e0 5537       1       java.lang.invoke.MethodHandleImpl$AsVarargsCollector::getTarget (5 bytes)
Event: 14.912 Thread 0x000002477da4d7e0 nmethod 5537 0x000002476a301310 code [0x000002476a3014a0, 0x000002476a301578]

GC Heap History (20 events):
Event: 8.870 GC heap before
{Heap before GC invocations=20 (full 0):
 garbage-first heap   total 40960K, used 26411K [0x0000000700e00000, 0x0000000800000000)
  region size 2048K, 9 young (18432K), 2 survivors (4096K)
 Metaspace       used 32705K, committed 33024K, reserved 1114112K
  class space    used 3128K, committed 3264K, reserved 1048576K
}
Event: 8.894 GC heap after
{Heap after GC invocations=21 (full 1):
 garbage-first heap   total 40960K, used 15967K [0x0000000700e00000, 0x0000000800000000)
  region size 2048K, 0 young (0K), 0 survivors (0K)
 Metaspace       used 32705K, committed 33024K, reserved 1114112K
  class space    used 3128K, committed 3264K, reserved 1048576K
}
Event: 8.942 GC heap before
{Heap before GC invocations=21 (full 1):
 garbage-first heap   total 40960K, used 28255K [0x0000000700e00000, 0x0000000800000000)
  region size 2048K, 7 young (14336K), 0 survivors (0K)
 Metaspace       used 32896K, committed 33152K, reserved 1114112K
  class space    used 3148K, committed 3264K, reserved 1048576K
}
Event: 8.946 GC heap after
{Heap after GC invocations=22 (full 1):
 garbage-first heap   total 47104K, used 29152K [0x0000000700e00000, 0x0000000800000000)
  region size 2048K, 1 young (2048K), 1 survivors (2048K)
 Metaspace       used 32896K, committed 33152K, reserved 1114112K
  class space    used 3148K, committed 3264K, reserved 1048576K
}
Event: 9.007 GC heap before
{Heap before GC invocations=22 (full 1):
 garbage-first heap   total 47104K, used 31200K [0x0000000700e00000, 0x0000000800000000)
  region size 2048K, 2 young (4096K), 1 survivors (2048K)
 Metaspace       used 32935K, committed 33216K, reserved 1114112K
  class space    used 3151K, committed 3264K, reserved 1048576K
}
Event: 9.009 GC heap after
{Heap after GC invocations=23 (full 1):
 garbage-first heap   total 47104K, used 29922K [0x0000000700e00000, 0x0000000800000000)
  region size 2048K, 1 young (2048K), 1 survivors (2048K)
 Metaspace       used 32935K, committed 33216K, reserved 1114112K
  class space    used 3151K, committed 3264K, reserved 1048576K
}
Event: 9.030 GC heap before
{Heap before GC invocations=23 (full 1):
 garbage-first heap   total 47104K, used 31970K [0x0000000700e00000, 0x0000000800000000)
  region size 2048K, 2 young (4096K), 1 survivors (2048K)
 Metaspace       used 32949K, committed 33280K, reserved 1114112K
  class space    used 3151K, committed 3264K, reserved 1048576K
}
Event: 9.032 GC heap after
{Heap after GC invocations=24 (full 1):
 garbage-first heap   total 47104K, used 31194K [0x0000000700e00000, 0x0000000800000000)
  region size 2048K, 1 young (2048K), 1 survivors (2048K)
 Metaspace       used 32949K, committed 33280K, reserved 1114112K
  class space    used 3151K, committed 3264K, reserved 1048576K
}
Event: 9.047 GC heap before
{Heap before GC invocations=24 (full 1):
 garbage-first heap   total 61440K, used 31194K [0x0000000700e00000, 0x0000000800000000)
  region size 2048K, 2 young (4096K), 1 survivors (2048K)
 Metaspace       used 32950K, committed 33280K, reserved 1114112K
  class space    used 3151K, committed 3264K, reserved 1048576K
}
Event: 9.049 GC heap after
{Heap after GC invocations=25 (full 1):
 garbage-first heap   total 161792K, used 31048K [0x0000000700e00000, 0x0000000800000000)
  region size 2048K, 1 young (2048K), 1 survivors (2048K)
 Metaspace       used 32950K, committed 33280K, reserved 1114112K
  class space    used 3151K, committed 3264K, reserved 1048576K
}
Event: 9.197 GC heap before
{Heap before GC invocations=26 (full 1):
 garbage-first heap   total 161792K, used 88392K [0x0000000700e00000, 0x0000000800000000)
  region size 2048K, 30 young (61440K), 1 survivors (2048K)
 Metaspace       used 33048K, committed 33344K, reserved 1114112K
  class space    used 3151K, committed 3264K, reserved 1048576K
}
Event: 9.209 GC heap after
{Heap after GC invocations=27 (full 1):
 garbage-first heap   total 161792K, used 80797K [0x0000000700e00000, 0x0000000800000000)
  region size 2048K, 4 young (8192K), 4 survivors (8192K)
 Metaspace       used 33048K, committed 33344K, reserved 1114112K
  class space    used 3151K, committed 3264K, reserved 1048576K
}
Event: 9.236 GC heap before
{Heap before GC invocations=27 (full 1):
 garbage-first heap   total 161792K, used 103325K [0x0000000700e00000, 0x0000000800000000)
  region size 2048K, 16 young (32768K), 4 survivors (8192K)
 Metaspace       used 33061K, committed 33344K, reserved 1114112K
  class space    used 3151K, committed 3264K, reserved 1048576K
}
Event: 9.243 GC heap after
{Heap after GC invocations=28 (full 1):
 garbage-first heap   total 161792K, used 104876K [0x0000000700e00000, 0x0000000800000000)
  region size 2048K, 2 young (4096K), 2 survivors (4096K)
 Metaspace       used 33061K, committed 33344K, reserved 1114112K
  class space    used 3151K, committed 3264K, reserved 1048576K
}
Event: 9.252 GC heap before
{Heap before GC invocations=28 (full 1):
 garbage-first heap   total 161792K, used 113068K [0x0000000700e00000, 0x0000000800000000)
  region size 2048K, 7 young (14336K), 2 survivors (4096K)
 Metaspace       used 33061K, committed 33344K, reserved 1114112K
  class space    used 3151K, committed 3264K, reserved 1048576K
}
Event: 9.254 GC heap after
{Heap after GC invocations=29 (full 1):
 garbage-first heap   total 161792K, used 114896K [0x0000000700e00000, 0x0000000800000000)
  region size 2048K, 1 young (2048K), 1 survivors (2048K)
 Metaspace       used 33061K, committed 33344K, reserved 1114112K
  class space    used 3151K, committed 3264K, reserved 1048576K
}
Event: 9.258 GC heap before
{Heap before GC invocations=29 (full 1):
 garbage-first heap   total 161792K, used 121040K [0x0000000700e00000, 0x0000000800000000)
  region size 2048K, 4 young (8192K), 1 survivors (2048K)
 Metaspace       used 33061K, committed 33344K, reserved 1114112K
  class space    used 3151K, committed 3264K, reserved 1048576K
}
Event: 9.260 GC heap after
{Heap after GC invocations=30 (full 1):
 garbage-first heap   total 161792K, used 121613K [0x0000000700e00000, 0x0000000800000000)
  region size 2048K, 1 young (2048K), 1 survivors (2048K)
 Metaspace       used 33061K, committed 33344K, reserved 1114112K
  class space    used 3151K, committed 3264K, reserved 1048576K
}
Event: 9.264 GC heap before
{Heap before GC invocations=30 (full 1):
 garbage-first heap   total 161792K, used 123661K [0x0000000700e00000, 0x0000000800000000)
  region size 2048K, 3 young (6144K), 1 survivors (2048K)
 Metaspace       used 33062K, committed 33344K, reserved 1114112K
  class space    used 3151K, committed 3264K, reserved 1048576K
}
Event: 9.266 GC heap after
{Heap after GC invocations=31 (full 1):
 garbage-first heap   total 389120K, used 125712K [0x0000000700e00000, 0x0000000800000000)
  region size 2048K, 1 young (2048K), 1 survivors (2048K)
 Metaspace       used 33062K, committed 33344K, reserved 1114112K
  class space    used 3151K, committed 3264K, reserved 1048576K
}

Dll operation events (17 events):
Event: 0.009 Loaded shared library C:\Users\Samuel.Walker-1\.jdks\corretto-17.0.11\bin\java.dll
Event: 0.030 Loaded shared library C:\Users\Samuel.Walker-1\.jdks\corretto-17.0.11\bin\jsvml.dll
Event: 0.167 Loaded shared library C:\Users\Samuel.Walker-1\.jdks\corretto-17.0.11\bin\zip.dll
Event: 0.169 Loaded shared library C:\Users\Samuel.Walker-1\.jdks\corretto-17.0.11\bin\instrument.dll
Event: 0.175 Loaded shared library C:\Users\Samuel.Walker-1\.jdks\corretto-17.0.11\bin\net.dll
Event: 0.176 Loaded shared library C:\Users\Samuel.Walker-1\.jdks\corretto-17.0.11\bin\nio.dll
Event: 0.180 Loaded shared library C:\Users\Samuel.Walker-1\.jdks\corretto-17.0.11\bin\zip.dll
Event: 0.297 Loaded shared library C:\Program Files\JetBrains\IntelliJ IDEA Community Edition 2024.1\bin\breakgen64.dll
Event: 0.312 Loaded shared library C:\Users\Samuel.Walker-1\.jdks\corretto-17.0.11\bin\extnet.dll
Event: 0.343 Loaded shared library C:\Users\Samuel.Walker-1\.jdks\corretto-17.0.11\bin\jimage.dll
Event: 0.365 Loaded shared library C:\Users\Samuel.Walker-1\AppData\Local\Temp\lwjgl_Samuel\3.3.2+13\x64\lwjgl.dll
Event: 0.504 Loaded shared library C:\Users\Samuel.Walker-1\.jdks\corretto-17.0.11\bin\awt.dll
Event: 0.841 Loaded shared library C:\Users\Samuel.Walker-1\.jdks\corretto-17.0.11\bin\verify.dll
Event: 1.731 Loaded shared library C:\Users\Samuel.Walker-1\AppData\Local\Temp\lwjgl_Samuel\3.3.2+13\x64\lwjgl_opengl.dll
Event: 1.846 Loaded shared library C:\Users\Samuel.Walker-1\AppData\Local\Temp\lwjgl_Samuel\3.3.2+13\x64\lwjgl_nuklear.dll
Event: 1.871 Loaded shared library C:\Users\Samuel.Walker-1\AppData\Local\Temp\lwjgl_Samuel\3.3.2+13\x64\lwjgl_stb.dll
Event: 8.183 Loaded shared library C:\Users\Samuel.Walker-1\.jdks\corretto-17.0.11\bin\sunmscapi.dll

Deoptimization events (20 events):
Event: 13.918 Thread 0x00000247591f7110 DEOPT PACKING pc=0x0000024762cf2adf sp=0x000000aa6efff4c0
Event: 13.918 Thread 0x00000247591f7110 DEOPT UNPACKING pc=0x0000024769a57143 sp=0x000000aa6effe980 mode 0
Event: 14.404 Thread 0x00000247570c0bc0 DEOPT PACKING pc=0x0000024762d4acaa sp=0x000000aa722ff0d0
Event: 14.404 Thread 0x00000247570c0bc0 DEOPT UNPACKING pc=0x0000024769a57143 sp=0x000000aa722fe5e0 mode 0
Event: 14.405 Thread 0x00000247570c0bc0 DEOPT PACKING pc=0x0000024762d4acaa sp=0x000000aa722ff0d0
Event: 14.405 Thread 0x00000247570c0bc0 DEOPT UNPACKING pc=0x0000024769a57143 sp=0x000000aa722fe5e0 mode 0
Event: 14.406 Thread 0x00000247570c0bc0 DEOPT PACKING pc=0x0000024762d4acaa sp=0x000000aa722ff0d0
Event: 14.406 Thread 0x00000247570c0bc0 DEOPT UNPACKING pc=0x0000024769a57143 sp=0x000000aa722fe5e0 mode 0
Event: 14.407 Thread 0x00000247570c0bc0 DEOPT PACKING pc=0x0000024762d4acaa sp=0x000000aa722ff0d0
Event: 14.407 Thread 0x00000247570c0bc0 DEOPT UNPACKING pc=0x0000024769a57143 sp=0x000000aa722fe5e0 mode 0
Event: 14.408 Thread 0x00000247570c0bc0 DEOPT PACKING pc=0x0000024762d4acaa sp=0x000000aa722ff0d0
Event: 14.408 Thread 0x00000247570c0bc0 DEOPT UNPACKING pc=0x0000024769a57143 sp=0x000000aa722fe5e0 mode 0
Event: 14.410 Thread 0x00000247570c0bc0 DEOPT PACKING pc=0x0000024762d4acaa sp=0x000000aa722ff0d0
Event: 14.410 Thread 0x00000247570c0bc0 DEOPT UNPACKING pc=0x0000024769a57143 sp=0x000000aa722fe5e0 mode 0
Event: 14.411 Thread 0x00000247570c0bc0 DEOPT PACKING pc=0x0000024762d4acaa sp=0x000000aa722ff0d0
Event: 14.411 Thread 0x00000247570c0bc0 DEOPT UNPACKING pc=0x0000024769a57143 sp=0x000000aa722fe5e0 mode 0
Event: 14.920 Thread 0x00000247591f7110 Uncommon trap: trap_request=0xffffff66 fr.pc=0x000002476a2f33f8 relative=0x0000000000000058
Event: 14.920 Thread 0x00000247591f7110 Uncommon trap: reason=speculate_class_check action=maybe_recompile pc=0x000002476a2f33f8 method=java.lang.invoke.Invokers$Holder.linkToTargetMethod(Ljava/lang/Object;ILjava/lang/Object;)Ljava/lang/Object; @ 1 c2
Event: 14.920 Thread 0x00000247591f7110 DEOPT PACKING pc=0x000002476a2f33f8 sp=0x000000aa6efff100
Event: 14.920 Thread 0x00000247591f7110 DEOPT UNPACKING pc=0x0000024769a569a3 sp=0x000000aa6efff088 mode 2

Classes unloaded (0 events):
No events

Classes redefined (0 events):
No events

Internal exceptions (20 events):
Event: 8.038 Thread 0x00000247591f7110 Exception <a 'java/lang/NoSuchMethodError'{0x00000007027e0f48}: 'void java.lang.invoke.DirectMethodHandle$Holder.invokeSpecial(java.lang.Object, java.lang.Object, int, int, int, java.lang.Object)'> (0x00000007027e0f48) 
thrown [s\src\hotspot\share\interpreter\linkResolver.cpp, line 759]
Event: 8.214 Thread 0x00000247591f7110 Exception <a 'sun/nio/fs/WindowsException'{0x0000000710c7b620}> (0x0000000710c7b620) 
thrown [s\src\hotspot\share\prims\jni.cpp, line 516]
Event: 8.221 Thread 0x00000247591f7110 Exception <a 'java/lang/NoSuchMethodError'{0x0000000710c9ed60}: 'int java.lang.invoke.DirectMethodHandle$Holder.invokeStatic(java.lang.Object, java.lang.Object, java.lang.Object, java.lang.Object)'> (0x0000000710c9ed60) 
thrown [s\src\hotspot\share\interpreter\linkResolver.cpp, line 759]
Event: 8.221 Thread 0x00000247591f7110 Exception <a 'java/lang/NoSuchMethodError'{0x0000000710ca2568}: 'int java.lang.invoke.DirectMethodHandle$Holder.invokeStaticInit(java.lang.Object, java.lang.Object, java.lang.Object, java.lang.Object)'> (0x0000000710ca2568) 
thrown [s\src\hotspot\share\interpreter\linkResolver.cpp, line 759]
Event: 8.222 Thread 0x00000247591f7110 Exception <a 'java/lang/NoSuchMethodError'{0x0000000710cabea0}: 'java.lang.Object java.lang.invoke.DirectMethodHandle$Holder.invokeInterface(java.lang.Object, java.lang.Object)'> (0x0000000710cabea0) 
thrown [s\src\hotspot\share\interpreter\linkResolver.cpp, line 759]
Event: 8.222 Thread 0x00000247591f7110 Exception <a 'java/lang/IncompatibleClassChangeError'{0x0000000710caf698}: Found class java.lang.Object, but interface was expected> (0x0000000710caf698) 
thrown [s\src\hotspot\share\interpreter\linkResolver.cpp, line 826]
Event: 8.223 Thread 0x00000247591f7110 Exception <a 'java/lang/NoSuchMethodError'{0x0000000710cb2968}: 'void java.lang.invoke.DirectMethodHandle$Holder.invokeStaticInit(java.lang.Object, java.lang.Object)'> (0x0000000710cb2968) 
thrown [s\src\hotspot\share\interpreter\linkResolver.cpp, line 759]
Event: 8.223 Thread 0x00000247591f7110 Exception <a 'java/lang/NoSuchMethodError'{0x0000000710cb87a0}: 'int java.lang.invoke.DirectMethodHandle$Holder.invokeStaticInit(java.lang.Object, java.lang.Object)'> (0x0000000710cb87a0) 
thrown [s\src\hotspot\share\interpreter\linkResolver.cpp, line 759]
Event: 8.493 Thread 0x00000247591f7110 Implicit null exception at 0x000002476a08df0c to 0x000002476a08e0cd
Event: 8.780 Thread 0x00000247591f7110 Exception <a 'java/lang/NoSuchMethodError'{0x0000000702bc1d08}: 'void java.lang.invoke.DirectMethodHandle$Holder.invokeStatic(java.lang.Object, java.lang.Object, java.lang.Object, java.lang.Object)'> (0x0000000702bc1d08) 
thrown [s\src\hotspot\share\interpreter\linkResolver.cpp, line 759]
Event: 8.869 Thread 0x00000247591f7110 Exception <a 'java/lang/NoSuchMethodError'{0x000000070287fa80}: 'java.lang.Object java.lang.invoke.DirectMethodHandle$Holder.invokeVirtual(java.lang.Object, java.lang.Object, java.lang.Object, java.lang.Object)'> (0x000000070287fa80) 
thrown [s\src\hotspot\share\interpreter\linkResolver.cpp, line 759]
Event: 10.210 Thread 0x00000247570c3950 Implicit null exception at 0x000002476a25a94c to 0x000002476a25e434
Event: 12.943 Thread 0x00000247591f7110 Implicit null exception at 0x000002476a0d6482 to 0x000002476a0d72ac
Event: 12.985 Thread 0x00000247591f7110 Exception <a 'java/lang/NoSuchMethodError'{0x0000000716ac4518}: 'void java.lang.invoke.DirectMethodHandle$Holder.invokeSpecial(java.lang.Object, java.lang.Object, int, java.lang.Object)'> (0x0000000716ac4518) 
thrown [s\src\hotspot\share\interpreter\linkResolver.cpp, line 759]
Event: 12.992 Thread 0x00000247591f7110 Exception <a 'java/lang/NoSuchMethodError'{0x0000000716af89f0}: 'java.lang.Object java.lang.invoke.DirectMethodHandle$Holder.newInvokeSpecial(java.lang.Object, java.lang.Object, java.lang.Object, int)'> (0x0000000716af89f0) 
thrown [s\src\hotspot\share\interpreter\linkResolver.cpp, line 759]
Event: 12.992 Thread 0x00000247591f7110 Exception <a 'java/lang/NoSuchMethodError'{0x0000000716afcb28}: 'java.lang.Object java.lang.invoke.DirectMethodHandle$Holder.invokeSpecial(java.lang.Object, java.lang.Object, java.lang.Object, java.lang.Object, int)'> (0x0000000716afcb28) 
thrown [s\src\hotspot\share\interpreter\linkResolver.cpp, line 759]
Event: 12.993 Thread 0x00000247591f7110 Exception <a 'java/lang/NoSuchMethodError'{0x0000000716b00448}: 'java.lang.Object java.lang.invoke.Invokers$Holder.linkToTargetMethod(java.lang.Object, java.lang.Object, int, java.lang.Object)'> (0x0000000716b00448) 
thrown [s\src\hotspot\share\interpreter\linkResolver.cpp, line 759]
Event: 13.020 Thread 0x00000247591f7110 Exception <a 'java/lang/NoSuchMethodError'{0x0000000716b73048}: 'java.lang.Object java.lang.invoke.DirectMethodHandle$Holder.invokeStatic(java.lang.Object, float)'> (0x0000000716b73048) 
thrown [s\src\hotspot\share\interpreter\linkResolver.cpp, line 759]
Event: 13.025 Thread 0x00000247591f7110 Exception <a 'java/lang/NoSuchMethodError'{0x0000000716bae1b0}: 'java.lang.Object java.lang.invoke.DirectMethodHandle$Holder.invokeSpecial(java.lang.Object, java.lang.Object, float)'> (0x0000000716bae1b0) 
thrown [s\src\hotspot\share\interpreter\linkResolver.cpp, line 759]
Event: 14.907 Thread 0x00000247591f7110 Exception <a 'java/lang/NoSuchMethodError'{0x00000007165b9528}: 'void java.lang.invoke.DirectMethodHandle$Holder.invokeStatic(java.lang.Object, java.lang.Object, java.lang.Object)'> (0x00000007165b9528) 
thrown [s\src\hotspot\share\interpreter\linkResolver.cpp, line 759]

VM Operations (20 events):
Event: 9.278 Executing VM operation: G1PauseRemark
Event: 9.280 Executing VM operation: G1PauseRemark done
Event: 9.293 Executing VM operation: G1PauseCleanup
Event: 9.293 Executing VM operation: G1PauseCleanup done
Event: 10.294 Executing VM operation: Cleanup
Event: 10.294 Executing VM operation: Cleanup done
Event: 10.299 Executing VM operation: HandshakeAllThreads
Event: 10.299 Executing VM operation: HandshakeAllThreads done
Event: 11.312 Executing VM operation: Cleanup
Event: 11.312 Executing VM operation: Cleanup done
Event: 12.313 Executing VM operation: Cleanup
Event: 12.313 Executing VM operation: Cleanup done
Event: 13.014 Executing VM operation: HandshakeAllThreads
Event: 13.014 Executing VM operation: HandshakeAllThreads done
Event: 13.017 Executing VM operation: HandshakeAllThreads
Event: 13.017 Executing VM operation: HandshakeAllThreads done
Event: 14.018 Executing VM operation: Cleanup
Event: 14.018 Executing VM operation: Cleanup done
Event: 14.906 Executing VM operation: HandshakeAllThreads
Event: 14.906 Executing VM operation: HandshakeAllThreads done

Events (20 events):
Event: 13.014 loading class java/io/UnsupportedEncodingException
Event: 13.014 loading class java/io/UnsupportedEncodingException done
Event: 13.015 loading class java/lang/Math$RandomNumberGeneratorHolder
Event: 13.015 loading class java/lang/Math$RandomNumberGeneratorHolder done
Event: 13.418 Thread 0x0000024757ddf460 Thread exited: 0x0000024757ddf460
Event: 13.502 loading class java/awt/MouseInfo
Event: 13.502 loading class java/awt/MouseInfo done
Event: 13.502 loading class sun/awt/windows/WMouseInfoPeer
Event: 13.502 loading class java/awt/peer/MouseInfoPeer
Event: 13.503 loading class java/awt/peer/MouseInfoPeer done
Event: 13.503 loading class sun/awt/windows/WMouseInfoPeer done
Event: 13.503 loading class java/awt/PointerInfo
Event: 13.503 loading class java/awt/PointerInfo done
Event: 13.748 loading class sun/security/ssl/Alert
Event: 13.748 loading class sun/security/ssl/Alert done
Event: 13.748 loading class sun/security/ssl/Alert$AlertConsumer
Event: 13.748 loading class sun/security/ssl/Alert$AlertConsumer done
Event: 13.748 loading class sun/security/ssl/Alert$Level
Event: 13.748 loading class sun/security/ssl/Alert$Level done
Event: 13.752 Thread 0x0000024753a3c3e0 Thread exited: 0x0000024753a3c3e0


Dynamic libraries:
0x00007ff7fabc0000 - 0x00007ff7fabce000 	C:\Users\Samuel.Walker-1\.jdks\corretto-17.0.11\bin\java.exe
0x00007ffa711f0000 - 0x00007ffa713e8000 	C:\WINDOWS\SYSTEM32\ntdll.dll
0x00007ffa70d20000 - 0x00007ffa70de1000 	C:\WINDOWS\System32\KERNEL32.DLL
0x00007ffa6eef0000 - 0x00007ffa6f1ed000 	C:\WINDOWS\System32\KERNELBASE.dll
0x00007ffa6eab0000 - 0x00007ffa6ebb0000 	C:\WINDOWS\System32\ucrtbase.dll
0x00007ffa64010000 - 0x00007ffa64027000 	C:\Users\Samuel.Walker-1\.jdks\corretto-17.0.11\bin\jli.dll
0x00007ffa70f00000 - 0x00007ffa7109d000 	C:\WINDOWS\System32\USER32.dll
0x00007ffa6ed10000 - 0x00007ffa6ed32000 	C:\WINDOWS\System32\win32u.dll
0x00007ffa703b0000 - 0x00007ffa703db000 	C:\WINDOWS\System32\GDI32.dll
0x00007ffa6ed40000 - 0x00007ffa6ee57000 	C:\WINDOWS\System32\gdi32full.dll
0x00007ffa6e8a0000 - 0x00007ffa6e93d000 	C:\WINDOWS\System32\msvcp_win.dll
0x00007ffa61700000 - 0x00007ffa6171b000 	C:\Users\Samuel.Walker-1\.jdks\corretto-17.0.11\bin\VCRUNTIME140.dll
0x00007ffa618c0000 - 0x00007ffa61b5a000 	C:\WINDOWS\WinSxS\amd64_microsoft.windows.common-controls_6595b64144ccf1df_6.0.19041.4355_none_60b8b9eb71f62e16\COMCTL32.dll
0x00007ffa706d0000 - 0x00007ffa7076e000 	C:\WINDOWS\System32\msvcrt.dll
0x00007ffa710a0000 - 0x00007ffa710cf000 	C:\WINDOWS\System32\IMM32.DLL
0x00007ffa682d0000 - 0x00007ffa682dc000 	C:\Users\Samuel.Walker-1\.jdks\corretto-17.0.11\bin\vcruntime140_1.dll
0x00007ffa5fc00000 - 0x00007ffa5fc8d000 	C:\Users\Samuel.Walker-1\.jdks\corretto-17.0.11\bin\msvcp140.dll
0x00007ffa11df0000 - 0x00007ffa12a52000 	C:\Users\Samuel.Walker-1\.jdks\corretto-17.0.11\bin\server\jvm.dll
0x00007ffa70e50000 - 0x00007ffa70f00000 	C:\WINDOWS\System32\ADVAPI32.dll
0x00007ffa6f7c0000 - 0x00007ffa6f860000 	C:\WINDOWS\System32\sechost.dll
0x00007ffa6f4f0000 - 0x00007ffa6f613000 	C:\WINDOWS\System32\RPCRT4.dll
0x00007ffa6f1f0000 - 0x00007ffa6f217000 	C:\WINDOWS\System32\bcrypt.dll
0x00007ffa6e320000 - 0x00007ffa6e36b000 	C:\WINDOWS\SYSTEM32\POWRPROF.dll
0x00007ffa596a0000 - 0x00007ffa596a9000 	C:\WINDOWS\SYSTEM32\WSOCK32.dll
0x00007ffa70840000 - 0x00007ffa708ab000 	C:\WINDOWS\System32\WS2_32.dll
0x00007ffa64f20000 - 0x00007ffa64f47000 	C:\WINDOWS\SYSTEM32\WINMM.dll
0x00007ffa69180000 - 0x00007ffa6918a000 	C:\WINDOWS\SYSTEM32\VERSION.dll
0x00007ffa6e210000 - 0x00007ffa6e222000 	C:\WINDOWS\SYSTEM32\UMPDC.dll
0x00007ffa6c700000 - 0x00007ffa6c712000 	C:\WINDOWS\SYSTEM32\kernel.appcore.dll
0x00007ffa64220000 - 0x00007ffa6422a000 	C:\Users\Samuel.Walker-1\.jdks\corretto-17.0.11\bin\jimage.dll
0x00007ffa620d0000 - 0x00007ffa622b4000 	C:\WINDOWS\SYSTEM32\DBGHELP.DLL
0x00007ffa62050000 - 0x00007ffa62084000 	C:\WINDOWS\SYSTEM32\dbgcore.DLL
0x00007ffa6ee60000 - 0x00007ffa6eee2000 	C:\WINDOWS\System32\bcryptPrimitives.dll
0x00007ffa617c0000 - 0x00007ffa617ce000 	C:\Users\Samuel.Walker-1\.jdks\corretto-17.0.11\bin\instrument.dll
0x00007ffa615e0000 - 0x00007ffa61605000 	C:\Users\Samuel.Walker-1\.jdks\corretto-17.0.11\bin\java.dll
0x00007ffa48a80000 - 0x00007ffa48b57000 	C:\Users\Samuel.Walker-1\.jdks\corretto-17.0.11\bin\jsvml.dll
0x00007ffa6f880000 - 0x00007ffa6ffef000 	C:\WINDOWS\System32\SHELL32.dll
0x00007ffa6c900000 - 0x00007ffa6d09f000 	C:\WINDOWS\SYSTEM32\windows.storage.dll
0x00007ffa70050000 - 0x00007ffa703a3000 	C:\WINDOWS\System32\combase.dll
0x00007ffa6e170000 - 0x00007ffa6e19e000 	C:\WINDOWS\SYSTEM32\Wldp.dll
0x00007ffa6f280000 - 0x00007ffa6f34d000 	C:\WINDOWS\System32\OLEAUT32.dll
0x00007ffa70770000 - 0x00007ffa7081d000 	C:\WINDOWS\System32\SHCORE.dll
0x00007ffa6f220000 - 0x00007ffa6f275000 	C:\WINDOWS\System32\shlwapi.dll
0x00007ffa6e7d0000 - 0x00007ffa6e7f4000 	C:\WINDOWS\SYSTEM32\profapi.dll
0x00007ffa61170000 - 0x00007ffa61188000 	C:\Users\Samuel.Walker-1\.jdks\corretto-17.0.11\bin\zip.dll
0x00007ffa616e0000 - 0x00007ffa616f9000 	C:\Users\Samuel.Walker-1\.jdks\corretto-17.0.11\bin\net.dll
0x00007ffa67f80000 - 0x00007ffa6808d000 	C:\WINDOWS\SYSTEM32\WINHTTP.dll
0x00007ffa6df50000 - 0x00007ffa6dfba000 	C:\WINDOWS\system32\mswsock.dll
0x00007ffa61240000 - 0x00007ffa61256000 	C:\Users\Samuel.Walker-1\.jdks\corretto-17.0.11\bin\nio.dll
0x00007ffa61150000 - 0x00007ffa6116a000 	C:\Program Files\JetBrains\IntelliJ IDEA Community Edition 2024.1\bin\breakgen64.dll
0x00007ffa61780000 - 0x00007ffa61789000 	C:\Users\Samuel.Walker-1\.jdks\corretto-17.0.11\bin\extnet.dll
0x00007ffa4e8f0000 - 0x00007ffa4e96a000 	C:\Users\Samuel.Walker-1\AppData\Local\Temp\lwjgl_Samuel\3.3.2+13\x64\lwjgl.dll
0x00007ffa3c530000 - 0x00007ffa3c7a0000 	C:\Users\SAMUEL~1.WAL\AppData\Local\Temp\lwjgl_Samuel\3.3.2+13\x64\jemalloc.dll
0x00007ffa3a980000 - 0x00007ffa3ab10000 	C:\Users\Samuel.Walker-1\.jdks\corretto-17.0.11\bin\awt.dll
0x00007ffa6b5e0000 - 0x00007ffa6b674000 	C:\WINDOWS\SYSTEM32\apphelp.dll
0x00007ffa6c400000 - 0x00007ffa6c42f000 	C:\WINDOWS\system32\DWMAPI.DLL
0x00007ffa6c210000 - 0x00007ffa6c2ae000 	C:\WINDOWS\system32\uxtheme.dll
0x00007ffa43a50000 - 0x00007ffa43b78000 	C:\WINDOWS\system32\opengl32.dll
0x00007ffa682e0000 - 0x00007ffa6830c000 	C:\WINDOWS\SYSTEM32\GLU32.dll
0x00007ffa6f3d0000 - 0x00007ffa6f4e4000 	C:\WINDOWS\System32\MSCTF.dll
0x00007ffa6f690000 - 0x00007ffa6f7bb000 	C:\WINDOWS\System32\ole32.dll
0x00007ffa39460000 - 0x00007ffa39630000 	C:\WINDOWS\system32\d3d9.dll
0x00007ffa64f50000 - 0x00007ffa6512b000 	C:\WINDOWS\System32\DriverStore\FileRepository\c0360470.inf_amd64_b06c374aee20d185\B360357\aticfx64.dll
0x00007ffa5b6c0000 - 0x00007ffa5b6f3000 	C:\WINDOWS\System32\DriverStore\FileRepository\c0360470.inf_amd64_b06c374aee20d185\B360357\atiu9p64.dll
0x00007ffa10640000 - 0x00007ffa112d6000 	C:\WINDOWS\System32\DriverStore\FileRepository\c0360470.inf_amd64_b06c374aee20d185\B360357\atiumd64.dll
0x0000000066810000 - 0x0000000067689000 	C:\WINDOWS\System32\DriverStore\FileRepository\c0360470.inf_amd64_b06c374aee20d185\B360357\atiumd6a.dll
0x00007ffa62640000 - 0x00007ffa6266f000 	C:\WINDOWS\SYSTEM32\amdihk64.dll
0x00007ffa68f50000 - 0x00007ffa68f8b000 	C:\WINDOWS\SYSTEM32\dxcore.dll
0x00007ffa6ea60000 - 0x00007ffa6eaae000 	C:\WINDOWS\System32\cfgmgr32.dll
0x00007ffa60170000 - 0x00007ffa60180000 	C:\Users\Samuel.Walker-1\.jdks\corretto-17.0.11\bin\verify.dll
0x00007ffa489f0000 - 0x00007ffa48a72000 	C:\Users\SAMUEL~1.WAL\AppData\Local\Temp\lwjgl_Samuel\3.3.2+13\x64\glfw.dll
0x00007ffa5b5d0000 - 0x00007ffa5b615000 	C:\WINDOWS\SYSTEM32\dinput8.dll
0x00007ffa5fb00000 - 0x00007ffa5fb11000 	C:\WINDOWS\SYSTEM32\xinput1_4.dll
0x00007ffa6e620000 - 0x00007ffa6e653000 	C:\WINDOWS\SYSTEM32\DEVOBJ.dll
0x00007ffa60230000 - 0x00007ffa60382000 	C:\WINDOWS\SYSTEM32\inputhost.dll
0x00007ffa6ad00000 - 0x00007ffa6adf2000 	C:\WINDOWS\SYSTEM32\CoreMessaging.dll
0x00007ffa6b9f0000 - 0x00007ffa6bae6000 	C:\WINDOWS\SYSTEM32\PROPSYS.dll
0x00007ffa6b0c0000 - 0x00007ffa6b217000 	C:\WINDOWS\SYSTEM32\wintypes.dll
0x00007ffa6a850000 - 0x00007ffa6abab000 	C:\WINDOWS\SYSTEM32\CoreUIComponents.dll
0x00007ffa6d9b0000 - 0x00007ffa6d9e3000 	C:\WINDOWS\SYSTEM32\ntmarta.dll
0x00007ffa5a460000 - 0x00007ffa5a477000 	C:\WINDOWS\system32\napinsp.dll
0x00007ffa59d20000 - 0x00007ffa59d3b000 	C:\WINDOWS\system32\pnrpnsp.dll
0x00007ffa6ae00000 - 0x00007ffa6ae15000 	C:\WINDOWS\system32\wshbth.dll
0x00007ffa681b0000 - 0x00007ffa681cd000 	C:\WINDOWS\system32\NLAapi.dll
0x00007ffa6dc50000 - 0x00007ffa6dc8b000 	C:\WINDOWS\SYSTEM32\IPHLPAPI.DLL
0x00007ffa6dc90000 - 0x00007ffa6dd5a000 	C:\WINDOWS\SYSTEM32\DNSAPI.dll
0x00007ffa6f620000 - 0x00007ffa6f628000 	C:\WINDOWS\System32\NSI.dll
0x00007ffa59c00000 - 0x00007ffa59c12000 	C:\WINDOWS\System32\winrnr.dll
0x00007ffa64620000 - 0x00007ffa6462a000 	C:\Windows\System32\rasadhlp.dll
0x00007ffa66a10000 - 0x00007ffa66a90000 	C:\WINDOWS\System32\fwpuclnt.dll
0x00007ffa70620000 - 0x00007ffa706c9000 	C:\WINDOWS\System32\clbcatq.dll
0x00007ffa66d60000 - 0x00007ffa66e62000 	C:\Windows\System32\AppXDeploymentClient.dll
0x00007ffa577c0000 - 0x00007ffa577ea000 	C:\WINDOWS\System32\DriverStore\FileRepository\c0360470.inf_amd64_b06c374aee20d185\B360357\atig6pxx.dll
0x00007ffa0d950000 - 0x00007ffa10637000 	C:\WINDOWS\System32\DriverStore\FileRepository\c0360470.inf_amd64_b06c374aee20d185\B360357\atio6axx.dll
0x00007ffa708b0000 - 0x00007ffa70d1e000 	C:\WINDOWS\System32\SETUPAPI.dll
0x00007ffa5ff20000 - 0x00007ffa5ff44000 	C:\WINDOWS\SYSTEM32\dxva2.dll
0x00007ffa55030000 - 0x00007ffa5506c000 	C:\WINDOWS\System32\DriverStore\FileRepository\c0360470.inf_amd64_b06c374aee20d185\B360357\atig6txx.dll
0x00007ffa31e60000 - 0x00007ffa32019000 	C:\WINDOWS\SYSTEM32\atiadlxx.dll
0x00007ffa6f870000 - 0x00007ffa6f878000 	C:\WINDOWS\System32\PSAPI.DLL
0x00007ffa6e9f0000 - 0x00007ffa6ea59000 	C:\WINDOWS\System32\WINTRUST.dll
0x00007ffa6ebb0000 - 0x00007ffa6ed0e000 	C:\WINDOWS\System32\CRYPT32.dll
0x00007ffa6e570000 - 0x00007ffa6e582000 	C:\WINDOWS\SYSTEM32\MSASN1.dll
0x00007ffa4c5a0000 - 0x00007ffa4c5fe000 	C:\Users\Samuel.Walker-1\AppData\Local\Temp\lwjgl_Samuel\3.3.2+13\x64\lwjgl_opengl.dll
0x00007ffa475d0000 - 0x00007ffa47643000 	C:\Users\Samuel.Walker-1\AppData\Local\Temp\lwjgl_Samuel\3.3.2+13\x64\lwjgl_nuklear.dll
0x00007ffa44790000 - 0x00007ffa44812000 	C:\Users\Samuel.Walker-1\AppData\Local\Temp\lwjgl_Samuel\3.3.2+13\x64\lwjgl_stb.dll
0x00007ffa676f0000 - 0x00007ffa6779e000 	C:\WINDOWS\SYSTEM32\mscms.dll
0x00007ffa6e740000 - 0x00007ffa6e76e000 	C:\WINDOWS\SYSTEM32\USERENV.dll
0x00007ffa676d0000 - 0x00007ffa676e1000 	C:\WINDOWS\SYSTEM32\ColorAdapterClient.dll
0x00007ffa68a90000 - 0x00007ffa68ad6000 	C:\WINDOWS\SYSTEM32\icm32.dll
0x00007ffa6e530000 - 0x00007ffa6e548000 	C:\WINDOWS\SYSTEM32\CRYPTSP.dll
0x00007ffa6d890000 - 0x00007ffa6d8c4000 	C:\WINDOWS\system32\rsaenh.dll
0x00007ffa6e0e0000 - 0x00007ffa6e0ec000 	C:\WINDOWS\SYSTEM32\CRYPTBASE.dll
0x00007ffa67580000 - 0x00007ffa67597000 	C:\WINDOWS\SYSTEM32\dhcpcsvc6.DLL
0x00007ffa675d0000 - 0x00007ffa675ed000 	C:\WINDOWS\SYSTEM32\dhcpcsvc.DLL
0x00007ffa6a4b0000 - 0x00007ffa6a4c4000 	C:\WINDOWS\system32\Wtsapi32.dll
0x00007ffa6d510000 - 0x00007ffa6d56b000 	C:\WINDOWS\SYSTEM32\WINSTA.dll
0x00007ffa60790000 - 0x00007ffa6079e000 	C:\Users\Samuel.Walker-1\.jdks\corretto-17.0.11\bin\sunmscapi.dll
0x00007ffa6e1e0000 - 0x00007ffa6e209000 	C:\WINDOWS\SYSTEM32\ncrypt.dll
0x00007ffa6e1a0000 - 0x00007ffa6e1db000 	C:\WINDOWS\SYSTEM32\NTASN1.dll
0x00007ffa60390000 - 0x00007ffa60489000 	C:\WINDOWS\SYSTEM32\textinputframework.dll

dbghelp: loaded successfully - version: 4.0.5 - missing functions: none
symbol engine: initialized successfully - sym options: 0x614 - pdb path: .;C:\Users\Samuel.Walker-1\.jdks\corretto-17.0.11\bin;C:\WINDOWS\SYSTEM32;C:\WINDOWS\WinSxS\amd64_microsoft.windows.common-controls_6595b64144ccf1df_6.0.19041.4355_none_60b8b9eb71f62e16;C:\Users\Samuel.Walker-1\.jdks\corretto-17.0.11\bin\server;C:\Program Files\JetBrains\IntelliJ IDEA Community Edition 2024.1\bin;C:\Users\Samuel.Walker-1\AppData\Local\Temp\lwjgl_Samuel\3.3.2+13\x64;C:\Users\SAMUEL~1.WAL\AppData\Local\Temp\lwjgl_Samuel\3.3.2+13\x64;C:\WINDOWS\System32\DriverStore\FileRepository\c0360470.inf_amd64_b06c374aee20d185\B360357

VM Arguments:
jvm_args: -javaagent:C:\Program Files\JetBrains\IntelliJ IDEA Community Edition 2024.1\lib\idea_rt.jar=49168:C:\Program Files\JetBrains\IntelliJ IDEA Community Edition 2024.1\bin -Dfile.encoding=UTF-8 
java_command: com.xbuilders.Main devmode loadWorldOnStartup
java_class_path (initial): D:\xbuilders\target\classes;C:\Users\Samuel.Walker-1\.m2\repository\com\esotericsoftware\kryo\5.6.2\kryo-5.6.2.jar;C:\Users\Samuel.Walker-1\.m2\repository\com\esotericsoftware\reflectasm\1.11.9\reflectasm-1.11.9.jar;C:\Users\Samuel.Walker-1\.m2\repository\org\objenesis\objenesis\3.4\objenesis-3.4.jar;C:\Users\Samuel.Walker-1\.m2\repository\com\esotericsoftware\minlog\1.3.1\minlog-1.3.1.jar;C:\Users\Samuel.Walker-1\.m2\repository\io\netty\netty-all\4.1.116.Final\netty-all-4.1.116.Final.jar;C:\Users\Samuel.Walker-1\.m2\repository\io\netty\netty-buffer\4.1.116.Final\netty-buffer-4.1.116.Final.jar;C:\Users\Samuel.Walker-1\.m2\repository\io\netty\netty-codec\4.1.116.Final\netty-codec-4.1.116.Final.jar;C:\Users\Samuel.Walker-1\.m2\repository\io\netty\netty-codec-dns\4.1.116.Final\netty-codec-dns-4.1.116.Final.jar;C:\Users\Samuel.Walker-1\.m2\repository\io\netty\netty-codec-haproxy\4.1.116.Final\netty-codec-haproxy-4.1.116.Final.jar;C:\Users\Samuel.Walker-1\.m2\repository\io\netty\netty-codec-http\4.1.116.Final\netty-codec-http-4.1.116.Final.jar;C:\Users\Samuel.Walker-1\.m2\repository\io\netty\netty-codec-http2\4.1.116.Final\netty-codec-http2-4.1.116.Final.jar;C:\Users\Samuel.Walker-1\.m2\repository\io\netty\netty-codec-memcache\4.1.116.Final\netty-codec-memcache-4.1.116.Final.jar;C:\Users\Samuel.Walker-1\.m2\repository\io\netty\netty-codec-mqtt\4.1.116.Final\netty-codec-mqtt-4.1.116.Final.jar;C:\Users\Samuel.Walker-1\.m2\repository\io\netty\netty-codec-redis\4.1.116.Final\netty-codec-redis-4.1.116.Final.jar;C:\Users\Samuel.Walker-1\.m2\repository\io\netty\netty-codec-smtp\4.1.116.Final\netty-codec-smtp-4.1.116.Final.jar;C:\Users\Samuel.Walker-1\.m2\repository\io\netty\netty-codec-socks\4.1.116.Final\netty-codec-socks-4.1.116.Final.jar;C:\Users\Samuel.Walker-1\.m2\repository\io\netty\netty-codec-stomp\4.1.116.Final\netty-codec-stomp-4.1.116.Final.jar;C:\Users\Samuel.Walker-1\.m2\repository\io\netty\netty-codec-xml\4.1.116.Final\netty-codec-xml-
Launcher Type: SUN_STANDARD

[Global flags]
     intx CICompilerCount                          = 3                                         {product} {ergonomic}
     uint ConcGCThreads                            = 1                                         {product} {ergonomic}
     uint G1ConcRefinementThreads                  = 4                                         {product} {ergonomic}
   size_t G1HeapRegionSize                         = 2097152                                   {product} {ergonomic}
    uintx GCDrainStackTargetSize                   = 64                                        {product} {ergonomic}
   size_t InitialHeapSize                          = 268435456                                 {product} {ergonomic}
   size_t MarkStackSize                            = 4194304                                   {product} {ergonomic}
   size_t MaxHeapSize                              = 4280287232                                {product} {ergonomic}
   size_t MaxNewSize                               = 2566914048                                {product} {ergonomic}
   size_t MinHeapDeltaBytes                        = 2097152                                   {product} {ergonomic}
   size_t MinHeapSize                              = 8388608                                   {product} {ergonomic}
    uintx NonNMethodCodeHeapSize                   = 5832780                                {pd product} {ergonomic}
    uintx NonProfiledCodeHeapSize                  = 122912730                              {pd product} {ergonomic}
    uintx ProfiledCodeHeapSize                     = 122912730                              {pd product} {ergonomic}
    uintx ReservedCodeCacheSize                    = 251658240                              {pd product} {ergonomic}
     bool SegmentedCodeCache                       = true                                      {product} {ergonomic}
   size_t SoftMaxHeapSize                          = 4280287232                             {manageable} {ergonomic}
     bool UseCompressedClassPointers               = true                           {product lp64_product} {ergonomic}
     bool UseCompressedOops                        = true                           {product lp64_product} {ergonomic}
     bool UseG1GC                                  = true                                      {product} {ergonomic}
     bool UseLargePagesIndividualAllocation        = false                                  {pd product} {ergonomic}

Logging:
Log output configuration:
 #0: stdout all=warning uptime,level,tags
 #1: stderr all=off uptime,level,tags

Environment Variables:
JAVA_HOME=C:\Program Files\Java\jdk1.8.0_221
PATH=C:\Program Files\Common Files\Oracle\Java\javapath;C:\Program Files (x86)\AMD APP\bin\x86_64;C:\Program Files (x86)\AMD APP\bin\x86;C:\WINDOWS\system32;C:\WINDOWS;C:\WINDOWS\System32\Wbem;C:\WINDOWS\System32\WindowsPowerShell\v1.0\;C:\Program Files (x86)\Microsoft ASP.NET\ASP.NET Web Pages\v1.0\;C:\Program Files\Microsoft SQL Server\110\Tools\Binn\;C:\Program Files (x86)\Microsoft SQL Server\110\Tools\Binn\;C:\Program Files (x86)\Microsoft SQL Server\110\DTS\Binn\;C:\Program Files (x86)\Microsoft SQL Server\110\Tools\Binn\ManagementStudio\;C:\Program Files (x86)\ATI Technologies\ATI.ACE\Core-Static;C:\Program Files\Microsoft\Web Platform Installer\;C:\Program Files\Microsoft SQL Server\120\Tools\Binn\;C:\Program Files (x86)\QuickTime\QTSystem\;C:\Program Files (x86)\AMD\ATI.ACE\Core-Static;C:\Program Files (x86)\Skype\Phone\;C:\Program Files (x86)\Heroku\bin;C:\Program Files (x86)\git\cmd;C:\Program Files\Microsoft SQL Server\130\Tools\Binn\;C:\Program Files\dotnet\;C:\Program Files (x86)\IVI Foundation\VISA\WinNT\Bin;C:\WINDOWS\System32\OpenSSH\;C:\Program Files\Microsoft VS Code\bin;C:\Program Files\nodejs\;C:\Program Files\Java\jdk1.8.0_221\bin;C:\Program Files\heroku\bin;C:\Program Files\PuTTY\;C:\Program Files\Docker\Docker\resources\bin;C:\Program Files (x86)\Windows Kits\10\Windows Performance Toolkit\;C:\Program Files\Git\cmd;C:\Users\Samuel.Walker-1\AppData\Local\Microsoft\WindowsApps;C:\Users\Samuel.Walker-1\AppData\Local\GitHubDesktop\bin
USERNAME=Samuel
OS=Windows_NT
PROCESSOR_IDENTIFIER=Intel64 Family 6 Model 58 Stepping 9, GenuineIntel
TMP=C:\Users\SAMUEL~1.WAL\AppData\Local\Temp
TEMP=C:\Users\SAMUEL~1.WAL\AppData\Local\Temp



Periodic native trim disabled


---------------  S Y S T E M  ---------------

OS:
 Windows 10 , 64 bit Build 19041 (10.0.19041.4717)
OS uptime: 10 days 19:16 hours
Hyper-V role detected

CPU: total 4 (initial active 4) (4 cores per cpu, 1 threads per core) family 6 model 58 stepping 9 microcode 0x21, cx8, cmov, fxsr, mmx, sse, sse2, sse3, ssse3, sse4.1, sse4.2, popcnt, tsc, tscinvbit, avx, aes, erms, clmul, vzeroupper, clflush, hv
Processor Information for all 4 processors :
  Max Mhz: 3401, Current Mhz: 3401, Mhz Limit: 3401

Memory: 4k page, system-wide physical 16327M (6239M free)
TotalPageFile size 18759M (AvailPageFile size 3972M)
current process WorkingSet (physical memory assigned to process): 497M, peak: 497M
current process commit charge ("private bytes"): 932M, peak: 935M

vm_info: OpenJDK 64-Bit Server VM (17.0.11+9-LTS) for windows-amd64 JRE (17.0.11+9-LTS), built on Apr 10 2024 22:12:24 by "Administrator" with MS VC++ 16.10 / 16.11 (VS2019)

END.
