#
# A fatal error has been detected by the Java Runtime Environment:
#
#  EXCEPTION_ACCESS_VIOLATION (0xc0000005) at pc=0x00007ffe4f04cbad, pid=15996, tid=5924
#
# JRE version: OpenJDK Runtime Environment Corretto-17.0.12.7.1 (17.0.12+7) (build 17.0.12+7-LTS)
# Java VM: OpenJDK 64-Bit Server VM Corretto-17.0.12.7.1 (17.0.12+7-LTS, mixed mode, sharing, tiered, compressed oops, compressed class ptrs, g1 gc, windows-amd64)
# Problematic frame:
# C  [lwjgl_nuklear.dll+0x1cbad]
#
# No core dump will be written. Minidumps are not enabled by default on client versions of Windows
#
# If you would like to submit a bug report, please visit:
#   https://github.com/corretto/corretto-17/issues/
# The crash happened outside the Java Virtual Machine in native code.
# See problematic frame for where to report the bug.
#

---------------  S U M M A R Y ------------

Command Line: -javaagent:C:\Program Files\JetBrains\IntelliJ IDEA Community Edition 2024.1.4\lib\idea_rt.jar=60424:C:\Program Files\JetBrains\IntelliJ IDEA Community Edition 2024.1.4\bin -Dfile.encoding=UTF-8 com.xbuilders.game.Main devmode

Host: AMD Ryzen 7 5700U with Radeon Graphics         , 16 cores, 15G,  Windows 11 , 64 bit Build 22621 (10.0.22621.3958)
Time: Wed Jul 31 20:12:45 2024 Mountain Daylight Time elapsed time: 8.444541 seconds (0d 0h 0m 8s)

---------------  T H R E A D  ---------------

Current thread (0x000001a6feb248e0):  JavaThread "main" [_thread_in_native, id=5924, stack(0x0000002db1e00000,0x0000002db1f00000)]

Stack: [0x0000002db1e00000,0x0000002db1f00000],  sp=0x0000002db1efed80,  free space=1019k
Native frames: (J=compiled Java code, j=interpreted, Vv=VM code, C=native code)
C  [lwjgl_nuklear.dll+0x1cbad]

Java frames: (J=compiled Java code, j=interpreted, Vv=VM code)
j  org.lwjgl.nuklear.Nuklear.nnk_group_end(J)V+0
j  org.lwjgl.nuklear.Nuklear.nk_group_end(Lorg/lwjgl/nuklear/NkContext;)V+4
j  com.xbuilders.game.blockTools.BlockToolPallete.optionsGroup(Lorg/lwjgl/system/MemoryStack;Lorg/lwjgl/nuklear/NkRect;Lcom/xbuilders/game/blockTools/BlockTool;)V+28
j  com.xbuilders.game.blockTools.BlockToolPallete.draw(Lorg/lwjgl/system/MemoryStack;)V+481
j  com.xbuilders.game.blockTools.BlockTools.draw(Lorg/lwjgl/system/MemoryStack;)V+136
j  com.xbuilders.game.MyGame.uiDraw(Lorg/lwjgl/system/MemoryStack;)V+23
j  com.xbuilders.engine.ui.gameScene.GameUI.draw()V+71
j  com.xbuilders.engine.gameScene.GameScene.render()V+188
j  com.xbuilders.game.Main.render()V+9
j  com.xbuilders.game.Main.<init>()V+321
j  com.xbuilders.game.Main.main([Ljava/lang/String;)V+222
v  ~StubRoutines::call_stub

siginfo: EXCEPTION_ACCESS_VIOLATION (0xc0000005), reading address 0x0000000000000044


Registers:
RAX=0x0000002db1efedb0, RBX=0x000001a6e856d010, RCX=0x0000000000000000, RDX=0x0000000000000010
RSP=0x0000002db1efed80, RBP=0x0000002db1efee80, RSI=0x000001a6f2d70410, RDI=0x000001a6f2d70a10
R8 =0x00000000000000c8, R9 =0x00000000000000e0, R10=0x00007ffe4f030000, R11=0x00007ffe4f06c511
R12=0x0000000000000000, R13=0x000001a6e4d16c80, R14=0x000001a6f2d70478, R15=0x0000000000000000
RIP=0x00007ffe4f04cbad, EFLAGS=0x0000000000010202


Register to memory mapping:

RIP=0x00007ffe4f04cbad lwjgl_nuklear.dll
RAX=0x0000002db1efedb0 is pointing into the stack for thread: 0x000001a6feb248e0
RBX=0x000001a6e856d010 points into unknown readable memory: 0x0000000000000000 | 00 00 00 00 00 00 00 00
RCX=0x0 is NULL
RDX=0x0000000000000010 is an unknown value
RSP=0x0000002db1efed80 is pointing into the stack for thread: 0x000001a6feb248e0
RBP=0x0000002db1efee80 is pointing into the stack for thread: 0x000001a6feb248e0
RSI=0x000001a6f2d70410 points into unknown readable memory: 0x54ffb984000000f8 | f8 00 00 00 84 b9 ff 54
RDI=0x000001a6f2d70a10 points into unknown readable memory: 0x0000002000000001 | 01 00 00 00 20 00 00 00
R8 =0x00000000000000c8 is an unknown value
R9 =0x00000000000000e0 is an unknown value
R10=0x00007ffe4f030000 lwjgl_nuklear.dll
R11=0x00007ffe4f06c511 lwjgl_nuklear.dll
R12=0x0 is NULL
R13={method} {0x000001a6e4d16c88} 'nnk_group_end' '(J)V' in 'org/lwjgl/nuklear/Nuklear'
R14=0x000001a6f2d70478 points into unknown readable memory: 0x000001a6e856f340 | 40 f3 56 e8 a6 01 00 00
R15=0x0 is NULL


Top of Stack: (sp=0x0000002db1efed80)
0x0000002db1efed80:   0000000000000000 0000000000000004
0x0000002db1efed90:   000001a6e4d1c298 0000000000000000
0x0000002db1efeda0:   000001a6f2d70478 00007ffe4f033c39
0x0000002db1efedb0:   0000000000000000 0000000000000000
0x0000002db1efedc0:   0000000000000000 0000000000000000
0x0000002db1efedd0:   0000000000000000 0000000000000000
0x0000002db1efede0:   0000000000000000 0000000000000000
0x0000002db1efedf0:   0000000000000000 4335000000000020
0x0000002db1efee00:   43c2000043880000 0000000042d60000
0x0000002db1efee10:   0000000000000000 000001a6e856f340
0x0000002db1efee20:   4388000043390000 42d6000043be0000
0x0000002db1efee30:   0000000000000001 0000000000000000
0x0000002db1efee40:   00000000000000b0 0000000000000578
0x0000002db1efee50:   0000000000000538 000001a6f2d70a10
0x0000002db1efee60:   0000000000000000 0000000000000000
0x0000002db1efee70:   0000000000000000 0000000000000000
0x0000002db1efee80:   0000000000000000 0000000000000000
0x0000002db1efee90:   0000000000000000 0000000000000000
0x0000002db1efeea0:   0000000000000000 0000000000000000
0x0000002db1efeeb0:   0000000000000000 0000000000000000
0x0000002db1efeec0:   0000000000000000 0000000000000000
0x0000002db1efeed0:   0000000000000000 0000000000000000
0x0000002db1efeee0:   0000000000000000 0000000000000000
0x0000002db1efeef0:   0000000000000000 0000000000000000
0x0000002db1efef00:   0000000000000000 0000000000000000
0x0000002db1efef10:   0000000000000000 0000000000000000
0x0000002db1efef20:   0000000000000000 0000000000000000
0x0000002db1efef30:   0000000000000000 0000000000000000
0x0000002db1efef40:   0000000000000000 0000000000000000
0x0000002db1efef50:   0000000000000000 0000000000000000
0x0000002db1efef60:   0000000000000000 0000000000000000
0x0000002db1efef70:   0000000000000000 0000000000000000 

Instructions: (pc=0x00007ffe4f04cbad)
0x00007ffe4f04caad:   f3 0f 10 6f 08 f3 0f 5c ee f3 0f 11 6c 24 7c f3
0x00007ffe4f04cabd:   0f 58 5f 10 f3 0f 11 5d 84 f3 0f 10 57 14 f3 0f
0x00007ffe4f04cacd:   58 57 38 f3 0f 58 57 60 f3 0f 11 55 88 f6 47 04
0x00007ffe4f04cadd:   01 74 3f f3 0f 5c 6f 3c f3 0f 11 6c 24 7c f3 0f
0x00007ffe4f04caed:   5c 67 3c f3 0f 11 65 80 f3 0f 10 47 3c f3 0f 58
0x00007ffe4f04cafd:   c0 f3 0f 58 c3 f3 0f 11 45 84 0f 28 d8 f3 0f 10
0x00007ffe4f04cb0d:   4f 3c f3 0f 58 c9 f3 0f 58 ca f3 0f 11 4d 88 0f
0x00007ffe4f04cb1d:   28 d1 f6 47 04 20 75 1a f3 0f 58 9b e4 22 00 00
0x00007ffe4f04cb2d:   f3 0f 58 93 e8 22 00 00 f3 0f 11 5d 84 f3 0f 11
0x00007ffe4f04cb3d:   55 88 48 8b 47 18 4c 8d 76 68 44 0f 28 cd f3 0f
0x00007ffe4f04cb4d:   58 dd f3 0f 58 d4 44 0f 28 d4 8b 08 89 4d 8c 48
0x00007ffe4f04cb5d:   8b 47 20 f3 0f 58 d6 0f 57 f6 8b 08 89 4d 90 8b
0x00007ffe4f04cb6d:   47 04 89 44 24 78 48 8d 44 24 30 41 0f 10 06 0f
0x00007ffe4f04cb7d:   11 45 98 41 0f 10 4e 10 0f 11 4d a8 41 0f 10 46
0x00007ffe4f04cb8d:   20 0f 11 45 b8 41 0f 10 4e 30 48 89 7d d8 48 89
0x00007ffe4f04cb9d:   b5 00 01 00 00 0f 11 4d c8 48 89 83 b8 45 00 00
0x00007ffe4f04cbad:   f3 45 0f 10 47 44 f3 41 0f 10 7f 48 f3 45 0f 5f
0x00007ffe4f04cbbd:   c8 f3 45 0f 58 47 4c f3 44 0f 5f d7 f3 41 0f 58
0x00007ffe4f04cbcd:   7f 50 f3 44 0f 5d c3 f3 0f 5d fa f3 45 0f 5c c1
0x00007ffe4f04cbdd:   f3 41 0f 5c fa 44 0f 2f c6 77 04 45 0f 57 c0 0f
0x00007ffe4f04cbed:   2f fe 77 03 0f 57 ff ba 01 00 00 00 f3 44 0f 11
0x00007ffe4f04cbfd:   4d a0 48 8d 4d 98 f3 44 0f 11 55 a4 f3 44 0f 11
0x00007ffe4f04cc0d:   45 a8 f3 0f 11 7d ac 44 8d 42 1f e8 b3 6f fe ff
0x00007ffe4f04cc1d:   48 8b d0 48 85 c0 74 2c f3 41 0f 2c c9 f3 44 0f
0x00007ffe4f04cc2d:   5f c6 66 89 48 18 f3 0f 5f fe f3 41 0f 2c ca 66
0x00007ffe4f04cc3d:   89 48 1a f3 41 0f 2c c8 66 89 48 1c f3 0f 2c c7
0x00007ffe4f04cc4d:   66 89 42 1e 48 8b 83 b8 45 00 00 48 85 c0 74 43
0x00007ffe4f04cc5d:   48 8b 88 a8 00 00 00 48 85 c9 74 2c 83 39 01 75
0x00007ffe4f04cc6d:   09 f7 40 48 00 20 00 00 75 1e 48 8b cb e8 d1 a9
0x00007ffe4f04cc7d:   ff ff 48 8b 93 b8 45 00 00 48 8b cb 48 8b 92 a8
0x00007ffe4f04cc8d:   00 00 00 e8 9b 95 ff ff 48 c7 83 b8 45 00 00 00
0x00007ffe4f04cc9d:   00 00 00 0f 10 45 98 41 0f 11 06 0f 10 4d a8 41 


Stack slot to memory mapping:
stack at sp + 0 slots: 0x0 is NULL
stack at sp + 1 slots: 0x0000000000000004 is an unknown value
stack at sp + 2 slots: {method} {0x000001a6e4d1c2a0} 'nnk_button_image' '(JJ)Z' in 'org/lwjgl/nuklear/Nuklear'
stack at sp + 3 slots: 0x0 is NULL
stack at sp + 4 slots: 0x000001a6f2d70478 points into unknown readable memory: 0x000001a6e856f340 | 40 f3 56 e8 a6 01 00 00
stack at sp + 5 slots: 0x00007ffe4f033c39 lwjgl_nuklear.dll
stack at sp + 6 slots: 0x0 is NULL
stack at sp + 7 slots: 0x0 is NULL


---------------  P R O C E S S  ---------------

Threads class SMR info:
_java_thread_list=0x000001a6fbc255d0, length=33, elements={
0x000001a6feb248e0, 0x000001a6a212dab0, 0x000001a6a212e730, 0x000001a6a213ecc0,
0x000001a6a213f7e0, 0x000001a6a21401a0, 0x000001a6a2140b60, 0x000001a6a2141900,
0x000001a6a21429c0, 0x000001a6a2154c10, 0x000001a6a1ef3fd0, 0x000001a6a22549d0,
0x000001a6a2256fb0, 0x000001a6a286ca90, 0x000001a6a286cf70, 0x000001a6e80163c0,
0x000001a6e80b3d40, 0x000001a6f1ca3f80, 0x000001a6f1ca11f0, 0x000001a6f1ca3050,
0x000001a6f1ca2b40, 0x000001a6f1ca2120, 0x000001a6f1ca1700, 0x000001a6f1ca49a0,
0x000001a6fb3d5cc0, 0x000001a6fb3d2a20, 0x000001a6fb3d01a0, 0x000001a6fb3d2f30,
0x000001a6fb3d3440, 0x000001a6fb3d3950, 0x000001a6fb3d06b0, 0x000001a6fb3d3e60,
0x000001a71142a820
}

Java Threads: ( => current thread )
=>0x000001a6feb248e0 JavaThread "main" [_thread_in_native, id=5924, stack(0x0000002db1e00000,0x0000002db1f00000)]
  0x000001a6a212dab0 JavaThread "Reference Handler" daemon [_thread_blocked, id=12628, stack(0x0000002db2500000,0x0000002db2600000)]
  0x000001a6a212e730 JavaThread "Finalizer" daemon [_thread_blocked, id=13848, stack(0x0000002db2600000,0x0000002db2700000)]
  0x000001a6a213ecc0 JavaThread "Signal Dispatcher" daemon [_thread_blocked, id=18840, stack(0x0000002db2700000,0x0000002db2800000)]
  0x000001a6a213f7e0 JavaThread "Attach Listener" daemon [_thread_blocked, id=4924, stack(0x0000002db2800000,0x0000002db2900000)]
  0x000001a6a21401a0 JavaThread "Service Thread" daemon [_thread_blocked, id=3212, stack(0x0000002db2900000,0x0000002db2a00000)]
  0x000001a6a2140b60 JavaThread "Monitor Deflation Thread" daemon [_thread_blocked, id=11100, stack(0x0000002db2a00000,0x0000002db2b00000)]
  0x000001a6a2141900 JavaThread "C2 CompilerThread0" daemon [_thread_blocked, id=19428, stack(0x0000002db2b00000,0x0000002db2c00000)]
  0x000001a6a21429c0 JavaThread "C1 CompilerThread0" daemon [_thread_blocked, id=9048, stack(0x0000002db2c00000,0x0000002db2d00000)]
  0x000001a6a2154c10 JavaThread "Sweeper thread" daemon [_thread_blocked, id=10140, stack(0x0000002db2d00000,0x0000002db2e00000)]
  0x000001a6a1ef3fd0 JavaThread "Common-Cleaner" daemon [_thread_blocked, id=12488, stack(0x0000002db2e00000,0x0000002db2f00000)]
  0x000001a6a22549d0 JavaThread "C1 CompilerThread1" daemon [_thread_blocked, id=14328, stack(0x0000002db2f00000,0x0000002db3000000)]
  0x000001a6a2256fb0 JavaThread "C1 CompilerThread2" daemon [_thread_blocked, id=2884, stack(0x0000002db3000000,0x0000002db3100000)]
  0x000001a6a286ca90 JavaThread "Monitor Ctrl-Break" daemon [_thread_in_native, id=19016, stack(0x0000002db3200000,0x0000002db3300000)]
  0x000001a6a286cf70 JavaThread "Notification Thread" daemon [_thread_blocked, id=6756, stack(0x0000002db3300000,0x0000002db3400000)]
  0x000001a6e80163c0 JavaThread "Java2D Disposer" daemon [_thread_blocked, id=4952, stack(0x0000002db3500000,0x0000002db3600000)]
  0x000001a6e80b3d40 JavaThread "AWT-Windows" daemon [_thread_in_native, id=6784, stack(0x0000002db3700000,0x0000002db3800000)]
  0x000001a6f1ca3f80 JavaThread "Keep-Alive-Timer" daemon [_thread_blocked, id=13776, stack(0x0000002db5500000,0x0000002db5600000)]
  0x000001a6f1ca11f0 JavaThread "Generation Thread" daemon [_thread_blocked, id=3704, stack(0x0000002db3600000,0x0000002db3700000)]
  0x000001a6f1ca3050 JavaThread "Generation Thread" daemon [_thread_blocked, id=7836, stack(0x0000002db5600000,0x0000002db5700000)]
  0x000001a6f1ca2b40 JavaThread "Generation Thread" daemon [_thread_blocked, id=14356, stack(0x0000002db5700000,0x0000002db5800000)]
  0x000001a6f1ca2120 JavaThread "Generation Thread" daemon [_thread_blocked, id=8216, stack(0x0000002db5800000,0x0000002db5900000)]
  0x000001a6f1ca1700 JavaThread "Generation Thread" daemon [_thread_blocked, id=21028, stack(0x0000002db5900000,0x0000002db5a00000)]
  0x000001a6f1ca49a0 JavaThread "Generation Thread" daemon [_thread_blocked, id=11668, stack(0x0000002db5a00000,0x0000002db5b00000)]
  0x000001a6fb3d5cc0 JavaThread "Generation Thread" daemon [_thread_blocked, id=7600, stack(0x0000002db5b00000,0x0000002db5c00000)]
  0x000001a6fb3d2a20 JavaThread "Generation Thread" daemon [_thread_blocked, id=12200, stack(0x0000002db5c00000,0x0000002db5d00000)]
  0x000001a6fb3d01a0 JavaThread "Generation Thread" daemon [_thread_blocked, id=5852, stack(0x0000002db5d00000,0x0000002db5e00000)]
  0x000001a6fb3d2f30 JavaThread "Generation Thread" daemon [_thread_blocked, id=15884, stack(0x0000002db5e00000,0x0000002db5f00000)]
  0x000001a6fb3d3440 JavaThread "Generation Thread" daemon [_thread_blocked, id=4640, stack(0x0000002db5f00000,0x0000002db6000000)]
  0x000001a6fb3d3950 JavaThread "Generation Thread" daemon [_thread_blocked, id=11116, stack(0x0000002db6000000,0x0000002db6100000)]
  0x000001a6fb3d06b0 JavaThread "Light Thread" daemon [_thread_blocked, id=9660, stack(0x0000002db6200000,0x0000002db6300000)]
  0x000001a6fb3d3e60 JavaThread "Mesh Thread" daemon [_thread_blocked, id=6172, stack(0x0000002db6300000,0x0000002db6400000)]
  0x000001a71142a820 JavaThread "C1 CompilerThread3" daemon [_thread_blocked, id=9340, stack(0x0000002db6600000,0x0000002db6700000)]

Other Threads:
  0x000001a6a2128fa0 VMThread "VM Thread" [stack: 0x0000002db2400000,0x0000002db2500000] [id=3060]
  0x000001a6a2711e20 WatcherThread [stack: 0x0000002db3400000,0x0000002db3500000] [id=13844]
  0x000001a6feb8d7d0 GCTaskThread "GC Thread#0" [stack: 0x0000002db1f00000,0x0000002db2000000] [id=4180]
  0x000001a6e83eef20 GCTaskThread "GC Thread#1" [stack: 0x0000002db4500000,0x0000002db4600000] [id=13372]
  0x000001a6e83ef5f0 GCTaskThread "GC Thread#2" [stack: 0x0000002db4600000,0x0000002db4700000] [id=9528]
  0x000001a6e85715f0 GCTaskThread "GC Thread#3" [stack: 0x0000002db4700000,0x0000002db4800000] [id=21428]
  0x000001a6e85718b0 GCTaskThread "GC Thread#4" [stack: 0x0000002db4800000,0x0000002db4900000] [id=15184]
  0x000001a6e8572790 GCTaskThread "GC Thread#5" [stack: 0x0000002db4900000,0x0000002db4a00000] [id=12688]
  0x000001a6e844d890 GCTaskThread "GC Thread#6" [stack: 0x0000002db4a00000,0x0000002db4b00000] [id=7044]
  0x000001a6e844ff60 GCTaskThread "GC Thread#7" [stack: 0x0000002db4b00000,0x0000002db4c00000] [id=10796]
  0x000001a6e8450220 GCTaskThread "GC Thread#8" [stack: 0x0000002db4c00000,0x0000002db4d00000] [id=8040]
  0x000001a6e8450900 GCTaskThread "GC Thread#9" [stack: 0x0000002db4d00000,0x0000002db4e00000] [id=16596]
  0x000001a6f16dc770 GCTaskThread "GC Thread#10" [stack: 0x0000002db5000000,0x0000002db5100000] [id=16392]
  0x000001a6f16dd270 GCTaskThread "GC Thread#11" [stack: 0x0000002db5100000,0x0000002db5200000] [id=4264]
  0x000001a6f16dc1f0 GCTaskThread "GC Thread#12" [stack: 0x0000002db5200000,0x0000002db5300000] [id=11928]
  0x000001a6feb9ec70 ConcurrentGCThread "G1 Main Marker" [stack: 0x0000002db2000000,0x0000002db2100000] [id=2984]
  0x000001a6feb9f690 ConcurrentGCThread "G1 Conc#0" [stack: 0x0000002db2100000,0x0000002db2200000] [id=8932]
  0x000001a6f16dccf0 ConcurrentGCThread "G1 Conc#1" [stack: 0x0000002db4400000,0x0000002db4500000] [id=20580]
  0x000001a6f16dcfb0 ConcurrentGCThread "G1 Conc#2" [stack: 0x0000002db5300000,0x0000002db5400000] [id=11064]
  0x000001a6a1dbe6a0 ConcurrentGCThread "G1 Refine#0" [stack: 0x0000002db2200000,0x0000002db2300000] [id=21248]
  0x000001a6a1dc0ef0 ConcurrentGCThread "G1 Service" [stack: 0x0000002db2300000,0x0000002db2400000] [id=7060]

Threads with active compile tasks:

VM state: not at safepoint (normal execution)

VM Mutex/Monitor currently owned by a thread: None

Heap address: 0x000000070ac00000, size: 3924 MB, Compressed Oops mode: Zero based, Oop shift amount: 3

CDS archive(s) mapped at: [0x000001a6a3000000-0x000001a6a3bb0000-0x000001a6a3bb0000), size 12255232, SharedBaseAddress: 0x000001a6a3000000, ArchiveRelocationMode: 1.
Compressed class space mapped at: 0x000001a6a4000000-0x000001a6e4000000, reserved size: 1073741824
Narrow klass base: 0x000001a6a3000000, Narrow klass shift: 0, Narrow klass range: 0x100000000

GC Precious Log:
 CPUs: 16 total, 16 available
 Memory: 15695M
 Large Page Support: Disabled
 NUMA Support: Disabled
 Compressed Oops: Enabled (Zero based)
 Heap Region Size: 2M
 Heap Min Capacity: 8M
 Heap Initial Capacity: 246M
 Heap Max Capacity: 3924M
 Pre-touch: Disabled
 Parallel Workers: 13
 Concurrent Workers: 3
 Concurrent Refinement Workers: 13
 Periodic GC: Disabled

Heap:
 garbage-first heap   total 294912K, used 163840K [0x000000070ac00000, 0x0000000800000000)
  region size 2048K, 18 young (36864K), 6 survivors (12288K)
 Metaspace       used 26651K, committed 27072K, reserved 1114112K
  class space    used 2439K, committed 2624K, reserved 1048576K

Heap Regions: E=young(eden), S=young(survivor), O=old, HS=humongous(starts), HC=humongous(continues), CS=collection set, F=free, OA=open archive, CA=closed archive, TAMS=top-at-mark-start (previous, next)
|   0|0x000000070ac00000, 0x000000070ae00000, 0x000000070ae00000|100%| O|  |TAMS 0x000000070ae00000, 0x000000070ac00000| Untracked 
|   1|0x000000070ae00000, 0x000000070b000000, 0x000000070b000000|100%| O|  |TAMS 0x000000070b000000, 0x000000070ae00000| Untracked 
|   2|0x000000070b000000, 0x000000070b200000, 0x000000070b200000|100%| O|  |TAMS 0x000000070b200000, 0x000000070b000000| Untracked 
|   3|0x000000070b200000, 0x000000070b400000, 0x000000070b400000|100%| O|  |TAMS 0x000000070b400000, 0x000000070b200000| Untracked 
|   4|0x000000070b400000, 0x000000070b600000, 0x000000070b600000|100%| O|  |TAMS 0x000000070b600000, 0x000000070b400000| Untracked 
|   5|0x000000070b600000, 0x000000070b800000, 0x000000070b800000|100%| O|  |TAMS 0x000000070b800000, 0x000000070b600000| Untracked 
|   6|0x000000070b800000, 0x000000070ba00000, 0x000000070ba00000|100%| O|  |TAMS 0x000000070ba00000, 0x000000070b800000| Untracked 
|   7|0x000000070ba00000, 0x000000070bc00000, 0x000000070bc00000|100%| O|  |TAMS 0x000000070bc00000, 0x000000070ba00000| Untracked 
|   8|0x000000070bc00000, 0x000000070be00000, 0x000000070be00000|100%| O|  |TAMS 0x000000070be00000, 0x000000070bc00000| Untracked 
|   9|0x000000070be00000, 0x000000070c000000, 0x000000070c000000|100%| O|  |TAMS 0x000000070c000000, 0x000000070be00000| Untracked 
|  10|0x000000070c000000, 0x000000070c200000, 0x000000070c200000|100%| O|  |TAMS 0x000000070c200000, 0x000000070c000000| Untracked 
|  11|0x000000070c200000, 0x000000070c400000, 0x000000070c400000|100%| O|  |TAMS 0x000000070c400000, 0x000000070c200000| Untracked 
|  12|0x000000070c400000, 0x000000070c600000, 0x000000070c600000|100%| O|  |TAMS 0x000000070c400000, 0x000000070c400000| Untracked 
|  13|0x000000070c600000, 0x000000070c800000, 0x000000070c800000|100%| O|  |TAMS 0x000000070c800000, 0x000000070c600000| Untracked 
|  14|0x000000070c800000, 0x000000070ca00000, 0x000000070ca00000|100%| O|  |TAMS 0x000000070ca00000, 0x000000070c800000| Untracked 
|  15|0x000000070ca00000, 0x000000070cc00000, 0x000000070cc00000|100%| O|  |TAMS 0x000000070cc00000, 0x000000070ca00000| Untracked 
|  16|0x000000070cc00000, 0x000000070ce00000, 0x000000070ce00000|100%| O|  |TAMS 0x000000070ce00000, 0x000000070cc00000| Untracked 
|  17|0x000000070ce00000, 0x000000070d000000, 0x000000070d000000|100%| O|  |TAMS 0x000000070d000000, 0x000000070ce00000| Untracked 
|  18|0x000000070d000000, 0x000000070d200000, 0x000000070d200000|100%| O|  |TAMS 0x000000070d200000, 0x000000070d000000| Untracked 
|  19|0x000000070d200000, 0x000000070d400000, 0x000000070d400000|100%| O|  |TAMS 0x000000070d400000, 0x000000070d200000| Untracked 
|  20|0x000000070d400000, 0x000000070d600000, 0x000000070d600000|100%| O|  |TAMS 0x000000070d600000, 0x000000070d400000| Untracked 
|  21|0x000000070d600000, 0x000000070d800000, 0x000000070d800000|100%| O|  |TAMS 0x000000070d800000, 0x000000070d600000| Untracked 
|  22|0x000000070d800000, 0x000000070da00000, 0x000000070da00000|100%| O|  |TAMS 0x000000070da00000, 0x000000070d800000| Untracked 
|  23|0x000000070da00000, 0x000000070dc00000, 0x000000070dc00000|100%| O|  |TAMS 0x000000070dc00000, 0x000000070da00000| Untracked 
|  24|0x000000070dc00000, 0x000000070de00000, 0x000000070de00000|100%| O|  |TAMS 0x000000070de00000, 0x000000070dc00000| Untracked 
|  25|0x000000070de00000, 0x000000070e000000, 0x000000070e000000|100%| O|  |TAMS 0x000000070e000000, 0x000000070de00000| Untracked 
|  26|0x000000070e000000, 0x000000070e200000, 0x000000070e200000|100%| O|  |TAMS 0x000000070e200000, 0x000000070e000000| Untracked 
|  27|0x000000070e200000, 0x000000070e400000, 0x000000070e400000|100%| O|  |TAMS 0x000000070e400000, 0x000000070e200000| Untracked 
|  28|0x000000070e400000, 0x000000070e600000, 0x000000070e600000|100%| O|  |TAMS 0x000000070e600000, 0x000000070e400000| Untracked 
|  29|0x000000070e600000, 0x000000070e800000, 0x000000070e800000|100%| O|  |TAMS 0x000000070e800000, 0x000000070e600000| Untracked 
|  30|0x000000070e800000, 0x000000070ea00000, 0x000000070ea00000|100%| O|  |TAMS 0x000000070ea00000, 0x000000070e800000| Untracked 
|  31|0x000000070ea00000, 0x000000070ec00000, 0x000000070ec00000|100%| O|  |TAMS 0x000000070ea00000, 0x000000070ea00000| Untracked 
|  32|0x000000070ec00000, 0x000000070ee00000, 0x000000070ee00000|100%| O|  |TAMS 0x000000070ec00000, 0x000000070ec00000| Untracked 
|  33|0x000000070ee00000, 0x000000070f000000, 0x000000070f000000|100%| O|  |TAMS 0x000000070ee00000, 0x000000070ee00000| Untracked 
|  34|0x000000070f000000, 0x000000070f200000, 0x000000070f200000|100%| O|  |TAMS 0x000000070f000000, 0x000000070f000000| Untracked 
|  35|0x000000070f200000, 0x000000070f400000, 0x000000070f400000|100%| O|  |TAMS 0x000000070f200000, 0x000000070f200000| Untracked 
|  36|0x000000070f400000, 0x000000070f600000, 0x000000070f600000|100%| O|  |TAMS 0x000000070f400000, 0x000000070f400000| Untracked 
|  37|0x000000070f600000, 0x000000070f800000, 0x000000070f800000|100%| O|  |TAMS 0x000000070f600000, 0x000000070f600000| Untracked 
|  38|0x000000070f800000, 0x000000070fa00000, 0x000000070fa00000|100%| O|  |TAMS 0x000000070f800000, 0x000000070f800000| Untracked 
|  39|0x000000070fa00000, 0x000000070fc00000, 0x000000070fc00000|100%| O|  |TAMS 0x000000070fa00000, 0x000000070fa00000| Untracked 
|  40|0x000000070fc00000, 0x000000070fe00000, 0x000000070fe00000|100%| O|  |TAMS 0x000000070fc00000, 0x000000070fc00000| Untracked 
|  41|0x000000070fe00000, 0x0000000710000000, 0x0000000710000000|100%| O|  |TAMS 0x000000070fe00000, 0x000000070fe00000| Untracked 
|  42|0x0000000710000000, 0x0000000710200000, 0x0000000710200000|100%| O|  |TAMS 0x0000000710000000, 0x0000000710000000| Untracked 
|  43|0x0000000710200000, 0x0000000710400000, 0x0000000710400000|100%| O|  |TAMS 0x0000000710200000, 0x0000000710200000| Untracked 
|  44|0x0000000710400000, 0x0000000710600000, 0x0000000710600000|100%| O|  |TAMS 0x0000000710400000, 0x0000000710400000| Untracked 
|  45|0x0000000710600000, 0x0000000710800000, 0x0000000710800000|100%| O|  |TAMS 0x0000000710600000, 0x0000000710600000| Untracked 
|  46|0x0000000710800000, 0x0000000710a00000, 0x0000000710a00000|100%| O|  |TAMS 0x0000000710800000, 0x0000000710800000| Untracked 
|  47|0x0000000710a00000, 0x0000000710c00000, 0x0000000710c00000|100%| O|  |TAMS 0x0000000710a00000, 0x0000000710a00000| Untracked 
|  48|0x0000000710c00000, 0x0000000710e00000, 0x0000000710e00000|100%| O|  |TAMS 0x0000000710c00000, 0x0000000710c00000| Untracked 
|  49|0x0000000710e00000, 0x0000000711000000, 0x0000000711000000|100%| O|  |TAMS 0x0000000710e00000, 0x0000000710e00000| Untracked 
|  50|0x0000000711000000, 0x0000000711200000, 0x0000000711200000|100%| O|  |TAMS 0x0000000711000000, 0x0000000711000000| Untracked 
|  51|0x0000000711200000, 0x0000000711400000, 0x0000000711400000|100%| O|  |TAMS 0x0000000711200000, 0x0000000711200000| Untracked 
|  52|0x0000000711400000, 0x0000000711600000, 0x0000000711600000|100%| O|  |TAMS 0x0000000711400000, 0x0000000711400000| Untracked 
|  53|0x0000000711600000, 0x0000000711600000, 0x0000000711800000|  0%| F|  |TAMS 0x0000000711600000, 0x0000000711600000| Untracked 
|  54|0x0000000711800000, 0x0000000711a00000, 0x0000000711a00000|100%| O|  |TAMS 0x0000000711800000, 0x0000000711800000| Untracked 
|  55|0x0000000711a00000, 0x0000000711c00000, 0x0000000711c00000|100%| O|  |TAMS 0x0000000711a00000, 0x0000000711a00000| Untracked 
|  56|0x0000000711c00000, 0x0000000711e00000, 0x0000000711e00000|100%| O|  |TAMS 0x0000000711c00000, 0x0000000711c00000| Untracked 
|  57|0x0000000711e00000, 0x0000000712000000, 0x0000000712000000|100%| O|  |TAMS 0x0000000711e00000, 0x0000000711e00000| Untracked 
|  58|0x0000000712000000, 0x0000000712200000, 0x0000000712200000|100%| O|  |TAMS 0x0000000712000000, 0x0000000712000000| Untracked 
|  59|0x0000000712200000, 0x0000000712400000, 0x0000000712400000|100%| O|  |TAMS 0x0000000712200000, 0x0000000712200000| Untracked 
|  60|0x0000000712400000, 0x0000000712600000, 0x0000000712600000|100%| O|  |TAMS 0x0000000712400000, 0x0000000712400000| Untracked 
|  61|0x0000000712600000, 0x0000000712800000, 0x0000000712800000|100%| O|  |TAMS 0x0000000712600000, 0x0000000712600000| Untracked 
|  62|0x0000000712800000, 0x0000000712a00000, 0x0000000712a00000|100%| O|  |TAMS 0x0000000712800000, 0x0000000712800000| Untracked 
|  63|0x0000000712a00000, 0x0000000712a00000, 0x0000000712c00000|  0%| F|  |TAMS 0x0000000712a00000, 0x0000000712a00000| Untracked 
|  64|0x0000000712c00000, 0x0000000712c00000, 0x0000000712e00000|  0%| F|  |TAMS 0x0000000712c00000, 0x0000000712c00000| Untracked 
|  65|0x0000000712e00000, 0x0000000712e00000, 0x0000000713000000|  0%| F|  |TAMS 0x0000000712e00000, 0x0000000712e00000| Untracked 
|  66|0x0000000713000000, 0x0000000713000000, 0x0000000713200000|  0%| F|  |TAMS 0x0000000713000000, 0x0000000713000000| Untracked 
|  67|0x0000000713200000, 0x0000000713200000, 0x0000000713400000|  0%| F|  |TAMS 0x0000000713200000, 0x0000000713200000| Untracked 
|  68|0x0000000713400000, 0x0000000713400000, 0x0000000713600000|  0%| F|  |TAMS 0x0000000713400000, 0x0000000713400000| Untracked 
|  69|0x0000000713600000, 0x0000000713600000, 0x0000000713800000|  0%| F|  |TAMS 0x0000000713600000, 0x0000000713600000| Untracked 
|  70|0x0000000713800000, 0x0000000713800000, 0x0000000713a00000|  0%| F|  |TAMS 0x0000000713800000, 0x0000000713800000| Untracked 
|  71|0x0000000713a00000, 0x0000000713a00000, 0x0000000713c00000|  0%| F|  |TAMS 0x0000000713a00000, 0x0000000713a00000| Untracked 
|  72|0x0000000713c00000, 0x0000000713c00000, 0x0000000713e00000|  0%| F|  |TAMS 0x0000000713c00000, 0x0000000713c00000| Untracked 
|  73|0x0000000713e00000, 0x0000000713e00000, 0x0000000714000000|  0%| F|  |TAMS 0x0000000713e00000, 0x0000000713e00000| Untracked 
|  74|0x0000000714000000, 0x0000000714000000, 0x0000000714200000|  0%| F|  |TAMS 0x0000000714000000, 0x0000000714000000| Untracked 
|  75|0x0000000714200000, 0x0000000714200000, 0x0000000714400000|  0%| F|  |TAMS 0x0000000714200000, 0x0000000714200000| Untracked 
|  76|0x0000000714400000, 0x0000000714400000, 0x0000000714600000|  0%| F|  |TAMS 0x0000000714400000, 0x0000000714400000| Untracked 
|  77|0x0000000714600000, 0x0000000714600000, 0x0000000714800000|  0%| F|  |TAMS 0x0000000714600000, 0x0000000714600000| Untracked 
|  78|0x0000000714800000, 0x0000000714800000, 0x0000000714a00000|  0%| F|  |TAMS 0x0000000714800000, 0x0000000714800000| Untracked 
|  79|0x0000000714a00000, 0x0000000714a00000, 0x0000000714c00000|  0%| F|  |TAMS 0x0000000714a00000, 0x0000000714a00000| Untracked 
|  80|0x0000000714c00000, 0x0000000714c00000, 0x0000000714e00000|  0%| F|  |TAMS 0x0000000714c00000, 0x0000000714c00000| Untracked 
|  81|0x0000000714e00000, 0x0000000714e00000, 0x0000000715000000|  0%| F|  |TAMS 0x0000000714e00000, 0x0000000714e00000| Untracked 
|  82|0x0000000715000000, 0x0000000715000000, 0x0000000715200000|  0%| F|  |TAMS 0x0000000715000000, 0x0000000715000000| Untracked 
|  83|0x0000000715200000, 0x0000000715200000, 0x0000000715400000|  0%| F|  |TAMS 0x0000000715200000, 0x0000000715200000| Untracked 
|  84|0x0000000715400000, 0x0000000715400000, 0x0000000715600000|  0%| F|  |TAMS 0x0000000715400000, 0x0000000715400000| Untracked 
|  85|0x0000000715600000, 0x0000000715600000, 0x0000000715800000|  0%| F|  |TAMS 0x0000000715600000, 0x0000000715600000| Untracked 
|  86|0x0000000715800000, 0x0000000715800000, 0x0000000715a00000|  0%| F|  |TAMS 0x0000000715800000, 0x0000000715800000| Untracked 
|  87|0x0000000715a00000, 0x0000000715a00000, 0x0000000715c00000|  0%| F|  |TAMS 0x0000000715a00000, 0x0000000715a00000| Untracked 
|  88|0x0000000715c00000, 0x0000000715c00000, 0x0000000715e00000|  0%| F|  |TAMS 0x0000000715c00000, 0x0000000715c00000| Untracked 
|  89|0x0000000715e00000, 0x0000000715e00000, 0x0000000716000000|  0%| F|  |TAMS 0x0000000715e00000, 0x0000000715e00000| Untracked 
|  90|0x0000000716000000, 0x0000000716000000, 0x0000000716200000|  0%| F|  |TAMS 0x0000000716000000, 0x0000000716000000| Untracked 
|  91|0x0000000716200000, 0x0000000716200000, 0x0000000716400000|  0%| F|  |TAMS 0x0000000716200000, 0x0000000716200000| Untracked 
|  92|0x0000000716400000, 0x0000000716400000, 0x0000000716600000|  0%| F|  |TAMS 0x0000000716400000, 0x0000000716400000| Untracked 
|  93|0x0000000716600000, 0x0000000716600000, 0x0000000716800000|  0%| F|  |TAMS 0x0000000716600000, 0x0000000716600000| Untracked 
|  94|0x0000000716800000, 0x0000000716800000, 0x0000000716a00000|  0%| F|  |TAMS 0x0000000716800000, 0x0000000716800000| Untracked 
|  95|0x0000000716a00000, 0x0000000716c00000, 0x0000000716c00000|100%| S|CS|TAMS 0x0000000716a00000, 0x0000000716a00000| Complete 
|  96|0x0000000716c00000, 0x0000000716e00000, 0x0000000716e00000|100%| S|CS|TAMS 0x0000000716c00000, 0x0000000716c00000| Complete 
|  97|0x0000000716e00000, 0x0000000717000000, 0x0000000717000000|100%| S|CS|TAMS 0x0000000716e00000, 0x0000000716e00000| Complete 
|  98|0x0000000717000000, 0x0000000717200000, 0x0000000717200000|100%| S|CS|TAMS 0x0000000717000000, 0x0000000717000000| Complete 
|  99|0x0000000717200000, 0x0000000717400000, 0x0000000717400000|100%| S|CS|TAMS 0x0000000717200000, 0x0000000717200000| Complete 
| 100|0x0000000717400000, 0x0000000717600000, 0x0000000717600000|100%| S|CS|TAMS 0x0000000717400000, 0x0000000717400000| Complete 
| 101|0x0000000717600000, 0x0000000717600000, 0x0000000717800000|  0%| F|  |TAMS 0x0000000717600000, 0x0000000717600000| Untracked 
| 102|0x0000000717800000, 0x0000000717800000, 0x0000000717a00000|  0%| F|  |TAMS 0x0000000717800000, 0x0000000717800000| Untracked 
| 103|0x0000000717a00000, 0x0000000717a00000, 0x0000000717c00000|  0%| F|  |TAMS 0x0000000717a00000, 0x0000000717a00000| Untracked 
| 104|0x0000000717c00000, 0x0000000717c00000, 0x0000000717e00000|  0%| F|  |TAMS 0x0000000717c00000, 0x0000000717c00000| Untracked 
| 105|0x0000000717e00000, 0x0000000717e00000, 0x0000000718000000|  0%| F|  |TAMS 0x0000000717e00000, 0x0000000717e00000| Untracked 
| 106|0x0000000718000000, 0x0000000718000000, 0x0000000718200000|  0%| F|  |TAMS 0x0000000718000000, 0x0000000718000000| Untracked 
| 107|0x0000000718200000, 0x0000000718200000, 0x0000000718400000|  0%| F|  |TAMS 0x0000000718200000, 0x0000000718200000| Untracked 
| 108|0x0000000718400000, 0x0000000718400000, 0x0000000718600000|  0%| F|  |TAMS 0x0000000718400000, 0x0000000718400000| Untracked 
| 109|0x0000000718600000, 0x0000000718600000, 0x0000000718800000|  0%| F|  |TAMS 0x0000000718600000, 0x0000000718600000| Untracked 
| 110|0x0000000718800000, 0x0000000718800000, 0x0000000718a00000|  0%| F|  |TAMS 0x0000000718800000, 0x0000000718800000| Untracked 
| 111|0x0000000718a00000, 0x0000000718a00000, 0x0000000718c00000|  0%| F|  |TAMS 0x0000000718a00000, 0x0000000718a00000| Untracked 
| 112|0x0000000718c00000, 0x0000000718c00000, 0x0000000718e00000|  0%| F|  |TAMS 0x0000000718c00000, 0x0000000718c00000| Untracked 
| 113|0x0000000718e00000, 0x0000000718e00000, 0x0000000719000000|  0%| F|  |TAMS 0x0000000718e00000, 0x0000000718e00000| Untracked 
| 114|0x0000000719000000, 0x0000000719000000, 0x0000000719200000|  0%| F|  |TAMS 0x0000000719000000, 0x0000000719000000| Untracked 
| 115|0x0000000719200000, 0x0000000719200000, 0x0000000719400000|  0%| F|  |TAMS 0x0000000719200000, 0x0000000719200000| Untracked 
| 116|0x0000000719400000, 0x0000000719400000, 0x0000000719600000|  0%| F|  |TAMS 0x0000000719400000, 0x0000000719400000| Untracked 
| 117|0x0000000719600000, 0x0000000719600000, 0x0000000719800000|  0%| F|  |TAMS 0x0000000719600000, 0x0000000719600000| Untracked 
| 118|0x0000000719800000, 0x0000000719800000, 0x0000000719a00000|  0%| F|  |TAMS 0x0000000719800000, 0x0000000719800000| Untracked 
| 119|0x0000000719a00000, 0x0000000719a00000, 0x0000000719c00000|  0%| F|  |TAMS 0x0000000719a00000, 0x0000000719a00000| Untracked 
| 120|0x0000000719c00000, 0x0000000719c00000, 0x0000000719e00000|  0%| F|  |TAMS 0x0000000719c00000, 0x0000000719c00000| Untracked 
| 121|0x0000000719e00000, 0x0000000719e00000, 0x000000071a000000|  0%| F|  |TAMS 0x0000000719e00000, 0x0000000719e00000| Untracked 
| 122|0x000000071a000000, 0x000000071a000000, 0x000000071a200000|  0%| F|  |TAMS 0x000000071a000000, 0x000000071a000000| Untracked 
| 123|0x000000071a200000, 0x000000071a200000, 0x000000071a400000|  0%| F|  |TAMS 0x000000071a200000, 0x000000071a200000| Untracked 
| 124|0x000000071a400000, 0x000000071a400000, 0x000000071a600000|  0%| F|  |TAMS 0x000000071a400000, 0x000000071a400000| Untracked 
| 125|0x000000071a600000, 0x000000071a600000, 0x000000071a800000|  0%| F|  |TAMS 0x000000071a600000, 0x000000071a600000| Untracked 
| 126|0x000000071a800000, 0x000000071a800000, 0x000000071aa00000|  0%| F|  |TAMS 0x000000071a800000, 0x000000071a800000| Untracked 
| 127|0x000000071aa00000, 0x000000071aa00000, 0x000000071ac00000|  0%| F|  |TAMS 0x000000071aa00000, 0x000000071aa00000| Untracked 
| 128|0x000000071ac00000, 0x000000071ac00000, 0x000000071ae00000|  0%| F|  |TAMS 0x000000071ac00000, 0x000000071ac00000| Untracked 
| 129|0x000000071ae00000, 0x000000071ae00000, 0x000000071b000000|  0%| F|  |TAMS 0x000000071ae00000, 0x000000071ae00000| Untracked 
| 130|0x000000071b000000, 0x000000071b000000, 0x000000071b200000|  0%| F|  |TAMS 0x000000071b000000, 0x000000071b000000| Untracked 
| 131|0x000000071b200000, 0x000000071b3b7250, 0x000000071b400000| 85%| E|  |TAMS 0x000000071b200000, 0x000000071b200000| Complete 
| 132|0x000000071b400000, 0x000000071b600000, 0x000000071b600000|100%| E|CS|TAMS 0x000000071b400000, 0x000000071b400000| Complete 
| 133|0x000000071b600000, 0x000000071b800000, 0x000000071b800000|100%| E|CS|TAMS 0x000000071b600000, 0x000000071b600000| Complete 
| 134|0x000000071b800000, 0x000000071ba00000, 0x000000071ba00000|100%| E|CS|TAMS 0x000000071b800000, 0x000000071b800000| Complete 
| 135|0x000000071ba00000, 0x000000071bc00000, 0x000000071bc00000|100%| E|CS|TAMS 0x000000071ba00000, 0x000000071ba00000| Complete 
| 136|0x000000071bc00000, 0x000000071be00000, 0x000000071be00000|100%| E|CS|TAMS 0x000000071bc00000, 0x000000071bc00000| Complete 
| 137|0x000000071be00000, 0x000000071c000000, 0x000000071c000000|100%| E|CS|TAMS 0x000000071be00000, 0x000000071be00000| Complete 
| 138|0x000000071c000000, 0x000000071c200000, 0x000000071c200000|100%| E|CS|TAMS 0x000000071c000000, 0x000000071c000000| Complete 
| 139|0x000000071c200000, 0x000000071c400000, 0x000000071c400000|100%| E|CS|TAMS 0x000000071c200000, 0x000000071c200000| Complete 
| 140|0x000000071c400000, 0x000000071c600000, 0x000000071c600000|100%| E|CS|TAMS 0x000000071c400000, 0x000000071c400000| Complete 
| 177|0x0000000720e00000, 0x0000000721000000, 0x0000000721000000|100%| E|CS|TAMS 0x0000000720e00000, 0x0000000720e00000| Complete 
| 178|0x0000000721000000, 0x0000000721200000, 0x0000000721200000|100%| E|CS|TAMS 0x0000000721000000, 0x0000000721000000| Complete 
|1961|0x00000007ffe00000, 0x0000000800000000, 0x0000000800000000|100%| O|  |TAMS 0x0000000800000000, 0x00000007ffe00000| Untracked 

Card table byte_map: [0x000001a696a70000,0x000001a697220000] _byte_map_base: 0x000001a69321a000

Marking Bits (Prev, Next): (CMBitMap*) 0x000001a6feb8ee40, (CMBitMap*) 0x000001a6feb8ee00
 Prev Bits: [0x000001a69b720000, 0x000001a69f470000)
 Next Bits: [0x000001a6979d0000, 0x000001a69b720000)

Polling page: 0x000001a6fca90000

Metaspace:

Usage:
  Non-class:     23.64 MB used.
      Class:      2.38 MB used.
       Both:     26.03 MB used.

Virtual space:
  Non-class space:       64.00 MB reserved,      23.88 MB ( 37%) committed,  1 nodes.
      Class space:        1.00 GB reserved,       2.56 MB ( <1%) committed,  1 nodes.
             Both:        1.06 GB reserved,      26.44 MB (  2%) committed. 

Chunk freelists:
   Non-Class:  7.80 MB
       Class:  13.45 MB
        Both:  21.25 MB

MaxMetaspaceSize: unlimited
CompressedClassSpaceSize: 1.00 GB
Initial GC threshold: 21.00 MB
Current GC threshold: 42.94 MB
CDS: on
MetaspaceReclaimPolicy: balanced
 - commit_granule_bytes: 65536.
 - commit_granule_words: 8192.
 - virtual_space_node_default_size: 8388608.
 - enlarge_chunks_in_place: 1.
 - new_chunks_are_fully_committed: 0.
 - uncommit_free_chunks: 1.
 - use_allocation_guard: 0.
 - handle_deallocations: 1.


Internal statistics:

num_allocs_failed_limit: 3.
num_arena_births: 444.
num_arena_deaths: 0.
num_vsnodes_births: 2.
num_vsnodes_deaths: 0.
num_space_committed: 421.
num_space_uncommitted: 0.
num_chunks_returned_to_freelist: 3.
num_chunks_taken_from_freelist: 978.
num_chunk_merges: 0.
num_chunk_splits: 637.
num_chunks_enlarged: 415.
num_inconsistent_stats: 0.

CodeHeap 'non-profiled nmethods': size=119168Kb used=2100Kb max_used=2626Kb free=117067Kb
 bounds [0x000001a68f610000, 0x000001a68f8b0000, 0x000001a696a70000]
CodeHeap 'profiled nmethods': size=119104Kb used=6775Kb max_used=8885Kb free=112328Kb
 bounds [0x000001a687a70000, 0x000001a688320000, 0x000001a68eec0000]
CodeHeap 'non-nmethods': size=7488Kb used=3698Kb max_used=3740Kb free=3789Kb
 bounds [0x000001a68eec0000, 0x000001a68f280000, 0x000001a68f610000]
 total_blobs=5182 nmethods=3633 adapters=1458
 compilation: enabled
              stopped_count=0, restarted_count=0
 full_count=0

Compilation events (20 events):
Event: 8.333 Thread 0x000001a6a21429c0 nmethod 4441 0x000001a68f7ee510 code [0x000001a68f7ee6a0, 0x000001a68f7ee778]
Event: 8.334 Thread 0x000001a71142a820 nmethod 4440 0x000001a687c39d90 code [0x000001a687c39f60, 0x000001a687c3a358]
Event: 8.334 Thread 0x000001a6a21429c0 4442       3       com.xbuilders.window.developmentTools.FrameTester::set (52 bytes)
Event: 8.334 Thread 0x000001a6a21429c0 nmethod 4442 0x000001a687a74b10 code [0x000001a687a74d00, 0x000001a687a75188]
Event: 8.336 Thread 0x000001a71142a820 4443       3       org.lwjgl.opengl.GL11::glDepthMask (5 bytes)
Event: 8.336 Thread 0x000001a71142a820 nmethod 4443 0x000001a687b9e210 code [0x000001a687b9e3a0, 0x000001a687b9e4a8]
Event: 8.353 Thread 0x000001a6a22549d0 4445   !   3       org.lwjgl.nuklear.Nuklear::nk_button_text (54 bytes)
Event: 8.354 Thread 0x000001a6a22549d0 nmethod 4445 0x000001a687d64190 code [0x000001a687d643c0, 0x000001a687d64f78]
Event: 8.366 Thread 0x000001a6a21429c0 4447       3       com.xbuilders.engine.utils.math.MathUtils::clamp (18 bytes)
Event: 8.366 Thread 0x000001a6a21429c0 nmethod 4447 0x000001a687ded190 code [0x000001a687ded340, 0x000001a687ded538]
Event: 8.369 Thread 0x000001a6a2141900 4448       4       org.lwjgl.system.MemoryUtil::memPutAddress (29 bytes)
Event: 8.370 Thread 0x000001a6a2141900 nmethod 4448 0x000001a68f7ef010 code [0x000001a68f7ef180, 0x000001a68f7ef1d8]
Event: 8.384 Thread 0x000001a6a21429c0 4449       3       org.lwjgl.nuklear.NkStyleWindow::border_color (8 bytes)
Event: 8.384 Thread 0x000001a6a2256fb0 4450       3       org.lwjgl.nuklear.NkStyleWindow::nborder_color (10 bytes)
Event: 8.385 Thread 0x000001a6a2256fb0 nmethod 4450 0x000001a687cae410 code [0x000001a687cae5c0, 0x000001a687cae848]
Event: 8.385 Thread 0x000001a6a21429c0 nmethod 4449 0x000001a687b14a10 code [0x000001a687b14bc0, 0x000001a687b14f68]
Event: 8.420 Thread 0x000001a6a2141900 4451       4       org.lwjgl.system.MemoryUtil::merge (9 bytes)
Event: 8.420 Thread 0x000001a6a2141900 nmethod 4451 0x000001a68f7ef710 code [0x000001a68f7ef880, 0x000001a68f7ef8f8]
Event: 8.434 Thread 0x000001a71142a820 4452       3       com.xbuilders.engine.world.chunk.pillar.PillarInformation::isPillarLoaded (38 bytes)
Event: 8.434 Thread 0x000001a71142a820 nmethod 4452 0x000001a687c0ad10 code [0x000001a687c0aec0, 0x000001a687c0b1d8]

GC Heap History (20 events):
Event: 3.464 GC heap before
{Heap before GC invocations=2 (full 0):
 garbage-first heap   total 251904K, used 92265K [0x000000070ac00000, 0x0000000800000000)
  region size 2048K, 44 young (90112K), 1 survivors (2048K)
 Metaspace       used 21257K, committed 21504K, reserved 1114112K
  class space    used 1844K, committed 1984K, reserved 1048576K
}
Event: 3.468 GC heap after
{Heap after GC invocations=3 (full 0):
 garbage-first heap   total 251904K, used 8693K [0x000000070ac00000, 0x0000000800000000)
  region size 2048K, 2 young (4096K), 2 survivors (4096K)
 Metaspace       used 21257K, committed 21504K, reserved 1114112K
  class space    used 1844K, committed 1984K, reserved 1048576K
}
Event: 4.013 GC heap before
{Heap before GC invocations=4 (full 0):
 garbage-first heap   total 40960K, used 27125K [0x000000070ac00000, 0x0000000800000000)
  region size 2048K, 12 young (24576K), 2 survivors (4096K)
 Metaspace       used 25986K, committed 26304K, reserved 1114112K
  class space    used 2395K, committed 2560K, reserved 1048576K
}
Event: 4.019 GC heap after
{Heap after GC invocations=5 (full 0):
 garbage-first heap   total 43008K, used 15877K [0x000000070ac00000, 0x0000000800000000)
  region size 2048K, 2 young (4096K), 2 survivors (4096K)
 Metaspace       used 25986K, committed 26304K, reserved 1114112K
  class space    used 2395K, committed 2560K, reserved 1048576K
}
Event: 4.022 GC heap before
{Heap before GC invocations=5 (full 0):
 garbage-first heap   total 43008K, used 15877K [0x000000070ac00000, 0x0000000800000000)
  region size 2048K, 3 young (6144K), 2 survivors (4096K)
 Metaspace       used 25990K, committed 26368K, reserved 1114112K
  class space    used 2395K, committed 2560K, reserved 1048576K
}
Event: 4.026 GC heap after
{Heap after GC invocations=6 (full 0):
 garbage-first heap   total 43008K, used 17906K [0x000000070ac00000, 0x0000000800000000)
  region size 2048K, 1 young (2048K), 1 survivors (2048K)
 Metaspace       used 25990K, committed 26368K, reserved 1114112K
  class space    used 2395K, committed 2560K, reserved 1048576K
}
Event: 4.036 GC heap before
{Heap before GC invocations=6 (full 0):
 garbage-first heap   total 43008K, used 24050K [0x000000070ac00000, 0x0000000800000000)
  region size 2048K, 5 young (10240K), 1 survivors (2048K)
 Metaspace       used 26001K, committed 26368K, reserved 1114112K
  class space    used 2395K, committed 2560K, reserved 1048576K
}
Event: 4.038 GC heap after
{Heap after GC invocations=7 (full 0):
 garbage-first heap   total 43008K, used 26416K [0x000000070ac00000, 0x0000000800000000)
  region size 2048K, 1 young (2048K), 1 survivors (2048K)
 Metaspace       used 26001K, committed 26368K, reserved 1114112K
  class space    used 2395K, committed 2560K, reserved 1048576K
}
Event: 4.040 GC heap before
{Heap before GC invocations=7 (full 0):
 garbage-first heap   total 43008K, used 26416K [0x000000070ac00000, 0x0000000800000000)
  region size 2048K, 2 young (4096K), 1 survivors (2048K)
 Metaspace       used 26001K, committed 26368K, reserved 1114112K
  class space    used 2395K, committed 2560K, reserved 1048576K
}
Event: 4.042 GC heap after
{Heap after GC invocations=8 (full 0):
 garbage-first heap   total 147456K, used 29306K [0x000000070ac00000, 0x0000000800000000)
  region size 2048K, 1 young (2048K), 1 survivors (2048K)
 Metaspace       used 26001K, committed 26368K, reserved 1114112K
  class space    used 2395K, committed 2560K, reserved 1048576K
}
Event: 4.088 GC heap before
{Heap before GC invocations=9 (full 0):
 garbage-first heap   total 122880K, used 62074K [0x000000070ac00000, 0x0000000800000000)
  region size 2048K, 18 young (36864K), 1 survivors (2048K)
 Metaspace       used 26102K, committed 26432K, reserved 1114112K
  class space    used 2398K, committed 2560K, reserved 1048576K
}
Event: 4.100 GC heap after
{Heap after GC invocations=10 (full 0):
 garbage-first heap   total 122880K, used 63276K [0x000000070ac00000, 0x0000000800000000)
  region size 2048K, 3 young (6144K), 3 survivors (6144K)
 Metaspace       used 26102K, committed 26432K, reserved 1114112K
  class space    used 2398K, committed 2560K, reserved 1048576K
}
Event: 4.102 GC heap before
{Heap before GC invocations=10 (full 0):
 garbage-first heap   total 122880K, used 63276K [0x000000070ac00000, 0x0000000800000000)
  region size 2048K, 4 young (8192K), 3 survivors (6144K)
 Metaspace       used 26135K, committed 26496K, reserved 1114112K
  class space    used 2400K, committed 2560K, reserved 1048576K
}
Event: 4.106 GC heap after
{Heap after GC invocations=11 (full 0):
 garbage-first heap   total 122880K, used 65398K [0x000000070ac00000, 0x0000000800000000)
  region size 2048K, 1 young (2048K), 1 survivors (2048K)
 Metaspace       used 26135K, committed 26496K, reserved 1114112K
  class space    used 2400K, committed 2560K, reserved 1048576K
}
Event: 4.113 GC heap before
{Heap before GC invocations=11 (full 0):
 garbage-first heap   total 122880K, used 75638K [0x000000070ac00000, 0x0000000800000000)
  region size 2048K, 7 young (14336K), 1 survivors (2048K)
 Metaspace       used 26144K, committed 26496K, reserved 1114112K
  class space    used 2400K, committed 2560K, reserved 1048576K
}
Event: 4.116 GC heap after
{Heap after GC invocations=12 (full 0):
 garbage-first heap   total 122880K, used 75128K [0x000000070ac00000, 0x0000000800000000)
  region size 2048K, 1 young (2048K), 1 survivors (2048K)
 Metaspace       used 26144K, committed 26496K, reserved 1114112K
  class space    used 2400K, committed 2560K, reserved 1048576K
}
Event: 4.124 GC heap before
{Heap before GC invocations=12 (full 0):
 garbage-first heap   total 122880K, used 83320K [0x000000070ac00000, 0x0000000800000000)
  region size 2048K, 6 young (12288K), 1 survivors (2048K)
 Metaspace       used 26144K, committed 26496K, reserved 1114112K
  class space    used 2400K, committed 2560K, reserved 1048576K
}
Event: 4.143 GC heap after
{Heap after GC invocations=13 (full 0):
 garbage-first heap   total 368640K, used 83968K [0x000000070ac00000, 0x0000000800000000)
  region size 2048K, 1 young (2048K), 1 survivors (2048K)
 Metaspace       used 26144K, committed 26496K, reserved 1114112K
  class space    used 2400K, committed 2560K, reserved 1048576K
}
Event: 5.315 GC heap before
{Heap before GC invocations=14 (full 0):
 garbage-first heap   total 294912K, used 167936K [0x000000070ac00000, 0x0000000800000000)
  region size 2048K, 43 young (88064K), 1 survivors (2048K)
 Metaspace       used 26287K, committed 26624K, reserved 1114112K
  class space    used 2405K, committed 2560K, reserved 1048576K
}
Event: 5.327 GC heap after
{Heap after GC invocations=15 (full 0):
 garbage-first heap   total 294912K, used 141312K [0x000000070ac00000, 0x0000000800000000)
  region size 2048K, 6 young (12288K), 6 survivors (12288K)
 Metaspace       used 26287K, committed 26624K, reserved 1114112K
  class space    used 2405K, committed 2560K, reserved 1048576K
}

Dll operation events (17 events):
Event: 0.008 Loaded shared library C:\Users\sampw\.jdks\corretto-17.0.12\bin\java.dll
Event: 0.023 Loaded shared library C:\Users\sampw\.jdks\corretto-17.0.12\bin\jsvml.dll
Event: 0.112 Loaded shared library C:\Users\sampw\.jdks\corretto-17.0.12\bin\zip.dll
Event: 0.114 Loaded shared library C:\Users\sampw\.jdks\corretto-17.0.12\bin\instrument.dll
Event: 0.121 Loaded shared library C:\Users\sampw\.jdks\corretto-17.0.12\bin\net.dll
Event: 0.123 Loaded shared library C:\Users\sampw\.jdks\corretto-17.0.12\bin\nio.dll
Event: 0.126 Loaded shared library C:\Users\sampw\.jdks\corretto-17.0.12\bin\zip.dll
Event: 0.237 Loaded shared library C:\Program Files\JetBrains\IntelliJ IDEA Community Edition 2024.1.4\bin\breakgen64.dll
Event: 0.250 Loaded shared library C:\Users\sampw\.jdks\corretto-17.0.12\bin\extnet.dll
Event: 0.286 Loaded shared library C:\Users\sampw\.jdks\corretto-17.0.12\bin\jimage.dll
Event: 0.310 Loaded shared library C:\Users\sampw\AppData\Local\Temp\lwjgl_sampw\3.3.2+13\x64\lwjgl.dll
Event: 0.436 Loaded shared library C:\Users\sampw\.jdks\corretto-17.0.12\bin\awt.dll
Event: 0.799 Loaded shared library C:\Users\sampw\.jdks\corretto-17.0.12\bin\verify.dll
Event: 1.185 Loaded shared library C:\Users\sampw\AppData\Local\Temp\lwjgl_sampw\3.3.2+13\x64\lwjgl_opengl.dll
Event: 1.276 Loaded shared library C:\Users\sampw\AppData\Local\Temp\lwjgl_sampw\3.3.2+13\x64\lwjgl_nuklear.dll
Event: 1.302 Loaded shared library C:\Users\sampw\AppData\Local\Temp\lwjgl_sampw\3.3.2+13\x64\lwjgl_stb.dll
Event: 3.554 Loaded shared library C:\Users\sampw\.jdks\corretto-17.0.12\bin\sunmscapi.dll

Deoptimization events (20 events):
Event: 7.769 Thread 0x000001a6feb248e0 DEOPT PACKING pc=0x000001a687cb5933 sp=0x0000002db1eff210
Event: 7.769 Thread 0x000001a6feb248e0 DEOPT UNPACKING pc=0x000001a68ef17143 sp=0x0000002db1efe6c8 mode 0
Event: 7.837 Thread 0x000001a6feb248e0 DEOPT PACKING pc=0x000001a6880046d9 sp=0x0000002db1eff080
Event: 7.837 Thread 0x000001a6feb248e0 DEOPT UNPACKING pc=0x000001a68ef17143 sp=0x0000002db1efe538 mode 0
Event: 7.853 Thread 0x000001a6feb248e0 Uncommon trap: trap_request=0xffffffbe fr.pc=0x000001a68f6d4d70 relative=0x00000000000002b0
Event: 7.853 Thread 0x000001a6feb248e0 Uncommon trap: reason=profile_predicate action=maybe_recompile pc=0x000001a68f6d4d70 method=org.lwjgl.system.MemoryUtil.memLengthUTF8(Ljava/lang/CharSequence;Z)I @ 25 c2
Event: 7.853 Thread 0x000001a6feb248e0 DEOPT PACKING pc=0x000001a68f6d4d70 sp=0x0000002db1eff0d0
Event: 7.853 Thread 0x000001a6feb248e0 DEOPT UNPACKING pc=0x000001a68ef169a3 sp=0x0000002db1eff058 mode 2
Event: 7.853 Thread 0x000001a6feb248e0 Uncommon trap: trap_request=0xffffffbe fr.pc=0x000001a68f6d4d70 relative=0x00000000000002b0
Event: 7.853 Thread 0x000001a6feb248e0 Uncommon trap: reason=profile_predicate action=maybe_recompile pc=0x000001a68f6d4d70 method=org.lwjgl.system.MemoryUtil.memLengthUTF8(Ljava/lang/CharSequence;Z)I @ 25 c2
Event: 7.853 Thread 0x000001a6feb248e0 DEOPT PACKING pc=0x000001a68f6d4d70 sp=0x0000002db1eff080
Event: 7.853 Thread 0x000001a6feb248e0 DEOPT UNPACKING pc=0x000001a68ef169a3 sp=0x0000002db1eff008 mode 2
Event: 7.870 Thread 0x000001a6feb248e0 Uncommon trap: trap_request=0xffffffbe fr.pc=0x000001a68f74d448 relative=0x0000000000000388
Event: 7.870 Thread 0x000001a6feb248e0 Uncommon trap: reason=profile_predicate action=maybe_recompile pc=0x000001a68f74d448 method=org.lwjgl.system.MemoryUtil.encodeUTF8Unsafe(Ljava/lang/CharSequence;ZJ)I @ 18 c2
Event: 7.870 Thread 0x000001a6feb248e0 DEOPT PACKING pc=0x000001a68f74d448 sp=0x0000002db1eff0c0
Event: 7.870 Thread 0x000001a6feb248e0 DEOPT UNPACKING pc=0x000001a68ef169a3 sp=0x0000002db1eff040 mode 2
Event: 7.870 Thread 0x000001a6feb248e0 Uncommon trap: trap_request=0xffffffbe fr.pc=0x000001a68f74d448 relative=0x0000000000000388
Event: 7.870 Thread 0x000001a6feb248e0 Uncommon trap: reason=profile_predicate action=maybe_recompile pc=0x000001a68f74d448 method=org.lwjgl.system.MemoryUtil.encodeUTF8Unsafe(Ljava/lang/CharSequence;ZJ)I @ 18 c2
Event: 7.870 Thread 0x000001a6feb248e0 DEOPT PACKING pc=0x000001a68f74d448 sp=0x0000002db1eff070
Event: 7.870 Thread 0x000001a6feb248e0 DEOPT UNPACKING pc=0x000001a68ef169a3 sp=0x0000002db1efeff0 mode 2

Classes loaded (20 events):
Event: 4.365 Loading class java/util/concurrent/Executors$RunnableAdapter
Event: 4.365 Loading class java/util/concurrent/Executors$RunnableAdapter done
Event: 5.257 Loading class java/text/DigitList$1
Event: 5.257 Loading class java/text/DigitList$1 done
Event: 7.225 Loading class java/util/concurrent/Executors$DefaultThreadFactory
Event: 7.225 Loading class java/util/concurrent/Executors$DefaultThreadFactory done
Event: 7.252 Loading class java/lang/StrictMath
Event: 7.252 Loading class java/lang/StrictMath done
Event: 7.288 Loading class java/io/FileWriter
Event: 7.289 Loading class java/io/FileWriter done
Event: 7.290 Loading class java/io/FileOutputStream$1
Event: 7.290 Loading class java/io/FileOutputStream$1 done
Event: 7.754 Loading class java/awt/MouseInfo
Event: 7.754 Loading class java/awt/MouseInfo done
Event: 7.754 Loading class sun/awt/windows/WMouseInfoPeer
Event: 7.754 Loading class java/awt/peer/MouseInfoPeer
Event: 7.754 Loading class java/awt/peer/MouseInfoPeer done
Event: 7.754 Loading class sun/awt/windows/WMouseInfoPeer done
Event: 7.754 Loading class java/awt/PointerInfo
Event: 7.754 Loading class java/awt/PointerInfo done

Classes unloaded (0 events):
No events

Classes redefined (0 events):
No events

Internal exceptions (20 events):
Event: 3.206 Thread 0x000001a6feb248e0 Exception <a 'java/lang/NoSuchMethodError'{0x00000007152c0868}: 'java.lang.Object java.lang.invoke.DirectMethodHandle$Holder.newInvokeSpecial(java.lang.Object, long, java.lang.Object, int)'> (0x00000007152c0868) 
thrown [s\src\hotspot\share\interpreter\linkResolver.cpp, line 759]
Event: 3.206 Thread 0x000001a6feb248e0 Exception <a 'java/lang/NoSuchMethodError'{0x00000007152c4590}: 'java.lang.Object java.lang.invoke.DirectMethodHandle$Holder.invokeSpecial(java.lang.Object, java.lang.Object, long, java.lang.Object, int)'> (0x00000007152c4590) 
thrown [s\src\hotspot\share\interpreter\linkResolver.cpp, line 759]
Event: 3.208 Thread 0x000001a6feb248e0 Exception <a 'java/lang/NoSuchMethodError'{0x00000007152cdd58}: 'void java.lang.invoke.DirectMethodHandle$Holder.invokeStatic(java.lang.Object, java.lang.Object, java.lang.Object, int, int, int)'> (0x00000007152cdd58) 
thrown [s\src\hotspot\share\interpreter\linkResolver.cpp, line 759]
Event: 3.290 Thread 0x000001a6feb248e0 Exception <a 'java/lang/NoSuchMethodError'{0x000000071519acb0}: 'int java.lang.invoke.DirectMethodHandle$Holder.invokeStatic(java.lang.Object, long, int)'> (0x000000071519acb0) 
thrown [s\src\hotspot\share\interpreter\linkResolver.cpp, line 759]
Event: 3.395 Thread 0x000001a6feb248e0 Exception <a 'sun/nio/fs/WindowsException'{0x0000000714cf14a0}> (0x0000000714cf14a0) 
thrown [s\src\hotspot\share\prims\jni.cpp, line 516]
Event: 3.407 Thread 0x000001a6feb248e0 Exception <a 'java/lang/NoSuchMethodError'{0x0000000714d19118}: 'int java.lang.invoke.DirectMethodHandle$Holder.invokeStaticInit(java.lang.Object, java.lang.Object, java.lang.Object, java.lang.Object)'> (0x0000000714d19118) 
thrown [s\src\hotspot\share\interpreter\linkResolver.cpp, line 759]
Event: 3.408 Thread 0x000001a6feb248e0 Exception <a 'java/lang/NoSuchMethodError'{0x0000000714d226e0}: 'java.lang.Object java.lang.invoke.DirectMethodHandle$Holder.invokeInterface(java.lang.Object, java.lang.Object)'> (0x0000000714d226e0) 
thrown [s\src\hotspot\share\interpreter\linkResolver.cpp, line 759]
Event: 3.408 Thread 0x000001a6feb248e0 Exception <a 'java/lang/IncompatibleClassChangeError'{0x0000000714d25ed8}: Found class java.lang.Object, but interface was expected> (0x0000000714d25ed8) 
thrown [s\src\hotspot\share\interpreter\linkResolver.cpp, line 826]
Event: 3.409 Thread 0x000001a6feb248e0 Exception <a 'java/lang/NoSuchMethodError'{0x0000000714d29008}: 'void java.lang.invoke.DirectMethodHandle$Holder.invokeStaticInit(java.lang.Object, java.lang.Object)'> (0x0000000714d29008) 
thrown [s\src\hotspot\share\interpreter\linkResolver.cpp, line 759]
Event: 3.410 Thread 0x000001a6feb248e0 Exception <a 'java/lang/NoSuchMethodError'{0x0000000714d2ef10}: 'int java.lang.invoke.DirectMethodHandle$Holder.invokeStaticInit(java.lang.Object, java.lang.Object)'> (0x0000000714d2ef10) 
thrown [s\src\hotspot\share\interpreter\linkResolver.cpp, line 759]
Event: 3.504 Thread 0x000001a6feb248e0 Exception <a 'java/lang/NoSuchMethodError'{0x000000070c83dfc0}: 'java.lang.Object java.lang.invoke.DirectMethodHandle$Holder.invokeStaticInit(java.lang.Object, int, int, int, int)'> (0x000000070c83dfc0) 
thrown [s\src\hotspot\share\interpreter\linkResolver.cpp, line 759]
Event: 3.535 Thread 0x000001a6feb248e0 Exception <a 'java/lang/NoSuchMethodError'{0x000000070c8fe578}: 'java.lang.Object java.lang.invoke.DirectMethodHandle$Holder.invokeStaticInit(java.lang.Object, java.lang.Object, int, int, int, int)'> (0x000000070c8fe578) 
thrown [s\src\hotspot\share\interpreter\linkResolver.cpp, line 759]
Event: 3.721 Thread 0x000001a6feb248e0 Implicit null exception at 0x000001a68f78398c to 0x000001a68f783b3e
Event: 4.363 Thread 0x000001a6feb248e0 Exception <a 'java/lang/NoSuchMethodError'{0x000000071831eef8}: 'void java.lang.invoke.DirectMethodHandle$Holder.invokeStatic(java.lang.Object, java.lang.Object, java.lang.Object, java.lang.Object)'> (0x000000071831eef8) 
thrown [s\src\hotspot\share\interpreter\linkResolver.cpp, line 759]
Event: 7.257 Thread 0x000001a6feb248e0 Exception <a 'java/lang/NoSuchMethodError'{0x000000071c1f7bc0}: 'java.lang.Object java.lang.invoke.DirectMethodHandle$Holder.newInvokeSpecial(java.lang.Object, java.lang.Object, java.lang.Object, int)'> (0x000000071c1f7bc0) 
thrown [s\src\hotspot\share\interpreter\linkResolver.cpp, line 759]
Event: 7.258 Thread 0x000001a6feb248e0 Exception <a 'java/lang/NoSuchMethodError'{0x000000071c1fbcf8}: 'java.lang.Object java.lang.invoke.DirectMethodHandle$Holder.invokeSpecial(java.lang.Object, java.lang.Object, java.lang.Object, java.lang.Object, int)'> (0x000000071c1fbcf8) 
thrown [s\src\hotspot\share\interpreter\linkResolver.cpp, line 759]
Event: 7.258 Thread 0x000001a6feb248e0 Exception <a 'java/lang/NoSuchMethodError'{0x000000071c1ff618}: 'java.lang.Object java.lang.invoke.Invokers$Holder.linkToTargetMethod(java.lang.Object, java.lang.Object, int, java.lang.Object)'> (0x000000071c1ff618) 
thrown [s\src\hotspot\share\interpreter\linkResolver.cpp, line 759]
Event: 7.279 Thread 0x000001a6feb248e0 Exception <a 'java/lang/NoSuchMethodError'{0x000000071b4469a0}: 'java.lang.Object java.lang.invoke.DirectMethodHandle$Holder.invokeStatic(java.lang.Object, float)'> (0x000000071b4469a0) 
thrown [s\src\hotspot\share\interpreter\linkResolver.cpp, line 759]
Event: 7.279 Thread 0x000001a6feb248e0 Exception <a 'java/lang/NoSuchMethodError'{0x000000071b44b030}: 'java.lang.Object java.lang.invoke.DirectMethodHandle$Holder.invokeSpecial(java.lang.Object, java.lang.Object, float)'> (0x000000071b44b030) 
thrown [s\src\hotspot\share\interpreter\linkResolver.cpp, line 759]
Event: 7.280 Thread 0x000001a6feb248e0 Exception <a 'java/lang/NoSuchMethodError'{0x000000071b45a5e0}: 'java.lang.Object java.lang.invoke.DirectMethodHandle$Holder.invokeSpecial(java.lang.Object, java.lang.Object, java.lang.Object, java.lang.Object, float)'> (0x000000071b45a5e0) 
thrown [s\src\hotspot\share\interpreter\linkResolver.cpp, line 759]

VM Operations (20 events):
Event: 4.112 Executing VM operation: G1CollectForAllocation
Event: 4.116 Executing VM operation: G1CollectForAllocation done
Event: 4.124 Executing VM operation: G1CollectForAllocation
Event: 4.143 Executing VM operation: G1CollectForAllocation done
Event: 4.147 Executing VM operation: G1PauseRemark
Event: 4.151 Executing VM operation: G1PauseRemark done
Event: 4.156 Executing VM operation: G1PauseCleanup
Event: 4.156 Executing VM operation: G1PauseCleanup done
Event: 5.315 Executing VM operation: G1CollectForAllocation
Event: 5.327 Executing VM operation: G1CollectForAllocation done
Event: 6.339 Executing VM operation: Cleanup
Event: 6.339 Executing VM operation: Cleanup done
Event: 7.349 Executing VM operation: Cleanup
Event: 7.349 Executing VM operation: Cleanup done
Event: 7.382 Executing VM operation: HandshakeAllThreads
Event: 7.382 Executing VM operation: HandshakeAllThreads done
Event: 7.449 Executing VM operation: HandshakeAllThreads
Event: 7.449 Executing VM operation: HandshakeAllThreads done
Event: 7.489 Executing VM operation: HandshakeAllThreads
Event: 7.489 Executing VM operation: HandshakeAllThreads done

Events (20 events):
Event: 7.494 Thread 0x000001a6a2154c10 flushing nmethod 0x000001a6882e4b10
Event: 7.494 Thread 0x000001a6a2154c10 flushing nmethod 0x000001a6882e8290
Event: 7.494 Thread 0x000001a6a2154c10 flushing nmethod 0x000001a6882e9b10
Event: 7.494 Thread 0x000001a6a2154c10 flushing nmethod 0x000001a6882ea090
Event: 7.494 Thread 0x000001a6a2154c10 flushing nmethod 0x000001a6882ea690
Event: 7.494 Thread 0x000001a6a2154c10 flushing nmethod 0x000001a6882ec790
Event: 7.494 Thread 0x000001a6a2154c10 flushing nmethod 0x000001a6882ed810
Event: 7.494 Thread 0x000001a6a2154c10 flushing nmethod 0x000001a6882ef310
Event: 7.494 Thread 0x000001a6a2154c10 flushing nmethod 0x000001a6882ef690
Event: 7.494 Thread 0x000001a6a2154c10 flushing nmethod 0x000001a6882efa10
Event: 7.494 Thread 0x000001a6a2154c10 flushing nmethod 0x000001a6882efd90
Event: 7.494 Thread 0x000001a6a2154c10 flushing nmethod 0x000001a6882f0110
Event: 7.494 Thread 0x000001a6a2154c10 flushing nmethod 0x000001a6882f1590
Event: 7.494 Thread 0x000001a6a2154c10 flushing nmethod 0x000001a6882f1910
Event: 7.494 Thread 0x000001a6a2154c10 flushing nmethod 0x000001a6882f1c90
Event: 7.494 Thread 0x000001a6a2154c10 flushing nmethod 0x000001a6882f2010
Event: 7.602 Thread 0x000001a6fbb17020 Thread exited: 0x000001a6fbb17020
Event: 7.604 Thread 0x000001a71154a120 Thread exited: 0x000001a71154a120
Event: 7.624 Thread 0x000001a713d33a70 Thread exited: 0x000001a713d33a70
Event: 8.168 Thread 0x000001a6faf5dfe0 Thread exited: 0x000001a6faf5dfe0


Dynamic libraries:
0x00007ff778360000 - 0x00007ff77836e000 	C:\Users\sampw\.jdks\corretto-17.0.12\bin\java.exe
0x00007ffe785f0000 - 0x00007ffe78807000 	C:\WINDOWS\SYSTEM32\ntdll.dll
0x00007ffe77bb0000 - 0x00007ffe77c74000 	C:\WINDOWS\System32\KERNEL32.DLL
0x00007ffe75aa0000 - 0x00007ffe75e4d000 	C:\WINDOWS\System32\KERNELBASE.dll
0x00007ffe75980000 - 0x00007ffe75a91000 	C:\WINDOWS\System32\ucrtbase.dll
0x00007ffe65670000 - 0x00007ffe6568b000 	C:\Users\sampw\.jdks\corretto-17.0.12\bin\VCRUNTIME140.dll
0x00007ffe656c0000 - 0x00007ffe656d7000 	C:\Users\sampw\.jdks\corretto-17.0.12\bin\jli.dll
0x00007ffe76e60000 - 0x00007ffe7700e000 	C:\WINDOWS\System32\USER32.dll
0x00007ffe75e50000 - 0x00007ffe75e76000 	C:\WINDOWS\System32\win32u.dll
0x00007ffe6bf70000 - 0x00007ffe6c203000 	C:\WINDOWS\WinSxS\amd64_microsoft.windows.common-controls_6595b64144ccf1df_6.0.22621.3672_none_2713b9d173822955\COMCTL32.dll
0x00007ffe77010000 - 0x00007ffe77039000 	C:\WINDOWS\System32\GDI32.dll
0x00007ffe77930000 - 0x00007ffe779d7000 	C:\WINDOWS\System32\msvcrt.dll
0x00007ffe76110000 - 0x00007ffe76229000 	C:\WINDOWS\System32\gdi32full.dll
0x00007ffe75e80000 - 0x00007ffe75f1a000 	C:\WINDOWS\System32\msvcp_win.dll
0x00007ffe76b10000 - 0x00007ffe76b41000 	C:\WINDOWS\System32\IMM32.DLL
0x00007ffe70b50000 - 0x00007ffe70b5c000 	C:\Users\sampw\.jdks\corretto-17.0.12\bin\vcruntime140_1.dll
0x00007ffe5e880000 - 0x00007ffe5e90d000 	C:\Users\sampw\.jdks\corretto-17.0.12\bin\msvcp140.dll
0x00007ffdc6960000 - 0x00007ffdc75ca000 	C:\Users\sampw\.jdks\corretto-17.0.12\bin\server\jvm.dll
0x00007ffe76d10000 - 0x00007ffe76dc2000 	C:\WINDOWS\System32\ADVAPI32.dll
0x00007ffe77a00000 - 0x00007ffe77aa9000 	C:\WINDOWS\System32\sechost.dll
0x00007ffe76230000 - 0x00007ffe76258000 	C:\WINDOWS\System32\bcrypt.dll
0x00007ffe76660000 - 0x00007ffe76774000 	C:\WINDOWS\System32\RPCRT4.dll
0x00007ffe778b0000 - 0x00007ffe77921000 	C:\WINDOWS\System32\WS2_32.dll
0x00007ffe69b40000 - 0x00007ffe69b74000 	C:\WINDOWS\SYSTEM32\WINMM.dll
0x00007ffe74780000 - 0x00007ffe747cd000 	C:\WINDOWS\SYSTEM32\POWRPROF.dll
0x00007ffe6c210000 - 0x00007ffe6c21a000 	C:\WINDOWS\SYSTEM32\VERSION.dll
0x00007ffe74760000 - 0x00007ffe74773000 	C:\WINDOWS\SYSTEM32\UMPDC.dll
0x00007ffe74a30000 - 0x00007ffe74a48000 	C:\WINDOWS\SYSTEM32\kernel.appcore.dll
0x00007ffe702b0000 - 0x00007ffe702ba000 	C:\Users\sampw\.jdks\corretto-17.0.12\bin\jimage.dll
0x00007ffe73160000 - 0x00007ffe73392000 	C:\WINDOWS\SYSTEM32\DBGHELP.DLL
0x00007ffe76780000 - 0x00007ffe76b0d000 	C:\WINDOWS\System32\combase.dll
0x00007ffe76420000 - 0x00007ffe764f7000 	C:\WINDOWS\System32\OLEAUT32.dll
0x00007ffe69d40000 - 0x00007ffe69d72000 	C:\WINDOWS\SYSTEM32\dbgcore.DLL
0x00007ffe76090000 - 0x00007ffe7610b000 	C:\WINDOWS\System32\bcryptPrimitives.dll
0x00007ffe65780000 - 0x00007ffe6578e000 	C:\Users\sampw\.jdks\corretto-17.0.12\bin\instrument.dll
0x00007ffe63ec0000 - 0x00007ffe63ee5000 	C:\Users\sampw\.jdks\corretto-17.0.12\bin\java.dll
0x00007ffe5e7a0000 - 0x00007ffe5e877000 	C:\Users\sampw\.jdks\corretto-17.0.12\bin\jsvml.dll
0x00007ffe77d40000 - 0x00007ffe785a7000 	C:\WINDOWS\System32\SHELL32.dll
0x00007ffe73820000 - 0x00007ffe7411e000 	C:\WINDOWS\SYSTEM32\windows.storage.dll
0x00007ffe736e0000 - 0x00007ffe7381f000 	C:\WINDOWS\SYSTEM32\wintypes.dll
0x00007ffe77ab0000 - 0x00007ffe77ba9000 	C:\WINDOWS\System32\SHCORE.dll
0x00007ffe77850000 - 0x00007ffe778ae000 	C:\WINDOWS\System32\shlwapi.dll
0x00007ffe75840000 - 0x00007ffe75861000 	C:\WINDOWS\SYSTEM32\profapi.dll
0x00007ffe632b0000 - 0x00007ffe632c8000 	C:\Users\sampw\.jdks\corretto-17.0.12\bin\zip.dll
0x00007ffe65650000 - 0x00007ffe65669000 	C:\Users\sampw\.jdks\corretto-17.0.12\bin\net.dll
0x00007ffe71160000 - 0x00007ffe71296000 	C:\WINDOWS\SYSTEM32\WINHTTP.dll
0x00007ffe74ea0000 - 0x00007ffe74f09000 	C:\WINDOWS\system32\mswsock.dll
0x00007ffe653b0000 - 0x00007ffe653c6000 	C:\Users\sampw\.jdks\corretto-17.0.12\bin\nio.dll
0x00007ffe62fb0000 - 0x00007ffe62fca000 	C:\Program Files\JetBrains\IntelliJ IDEA Community Edition 2024.1.4\bin\breakgen64.dll
0x00007ffe647a0000 - 0x00007ffe647a9000 	C:\Users\sampw\.jdks\corretto-17.0.12\bin\extnet.dll
0x00007ffe5e720000 - 0x00007ffe5e79a000 	C:\Users\sampw\AppData\Local\Temp\lwjgl_sampw\3.3.2+13\x64\lwjgl.dll
0x00007ffe24cf0000 - 0x00007ffe24f60000 	C:\Users\sampw\AppData\Local\Temp\lwjgl_sampw\3.3.2+13\x64\jemalloc.dll
0x00007ffe24b60000 - 0x00007ffe24cf0000 	C:\Users\sampw\.jdks\corretto-17.0.12\bin\awt.dll
0x00007ffe6eb90000 - 0x00007ffe6ec27000 	C:\WINDOWS\SYSTEM32\apphelp.dll
0x00007ffe72ab0000 - 0x00007ffe72adb000 	C:\WINDOWS\system32\DWMAPI.DLL
0x00007ffe72830000 - 0x00007ffe728e0000 	C:\WINDOWS\system32\uxtheme.dll
0x00007ffe02d60000 - 0x00007ffe02e60000 	C:\WINDOWS\system32\opengl32.dll
0x00007ffe37010000 - 0x00007ffe3703d000 	C:\WINDOWS\SYSTEM32\GLU32.dll
0x00007ffe72b70000 - 0x00007ffe72ba7000 	C:\WINDOWS\SYSTEM32\dxcore.dll
0x00007ffe76500000 - 0x00007ffe7665b000 	C:\WINDOWS\System32\MSCTF.dll
0x00007ffe770d0000 - 0x00007ffe77275000 	C:\WINDOWS\System32\ole32.dll
0x00007ffe2f300000 - 0x00007ffe2f4a8000 	C:\WINDOWS\system32\d3d9.dll
0x00007ffe69b80000 - 0x00007ffe69d3a000 	C:\WINDOWS\System32\DriverStore\FileRepository\u0381040.inf_amd64_4455b7391a60ce8d\B380794\aticfx64.dll
0x00007ffe042e0000 - 0x00007ffe04314000 	C:\WINDOWS\System32\DriverStore\FileRepository\u0381040.inf_amd64_4455b7391a60ce8d\B380794\atiu9p64.dll
0x00007ffe03580000 - 0x00007ffe042d6000 	C:\WINDOWS\System32\DriverStore\FileRepository\u0381040.inf_amd64_4455b7391a60ce8d\B380794\atiumd64.dll
0x000000005b660000 - 0x000000005c51f000 	C:\WINDOWS\System32\DriverStore\FileRepository\u0381040.inf_amd64_4455b7391a60ce8d\B380794\atiumd6a.dll
0x00007ffe773d0000 - 0x00007ffe77844000 	C:\WINDOWS\System32\SETUPAPI.dll
0x00007ffe67750000 - 0x00007ffe67780000 	C:\WINDOWS\SYSTEM32\amdihk64.dll
0x00007ffe6bf20000 - 0x00007ffe6bf69000 	C:\WINDOWS\SYSTEM32\directxdatabasehelper.dll
0x00007ffe64140000 - 0x00007ffe64150000 	C:\Users\sampw\.jdks\corretto-17.0.12\bin\verify.dll
0x00007ffe48640000 - 0x00007ffe48657000 	C:\WINDOWS\system32\napinsp.dll
0x00007ffe48620000 - 0x00007ffe4863b000 	C:\WINDOWS\system32\pnrpnsp.dll
0x00007ffe74430000 - 0x00007ffe74528000 	C:\WINDOWS\SYSTEM32\DNSAPI.dll
0x00007ffe74400000 - 0x00007ffe7442d000 	C:\WINDOWS\SYSTEM32\IPHLPAPI.DLL
0x00007ffe77290000 - 0x00007ffe77299000 	C:\WINDOWS\System32\NSI.dll
0x00007ffe48600000 - 0x00007ffe48611000 	C:\WINDOWS\System32\winrnr.dll
0x00007ffe70590000 - 0x00007ffe705a5000 	C:\WINDOWS\system32\wshbth.dll
0x00007ffe485d0000 - 0x00007ffe485f7000 	C:\WINDOWS\system32\nlansp_c.dll
0x00007ffe70dc0000 - 0x00007ffe70dca000 	C:\Windows\System32\rasadhlp.dll
0x00007ffe701c0000 - 0x00007ffe70243000 	C:\WINDOWS\System32\fwpuclnt.dll
0x00007ffe5e690000 - 0x00007ffe5e712000 	C:\Users\sampw\AppData\Local\Temp\lwjgl_sampw\3.3.2+13\x64\glfw.dll
0x00007ffe5c430000 - 0x00007ffe5c476000 	C:\WINDOWS\SYSTEM32\dinput8.dll
0x00007ffe5f4a0000 - 0x00007ffe5f4b1000 	C:\WINDOWS\SYSTEM32\xinput1_4.dll
0x00007ffe755f0000 - 0x00007ffe7563e000 	C:\WINDOWS\SYSTEM32\cfgmgr32.dll
0x00007ffe755c0000 - 0x00007ffe755ec000 	C:\WINDOWS\SYSTEM32\DEVOBJ.dll
0x00007ffe64f20000 - 0x00007ffe6512e000 	C:\WINDOWS\SYSTEM32\inputhost.dll
0x00007ffe6e7b0000 - 0x00007ffe6e8e3000 	C:\WINDOWS\SYSTEM32\CoreMessaging.dll
0x00007ffe75100000 - 0x00007ffe7510c000 	C:\WINDOWS\SYSTEM32\CRYPTBASE.DLL
0x00007ffe77c90000 - 0x00007ffe77d40000 	C:\WINDOWS\System32\clbcatq.dll
0x00007ffe70440000 - 0x00007ffe70582000 	C:\Windows\System32\AppXDeploymentClient.dll
0x00007ffe6a3d0000 - 0x00007ffe6a3fc000 	C:\WINDOWS\System32\DriverStore\FileRepository\u0381040.inf_amd64_4455b7391a60ce8d\B380794\atig6pxx.dll
0x00007ffdf58b0000 - 0x00007ffdf8710000 	C:\WINDOWS\System32\DriverStore\FileRepository\u0381040.inf_amd64_4455b7391a60ce8d\B380794\atio6axx.dll
0x00007ffe06250000 - 0x00007ffe06275000 	C:\WINDOWS\SYSTEM32\dxva2.dll
0x00007ffe66dd0000 - 0x00007ffe66e0f000 	C:\WINDOWS\System32\DriverStore\FileRepository\u0381040.inf_amd64_4455b7391a60ce8d\B380794\atig6txx.dll
0x00007ffdfc010000 - 0x00007ffdfc1e0000 	C:\WINDOWS\SYSTEM32\atiadlxx.dll
0x00007ffe77c80000 - 0x00007ffe77c88000 	C:\WINDOWS\System32\PSAPI.DLL
0x00007ffe733c0000 - 0x00007ffe734c0000 	C:\WINDOWS\SYSTEM32\PROPSYS.dll
0x00007ffe574a0000 - 0x00007ffe574f9000 	C:\WINDOWS\SYSTEM32\pdh.dll
0x00007ffe75910000 - 0x00007ffe7597b000 	C:\WINDOWS\System32\WINTRUST.dll
0x00007ffe75f20000 - 0x00007ffe76087000 	C:\WINDOWS\System32\CRYPT32.dll
0x00007ffe75160000 - 0x00007ffe75172000 	C:\WINDOWS\SYSTEM32\MSASN1.dll
0x00007ffe4f0b0000 - 0x00007ffe4f10e000 	C:\Users\sampw\AppData\Local\Temp\lwjgl_sampw\3.3.2+13\x64\lwjgl_opengl.dll
0x00007ffe4f030000 - 0x00007ffe4f0a3000 	C:\Users\sampw\AppData\Local\Temp\lwjgl_sampw\3.3.2+13\x64\lwjgl_nuklear.dll
0x00007ffe47d30000 - 0x00007ffe47db2000 	C:\Users\sampw\AppData\Local\Temp\lwjgl_sampw\3.3.2+13\x64\lwjgl_stb.dll
0x00007ffe70e10000 - 0x00007ffe70ecd000 	C:\WINDOWS\SYSTEM32\mscms.dll
0x00007ffe05bd0000 - 0x00007ffe05c1a000 	C:\WINDOWS\SYSTEM32\icm32.dll
0x00007ffe75110000 - 0x00007ffe7512b000 	C:\WINDOWS\SYSTEM32\CRYPTSP.dll
0x00007ffe74990000 - 0x00007ffe749c5000 	C:\WINDOWS\system32\rsaenh.dll
0x00007ffe74fa0000 - 0x00007ffe74fc8000 	C:\WINDOWS\SYSTEM32\USERENV.dll
0x00007ffe70dd0000 - 0x00007ffe70de9000 	C:\WINDOWS\SYSTEM32\dhcpcsvc6.DLL
0x00007ffe70d40000 - 0x00007ffe70d5f000 	C:\WINDOWS\SYSTEM32\dhcpcsvc.DLL
0x00007ffe645c0000 - 0x00007ffe645ce000 	C:\Users\sampw\.jdks\corretto-17.0.12\bin\sunmscapi.dll
0x00007ffe752c0000 - 0x00007ffe752ee000 	C:\WINDOWS\SYSTEM32\ncrypt.dll
0x00007ffe75280000 - 0x00007ffe752b7000 	C:\WINDOWS\SYSTEM32\NTASN1.dll
0x00007ffe65190000 - 0x00007ffe652de000 	C:\WINDOWS\SYSTEM32\textinputframework.dll
0x00007ffe6b8d0000 - 0x00007ffe6bc3d000 	C:\WINDOWS\SYSTEM32\CoreUIComponents.dll
0x00007ffe59be0000 - 0x00007ffe59c49000 	C:\WINDOWS\system32\Oleacc.dll
0x00007ffe63ce0000 - 0x00007ffe63d2b000 	C:\WINDOWS\system32\ApplicationTargetedFeatureDatabase.dll
0x00007ffe6f830000 - 0x00007ffe6faba000 	C:\Windows\System32\twinapi.appcore.dll

dbghelp: loaded successfully - version: 4.0.5 - missing functions: none
symbol engine: initialized successfully - sym options: 0x614 - pdb path: .;C:\Users\sampw\.jdks\corretto-17.0.12\bin;C:\WINDOWS\SYSTEM32;C:\WINDOWS\WinSxS\amd64_microsoft.windows.common-controls_6595b64144ccf1df_6.0.22621.3672_none_2713b9d173822955;C:\Users\sampw\.jdks\corretto-17.0.12\bin\server;C:\Program Files\JetBrains\IntelliJ IDEA Community Edition 2024.1.4\bin;C:\Users\sampw\AppData\Local\Temp\lwjgl_sampw\3.3.2+13\x64;C:\WINDOWS\System32\DriverStore\FileRepository\u0381040.inf_amd64_4455b7391a60ce8d\B380794

VM Arguments:
jvm_args: -javaagent:C:\Program Files\JetBrains\IntelliJ IDEA Community Edition 2024.1.4\lib\idea_rt.jar=60424:C:\Program Files\JetBrains\IntelliJ IDEA Community Edition 2024.1.4\bin -Dfile.encoding=UTF-8 
java_command: com.xbuilders.game.Main devmode
java_class_path (initial): C:\Local Files\github\Xbuilders\target\classes;C:\Users\sampw\.m2\repository\com\google\code\gson\gson\2.10.1\gson-2.10.1.jar;C:\Users\sampw\.m2\repository\org\lwjgl\lwjgl\3.3.2\lwjgl-3.3.2.jar;C:\Users\sampw\.m2\repository\org\lwjgl\lwjgl-assimp\3.3.2\lwjgl-assimp-3.3.2.jar;C:\Users\sampw\.m2\repository\org\lwjgl\lwjgl-bgfx\3.3.2\lwjgl-bgfx-3.3.2.jar;C:\Users\sampw\.m2\repository\org\lwjgl\lwjgl-cuda\3.3.2\lwjgl-cuda-3.3.2.jar;C:\Users\sampw\.m2\repository\org\lwjgl\lwjgl-egl\3.3.2\lwjgl-egl-3.3.2.jar;C:\Users\sampw\.m2\repository\org\lwjgl\lwjgl-fmod\3.3.2\lwjgl-fmod-3.3.2.jar;C:\Users\sampw\.m2\repository\org\lwjgl\lwjgl-freetype\3.3.2\lwjgl-freetype-3.3.2.jar;C:\Users\sampw\.m2\repository\org\lwjgl\lwjgl-glfw\3.3.2\lwjgl-glfw-3.3.2.jar;C:\Users\sampw\.m2\repository\org\lwjgl\lwjgl-harfbuzz\3.3.2\lwjgl-harfbuzz-3.3.2.jar;C:\Users\sampw\.m2\repository\org\lwjgl\lwjgl-hwloc\3.3.2\lwjgl-hwloc-3.3.2.jar;C:\Users\sampw\.m2\repository\org\lwjgl\lwjgl-jawt\3.3.2\lwjgl-jawt-3.3.2.jar;C:\Users\sampw\.m2\repository\org\lwjgl\lwjgl-jemalloc\3.3.2\lwjgl-jemalloc-3.3.2.jar;C:\Users\sampw\.m2\repository\org\lwjgl\lwjgl-ktx\3.3.2\lwjgl-ktx-3.3.2.jar;C:\Users\sampw\.m2\repository\org\lwjgl\lwjgl-libdivide\3.3.2\lwjgl-libdivide-3.3.2.jar;C:\Users\sampw\.m2\repository\org\lwjgl\lwjgl-llvm\3.3.2\lwjgl-llvm-3.3.2.jar;C:\Users\sampw\.m2\repository\org\lwjgl\lwjgl-lmdb\3.3.2\lwjgl-lmdb-3.3.2.jar;C:\Users\sampw\.m2\repository\org\lwjgl\lwjgl-lz4\3.3.2\lwjgl-lz4-3.3.2.jar;C:\Users\sampw\.m2\repository\org\lwjgl\lwjgl-meow\3.3.2\lwjgl-meow-3.3.2.jar;C:\Users\sampw\.m2\repository\org\lwjgl\lwjgl-meshoptimizer\3.3.2\lwjgl-meshoptimizer-3.3.2.jar;C:\Users\sampw\.m2\repository\org\lwjgl\lwjgl-nanovg\3.3.2\lwjgl-nanovg-3.3.2.jar;C:\Users\sampw\.m2\repository\org\lwjgl\lwjgl-nfd\3.3.2\lwjgl-nfd-3.3.2.jar;C:\Users\sampw\.m2\repository\org\lwjgl\lwjgl-nuklear\3.3.2\lwjgl-nuklear-3.3.2.jar;C:\Users\sampw\.m2\repository\org\lwjgl\lwjgl-odbc\3.3.2\lwjgl-odbc-3.3.2.jar;C
Launcher Type: SUN_STANDARD

[Global flags]
     intx CICompilerCount                          = 12                                        {product} {ergonomic}
     uint ConcGCThreads                            = 3                                         {product} {ergonomic}
     uint G1ConcRefinementThreads                  = 13                                        {product} {ergonomic}
   size_t G1HeapRegionSize                         = 2097152                                   {product} {ergonomic}
    uintx GCDrainStackTargetSize                   = 64                                        {product} {ergonomic}
   size_t InitialHeapSize                          = 257949696                                 {product} {ergonomic}
   size_t MarkStackSize                            = 4194304                                   {product} {ergonomic}
   size_t MaxHeapSize                              = 4114612224                                {product} {ergonomic}
   size_t MaxNewSize                               = 2468347904                                {product} {ergonomic}
   size_t MinHeapDeltaBytes                        = 2097152                                   {product} {ergonomic}
   size_t MinHeapSize                              = 8388608                                   {product} {ergonomic}
    uintx NonNMethodCodeHeapSize                   = 7602480                                {pd product} {ergonomic}
    uintx NonProfiledCodeHeapSize                  = 122027880                              {pd product} {ergonomic}
    uintx ProfiledCodeHeapSize                     = 122027880                              {pd product} {ergonomic}
    uintx ReservedCodeCacheSize                    = 251658240                              {pd product} {ergonomic}
     bool SegmentedCodeCache                       = true                                      {product} {ergonomic}
   size_t SoftMaxHeapSize                          = 4114612224                             {manageable} {ergonomic}
     bool UseCompressedClassPointers               = true                           {product lp64_product} {ergonomic}
     bool UseCompressedOops                        = true                           {product lp64_product} {ergonomic}
     bool UseG1GC                                  = true                                      {product} {ergonomic}
     bool UseLargePagesIndividualAllocation        = false                                  {pd product} {ergonomic}

Logging:
Log output configuration:
 #0: stdout all=warning uptime,level,tags
 #1: stderr all=off uptime,level,tags

Environment Variables:
JAVA_HOME=C:\Program Files\Java\jdk-17.0.1
PATH=C:\Program Files\Common Files\Oracle\Java\javapath;C:\WINDOWS\system32;C:\WINDOWS;C:\WINDOWS\System32\Wbem;C:\WINDOWS\System32\WindowsPowerShell\v1.0\;C:\WINDOWS\System32\OpenSSH\;C:\Program Files\PuTTY\;C:\Program Files\nodejs\;C:\Program Files\Java\jdk-16.0.1\bin;C:\Program Files\Apache Software Foundation\apache-maven-3.8.1\bin;C:\Program Files\dotnet\;C:\Program Files\HP\HP One Agent;C:\Program Files\Git\cmd;C:\Program Files (x86)\Windows Kits\10\Windows Performance Toolkit\;C:\Program Files\GitHub CLI\;C:\Users\sampw\AppData\Local\Microsoft\WindowsApps;C:\Users\sampw\AppData\Roaming\npm;C:\Program Files (x86)\mingw-w64\i686-8.1.0-posix-dwarf-rt_v6-rev0\mingw32\bin;C:\Users\sampw\anaconda3;C:\Program Files\heroku\bin;C:\Programs\Program Downloads\ffmpeg-N-102431-gf140239777-win64-gpl-shared\bin;C:\Users\sampw\AppData\Local\Packages\PythonSoftwareFoundation.Python.3.9_qbz5n2kfra8p0\LocalCache\local-packages\Python39\Scripts;C:\Programs\apache-ant-1.10.13\bin;C:\Program Files\Microsoft Visual Studio\2022\Community\Common7\IDE\CommonExtensions\Microsoft\CMake\CMake\bin\;C:\Program Files\JetBrains\IntelliJ IDEA Community Edition 2023.3.2\bin;;C:\Users\sampw\AppData\Local\Programs\Microsoft VS Code\bin;C:\Users\sampw\AppData\Local\GitHubDesktop\bin
USERNAME=sampw
OS=Windows_NT
PROCESSOR_IDENTIFIER=AMD64 Family 23 Model 104 Stepping 1, AuthenticAMD
TMP=C:\Users\sampw\AppData\Local\Temp
TEMP=C:\Users\sampw\AppData\Local\Temp



Periodic native trim disabled


---------------  S Y S T E M  ---------------

OS:
 Windows 11 , 64 bit Build 22621 (10.0.22621.3958)
OS uptime: 4 days 4:52 hours
Hyper-V role detected

CPU: total 16 (initial active 16) (16 cores per cpu, 2 threads per core) family 23 model 104 stepping 1 microcode 0x0, cx8, cmov, fxsr, ht, mmx, 3dnowpref, sse, sse2, sse3, ssse3, sse4a, sse4.1, sse4.2, popcnt, lzcnt, tsc, tscinvbit, avx, avx2, aes, clmul, bmi1, bmi2, adx, sha, fma, vzeroupper, clflush, clflushopt, hv
Processor Information for all 16 processors :
  Max Mhz: 1801, Current Mhz: 1801, Mhz Limit: 1801

Memory: 4k page, system-wide physical 15695M (7353M free)
TotalPageFile size 29477M (AvailPageFile size 14559M)
current process WorkingSet (physical memory assigned to process): 529M, peak: 530M
current process commit charge ("private bytes"): 898M, peak: 928M

vm_info: OpenJDK 64-Bit Server VM (17.0.12+7-LTS) for windows-amd64 JRE (17.0.12+7-LTS), built on Jul 10 2024 20:46:33 by "Administrator" with MS VC++ 16.10 / 16.11 (VS2019)

END.
