#
# A fatal error has been detected by the Java Runtime Environment:
#
#  EXCEPTION_ACCESS_VIOLATION (0xc0000005) at pc=0x00007ffb68648846, pid=12216, tid=5312
#
# JRE version: OpenJDK Runtime Environment Corretto-17.0.12.7.1 (17.0.12+7) (build 17.0.12+7-LTS)
# Java VM: OpenJDK 64-Bit Server VM Corretto-17.0.12.7.1 (17.0.12+7-LTS, mixed mode, sharing, tiered, compressed oops, compressed class ptrs, g1 gc, windows-amd64)
# Problematic frame:
# C  [lwjgl_nuklear.dll+0x18846]
#
# No core dump will be written. Minidumps are not enabled by default on client versions of Windows
#
# If you would like to submit a bug report, please visit:
#   https://github.com/corretto/corretto-17/issues/
# The crash happened outside the Java Virtual Machine in native code.
# See problematic frame for where to report the bug.
#

---------------  S U M M A R Y ------------

Command Line: -javaagent:C:\Program Files\JetBrains\IntelliJ IDEA Community Edition 2024.1.4\lib\idea_rt.jar=60940:C:\Program Files\JetBrains\IntelliJ IDEA Community Edition 2024.1.4\bin -Dfile.encoding=UTF-8 com.xbuilders.Main devmode name=DEV

Host: AMD Ryzen 7 5700U with Radeon Graphics         , 16 cores, 15G,  Windows 11 , 64 bit Build 26100 (10.0.26100.3775)
Time: Sat Apr 19 12:27:40 2025 Mountain Daylight Time elapsed time: 3.874253 seconds (0d 0h 0m 3s)

---------------  T H R E A D  ---------------

Current thread (0x000001cebbfe8550):  JavaThread "main" [_thread_in_native, id=5312, stack(0x0000004ae0c00000,0x0000004ae0d00000)]

Stack: [0x0000004ae0c00000,0x0000004ae0d00000],  sp=0x0000004ae0cff180,  free space=1020k
Native frames: (J=compiled Java code, j=interpreted, Vv=VM code, C=native code)
C  [lwjgl_nuklear.dll+0x18846]

Java frames: (J=compiled Java code, j=interpreted, Vv=VM code)
j  org.lwjgl.nuklear.Nuklear.nnk_begin(JJJI)Z+0
j  org.lwjgl.nuklear.Nuklear.nk_begin(Lorg/lwjgl/nuklear/NkContext;Ljava/lang/CharSequence;Lorg/lwjgl/nuklear/NkRect;I)Z+38
j  com.xbuilders.engine.client.visuals.OpenHandler.<init>(Lorg/lwjgl/nuklear/NkContext;Ljava/lang/String;I)V+33
j  com.xbuilders.engine.client.visuals.FileDialog.<init>(Lorg/lwjgl/nuklear/NkContext;Lcom/xbuilders/engine/client/ClientWindow;)V+73
j  com.xbuilders.engine.client.visuals.gameScene.GameUI.<init>(Lcom/xbuilders/engine/server/Game;Lorg/lwjgl/nuklear/NkContext;Lcom/xbuilders/engine/client/ClientWindow;Lcom/xbuilders/engine/client/player/UserControlledPlayer;)V+100
j  com.xbuilders.engine.client.visuals.gameScene.GameScene.<init>(Lcom/xbuilders/engine/client/ClientWindow;Lcom/xbuilders/engine/server/Game;)V+84
j  com.xbuilders.engine.client.ClientWindow.init(Lcom/xbuilders/engine/server/Game;)V+91
j  com.xbuilders.engine.client.LocalClient.<init>([Ljava/lang/String;Ljava/lang/String;Lcom/xbuilders/engine/server/Game;)V+283
j  com.xbuilders.Main.main([Ljava/lang/String;)V+54
v  ~StubRoutines::call_stub

siginfo: EXCEPTION_ACCESS_VIOLATION (0xc0000005), reading address 0x0000000000000008


Registers:
RAX=0x0000000000000000, RBX=0x0000000000000068, RCX=0x000001cf2adb0078, RDX=0x000001cf2adb0010
RSP=0x0000004ae0cff180, RBP=0x000001cf26297f60, RSI=0x000001cf2629bf90, RDI=0x000001cf2adb0010
R8 =0x6c616944656c6946, R9 =0x00007ffb6866d076, R10=0x00007ffb68630000, R11=0x00007ffb6866c511
R12=0x000000001ae0940a, R13=0x000001cf26297f60, R14=0x0000000000000000, R15=0x0000004ae0cff260
RIP=0x00007ffb68648846, EFLAGS=0x0000000000010246


Register to memory mapping:

RIP=0x00007ffb68648846 lwjgl_nuklear.dll
RAX=0x0 is NULL
RBX=0x0000000000000068 is an unknown value
RCX=0x000001cf2adb0078 points into unknown readable memory: 0x000001cf2629e2c0 | c0 e2 29 26 cf 01 00 00
RDX=0x000001cf2adb0010 points into unknown readable memory: 0x1ae0940a00000001 | 01 00 00 00 0a 94 e0 1a
RSP=0x0000004ae0cff180 is pointing into the stack for thread: 0x000001cebbfe8550
RBP=0x000001cf26297f60 points into unknown readable memory: 0x6c616944656c6946 | 46 69 6c 65 44 69 61 6c
RSI=0x000001cf2629bf90 points into unknown readable memory: 0x0000000000000000 | 00 00 00 00 00 00 00 00
RDI=0x000001cf2adb0010 points into unknown readable memory: 0x1ae0940a00000001 | 01 00 00 00 0a 94 e0 1a
R8 =0x6c616944656c6946 is an unknown value
R9 =0x00007ffb6866d076 lwjgl_nuklear.dll
R10=0x00007ffb68630000 lwjgl_nuklear.dll
R11=0x00007ffb6866c511 lwjgl_nuklear.dll
R12=0x000000001ae0940a is an unknown value
R13=0x000001cf26297f60 points into unknown readable memory: 0x6c616944656c6946 | 46 69 6c 65 44 69 61 6c
R14=0x0 is NULL
R15=0x0000004ae0cff260 is pointing into the stack for thread: 0x000001cebbfe8550


Top of Stack: (sp=0x0000004ae0cff180)
0x0000004ae0cff180:   000000000000000a 000001cf2629bf90
0x0000004ae0cff190:   000000000000050a 0000000000157769
0x0000004ae0cff1a0:   000001cf21d232e8 000001cebbfe8550
0x0000004ae0cff1b0:   0000000200000007 0000000000000004
0x0000004ae0cff1c0:   0000000000000000 0000000000000000
0x0000004ae0cff1d0:   0000000000000000 0000000000000000
0x0000004ae0cff1e0:   0000000000000000 0000000000000000
0x0000004ae0cff1f0:   0000000000000000 0000000000000000
0x0000004ae0cff200:   000001cebbfe8550 0000004ae0cff378
0x0000004ae0cff210:   000001cf21d232e8 0000000000000000
0x0000004ae0cff220:   000000000000050a 00007ffb6865deaf
0x0000004ae0cff230:   000001cf21d232e8 0000004ae0cff328
0x0000004ae0cff240:   000001cf26297f60 000001cecaf5d54e
0x0000004ae0cff250:   000001cf00000068 000001cf21d232e8
0x0000004ae0cff260:   0000000000000000 0000000000000000
0x0000004ae0cff270:   0000004ae0cff378 000001cecaf5d6e1
0x0000004ae0cff280:   000001cebbfe8550 0000000717e1ca28
0x0000004ae0cff290:   000001cf21d232e8 0000000000000000
0x0000004ae0cff2a0:   000001cf2fe28270 000001ce00000068
0x0000004ae0cff2b0:   000001cf21d232e8 000001cf26297f60
0x0000004ae0cff2c0:   0000000000000067 000000000000000a
0x0000004ae0cff2d0:   000000000000000a 000001cecaf5d3b6
0x0000004ae0cff2e0:   0000004ae0cff2e0 000001cf21d232e8
0x0000004ae0cff2f0:   0000004ae0cff378 000001cf21d71358
0x0000004ae0cff300:   0000000000000000 0000000717eda4c0
0x0000004ae0cff310:   000001cf21d232e8 0000000000000000
0x0000004ae0cff320:   0000004ae0cff348 0000004ae0cff3c8
0x0000004ae0cff330:   000001cecaf59634 0000000717eda4c0
0x0000004ae0cff340:   000001cecaf5afe0 0000000000000068
0x0000004ae0cff350:   000001cf2fe28270 0000000000000000
0x0000004ae0cff360:   000001cf26297f60 0000000000000000
0x0000004ae0cff370:   000001cf2629bf90 0000000000000000 

Instructions: (pc=0x00007ffb68648846)
0x00007ffb68648746:   00 4c 89 b7 20 01 00 00 4c 39 b6 b0 45 00 00 75
0x00007ffb68648756:   47 eb 3e 8b 48 48 81 e1 00 f8 ff ff 0b 8c 24 d0
0x00007ffb68648766:   00 00 00 89 48 48 f6 c1 06 75 08 41 0f 28 07 0f
0x00007ffb68648776:   11 40 4c 8b 86 cc 45 00 00 89 07 4c 39 b6 b0 45
0x00007ffb68648786:   00 00 75 14 0f ba e1 0d 72 0e 48 89 be a8 45 00
0x00007ffb68648796:   00 48 89 be b0 45 00 00 f7 47 48 00 20 00 00 74
0x00007ffb686487a6:   31 48 89 be b8 45 00 00 4c 89 b7 a8 00 00 00 32
0x00007ffb686487b6:   c0 4c 8d 9c 24 80 00 00 00 49 8b 5b 30 49 8b 6b
0x00007ffb686487c6:   38 49 8b 73 40 49 8b e3 41 5f 41 5e 41 5d 41 5c
0x00007ffb686487d6:   5f c3 48 8d 4f 68 48 85 c9 74 1e 48 8b 86 88 23
0x00007ffb686487e6:   00 00 0f 10 05 71 0e 04 00 48 89 41 28 48 89 41
0x00007ffb686487f6:   30 0f 11 41 08 48 89 41 38 8b 5f 48 f7 c3 00 24
0x00007ffb68648806:   00 00 0f 85 4a 05 00 00 48 8b 86 70 01 00 00 48
0x00007ffb68648816:   8b d7 f3 0f 10 86 38 22 00 00 0f 29 74 24 70 f3
0x00007ffb68648826:   0f 58 c0 0f 29 7c 24 60 f3 0f 10 be 30 22 00 00
0x00007ffb68648836:   f3 0f 58 ff 44 0f 29 44 24 50 44 0f 29 4c 24 40
0x00007ffb68648846:   f3 0f 58 78 08 8b c3 c1 e8 0f f7 d0 f3 0f 58 f8
0x00007ffb68648856:   a8 01 74 06 48 8d 47 4c eb 2c f3 0f 10 47 4c 48
0x00007ffb68648866:   8d 44 24 20 f3 0f 10 4f 50 f3 0f 11 44 24 20 f3
0x00007ffb68648876:   0f 10 47 54 f3 0f 11 44 24 28 f3 0f 11 4c 24 24
0x00007ffb68648886:   f3 0f 11 7c 24 2c 0f 10 28 f3 0f 10 8e 0c 01 00
0x00007ffb68648896:   00 0f 2f cd 0f 28 dd 44 0f 28 cd 0f 28 f5 0f c6
0x00007ffb686488a6:   dd 55 44 0f c6 cd aa 0f c6 f5 ff 72 3e 0f 28 c5
0x00007ffb686488b6:   f3 41 0f 58 c1 0f 2f c1 76 31 f3 0f 10 8e 10 01
0x00007ffb686488c6:   00 00 0f 2f cb 72 24 0f 28 c6 f3 0f 58 c3 0f 2f
0x00007ffb686488d6:   c1 76 18 80 be 04 01 00 00 01 75 0f 83 be 08 01
0x00007ffb686488e6:   00 00 00 41 ba 01 00 00 00 75 03 45 8b d6 f3 44
0x00007ffb686488f6:   0f 10 86 44 01 00 00 44 0f 2f c5 72 2b 41 0f 28
0x00007ffb68648906:   c1 f3 0f 58 c5 41 0f 2f c0 76 1d f3 0f 10 8e 48
0x00007ffb68648916:   01 00 00 0f 2f cb 72 10 0f 28 c6 f3 0f 58 c3 0f
0x00007ffb68648926:   2f c1 76 04 b0 01 eb 02 32 c0 48 3b be b0 45 00
0x00007ffb68648936:   00 0f 84 b6 01 00 00 84 c0 0f 84 ae 01 00 00 80 


Stack slot to memory mapping:
stack at sp + 0 slots: 0x000000000000000a is an unknown value
stack at sp + 1 slots: 0x000001cf2629bf90 points into unknown readable memory: 0x0000000000000000 | 00 00 00 00 00 00 00 00
stack at sp + 2 slots: 0x000000000000050a is an unknown value
stack at sp + 3 slots: 0x0000000000157769 is an unknown value
stack at sp + 4 slots: {method} {0x000001cf21d232f0} 'nnk_begin' '(JJJI)Z' in 'org/lwjgl/nuklear/Nuklear'
stack at sp + 5 slots: 0x000001cebbfe8550 is a thread
stack at sp + 6 slots: 0x0000000200000007 is an unknown value
stack at sp + 7 slots: 0x0000000000000004 is an unknown value


---------------  P R O C E S S  ---------------

Threads class SMR info:
_java_thread_list=0x000001cf2fc4e600, length=18, elements={
0x000001cebbfe8550, 0x000001cedf0ca820, 0x000001cedf0cbd50, 0x000001cedf5340a0,
0x000001cedf534970, 0x000001cedf535db0, 0x000001cedf5371f0, 0x000001cedf5395c0,
0x000001cedf542080, 0x000001cedf5435f0, 0x000001cedf0b6510, 0x000001cf256e8720,
0x000001cf254f3590, 0x000001cf257d7420, 0x000001cf260e1640, 0x000001cf25f3d950,
0x000001cf257d13b0, 0x000001cf2581eb80
}

Java Threads: ( => current thread )
=>0x000001cebbfe8550 JavaThread "main" [_thread_in_native, id=5312, stack(0x0000004ae0c00000,0x0000004ae0d00000)]
  0x000001cedf0ca820 JavaThread "Reference Handler" daemon [_thread_blocked, id=4892, stack(0x0000004ae1300000,0x0000004ae1400000)]
  0x000001cedf0cbd50 JavaThread "Finalizer" daemon [_thread_blocked, id=20456, stack(0x0000004ae1400000,0x0000004ae1500000)]
  0x000001cedf5340a0 JavaThread "Signal Dispatcher" daemon [_thread_blocked, id=25444, stack(0x0000004ae1500000,0x0000004ae1600000)]
  0x000001cedf534970 JavaThread "Attach Listener" daemon [_thread_blocked, id=26268, stack(0x0000004ae1600000,0x0000004ae1700000)]
  0x000001cedf535db0 JavaThread "Service Thread" daemon [_thread_blocked, id=11980, stack(0x0000004ae1700000,0x0000004ae1800000)]
  0x000001cedf5371f0 JavaThread "Monitor Deflation Thread" daemon [_thread_blocked, id=25672, stack(0x0000004ae1800000,0x0000004ae1900000)]
  0x000001cedf5395c0 JavaThread "C2 CompilerThread0" daemon [_thread_blocked, id=10636, stack(0x0000004ae1900000,0x0000004ae1a00000)]
  0x000001cedf542080 JavaThread "C1 CompilerThread0" daemon [_thread_blocked, id=11780, stack(0x0000004ae1a00000,0x0000004ae1b00000)]
  0x000001cedf5435f0 JavaThread "Sweeper thread" daemon [_thread_blocked, id=19056, stack(0x0000004ae1b00000,0x0000004ae1c00000)]
  0x000001cedf0b6510 JavaThread "Common-Cleaner" daemon [_thread_blocked, id=17436, stack(0x0000004ae1c00000,0x0000004ae1d00000)]
  0x000001cf256e8720 JavaThread "Monitor Ctrl-Break" daemon [_thread_in_native, id=20360, stack(0x0000004ae1f00000,0x0000004ae2000000)]
  0x000001cf254f3590 JavaThread "Notification Thread" daemon [_thread_blocked, id=1660, stack(0x0000004ae2000000,0x0000004ae2100000)]
  0x000001cf257d7420 JavaThread "C1 CompilerThread1" daemon [_thread_blocked, id=21376, stack(0x0000004ae2300000,0x0000004ae2400000)]
  0x000001cf260e1640 JavaThread "C1 CompilerThread2" daemon [_thread_blocked, id=16120, stack(0x0000004ae2800000,0x0000004ae2900000)]
  0x000001cf25f3d950 JavaThread "C1 CompilerThread3" daemon [_thread_blocked, id=24328, stack(0x0000004ae2900000,0x0000004ae2a00000)]
  0x000001cf257d13b0 JavaThread "Java2D Disposer" daemon [_thread_blocked, id=19104, stack(0x0000004ae2a00000,0x0000004ae2b00000)]
  0x000001cf2581eb80 JavaThread "AWT-Windows" daemon [_thread_in_native, id=7352, stack(0x0000004ae2c00000,0x0000004ae2d00000)]

Other Threads:
  0x000001cedf0c5660 VMThread "VM Thread" [stack: 0x0000004ae1200000,0x0000004ae1300000] [id=4056]
  0x000001cf254817c0 WatcherThread [stack: 0x0000004ae2100000,0x0000004ae2200000] [id=19768]
  0x000001cebc053170 GCTaskThread "GC Thread#0" [stack: 0x0000004ae0d00000,0x0000004ae0e00000] [id=16320]
  0x000001cf255298d0 GCTaskThread "GC Thread#1" [stack: 0x0000004ae2400000,0x0000004ae2500000] [id=11184]
  0x000001cf256de300 GCTaskThread "GC Thread#2" [stack: 0x0000004ae2500000,0x0000004ae2600000] [id=11644]
  0x000001cf25dd4ec0 GCTaskThread "GC Thread#3" [stack: 0x0000004ae2600000,0x0000004ae2700000] [id=17336]
  0x000001cf25682830 GCTaskThread "GC Thread#4" [stack: 0x0000004ae2700000,0x0000004ae2800000] [id=18556]
  0x000001cf254f5030 GCTaskThread "GC Thread#5" [stack: 0x0000004ae1d00000,0x0000004ae1e00000] [id=9404]
  0x000001cf2fa99420 GCTaskThread "GC Thread#6" [stack: 0x0000004ae1e00000,0x0000004ae1f00000] [id=18744]
  0x000001cf2fc140a0 GCTaskThread "GC Thread#7" [stack: 0x0000004ae3a00000,0x0000004ae3b00000] [id=15688]
  0x000001cf2fa99ae0 GCTaskThread "GC Thread#8" [stack: 0x0000004ae3b00000,0x0000004ae3c00000] [id=2184]
  0x000001cf2fe577a0 GCTaskThread "GC Thread#9" [stack: 0x0000004ae3c00000,0x0000004ae3d00000] [id=4108]
  0x000001cf2fe58560 GCTaskThread "GC Thread#10" [stack: 0x0000004ae3d00000,0x0000004ae3e00000] [id=22352]
  0x000001cf2fe58820 GCTaskThread "GC Thread#11" [stack: 0x0000004ae3e00000,0x0000004ae3f00000] [id=19548]
  0x000001cf2fe57a60 GCTaskThread "GC Thread#12" [stack: 0x0000004ae3f00000,0x0000004ae4000000] [id=20120]
  0x000001cebc065510 ConcurrentGCThread "G1 Main Marker" [stack: 0x0000004ae0e00000,0x0000004ae0f00000] [id=3836]
  0x000001cebc066b00 ConcurrentGCThread "G1 Conc#0" [stack: 0x0000004ae0f00000,0x0000004ae1000000] [id=25536]
  0x000001cedef7f470 ConcurrentGCThread "G1 Refine#0" [stack: 0x0000004ae1000000,0x0000004ae1100000] [id=25720]
  0x000001cedef80c50 ConcurrentGCThread "G1 Service" [stack: 0x0000004ae1100000,0x0000004ae1200000] [id=9484]

Threads with active compile tasks:

VM state: not at safepoint (normal execution)

VM Mutex/Monitor currently owned by a thread: None

Heap address: 0x000000070ac00000, size: 3924 MB, Compressed Oops mode: Zero based, Oop shift amount: 3

CDS archive(s) mapped at: [0x000001cee0000000-0x000001cee0bb0000-0x000001cee0bb0000), size 12255232, SharedBaseAddress: 0x000001cee0000000, ArchiveRelocationMode: 1.
Compressed class space mapped at: 0x000001cee1000000-0x000001cf21000000, reserved size: 1073741824
Narrow klass base: 0x000001cee0000000, Narrow klass shift: 0, Narrow klass range: 0x100000000

GC Precious Log:
 CPUs: 16 total, 16 available
 Memory: 15695M
 Large Page Support: Disabled
 NUMA Support: Disabled
 Compressed Oops: Enabled (Zero based)
 Heap Region Size: 2M
 Heap Min Capacity: 8M
 Heap Initial Capacity: 246M
 Heap Max Capacity: 3924M
 Pre-touch: Disabled
 Parallel Workers: 13
 Concurrent Workers: 3
 Concurrent Refinement Workers: 13
 Periodic GC: Disabled

Heap:
 garbage-first heap   total 251904K, used 21471K [0x000000070ac00000, 0x0000000800000000)
  region size 2048K, 10 young (20480K), 2 survivors (4096K)
 Metaspace       used 20709K, committed 20992K, reserved 1114112K
  class space    used 1820K, committed 1984K, reserved 1048576K

Heap Regions: E=young(eden), S=young(survivor), O=old, HS=humongous(starts), HC=humongous(continues), CS=collection set, F=free, OA=open archive, CA=closed archive, TAMS=top-at-mark-start (previous, next)
|   0|0x000000070ac00000, 0x000000070ae00000, 0x000000070ae00000|100%| O|  |TAMS 0x000000070ac00000, 0x000000070ac00000| Untracked 
|   1|0x000000070ae00000, 0x000000070afc8400, 0x000000070b000000| 89%| O|  |TAMS 0x000000070ae00000, 0x000000070ae00000| Untracked 
|   2|0x000000070b000000, 0x000000070b000000, 0x000000070b200000|  0%| F|  |TAMS 0x000000070b000000, 0x000000070b000000| Untracked 
|   3|0x000000070b200000, 0x000000070b200000, 0x000000070b400000|  0%| F|  |TAMS 0x000000070b200000, 0x000000070b200000| Untracked 
|   4|0x000000070b400000, 0x000000070b400000, 0x000000070b600000|  0%| F|  |TAMS 0x000000070b400000, 0x000000070b400000| Untracked 
|   5|0x000000070b600000, 0x000000070b600000, 0x000000070b800000|  0%| F|  |TAMS 0x000000070b600000, 0x000000070b600000| Untracked 
|   6|0x000000070b800000, 0x000000070b800000, 0x000000070ba00000|  0%| F|  |TAMS 0x000000070b800000, 0x000000070b800000| Untracked 
|   7|0x000000070ba00000, 0x000000070ba00000, 0x000000070bc00000|  0%| F|  |TAMS 0x000000070ba00000, 0x000000070ba00000| Untracked 
|   8|0x000000070bc00000, 0x000000070bc00000, 0x000000070be00000|  0%| F|  |TAMS 0x000000070bc00000, 0x000000070bc00000| Untracked 
|   9|0x000000070be00000, 0x000000070be00000, 0x000000070c000000|  0%| F|  |TAMS 0x000000070be00000, 0x000000070be00000| Untracked 
|  10|0x000000070c000000, 0x000000070c000000, 0x000000070c200000|  0%| F|  |TAMS 0x000000070c000000, 0x000000070c000000| Untracked 
|  11|0x000000070c200000, 0x000000070c200000, 0x000000070c400000|  0%| F|  |TAMS 0x000000070c200000, 0x000000070c200000| Untracked 
|  12|0x000000070c400000, 0x000000070c400000, 0x000000070c600000|  0%| F|  |TAMS 0x000000070c400000, 0x000000070c400000| Untracked 
|  13|0x000000070c600000, 0x000000070c600000, 0x000000070c800000|  0%| F|  |TAMS 0x000000070c600000, 0x000000070c600000| Untracked 
|  14|0x000000070c800000, 0x000000070c800000, 0x000000070ca00000|  0%| F|  |TAMS 0x000000070c800000, 0x000000070c800000| Untracked 
|  15|0x000000070ca00000, 0x000000070ca00000, 0x000000070cc00000|  0%| F|  |TAMS 0x000000070ca00000, 0x000000070ca00000| Untracked 
|  16|0x000000070cc00000, 0x000000070cc00000, 0x000000070ce00000|  0%| F|  |TAMS 0x000000070cc00000, 0x000000070cc00000| Untracked 
|  17|0x000000070ce00000, 0x000000070ce00000, 0x000000070d000000|  0%| F|  |TAMS 0x000000070ce00000, 0x000000070ce00000| Untracked 
|  18|0x000000070d000000, 0x000000070d000000, 0x000000070d200000|  0%| F|  |TAMS 0x000000070d000000, 0x000000070d000000| Untracked 
|  19|0x000000070d200000, 0x000000070d200000, 0x000000070d400000|  0%| F|  |TAMS 0x000000070d200000, 0x000000070d200000| Untracked 
|  20|0x000000070d400000, 0x000000070d400000, 0x000000070d600000|  0%| F|  |TAMS 0x000000070d400000, 0x000000070d400000| Untracked 
|  21|0x000000070d600000, 0x000000070d600000, 0x000000070d800000|  0%| F|  |TAMS 0x000000070d600000, 0x000000070d600000| Untracked 
|  22|0x000000070d800000, 0x000000070d800000, 0x000000070da00000|  0%| F|  |TAMS 0x000000070d800000, 0x000000070d800000| Untracked 
|  23|0x000000070da00000, 0x000000070da00000, 0x000000070dc00000|  0%| F|  |TAMS 0x000000070da00000, 0x000000070da00000| Untracked 
|  24|0x000000070dc00000, 0x000000070dc00000, 0x000000070de00000|  0%| F|  |TAMS 0x000000070dc00000, 0x000000070dc00000| Untracked 
|  25|0x000000070de00000, 0x000000070de00000, 0x000000070e000000|  0%| F|  |TAMS 0x000000070de00000, 0x000000070de00000| Untracked 
|  26|0x000000070e000000, 0x000000070e000000, 0x000000070e200000|  0%| F|  |TAMS 0x000000070e000000, 0x000000070e000000| Untracked 
|  27|0x000000070e200000, 0x000000070e200000, 0x000000070e400000|  0%| F|  |TAMS 0x000000070e200000, 0x000000070e200000| Untracked 
|  28|0x000000070e400000, 0x000000070e400000, 0x000000070e600000|  0%| F|  |TAMS 0x000000070e400000, 0x000000070e400000| Untracked 
|  29|0x000000070e600000, 0x000000070e600000, 0x000000070e800000|  0%| F|  |TAMS 0x000000070e600000, 0x000000070e600000| Untracked 
|  30|0x000000070e800000, 0x000000070e800000, 0x000000070ea00000|  0%| F|  |TAMS 0x000000070e800000, 0x000000070e800000| Untracked 
|  31|0x000000070ea00000, 0x000000070ea00000, 0x000000070ec00000|  0%| F|  |TAMS 0x000000070ea00000, 0x000000070ea00000| Untracked 
|  32|0x000000070ec00000, 0x000000070ec00000, 0x000000070ee00000|  0%| F|  |TAMS 0x000000070ec00000, 0x000000070ec00000| Untracked 
|  33|0x000000070ee00000, 0x000000070ee00000, 0x000000070f000000|  0%| F|  |TAMS 0x000000070ee00000, 0x000000070ee00000| Untracked 
|  34|0x000000070f000000, 0x000000070f000000, 0x000000070f200000|  0%| F|  |TAMS 0x000000070f000000, 0x000000070f000000| Untracked 
|  35|0x000000070f200000, 0x000000070f200000, 0x000000070f400000|  0%| F|  |TAMS 0x000000070f200000, 0x000000070f200000| Untracked 
|  36|0x000000070f400000, 0x000000070f400000, 0x000000070f600000|  0%| F|  |TAMS 0x000000070f400000, 0x000000070f400000| Untracked 
|  37|0x000000070f600000, 0x000000070f600000, 0x000000070f800000|  0%| F|  |TAMS 0x000000070f600000, 0x000000070f600000| Untracked 
|  38|0x000000070f800000, 0x000000070f800000, 0x000000070fa00000|  0%| F|  |TAMS 0x000000070f800000, 0x000000070f800000| Untracked 
|  39|0x000000070fa00000, 0x000000070fa00000, 0x000000070fc00000|  0%| F|  |TAMS 0x000000070fa00000, 0x000000070fa00000| Untracked 
|  40|0x000000070fc00000, 0x000000070fc00000, 0x000000070fe00000|  0%| F|  |TAMS 0x000000070fc00000, 0x000000070fc00000| Untracked 
|  41|0x000000070fe00000, 0x000000070fe00000, 0x0000000710000000|  0%| F|  |TAMS 0x000000070fe00000, 0x000000070fe00000| Untracked 
|  42|0x0000000710000000, 0x0000000710000000, 0x0000000710200000|  0%| F|  |TAMS 0x0000000710000000, 0x0000000710000000| Untracked 
|  43|0x0000000710200000, 0x0000000710200000, 0x0000000710400000|  0%| F|  |TAMS 0x0000000710200000, 0x0000000710200000| Untracked 
|  44|0x0000000710400000, 0x0000000710400000, 0x0000000710600000|  0%| F|  |TAMS 0x0000000710400000, 0x0000000710400000| Untracked 
|  45|0x0000000710600000, 0x0000000710600000, 0x0000000710800000|  0%| F|  |TAMS 0x0000000710600000, 0x0000000710600000| Untracked 
|  46|0x0000000710800000, 0x0000000710800000, 0x0000000710a00000|  0%| F|  |TAMS 0x0000000710800000, 0x0000000710800000| Untracked 
|  47|0x0000000710a00000, 0x0000000710a00000, 0x0000000710c00000|  0%| F|  |TAMS 0x0000000710a00000, 0x0000000710a00000| Untracked 
|  48|0x0000000710c00000, 0x0000000710c00000, 0x0000000710e00000|  0%| F|  |TAMS 0x0000000710c00000, 0x0000000710c00000| Untracked 
|  49|0x0000000710e00000, 0x0000000710e00000, 0x0000000711000000|  0%| F|  |TAMS 0x0000000710e00000, 0x0000000710e00000| Untracked 
|  50|0x0000000711000000, 0x0000000711000000, 0x0000000711200000|  0%| F|  |TAMS 0x0000000711000000, 0x0000000711000000| Untracked 
|  51|0x0000000711200000, 0x0000000711200000, 0x0000000711400000|  0%| F|  |TAMS 0x0000000711200000, 0x0000000711200000| Untracked 
|  52|0x0000000711400000, 0x0000000711400000, 0x0000000711600000|  0%| F|  |TAMS 0x0000000711400000, 0x0000000711400000| Untracked 
|  53|0x0000000711600000, 0x0000000711600000, 0x0000000711800000|  0%| F|  |TAMS 0x0000000711600000, 0x0000000711600000| Untracked 
|  54|0x0000000711800000, 0x0000000711800000, 0x0000000711a00000|  0%| F|  |TAMS 0x0000000711800000, 0x0000000711800000| Untracked 
|  55|0x0000000711a00000, 0x0000000711a00000, 0x0000000711c00000|  0%| F|  |TAMS 0x0000000711a00000, 0x0000000711a00000| Untracked 
|  56|0x0000000711c00000, 0x0000000711c00000, 0x0000000711e00000|  0%| F|  |TAMS 0x0000000711c00000, 0x0000000711c00000| Untracked 
|  57|0x0000000711e00000, 0x0000000711e00000, 0x0000000712000000|  0%| F|  |TAMS 0x0000000711e00000, 0x0000000711e00000| Untracked 
|  58|0x0000000712000000, 0x0000000712000000, 0x0000000712200000|  0%| F|  |TAMS 0x0000000712000000, 0x0000000712000000| Untracked 
|  59|0x0000000712200000, 0x0000000712200000, 0x0000000712400000|  0%| F|  |TAMS 0x0000000712200000, 0x0000000712200000| Untracked 
|  60|0x0000000712400000, 0x0000000712400000, 0x0000000712600000|  0%| F|  |TAMS 0x0000000712400000, 0x0000000712400000| Untracked 
|  61|0x0000000712600000, 0x0000000712600000, 0x0000000712800000|  0%| F|  |TAMS 0x0000000712600000, 0x0000000712600000| Untracked 
|  62|0x0000000712800000, 0x0000000712800000, 0x0000000712a00000|  0%| F|  |TAMS 0x0000000712800000, 0x0000000712800000| Untracked 
|  63|0x0000000712a00000, 0x0000000712a00000, 0x0000000712c00000|  0%| F|  |TAMS 0x0000000712a00000, 0x0000000712a00000| Untracked 
|  64|0x0000000712c00000, 0x0000000712c00000, 0x0000000712e00000|  0%| F|  |TAMS 0x0000000712c00000, 0x0000000712c00000| Untracked 
|  65|0x0000000712e00000, 0x0000000712e00000, 0x0000000713000000|  0%| F|  |TAMS 0x0000000712e00000, 0x0000000712e00000| Untracked 
|  66|0x0000000713000000, 0x0000000713000000, 0x0000000713200000|  0%| F|  |TAMS 0x0000000713000000, 0x0000000713000000| Untracked 
|  67|0x0000000713200000, 0x0000000713200000, 0x0000000713400000|  0%| F|  |TAMS 0x0000000713200000, 0x0000000713200000| Untracked 
|  68|0x0000000713400000, 0x0000000713400000, 0x0000000713600000|  0%| F|  |TAMS 0x0000000713400000, 0x0000000713400000| Untracked 
|  69|0x0000000713600000, 0x0000000713600000, 0x0000000713800000|  0%| F|  |TAMS 0x0000000713600000, 0x0000000713600000| Untracked 
|  70|0x0000000713800000, 0x0000000713800000, 0x0000000713a00000|  0%| F|  |TAMS 0x0000000713800000, 0x0000000713800000| Untracked 
|  71|0x0000000713a00000, 0x0000000713a00000, 0x0000000713c00000|  0%| F|  |TAMS 0x0000000713a00000, 0x0000000713a00000| Untracked 
|  72|0x0000000713c00000, 0x0000000713c00000, 0x0000000713e00000|  0%| F|  |TAMS 0x0000000713c00000, 0x0000000713c00000| Untracked 
|  73|0x0000000713e00000, 0x0000000713e00000, 0x0000000714000000|  0%| F|  |TAMS 0x0000000713e00000, 0x0000000713e00000| Untracked 
|  74|0x0000000714000000, 0x0000000714000000, 0x0000000714200000|  0%| F|  |TAMS 0x0000000714000000, 0x0000000714000000| Untracked 
|  75|0x0000000714200000, 0x0000000714200000, 0x0000000714400000|  0%| F|  |TAMS 0x0000000714200000, 0x0000000714200000| Untracked 
|  76|0x0000000714400000, 0x0000000714400000, 0x0000000714600000|  0%| F|  |TAMS 0x0000000714400000, 0x0000000714400000| Untracked 
|  77|0x0000000714600000, 0x0000000714600000, 0x0000000714800000|  0%| F|  |TAMS 0x0000000714600000, 0x0000000714600000| Untracked 
|  78|0x0000000714800000, 0x0000000714800000, 0x0000000714a00000|  0%| F|  |TAMS 0x0000000714800000, 0x0000000714800000| Untracked 
|  79|0x0000000714a00000, 0x0000000714a00000, 0x0000000714c00000|  0%| F|  |TAMS 0x0000000714a00000, 0x0000000714a00000| Untracked 
|  80|0x0000000714c00000, 0x0000000714c00000, 0x0000000714e00000|  0%| F|  |TAMS 0x0000000714c00000, 0x0000000714c00000| Untracked 
|  81|0x0000000714e00000, 0x0000000714e00000, 0x0000000715000000|  0%| F|  |TAMS 0x0000000714e00000, 0x0000000714e00000| Untracked 
|  82|0x0000000715000000, 0x0000000715000000, 0x0000000715200000|  0%| F|  |TAMS 0x0000000715000000, 0x0000000715000000| Untracked 
|  83|0x0000000715200000, 0x0000000715200000, 0x0000000715400000|  0%| F|  |TAMS 0x0000000715200000, 0x0000000715200000| Untracked 
|  84|0x0000000715400000, 0x0000000715400000, 0x0000000715600000|  0%| F|  |TAMS 0x0000000715400000, 0x0000000715400000| Untracked 
|  85|0x0000000715600000, 0x0000000715600000, 0x0000000715800000|  0%| F|  |TAMS 0x0000000715600000, 0x0000000715600000| Untracked 
|  86|0x0000000715800000, 0x0000000715800000, 0x0000000715a00000|  0%| F|  |TAMS 0x0000000715800000, 0x0000000715800000| Untracked 
|  87|0x0000000715a00000, 0x0000000715a00000, 0x0000000715c00000|  0%| F|  |TAMS 0x0000000715a00000, 0x0000000715a00000| Untracked 
|  88|0x0000000715c00000, 0x0000000715c00000, 0x0000000715e00000|  0%| F|  |TAMS 0x0000000715c00000, 0x0000000715c00000| Untracked 
|  89|0x0000000715e00000, 0x0000000715e00000, 0x0000000716000000|  0%| F|  |TAMS 0x0000000715e00000, 0x0000000715e00000| Untracked 
|  90|0x0000000716000000, 0x0000000716000000, 0x0000000716200000|  0%| F|  |TAMS 0x0000000716000000, 0x0000000716000000| Untracked 
|  91|0x0000000716200000, 0x0000000716200000, 0x0000000716400000|  0%| F|  |TAMS 0x0000000716200000, 0x0000000716200000| Untracked 
|  92|0x0000000716400000, 0x0000000716400000, 0x0000000716600000|  0%| F|  |TAMS 0x0000000716400000, 0x0000000716400000| Untracked 
|  93|0x0000000716600000, 0x0000000716600000, 0x0000000716800000|  0%| F|  |TAMS 0x0000000716600000, 0x0000000716600000| Untracked 
|  94|0x0000000716800000, 0x0000000716800000, 0x0000000716a00000|  0%| F|  |TAMS 0x0000000716800000, 0x0000000716800000| Untracked 
|  95|0x0000000716a00000, 0x0000000716a00000, 0x0000000716c00000|  0%| F|  |TAMS 0x0000000716a00000, 0x0000000716a00000| Untracked 
|  96|0x0000000716c00000, 0x0000000716c00000, 0x0000000716e00000|  0%| F|  |TAMS 0x0000000716c00000, 0x0000000716c00000| Untracked 
|  97|0x0000000716e00000, 0x0000000716e00000, 0x0000000717000000|  0%| F|  |TAMS 0x0000000716e00000, 0x0000000716e00000| Untracked 
|  98|0x0000000717000000, 0x0000000717000000, 0x0000000717200000|  0%| F|  |TAMS 0x0000000717000000, 0x0000000717000000| Untracked 
|  99|0x0000000717200000, 0x0000000717200000, 0x0000000717400000|  0%| F|  |TAMS 0x0000000717200000, 0x0000000717200000| Untracked 
| 100|0x0000000717400000, 0x0000000717400000, 0x0000000717600000|  0%| F|  |TAMS 0x0000000717400000, 0x0000000717400000| Untracked 
| 101|0x0000000717600000, 0x0000000717600000, 0x0000000717800000|  0%| F|  |TAMS 0x0000000717600000, 0x0000000717600000| Untracked 
| 102|0x0000000717800000, 0x0000000717800000, 0x0000000717a00000|  0%| F|  |TAMS 0x0000000717800000, 0x0000000717800000| Untracked 
| 103|0x0000000717a00000, 0x0000000717a00000, 0x0000000717c00000|  0%| F|  |TAMS 0x0000000717a00000, 0x0000000717a00000| Untracked 
| 104|0x0000000717c00000, 0x0000000717d2fa38, 0x0000000717e00000| 59%| S|CS|TAMS 0x0000000717c00000, 0x0000000717c00000| Complete 
| 105|0x0000000717e00000, 0x0000000718000000, 0x0000000718000000|100%| S|CS|TAMS 0x0000000717e00000, 0x0000000717e00000| Complete 
| 106|0x0000000718000000, 0x0000000718000000, 0x0000000718200000|  0%| F|  |TAMS 0x0000000718000000, 0x0000000718000000| Untracked 
| 107|0x0000000718200000, 0x0000000718200000, 0x0000000718400000|  0%| F|  |TAMS 0x0000000718200000, 0x0000000718200000| Untracked 
| 108|0x0000000718400000, 0x0000000718400000, 0x0000000718600000|  0%| F|  |TAMS 0x0000000718400000, 0x0000000718400000| Untracked 
| 109|0x0000000718600000, 0x0000000718600000, 0x0000000718800000|  0%| F|  |TAMS 0x0000000718600000, 0x0000000718600000| Untracked 
| 110|0x0000000718800000, 0x0000000718800000, 0x0000000718a00000|  0%| F|  |TAMS 0x0000000718800000, 0x0000000718800000| Untracked 
| 111|0x0000000718a00000, 0x0000000718a00000, 0x0000000718c00000|  0%| F|  |TAMS 0x0000000718a00000, 0x0000000718a00000| Untracked 
| 112|0x0000000718c00000, 0x0000000718c00000, 0x0000000718e00000|  0%| F|  |TAMS 0x0000000718c00000, 0x0000000718c00000| Untracked 
| 113|0x0000000718e00000, 0x0000000718e00000, 0x0000000719000000|  0%| F|  |TAMS 0x0000000718e00000, 0x0000000718e00000| Untracked 
| 114|0x0000000719000000, 0x0000000719000000, 0x0000000719200000|  0%| F|  |TAMS 0x0000000719000000, 0x0000000719000000| Untracked 
| 115|0x0000000719200000, 0x0000000719400000, 0x0000000719400000|100%| E|  |TAMS 0x0000000719200000, 0x0000000719200000| Complete 
| 116|0x0000000719400000, 0x0000000719600000, 0x0000000719600000|100%| E|CS|TAMS 0x0000000719400000, 0x0000000719400000| Complete 
| 117|0x0000000719600000, 0x0000000719800000, 0x0000000719800000|100%| E|CS|TAMS 0x0000000719600000, 0x0000000719600000| Complete 
| 118|0x0000000719800000, 0x0000000719a00000, 0x0000000719a00000|100%| E|CS|TAMS 0x0000000719800000, 0x0000000719800000| Complete 
| 119|0x0000000719a00000, 0x0000000719c00000, 0x0000000719c00000|100%| E|CS|TAMS 0x0000000719a00000, 0x0000000719a00000| Complete 
| 120|0x0000000719c00000, 0x0000000719e00000, 0x0000000719e00000|100%| E|CS|TAMS 0x0000000719c00000, 0x0000000719c00000| Complete 
| 121|0x0000000719e00000, 0x000000071a000000, 0x000000071a000000|100%| E|CS|TAMS 0x0000000719e00000, 0x0000000719e00000| Complete 
| 122|0x000000071a000000, 0x000000071a200000, 0x000000071a200000|100%| E|CS|TAMS 0x000000071a000000, 0x000000071a000000| Complete 

Card table byte_map: [0x000001ced3b30000,0x000001ced42e0000] _byte_map_base: 0x000001ced02da000

Marking Bits (Prev, Next): (CMBitMap*) 0x000001cebc0556a0, (CMBitMap*) 0x000001cebc0556e0
 Prev Bits: [0x000001ced4a90000, 0x000001ced87e0000)
 Next Bits: [0x000001ced87e0000, 0x000001cedc530000)

Polling page: 0x000001ceb9f40000

Metaspace:

Usage:
  Non-class:     18.45 MB used.
      Class:      1.78 MB used.
       Both:     20.22 MB used.

Virtual space:
  Non-class space:       64.00 MB reserved,      18.56 MB ( 29%) committed,  1 nodes.
      Class space:        1.00 GB reserved,       1.94 MB ( <1%) committed,  1 nodes.
             Both:        1.06 GB reserved,      20.50 MB (  2%) committed. 

Chunk freelists:
   Non-Class:  13.30 MB
       Class:  14.05 MB
        Both:  27.34 MB

MaxMetaspaceSize: unlimited
CompressedClassSpaceSize: 1.00 GB
Initial GC threshold: 21.00 MB
Current GC threshold: 21.00 MB
CDS: on
MetaspaceReclaimPolicy: balanced
 - commit_granule_bytes: 65536.
 - commit_granule_words: 8192.
 - virtual_space_node_default_size: 8388608.
 - enlarge_chunks_in_place: 1.
 - new_chunks_are_fully_committed: 0.
 - uncommit_free_chunks: 1.
 - use_allocation_guard: 0.
 - handle_deallocations: 1.


Internal statistics:

num_allocs_failed_limit: 0.
num_arena_births: 202.
num_arena_deaths: 0.
num_vsnodes_births: 2.
num_vsnodes_deaths: 0.
num_space_committed: 326.
num_space_uncommitted: 0.
num_chunks_returned_to_freelist: 0.
num_chunks_taken_from_freelist: 648.
num_chunk_merges: 0.
num_chunk_splits: 483.
num_chunks_enlarged: 391.
num_inconsistent_stats: 0.

CodeHeap 'non-profiled nmethods': size=119168Kb used=902Kb max_used=902Kb free=118265Kb
 bounds [0x000001cecb6a0000, 0x000001cecb910000, 0x000001ced2b00000]
CodeHeap 'profiled nmethods': size=119104Kb used=3955Kb max_used=3955Kb free=115148Kb
 bounds [0x000001cec3b00000, 0x000001cec3ee0000, 0x000001cecaf50000]
CodeHeap 'non-nmethods': size=7488Kb used=3582Kb max_used=3603Kb free=3905Kb
 bounds [0x000001cecaf50000, 0x000001cecb2e0000, 0x000001cecb6a0000]
 total_blobs=3460 nmethods=2050 adapters=1320
 compilation: enabled
              stopped_count=0, restarted_count=0
 full_count=0

Compilation events (20 events):
Event: 3.850 Thread 0x000001cedf542080 nmethod 2037 0x000001cec3eda910 code [0x000001cec3edaac0, 0x000001cec3edad98]
Event: 3.850 Thread 0x000001cf25f3d950 nmethod 2039 0x000001cec3edae90 code [0x000001cec3edb060, 0x000001cec3edb498]
Event: 3.853 Thread 0x000001cedf5395c0 nmethod 2027 0x000001cecb77bb90 code [0x000001cecb77bd60, 0x000001cecb77d488]
Event: 3.854 Thread 0x000001cedf5395c0 2040       4       java.lang.StringConcatHelper::stringOf (20 bytes)
Event: 3.855 Thread 0x000001cedf5395c0 nmethod 2040 0x000001cecb77dd10 code [0x000001cecb77de80, 0x000001cecb77df18]
Event: 3.855 Thread 0x000001cf257d7420 2041       3       java.util.regex.Pattern$BmpCharProperty::match (55 bytes)
Event: 3.856 Thread 0x000001cf257d7420 nmethod 2041 0x000001cec3edb610 code [0x000001cec3edb7e0, 0x000001cec3edbc88]
Event: 3.856 Thread 0x000001cf257d7420 2042       1       java.util.Formatter$Flags::valueOf (5 bytes)
Event: 3.856 Thread 0x000001cf257d7420 nmethod 2042 0x000001cecb77e010 code [0x000001cecb77e1a0, 0x000001cecb77e278]
Event: 3.856 Thread 0x000001cf257d7420 2043       3       java.util.regex.Pattern$$Lambda$19/0x800000029::is (13 bytes)
Event: 3.856 Thread 0x000001cf260e1640 2044       3       java.util.regex.Pattern::lambda$Range$17 (7 bytes)
Event: 3.856 Thread 0x000001cf25f3d950 2045       3       java.util.regex.Pattern::inRange (16 bytes)
Event: 3.856 Thread 0x000001cedf5395c0 2046       4       org.lwjgl.system.MemoryStack::pop (22 bytes)
Event: 3.857 Thread 0x000001cedf542080 2049       3       java.util.regex.Pattern$CharProperty::<init> (10 bytes)
Event: 3.857 Thread 0x000001cf257d7420 nmethod 2043 0x000001cec3edbe10 code [0x000001cec3edbfc0, 0x000001cec3edc218]
Event: 3.857 Thread 0x000001cf25f3d950 nmethod 2045 0x000001cec3edc310 code [0x000001cec3edc4a0, 0x000001cec3edc618]
Event: 3.857 Thread 0x000001cf260e1640 nmethod 2044 0x000001cec3edc690 code [0x000001cec3edc820, 0x000001cec3edc9f8]
Event: 3.858 Thread 0x000001cedf542080 nmethod 2049 0x000001cec3edca90 code [0x000001cec3edcc40, 0x000001cec3edced8]
Event: 3.858 Thread 0x000001cedf5395c0 nmethod 2046 0x000001cecb77e310 code [0x000001cecb77e480, 0x000001cecb77e558]
Event: 3.858 Thread 0x000001cedf5395c0 2048 %     4       java.util.regex.Pattern::compile @ 73 (500 bytes)

GC Heap History (4 events):
Event: 2.380 GC heap before
{Heap before GC invocations=0 (full 0):
 garbage-first heap   total 251904K, used 20480K [0x000000070ac00000, 0x0000000800000000)
  region size 2048K, 11 young (22528K), 0 survivors (0K)
 Metaspace       used 1431K, committed 1600K, reserved 1114112K
  class space    used 95K, committed 192K, reserved 1048576K
}
Event: 2.384 GC heap after
{Heap after GC invocations=1 (full 0):
 garbage-first heap   total 251904K, used 4291K [0x000000070ac00000, 0x0000000800000000)
  region size 2048K, 2 young (4096K), 2 survivors (4096K)
 Metaspace       used 1431K, committed 1600K, reserved 1114112K
  class space    used 95K, committed 192K, reserved 1048576K
}
Event: 3.636 GC heap before
{Heap before GC invocations=1 (full 0):
 garbage-first heap   total 251904K, used 32963K [0x000000070ac00000, 0x0000000800000000)
  region size 2048K, 17 young (34816K), 2 survivors (4096K)
 Metaspace       used 17167K, committed 17344K, reserved 1114112K
  class space    used 1444K, committed 1536K, reserved 1048576K
}
Event: 3.642 GC heap after
{Heap after GC invocations=2 (full 0):
 garbage-first heap   total 251904K, used 7135K [0x000000070ac00000, 0x0000000800000000)
  region size 2048K, 2 young (4096K), 2 survivors (4096K)
 Metaspace       used 17167K, committed 17344K, reserved 1114112K
  class space    used 1444K, committed 1536K, reserved 1048576K
}

Dll operation events (15 events):
Event: 0.012 Loaded shared library C:\Users\sampw\.jdks\corretto-17.0.12\bin\java.dll
Event: 0.030 Loaded shared library C:\Users\sampw\.jdks\corretto-17.0.12\bin\jsvml.dll
Event: 0.187 Loaded shared library C:\Users\sampw\.jdks\corretto-17.0.12\bin\zip.dll
Event: 0.192 Loaded shared library C:\Users\sampw\.jdks\corretto-17.0.12\bin\instrument.dll
Event: 0.206 Loaded shared library C:\Users\sampw\.jdks\corretto-17.0.12\bin\net.dll
Event: 0.208 Loaded shared library C:\Users\sampw\.jdks\corretto-17.0.12\bin\nio.dll
Event: 0.213 Loaded shared library C:\Users\sampw\.jdks\corretto-17.0.12\bin\zip.dll
Event: 0.375 Loaded shared library C:\Program Files\JetBrains\IntelliJ IDEA Community Edition 2024.1.4\bin\breakgen64.dll
Event: 0.390 Loaded shared library C:\Users\sampw\.jdks\corretto-17.0.12\bin\extnet.dll
Event: 1.054 Loaded shared library C:\Users\sampw\.jdks\corretto-17.0.12\bin\jimage.dll
Event: 2.481 Loaded shared library C:\Users\sampw\.jdks\corretto-17.0.12\bin\awt.dll
Event: 2.742 Loaded shared library C:\Users\sampw\.jdks\corretto-17.0.12\bin\verify.dll
Event: 2.866 Loaded shared library C:\Users\sampw\AppData\Local\Temp\lwjgl_sampw\3.3.2+13\x64\lwjgl.dll
Event: 3.385 Loaded shared library C:\Users\sampw\AppData\Local\Temp\lwjgl_sampw\3.3.2+13\x64\lwjgl_opengl.dll
Event: 3.501 Loaded shared library C:\Users\sampw\AppData\Local\Temp\lwjgl_sampw\3.3.2+13\x64\lwjgl_nuklear.dll

Deoptimization events (20 events):
Event: 3.512 Thread 0x000001cebbfe8550 Uncommon trap: trap_request=0xffffff5c fr.pc=0x000001cecb761858 relative=0x0000000000000058
Event: 3.512 Thread 0x000001cebbfe8550 Uncommon trap: reason=speculate_null_check action=make_not_entrant pc=0x000001cecb761858 method=sun.misc.Unsafe.putInt(Ljava/lang/Object;JI)V @ 7 c2
Event: 3.512 Thread 0x000001cebbfe8550 DEOPT PACKING pc=0x000001cecb761858 sp=0x0000004ae0cff3c0
Event: 3.512 Thread 0x000001cebbfe8550 DEOPT UNPACKING pc=0x000001cecafa69a3 sp=0x0000004ae0cff340 mode 2
Event: 3.723 Thread 0x000001cebbfe8550 Uncommon trap: trap_request=0xffffff45 fr.pc=0x000001cecb6b3134 relative=0x0000000000000414
Event: 3.723 Thread 0x000001cebbfe8550 Uncommon trap: reason=unstable_if action=reinterpret pc=0x000001cecb6b3134 method=java.lang.StringLatin1.canEncode(I)Z @ 4 c2
Event: 3.723 Thread 0x000001cebbfe8550 DEOPT PACKING pc=0x000001cecb6b3134 sp=0x0000004ae0cfd5d0
Event: 3.723 Thread 0x000001cebbfe8550 DEOPT UNPACKING pc=0x000001cecafa69a3 sp=0x0000004ae0cfd4f8 mode 2
Event: 3.723 Thread 0x000001cebbfe8550 Uncommon trap: trap_request=0xffffff45 fr.pc=0x000001cecb6b4514 relative=0x00000000000003f4
Event: 3.723 Thread 0x000001cebbfe8550 Uncommon trap: reason=unstable_if action=reinterpret pc=0x000001cecb6b4514 method=java.lang.AbstractStringBuilder.isLatin1()Z @ 10 c2
Event: 3.723 Thread 0x000001cebbfe8550 DEOPT PACKING pc=0x000001cecb6b4514 sp=0x0000004ae0cfd5f0
Event: 3.723 Thread 0x000001cebbfe8550 DEOPT UNPACKING pc=0x000001cecafa69a3 sp=0x0000004ae0cfd570 mode 2
Event: 3.723 Thread 0x000001cebbfe8550 Uncommon trap: trap_request=0xffffff45 fr.pc=0x000001cecb6b1f5c relative=0x000000000000005c
Event: 3.723 Thread 0x000001cebbfe8550 Uncommon trap: reason=unstable_if action=reinterpret pc=0x000001cecb6b1f5c method=java.lang.AbstractStringBuilder.isLatin1()Z @ 10 c2
Event: 3.723 Thread 0x000001cebbfe8550 DEOPT PACKING pc=0x000001cecb6b1f5c sp=0x0000004ae0cfd5d0
Event: 3.723 Thread 0x000001cebbfe8550 DEOPT UNPACKING pc=0x000001cecafa69a3 sp=0x0000004ae0cfd560 mode 2
Event: 3.855 Thread 0x000001cebbfe8550 Uncommon trap: trap_request=0xffffff45 fr.pc=0x000001cecb731cc8 relative=0x0000000000000188
Event: 3.855 Thread 0x000001cebbfe8550 Uncommon trap: reason=unstable_if action=reinterpret pc=0x000001cecb731cc8 method=java.util.regex.Pattern$BmpCharProperty.match(Ljava/util/regex/Matcher;ILjava/lang/CharSequence;)Z @ 5 c2
Event: 3.855 Thread 0x000001cebbfe8550 DEOPT PACKING pc=0x000001cecb731cc8 sp=0x0000004ae0cfef90
Event: 3.855 Thread 0x000001cebbfe8550 DEOPT UNPACKING pc=0x000001cecafa69a3 sp=0x0000004ae0cfef58 mode 2

Classes loaded (20 events):
Event: 3.823 Loading class java/awt/AWTException
Event: 3.823 Loading class java/awt/AWTException done
Event: 3.828 Loading class java/awt/Robot
Event: 3.828 Loading class java/awt/Robot done
Event: 3.828 Loading class sun/awt/windows/WRobotPeer
Event: 3.828 Loading class java/awt/peer/RobotPeer
Event: 3.828 Loading class java/awt/peer/RobotPeer done
Event: 3.828 Loading class sun/awt/windows/WRobotPeer done
Event: 3.849 Loading class jdk/internal/math/FormattedFloatingDecimal$Form
Event: 3.849 Loading class jdk/internal/math/FormattedFloatingDecimal$Form done
Event: 3.849 Loading class jdk/internal/math/FormattedFloatingDecimal
Event: 3.849 Loading class jdk/internal/math/FormattedFloatingDecimal done
Event: 3.849 Loading class jdk/internal/math/FormattedFloatingDecimal$1
Event: 3.849 Loading class jdk/internal/math/FormattedFloatingDecimal$1 done
Event: 3.849 Loading class jdk/internal/math/FormattedFloatingDecimal$2
Event: 3.849 Loading class jdk/internal/math/FormattedFloatingDecimal$2 done
Event: 3.849 Loading class jdk/internal/math/FDBigInteger
Event: 3.850 Loading class jdk/internal/math/FDBigInteger done
Event: 3.855 Loading class java/util/regex/Pattern$1
Event: 3.855 Loading class java/util/regex/Pattern$1 done

Classes unloaded (0 events):
No events

Classes redefined (0 events):
No events

Internal exceptions (20 events):
Event: 2.932 Thread 0x000001cebbfe8550 Exception <a 'java/lang/NoSuchMethodError'{0x000000071951fbb8}: 'int java.lang.invoke.DirectMethodHandle$Holder.invokeStaticInit(java.lang.Object, java.lang.Object, long, long)'> (0x000000071951fbb8) 
thrown [s\src\hotspot\share\interpreter\linkResolver.cpp, line 759]
Event: 2.933 Thread 0x000001cebbfe8550 Exception <a 'java/lang/NoSuchMethodError'{0x0000000719525868}: 'java.lang.Object java.lang.invoke.DirectMethodHandle$Holder.newInvokeSpecial(java.lang.Object, java.lang.Object, long)'> (0x0000000719525868) 
thrown [s\src\hotspot\share\interpreter\linkResolver.cpp, line 759]
Event: 2.933 Thread 0x000001cebbfe8550 Exception <a 'java/lang/NoSuchMethodError'{0x0000000719529130}: 'java.lang.Object java.lang.invoke.Invokers$Holder.linkToTargetMethod(java.lang.Object, long, java.lang.Object)'> (0x0000000719529130) 
thrown [s\src\hotspot\share\interpreter\linkResolver.cpp, line 759]
Event: 2.934 Thread 0x000001cebbfe8550 Exception <a 'java/lang/NoSuchMethodError'{0x0000000719530600}: 'int java.lang.invoke.DirectMethodHandle$Holder.invokeStaticInit(java.lang.Object, java.lang.Object, java.lang.Object, long)'> (0x0000000719530600) 
thrown [s\src\hotspot\share\interpreter\linkResolver.cpp, line 759]
Event: 2.940 Thread 0x000001cebbfe8550 Exception <a 'java/lang/NoSuchMethodError'{0x0000000719556a78}: 'long java.lang.invoke.DirectMethodHandle$Holder.invokeStatic(java.lang.Object, long, long, long)'> (0x0000000719556a78) 
thrown [s\src\hotspot\share\interpreter\linkResolver.cpp, line 759]
Event: 2.940 Thread 0x000001cebbfe8550 Exception <a 'java/lang/NoSuchMethodError'{0x000000071955a0b8}: 'long java.lang.invoke.DirectMethodHandle$Holder.invokeStaticInit(java.lang.Object, long, long, long)'> (0x000000071955a0b8) 
thrown [s\src\hotspot\share\interpreter\linkResolver.cpp, line 759]
Event: 2.953 Thread 0x000001cebbfe8550 Exception <a 'sun/nio/fs/WindowsException'{0x00000007195a7718}> (0x00000007195a7718) 
thrown [s\src\hotspot\share\prims\jni.cpp, line 516]
Event: 2.953 Thread 0x000001cebbfe8550 Exception <a 'sun/nio/fs/WindowsException'{0x00000007195a7aa8}> (0x00000007195a7aa8) 
thrown [s\src\hotspot\share\prims\jni.cpp, line 516]
Event: 2.980 Thread 0x000001cebbfe8550 Exception <a 'java/lang/NoSuchMethodError'{0x0000000719234840}: 'void java.lang.invoke.DirectMethodHandle$Holder.invokeStatic(java.lang.Object, long, long)'> (0x0000000719234840) 
thrown [s\src\hotspot\share\interpreter\linkResolver.cpp, line 759]
Event: 2.981 Thread 0x000001cebbfe8550 Exception <a 'java/lang/NoSuchMethodError'{0x0000000719237dd0}: 'void java.lang.invoke.DirectMethodHandle$Holder.invokeStaticInit(java.lang.Object, long, long)'> (0x0000000719237dd0) 
thrown [s\src\hotspot\share\interpreter\linkResolver.cpp, line 759]
Event: 3.003 Thread 0x000001cebbfe8550 Exception <a 'sun/nio/fs/WindowsException'{0x0000000719303410}> (0x0000000719303410) 
thrown [s\src\hotspot\share\prims\jni.cpp, line 516]
Event: 3.003 Thread 0x000001cebbfe8550 Exception <a 'sun/nio/fs/WindowsException'{0x0000000719303770}> (0x0000000719303770) 
thrown [s\src\hotspot\share\prims\jni.cpp, line 516]
Event: 3.382 Thread 0x000001cebbfe8550 Exception <a 'sun/nio/fs/WindowsException'{0x0000000718c46d00}> (0x0000000718c46d00) 
thrown [s\src\hotspot\share\prims\jni.cpp, line 516]
Event: 3.382 Thread 0x000001cebbfe8550 Exception <a 'sun/nio/fs/WindowsException'{0x0000000718c470a8}> (0x0000000718c470a8) 
thrown [s\src\hotspot\share\prims\jni.cpp, line 516]
Event: 3.388 Thread 0x000001cebbfe8550 Exception <a 'sun/nio/fs/WindowsException'{0x0000000718c592c8}> (0x0000000718c592c8) 
thrown [s\src\hotspot\share\prims\jni.cpp, line 516]
Event: 3.388 Thread 0x000001cebbfe8550 Exception <a 'sun/nio/fs/WindowsException'{0x0000000718c595a8}> (0x0000000718c595a8) 
thrown [s\src\hotspot\share\prims\jni.cpp, line 516]
Event: 3.500 Thread 0x000001cebbfe8550 Exception <a 'sun/nio/fs/WindowsException'{0x0000000718531a50}> (0x0000000718531a50) 
thrown [s\src\hotspot\share\prims\jni.cpp, line 516]
Event: 3.500 Thread 0x000001cebbfe8550 Exception <a 'sun/nio/fs/WindowsException'{0x0000000718531e00}> (0x0000000718531e00) 
thrown [s\src\hotspot\share\prims\jni.cpp, line 516]
Event: 3.505 Thread 0x000001cebbfe8550 Exception <a 'java/lang/NoSuchMethodError'{0x0000000718546a88}: 'java.lang.Object java.lang.invoke.DirectMethodHandle$Holder.newInvokeSpecial(java.lang.Object, long)'> (0x0000000718546a88) 
thrown [s\src\hotspot\share\interpreter\linkResolver.cpp, line 759]
Event: 3.841 Thread 0x000001cebbfe8550 Exception <a 'java/lang/NoSuchMethodError'{0x0000000719332960}: 'int java.lang.invoke.DirectMethodHandle$Holder.invokeStatic(java.lang.Object, long, int)'> (0x0000000719332960) 
thrown [s\src\hotspot\share\interpreter\linkResolver.cpp, line 759]

VM Operations (20 events):
Event: 2.809 Executing VM operation: HandshakeAllThreads
Event: 2.809 Executing VM operation: HandshakeAllThreads done
Event: 2.832 Executing VM operation: HandshakeAllThreads
Event: 2.832 Executing VM operation: HandshakeAllThreads done
Event: 2.833 Executing VM operation: HandshakeAllThreads
Event: 2.833 Executing VM operation: HandshakeAllThreads done
Event: 2.838 Executing VM operation: HandshakeAllThreads
Event: 2.838 Executing VM operation: HandshakeAllThreads done
Event: 2.858 Executing VM operation: HandshakeAllThreads
Event: 2.858 Executing VM operation: HandshakeAllThreads done
Event: 2.885 Executing VM operation: HandshakeAllThreads
Event: 2.885 Executing VM operation: HandshakeAllThreads done
Event: 2.989 Executing VM operation: HandshakeAllThreads
Event: 2.989 Executing VM operation: HandshakeAllThreads done
Event: 3.029 Executing VM operation: ICBufferFull
Event: 3.030 Executing VM operation: ICBufferFull done
Event: 3.110 Executing VM operation: HandshakeAllThreads
Event: 3.110 Executing VM operation: HandshakeAllThreads done
Event: 3.636 Executing VM operation: G1CollectForAllocation
Event: 3.642 Executing VM operation: G1CollectForAllocation done

Events (20 events):
Event: 0.181 Thread 0x000001cedf7b2280 Thread added: 0x000001cedf7b2280
Event: 0.376 Thread 0x000001cf256e8720 Thread added: 0x000001cf256e8720
Event: 0.376 Thread 0x000001cf254f3590 Thread added: 0x000001cf254f3590
Event: 0.615 Thread 0x000001cedf7b2280 Thread exited: 0x000001cedf7b2280
Event: 1.910 Thread 0x000001cedf7b1100 Thread exited: 0x000001cedf7b1100
Event: 2.314 Thread 0x000001cf254f5030 Thread added: 0x000001cf254f5030
Event: 2.328 Thread 0x000001cf2560c6a0 Thread added: 0x000001cf2560c6a0
Event: 2.331 Thread 0x000001cf257d6a80 Thread added: 0x000001cf257d6a80
Event: 2.333 Thread 0x000001cf257d7420 Thread added: 0x000001cf257d7420
Event: 2.401 Thread 0x000001cf260e1640 Thread added: 0x000001cf260e1640
Event: 2.401 Thread 0x000001cf25f3d950 Thread added: 0x000001cf25f3d950
Event: 2.529 Thread 0x000001cf257d13b0 Thread added: 0x000001cf257d13b0
Event: 2.530 Thread 0x000001cf257d1890 Thread added: 0x000001cf257d1890
Event: 2.532 Thread 0x000001cf2581eb80 Thread added: 0x000001cf2581eb80
Event: 2.592 Thread 0x000001cf257d6a80 Thread exited: 0x000001cf257d6a80
Event: 2.726 Thread 0x000001cf26143dd0 Thread added: 0x000001cf26143dd0
Event: 3.377 Thread 0x000001cf2560c6a0 Thread exited: 0x000001cf2560c6a0
Event: 3.379 Thread 0x000001cf254f5030 Thread exited: 0x000001cf254f5030
Event: 3.741 Thread 0x000001cf257d1890 Thread exited: 0x000001cf257d1890
Event: 3.742 Thread 0x000001cf26143dd0 Thread exited: 0x000001cf26143dd0


Dynamic libraries:
0x00007ff77a580000 - 0x00007ff77a58e000 	C:\Users\sampw\.jdks\corretto-17.0.12\bin\java.exe
0x00007ffbee640000 - 0x00007ffbee8a0000 	C:\WINDOWS\SYSTEM32\ntdll.dll
0x00007ffbeda10000 - 0x00007ffbedad7000 	C:\WINDOWS\System32\KERNEL32.DLL
0x00007ffbeb8b0000 - 0x00007ffbebc7a000 	C:\WINDOWS\System32\KERNELBASE.dll
0x00007ffbec2c0000 - 0x00007ffbec40b000 	C:\WINDOWS\System32\ucrtbase.dll
0x00007ffbdbbf0000 - 0x00007ffbdbc07000 	C:\Users\sampw\.jdks\corretto-17.0.12\bin\jli.dll
0x00007ffbdda20000 - 0x00007ffbdda3b000 	C:\Users\sampw\.jdks\corretto-17.0.12\bin\VCRUNTIME140.dll
0x00007ffbedae0000 - 0x00007ffbedcac000 	C:\WINDOWS\System32\USER32.dll
0x00007ffbec410000 - 0x00007ffbec437000 	C:\WINDOWS\System32\win32u.dll
0x00007ffbcfcc0000 - 0x00007ffbcff57000 	C:\WINDOWS\WinSxS\amd64_microsoft.windows.common-controls_6595b64144ccf1df_6.0.26100.3624_none_3e086962e3345f24\COMCTL32.dll
0x00007ffbecc50000 - 0x00007ffbecc7a000 	C:\WINDOWS\System32\GDI32.dll
0x00007ffbec180000 - 0x00007ffbec2b1000 	C:\WINDOWS\System32\gdi32full.dll
0x00007ffbedf10000 - 0x00007ffbedfb9000 	C:\WINDOWS\System32\msvcrt.dll
0x00007ffbebec0000 - 0x00007ffbebf63000 	C:\WINDOWS\System32\msvcp_win.dll
0x00007ffbec440000 - 0x00007ffbec46f000 	C:\WINDOWS\System32\IMM32.DLL
0x00007ffbde200000 - 0x00007ffbde20c000 	C:\Users\sampw\.jdks\corretto-17.0.12\bin\vcruntime140_1.dll
0x00007ffbc3d50000 - 0x00007ffbc3ddd000 	C:\Users\sampw\.jdks\corretto-17.0.12\bin\msvcp140.dll
0x00007ffb6c050000 - 0x00007ffb6ccba000 	C:\Users\sampw\.jdks\corretto-17.0.12\bin\server\jvm.dll
0x00007ffbecf70000 - 0x00007ffbed022000 	C:\WINDOWS\System32\ADVAPI32.dll
0x00007ffbecb90000 - 0x00007ffbecc36000 	C:\WINDOWS\System32\sechost.dll
0x00007ffbeca70000 - 0x00007ffbecb86000 	C:\WINDOWS\System32\RPCRT4.dll
0x00007ffbecee0000 - 0x00007ffbecf54000 	C:\WINDOWS\System32\WS2_32.dll
0x00007ffbea490000 - 0x00007ffbea4ee000 	C:\WINDOWS\SYSTEM32\POWRPROF.dll
0x00007ffbe3200000 - 0x00007ffbe3236000 	C:\WINDOWS\SYSTEM32\WINMM.dll
0x00007ffbe3240000 - 0x00007ffbe324b000 	C:\WINDOWS\SYSTEM32\VERSION.dll
0x00007ffbea470000 - 0x00007ffbea484000 	C:\WINDOWS\SYSTEM32\UMPDC.dll
0x00007ffbea750000 - 0x00007ffbea76a000 	C:\WINDOWS\SYSTEM32\kernel.appcore.dll
0x00007ffbddec0000 - 0x00007ffbddeca000 	C:\Users\sampw\.jdks\corretto-17.0.12\bin\jimage.dll
0x00007ffbe8f20000 - 0x00007ffbe9161000 	C:\WINDOWS\SYSTEM32\DBGHELP.DLL
0x00007ffbec480000 - 0x00007ffbec802000 	C:\WINDOWS\System32\combase.dll
0x00007ffbec810000 - 0x00007ffbec8e6000 	C:\WINDOWS\System32\OLEAUT32.dll
0x00007ffbb13d0000 - 0x00007ffbb1409000 	C:\WINDOWS\SYSTEM32\dbgcore.DLL
0x00007ffbec0e0000 - 0x00007ffbec179000 	C:\WINDOWS\System32\bcryptPrimitives.dll
0x00007ffbdce30000 - 0x00007ffbdce3e000 	C:\Users\sampw\.jdks\corretto-17.0.12\bin\instrument.dll
0x00007ffbc8800000 - 0x00007ffbc8825000 	C:\Users\sampw\.jdks\corretto-17.0.12\bin\java.dll
0x00007ffb91040000 - 0x00007ffb91117000 	C:\Users\sampw\.jdks\corretto-17.0.12\bin\jsvml.dll
0x00007ffbed030000 - 0x00007ffbed759000 	C:\WINDOWS\System32\SHELL32.dll
0x00007ffbebf70000 - 0x00007ffbec0d8000 	C:\WINDOWS\System32\wintypes.dll
0x00007ffbe94c0000 - 0x00007ffbe9d12000 	C:\WINDOWS\SYSTEM32\windows.storage.dll
0x00007ffbedfc0000 - 0x00007ffbee0ad000 	C:\WINDOWS\System32\SHCORE.dll
0x00007ffbece60000 - 0x00007ffbecec4000 	C:\WINDOWS\System32\shlwapi.dll
0x00007ffbeb730000 - 0x00007ffbeb75f000 	C:\WINDOWS\SYSTEM32\profapi.dll
0x00007ffbd1720000 - 0x00007ffbd1738000 	C:\Users\sampw\.jdks\corretto-17.0.12\bin\zip.dll
0x00007ffbdb220000 - 0x00007ffbdb239000 	C:\Users\sampw\.jdks\corretto-17.0.12\bin\net.dll
0x00007ffbe4650000 - 0x00007ffbe476d000 	C:\WINDOWS\SYSTEM32\WINHTTP.dll
0x00007ffbeac70000 - 0x00007ffbeacda000 	C:\WINDOWS\system32\mswsock.dll
0x00007ffbd9770000 - 0x00007ffbd9786000 	C:\Users\sampw\.jdks\corretto-17.0.12\bin\nio.dll
0x00007ffbcd8f0000 - 0x00007ffbcd90a000 	C:\Program Files\JetBrains\IntelliJ IDEA Community Edition 2024.1.4\bin\breakgen64.dll
0x00007ffbd80a0000 - 0x00007ffbd80a9000 	C:\Users\sampw\.jdks\corretto-17.0.12\bin\extnet.dll
0x00007ffb6bec0000 - 0x00007ffb6c050000 	C:\Users\sampw\.jdks\corretto-17.0.12\bin\awt.dll
0x00007ffbe8320000 - 0x00007ffbe83bc000 	C:\WINDOWS\SYSTEM32\apphelp.dll
0x00007ffbe87e0000 - 0x00007ffbe8816000 	C:\WINDOWS\system32\DWMAPI.DLL
0x00007ffbe8460000 - 0x00007ffbe850e000 	C:\WINDOWS\system32\uxtheme.dll
0x00007ffb72360000 - 0x00007ffb7246c000 	C:\WINDOWS\system32\opengl32.dll
0x00007ffb874b0000 - 0x00007ffb874dd000 	C:\WINDOWS\SYSTEM32\GLU32.dll
0x00007ffbe8900000 - 0x00007ffbe8947000 	C:\WINDOWS\SYSTEM32\dxcore.dll
0x00007ffbec8f0000 - 0x00007ffbeca4d000 	C:\WINDOWS\System32\MSCTF.dll
0x00007ffbed7f0000 - 0x00007ffbed986000 	C:\WINDOWS\System32\ole32.dll
0x00007ffb9b310000 - 0x00007ffb9b4bc000 	C:\WINDOWS\system32\d3d9.dll
0x00007ffbe3250000 - 0x00007ffbe340a000 	C:\WINDOWS\System32\DriverStore\FileRepository\u0381040.inf_amd64_4455b7391a60ce8d\B380794\aticfx64.dll
0x00007ffbb1410000 - 0x00007ffbb1444000 	C:\WINDOWS\System32\DriverStore\FileRepository\u0381040.inf_amd64_4455b7391a60ce8d\B380794\atiu9p64.dll
0x00007ffb7d4b0000 - 0x00007ffb7e206000 	C:\WINDOWS\System32\DriverStore\FileRepository\u0381040.inf_amd64_4455b7391a60ce8d\B380794\atiumd64.dll
0x0000000062560000 - 0x000000006341f000 	C:\WINDOWS\System32\DriverStore\FileRepository\u0381040.inf_amd64_4455b7391a60ce8d\B380794\atiumd6a.dll
0x00007ffbee0b0000 - 0x00007ffbee536000 	C:\WINDOWS\System32\SETUPAPI.dll
0x00007ffbe0d90000 - 0x00007ffbe0dc0000 	C:\WINDOWS\SYSTEM32\amdihk64.dll
0x00007ffbe85f0000 - 0x00007ffbe864e000 	C:\WINDOWS\SYSTEM32\directxdatabasehelper.dll
0x00007ffbd7c30000 - 0x00007ffbd7c40000 	C:\Users\sampw\.jdks\corretto-17.0.12\bin\verify.dll
0x00007ffb64fc0000 - 0x00007ffb64fd8000 	C:\WINDOWS\system32\napinsp.dll
0x00007ffbea1a0000 - 0x00007ffbea2c5000 	C:\WINDOWS\SYSTEM32\DNSAPI.dll
0x00007ffbea100000 - 0x00007ffbea133000 	C:\WINDOWS\SYSTEM32\IPHLPAPI.DLL
0x00007ffbeced0000 - 0x00007ffbeceda000 	C:\WINDOWS\System32\NSI.dll
0x00007ffb64360000 - 0x00007ffb64372000 	C:\WINDOWS\System32\winrnr.dll
0x00007ffbca750000 - 0x00007ffbca780000 	C:\WINDOWS\system32\nlansp_c.dll
0x00007ffbe3430000 - 0x00007ffbe3446000 	C:\WINDOWS\system32\wshbth.dll
0x00007ffbe4b80000 - 0x00007ffbe4b8b000 	C:\Windows\System32\rasadhlp.dll
0x00007ffbe5370000 - 0x00007ffbe53f5000 	C:\WINDOWS\System32\fwpuclnt.dll
0x00007ffb90fc0000 - 0x00007ffb9103a000 	C:\Users\sampw\AppData\Local\Temp\lwjgl_sampw\3.3.2+13\x64\lwjgl.dll
0x00007ffb5d560000 - 0x00007ffb5d7d0000 	C:\Users\sampw\AppData\Local\Temp\lwjgl_sampw\3.3.2+13\x64\jemalloc.dll
0x00007ffb691b0000 - 0x00007ffb69232000 	C:\Users\sampw\AppData\Local\Temp\lwjgl_sampw\3.3.2+13\x64\glfw.dll
0x00007ffbbc650000 - 0x00007ffbbc69b000 	C:\WINDOWS\SYSTEM32\dinput8.dll
0x00007ffbb8c90000 - 0x00007ffbb8ca2000 	C:\WINDOWS\SYSTEM32\xinput1_4.dll
0x00007ffbeb4c0000 - 0x00007ffbeb4ed000 	C:\WINDOWS\SYSTEM32\DEVOBJ.dll
0x00007ffbeb450000 - 0x00007ffbeb4af000 	C:\WINDOWS\SYSTEM32\cfgmgr32.dll
0x00007ffbdb720000 - 0x00007ffbdb900000 	C:\WINDOWS\SYSTEM32\inputhost.dll
0x00007ffbe8050000 - 0x00007ffbe8176000 	C:\WINDOWS\SYSTEM32\CoreMessaging.dll
0x00007ffbeaf10000 - 0x00007ffbeaf1c000 	C:\WINDOWS\SYSTEM32\CRYPTBASE.DLL
0x00007ffbd3f10000 - 0x00007ffbd3f2a000 	C:\WINDOWS\SYSTEM32\windows.staterepositorycore.dll
0x00007ffbdc170000 - 0x00007ffbdc19c000 	C:\WINDOWS\System32\DriverStore\FileRepository\u0381040.inf_amd64_4455b7391a60ce8d\B380794\atig6pxx.dll
0x00007ffb547b0000 - 0x00007ffb57610000 	C:\WINDOWS\System32\DriverStore\FileRepository\u0381040.inf_amd64_4455b7391a60ce8d\B380794\atio6axx.dll
0x00007ffbb1300000 - 0x00007ffbb132c000 	C:\WINDOWS\SYSTEM32\dxva2.dll
0x00007ffbc0fb0000 - 0x00007ffbc0fef000 	C:\WINDOWS\System32\DriverStore\FileRepository\u0381040.inf_amd64_4455b7391a60ce8d\B380794\atig6txx.dll
0x00007ffbbfeb0000 - 0x00007ffbc0080000 	C:\WINDOWS\SYSTEM32\atiadlxx.dll
0x00007ffbee5f0000 - 0x00007ffbee5f8000 	C:\WINDOWS\System32\PSAPI.DLL
0x00007ffbe91d0000 - 0x00007ffbe92cc000 	C:\WINDOWS\SYSTEM32\PROPSYS.dll
0x00007ffbdaee0000 - 0x00007ffbdaf2e000 	C:\WINDOWS\SYSTEM32\pdh.dll
0x00007ffbeb820000 - 0x00007ffbeb89f000 	C:\WINDOWS\System32\WINTRUST.dll
0x00007ffbebd40000 - 0x00007ffbebeb7000 	C:\WINDOWS\System32\CRYPT32.dll
0x00007ffbeaf80000 - 0x00007ffbeaf93000 	C:\WINDOWS\SYSTEM32\MSASN1.dll
0x00007ffb6bc00000 - 0x00007ffb6bc5e000 	C:\Users\sampw\AppData\Local\Temp\lwjgl_sampw\3.3.2+13\x64\lwjgl_opengl.dll
0x00007ffb68630000 - 0x00007ffb686a3000 	C:\Users\sampw\AppData\Local\Temp\lwjgl_sampw\3.3.2+13\x64\lwjgl_nuklear.dll

dbghelp: loaded successfully - version: 4.0.5 - missing functions: none
symbol engine: initialized successfully - sym options: 0x614 - pdb path: .;C:\Users\sampw\.jdks\corretto-17.0.12\bin;C:\WINDOWS\SYSTEM32;C:\WINDOWS\WinSxS\amd64_microsoft.windows.common-controls_6595b64144ccf1df_6.0.26100.3624_none_3e086962e3345f24;C:\Users\sampw\.jdks\corretto-17.0.12\bin\server;C:\Program Files\JetBrains\IntelliJ IDEA Community Edition 2024.1.4\bin;C:\WINDOWS\System32\DriverStore\FileRepository\u0381040.inf_amd64_4455b7391a60ce8d\B380794;C:\Users\sampw\AppData\Local\Temp\lwjgl_sampw\3.3.2+13\x64

VM Arguments:
jvm_args: -javaagent:C:\Program Files\JetBrains\IntelliJ IDEA Community Edition 2024.1.4\lib\idea_rt.jar=60940:C:\Program Files\JetBrains\IntelliJ IDEA Community Edition 2024.1.4\bin -Dfile.encoding=UTF-8 
java_command: com.xbuilders.Main devmode name=DEV
java_class_path (initial): C:\Local Files\github\Xbuilders\target\classes;C:\Users\sampw\.m2\repository\com\esotericsoftware\kryo\5.6.2\kryo-5.6.2.jar;C:\Users\sampw\.m2\repository\com\esotericsoftware\reflectasm\1.11.9\reflectasm-1.11.9.jar;C:\Users\sampw\.m2\repository\org\objenesis\objenesis\3.4\objenesis-3.4.jar;C:\Users\sampw\.m2\repository\com\esotericsoftware\minlog\1.3.1\minlog-1.3.1.jar;C:\Users\sampw\.m2\repository\io\netty\netty-all\4.1.116.Final\netty-all-4.1.116.Final.jar;C:\Users\sampw\.m2\repository\io\netty\netty-buffer\4.1.116.Final\netty-buffer-4.1.116.Final.jar;C:\Users\sampw\.m2\repository\io\netty\netty-codec\4.1.116.Final\netty-codec-4.1.116.Final.jar;C:\Users\sampw\.m2\repository\io\netty\netty-codec-dns\4.1.116.Final\netty-codec-dns-4.1.116.Final.jar;C:\Users\sampw\.m2\repository\io\netty\netty-codec-haproxy\4.1.116.Final\netty-codec-haproxy-4.1.116.Final.jar;C:\Users\sampw\.m2\repository\io\netty\netty-codec-http\4.1.116.Final\netty-codec-http-4.1.116.Final.jar;C:\Users\sampw\.m2\repository\io\netty\netty-codec-http2\4.1.116.Final\netty-codec-http2-4.1.116.Final.jar;C:\Users\sampw\.m2\repository\io\netty\netty-codec-memcache\4.1.116.Final\netty-codec-memcache-4.1.116.Final.jar;C:\Users\sampw\.m2\repository\io\netty\netty-codec-mqtt\4.1.116.Final\netty-codec-mqtt-4.1.116.Final.jar;C:\Users\sampw\.m2\repository\io\netty\netty-codec-redis\4.1.116.Final\netty-codec-redis-4.1.116.Final.jar;C:\Users\sampw\.m2\repository\io\netty\netty-codec-smtp\4.1.116.Final\netty-codec-smtp-4.1.116.Final.jar;C:\Users\sampw\.m2\repository\io\netty\netty-codec-socks\4.1.116.Final\netty-codec-socks-4.1.116.Final.jar;C:\Users\sampw\.m2\repository\io\netty\netty-codec-stomp\4.1.116.Final\netty-codec-stomp-4.1.116.Final.jar;C:\Users\sampw\.m2\repository\io\netty\netty-codec-xml\4.1.116.Final\netty-codec-xml-4.1.116.Final.jar;C:\Users\sampw\.m2\repository\io\netty\netty-common\4.1.116.Final\netty-common-4.1.116.Final.jar;C:\Users\sampw\.m2\repository\io\netty\netty-h
Launcher Type: SUN_STANDARD

[Global flags]
     intx CICompilerCount                          = 12                                        {product} {ergonomic}
     uint ConcGCThreads                            = 3                                         {product} {ergonomic}
     uint G1ConcRefinementThreads                  = 13                                        {product} {ergonomic}
   size_t G1HeapRegionSize                         = 2097152                                   {product} {ergonomic}
    uintx GCDrainStackTargetSize                   = 64                                        {product} {ergonomic}
   size_t InitialHeapSize                          = 257949696                                 {product} {ergonomic}
   size_t MarkStackSize                            = 4194304                                   {product} {ergonomic}
   size_t MaxHeapSize                              = 4114612224                                {product} {ergonomic}
   size_t MaxNewSize                               = 2468347904                                {product} {ergonomic}
   size_t MinHeapDeltaBytes                        = 2097152                                   {product} {ergonomic}
   size_t MinHeapSize                              = 8388608                                   {product} {ergonomic}
    uintx NonNMethodCodeHeapSize                   = 7602480                                {pd product} {ergonomic}
    uintx NonProfiledCodeHeapSize                  = 122027880                              {pd product} {ergonomic}
    uintx ProfiledCodeHeapSize                     = 122027880                              {pd product} {ergonomic}
    uintx ReservedCodeCacheSize                    = 251658240                              {pd product} {ergonomic}
     bool SegmentedCodeCache                       = true                                      {product} {ergonomic}
   size_t SoftMaxHeapSize                          = 4114612224                             {manageable} {ergonomic}
     bool UseCompressedClassPointers               = true                           {product lp64_product} {ergonomic}
     bool UseCompressedOops                        = true                           {product lp64_product} {ergonomic}
     bool UseG1GC                                  = true                                      {product} {ergonomic}
     bool UseLargePagesIndividualAllocation        = false                                  {pd product} {ergonomic}

Logging:
Log output configuration:
 #0: stdout all=warning uptime,level,tags
 #1: stderr all=off uptime,level,tags

Environment Variables:
JAVA_HOME=C:\Program Files\Java\jdk-17.0.1
PATH=C:\Program Files\Common Files\Oracle\Java\javapath;C:\WINDOWS\system32;C:\WINDOWS;C:\WINDOWS\System32\Wbem;C:\WINDOWS\System32\WindowsPowerShell\v1.0\;C:\WINDOWS\System32\OpenSSH\;C:\Program Files\PuTTY\;C:\Program Files\nodejs\;C:\Program Files\Java\jdk-16.0.1\bin;C:\Program Files\Apache Software Foundation\apache-maven-3.8.1\bin;C:\Program Files\dotnet\;C:\Program Files\HP\HP One Agent;C:\Program Files\Git\cmd;C:\Program Files (x86)\Windows Kits\10\Windows Performance Toolkit\;C:\Program Files\GitHub CLI\;%SystemRoot%\system32;%SystemRoot%;%SystemRoot%\System32\Wbem;%SYSTEMROOT%\System32\WindowsPowerShell\v1.0\;%SYSTEMROOT%\System32\OpenSSH\;C:\Users\sampw\AppData\Local\Microsoft\WindowsApps;C:\Users\sampw\AppData\Roaming\npm;C:\Program Files (x86)\mingw-w64\i686-8.1.0-posix-dwarf-rt_v6-rev0\mingw32\bin;C:\Users\sampw\anaconda3;C:\Program Files\heroku\bin;C:\Programs\Program Downloads\ffmpeg-N-102431-gf140239777-win64-gpl-shared\bin;C:\Users\sampw\AppData\Local\Packages\PythonSoftwareFoundation.Python.3.9_qbz5n2kfra8p0\LocalCache\local-packages\Python39\Scripts;C:\Programs\apache-ant-1.10.13\bin;C:\Program Files\Microsoft Visual Studio\2022\Community\Common7\IDE\CommonExtensions\Microsoft\CMake\CMake\bin\;C:\Program Files\JetBrains\IntelliJ IDEA Community Edition 2023.3.2\bin;;C:\Users\sampw\AppData\Local\Programs\Microsoft VS Code\bin;C:\Users\sampw\AppData\Local\GitHubDesktop\bin;
USERNAME=sampw
OS=Windows_NT
PROCESSOR_IDENTIFIER=AMD64 Family 23 Model 104 Stepping 1, AuthenticAMD
TMP=C:\Users\sampw\AppData\Local\Temp
TEMP=C:\Users\sampw\AppData\Local\Temp



Periodic native trim disabled


---------------  S Y S T E M  ---------------

OS:
 Windows 11 , 64 bit Build 26100 (10.0.26100.3775)
OS uptime: 9 days 17:52 hours
Hyper-V role detected

CPU: total 16 (initial active 16) (16 cores per cpu, 2 threads per core) family 23 model 104 stepping 1 microcode 0x8608103, cx8, cmov, fxsr, ht, mmx, 3dnowpref, sse, sse2, sse3, ssse3, sse4a, sse4.1, sse4.2, popcnt, lzcnt, tsc, tscinvbit, avx, avx2, aes, clmul, bmi1, bmi2, adx, sha, fma, vzeroupper, clflush, clflushopt, hv
Processor Information for all 16 processors :
  Max Mhz: 1801, Current Mhz: 1801, Mhz Limit: 1801

Memory: 4k page, system-wide physical 15695M (4038M free)
TotalPageFile size 35151M (AvailPageFile size 14688M)
current process WorkingSet (physical memory assigned to process): 180M, peak: 180M
current process commit charge ("private bytes"): 500M, peak: 500M

vm_info: OpenJDK 64-Bit Server VM (17.0.12+7-LTS) for windows-amd64 JRE (17.0.12+7-LTS), built on Jul 10 2024 20:46:33 by "Administrator" with MS VC++ 16.10 / 16.11 (VS2019)

END.
