#
# A fatal error has been detected by the Java Runtime Environment:
#
#  EXCEPTION_ACCESS_VIOLATION (0xc0000005) at pc=0x00007ffcabb3cbad, pid=7836, tid=8532
#
# JRE version: OpenJDK Runtime Environment Corretto-17.0.13.11.1 (17.0.13+11) (build 17.0.13+11-LTS)
# Java VM: OpenJDK 64-Bit Server VM Corretto-17.0.13.11.1 (17.0.13+11-LTS, mixed mode, sharing, tiered, compressed oops, compressed class ptrs, g1 gc, windows-amd64)
# Problematic frame:
# C  [lwjgl_nuklear.dll+0x1cbad]
#
# No core dump will be written. Minidumps are not enabled by default on client versions of Windows
#
# If you would like to submit a bug report, please visit:
#   https://github.com/corretto/corretto-17/issues/
# The crash happened outside the Java Virtual Machine in native code.
# See problematic frame for where to report the bug.
#

---------------  S U M M A R Y ------------

Command Line: -javaagent:C:\Program Files\JetBrains\IntelliJ IDEA Community Edition 2024.3.1\lib\idea_rt.jar=56751:C:\Program Files\JetBrains\IntelliJ IDEA Community Edition 2024.3.1\bin -Dfile.encoding=UTF-8 com.xbuilders.Main devmode loadWorldOnStartup

Host: Intel(R) Core(TM) i5-9500 CPU @ 3.00GHz, 6 cores, 7G,  Windows 11 , 64 bit Build 22621 (10.0.22621.4391)
Time: Thu Dec 12 13:43:12 2024 Mountain Standard Time elapsed time: 8.771140 seconds (0d 0h 0m 8s)

---------------  T H R E A D  ---------------

Current thread (0x000001d6caea0920):  JavaThread "main" [_thread_in_native, id=8532, stack(0x00000094b1e00000,0x00000094b1f00000)]

Stack: [0x00000094b1e00000,0x00000094b1f00000],  sp=0x00000094b1efee90,  free space=1019k
Native frames: (J=compiled Java code, j=interpreted, Vv=VM code, C=native code)
C  [lwjgl_nuklear.dll+0x1cbad]

Java frames: (J=compiled Java code, j=interpreted, Vv=VM code)
j  org.lwjgl.nuklear.Nuklear.nnk_group_end(J)V+0
j  org.lwjgl.nuklear.Nuklear.nk_group_end(Lorg/lwjgl/nuklear/NkContext;)V+4
j  com.xbuilders.game.vanilla.ui.UI_RecipeIndex.drawWindow(Lorg/lwjgl/system/MemoryStack;Lorg/lwjgl/nuklear/NkRect;)V+72
j  com.xbuilders.engine.ui.gameScene.items.UI_ItemWindow.draw(Lorg/lwjgl/system/MemoryStack;)V+142
j  com.xbuilders.game.vanilla.ui.GameMenus.draw(Lorg/lwjgl/system/MemoryStack;)Z+34
j  com.xbuilders.game.vanilla.XbuildersGame.uiDraw(Lorg/lwjgl/system/MemoryStack;)Z+5
j  com.xbuilders.engine.ui.gameScene.GameUI.draw()V+95
j  com.xbuilders.engine.gameScene.GameScene.render()V+183
j  com.xbuilders.engine.MainWindow.render()V+9
j  com.xbuilders.engine.MainWindow.<init>([Ljava/lang/String;)V+316
j  com.xbuilders.Main.main([Ljava/lang/String;)V+5
v  ~StubRoutines::call_stub

siginfo: EXCEPTION_ACCESS_VIOLATION (0xc0000005), reading address 0x0000000000000044


Registers:
RAX=0x00000094b1efeec0, RBX=0x000001d6efd07e30, RCX=0x0000000000000000, RDX=0x0000000000000020
RSP=0x00000094b1efee90, RBP=0x00000094b1efef90, RSI=0x000001d6f61b0810, RDI=0x000001d6f61b0010
R8 =0x00000000000000b8, R9 =0x00000000000000c0, R10=0x00007ffcabb20000, R11=0x00007ffcabb5c51b
R12=0x0000000000000000, R13=0x000001d6ea0793c0, R14=0x000001d6f61b0878, R15=0x0000000000000000
RIP=0x00007ffcabb3cbad, EFLAGS=0x0000000000010202


Register to memory mapping:

RIP=0x00007ffcabb3cbad lwjgl_nuklear.dll
RAX=0x00000094b1efeec0 is pointing into the stack for thread: 0x000001d6caea0920
RBX=0x000001d6efd07e30 points into unknown readable memory: 0x0000000000000000 | 00 00 00 00 00 00 00 00
RCX=0x0 is NULL
RDX=0x0000000000000020 is an unknown value
RSP=0x00000094b1efee90 is pointing into the stack for thread: 0x000001d6caea0920
RBP=0x00000094b1efef90 is pointing into the stack for thread: 0x000001d6caea0920
RSI=0x000001d6f61b0810 points into unknown readable memory: 0x584c6549000000ff | ff 00 00 00 49 65 4c 58
RDI=0x000001d6f61b0010 points into unknown readable memory: 0x0000006800000001 | 01 00 00 00 68 00 00 00
R8 =0x00000000000000b8 is an unknown value
R9 =0x00000000000000c0 is an unknown value
R10=0x00007ffcabb20000 lwjgl_nuklear.dll
R11=0x00007ffcabb5c51b lwjgl_nuklear.dll
R12=0x0 is NULL
R13={method} {0x000001d6ea0793c8} 'nnk_group_end' '(J)V' in 'org/lwjgl/nuklear/Nuklear'
R14=0x000001d6f61b0878 points into unknown readable memory: 0x000001d6efd0a160 | 60 a1 d0 ef d6 01 00 00
R15=0x0 is NULL


Top of Stack: (sp=0x00000094b1efee90)
0x00000094b1efee90:   000001d6caea0e10 00007ffc98524c11
0x00000094b1efeea0:   000001d6caea1208 000001d6caea0920
0x00000094b1efeeb0:   000001d6caea0e10 0000000000000001
0x00000094b1efeec0:   0000000000000000 0000000000000000
0x00000094b1efeed0:   0000000000000000 0000000000000000
0x00000094b1efeee0:   0000000000000000 0000000000000000
0x00000094b1efeef0:   0000000000000000 0000000000000000
0x00000094b1efef00:   0000000000000000 41c8000000000068
0x00000094b1efef10:   441d800000000000 0000000044160000
0x00000094b1efef20:   0000000000000000 000001d6efd0a160
0x00000094b1efef30:   41d0000041e80000 440f8000441b8000
0x00000094b1efef40:   0000000000000001 0000000000000000
0x00000094b1efef50:   0000000000000000 0000000000000130
0x00000094b1efef60:   0000000000000110 000001d6f61b0010
0x00000094b1efef70:   0000000000000000 0000000000000000
0x00000094b1efef80:   0000000000000000 0000000000000000
0x00000094b1efef90:   0000000000000000 0000000000000000
0x00000094b1efefa0:   0000000000000000 0000000000000000
0x00000094b1efefb0:   0000000000000000 0000000000000000
0x00000094b1efefc0:   0000000000000000 0000000000000000
0x00000094b1efefd0:   0000000000000000 0000000000000000
0x00000094b1efefe0:   0000000000000000 0000000000000000
0x00000094b1efeff0:   0000000000000000 0000000000000000
0x00000094b1eff000:   0000000000000000 0000000000000000
0x00000094b1eff010:   0000000000000000 0000000000000000
0x00000094b1eff020:   0000000000000000 0000000000000000
0x00000094b1eff030:   0000000000000000 0000000000000000
0x00000094b1eff040:   0000000000000000 0000000000000000
0x00000094b1eff050:   0000000000000000 0000000000000000
0x00000094b1eff060:   0000000000000000 0000000000000000
0x00000094b1eff070:   0000000000000000 0000000000000000
0x00000094b1eff080:   0000000000000000 0000000000000000 

Instructions: (pc=0x00007ffcabb3cbad)
0x00007ffcabb3caad:   f3 0f 10 6f 08 f3 0f 5c ee f3 0f 11 6c 24 7c f3
0x00007ffcabb3cabd:   0f 58 5f 10 f3 0f 11 5d 84 f3 0f 10 57 14 f3 0f
0x00007ffcabb3cacd:   58 57 38 f3 0f 58 57 60 f3 0f 11 55 88 f6 47 04
0x00007ffcabb3cadd:   01 74 3f f3 0f 5c 6f 3c f3 0f 11 6c 24 7c f3 0f
0x00007ffcabb3caed:   5c 67 3c f3 0f 11 65 80 f3 0f 10 47 3c f3 0f 58
0x00007ffcabb3cafd:   c0 f3 0f 58 c3 f3 0f 11 45 84 0f 28 d8 f3 0f 10
0x00007ffcabb3cb0d:   4f 3c f3 0f 58 c9 f3 0f 58 ca f3 0f 11 4d 88 0f
0x00007ffcabb3cb1d:   28 d1 f6 47 04 20 75 1a f3 0f 58 9b e4 22 00 00
0x00007ffcabb3cb2d:   f3 0f 58 93 e8 22 00 00 f3 0f 11 5d 84 f3 0f 11
0x00007ffcabb3cb3d:   55 88 48 8b 47 18 4c 8d 76 68 44 0f 28 cd f3 0f
0x00007ffcabb3cb4d:   58 dd f3 0f 58 d4 44 0f 28 d4 8b 08 89 4d 8c 48
0x00007ffcabb3cb5d:   8b 47 20 f3 0f 58 d6 0f 57 f6 8b 08 89 4d 90 8b
0x00007ffcabb3cb6d:   47 04 89 44 24 78 48 8d 44 24 30 41 0f 10 06 0f
0x00007ffcabb3cb7d:   11 45 98 41 0f 10 4e 10 0f 11 4d a8 41 0f 10 46
0x00007ffcabb3cb8d:   20 0f 11 45 b8 41 0f 10 4e 30 48 89 7d d8 48 89
0x00007ffcabb3cb9d:   b5 00 01 00 00 0f 11 4d c8 48 89 83 b8 45 00 00
0x00007ffcabb3cbad:   f3 45 0f 10 47 44 f3 41 0f 10 7f 48 f3 45 0f 5f
0x00007ffcabb3cbbd:   c8 f3 45 0f 58 47 4c f3 44 0f 5f d7 f3 41 0f 58
0x00007ffcabb3cbcd:   7f 50 f3 44 0f 5d c3 f3 0f 5d fa f3 45 0f 5c c1
0x00007ffcabb3cbdd:   f3 41 0f 5c fa 44 0f 2f c6 77 04 45 0f 57 c0 0f
0x00007ffcabb3cbed:   2f fe 77 03 0f 57 ff ba 01 00 00 00 f3 44 0f 11
0x00007ffcabb3cbfd:   4d a0 48 8d 4d 98 f3 44 0f 11 55 a4 f3 44 0f 11
0x00007ffcabb3cc0d:   45 a8 f3 0f 11 7d ac 44 8d 42 1f e8 b3 6f fe ff
0x00007ffcabb3cc1d:   48 8b d0 48 85 c0 74 2c f3 41 0f 2c c9 f3 44 0f
0x00007ffcabb3cc2d:   5f c6 66 89 48 18 f3 0f 5f fe f3 41 0f 2c ca 66
0x00007ffcabb3cc3d:   89 48 1a f3 41 0f 2c c8 66 89 48 1c f3 0f 2c c7
0x00007ffcabb3cc4d:   66 89 42 1e 48 8b 83 b8 45 00 00 48 85 c0 74 43
0x00007ffcabb3cc5d:   48 8b 88 a8 00 00 00 48 85 c9 74 2c 83 39 01 75
0x00007ffcabb3cc6d:   09 f7 40 48 00 20 00 00 75 1e 48 8b cb e8 d1 a9
0x00007ffcabb3cc7d:   ff ff 48 8b 93 b8 45 00 00 48 8b cb 48 8b 92 a8
0x00007ffcabb3cc8d:   00 00 00 e8 9b 95 ff ff 48 c7 83 b8 45 00 00 00
0x00007ffcabb3cc9d:   00 00 00 0f 10 45 98 41 0f 11 06 0f 10 4d a8 41 


Stack slot to memory mapping:
stack at sp + 0 slots: 0x000001d6caea0e10 points into unknown readable memory: 0x67726f5f6176614a | 4a 61 76 61 5f 6f 72 67
stack at sp + 1 slots: 0x00007ffc98524c11 jvm.dll
stack at sp + 2 slots: 0x000001d6caea1208 points into unknown readable memory: 0x000000008b20b640 | 40 b6 20 8b 00 00 00 00
stack at sp + 3 slots: 0x000001d6caea0920 is a thread
stack at sp + 4 slots: 0x000001d6caea0e10 points into unknown readable memory: 0x67726f5f6176614a | 4a 61 76 61 5f 6f 72 67
stack at sp + 5 slots: 0x0000000000000001 is an unknown value
stack at sp + 6 slots: 0x0 is NULL
stack at sp + 7 slots: 0x0 is NULL


---------------  P R O C E S S  ---------------

Threads class SMR info:
_java_thread_list=0x000001d6c7b9b050, length=29, elements={
0x000001d6caea0920, 0x000001d6e8c086b0, 0x000001d6e8c09530, 0x000001d6e8c20ee0,
0x000001d6e8c217b0, 0x000001d6e8c23120, 0x000001d6e8c29fa0, 0x000001d6e8c2b4e0,
0x000001d6e8c2c730, 0x000001d6e8c41d20, 0x000001d6ed0cc050, 0x000001d6ed783550,
0x000001d6ed783a30, 0x000001d6ed996830, 0x000001d6edac1a50, 0x000001d6f0b41ce0,
0x000001d6f0b42c10, 0x000001d6f0b3fe80, 0x000001d6f0b412c0, 0x000001d6f0b421f0,
0x000001d6f0b42700, 0x000001d6f0b3f460, 0x000001d6c795b540, 0x000001d6c79582a0,
0x000001d6c79591d0, 0x000001d6c7957370, 0x000001d6c795bf60, 0x000001d6c795ba50,
0x000001d6c79596e0
}

Java Threads: ( => current thread )
=>0x000001d6caea0920 JavaThread "main" [_thread_in_native, id=8532, stack(0x00000094b1e00000,0x00000094b1f00000)]
  0x000001d6e8c086b0 JavaThread "Reference Handler" daemon [_thread_blocked, id=1792, stack(0x00000094b2500000,0x00000094b2600000)]
  0x000001d6e8c09530 JavaThread "Finalizer" daemon [_thread_blocked, id=12212, stack(0x00000094b2600000,0x00000094b2700000)]
  0x000001d6e8c20ee0 JavaThread "Signal Dispatcher" daemon [_thread_blocked, id=4276, stack(0x00000094b2700000,0x00000094b2800000)]
  0x000001d6e8c217b0 JavaThread "Attach Listener" daemon [_thread_blocked, id=7704, stack(0x00000094b2800000,0x00000094b2900000)]
  0x000001d6e8c23120 JavaThread "Service Thread" daemon [_thread_blocked, id=5844, stack(0x00000094b2900000,0x00000094b2a00000)]
  0x000001d6e8c29fa0 JavaThread "Monitor Deflation Thread" daemon [_thread_blocked, id=608, stack(0x00000094b2a00000,0x00000094b2b00000)]
  0x000001d6e8c2b4e0 JavaThread "C2 CompilerThread0" daemon [_thread_blocked, id=7044, stack(0x00000094b2b00000,0x00000094b2c00000)]
  0x000001d6e8c2c730 JavaThread "C1 CompilerThread0" daemon [_thread_blocked, id=140, stack(0x00000094b2c00000,0x00000094b2d00000)]
  0x000001d6e8c41d20 JavaThread "Sweeper thread" daemon [_thread_blocked, id=9748, stack(0x00000094b2d00000,0x00000094b2e00000)]
  0x000001d6ed0cc050 JavaThread "Common-Cleaner" daemon [_thread_blocked, id=1968, stack(0x00000094b2e00000,0x00000094b2f00000)]
  0x000001d6ed783550 JavaThread "Monitor Ctrl-Break" daemon [_thread_in_native, id=736, stack(0x00000094b3000000,0x00000094b3100000)]
  0x000001d6ed783a30 JavaThread "Notification Thread" daemon [_thread_blocked, id=1584, stack(0x00000094b3100000,0x00000094b3200000)]
  0x000001d6ed996830 JavaThread "Java2D Disposer" daemon [_thread_blocked, id=12864, stack(0x00000094b3300000,0x00000094b3400000)]
  0x000001d6edac1a50 JavaThread "AWT-Windows" daemon [_thread_in_native, id=6860, stack(0x00000094b3500000,0x00000094b3600000)]
  0x000001d6f0b41ce0 JavaThread "Generation Thread" daemon [_thread_blocked, id=3696, stack(0x00000094b4300000,0x00000094b4400000)]
  0x000001d6f0b42c10 JavaThread "Generation Thread" daemon [_thread_blocked, id=3068, stack(0x00000094b4400000,0x00000094b4500000)]
  0x000001d6f0b3fe80 JavaThread "Generation Thread" daemon [_thread_blocked, id=696, stack(0x00000094b4600000,0x00000094b4700000)]
  0x000001d6f0b412c0 JavaThread "Generation Thread" daemon [_thread_blocked, id=7416, stack(0x00000094b4700000,0x00000094b4800000)]
  0x000001d6f0b421f0 JavaThread "Generation Thread" daemon [_thread_blocked, id=12204, stack(0x00000094b4800000,0x00000094b4900000)]
  0x000001d6f0b42700 JavaThread "Generation Thread" daemon [_thread_blocked, id=3144, stack(0x00000094b4900000,0x00000094b4a00000)]
  0x000001d6f0b3f460 JavaThread "Generation Thread" daemon [_thread_blocked, id=12564, stack(0x00000094b4a00000,0x00000094b4b00000)]
  0x000001d6c795b540 JavaThread "Generation Thread" daemon [_thread_blocked, id=672, stack(0x00000094b4b00000,0x00000094b4c00000)]
  0x000001d6c79582a0 JavaThread "Generation Thread" daemon [_thread_blocked, id=6588, stack(0x00000094b4c00000,0x00000094b4d00000)]
  0x000001d6c79591d0 JavaThread "Generation Thread" daemon [_thread_blocked, id=7516, stack(0x00000094b4d00000,0x00000094b4e00000)]
  0x000001d6c7957370 JavaThread "Generation Thread" daemon [_thread_blocked, id=6820, stack(0x00000094b4e00000,0x00000094b4f00000)]
  0x000001d6c795bf60 JavaThread "Generation Thread" daemon [_thread_blocked, id=10360, stack(0x00000094b4f00000,0x00000094b5000000)]
  0x000001d6c795ba50 JavaThread "Light Thread" daemon [_thread_blocked, id=9240, stack(0x00000094b5000000,0x00000094b5100000)]
  0x000001d6c79596e0 JavaThread "Mesh Thread" daemon [_thread_blocked, id=2788, stack(0x00000094b5100000,0x00000094b5200000)]

Other Threads:
  0x000001d6e8c04070 VMThread "VM Thread" [stack: 0x00000094b2400000,0x00000094b2500000] [id=6428]
  0x000001d6ed35da80 WatcherThread [stack: 0x00000094b3200000,0x00000094b3300000] [id=10124]
  0x000001d6caef95b0 GCTaskThread "GC Thread#0" [stack: 0x00000094b1f00000,0x00000094b2000000] [id=3792]
  0x000001d6efc66ec0 GCTaskThread "GC Thread#1" [stack: 0x00000094b3a00000,0x00000094b3b00000] [id=6868]
  0x000001d6efd8e890 GCTaskThread "GC Thread#2" [stack: 0x00000094b3b00000,0x00000094b3c00000] [id=6668]
  0x000001d6efd7b520 GCTaskThread "GC Thread#3" [stack: 0x00000094b3c00000,0x00000094b3d00000] [id=3200]
  0x000001d6efd8eb50 GCTaskThread "GC Thread#4" [stack: 0x00000094b3d00000,0x00000094b3e00000] [id=7504]
  0x000001d6efdbe180 GCTaskThread "GC Thread#5" [stack: 0x00000094b3e00000,0x00000094b3f00000] [id=10716]
  0x000001d6caf0aed0 ConcurrentGCThread "G1 Main Marker" [stack: 0x00000094b2000000,0x00000094b2100000] [id=3408]
  0x000001d6caf0b8f0 ConcurrentGCThread "G1 Conc#0" [stack: 0x00000094b2100000,0x00000094b2200000] [id=6812]
  0x000001d6feb18cb0 ConcurrentGCThread "G1 Conc#1" [stack: 0x00000094b3400000,0x00000094b3500000] [id=1076]
  0x000001d6caf2ec60 ConcurrentGCThread "G1 Refine#0" [stack: 0x00000094b2200000,0x00000094b2300000] [id=10324]
  0x000001d6efdaa4e0 ConcurrentGCThread "G1 Refine#1" [stack: 0x00000094b3f00000,0x00000094b4000000] [id=11948]
  0x000001d6e8abd900 ConcurrentGCThread "G1 Service" [stack: 0x00000094b2300000,0x00000094b2400000] [id=9800]

Threads with active compile tasks:

VM state: not at safepoint (normal execution)

VM Mutex/Monitor currently owned by a thread: None

Heap address: 0x0000000083200000, size: 1998 MB, Compressed Oops mode: 32-bit

CDS archive(s) mapped at: [0x000001d680000000-0x000001d680bb0000-0x000001d680bb0000), size 12255232, SharedBaseAddress: 0x000001d680000000, ArchiveRelocationMode: 1.
Compressed class space mapped at: 0x000001d681000000-0x000001d6c1000000, reserved size: 1073741824
Narrow klass base: 0x000001d680000000, Narrow klass shift: 0, Narrow klass range: 0x100000000

GC Precious Log:
 CPUs: 6 total, 6 available
 Memory: 7987M
 Large Page Support: Disabled
 NUMA Support: Disabled
 Compressed Oops: Enabled (32-bit)
 Heap Region Size: 1M
 Heap Min Capacity: 8M
 Heap Initial Capacity: 126M
 Heap Max Capacity: 1998M
 Pre-touch: Disabled
 Parallel Workers: 6
 Concurrent Workers: 2
 Concurrent Refinement Workers: 6
 Periodic GC: Disabled

Heap:
 garbage-first heap   total 162816K, used 93417K [0x0000000083200000, 0x0000000100000000)
  region size 1024K, 32 young (32768K), 6 survivors (6144K)
 Metaspace       used 32239K, committed 32704K, reserved 1114112K
  class space    used 3085K, committed 3328K, reserved 1048576K

Heap Regions: E=young(eden), S=young(survivor), O=old, HS=humongous(starts), HC=humongous(continues), CS=collection set, F=free, OA=open archive, CA=closed archive, TAMS=top-at-mark-start (previous, next)
|   0|0x0000000083200000, 0x0000000083300000, 0x0000000083300000|100%| O|  |TAMS 0x0000000083300000, 0x0000000083200000| Untracked 
|   1|0x0000000083300000, 0x0000000083400000, 0x0000000083400000|100%| O|  |TAMS 0x0000000083400000, 0x0000000083300000| Untracked 
|   2|0x0000000083400000, 0x0000000083500000, 0x0000000083500000|100%| O|  |TAMS 0x0000000083500000, 0x0000000083400000| Untracked 
|   3|0x0000000083500000, 0x0000000083600000, 0x0000000083600000|100%| O|  |TAMS 0x0000000083600000, 0x0000000083500000| Untracked 
|   4|0x0000000083600000, 0x0000000083700000, 0x0000000083700000|100%| O|  |TAMS 0x0000000083700000, 0x0000000083600000| Untracked 
|   5|0x0000000083700000, 0x00000000837ffff0, 0x0000000083800000| 99%| O|  |TAMS 0x00000000837ffff0, 0x0000000083700000| Untracked 
|   6|0x0000000083800000, 0x0000000083900000, 0x0000000083900000|100%|HS|  |TAMS 0x0000000083900000, 0x0000000083800000| Complete 
|   7|0x0000000083900000, 0x0000000083908780, 0x0000000083a00000|  3%| O|  |TAMS 0x0000000083908780, 0x0000000083900000| Untracked 
|   8|0x0000000083a00000, 0x0000000083b00000, 0x0000000083b00000|100%| O|  |TAMS 0x0000000083b00000, 0x0000000083a00000| Untracked 
|   9|0x0000000083b00000, 0x0000000083c00000, 0x0000000083c00000|100%| O|  |TAMS 0x0000000083c00000, 0x0000000083b00000| Untracked 
|  10|0x0000000083c00000, 0x0000000083d00000, 0x0000000083d00000|100%| O|  |TAMS 0x0000000083d00000, 0x0000000083c00000| Untracked 
|  11|0x0000000083d00000, 0x0000000083e00000, 0x0000000083e00000|100%| O|  |TAMS 0x0000000083e00000, 0x0000000083d00000| Untracked 
|  12|0x0000000083e00000, 0x0000000083f00000, 0x0000000083f00000|100%| O|  |TAMS 0x0000000083f00000, 0x0000000083e00000| Untracked 
|  13|0x0000000083f00000, 0x0000000084000000, 0x0000000084000000|100%| O|  |TAMS 0x0000000084000000, 0x0000000083f00000| Untracked 
|  14|0x0000000084000000, 0x0000000084100000, 0x0000000084100000|100%| O|  |TAMS 0x0000000084100000, 0x0000000084000000| Untracked 
|  15|0x0000000084100000, 0x0000000084200000, 0x0000000084200000|100%| O|  |TAMS 0x0000000084200000, 0x0000000084100000| Untracked 
|  16|0x0000000084200000, 0x0000000084300000, 0x0000000084300000|100%| O|  |TAMS 0x0000000084300000, 0x0000000084200000| Untracked 
|  17|0x0000000084300000, 0x0000000084400000, 0x0000000084400000|100%| O|  |TAMS 0x0000000084400000, 0x0000000084300000| Untracked 
|  18|0x0000000084400000, 0x0000000084500000, 0x0000000084500000|100%| O|  |TAMS 0x0000000084500000, 0x0000000084400000| Untracked 
|  19|0x0000000084500000, 0x0000000084600000, 0x0000000084600000|100%| O|  |TAMS 0x0000000084600000, 0x0000000084500000| Untracked 
|  20|0x0000000084600000, 0x0000000084700000, 0x0000000084700000|100%| O|  |TAMS 0x0000000084700000, 0x0000000084600000| Untracked 
|  21|0x0000000084700000, 0x0000000084800000, 0x0000000084800000|100%| O|  |TAMS 0x0000000084800000, 0x0000000084700000| Untracked 
|  22|0x0000000084800000, 0x000000008484cbd0, 0x0000000084900000| 29%| O|  |TAMS 0x000000008484cbd0, 0x0000000084800000| Untracked 
|  23|0x0000000084900000, 0x0000000084a00000, 0x0000000084a00000|100%| O|  |TAMS 0x0000000084a00000, 0x0000000084900000| Untracked 
|  24|0x0000000084a00000, 0x0000000084b00000, 0x0000000084b00000|100%| O|  |TAMS 0x0000000084b00000, 0x0000000084a00000| Untracked 
|  25|0x0000000084b00000, 0x0000000084c00000, 0x0000000084c00000|100%| O|  |TAMS 0x0000000084c00000, 0x0000000084b00000| Untracked 
|  26|0x0000000084c00000, 0x0000000084d00000, 0x0000000084d00000|100%| O|  |TAMS 0x0000000084d00000, 0x0000000084c00000| Untracked 
|  27|0x0000000084d00000, 0x0000000084e00000, 0x0000000084e00000|100%| O|  |TAMS 0x0000000084e00000, 0x0000000084d00000| Untracked 
|  28|0x0000000084e00000, 0x0000000084f00000, 0x0000000084f00000|100%| O|  |TAMS 0x0000000084f00000, 0x0000000084e00000| Untracked 
|  29|0x0000000084f00000, 0x0000000085000000, 0x0000000085000000|100%| O|  |TAMS 0x0000000085000000, 0x0000000084f00000| Untracked 
|  30|0x0000000085000000, 0x0000000085100000, 0x0000000085100000|100%| O|  |TAMS 0x0000000085100000, 0x0000000085000000| Untracked 
|  31|0x0000000085100000, 0x0000000085200000, 0x0000000085200000|100%| O|  |TAMS 0x0000000085200000, 0x0000000085100000| Untracked 
|  32|0x0000000085200000, 0x0000000085300000, 0x0000000085300000|100%| O|  |TAMS 0x0000000085300000, 0x0000000085200000| Untracked 
|  33|0x0000000085300000, 0x0000000085400000, 0x0000000085400000|100%| O|  |TAMS 0x0000000085400000, 0x0000000085300000| Untracked 
|  34|0x0000000085400000, 0x0000000085500000, 0x0000000085500000|100%| O|  |TAMS 0x0000000085500000, 0x0000000085400000| Untracked 
|  35|0x0000000085500000, 0x0000000085600000, 0x0000000085600000|100%| O|  |TAMS 0x0000000085600000, 0x0000000085500000| Untracked 
|  36|0x0000000085600000, 0x0000000085700000, 0x0000000085700000|100%| O|  |TAMS 0x0000000085700000, 0x0000000085600000| Untracked 
|  37|0x0000000085700000, 0x0000000085800000, 0x0000000085800000|100%| O|  |TAMS 0x0000000085800000, 0x0000000085700000| Untracked 
|  38|0x0000000085800000, 0x0000000085900000, 0x0000000085900000|100%| O|  |TAMS 0x0000000085900000, 0x0000000085800000| Untracked 
|  39|0x0000000085900000, 0x0000000085a00000, 0x0000000085a00000|100%| O|  |TAMS 0x0000000085a00000, 0x0000000085900000| Untracked 
|  40|0x0000000085a00000, 0x0000000085b00000, 0x0000000085b00000|100%| O|  |TAMS 0x0000000085b00000, 0x0000000085a00000| Untracked 
|  41|0x0000000085b00000, 0x0000000085c00000, 0x0000000085c00000|100%| O|  |TAMS 0x0000000085c00000, 0x0000000085b00000| Untracked 
|  42|0x0000000085c00000, 0x0000000085d00000, 0x0000000085d00000|100%| O|  |TAMS 0x0000000085d00000, 0x0000000085c00000| Untracked 
|  43|0x0000000085d00000, 0x0000000085e00000, 0x0000000085e00000|100%| O|  |TAMS 0x0000000085e00000, 0x0000000085d00000| Untracked 
|  44|0x0000000085e00000, 0x0000000085f00000, 0x0000000085f00000|100%| O|  |TAMS 0x0000000085f00000, 0x0000000085e00000| Untracked 
|  45|0x0000000085f00000, 0x0000000086000000, 0x0000000086000000|100%| O|  |TAMS 0x0000000086000000, 0x0000000085f00000| Untracked 
|  46|0x0000000086000000, 0x0000000086100000, 0x0000000086100000|100%| O|  |TAMS 0x0000000086100000, 0x0000000086000000| Untracked 
|  47|0x0000000086100000, 0x0000000086200000, 0x0000000086200000|100%| O|  |TAMS 0x0000000086200000, 0x0000000086100000| Untracked 
|  48|0x0000000086200000, 0x0000000086300000, 0x0000000086300000|100%| O|  |TAMS 0x0000000086300000, 0x0000000086200000| Untracked 
|  49|0x0000000086300000, 0x0000000086400000, 0x0000000086400000|100%| O|  |TAMS 0x0000000086400000, 0x0000000086300000| Untracked 
|  50|0x0000000086400000, 0x0000000086500000, 0x0000000086500000|100%| O|  |TAMS 0x0000000086500000, 0x0000000086400000| Untracked 
|  51|0x0000000086500000, 0x0000000086600000, 0x0000000086600000|100%| O|  |TAMS 0x0000000086600000, 0x0000000086500000| Untracked 
|  52|0x0000000086600000, 0x0000000086700000, 0x0000000086700000|100%| O|  |TAMS 0x0000000086700000, 0x0000000086600000| Untracked 
|  53|0x0000000086700000, 0x0000000086800000, 0x0000000086800000|100%| O|  |TAMS 0x0000000086800000, 0x0000000086700000| Untracked 
|  54|0x0000000086800000, 0x0000000086900000, 0x0000000086900000|100%| O|  |TAMS 0x0000000086900000, 0x0000000086800000| Untracked 
|  55|0x0000000086900000, 0x0000000086a00000, 0x0000000086a00000|100%| O|  |TAMS 0x0000000086a00000, 0x0000000086900000| Untracked 
|  56|0x0000000086a00000, 0x0000000086b00000, 0x0000000086b00000|100%| O|  |TAMS 0x0000000086b00000, 0x0000000086a00000| Untracked 
|  57|0x0000000086b00000, 0x0000000086b9d000, 0x0000000086c00000| 61%| O|  |TAMS 0x0000000086b9d000, 0x0000000086b00000| Untracked 
|  58|0x0000000086c00000, 0x0000000086c00000, 0x0000000086d00000|  0%| F|  |TAMS 0x0000000086c00000, 0x0000000086c00000| Untracked 
|  59|0x0000000086d00000, 0x0000000086d00000, 0x0000000086e00000|  0%| F|  |TAMS 0x0000000086d00000, 0x0000000086d00000| Untracked 
|  60|0x0000000086e00000, 0x0000000086e00000, 0x0000000086f00000|  0%| F|  |TAMS 0x0000000086e00000, 0x0000000086e00000| Untracked 
|  61|0x0000000086f00000, 0x0000000086f00000, 0x0000000087000000|  0%| F|  |TAMS 0x0000000086f00000, 0x0000000086f00000| Untracked 
|  62|0x0000000087000000, 0x0000000087000000, 0x0000000087100000|  0%| F|  |TAMS 0x0000000087000000, 0x0000000087000000| Untracked 
|  63|0x0000000087100000, 0x0000000087100000, 0x0000000087200000|  0%| F|  |TAMS 0x0000000087100000, 0x0000000087100000| Untracked 
|  64|0x0000000087200000, 0x0000000087200000, 0x0000000087300000|  0%| F|  |TAMS 0x0000000087200000, 0x0000000087200000| Untracked 
|  65|0x0000000087300000, 0x0000000087300000, 0x0000000087400000|  0%| F|  |TAMS 0x0000000087300000, 0x0000000087300000| Untracked 
|  66|0x0000000087400000, 0x0000000087400000, 0x0000000087500000|  0%| F|  |TAMS 0x0000000087400000, 0x0000000087400000| Untracked 
|  67|0x0000000087500000, 0x0000000087500000, 0x0000000087600000|  0%| F|  |TAMS 0x0000000087500000, 0x0000000087500000| Untracked 
|  68|0x0000000087600000, 0x0000000087600000, 0x0000000087700000|  0%| F|  |TAMS 0x0000000087600000, 0x0000000087600000| Untracked 
|  69|0x0000000087700000, 0x0000000087700000, 0x0000000087800000|  0%| F|  |TAMS 0x0000000087700000, 0x0000000087700000| Untracked 
|  70|0x0000000087800000, 0x0000000087800000, 0x0000000087900000|  0%| F|  |TAMS 0x0000000087800000, 0x0000000087800000| Untracked 
|  71|0x0000000087900000, 0x0000000087900000, 0x0000000087a00000|  0%| F|  |TAMS 0x0000000087900000, 0x0000000087900000| Untracked 
|  72|0x0000000087a00000, 0x0000000087a00000, 0x0000000087b00000|  0%| F|  |TAMS 0x0000000087a00000, 0x0000000087a00000| Untracked 
|  73|0x0000000087b00000, 0x0000000087b00000, 0x0000000087c00000|  0%| F|  |TAMS 0x0000000087b00000, 0x0000000087b00000| Untracked 
|  74|0x0000000087c00000, 0x0000000087c00000, 0x0000000087d00000|  0%| F|  |TAMS 0x0000000087c00000, 0x0000000087c00000| Untracked 
|  75|0x0000000087d00000, 0x0000000087d00000, 0x0000000087e00000|  0%| F|  |TAMS 0x0000000087d00000, 0x0000000087d00000| Untracked 
|  76|0x0000000087e00000, 0x0000000087e00000, 0x0000000087f00000|  0%| F|  |TAMS 0x0000000087e00000, 0x0000000087e00000| Untracked 
|  77|0x0000000087f00000, 0x0000000087f00000, 0x0000000088000000|  0%| F|  |TAMS 0x0000000087f00000, 0x0000000087f00000| Untracked 
|  78|0x0000000088000000, 0x0000000088000000, 0x0000000088100000|  0%| F|  |TAMS 0x0000000088000000, 0x0000000088000000| Untracked 
|  79|0x0000000088100000, 0x0000000088100000, 0x0000000088200000|  0%| F|  |TAMS 0x0000000088100000, 0x0000000088100000| Untracked 
|  80|0x0000000088200000, 0x0000000088200000, 0x0000000088300000|  0%| F|  |TAMS 0x0000000088200000, 0x0000000088200000| Untracked 
|  81|0x0000000088300000, 0x0000000088300000, 0x0000000088400000|  0%| F|  |TAMS 0x0000000088300000, 0x0000000088300000| Untracked 
|  82|0x0000000088400000, 0x0000000088400000, 0x0000000088500000|  0%| F|  |TAMS 0x0000000088400000, 0x0000000088400000| Untracked 
|  83|0x0000000088500000, 0x0000000088500000, 0x0000000088600000|  0%| F|  |TAMS 0x0000000088500000, 0x0000000088500000| Untracked 
|  84|0x0000000088600000, 0x0000000088600000, 0x0000000088700000|  0%| F|  |TAMS 0x0000000088600000, 0x0000000088600000| Untracked 
|  85|0x0000000088700000, 0x0000000088700000, 0x0000000088800000|  0%| F|  |TAMS 0x0000000088700000, 0x0000000088700000| Untracked 
|  86|0x0000000088800000, 0x0000000088800000, 0x0000000088900000|  0%| F|  |TAMS 0x0000000088800000, 0x0000000088800000| Untracked 
|  87|0x0000000088900000, 0x0000000088900000, 0x0000000088a00000|  0%| F|  |TAMS 0x0000000088900000, 0x0000000088900000| Untracked 
|  88|0x0000000088a00000, 0x0000000088a00000, 0x0000000088b00000|  0%| F|  |TAMS 0x0000000088a00000, 0x0000000088a00000| Untracked 
|  89|0x0000000088b00000, 0x0000000088b00000, 0x0000000088c00000|  0%| F|  |TAMS 0x0000000088b00000, 0x0000000088b00000| Untracked 
|  90|0x0000000088c00000, 0x0000000088c48480, 0x0000000088d00000| 28%| S|CS|TAMS 0x0000000088c00000, 0x0000000088c00000| Complete 
|  91|0x0000000088d00000, 0x0000000088e00000, 0x0000000088e00000|100%| S|CS|TAMS 0x0000000088d00000, 0x0000000088d00000| Complete 
|  92|0x0000000088e00000, 0x0000000088f00000, 0x0000000088f00000|100%| S|CS|TAMS 0x0000000088e00000, 0x0000000088e00000| Complete 
|  93|0x0000000088f00000, 0x0000000089000000, 0x0000000089000000|100%| S|CS|TAMS 0x0000000088f00000, 0x0000000088f00000| Complete 
|  94|0x0000000089000000, 0x0000000089100000, 0x0000000089100000|100%| S|CS|TAMS 0x0000000089000000, 0x0000000089000000| Complete 
|  95|0x0000000089100000, 0x0000000089100000, 0x0000000089200000|  0%| F|  |TAMS 0x0000000089100000, 0x0000000089100000| Untracked 
|  96|0x0000000089200000, 0x0000000089200000, 0x0000000089300000|  0%| F|  |TAMS 0x0000000089200000, 0x0000000089200000| Untracked 
|  97|0x0000000089300000, 0x0000000089300000, 0x0000000089400000|  0%| F|  |TAMS 0x0000000089300000, 0x0000000089300000| Untracked 
|  98|0x0000000089400000, 0x0000000089400000, 0x0000000089500000|  0%| F|  |TAMS 0x0000000089400000, 0x0000000089400000| Untracked 
|  99|0x0000000089500000, 0x0000000089500000, 0x0000000089600000|  0%| F|  |TAMS 0x0000000089500000, 0x0000000089500000| Untracked 
| 100|0x0000000089600000, 0x0000000089700000, 0x0000000089700000|100%| S|CS|TAMS 0x0000000089600000, 0x0000000089600000| Complete 
| 101|0x0000000089700000, 0x0000000089700000, 0x0000000089800000|  0%| F|  |TAMS 0x0000000089700000, 0x0000000089700000| Untracked 
| 102|0x0000000089800000, 0x0000000089800000, 0x0000000089900000|  0%| F|  |TAMS 0x0000000089800000, 0x0000000089800000| Untracked 
| 103|0x0000000089900000, 0x0000000089900000, 0x0000000089a00000|  0%| F|  |TAMS 0x0000000089900000, 0x0000000089900000| Untracked 
| 104|0x0000000089a00000, 0x0000000089a00000, 0x0000000089b00000|  0%| F|  |TAMS 0x0000000089a00000, 0x0000000089a00000| Untracked 
| 105|0x0000000089b00000, 0x0000000089b00000, 0x0000000089c00000|  0%| F|  |TAMS 0x0000000089b00000, 0x0000000089b00000| Untracked 
| 106|0x0000000089c00000, 0x0000000089c00000, 0x0000000089d00000|  0%| F|  |TAMS 0x0000000089c00000, 0x0000000089c00000| Untracked 
| 107|0x0000000089d00000, 0x0000000089d00000, 0x0000000089e00000|  0%| F|  |TAMS 0x0000000089d00000, 0x0000000089d00000| Untracked 
| 108|0x0000000089e00000, 0x0000000089e00000, 0x0000000089f00000|  0%| F|  |TAMS 0x0000000089e00000, 0x0000000089e00000| Untracked 
| 109|0x0000000089f00000, 0x0000000089f00000, 0x000000008a000000|  0%| F|  |TAMS 0x0000000089f00000, 0x0000000089f00000| Untracked 
| 110|0x000000008a000000, 0x000000008a000000, 0x000000008a100000|  0%| F|  |TAMS 0x000000008a000000, 0x000000008a000000| Untracked 
| 111|0x000000008a100000, 0x000000008a100000, 0x000000008a200000|  0%| F|  |TAMS 0x000000008a100000, 0x000000008a100000| Untracked 
| 112|0x000000008a200000, 0x000000008a200000, 0x000000008a300000|  0%| F|  |TAMS 0x000000008a200000, 0x000000008a200000| Untracked 
| 113|0x000000008a300000, 0x000000008a300000, 0x000000008a400000|  0%| F|  |TAMS 0x000000008a300000, 0x000000008a300000| Untracked 
| 114|0x000000008a400000, 0x000000008a400000, 0x000000008a500000|  0%| F|  |TAMS 0x000000008a400000, 0x000000008a400000| Untracked 
| 115|0x000000008a500000, 0x000000008a500000, 0x000000008a600000|  0%| F|  |TAMS 0x000000008a500000, 0x000000008a500000| Untracked 
| 116|0x000000008a600000, 0x000000008a600000, 0x000000008a700000|  0%| F|  |TAMS 0x000000008a600000, 0x000000008a600000| Untracked 
| 117|0x000000008a700000, 0x000000008a700000, 0x000000008a800000|  0%| F|  |TAMS 0x000000008a700000, 0x000000008a700000| Untracked 
| 118|0x000000008a800000, 0x000000008a800000, 0x000000008a900000|  0%| F|  |TAMS 0x000000008a800000, 0x000000008a800000| Untracked 
| 119|0x000000008a900000, 0x000000008a900000, 0x000000008aa00000|  0%| F|  |TAMS 0x000000008a900000, 0x000000008a900000| Untracked 
| 120|0x000000008aa00000, 0x000000008aa00000, 0x000000008ab00000|  0%| F|  |TAMS 0x000000008aa00000, 0x000000008aa00000| Untracked 
| 121|0x000000008ab00000, 0x000000008ab00000, 0x000000008ac00000|  0%| F|  |TAMS 0x000000008ab00000, 0x000000008ab00000| Untracked 
| 122|0x000000008ac00000, 0x000000008ac00000, 0x000000008ad00000|  0%| F|  |TAMS 0x000000008ac00000, 0x000000008ac00000| Untracked 
| 123|0x000000008ad00000, 0x000000008ad00000, 0x000000008ae00000|  0%| F|  |TAMS 0x000000008ad00000, 0x000000008ad00000| Untracked 
| 124|0x000000008ae00000, 0x000000008ae00000, 0x000000008af00000|  0%| F|  |TAMS 0x000000008ae00000, 0x000000008ae00000| Untracked 
| 125|0x000000008af00000, 0x000000008af00000, 0x000000008b000000|  0%| F|  |TAMS 0x000000008af00000, 0x000000008af00000| Untracked 
| 126|0x000000008b000000, 0x000000008b000000, 0x000000008b100000|  0%| F|  |TAMS 0x000000008b000000, 0x000000008b000000| Untracked 
| 127|0x000000008b100000, 0x000000008b100000, 0x000000008b200000|  0%| F|  |TAMS 0x000000008b100000, 0x000000008b100000| Untracked 
| 128|0x000000008b200000, 0x000000008b296de0, 0x000000008b300000| 58%| E|  |TAMS 0x000000008b200000, 0x000000008b200000| Complete 
| 129|0x000000008b300000, 0x000000008b400000, 0x000000008b400000|100%| E|CS|TAMS 0x000000008b300000, 0x000000008b300000| Complete 
| 130|0x000000008b400000, 0x000000008b500000, 0x000000008b500000|100%| E|CS|TAMS 0x000000008b400000, 0x000000008b400000| Complete 
| 131|0x000000008b500000, 0x000000008b600000, 0x000000008b600000|100%| E|CS|TAMS 0x000000008b500000, 0x000000008b500000| Complete 
| 132|0x000000008b600000, 0x000000008b700000, 0x000000008b700000|100%| E|CS|TAMS 0x000000008b600000, 0x000000008b600000| Complete 
| 133|0x000000008b700000, 0x000000008b800000, 0x000000008b800000|100%| E|CS|TAMS 0x000000008b700000, 0x000000008b700000| Complete 
| 134|0x000000008b800000, 0x000000008b900000, 0x000000008b900000|100%| E|CS|TAMS 0x000000008b800000, 0x000000008b800000| Complete 
| 135|0x000000008b900000, 0x000000008ba00000, 0x000000008ba00000|100%| E|CS|TAMS 0x000000008b900000, 0x000000008b900000| Complete 
| 136|0x000000008ba00000, 0x000000008bb00000, 0x000000008bb00000|100%| E|CS|TAMS 0x000000008ba00000, 0x000000008ba00000| Complete 
| 137|0x000000008bb00000, 0x000000008bc00000, 0x000000008bc00000|100%| E|CS|TAMS 0x000000008bb00000, 0x000000008bb00000| Complete 
| 138|0x000000008bc00000, 0x000000008bd00000, 0x000000008bd00000|100%| E|CS|TAMS 0x000000008bc00000, 0x000000008bc00000| Complete 
| 139|0x000000008bd00000, 0x000000008be00000, 0x000000008be00000|100%| E|CS|TAMS 0x000000008bd00000, 0x000000008bd00000| Complete 
| 140|0x000000008be00000, 0x000000008bf00000, 0x000000008bf00000|100%| E|CS|TAMS 0x000000008be00000, 0x000000008be00000| Complete 
| 141|0x000000008bf00000, 0x000000008c000000, 0x000000008c000000|100%| E|CS|TAMS 0x000000008bf00000, 0x000000008bf00000| Complete 
| 142|0x000000008c000000, 0x000000008c100000, 0x000000008c100000|100%| E|CS|TAMS 0x000000008c000000, 0x000000008c000000| Complete 
| 143|0x000000008c100000, 0x000000008c200000, 0x000000008c200000|100%| E|CS|TAMS 0x000000008c100000, 0x000000008c100000| Complete 
| 144|0x000000008c200000, 0x000000008c300000, 0x000000008c300000|100%| E|CS|TAMS 0x000000008c200000, 0x000000008c200000| Complete 
| 145|0x000000008c300000, 0x000000008c400000, 0x000000008c400000|100%| E|CS|TAMS 0x000000008c300000, 0x000000008c300000| Complete 
| 146|0x000000008c400000, 0x000000008c500000, 0x000000008c500000|100%| E|CS|TAMS 0x000000008c400000, 0x000000008c400000| Complete 
| 147|0x000000008c500000, 0x000000008c600000, 0x000000008c600000|100%| E|CS|TAMS 0x000000008c500000, 0x000000008c500000| Complete 
| 148|0x000000008c600000, 0x000000008c700000, 0x000000008c700000|100%| E|CS|TAMS 0x000000008c600000, 0x000000008c600000| Complete 
| 149|0x000000008c700000, 0x000000008c800000, 0x000000008c800000|100%| E|CS|TAMS 0x000000008c700000, 0x000000008c700000| Complete 
| 150|0x000000008c800000, 0x000000008c900000, 0x000000008c900000|100%| E|CS|TAMS 0x000000008c800000, 0x000000008c800000| Complete 
| 151|0x000000008c900000, 0x000000008ca00000, 0x000000008ca00000|100%| E|CS|TAMS 0x000000008c900000, 0x000000008c900000| Complete 
| 152|0x000000008ca00000, 0x000000008cb00000, 0x000000008cb00000|100%| E|CS|TAMS 0x000000008ca00000, 0x000000008ca00000| Complete 
| 153|0x000000008cb00000, 0x000000008cc00000, 0x000000008cc00000|100%| E|CS|TAMS 0x000000008cb00000, 0x000000008cb00000| Complete 
|1993|0x00000000ffb00000, 0x00000000ffc00000, 0x00000000ffc00000|100%| O|  |TAMS 0x00000000ffc00000, 0x00000000ffb00000| Untracked 
|1994|0x00000000ffc00000, 0x00000000ffd00000, 0x00000000ffd00000|100%| O|  |TAMS 0x00000000ffd00000, 0x00000000ffc00000| Untracked 
|1995|0x00000000ffd00000, 0x00000000ffe00000, 0x00000000ffe00000|100%| O|  |TAMS 0x00000000ffe00000, 0x00000000ffd00000| Untracked 
|1996|0x00000000ffe00000, 0x00000000fff00000, 0x00000000fff00000|100%| O|  |TAMS 0x00000000fff00000, 0x00000000ffe00000| Untracked 
|1997|0x00000000fff00000, 0x0000000100000000, 0x0000000100000000|100%| O|  |TAMS 0x0000000100000000, 0x00000000fff00000| Untracked 

Card table byte_map: [0x000001d6e1da0000,0x000001d6e2190000] _byte_map_base: 0x000001d6e1987000

Marking Bits (Prev, Next): (CMBitMap*) 0x000001d6caef9bd0, (CMBitMap*) 0x000001d6caef9c10
 Prev Bits: [0x000001d6e2580000, 0x000001d6e44b8000)
 Next Bits: [0x000001d6e44c0000, 0x000001d6e63f8000)

Polling page: 0x000001d6c8cc0000

Metaspace:

Usage:
  Non-class:     28.47 MB used.
      Class:      3.01 MB used.
       Both:     31.48 MB used.

Virtual space:
  Non-class space:       64.00 MB reserved,      28.69 MB ( 45%) committed,  1 nodes.
      Class space:        1.00 GB reserved,       3.25 MB ( <1%) committed,  1 nodes.
             Both:        1.06 GB reserved,      31.94 MB (  3%) committed. 

Chunk freelists:
   Non-Class:  2.47 MB
       Class:  12.59 MB
        Both:  15.06 MB

MaxMetaspaceSize: unlimited
CompressedClassSpaceSize: 1.00 GB
Initial GC threshold: 21.00 MB
Current GC threshold: 52.19 MB
CDS: on
MetaspaceReclaimPolicy: balanced
 - commit_granule_bytes: 65536.
 - commit_granule_words: 8192.
 - virtual_space_node_default_size: 8388608.
 - enlarge_chunks_in_place: 1.
 - new_chunks_are_fully_committed: 0.
 - uncommit_free_chunks: 1.
 - use_allocation_guard: 0.
 - handle_deallocations: 1.


Internal statistics:

num_allocs_failed_limit: 3.
num_arena_births: 572.
num_arena_deaths: 0.
num_vsnodes_births: 2.
num_vsnodes_deaths: 0.
num_space_committed: 509.
num_space_uncommitted: 0.
num_chunks_returned_to_freelist: 3.
num_chunks_taken_from_freelist: 1326.
num_chunk_merges: 3.
num_chunk_splits: 895.
num_chunks_enlarged: 609.
num_inconsistent_stats: 0.

CodeHeap 'non-profiled nmethods': size=120000Kb used=3132Kb max_used=3132Kb free=116867Kb
 bounds [0x000001d6da480000, 0x000001d6da790000, 0x000001d6e19b0000]
CodeHeap 'profiled nmethods': size=120000Kb used=6986Kb max_used=7794Kb free=113013Kb
 bounds [0x000001d6d29b0000, 0x000001d6d3150000, 0x000001d6d9ee0000]
CodeHeap 'non-nmethods': size=5760Kb used=2034Kb max_used=2106Kb free=3726Kb
 bounds [0x000001d6d9ee0000, 0x000001d6da150000, 0x000001d6da480000]
 total_blobs=5672 nmethods=4085 adapters=1499
 compilation: enabled
              stopped_count=0, restarted_count=0
 full_count=0

Compilation events (20 events):
Event: 8.636 Thread 0x000001d6e8c2b4e0 4871       4       com.xbuilders.engine.world.World::hasChunk (11 bytes)
Event: 8.641 Thread 0x000001d6e8c2b4e0 nmethod 4871 0x000001d6da78dd10 code [0x000001d6da78dec0, 0x000001d6da78e288]
Event: 8.653 Thread 0x000001d6e8c2b4e0 4872       4       com.xbuilders.engine.items.block.construction.BlockType::getCollisionBoxes (23 bytes)
Event: 8.655 Thread 0x000001d6e8c2b4e0 nmethod 4872 0x000001d6da78e610 code [0x000001d6da78e7c0, 0x000001d6da78e988]
Event: 8.656 Thread 0x000001d6e8c2b4e0 4873       4       com.xbuilders.engine.player.CursorRay$$Lambda$397/0x000001d68134efa0::shouldHitBlock (19 bytes)
Event: 8.657 Thread 0x000001d6e8c2b4e0 nmethod 4873 0x000001d6da78eb90 code [0x000001d6da78ed00, 0x000001d6da78ee38]
Event: 8.670 Thread 0x000001d6e8c2c730 4874       3       com.xbuilders.engine.utils.math.AABB::setY (22 bytes)
Event: 8.670 Thread 0x000001d6e8c2c730 nmethod 4874 0x000001d6d2cdf190 code [0x000001d6d2cdf320, 0x000001d6d2cdf4b8]
Event: 8.684 Thread 0x000001d6e8c2c730 4875       3       com.xbuilders.engine.utils.math.AABB::getXLength (16 bytes)
Event: 8.684 Thread 0x000001d6e8c2c730 nmethod 4875 0x000001d6d2cdee10 code [0x000001d6d2cdefa0, 0x000001d6d2cdf0d8]
Event: 8.684 Thread 0x000001d6e8c2c730 4876       3       com.xbuilders.engine.utils.math.AABB::getZLength (16 bytes)
Event: 8.685 Thread 0x000001d6e8c2c730 nmethod 4876 0x000001d6d2cdea90 code [0x000001d6d2cdec20, 0x000001d6d2cded58]
Event: 8.686 Thread 0x000001d6e8c2b4e0 4877       4       org.lwjgl.nuklear.NkRect::nh (14 bytes)
Event: 8.686 Thread 0x000001d6e8c2b4e0 nmethod 4877 0x000001d6da78ef90 code [0x000001d6da78f100, 0x000001d6da78f158]
Event: 8.701 Thread 0x000001d6e8c2c730 4878       3       java.lang.StrictMath::floor (12 bytes)
Event: 8.701 Thread 0x000001d6e8c2c730 nmethod 4878 0x000001d6d2cde710 code [0x000001d6d2cde8e0, 0x000001d6d2cdea08]
Event: 8.701 Thread 0x000001d6e8c2c730 4879       3       java.lang.Math::floor (5 bytes)
Event: 8.701 Thread 0x000001d6e8c2c730 nmethod 4879 0x000001d6d2cde390 code [0x000001d6d2cde520, 0x000001d6d2cde628]
Event: 8.735 Thread 0x000001d6e8c2c730 4880  s!   3       com.xbuilders.engine.utils.worldInteraction.collision.CollisionHandler::resolveCollisions (587 bytes)
Event: 8.737 Thread 0x000001d6e8c2c730 nmethod 4880 0x000001d6d2d1ec90 code [0x000001d6d2d1f240, 0x000001d6d2d22648]

GC Heap History (20 events):
Event: 4.316 GC heap before
{Heap before GC invocations=13 (full 1):
 garbage-first heap   total 56320K, used 36719K [0x0000000083200000, 0x0000000100000000)
  region size 1024K, 6 young (6144K), 1 survivors (1024K)
 Metaspace       used 31464K, committed 31872K, reserved 1114112K
  class space    used 3017K, committed 3200K, reserved 1048576K
}
Event: 4.321 GC heap after
{Heap after GC invocations=14 (full 1):
 garbage-first heap   total 56320K, used 37204K [0x0000000083200000, 0x0000000100000000)
  region size 1024K, 1 young (1024K), 1 survivors (1024K)
 Metaspace       used 31464K, committed 31872K, reserved 1114112K
  class space    used 3017K, committed 3200K, reserved 1048576K
}
Event: 4.330 GC heap before
{Heap before GC invocations=14 (full 1):
 garbage-first heap   total 56320K, used 39252K [0x0000000083200000, 0x0000000100000000)
  region size 1024K, 4 young (4096K), 1 survivors (1024K)
 Metaspace       used 31465K, committed 31872K, reserved 1114112K
  class space    used 3017K, committed 3200K, reserved 1048576K
}
Event: 4.332 GC heap after
{Heap after GC invocations=15 (full 1):
 garbage-first heap   total 112640K, used 39317K [0x0000000083200000, 0x0000000100000000)
  region size 1024K, 1 young (1024K), 1 survivors (1024K)
 Metaspace       used 31465K, committed 31872K, reserved 1114112K
  class space    used 3017K, committed 3200K, reserved 1048576K
}
Event: 4.391 GC heap before
{Heap before GC invocations=16 (full 1):
 garbage-first heap   total 112640K, used 61845K [0x0000000083200000, 0x0000000100000000)
  region size 1024K, 24 young (24576K), 1 survivors (1024K)
 Metaspace       used 31524K, committed 31936K, reserved 1114112K
  class space    used 3018K, committed 3200K, reserved 1048576K
}
Event: 4.399 GC heap after
{Heap after GC invocations=17 (full 1):
 garbage-first heap   total 112640K, used 61973K [0x0000000083200000, 0x0000000100000000)
  region size 1024K, 3 young (3072K), 3 survivors (3072K)
 Metaspace       used 31524K, committed 31936K, reserved 1114112K
  class space    used 3018K, committed 3200K, reserved 1048576K
}
Event: 4.854 GC heap before
{Heap before GC invocations=17 (full 1):
 garbage-first heap   total 112640K, used 73237K [0x0000000083200000, 0x0000000100000000)
  region size 1024K, 15 young (15360K), 3 survivors (3072K)
 Metaspace       used 31676K, committed 32064K, reserved 1114112K
  class space    used 3023K, committed 3200K, reserved 1048576K
}
Event: 4.856 GC heap after
{Heap after GC invocations=18 (full 1):
 garbage-first heap   total 112640K, used 62787K [0x0000000083200000, 0x0000000100000000)
  region size 1024K, 1 young (1024K), 1 survivors (1024K)
 Metaspace       used 31676K, committed 32064K, reserved 1114112K
  class space    used 3023K, committed 3200K, reserved 1048576K
}
Event: 5.036 GC heap before
{Heap before GC invocations=19 (full 1):
 garbage-first heap   total 112640K, used 76099K [0x0000000083200000, 0x0000000100000000)
  region size 1024K, 14 young (14336K), 1 survivors (1024K)
 Metaspace       used 31683K, committed 32064K, reserved 1114112K
  class space    used 3023K, committed 3200K, reserved 1048576K
}
Event: 5.037 GC heap after
{Heap after GC invocations=20 (full 1):
 garbage-first heap   total 112640K, used 63499K [0x0000000083200000, 0x0000000100000000)
  region size 1024K, 2 young (2048K), 2 survivors (2048K)
 Metaspace       used 31683K, committed 32064K, reserved 1114112K
  class space    used 3023K, committed 3200K, reserved 1048576K
}
Event: 5.236 GC heap before
{Heap before GC invocations=20 (full 1):
 garbage-first heap   total 112640K, used 78859K [0x0000000083200000, 0x0000000100000000)
  region size 1024K, 17 young (17408K), 2 survivors (2048K)
 Metaspace       used 31686K, committed 32064K, reserved 1114112K
  class space    used 3023K, committed 3200K, reserved 1048576K
}
Event: 5.237 GC heap after
{Heap after GC invocations=21 (full 1):
 garbage-first heap   total 112640K, used 63427K [0x0000000083200000, 0x0000000100000000)
  region size 1024K, 1 young (1024K), 1 survivors (1024K)
 Metaspace       used 31686K, committed 32064K, reserved 1114112K
  class space    used 3023K, committed 3200K, reserved 1048576K
}
Event: 5.347 GC heap before
{Heap before GC invocations=22 (full 1):
 garbage-first heap   total 112640K, used 79811K [0x0000000083200000, 0x0000000100000000)
  region size 1024K, 18 young (18432K), 1 survivors (1024K)
 Metaspace       used 31689K, committed 32064K, reserved 1114112K
  class space    used 3023K, committed 3200K, reserved 1048576K
}
Event: 5.349 GC heap after
{Heap after GC invocations=23 (full 1):
 garbage-first heap   total 162816K, used 63980K [0x0000000083200000, 0x0000000100000000)
  region size 1024K, 2 young (2048K), 2 survivors (2048K)
 Metaspace       used 31689K, committed 32064K, reserved 1114112K
  class space    used 3023K, committed 3200K, reserved 1048576K
}
Event: 5.619 GC heap before
{Heap before GC invocations=23 (full 1):
 garbage-first heap   total 162816K, used 112108K [0x0000000083200000, 0x0000000100000000)
  region size 1024K, 49 young (50176K), 2 survivors (2048K)
 Metaspace       used 31690K, committed 32064K, reserved 1114112K
  class space    used 3023K, committed 3200K, reserved 1048576K
}
Event: 5.621 GC heap after
{Heap after GC invocations=24 (full 1):
 garbage-first heap   total 162816K, used 64995K [0x0000000083200000, 0x0000000100000000)
  region size 1024K, 3 young (3072K), 3 survivors (3072K)
 Metaspace       used 31690K, committed 32064K, reserved 1114112K
  class space    used 3023K, committed 3200K, reserved 1048576K
}
Event: 5.841 GC heap before
{Heap before GC invocations=24 (full 1):
 garbage-first heap   total 162816K, used 117219K [0x0000000083200000, 0x0000000100000000)
  region size 1024K, 54 young (55296K), 3 survivors (3072K)
 Metaspace       used 31692K, committed 32064K, reserved 1114112K
  class space    used 3023K, committed 3200K, reserved 1048576K
}
Event: 5.843 GC heap after
{Heap after GC invocations=25 (full 1):
 garbage-first heap   total 162816K, used 66565K [0x0000000083200000, 0x0000000100000000)
  region size 1024K, 5 young (5120K), 5 survivors (5120K)
 Metaspace       used 31692K, committed 32064K, reserved 1114112K
  class space    used 3023K, committed 3200K, reserved 1048576K
}
Event: 6.080 GC heap before
{Heap before GC invocations=25 (full 1):
 garbage-first heap   total 162816K, used 120837K [0x0000000083200000, 0x0000000100000000)
  region size 1024K, 58 young (59392K), 5 survivors (5120K)
 Metaspace       used 31698K, committed 32064K, reserved 1114112K
  class space    used 3023K, committed 3200K, reserved 1048576K
}
Event: 6.083 GC heap after
{Heap after GC invocations=26 (full 1):
 garbage-first heap   total 162816K, used 67817K [0x0000000083200000, 0x0000000100000000)
  region size 1024K, 6 young (6144K), 6 survivors (6144K)
 Metaspace       used 31698K, committed 32064K, reserved 1114112K
  class space    used 3023K, committed 3200K, reserved 1048576K
}

Dll operation events (17 events):
Event: 0.015 Loaded shared library C:\Users\Patron\.jdks\corretto-17.0.13\bin\java.dll
Event: 0.029 Loaded shared library C:\Users\Patron\.jdks\corretto-17.0.13\bin\jsvml.dll
Event: 0.130 Loaded shared library C:\Users\Patron\.jdks\corretto-17.0.13\bin\zip.dll
Event: 0.132 Loaded shared library C:\Users\Patron\.jdks\corretto-17.0.13\bin\instrument.dll
Event: 0.138 Loaded shared library C:\Users\Patron\.jdks\corretto-17.0.13\bin\net.dll
Event: 0.142 Loaded shared library C:\Users\Patron\.jdks\corretto-17.0.13\bin\nio.dll
Event: 0.144 Loaded shared library C:\Users\Patron\.jdks\corretto-17.0.13\bin\zip.dll
Event: 0.210 Loaded shared library C:\Program Files\JetBrains\IntelliJ IDEA Community Edition 2024.3.1\bin\breakgen64.dll
Event: 0.219 Loaded shared library C:\Users\Patron\.jdks\corretto-17.0.13\bin\extnet.dll
Event: 0.243 Loaded shared library C:\Users\Patron\.jdks\corretto-17.0.13\bin\jimage.dll
Event: 0.261 Loaded shared library C:\Users\Patron\AppData\Local\Temp\lwjgl_Patron\3.3.2+13\x64\lwjgl.dll
Event: 0.367 Loaded shared library C:\Users\Patron\.jdks\corretto-17.0.13\bin\awt.dll
Event: 0.526 Loaded shared library C:\Users\Patron\.jdks\corretto-17.0.13\bin\verify.dll
Event: 0.965 Loaded shared library C:\Users\Patron\AppData\Local\Temp\lwjgl_Patron\3.3.2+13\x64\lwjgl_opengl.dll
Event: 1.057 Loaded shared library C:\Users\Patron\AppData\Local\Temp\lwjgl_Patron\3.3.2+13\x64\lwjgl_nuklear.dll
Event: 1.089 Loaded shared library C:\Users\Patron\AppData\Local\Temp\lwjgl_Patron\3.3.2+13\x64\lwjgl_stb.dll
Event: 3.548 Loaded shared library C:\Users\Patron\.jdks\corretto-17.0.13\bin\sunmscapi.dll

Deoptimization events (20 events):
Event: 7.869 Thread 0x000001d6caea0920 Uncommon trap: trap_request=0xffffffbe fr.pc=0x000001d6da78099c relative=0x00000000000002dc
Event: 7.869 Thread 0x000001d6caea0920 Uncommon trap: reason=profile_predicate action=maybe_recompile pc=0x000001d6da78099c method=org.lwjgl.system.MemoryUtil.memLengthUTF8(Ljava/lang/CharSequence;Z)I @ 25 c2
Event: 7.869 Thread 0x000001d6caea0920 DEOPT PACKING pc=0x000001d6da78099c sp=0x00000094b1eff1b0
Event: 7.869 Thread 0x000001d6caea0920 DEOPT UNPACKING pc=0x000001d6d9f369a3 sp=0x00000094b1eff138 mode 2
Event: 7.869 Thread 0x000001d6caea0920 Uncommon trap: trap_request=0xffffffbe fr.pc=0x000001d6da781538 relative=0x0000000000000378
Event: 7.869 Thread 0x000001d6caea0920 Uncommon trap: reason=profile_predicate action=maybe_recompile pc=0x000001d6da781538 method=org.lwjgl.system.MemoryUtil.encodeUTF8Unsafe(Ljava/lang/CharSequence;ZJ)I @ 18 c2
Event: 7.869 Thread 0x000001d6caea0920 DEOPT PACKING pc=0x000001d6da781538 sp=0x00000094b1eff1a0
Event: 7.869 Thread 0x000001d6caea0920 DEOPT UNPACKING pc=0x000001d6d9f369a3 sp=0x00000094b1eff120 mode 2
Event: 7.869 Thread 0x000001d6caea0920 Uncommon trap: trap_request=0xffffffbe fr.pc=0x000001d6da78099c relative=0x00000000000002dc
Event: 7.869 Thread 0x000001d6caea0920 Uncommon trap: reason=profile_predicate action=maybe_recompile pc=0x000001d6da78099c method=org.lwjgl.system.MemoryUtil.memLengthUTF8(Ljava/lang/CharSequence;Z)I @ 25 c2
Event: 7.869 Thread 0x000001d6caea0920 DEOPT PACKING pc=0x000001d6da78099c sp=0x00000094b1eff160
Event: 7.869 Thread 0x000001d6caea0920 DEOPT UNPACKING pc=0x000001d6d9f369a3 sp=0x00000094b1eff0e8 mode 2
Event: 7.870 Thread 0x000001d6caea0920 Uncommon trap: trap_request=0xffffffbe fr.pc=0x000001d6da781538 relative=0x0000000000000378
Event: 7.870 Thread 0x000001d6caea0920 Uncommon trap: reason=profile_predicate action=maybe_recompile pc=0x000001d6da781538 method=org.lwjgl.system.MemoryUtil.encodeUTF8Unsafe(Ljava/lang/CharSequence;ZJ)I @ 18 c2
Event: 7.870 Thread 0x000001d6caea0920 DEOPT PACKING pc=0x000001d6da781538 sp=0x00000094b1eff150
Event: 7.870 Thread 0x000001d6caea0920 DEOPT UNPACKING pc=0x000001d6d9f369a3 sp=0x00000094b1eff0d0 mode 2
Event: 7.973 Thread 0x000001d6caea0920 DEOPT PACKING pc=0x000001d6d2bbf87b sp=0x00000094b1eff2b0
Event: 7.973 Thread 0x000001d6caea0920 DEOPT UNPACKING pc=0x000001d6d9f37143 sp=0x00000094b1efe768 mode 0
Event: 8.452 Thread 0x000001d6caea0920 DEOPT PACKING pc=0x000001d6d2bbe54a sp=0x00000094b1eff310
Event: 8.452 Thread 0x000001d6caea0920 DEOPT UNPACKING pc=0x000001d6d9f37143 sp=0x00000094b1efe7e8 mode 0

Classes loaded (20 events):
Event: 4.265 Loading class java/util/zip/GZIPInputStream
Event: 4.265 Loading class java/util/zip/GZIPInputStream done
Event: 4.267 Loading class java/util/zip/CheckedInputStream
Event: 4.267 Loading class java/util/zip/CheckedInputStream done
Event: 4.282 Loading class java/util/zip/GZIPInputStream$1
Event: 4.284 Loading class java/util/zip/GZIPInputStream$1 done
Event: 4.741 Loading class java/util/concurrent/Executors$RunnableAdapter
Event: 4.741 Loading class java/util/concurrent/Executors$RunnableAdapter done
Event: 6.048 Loading class java/text/DigitList$1
Event: 6.048 Loading class java/text/DigitList$1 done
Event: 7.024 Loading class java/math/MathContext
Event: 7.024 Loading class java/math/MathContext done
Event: 7.735 Loading class java/awt/MouseInfo
Event: 7.735 Loading class java/awt/MouseInfo done
Event: 7.735 Loading class sun/awt/windows/WMouseInfoPeer
Event: 7.735 Loading class java/awt/peer/MouseInfoPeer
Event: 7.735 Loading class java/awt/peer/MouseInfoPeer done
Event: 7.735 Loading class sun/awt/windows/WMouseInfoPeer done
Event: 7.735 Loading class java/awt/PointerInfo
Event: 7.735 Loading class java/awt/PointerInfo done

Classes unloaded (0 events):
No events

Classes redefined (0 events):
No events

Internal exceptions (20 events):
Event: 3.199 Thread 0x000001d6caea0920 Exception <a 'java/lang/NoSuchMethodError'{0x0000000084e74770}: 'void java.lang.invoke.DirectMethodHandle$Holder.invokeStatic(java.lang.Object, java.lang.Object, java.lang.Object, int, int, int)'> (0x0000000084e74770) 
thrown [s\src\hotspot\share\interpreter\linkResolver.cpp, line 759]
Event: 3.284 Thread 0x000001d6caea0920 Exception <a 'java/lang/NoSuchMethodError'{0x0000000084b4d860}: 'int java.lang.invoke.DirectMethodHandle$Holder.invokeStatic(java.lang.Object, long, int)'> (0x0000000084b4d860) 
thrown [s\src\hotspot\share\interpreter\linkResolver.cpp, line 759]
Event: 3.414 Thread 0x000001d6caea0920 Exception <a 'sun/nio/fs/WindowsException'{0x00000000849ba560}> (0x00000000849ba560) 
thrown [s\src\hotspot\share\prims\jni.cpp, line 516]
Event: 3.420 Thread 0x000001d6caea0920 Exception <a 'java/lang/NoSuchMethodError'{0x00000000849dcea8}: 'int java.lang.invoke.DirectMethodHandle$Holder.invokeStatic(java.lang.Object, java.lang.Object, java.lang.Object, java.lang.Object)'> (0x00000000849dcea8) 
thrown [s\src\hotspot\share\interpreter\linkResolver.cpp, line 759]
Event: 3.420 Thread 0x000001d6caea0920 Exception <a 'java/lang/NoSuchMethodError'{0x00000000849e06b0}: 'int java.lang.invoke.DirectMethodHandle$Holder.invokeStaticInit(java.lang.Object, java.lang.Object, java.lang.Object, java.lang.Object)'> (0x00000000849e06b0) 
thrown [s\src\hotspot\share\interpreter\linkResolver.cpp, line 759]
Event: 3.420 Thread 0x000001d6caea0920 Exception <a 'java/lang/NoSuchMethodError'{0x00000000849e9c30}: 'java.lang.Object java.lang.invoke.DirectMethodHandle$Holder.invokeInterface(java.lang.Object, java.lang.Object)'> (0x00000000849e9c30) 
thrown [s\src\hotspot\share\interpreter\linkResolver.cpp, line 759]
Event: 3.421 Thread 0x000001d6caea0920 Exception <a 'java/lang/IncompatibleClassChangeError'{0x00000000849ed428}: Found class java.lang.Object, but interface was expected> (0x00000000849ed428) 
thrown [s\src\hotspot\share\interpreter\linkResolver.cpp, line 826]
Event: 3.421 Thread 0x000001d6caea0920 Exception <a 'java/lang/NoSuchMethodError'{0x00000000849f0728}: 'void java.lang.invoke.DirectMethodHandle$Holder.invokeStaticInit(java.lang.Object, java.lang.Object)'> (0x00000000849f0728) 
thrown [s\src\hotspot\share\interpreter\linkResolver.cpp, line 759]
Event: 3.421 Thread 0x000001d6caea0920 Exception <a 'java/lang/NoSuchMethodError'{0x00000000849f6490}: 'int java.lang.invoke.DirectMethodHandle$Holder.invokeStaticInit(java.lang.Object, java.lang.Object)'> (0x00000000849f6490) 
thrown [s\src\hotspot\share\interpreter\linkResolver.cpp, line 759]
Event: 3.513 Thread 0x000001d6caea0920 Exception <a 'java/lang/NoSuchMethodError'{0x000000008421bcb8}: 'java.lang.Object java.lang.invoke.DirectMethodHandle$Holder.invokeStaticInit(java.lang.Object, java.lang.Object, int, int, int, int)'> (0x000000008421bcb8) 
thrown [s\src\hotspot\share\interpreter\linkResolver.cpp, line 759]
Event: 3.978 Thread 0x000001d6caea0920 Exception <a 'java/lang/NoSuchMethodError'{0x00000000895ca828}: 'java.lang.Object java.lang.invoke.DirectMethodHandle$Holder.invokeVirtual(java.lang.Object, java.lang.Object, java.lang.Object, java.lang.Object)'> (0x00000000895ca828) 
thrown [s\src\hotspot\share\interpreter\linkResolver.cpp, line 759]
Event: 4.308 Thread 0x000001d6c79591d0 Exception <a 'java/lang/NoSuchMethodError'{0x000000008afb2800}: 'void java.lang.invoke.DirectMethodHandle$Holder.invokeStatic(java.lang.Object, java.lang.Object, java.lang.Object, java.lang.Object)'> (0x000000008afb2800) 
thrown [s\src\hotspot\share\interpreter\linkResolver.cpp, line 759]
Event: 7.056 Thread 0x000001d6caea0920 Exception <a 'java/lang/NoSuchMethodError'{0x000000008bc89ce0}: 'java.lang.Object java.lang.invoke.DirectMethodHandle$Holder.newInvokeSpecial(java.lang.Object, java.lang.Object, java.lang.Object, int)'> (0x000000008bc89ce0) 
thrown [s\src\hotspot\share\interpreter\linkResolver.cpp, line 759]
Event: 7.056 Thread 0x000001d6caea0920 Exception <a 'java/lang/NoSuchMethodError'{0x000000008bc8de18}: 'java.lang.Object java.lang.invoke.DirectMethodHandle$Holder.invokeSpecial(java.lang.Object, java.lang.Object, java.lang.Object, java.lang.Object, int)'> (0x000000008bc8de18) 
thrown [s\src\hotspot\share\interpreter\linkResolver.cpp, line 759]
Event: 7.056 Thread 0x000001d6caea0920 Exception <a 'java/lang/NoSuchMethodError'{0x000000008bca66c0}: 'java.lang.Object java.lang.invoke.Invokers$Holder.linkToTargetMethod(java.lang.Object, java.lang.Object, int, java.lang.Object)'> (0x000000008bca66c0) 
thrown [s\src\hotspot\share\interpreter\linkResolver.cpp, line 759]
Event: 7.078 Thread 0x000001d6caea0920 Exception <a 'java/lang/NoSuchMethodError'{0x000000008bcdcb40}: 'java.lang.Object java.lang.invoke.DirectMethodHandle$Holder.invokeStatic(java.lang.Object, float)'> (0x000000008bcdcb40) 
thrown [s\src\hotspot\share\interpreter\linkResolver.cpp, line 759]
Event: 7.078 Thread 0x000001d6caea0920 Exception <a 'java/lang/NoSuchMethodError'{0x000000008bce11d0}: 'java.lang.Object java.lang.invoke.DirectMethodHandle$Holder.invokeSpecial(java.lang.Object, java.lang.Object, float)'> (0x000000008bce11d0) 
thrown [s\src\hotspot\share\interpreter\linkResolver.cpp, line 759]
Event: 7.079 Thread 0x000001d6caea0920 Exception <a 'java/lang/NoSuchMethodError'{0x000000008bcf0b70}: 'java.lang.Object java.lang.invoke.DirectMethodHandle$Holder.invokeSpecial(java.lang.Object, java.lang.Object, java.lang.Object, java.lang.Object, float)'> (0x000000008bcf0b70) 
thrown [s\src\hotspot\share\interpreter\linkResolver.cpp, line 759]
Event: 7.742 Thread 0x000001d6caea0920 Exception <a 'java/lang/NoSuchMethodError'{0x000000008b8f6340}: 'java.lang.Object java.lang.invoke.DirectMethodHandle$Holder.invokeSpecial(java.lang.Object, java.lang.Object, int, int, int, int)'> (0x000000008b8f6340) 
thrown [s\src\hotspot\share\interpreter\linkResolver.cpp, line 759]
Event: 7.742 Thread 0x000001d6caea0920 Exception <a 'java/lang/NoSuchMethodError'{0x000000008b8f99a0}: 'java.lang.Object java.lang.invoke.Invokers$Holder.linkToTargetMethod(int, int, int, int, java.lang.Object)'> (0x000000008b8f99a0) 
thrown [s\src\hotspot\share\interpreter\linkResolver.cpp, line 759]

VM Operations (20 events):
Event: 4.872 Executing VM operation: G1PauseCleanup
Event: 4.872 Executing VM operation: G1PauseCleanup done
Event: 5.036 Executing VM operation: G1CollectForAllocation
Event: 5.037 Executing VM operation: G1CollectForAllocation done
Event: 5.236 Executing VM operation: G1CollectForAllocation
Event: 5.237 Executing VM operation: G1CollectForAllocation done
Event: 5.247 Executing VM operation: G1PauseRemark
Event: 5.249 Executing VM operation: G1PauseRemark done
Event: 5.253 Executing VM operation: G1PauseCleanup
Event: 5.253 Executing VM operation: G1PauseCleanup done
Event: 5.347 Executing VM operation: G1CollectForAllocation
Event: 5.349 Executing VM operation: G1CollectForAllocation done
Event: 5.619 Executing VM operation: G1CollectForAllocation
Event: 5.621 Executing VM operation: G1CollectForAllocation done
Event: 5.841 Executing VM operation: G1CollectForAllocation
Event: 5.843 Executing VM operation: G1CollectForAllocation done
Event: 6.080 Executing VM operation: G1CollectForAllocation
Event: 6.083 Executing VM operation: G1CollectForAllocation done
Event: 8.086 Executing VM operation: Cleanup
Event: 8.086 Executing VM operation: Cleanup done

Memory protections (0 events):
No events

Nmethod flushes (20 events):
Event: 4.324 Thread 0x000001d6e8c41d20 flushing  nmethod 0x000001d6d30ec290
Event: 4.324 Thread 0x000001d6e8c41d20 flushing  nmethod 0x000001d6d30eea10
Event: 4.324 Thread 0x000001d6e8c41d20 flushing  nmethod 0x000001d6d30f2110
Event: 4.324 Thread 0x000001d6e8c41d20 flushing  nmethod 0x000001d6d30f2810
Event: 4.324 Thread 0x000001d6e8c41d20 flushing  nmethod 0x000001d6d311dd10
Event: 4.324 Thread 0x000001d6e8c41d20 flushing  nmethod 0x000001d6d311e210
Event: 4.324 Thread 0x000001d6e8c41d20 flushing  nmethod 0x000001d6d311e810
Event: 4.324 Thread 0x000001d6e8c41d20 flushing  nmethod 0x000001d6d311ec10
Event: 4.324 Thread 0x000001d6e8c41d20 flushing  nmethod 0x000001d6d311f190
Event: 4.324 Thread 0x000001d6e8c41d20 flushing  nmethod 0x000001d6d3121010
Event: 4.324 Thread 0x000001d6e8c41d20 flushing  nmethod 0x000001d6d3127e90
Event: 4.324 Thread 0x000001d6e8c41d20 flushing  nmethod 0x000001d6d3128210
Event: 4.324 Thread 0x000001d6e8c41d20 flushing  nmethod 0x000001d6d3133a10
Event: 4.324 Thread 0x000001d6e8c41d20 flushing  nmethod 0x000001d6d3133e10
Event: 4.324 Thread 0x000001d6e8c41d20 flushing  nmethod 0x000001d6d3135890
Event: 4.324 Thread 0x000001d6e8c41d20 flushing  nmethod 0x000001d6d3135e10
Event: 4.324 Thread 0x000001d6e8c41d20 flushing  nmethod 0x000001d6d3136690
Event: 4.324 Thread 0x000001d6e8c41d20 flushing  nmethod 0x000001d6d3136f90
Event: 4.324 Thread 0x000001d6e8c41d20 flushing  nmethod 0x000001d6d3137a10
Event: 4.324 Thread 0x000001d6e8c41d20 flushing  nmethod 0x000001d6d3137f90

Events (20 events):
Event: 4.014 Thread 0x000001d6caea0920 Thread added: 0x000001d6f0b41ce0
Event: 4.015 Thread 0x000001d6caea0920 Thread added: 0x000001d6f0b42c10
Event: 4.015 Thread 0x000001d6caea0920 Thread added: 0x000001d6f0b3fe80
Event: 4.016 Thread 0x000001d6e8c2c730 Thread added: 0x000001d6c7afe460
Event: 4.016 Thread 0x000001d6caea0920 Thread added: 0x000001d6f0b412c0
Event: 4.016 Thread 0x000001d6caea0920 Thread added: 0x000001d6f0b421f0
Event: 4.017 Thread 0x000001d6caea0920 Thread added: 0x000001d6f0b42700
Event: 4.017 Thread 0x000001d6caea0920 Thread added: 0x000001d6f0b3f460
Event: 4.018 Thread 0x000001d6caea0920 Thread added: 0x000001d6c795b540
Event: 4.018 Thread 0x000001d6caea0920 Thread added: 0x000001d6c79582a0
Event: 4.019 Thread 0x000001d6caea0920 Thread added: 0x000001d6c79591d0
Event: 4.022 Thread 0x000001d6caea0920 Thread added: 0x000001d6c7957370
Event: 4.022 Thread 0x000001d6caea0920 Thread added: 0x000001d6c795bf60
Event: 4.742 Thread 0x000001d6caea0920 Thread added: 0x000001d6c795ba50
Event: 4.756 Thread 0x000001d6caea0920 Thread added: 0x000001d6c79596e0
Event: 6.566 Thread 0x000001d6c7afe460 Thread exited: 0x000001d6c7afe460
Event: 7.091 Thread 0x000001d6e8c2c730 Thread added: 0x000001d6f081ecc0
Event: 7.486 Thread 0x000001d6f081ecc0 Thread exited: 0x000001d6f081ecc0
Event: 7.747 Thread 0x000001d6e8c2c730 Thread added: 0x000001d6f081ecc0
Event: 8.102 Thread 0x000001d6f081ecc0 Thread exited: 0x000001d6f081ecc0


Dynamic libraries:
0x00007ff7e0630000 - 0x00007ff7e063e000 	C:\Users\Patron\.jdks\corretto-17.0.13\bin\java.exe
0x00007ffcd7fd0000 - 0x00007ffcd81e7000 	C:\WINDOWS\SYSTEM32\ntdll.dll
0x00007ffcd70a0000 - 0x00007ffcd7164000 	C:\WINDOWS\System32\KERNEL32.DLL
0x00007ffcd5460000 - 0x00007ffcd5819000 	C:\WINDOWS\System32\KERNELBASE.dll
0x00007ffcd17f0000 - 0x00007ffcd1887000 	C:\WINDOWS\SYSTEM32\apphelp.dll
0x00007ffcd5a60000 - 0x00007ffcd5b71000 	C:\WINDOWS\System32\ucrtbase.dll
0x00007ffccef40000 - 0x00007ffccef57000 	C:\Users\Patron\.jdks\corretto-17.0.13\bin\jli.dll
0x00007ffccef20000 - 0x00007ffccef3b000 	C:\Users\Patron\.jdks\corretto-17.0.13\bin\VCRUNTIME140.dll
0x00007ffcd72b0000 - 0x00007ffcd745e000 	C:\WINDOWS\System32\USER32.dll
0x00007ffcb7940000 - 0x00007ffcb7bd2000 	C:\WINDOWS\WinSxS\amd64_microsoft.windows.common-controls_6595b64144ccf1df_6.0.22621.4391_none_2715d37f73803e96\COMCTL32.dll
0x00007ffcd5c40000 - 0x00007ffcd5c66000 	C:\WINDOWS\System32\win32u.dll
0x00007ffcd5d50000 - 0x00007ffcd5df7000 	C:\WINDOWS\System32\msvcrt.dll
0x00007ffcd7170000 - 0x00007ffcd7199000 	C:\WINDOWS\System32\GDI32.dll
0x00007ffcd52d0000 - 0x00007ffcd53eb000 	C:\WINDOWS\System32\gdi32full.dll
0x00007ffcd5990000 - 0x00007ffcd5a2a000 	C:\WINDOWS\System32\msvcp_win.dll
0x00007ffcd5cf0000 - 0x00007ffcd5d21000 	C:\WINDOWS\System32\IMM32.DLL
0x000001d6c8ce0000 - 0x000001d6c8cf4000 	C:\WINDOWS\System32\umppc18721.dll
0x000001d6c8d20000 - 0x000001d6c8d32000 	C:\WINDOWS\System32\CsXumd64_18721.dll
0x00007ffcd2510000 - 0x00007ffcd251c000 	C:\Users\Patron\.jdks\corretto-17.0.13\bin\vcruntime140_1.dll
0x00007ffccbda0000 - 0x00007ffccbe2d000 	C:\Users\Patron\.jdks\corretto-17.0.13\bin\msvcp140.dll
0x00007ffc97ed0000 - 0x00007ffc98b3c000 	C:\Users\Patron\.jdks\corretto-17.0.13\bin\server\jvm.dll
0x00007ffcd7550000 - 0x00007ffcd7602000 	C:\WINDOWS\System32\ADVAPI32.dll
0x00007ffcd5e00000 - 0x00007ffcd5ea7000 	C:\WINDOWS\System32\sechost.dll
0x00007ffcd5a30000 - 0x00007ffcd5a58000 	C:\WINDOWS\System32\bcrypt.dll
0x00007ffcd6e80000 - 0x00007ffcd6f94000 	C:\WINDOWS\System32\RPCRT4.dll
0x00007ffcd7470000 - 0x00007ffcd74e1000 	C:\WINDOWS\System32\WS2_32.dll
0x00007ffcd50f0000 - 0x00007ffcd513d000 	C:\WINDOWS\SYSTEM32\POWRPROF.dll
0x00007ffccf110000 - 0x00007ffccf144000 	C:\WINDOWS\SYSTEM32\WINMM.dll
0x00007ffcd1d80000 - 0x00007ffcd1d8a000 	C:\WINDOWS\SYSTEM32\VERSION.dll
0x00007ffcd4fd0000 - 0x00007ffcd4fe3000 	C:\WINDOWS\SYSTEM32\UMPDC.dll
0x00007ffcd4310000 - 0x00007ffcd4328000 	C:\WINDOWS\SYSTEM32\kernel.appcore.dll
0x00007ffcd24e0000 - 0x00007ffcd24ea000 	C:\Users\Patron\.jdks\corretto-17.0.13\bin\jimage.dll
0x00007ffcc1b90000 - 0x00007ffcc1dc2000 	C:\WINDOWS\SYSTEM32\DBGHELP.DLL
0x00007ffcd76f0000 - 0x00007ffcd7a7f000 	C:\WINDOWS\System32\combase.dll
0x00007ffcd6090000 - 0x00007ffcd6167000 	C:\WINDOWS\System32\OLEAUT32.dll
0x00007ffcc4150000 - 0x00007ffcc4182000 	C:\WINDOWS\SYSTEM32\dbgcore.DLL
0x00007ffcd5c70000 - 0x00007ffcd5ceb000 	C:\WINDOWS\System32\bcryptPrimitives.dll
0x00007ffccef10000 - 0x00007ffccef1e000 	C:\Users\Patron\.jdks\corretto-17.0.13\bin\instrument.dll
0x00007ffcceee0000 - 0x00007ffccef05000 	C:\Users\Patron\.jdks\corretto-17.0.13\bin\java.dll
0x00007ffcb5a40000 - 0x00007ffcb5b17000 	C:\Users\Patron\.jdks\corretto-17.0.13\bin\jsvml.dll
0x00007ffcd64e0000 - 0x00007ffcd6d56000 	C:\WINDOWS\System32\SHELL32.dll
0x00007ffcd3210000 - 0x00007ffcd3b13000 	C:\WINDOWS\SYSTEM32\windows.storage.dll
0x00007ffcd30d0000 - 0x00007ffcd320f000 	C:\WINDOWS\SYSTEM32\wintypes.dll
0x00007ffcd6fa0000 - 0x00007ffcd7099000 	C:\WINDOWS\System32\SHCORE.dll
0x00007ffcd7610000 - 0x00007ffcd766e000 	C:\WINDOWS\System32\shlwapi.dll
0x00007ffcd5200000 - 0x00007ffcd522b000 	C:\WINDOWS\SYSTEM32\profapi.dll
0x00007ffccc440000 - 0x00007ffccc458000 	C:\Users\Patron\.jdks\corretto-17.0.13\bin\zip.dll
0x00007ffccc700000 - 0x00007ffccc719000 	C:\Users\Patron\.jdks\corretto-17.0.13\bin\net.dll
0x00007ffcd1890000 - 0x00007ffcd19c6000 	C:\WINDOWS\SYSTEM32\WINHTTP.dll
0x00007ffcd4790000 - 0x00007ffcd47f9000 	C:\WINDOWS\system32\mswsock.dll
0x00007ffccc460000 - 0x00007ffccc476000 	C:\Users\Patron\.jdks\corretto-17.0.13\bin\nio.dll
0x00007ffccc420000 - 0x00007ffccc43a000 	C:\Program Files\JetBrains\IntelliJ IDEA Community Edition 2024.3.1\bin\breakgen64.dll
0x00007ffcceed0000 - 0x00007ffcceed9000 	C:\Users\Patron\.jdks\corretto-17.0.13\bin\extnet.dll
0x00007ffcafc60000 - 0x00007ffcafcda000 	C:\Users\Patron\AppData\Local\Temp\lwjgl_Patron\3.3.2+13\x64\lwjgl.dll
0x00007ffc97c60000 - 0x00007ffc97ed0000 	C:\Users\Patron\AppData\Local\Temp\lwjgl_Patron\3.3.2+13\x64\jemalloc.dll
0x00007ffc97ad0000 - 0x00007ffc97c60000 	C:\Users\Patron\.jdks\corretto-17.0.13\bin\awt.dll
0x00007ffcd2b50000 - 0x00007ffcd2b7b000 	C:\WINDOWS\system32\DWMAPI.DLL
0x00007ffcd2810000 - 0x00007ffcd28c1000 	C:\WINDOWS\system32\uxtheme.dll
0x00007ffca8c00000 - 0x00007ffca8d00000 	C:\WINDOWS\system32\opengl32.dll
0x00007ffcaa660000 - 0x00007ffcaa68d000 	C:\WINDOWS\SYSTEM32\GLU32.dll
0x00007ffcd2900000 - 0x00007ffcd2937000 	C:\WINDOWS\SYSTEM32\dxcore.dll
0x00007ffcd5eb0000 - 0x00007ffcd6010000 	C:\WINDOWS\System32\MSCTF.dll
0x00007ffcd6330000 - 0x00007ffcd64d5000 	C:\WINDOWS\System32\ole32.dll
0x00007ffccc330000 - 0x00007ffccc340000 	C:\Users\Patron\.jdks\corretto-17.0.13\bin\verify.dll
0x00007ffcafbd0000 - 0x00007ffcafc52000 	C:\Users\Patron\AppData\Local\Temp\lwjgl_Patron\3.3.2+13\x64\glfw.dll
0x00007ffcc4d90000 - 0x00007ffcc4dd6000 	C:\WINDOWS\SYSTEM32\dinput8.dll
0x00007ffccbd80000 - 0x00007ffccbd91000 	C:\WINDOWS\SYSTEM32\xinput1_4.dll
0x00007ffcd4f40000 - 0x00007ffcd4f8e000 	C:\WINDOWS\SYSTEM32\cfgmgr32.dll
0x00007ffcd4f10000 - 0x00007ffcd4f3c000 	C:\WINDOWS\SYSTEM32\DEVOBJ.dll
0x00007ffcb38d0000 - 0x00007ffcb3ae3000 	C:\WINDOWS\SYSTEM32\inputhost.dll
0x00007ffcd0f00000 - 0x00007ffcd1033000 	C:\WINDOWS\SYSTEM32\CoreMessaging.dll
0x00007ffcd4a00000 - 0x00007ffcd4a0c000 	C:\WINDOWS\SYSTEM32\CRYPTBASE.DLL
0x00007ffcbe5d0000 - 0x00007ffcbe5e7000 	C:\WINDOWS\system32\napinsp.dll
0x00007ffcbe5f0000 - 0x00007ffcbe60b000 	C:\WINDOWS\system32\pnrpnsp.dll
0x00007ffcd3db0000 - 0x00007ffcd3eb2000 	C:\WINDOWS\SYSTEM32\DNSAPI.dll
0x00007ffcd3d80000 - 0x00007ffcd3dad000 	C:\WINDOWS\SYSTEM32\IPHLPAPI.DLL
0x00007ffcd7460000 - 0x00007ffcd7469000 	C:\WINDOWS\System32\NSI.dll
0x00007ffcbe610000 - 0x00007ffcbe621000 	C:\WINDOWS\System32\winrnr.dll
0x00007ffcbef40000 - 0x00007ffcbef55000 	C:\WINDOWS\system32\wshbth.dll
0x00007ffcbe4b0000 - 0x00007ffcbe4d7000 	C:\WINDOWS\system32\nlansp_c.dll
0x00007ffccd9a0000 - 0x00007ffccd9aa000 	C:\Windows\System32\rasadhlp.dll
0x00007ffccedd0000 - 0x00007ffccee53000 	C:\WINDOWS\System32\fwpuclnt.dll
0x00007ffcc5bf0000 - 0x00007ffcc5c39000 	C:\WINDOWS\SYSTEM32\directxdatabasehelper.dll
0x00007ffcd7200000 - 0x00007ffcd72b0000 	C:\WINDOWS\System32\clbcatq.dll
0x00007ffccd550000 - 0x00007ffccd694000 	C:\Windows\System32\AppXDeploymentClient.dll
0x00007ffc850b0000 - 0x00007ffc860df000 	C:\WINDOWS\System32\DriverStore\FileRepository\iigd_dch.inf_amd64_fbef37f5b63dca79\ig9icd64.dll
0x00007ffcd2950000 - 0x00007ffcd2a47000 	C:\WINDOWS\system32\dxgi.dll
0x00007ffc97200000 - 0x00007ffc974da000 	C:\WINDOWS\System32\DriverStore\FileRepository\iigd_dch.inf_amd64_fbef37f5b63dca79\igdml64.dll
0x00007ffcbcce0000 - 0x00007ffcbd0c9000 	C:\WINDOWS\System32\DriverStore\FileRepository\iigd_dch.inf_amd64_fbef37f5b63dca79\igdgmm64.dll
0x00007ffcb95a0000 - 0x00007ffcbccd7000 	C:\WINDOWS\System32\DriverStore\FileRepository\iigd_dch.inf_amd64_fbef37f5b63dca79\igc64.dll
0x00007ffcb5940000 - 0x00007ffcb599e000 	C:\Users\Patron\AppData\Local\Temp\lwjgl_Patron\3.3.2+13\x64\lwjgl_opengl.dll
0x00007ffcabb20000 - 0x00007ffcabb93000 	C:\Users\Patron\AppData\Local\Temp\lwjgl_Patron\3.3.2+13\x64\lwjgl_nuklear.dll
0x00007ffca4430000 - 0x00007ffca44b2000 	C:\Users\Patron\AppData\Local\Temp\lwjgl_Patron\3.3.2+13\x64\lwjgl_stb.dll
0x00007ffcd1f70000 - 0x00007ffcd202c000 	C:\WINDOWS\SYSTEM32\mscms.dll
0x00007ffcb5830000 - 0x00007ffcb5879000 	C:\WINDOWS\SYSTEM32\icm32.dll
0x00007ffcd49e0000 - 0x00007ffcd49fb000 	C:\WINDOWS\SYSTEM32\CRYPTSP.dll
0x00007ffcd4270000 - 0x00007ffcd42a5000 	C:\WINDOWS\system32\rsaenh.dll
0x00007ffcd4880000 - 0x00007ffcd48a8000 	C:\WINDOWS\SYSTEM32\USERENV.dll
0x00007ffcd1290000 - 0x00007ffcd12a9000 	C:\WINDOWS\SYSTEM32\dhcpcsvc6.DLL
0x00007ffcd1220000 - 0x00007ffcd123f000 	C:\WINDOWS\SYSTEM32\dhcpcsvc.DLL
0x00007ffccc3a0000 - 0x00007ffccc3ae000 	C:\Users\Patron\.jdks\corretto-17.0.13\bin\sunmscapi.dll
0x00007ffcd5820000 - 0x00007ffcd5986000 	C:\WINDOWS\System32\CRYPT32.dll
0x00007ffcd4ba0000 - 0x00007ffcd4bcd000 	C:\WINDOWS\SYSTEM32\ncrypt.dll
0x00007ffcd4b60000 - 0x00007ffcd4b97000 	C:\WINDOWS\SYSTEM32\NTASN1.dll
0x00007ffcb4760000 - 0x00007ffcb48a5000 	C:\WINDOWS\SYSTEM32\textinputframework.dll
0x00007ffcc0590000 - 0x00007ffcc08fd000 	C:\WINDOWS\SYSTEM32\CoreUIComponents.dll
0x00007ffcc9840000 - 0x00007ffcc98a9000 	C:\WINDOWS\system32\Oleacc.dll

dbghelp: loaded successfully - version: 4.0.5 - missing functions: none
symbol engine: initialized successfully - sym options: 0x614 - pdb path: .;C:\Users\Patron\.jdks\corretto-17.0.13\bin;C:\WINDOWS\SYSTEM32;C:\WINDOWS\WinSxS\amd64_microsoft.windows.common-controls_6595b64144ccf1df_6.0.22621.4391_none_2715d37f73803e96;C:\Users\Patron\.jdks\corretto-17.0.13\bin\server;C:\Program Files\JetBrains\IntelliJ IDEA Community Edition 2024.3.1\bin;C:\Users\Patron\AppData\Local\Temp\lwjgl_Patron\3.3.2+13\x64;C:\WINDOWS\System32\DriverStore\FileRepository\iigd_dch.inf_amd64_fbef37f5b63dca79

VM Arguments:
jvm_args: -javaagent:C:\Program Files\JetBrains\IntelliJ IDEA Community Edition 2024.3.1\lib\idea_rt.jar=56751:C:\Program Files\JetBrains\IntelliJ IDEA Community Edition 2024.3.1\bin -Dfile.encoding=UTF-8 
java_command: com.xbuilders.Main devmode loadWorldOnStartup
java_class_path (initial): C:\Users\Patron\Documents\GitHub\Xbuilders\target\classes;C:\Users\Patron\.m2\repository\com\fasterxml\jackson\dataformat\jackson-dataformat-smile\2.18.1\jackson-dataformat-smile-2.18.1.jar;C:\Users\Patron\.m2\repository\com\fasterxml\jackson\core\jackson-core\2.18.1\jackson-core-2.18.1.jar;C:\Users\Patron\.m2\repository\com\fasterxml\jackson\core\jackson-databind\2.18.1\jackson-databind-2.18.1.jar;C:\Users\Patron\.m2\repository\com\fasterxml\jackson\core\jackson-annotations\2.18.1\jackson-annotations-2.18.1.jar;C:\Users\Patron\.m2\repository\com\google\code\gson\gson\2.10.1\gson-2.10.1.jar;C:\Users\Patron\.m2\repository\org\lwjgl\lwjgl\3.3.2\lwjgl-3.3.2.jar;C:\Users\Patron\.m2\repository\org\lwjgl\lwjgl-assimp\3.3.2\lwjgl-assimp-3.3.2.jar;C:\Users\Patron\.m2\repository\org\lwjgl\lwjgl-bgfx\3.3.2\lwjgl-bgfx-3.3.2.jar;C:\Users\Patron\.m2\repository\org\lwjgl\lwjgl-cuda\3.3.2\lwjgl-cuda-3.3.2.jar;C:\Users\Patron\.m2\repository\org\lwjgl\lwjgl-egl\3.3.2\lwjgl-egl-3.3.2.jar;C:\Users\Patron\.m2\repository\org\lwjgl\lwjgl-fmod\3.3.2\lwjgl-fmod-3.3.2.jar;C:\Users\Patron\.m2\repository\org\lwjgl\lwjgl-freetype\3.3.2\lwjgl-freetype-3.3.2.jar;C:\Users\Patron\.m2\repository\org\lwjgl\lwjgl-glfw\3.3.2\lwjgl-glfw-3.3.2.jar;C:\Users\Patron\.m2\repository\org\lwjgl\lwjgl-harfbuzz\3.3.2\lwjgl-harfbuzz-3.3.2.jar;C:\Users\Patron\.m2\repository\org\lwjgl\lwjgl-hwloc\3.3.2\lwjgl-hwloc-3.3.2.jar;C:\Users\Patron\.m2\repository\org\lwjgl\lwjgl-jawt\3.3.2\lwjgl-jawt-3.3.2.jar;C:\Users\Patron\.m2\repository\org\lwjgl\lwjgl-jemalloc\3.3.2\lwjgl-jemalloc-3.3.2.jar;C:\Users\Patron\.m2\repository\org\lwjgl\lwjgl-ktx\3.3.2\lwjgl-ktx-3.3.2.jar;C:\Users\Patron\.m2\repository\org\lwjgl\lwjgl-libdivide\3.3.2\lwjgl-libdivide-3.3.2.jar;C:\Users\Patron\.m2\repository\org\lwjgl\lwjgl-llvm\3.3.2\lwjgl-llvm-3.3.2.jar;C:\Users\Patron\.m2\repository\org\lwjgl\lwjgl-lmdb\3.3.2\lwjgl-lmdb-3.3.2.jar;C:\Users\Patron\.m2\repository\org\lwjgl\lwjgl-lz4\3.3.2\lwjgl-lz4-3.3.2.jar;C:\Use
Launcher Type: SUN_STANDARD

[Global flags]
     intx CICompilerCount                          = 3                                         {product} {ergonomic}
     uint ConcGCThreads                            = 2                                         {product} {ergonomic}
     uint G1ConcRefinementThreads                  = 6                                         {product} {ergonomic}
   size_t G1HeapRegionSize                         = 1048576                                   {product} {ergonomic}
    uintx GCDrainStackTargetSize                   = 64                                        {product} {ergonomic}
   size_t InitialHeapSize                          = 132120576                                 {product} {ergonomic}
   size_t MarkStackSize                            = 4194304                                   {product} {ergonomic}
   size_t MaxHeapSize                              = 2095054848                                {product} {ergonomic}
   size_t MaxNewSize                               = 1256194048                                {product} {ergonomic}
   size_t MinHeapDeltaBytes                        = 1048576                                   {product} {ergonomic}
   size_t MinHeapSize                              = 8388608                                   {product} {ergonomic}
    uintx NonNMethodCodeHeapSize                   = 5832780                                {pd product} {ergonomic}
    uintx NonProfiledCodeHeapSize                  = 122912730                              {pd product} {ergonomic}
    uintx ProfiledCodeHeapSize                     = 122912730                              {pd product} {ergonomic}
    uintx ReservedCodeCacheSize                    = 251658240                              {pd product} {ergonomic}
     bool SegmentedCodeCache                       = true                                      {product} {ergonomic}
   size_t SoftMaxHeapSize                          = 2095054848                             {manageable} {ergonomic}
     bool UseCompressedClassPointers               = true                           {product lp64_product} {ergonomic}
     bool UseCompressedOops                        = true                           {product lp64_product} {ergonomic}
     bool UseG1GC                                  = true                                      {product} {ergonomic}
     bool UseLargePagesIndividualAllocation        = false                                  {pd product} {ergonomic}

Logging:
Log output configuration:
 #0: stdout all=warning uptime,level,tags
 #1: stderr all=off uptime,level,tags

Environment Variables:
JAVA_HOME=C:\Program Files\Eclipse Adoptium\jre-8.0.432.6-hotspot\
PATH=C:\Program Files\Eclipse Adoptium\jre-8.0.432.6-hotspot\bin;C:\WINDOWS\system32;C:\WINDOWS;C:\WINDOWS\System32\Wbem;C:\WINDOWS\System32\WindowsPowerShell\v1.0\;C:\WINDOWS\System32\OpenSSH\;:\Program Files\Novell\ZENworks;C:\Program Files (x86)\InstallShield\AdminStudio\5.5\ConflictSolver;C:\Users\Patron\AppData\Local\Microsoft\WindowsApps;
USERNAME=Patron
OS=Windows_NT
PROCESSOR_IDENTIFIER=Intel64 Family 6 Model 158 Stepping 10, GenuineIntel
TMP=C:\Users\Patron\AppData\Local\Temp
TEMP=C:\Users\Patron\AppData\Local\Temp



Periodic native trim disabled


---------------  S Y S T E M  ---------------

OS:
 Windows 11 , 64 bit Build 22621 (10.0.22621.4391)
OS uptime: 0 days 5:37 hours

CPU: total 6 (initial active 6) (6 cores per cpu, 1 threads per core) family 6 model 158 stepping 10 microcode 0xf4, cx8, cmov, fxsr, mmx, 3dnowpref, sse, sse2, sse3, ssse3, sse4.1, sse4.2, popcnt, lzcnt, tsc, tscinvbit, avx, avx2, aes, erms, clmul, bmi1, bmi2, rtm, adx, fma, vzeroupper, clflush, clflushopt
Processor Information for all 6 processors :
  Max Mhz: 3000, Current Mhz: 3000, Mhz Limit: 3000

Memory: 4k page, system-wide physical 7987M (876M free)
TotalPageFile size 12012M (AvailPageFile size 1327M)
current process WorkingSet (physical memory assigned to process): 679M, peak: 689M
current process commit charge ("private bytes"): 738M, peak: 750M

vm_info: OpenJDK 64-Bit Server VM (17.0.13+11-LTS) for windows-amd64 JRE (17.0.13+11-LTS), built on Oct 10 2024 19:51:30 by "Administrator" with MS VC++ 16.10 / 16.11 (VS2019)

END.
